Output file: output/wt_090600.root input file:/disk03/lowe10/sk7/sle/lomugd.090600.root
 Id of this manager : 10
InitReadRoot: total = 510692
RUNINFO found in the rare list
SK geometry setting: 6
***** Dummy rgetvalue was called. (Remote File Access is not supported) *****
==========WT:========== 0 0 0
0/510692
Sec_Event 745470 N50: 51
T: -0.0400051 Q: -0.0486633
T: -0.154835 Q: inf
T: -0.264405 Q: inf
T: -0.365385 Q: -0.0135743
T: -0.454708 Q: inf
T: -0.529658 Q: -0.00478503
T: -0.587959 Q: -0.00384451
T: -0.627839 Q: inf
T: -0.648087 Q: inf
T: -0.648087 Q: -0.00280482
T: -0.627839 Q: inf
T: -0.587959 Q: -0.00380398
T: -0.529658 Q: -0.00603957
T: -0.454708 Q: -0.00554854
T: -0.365385 Q: -0.00527726
T: -0.264405 Q: -0.00483556
T: -0.154835 Q: -0.00680674
T: -0.0400051 Q: inf
T: 0.0765967 Q: -0.0054894
T: 0.191427 Q: inf
T: 0.300997 Q: -0.00657269
T: 0.401977 Q: -0.00573437
T: 0.491299 Q: -0.0103739
T: 0.566249 Q: -0.0166083
T: 0.62455 Q: -0.0307166
T: 0.66443 Q: -0.0464105
T: 0.684678 Q: -0.0743848
T: 0.684678 Q: inf
T: 0.66443 Q: inf
T: 0.62455 Q: inf
T: 0.566249 Q: -0.086337
T: 0.491299 Q: -0.072846
T: 0.401977 Q: inf
T: 0.300997 Q: -0.0573781
T: 0.191427 Q: -0.0567982
T: 0.0765967 Q: -0.0532464
Sec_Event 1242505 N50: 33
T: 0.369486 Q: inf
T: 0.274485 Q: -0.00938654
T: 0.183835 Q: -0.00799072
T: 0.100292 Q: -0.00564042
T: 0.0263939 Q: -0.00649242
T: -0.035614 Q: -0.00483253
T: -0.0838476 Q: -0.00340022
T: -0.116841 Q: -0.00227473
T: -0.133593 Q: -0.00228119
T: -0.133593 Q: inf
T: -0.116841 Q: inf
T: -0.0838476 Q: -0.00342678
T: -0.035614 Q: -0.00236548
T: 0.0263939 Q: inf
T: 0.100292 Q: -0.00411547
T: 0.183835 Q: -0.00266504
T: 0.274485 Q: inf
T: 0.369486 Q: -0.00284943
T: 0.465953 Q: inf
T: 0.560955 Q: -0.00322498
T: 0.651605 Q: -0.00334252
T: 0.735148 Q: -0.00379843
T: 0.809046 Q: inf
T: 0.871054 Q: inf
T: 0.919287 Q: -0.0251208
T: 0.952281 Q: -0.0254387
T: 0.969032 Q: -0.0249472
T: 0.969032 Q: inf
T: 0.952281 Q: -0.0249715
T: 0.919287 Q: -0.0268375
T: 0.871054 Q: inf
T: 0.809046 Q: -0.0347038
T: 0.735148 Q: -0.03535
T: 0.651605 Q: inf
T: 0.560955 Q: -0.0237599
T: 0.465953 Q: inf
Sec_Event 1839488 N50: 31
T: 0.459792 Q: -0.00299022
T: 0.375201 Q: inf
T: 0.294485 Q: inf
T: 0.220097 Q: inf
T: 0.154296 Q: -0.00665038
T: 0.0990834 Q: -0.00768811
T: 0.0561353 Q: -0.0090994
T: 0.0267571 Q: inf
T: 0.0118413 Q: inf
T: 0.0118413 Q: -0.0129334
T: 0.0267571 Q: -0.020647
T: 0.0561353 Q: -0.0194189
T: 0.0990834 Q: -0.0191812
T: 0.154296 Q: -0.0227531
T: 0.220097 Q: -0.0280928
T: 0.294485 Q: -0.0308506
T: 0.375201 Q: -0.0362805
T: 0.459792 Q: -0.0462884
T: 0.545688 Q: inf
T: 0.63028 Q: -0.072717
T: 0.710996 Q: inf
T: 0.785384 Q: inf
T: 0.851184 Q: -0.048401
T: 0.906397 Q: inf
T: 0.949345 Q: -0.0379172
T: 0.978723 Q: -0.0323577
T: 0.993639 Q: -0.0322393
T: 0.993639 Q: inf
T: 0.978723 Q: -0.0460324
T: 0.949345 Q: -0.0439161
T: 0.906397 Q: -0.0188325
T: 0.851184 Q: -0.0148573
T: 0.785384 Q: inf
T: 0.710996 Q: inf
T: 0.63028 Q: inf
T: 0.545688 Q: inf
Sec_Event 2048393 N50: 30
T: 0.288962 Q: -0.0174057
T: 0.186886 Q: inf
T: 0.0894865 Q: inf
T: -0.000277363 Q: -0.0181956
T: -0.0796781 Q: -0.0136042
T: -0.146303 Q: inf
T: -0.198128 Q: -0.0145685
T: -0.233579 Q: inf
T: -0.251578 Q: inf
T: -0.251578 Q: -0.00962607
T: -0.233579 Q: -0.00586429
T: -0.198128 Q: -0.0092887
T: -0.146303 Q: -0.00619389
T: -0.0796781 Q: inf
T: -0.000277363 Q: -0.00538177
T: 0.0894865 Q: -0.00641722
T: 0.186886 Q: inf
T: 0.288962 Q: -0.00663139
T: 0.392612 Q: inf
T: 0.494688 Q: inf
T: 0.592087 Q: -0.00926893
T: 0.681851 Q: -0.0101982
T: 0.761252 Q: -0.0145693
T: 0.827877 Q: inf
T: 0.879702 Q: -0.0140261
T: 0.915152 Q: -0.0155328
T: 0.933151 Q: inf
T: 0.933151 Q: -0.0144313
T: 0.915152 Q: inf
T: 0.879702 Q: inf
T: 0.827877 Q: -0.0212588
T: 0.761252 Q: inf
T: 0.681851 Q: -0.0398471
T: 0.592087 Q: -0.0270302
T: 0.494688 Q: -0.0298055
T: 0.392612 Q: -0.0201516
Sec_Event 2048393 N50: 30
T: -0.478239 Q: -0.0129544
T: -0.571844 Q: -0.0149526
T: -0.661161 Q: -0.0174264
T: -0.743476 Q: -0.0262637
T: -0.816288 Q: -0.0288197
T: -0.877384 Q: inf
T: -0.924909 Q: -0.0220586
T: -0.957418 Q: -0.0199891
T: -0.973923 Q: -0.0198591
T: -0.973923 Q: -0.0200045
T: -0.957418 Q: inf
T: -0.924909 Q: -0.0218707
T: -0.877384 Q: -0.0256526
T: -0.816288 Q: -0.0382848
T: -0.743476 Q: -0.0406083
T: -0.661161 Q: -0.0383886
T: -0.571844 Q: inf
T: -0.478239 Q: -0.031893
T: -0.38319 Q: -0.0284127
T: -0.289585 Q: -0.0257
T: -0.200268 Q: -0.0229853
T: -0.117953 Q: -0.0264426
T: -0.0451413 Q: -0.0230246
T: 0.015955 Q: -0.0198349
T: 0.0634796 Q: -0.0276712
T: 0.0959883 Q: -0.0189685
T: 0.112493 Q: inf
T: 0.112493 Q: inf
T: 0.0959883 Q: -0.0266491
T: 0.0634796 Q: -0.0144906
T: 0.015955 Q: -0.0123288
T: -0.0451413 Q: -0.0193616
T: -0.117953 Q: -0.0113135
T: -0.200268 Q: -0.0124046
T: -0.289585 Q: -0.0101351
T: -0.38319 Q: -0.0135692
Sec_Event 2048393 N50: 30
T: -0.111034 Q: -0.025156
T: -0.225608 Q: inf
T: -0.334934 Q: -0.031444
T: -0.435688 Q: -0.0304239
T: -0.524811 Q: -0.0358549
T: -0.599594 Q: -0.0422487
T: -0.657765 Q: inf
T: -0.697556 Q: inf
T: -0.717759 Q: -0.0489865
T: -0.717759 Q: -0.0462145
T: -0.697556 Q: -0.045971
T: -0.657765 Q: inf
T: -0.599594 Q: inf
T: -0.524811 Q: inf
T: -0.435688 Q: -0.0257811
T: -0.334934 Q: -0.0206752
T: -0.225608 Q: -0.0211698
T: -0.111034 Q: inf
T: 0.00530766 Q: -0.0217418
T: 0.119882 Q: -0.017045
T: 0.229207 Q: -0.0187602
T: 0.329962 Q: -0.0259098
T: 0.419085 Q: -0.0268929
T: 0.493868 Q: inf
T: 0.552039 Q: inf
T: 0.59183 Q: inf
T: 0.612033 Q: inf
T: 0.612033 Q: -0.0403385
T: 0.59183 Q: -0.0319258
T: 0.552039 Q: -0.0352736
T: 0.493868 Q: -0.039442
T: 0.419085 Q: -0.0400135
T: 0.329962 Q: -0.031285
T: 0.229207 Q: -0.030682
T: 0.119882 Q: -0.024594
T: 0.00530766 Q: -0.0266762
Sec_Event 2070400 N50: 46
T: 0.571748 Q: -0.00708375
T: 0.505165 Q: inf
T: 0.441631 Q: inf
T: 0.383079 Q: -0.00334527
T: 0.331286 Q: -0.00150232
T: 0.287826 Q: -0.00415106
T: 0.254021 Q: -0.000914507
T: 0.230897 Q: -0.000524872
T: 0.219156 Q: -0.000347655
T: 0.219156 Q: -0.00128304
T: 0.230897 Q: -0.000344944
T: 0.254021 Q: -0.000803529
T: 0.287826 Q: -0.000677725
T: 0.331286 Q: -0.000609718
T: 0.383079 Q: -0.00150318
T: 0.441631 Q: inf
T: 0.505165 Q: -0.000809124
T: 0.571748 Q: -0.00188171
T: 0.639359 Q: -0.00324734
T: 0.705943 Q: -0.00336399
T: 0.769476 Q: inf
T: 0.828029 Q: -0.00416042
T: 0.879822 Q: -0.0045891
T: 0.923281 Q: inf
T: 0.957086 Q: inf
T: 0.980211 Q: inf
T: 0.991951 Q: -0.00272343
T: 0.991951 Q: inf
T: 0.980211 Q: -0.00265708
T: 0.957086 Q: -0.00381462
T: 0.923281 Q: inf
T: 0.879822 Q: -0.00554666
T: 0.828029 Q: inf
T: 0.769476 Q: inf
T: 0.705943 Q: -0.0114166
T: 0.639359 Q: inf
Sec_Event 2070400 N50: 36
T: 0.709072 Q: -0.0120645
T: 0.682294 Q: -0.0090007
T: 0.656742 Q: -0.0101768
T: 0.633193 Q: -0.0109616
T: 0.612363 Q: -0.0122965
T: 0.594885 Q: -0.0134997
T: 0.581289 Q: inf
T: 0.571989 Q: inf
T: 0.567267 Q: -0.0128718
T: 0.567267 Q: -0.0117559
T: 0.571989 Q: -0.0074953
T: 0.581289 Q: inf
T: 0.594885 Q: -0.00632134
T: 0.612363 Q: inf
T: 0.633193 Q: -0.00590647
T: 0.656742 Q: -0.00320869
T: 0.682294 Q: -0.0084876
T: 0.709072 Q: -0.00228728
T: 0.736264 Q: inf
T: 0.763042 Q: -0.00236928
T: 0.788594 Q: -0.00624213
T: 0.812143 Q: -0.00252935
T: 0.832973 Q: inf
T: 0.850451 Q: inf
T: 0.864047 Q: -0.00408366
T: 0.873347 Q: inf
T: 0.878069 Q: -0.00372825
T: 0.878069 Q: inf
T: 0.873347 Q: -0.00421476
T: 0.864047 Q: -0.00531464
T: 0.850451 Q: -0.00581349
T: 0.832973 Q: -0.00675227
T: 0.812143 Q: -0.00577802
T: 0.788594 Q: -0.0058402
T: 0.763042 Q: -0.00759313
T: 0.736264 Q: -0.00847799
Sec_Event 2627098 N50: 31
T: -0.741862 Q: -0.0585749
T: -0.761996 Q: inf
T: -0.781207 Q: -0.0533065
T: -0.798912 Q: -0.0540032
T: -0.814574 Q: -0.0559117
T: -0.827715 Q: inf
T: -0.837937 Q: -0.0390655
T: -0.844929 Q: -0.0336581
T: -0.84848 Q: -0.0240486
T: -0.84848 Q: inf
T: -0.844929 Q: -0.0218825
T: -0.837937 Q: inf
T: -0.827715 Q: inf
T: -0.814574 Q: inf
T: -0.798912 Q: -0.00651741
T: -0.781207 Q: -0.00541395
T: -0.761996 Q: -0.00534053
T: -0.741862 Q: -0.004626
T: -0.721418 Q: inf
T: -0.701284 Q: -0.00507425
T: -0.682072 Q: -0.00954153
T: -0.664367 Q: -0.00972019
T: -0.648706 Q: -0.00882839
T: -0.635565 Q: -0.0114061
T: -0.625342 Q: -0.0152417
T: -0.61835 Q: -0.0211184
T: -0.6148 Q: -0.0227839
T: -0.6148 Q: inf
T: -0.61835 Q: -0.0400791
T: -0.625342 Q: -0.0489744
T: -0.635565 Q: -0.0492311
T: -0.648706 Q: -0.0506793
T: -0.664367 Q: inf
T: -0.682072 Q: -0.0588959
T: -0.701284 Q: -0.0638345
T: -0.721418 Q: -0.0609566
Sec_Event 3266649 N50: 27
T: 0.259585 Q: -0.015236
T: 0.155369 Q: -0.016978
T: 0.0559268 Q: -0.0186959
T: -0.0357192 Q: -0.01236
T: -0.116785 Q: inf
T: -0.184807 Q: -0.0164255
T: -0.237719 Q: -0.0167925
T: -0.273913 Q: -0.0144733
T: -0.292289 Q: -0.016369
T: -0.292289 Q: -0.0204272
T: -0.273913 Q: -0.0173395
T: -0.237719 Q: -0.0169751
T: -0.184807 Q: -0.0181578
T: -0.116785 Q: -0.0196553
T: -0.0357192 Q: -0.0188287
T: 0.0559268 Q: inf
T: 0.155369 Q: inf
T: 0.259585 Q: -0.0199978
T: 0.365408 Q: -0.0237846
T: 0.469624 Q: -0.0303268
T: 0.569066 Q: -0.0333336
T: 0.660712 Q: -0.0523161
T: 0.741778 Q: -0.0612593
T: 0.8098 Q: -0.0890792
T: 0.862712 Q: -0.0903848
T: 0.898906 Q: -0.0646279
T: 0.917282 Q: -0.0751884
T: 0.917282 Q: inf
T: 0.898906 Q: -0.0654504
T: 0.862712 Q: -0.0757982
T: 0.8098 Q: inf
T: 0.741778 Q: -0.0488115
T: 0.660712 Q: -0.0336742
T: 0.569066 Q: -0.0257501
T: 0.469624 Q: -0.015799
T: 0.365408 Q: inf
Sec_Event 3733310 N50: 40
T: -0.389001 Q: -0.0356907
T: -0.491375 Q: inf
T: -0.589059 Q: inf
T: -0.679085 Q: inf
T: -0.758717 Q: -0.0640174
T: -0.825537 Q: -0.0660241
T: -0.877513 Q: -0.0511861
T: -0.913067 Q: inf
T: -0.931118 Q: inf
T: -0.931118 Q: inf
T: -0.913067 Q: -0.0547242
T: -0.877513 Q: inf
T: -0.825537 Q: inf
T: -0.758717 Q: inf
T: -0.679085 Q: -0.0171962
T: -0.589059 Q: -0.0111674
T: -0.491375 Q: -0.0151404
T: -0.389001 Q: -0.00756602
T: -0.285049 Q: -0.00476873
T: -0.182675 Q: -0.00647194
T: -0.0849912 Q: -0.00525439
T: 0.00503466 Q: -0.00890412
T: 0.0846672 Q: -0.0067809
T: 0.151487 Q: -0.00916531
T: 0.203463 Q: inf
T: 0.239017 Q: inf
T: 0.257068 Q: -0.00853554
T: 0.257068 Q: -0.012703
T: 0.239017 Q: inf
T: 0.203463 Q: -0.0201111
T: 0.151487 Q: -0.0190527
T: 0.0846672 Q: -0.0187742
T: 0.00503466 Q: inf
T: -0.0849912 Q: inf
T: -0.182675 Q: -0.0208508
T: -0.285049 Q: -0.0233332
Sec_Event 4386971 N50: 25
T: 0.450641 Q: -0.0199522
T: 0.364856 Q: inf
T: 0.283 Q: -0.0222416
T: 0.207561 Q: -0.0216954
T: 0.140832 Q: -0.0222631
T: 0.0848394 Q: -0.0251924
T: 0.0412849 Q: inf
T: 0.0114919 Q: -0.0234206
T: -0.00363447 Q: inf
T: -0.00363447 Q: -0.0292597
T: 0.0114919 Q: -0.0220732
T: 0.0412849 Q: -0.0201106
T: 0.0848394 Q: -0.0214166
T: 0.140832 Q: -0.0245258
T: 0.207561 Q: -0.0241172
T: 0.283 Q: inf
T: 0.364856 Q: inf
T: 0.450641 Q: -0.0169978
T: 0.53775 Q: -0.0174437
T: 0.623536 Q: -0.014628
T: 0.705392 Q: -0.010956
T: 0.78083 Q: -0.00812584
T: 0.84756 Q: inf
T: 0.903552 Q: -0.00521257
T: 0.947107 Q: inf
T: 0.9769 Q: -0.00517335
T: 0.992026 Q: -0.0035272
T: 0.992026 Q: -0.00547744
T: 0.9769 Q: -0.00371922
T: 0.947107 Q: inf
T: 0.903552 Q: -0.00477066
T: 0.84756 Q: -0.00564912
T: 0.78083 Q: -0.00666553
T: 0.705392 Q: -0.0135968
T: 0.623536 Q: -0.0147154
T: 0.53775 Q: -0.0160573
100000/510692
Sec_Event 5000295 N50: 30
T: -0.744283 Q: -0.00339904
T: -0.759604 Q: -0.00138287
T: -0.774223 Q: -0.000790753
T: -0.787696 Q: -0.000993005
T: -0.799613 Q: -0.00160778
T: -0.809613 Q: -0.000488889
T: -0.817392 Q: inf
T: -0.822712 Q: -0.00278091
T: -0.825414 Q: -0.00267931
T: -0.825414 Q: -0.00245746
T: -0.822712 Q: inf
T: -0.817392 Q: inf
T: -0.809613 Q: inf
T: -0.799613 Q: -0.0446389
T: -0.787696 Q: -0.0540097
T: -0.774223 Q: inf
T: -0.759604 Q: inf
T: -0.744283 Q: inf
T: -0.728726 Q: -0.0756249
T: -0.713406 Q: inf
T: -0.698787 Q: -0.0858305
T: -0.685314 Q: inf
T: -0.673396 Q: -0.0857349
T: -0.663397 Q: -0.0941118
T: -0.655618 Q: inf
T: -0.650297 Q: -0.086671
T: -0.647596 Q: -0.0634108
T: -0.647596 Q: -0.0563107
T: -0.650297 Q: -0.0553838
T: -0.655618 Q: -0.0370195
T: -0.663397 Q: inf
T: -0.673396 Q: -0.0176223
T: -0.685314 Q: -0.011482
T: -0.698787 Q: -0.00988388
T: -0.713406 Q: -0.00279953
T: -0.728726 Q: inf
Sec_Event 6607766 N50: 45
T: -0.0252299 Q: inf
T: -0.139982 Q: inf
T: -0.249476 Q: -0.0257369
T: -0.350387 Q: -0.0271945
T: -0.439648 Q: -0.0302315
T: -0.514547 Q: inf
T: -0.572808 Q: inf
T: -0.612661 Q: -0.0177387
T: -0.632895 Q: -0.0114817
T: -0.632895 Q: -0.00784248
T: -0.612661 Q: -0.00432777
T: -0.572808 Q: inf
T: -0.514547 Q: inf
T: -0.439648 Q: -0.00108928
T: -0.350387 Q: -0.00227509
T: -0.249476 Q: -0.000557015
T: -0.139982 Q: -0.000886873
T: -0.0252299 Q: -0.000951787
T: 0.0912919 Q: inf
T: 0.206044 Q: inf
T: 0.315538 Q: -0.000263178
T: 0.416449 Q: -0.00115465
T: 0.50571 Q: -0.00114839
T: 0.580609 Q: inf
T: 0.63887 Q: -0.00197242
T: 0.678723 Q: -0.00236445
T: 0.698957 Q: -0.00218472
T: 0.698957 Q: inf
T: 0.678723 Q: -0.00235391
T: 0.63887 Q: -0.00273173
T: 0.580609 Q: -0.0042168
T: 0.50571 Q: -0.00618879
T: 0.416449 Q: inf
T: 0.315538 Q: inf
T: 0.206044 Q: -0.0253414
T: 0.0912919 Q: inf
Sec_Event 6654724 N50: 26
T: -0.187232 Q: -0.0328008
T: -0.300331 Q: -0.0331945
T: -0.408249 Q: -0.0323981
T: -0.507707 Q: -0.0481346
T: -0.595682 Q: -0.051522
T: -0.669503 Q: -0.0564307
T: -0.726925 Q: -0.0570352
T: -0.766203 Q: -0.053593
T: -0.786146 Q: inf
T: -0.786146 Q: inf
T: -0.766203 Q: -0.0525683
T: -0.726925 Q: inf
T: -0.669503 Q: inf
T: -0.595682 Q: -0.0255834
T: -0.507707 Q: -0.0195966
T: -0.408249 Q: inf
T: -0.300331 Q: -0.0219624
T: -0.187232 Q: -0.0257125
T: -0.0723877 Q: -0.0142124
T: 0.0407115 Q: -0.0122718
T: 0.14863 Q: inf
T: 0.248087 Q: -0.0213164
T: 0.336063 Q: -0.0206663
T: 0.409883 Q: -0.0225054
T: 0.467305 Q: -0.022942
T: 0.506584 Q: inf
T: 0.526527 Q: -0.0197583
T: 0.526527 Q: inf
T: 0.506584 Q: -0.0296796
T: 0.467305 Q: -0.0276564
T: 0.409883 Q: inf
T: 0.336063 Q: -0.0306387
T: 0.248087 Q: -0.0266337
T: 0.14863 Q: -0.0261957
T: 0.0407115 Q: -0.0268352
T: -0.0723877 Q: -0.0267471
Sec_Event 6825330 N50: 38
T: -0.68807 Q: inf
T: -0.740416 Q: -0.0192043
T: -0.790363 Q: -0.0139544
T: -0.836395 Q: inf
T: -0.877112 Q: -0.0114893
T: -0.911278 Q: inf
T: -0.937854 Q: -0.00939955
T: -0.956034 Q: -0.00865321
T: -0.965264 Q: -0.0106256
T: -0.965264 Q: -0.00776319
T: -0.956034 Q: -0.00783802
T: -0.937854 Q: -0.00881306
T: -0.911278 Q: -0.00849136
T: -0.877112 Q: inf
T: -0.836395 Q: -0.00975403
T: -0.790363 Q: -0.0113774
T: -0.740416 Q: -0.0128315
T: -0.68807 Q: inf
T: -0.634917 Q: inf
T: -0.582572 Q: inf
T: -0.532625 Q: -0.0168108
T: -0.486593 Q: -0.0147234
T: -0.445876 Q: -0.0165689
T: -0.41171 Q: -0.020002
T: -0.385133 Q: -0.0209905
T: -0.366954 Q: inf
T: -0.357724 Q: -0.0287966
T: -0.357724 Q: -0.0230458
T: -0.366954 Q: inf
T: -0.385133 Q: inf
T: -0.41171 Q: -0.02642
T: -0.445876 Q: -0.0293713
T: -0.486593 Q: inf
T: -0.532625 Q: -0.0293508
T: -0.582572 Q: -0.036325
T: -0.634917 Q: -0.0314888
Sec_Event 7050032 N50: 42
T: -0.156833 Q: inf
T: -0.270674 Q: -0.0294365
T: -0.379299 Q: inf
T: -0.479409 Q: inf
T: -0.567961 Q: -0.0368114
T: -0.642266 Q: -0.0321703
T: -0.700064 Q: -0.0298818
T: -0.7396 Q: -0.0285635
T: -0.759674 Q: -0.0222891
T: -0.759674 Q: -0.0209739
T: -0.7396 Q: -0.0240911
T: -0.700064 Q: -0.0231683
T: -0.642266 Q: -0.0294133
T: -0.567961 Q: -0.0252681
T: -0.479409 Q: inf
T: -0.379299 Q: -0.0117504
T: -0.270674 Q: -0.0160399
T: -0.156833 Q: -0.0131448
T: -0.0412364 Q: -0.00978022
T: 0.0726042 Q: -0.00875742
T: 0.18123 Q: -0.0137912
T: 0.281339 Q: -0.0167496
T: 0.369892 Q: -0.0216193
T: 0.444196 Q: -0.0202433
T: 0.501994 Q: -0.0340649
T: 0.541531 Q: -0.0271679
T: 0.561604 Q: -0.0319145
T: 0.561604 Q: -0.0328086
T: 0.541531 Q: inf
T: 0.501994 Q: inf
T: 0.444196 Q: inf
T: 0.369892 Q: -0.0405106
T: 0.281339 Q: -0.0334599
T: 0.18123 Q: -0.0351278
T: 0.0726042 Q: inf
T: -0.0412364 Q: -0.0262126
Sec_Event 7168130 N50: 47
T: 0.533527 Q: inf
T: 0.459986 Q: -0.0418164
T: 0.389813 Q: inf
T: 0.325142 Q: -0.0460562
T: 0.267937 Q: -0.054493
T: 0.219936 Q: -0.0578389
T: 0.182599 Q: -0.0526076
T: 0.157058 Q: -0.0508588
T: 0.144091 Q: inf
T: 0.144091 Q: inf
T: 0.157058 Q: -0.0526268
T: 0.182599 Q: inf
T: 0.219936 Q: -0.0723105
T: 0.267937 Q: -0.0583343
T: 0.325142 Q: inf
T: 0.389813 Q: inf
T: 0.459986 Q: -0.0472924
T: 0.533527 Q: inf
T: 0.608203 Q: -0.0425061
T: 0.681744 Q: inf
T: 0.751916 Q: -0.0482556
T: 0.816588 Q: -0.0286137
T: 0.873793 Q: inf
T: 0.921793 Q: inf
T: 0.959131 Q: -0.0264868
T: 0.984672 Q: inf
T: 0.997639 Q: inf
T: 0.997639 Q: -0.0239639
T: 0.984672 Q: -0.0186815
T: 0.959131 Q: inf
T: 0.921793 Q: inf
T: 0.873793 Q: inf
T: 0.816588 Q: inf
T: 0.751916 Q: inf
T: 0.681744 Q: -0.0329693
T: 0.608203 Q: inf
Sec_Event 7850032 N50: 29
Sec_Event 8380183 N50: 55
T: -0.495756 Q: -0.00207971
T: -0.58725 Q: inf
T: -0.674552 Q: inf
T: -0.75501 Q: -0.00251228
T: -0.82618 Q: -0.00288994
T: -0.885898 Q: inf
T: -0.93235 Q: -0.00225526
T: -0.964126 Q: inf
T: -0.980259 Q: -0.00113149
T: -0.980259 Q: inf
T: -0.964126 Q: -0.00166323
T: -0.93235 Q: inf
T: -0.885898 Q: -0.00176411
T: -0.82618 Q: -0.00270279
T: -0.75501 Q: -0.00323993
T: -0.674552 Q: inf
T: -0.58725 Q: -0.00441997
T: -0.495756 Q: inf
T: -0.402851 Q: inf
T: -0.311357 Q: inf
T: -0.224055 Q: inf
T: -0.143597 Q: -0.00481725
T: -0.0724271 Q: inf
T: -0.0127089 Q: inf
T: 0.0337437 Q: inf
T: 0.0655191 Q: inf
T: 0.0816519 Q: -0.00122229
T: 0.0816519 Q: -0.000264995
T: 0.0655191 Q: inf
T: 0.0337437 Q: -0.00087209
T: -0.0127089 Q: inf
T: -0.0724271 Q: inf
T: -0.143597 Q: -0.000877315
T: -0.224055 Q: -0.00119725
T: -0.311357 Q: -0.00103516
T: -0.402851 Q: -0.00137478
Sec_Event 8644393 N50: 28
T: 0.26878 Q: -0.0353453
T: 0.16521 Q: -0.0372674
T: 0.0663852 Q: -0.0427883
T: -0.0246925 Q: -0.038561
T: -0.105255 Q: inf
T: -0.172856 Q: inf
T: -0.22544 Q: inf
T: -0.261409 Q: -0.0299593
T: -0.279671 Q: -0.0272414
T: -0.279671 Q: -0.0241677
T: -0.261409 Q: -0.0205418
T: -0.22544 Q: inf
T: -0.172856 Q: -0.011858
T: -0.105255 Q: -0.0130441
T: -0.0246925 Q: -0.00532102
T: 0.0663852 Q: -0.00447059
T: 0.16521 Q: -0.00701791
T: 0.26878 Q: -0.00989423
T: 0.373948 Q: -0.00578604
T: 0.477517 Q: -0.00929414
T: 0.576342 Q: inf
T: 0.66742 Q: inf
T: 0.747983 Q: -0.00772605
T: 0.815584 Q: inf
T: 0.868167 Q: inf
T: 0.904137 Q: -0.00631085
T: 0.922399 Q: inf
T: 0.922399 Q: inf
T: 0.904137 Q: -0.00570879
T: 0.868167 Q: -0.00660328
T: 0.815584 Q: -0.00793412
T: 0.747983 Q: -0.0112979
T: 0.66742 Q: inf
T: 0.576342 Q: inf
T: 0.477517 Q: -0.0375133
T: 0.373948 Q: inf
Sec_Event 8903424 N50: 30
T: -0.31252 Q: -0.00439698
T: -0.420251 Q: -0.00433308
T: -0.523046 Q: -0.00613017
T: -0.617783 Q: inf
T: -0.701583 Q: -0.0112057
T: -0.771899 Q: -0.0199082
T: -0.826595 Q: -0.0243121
T: -0.86401 Q: -0.0237922
T: -0.883006 Q: inf
T: -0.883006 Q: -0.0248197
T: -0.86401 Q: -0.0233558
T: -0.826595 Q: -0.0310936
T: -0.771899 Q: -0.033271
T: -0.701583 Q: -0.0421522
T: -0.617783 Q: inf
T: -0.523046 Q: -0.0369407
T: -0.420251 Q: -0.0306396
T: -0.31252 Q: -0.0293128
T: -0.203127 Q: -0.0284207
T: -0.0953966 Q: -0.020892
T: 0.00739886 Q: inf
T: 0.102136 Q: inf
T: 0.185935 Q: inf
T: 0.256252 Q: -0.0231189
T: 0.310948 Q: -0.0236573
T: 0.348362 Q: -0.0169525
T: 0.367358 Q: inf
T: 0.367358 Q: inf
T: 0.348362 Q: -0.0116533
T: 0.310948 Q: -0.0108577
T: 0.256252 Q: -0.00850057
T: 0.185935 Q: inf
T: 0.102136 Q: inf
T: 0.00739886 Q: -0.00461422
T: -0.0953966 Q: -0.00436341
T: -0.203127 Q: inf
Sec_Event 9391567 N50: 28
T: 0.136443 Q: -0.0116685
T: 0.0255098 Q: -0.00863697
T: -0.0803418 Q: -0.00899669
T: -0.177895 Q: -0.00759811
T: -0.264186 Q: -0.00562883
T: -0.336593 Q: -0.00589303
T: -0.392915 Q: -0.00573599
T: -0.431442 Q: -0.00335631
T: -0.451003 Q: -0.00454878
T: -0.451003 Q: -0.00319396
T: -0.431442 Q: -0.00234255
T: -0.392915 Q: -0.00193604
T: -0.336593 Q: -0.00193527
T: -0.264186 Q: -0.00100187
T: -0.177895 Q: inf
T: -0.0803418 Q: inf
T: 0.0255098 Q: -0.000584114
T: 0.136443 Q: -0.00171756
T: 0.249088 Q: inf
T: 0.360022 Q: inf
T: 0.465873 Q: -0.00102289
T: 0.563427 Q: -0.0040037
T: 0.649718 Q: -0.00179351
T: 0.722125 Q: -0.00203689
T: 0.778447 Q: -0.00640937
T: 0.816974 Q: -0.00933565
T: 0.836534 Q: inf
T: 0.836534 Q: inf
T: 0.816974 Q: -0.0144171
T: 0.778447 Q: inf
T: 0.722125 Q: -0.0167721
T: 0.649718 Q: inf
T: 0.563427 Q: -0.0176256
T: 0.465873 Q: -0.0192468
T: 0.360022 Q: inf
T: 0.249088 Q: inf
Sec_Event 10155574 N50: 43
T: 0.278142 Q: inf
T: 0.175252 Q: -0.0288021
T: 0.077076 Q: -0.0266495
T: -0.0134037 Q: -0.031749
T: -0.0934377 Q: -0.0333384
T: -0.160594 Q: -0.0318768
T: -0.212833 Q: -0.0218653
T: -0.248566 Q: -0.0262689
T: -0.266708 Q: -0.0257835
T: -0.266708 Q: -0.030248
T: -0.248566 Q: inf
T: -0.212833 Q: -0.021263
T: -0.160594 Q: inf
T: -0.0934377 Q: -0.020841
T: -0.0134037 Q: inf
T: 0.077076 Q: -0.0191262
T: 0.175252 Q: -0.0203599
T: 0.278142 Q: -0.0241601
T: 0.382619 Q: inf
T: 0.485509 Q: -0.0182815
T: 0.583685 Q: -0.0232857
T: 0.674165 Q: inf
T: 0.754199 Q: -0.0175094
T: 0.821355 Q: inf
T: 0.873594 Q: -0.011306
T: 0.909327 Q: -0.00958811
T: 0.927469 Q: -0.00935816
T: 0.927469 Q: -0.012151
T: 0.909327 Q: inf
T: 0.873594 Q: -0.00936003
T: 0.821355 Q: -0.0143005
T: 0.754199 Q: -0.0162623
T: 0.674165 Q: -0.0203997
T: 0.583685 Q: -0.0296088
T: 0.485509 Q: inf
T: 0.382619 Q: inf
200000/510692
Sec_Event 10772221 N50: 30
T: -0.678434 Q: -0.0024593
T: -0.73406 Q: -0.00628338
T: -0.787137 Q: -0.0040587
T: -0.836053 Q: inf
T: -0.879322 Q: -0.0055817
T: -0.915629 Q: inf
T: -0.943871 Q: -0.0039841
T: -0.963189 Q: -0.00533206
T: -0.972997 Q: -0.00359893
T: -0.972997 Q: -0.00479879
T: -0.963189 Q: inf
T: -0.943871 Q: -0.00394851
T: -0.915629 Q: inf
T: -0.879322 Q: inf
T: -0.836053 Q: -0.00633702
T: -0.787137 Q: -0.00813617
T: -0.73406 Q: -0.007644
T: -0.678434 Q: -0.00725252
T: -0.62195 Q: -0.00700118
T: -0.566325 Q: -0.00265512
T: -0.513248 Q: inf
T: -0.464331 Q: -0.00129654
T: -0.421063 Q: -0.0009625
T: -0.384756 Q: -0.00089443
T: -0.356514 Q: -0.000262795
T: -0.337195 Q: -0.00117492
T: -0.327387 Q: -0.00133398
T: -0.337195 Q: -0.000306658
T: -0.356514 Q: inf
T: -0.384756 Q: -0.000325804
T: -0.421063 Q: -0.000754832
T: -0.464331 Q: -0.000231048
T: -0.513248 Q: -0.00213986
T: -0.566325 Q: -0.00075261
T: -0.62195 Q: inf
Sec_Event 10788105 N50: 30
T: -0.424579 Q: -0.00182014
T: -0.523821 Q: -0.000904059
T: -0.618515 Q: -0.000765111
T: -0.705787 Q: -0.000974153
T: -0.782982 Q: inf
T: -0.847758 Q: inf
T: -0.898144 Q: -0.000316236
T: -0.93261 Q: inf
T: -0.950109 Q: -0.000323515
T: -0.93261 Q: -0.000289418
T: -0.898144 Q: -0.000390262
T: -0.782982 Q: inf
T: -0.705787 Q: -0.000298276
T: -0.618515 Q: -0.000566757
T: -0.523821 Q: inf
T: -0.424579 Q: -0.00234198
T: -0.323807 Q: -0.00150632
T: -0.224566 Q: -0.00223093
T: -0.129871 Q: -0.00150449
T: -0.0426 Q: inf
T: 0.0345959 Q: -0.00195078
T: 0.099371 Q: -0.00103632
T: 0.149757 Q: -0.00114698
T: 0.184223 Q: -0.00119887
T: 0.201722 Q: -0.00132224
T: 0.201722 Q: -0.00161276
T: 0.184223 Q: -0.00214968
T: 0.149757 Q: -0.00203854
T: 0.099371 Q: -0.00162509
T: 0.0345959 Q: -0.00198342
T: -0.0426 Q: -0.00500258
T: -0.129871 Q: -0.00292318
T: -0.224566 Q: -0.00324523
T: -0.323807 Q: -0.00432339
Sec_Event 12026085 N50: 45
T: 0.584785 Q: -0.00924988
T: 0.520822 Q: inf
T: 0.459788 Q: inf
T: 0.403539 Q: inf
T: 0.353784 Q: -0.00420934
T: 0.312035 Q: -0.00718913
T: 0.279559 Q: -0.00681079
T: 0.257345 Q: -0.00534369
T: 0.246066 Q: inf
T: 0.246066 Q: inf
T: 0.257345 Q: inf
T: 0.279559 Q: inf
T: 0.312035 Q: -0.00948892
T: 0.353784 Q: -0.0088251
T: 0.403539 Q: -0.0143817
T: 0.459788 Q: inf
T: 0.520822 Q: inf
T: 0.584785 Q: inf
T: 0.649736 Q: -0.02571
T: 0.7137 Q: inf
T: 0.774733 Q: -0.0206243
T: 0.830982 Q: -0.0153543
T: 0.880737 Q: inf
T: 0.922487 Q: inf
T: 0.954962 Q: -0.00711911
T: 0.977176 Q: -0.00970004
T: 0.988455 Q: -0.00995422
T: 0.988455 Q: inf
T: 0.977176 Q: -0.0130881
T: 0.954962 Q: inf
T: 0.922487 Q: inf
T: 0.880737 Q: inf
T: 0.830982 Q: -0.014507
T: 0.774733 Q: -0.0126422
T: 0.7137 Q: -0.021746
T: 0.649736 Q: inf
Sec_Event 12026085 N50: 39
T: -0.200489 Q: -0.00390888
T: -0.3132 Q: -0.00757328
T: -0.420747 Q: -0.00830029
T: -0.519863 Q: inf
T: -0.607536 Q: -0.0120481
T: -0.681103 Q: -0.0200029
T: -0.738327 Q: -0.0284929
T: -0.777471 Q: inf
T: -0.797345 Q: -0.0303071
T: -0.797345 Q: inf
T: -0.777471 Q: -0.0365908
T: -0.738327 Q: inf
T: -0.681103 Q: -0.0357262
T: -0.607536 Q: inf
T: -0.519863 Q: -0.0368354
T: -0.420747 Q: -0.0226493
T: -0.3132 Q: inf
T: -0.200489 Q: -0.0255935
T: -0.08604 Q: inf
T: 0.0266705 Q: -0.0245145
T: 0.134218 Q: inf
T: 0.233334 Q: inf
T: 0.321007 Q: -0.0229994
T: 0.394573 Q: -0.0179867
T: 0.451798 Q: inf
T: 0.490942 Q: -0.0158903
T: 0.510816 Q: inf
T: 0.510816 Q: -0.0126465
T: 0.490942 Q: -0.0140006
T: 0.451798 Q: inf
T: 0.394573 Q: inf
T: 0.321007 Q: -0.00611092
T: 0.233334 Q: -0.00796842
T: 0.134218 Q: -0.00454355
T: 0.0266705 Q: -0.00802492
T: -0.08604 Q: -0.00536791
Sec_Event 12026085 N50: 27
T: -0.523941 Q: inf
T: -0.611713 Q: -0.0404491
T: -0.695463 Q: -0.0561825
T: -0.772648 Q: -0.0485494
T: -0.840922 Q: -0.0410104
T: -0.898211 Q: -0.0469789
T: -0.942774 Q: -0.0337775
T: -0.973256 Q: inf
T: -0.988733 Q: inf
T: -0.988733 Q: inf
T: -0.973256 Q: inf
T: -0.942774 Q: -0.0319064
T: -0.898211 Q: -0.039599
T: -0.840922 Q: -0.0342894
T: -0.772648 Q: -0.0191512
T: -0.695463 Q: inf
T: -0.611713 Q: inf
T: -0.523941 Q: -0.00724621
T: -0.434816 Q: -0.0074098
T: -0.347044 Q: inf
T: -0.263294 Q: -0.00925137
T: -0.186109 Q: inf
T: -0.117835 Q: -0.0101809
T: -0.0605461 Q: -0.00589718
T: -0.0159833 Q: -0.00643572
T: 0.0144994 Q: inf
T: 0.0299758 Q: -0.00850134
T: 0.0299758 Q: -0.0117103
T: 0.0144994 Q: -0.0188842
T: -0.0159833 Q: -0.0159398
T: -0.0605461 Q: -0.0199235
T: -0.117835 Q: -0.0160131
T: -0.186109 Q: -0.0214122
T: -0.263294 Q: -0.0259
T: -0.347044 Q: -0.0229917
T: -0.434816 Q: -0.0284576
Sec_Event 12417419 N50: 34
T: -0.284231 Q: -0.00291541
T: -0.393519 Q: -0.00706377
T: -0.497801 Q: -0.00622341
T: -0.593907 Q: inf
T: -0.678919 Q: inf
T: -0.750252 Q: -0.00994636
T: -0.805739 Q: -0.0174562
T: -0.843694 Q: -0.0273669
T: -0.862965 Q: -0.0433807
T: -0.862965 Q: inf
T: -0.843694 Q: -0.0459539
T: -0.805739 Q: -0.0446896
T: -0.750252 Q: -0.0452347
T: -0.678919 Q: -0.0402621
T: -0.593907 Q: -0.027285
T: -0.497801 Q: -0.0227809
T: -0.393519 Q: inf
T: -0.284231 Q: inf
T: -0.173256 Q: inf
T: -0.0639679 Q: -0.0129779
T: 0.0403139 Q: -0.0146539
T: 0.136421 Q: inf
T: 0.221432 Q: -0.0126751
T: 0.292765 Q: -0.00825464
T: 0.348252 Q: -0.00875387
T: 0.386207 Q: -0.0150972
T: 0.405478 Q: inf
T: 0.405478 Q: -0.00707784
T: 0.386207 Q: -0.00798243
T: 0.348252 Q: -0.00952077
T: 0.292765 Q: -0.00419211
T: 0.221432 Q: -0.00590476
T: 0.136421 Q: -0.0109709
T: 0.0403139 Q: -0.00350991
T: -0.0639679 Q: -0.00200022
T: -0.173256 Q: -0.00354319
Sec_Event 13089940 N50: 26
Sec_Event 14326692 N50: 27
T: -0.300471 Q: -0.000496816
T: -0.408891 Q: inf
T: -0.512345 Q: -0.000512803
T: -0.607688 Q: -0.00174794
T: -0.692025 Q: -0.00116327
T: -0.762791 Q: -0.00218503
T: -0.817837 Q: inf
T: -0.855491 Q: -0.0069743
T: -0.874609 Q: inf
T: -0.874609 Q: -0.00892304
T: -0.855491 Q: inf
T: -0.817837 Q: inf
T: -0.762791 Q: -0.0113846
T: -0.692025 Q: -0.013939
T: -0.607688 Q: -0.018594
T: -0.512345 Q: -0.0275937
T: -0.408891 Q: inf
T: -0.300471 Q: inf
T: -0.190378 Q: -0.0215115
T: -0.0819577 Q: -0.0160617
T: 0.0214959 Q: -0.0151401
T: 0.116839 Q: inf
T: 0.201175 Q: -0.0107229
T: 0.271942 Q: -0.0103255
T: 0.326988 Q: -0.00787933
T: 0.364642 Q: -0.00521726
T: 0.38376 Q: -0.00506851
T: 0.38376 Q: -0.00182105
T: 0.364642 Q: -0.00241087
T: 0.326988 Q: -0.0014643
T: 0.271942 Q: -0.00128546
T: 0.201175 Q: -0.000391392
T: 0.116839 Q: -0.000555323
T: 0.0214959 Q: inf
T: -0.0819577 Q: -0.000294389
T: -0.190378 Q: -0.000597866
Sec_Event 14326692 N50: 32
T: -0.60831 Q: -0.0262299
T: -0.681829 Q: -0.0223777
T: -0.751981 Q: -0.0130936
T: -0.816633 Q: -0.0111375
T: -0.87382 Q: -0.0100076
T: -0.921807 Q: -0.00709906
T: -0.959134 Q: inf
T: -0.984667 Q: -0.0060291
T: -0.99763 Q: -0.00674866
T: -0.99763 Q: -0.00588748
T: -0.984667 Q: -0.00825919
T: -0.959134 Q: -0.00896323
T: -0.921807 Q: -0.00634447
T: -0.87382 Q: -0.00320509
T: -0.816633 Q: -0.00217942
T: -0.751981 Q: inf
T: -0.681829 Q: -0.00202199
T: -0.60831 Q: inf
T: -0.533656 Q: inf
T: -0.460137 Q: inf
T: -0.389985 Q: -0.000574451
T: -0.325333 Q: -0.000572256
T: -0.268145 Q: inf
T: -0.220159 Q: -0.000302909
T: -0.182832 Q: -0.00142148
T: -0.157299 Q: inf
T: -0.144336 Q: inf
T: -0.144336 Q: -0.00378813
T: -0.157299 Q: -0.00361673
T: -0.182832 Q: inf
T: -0.220159 Q: inf
T: -0.268145 Q: -0.00949371
T: -0.325333 Q: -0.0114522
T: -0.389985 Q: -0.0164991
T: -0.460137 Q: -0.0221996
T: -0.533656 Q: inf
Sec_Event 14440722 N50: 35
T: -0.160182 Q: inf
T: -0.273951 Q: -0.0381825
T: -0.382508 Q: -0.0377952
T: -0.482555 Q: -0.0321836
T: -0.571051 Q: -0.0363116
T: -0.645309 Q: -0.0312664
T: -0.703071 Q: -0.0177976
T: -0.742582 Q: -0.0140709
T: -0.762643 Q: -0.0167661
T: -0.762643 Q: -0.0136294
T: -0.742582 Q: -0.0104344
T: -0.703071 Q: -0.010761
T: -0.645309 Q: -0.00809231
T: -0.571051 Q: inf
T: -0.482555 Q: -0.00355219
T: -0.382508 Q: -0.00445496
T: -0.273951 Q: -0.00193927
T: -0.160182 Q: -0.00181425
T: -0.0446575 Q: -0.00524881
T: 0.0691115 Q: -0.0022579
T: 0.177669 Q: -0.00249339
T: 0.277716 Q: -0.00389873
T: 0.366212 Q: inf
T: 0.44047 Q: -0.00513386
T: 0.498232 Q: -0.00686503
T: 0.537743 Q: -0.0131578
T: 0.557804 Q: inf
T: 0.557804 Q: inf
T: 0.537743 Q: inf
T: 0.498232 Q: inf
T: 0.44047 Q: -0.0301134
T: 0.366212 Q: -0.0456162
T: 0.277716 Q: -0.0264613
T: 0.177669 Q: -0.0326545
T: 0.0691115 Q: -0.0324475
T: -0.0446575 Q: -0.0298283
Sec_Event 14675598 N50: 32
T: 0.285785 Q: inf
T: 0.183468 Q: -0.0130404
T: 0.0858371 Q: inf
T: -0.00413972 Q: -0.0120656
T: -0.0837288 Q: -0.0110291
T: -0.150512 Q: -0.0113675
T: -0.20246 Q: -0.0102761
T: -0.237995 Q: inf
T: -0.256036 Q: inf
T: -0.256036 Q: -0.0153804
T: -0.237995 Q: inf
T: -0.20246 Q: inf
T: -0.150512 Q: inf
T: -0.0837288 Q: -0.0177576
T: -0.00413972 Q: -0.0279067
T: 0.0858371 Q: -0.0301381
T: 0.183468 Q: inf
T: 0.285785 Q: -0.0331946
T: 0.389682 Q: -0.0264052
T: 0.491999 Q: -0.030554
T: 0.58963 Q: -0.0332623
T: 0.679607 Q: -0.0333822
T: 0.759196 Q: -0.0265329
T: 0.825979 Q: inf
T: 0.877927 Q: -0.0149443
T: 0.913462 Q: inf
T: 0.931503 Q: -0.0152386
T: 0.931503 Q: -0.0162451
T: 0.913462 Q: -0.011048
T: 0.877927 Q: -0.0137599
T: 0.825979 Q: -0.0191334
T: 0.759196 Q: -0.0166341
T: 0.679607 Q: inf
T: 0.58963 Q: inf
T: 0.491999 Q: inf
T: 0.389682 Q: inf
Sec_Event 15402395 N50: 26
T: -0.633031 Q: -0.0269361
T: -0.701131 Q: inf
T: -0.76611 Q: -0.0230114
T: -0.825996 Q: -0.0153612
T: -0.878968 Q: inf
T: -0.923417 Q: -0.0118922
T: -0.957992 Q: -0.00926324
T: -0.981643 Q: -0.00770784
T: -0.99365 Q: inf
T: -0.99365 Q: -0.00869461
T: -0.981643 Q: -0.00768932
T: -0.957992 Q: -0.0104328
T: -0.923417 Q: -0.0129997
T: -0.878968 Q: -0.0140582
T: -0.825996 Q: -0.0145423
T: -0.76611 Q: -0.0142939
T: -0.701131 Q: -0.014921
T: -0.633031 Q: -0.012239
T: -0.563881 Q: -0.00975578
T: -0.495781 Q: inf
T: -0.430802 Q: -0.0114674
T: -0.370916 Q: inf
T: -0.317944 Q: -0.0130557
T: -0.273495 Q: -0.00818895
T: -0.23892 Q: -0.00660067
T: -0.215269 Q: -0.00930742
T: -0.203262 Q: -0.00964813
T: -0.203262 Q: -0.0103485
T: -0.215269 Q: -0.0085095
T: -0.23892 Q: -0.00899166
T: -0.273495 Q: -0.0112195
T: -0.317944 Q: -0.0161835
T: -0.370916 Q: inf
T: -0.430802 Q: -0.0189491
T: -0.495781 Q: inf
T: -0.563881 Q: -0.0245164
Sec_Event 15547520 N50: 40
T: -0.596572 Q: -0.00891232
T: -0.672425 Q: -0.0078163
T: -0.744803 Q: inf
T: -0.811507 Q: -0.00373836
T: -0.87051 Q: -0.00272139
T: -0.92002 Q: inf
T: -0.958531 Q: inf
T: -0.984875 Q: -0.00246036
T: -0.99825 Q: inf
T: -0.99825 Q: -0.00558581
T: -0.984875 Q: -0.00162201
T: -0.958531 Q: -0.00322865
T: -0.92002 Q: inf
T: -0.87051 Q: -0.00410704
T: -0.811507 Q: -0.00575854
T: -0.744803 Q: -0.00512424
T: -0.672425 Q: -0.00734352
T: -0.596572 Q: -0.0102554
T: -0.519549 Q: inf
T: -0.443696 Q: inf
T: -0.371318 Q: inf
T: -0.304614 Q: -0.0341155
T: -0.245611 Q: inf
T: -0.196101 Q: -0.0319632
T: -0.157589 Q: -0.0337786
T: -0.131246 Q: -0.0264887
T: -0.117871 Q: -0.0285767
T: -0.117871 Q: -0.0221335
T: -0.131246 Q: -0.0186426
T: -0.157589 Q: -0.0188081
T: -0.196101 Q: inf
T: -0.245611 Q: inf
T: -0.304614 Q: -0.0148969
T: -0.371318 Q: inf
T: -0.443696 Q: -0.010865
T: -0.519549 Q: inf
300000/510692
Sec_Event 15858552 N50: 30
T: -0.631992 Q: -0.00406721
T: -0.700335 Q: -0.0052706
T: -0.765547 Q: inf
T: -0.825647 Q: -0.00479289
T: -0.878808 Q: inf
T: -0.923416 Q: -0.0106698
T: -0.958114 Q: -0.0251147
T: -0.98185 Q: -0.0686792
T: -0.9939 Q: -0.0893441
T: -0.9939 Q: -0.08225
T: -0.98185 Q: -0.0647897
T: -0.958114 Q: -0.0573762
T: -0.923416 Q: inf
T: -0.878808 Q: -0.0858052
T: -0.825647 Q: -0.0849561
T: -0.765547 Q: -0.097515
T: -0.700335 Q: -0.0900907
T: -0.631992 Q: -0.109467
T: -0.562595 Q: -0.0723211
T: -0.494252 Q: -0.075841
T: -0.42904 Q: -0.0542891
T: -0.36894 Q: -0.0562334
T: -0.315779 Q: -0.04958
T: -0.271171 Q: inf
T: -0.236472 Q: inf
T: -0.212737 Q: -0.0303983
T: -0.200686 Q: inf
T: -0.200686 Q: -0.0197117
T: -0.212737 Q: inf
T: -0.236472 Q: inf
T: -0.271171 Q: -0.00698751
T: -0.315779 Q: inf
T: -0.36894 Q: -0.00475356
T: -0.42904 Q: inf
T: -0.494252 Q: inf
T: -0.562595 Q: inf
Sec_Event 16012875 N50: 33
T: 0.433759 Q: inf
T: 0.345859 Q: -0.00409272
T: 0.261985 Q: inf
T: 0.184686 Q: inf
T: 0.116312 Q: -0.00485391
T: 0.058939 Q: inf
T: 0.0143107 Q: -0.00228024
T: -0.0162168 Q: -0.00417405
T: -0.0317161 Q: -0.00688754
T: -0.0317161 Q: -0.0120118
T: -0.0162168 Q: -0.00408469
T: 0.0143107 Q: inf
T: 0.058939 Q: -0.00609014
T: 0.116312 Q: -0.011173
T: 0.184686 Q: -0.011672
T: 0.261985 Q: -0.0107532
T: 0.345859 Q: -0.0110411
T: 0.433759 Q: -0.013592
T: 0.523016 Q: -0.0224212
T: 0.610916 Q: -0.0239774
T: 0.69479 Q: -0.0382804
T: 0.772088 Q: inf
T: 0.840463 Q: inf
T: 0.897836 Q: -0.0453997
T: 0.942464 Q: -0.0292366
T: 0.972992 Q: -0.0274248
T: 0.988491 Q: inf
T: 0.988491 Q: -0.0309423
T: 0.972992 Q: -0.0315274
T: 0.942464 Q: inf
T: 0.897836 Q: inf
T: 0.840463 Q: inf
T: 0.772088 Q: inf
T: 0.69479 Q: -0.00589857
T: 0.610916 Q: -0.00437306
T: 0.523016 Q: -0.00300942
Sec_Event 16194216 N50: 51
T: -0.222669 Q: -0.0115897
T: -0.334638 Q: inf
T: -0.441478 Q: inf
T: -0.539942 Q: -0.0101348
T: -0.627038 Q: inf
T: -0.700121 Q: inf
T: -0.756969 Q: inf
T: -0.795856 Q: inf
T: -0.815599 Q: -0.00942154
T: -0.815599 Q: inf
T: -0.795856 Q: -0.00162587
T: -0.756969 Q: inf
T: -0.700121 Q: inf
T: -0.627038 Q: -0.000626006
T: -0.539942 Q: -0.000916557
T: -0.334638 Q: inf
T: -0.108972 Q: inf
T: 0.208301 Q: -0.000356282
T: 0.295397 Q: inf
T: 0.36848 Q: -0.000279481
T: 0.425328 Q: -0.00203113
T: 0.464215 Q: -0.000236985
T: 0.483958 Q: inf
T: 0.483958 Q: inf
T: 0.464215 Q: inf
T: 0.425328 Q: -0.00199516
T: 0.36848 Q: inf
T: 0.295397 Q: -0.00480205
T: 0.208301 Q: inf
T: 0.109837 Q: inf
T: 0.00299683 Q: -0.00926397
T: -0.108972 Q: inf
Sec_Event 16194216 N50: 50
T: 0.657117 Q: inf
T: 0.610973 Q: inf
T: 0.566944 Q: inf
T: 0.526366 Q: -0.000277464
T: 0.490472 Q: -0.00098218
T: 0.460354 Q: -0.00114072
T: 0.436927 Q: inf
T: 0.420901 Q: -0.00250723
T: 0.412765 Q: -0.00482497
T: 0.412765 Q: -0.0086528
T: 0.420901 Q: -0.00942942
T: 0.436927 Q: inf
T: 0.460354 Q: -0.0249771
T: 0.490472 Q: -0.0358618
T: 0.526366 Q: inf
T: 0.566944 Q: inf
T: 0.610973 Q: inf
T: 0.657117 Q: inf
T: 0.703972 Q: inf
T: 0.750116 Q: -0.068355
T: 0.794145 Q: inf
T: 0.834723 Q: inf
T: 0.870617 Q: -0.0406119
T: 0.900735 Q: inf
T: 0.924162 Q: -0.0376522
T: 0.940188 Q: inf
T: 0.948324 Q: inf
T: 0.948324 Q: inf
T: 0.940188 Q: inf
T: 0.924162 Q: inf
T: 0.900735 Q: inf
T: 0.870617 Q: -0.00255165
T: 0.834723 Q: -0.00336256
T: 0.794145 Q: -0.00146927
T: 0.750116 Q: inf
T: 0.703972 Q: -0.00163262
Sec_Event 16194216 N50: 49
T: -0.265512 Q: inf
T: -0.375716 Q: -0.00748555
T: -0.480871 Q: -0.0103798
T: -0.577782 Q: -0.00918119
T: -0.663505 Q: inf
T: -0.735436 Q: -0.0127345
T: -0.791388 Q: -0.0103992
T: -0.829661 Q: -0.00852475
T: -0.849093 Q: -0.00853638
T: -0.849093 Q: inf
T: -0.829661 Q: -0.0111687
T: -0.791388 Q: -0.011351
T: -0.735436 Q: -0.0120632
T: -0.663505 Q: inf
T: -0.577782 Q: -0.0272838
T: -0.480871 Q: inf
T: -0.375716 Q: -0.0703223
T: -0.265512 Q: -0.0467564
T: -0.153609 Q: inf
T: -0.043405 Q: -0.0642222
T: 0.06175 Q: -0.0510055
T: 0.158661 Q: inf
T: 0.244385 Q: inf
T: 0.316315 Q: -0.059106
T: 0.372267 Q: -0.0720129
T: 0.41054 Q: inf
T: 0.429972 Q: -0.0626381
T: 0.429972 Q: -0.0410513
T: 0.41054 Q: inf
T: 0.372267 Q: inf
T: 0.316315 Q: -0.0203072
T: 0.244385 Q: -0.0150529
T: 0.158661 Q: -0.0115647
T: 0.06175 Q: inf
T: -0.043405 Q: -0.00679611
T: -0.153609 Q: -0.00633406
Sec_Event 16194216 N50: 47
Sec_Event 16216571 N50: 37
T: -0.617747 Q: -0.0820645
T: -0.689284 Q: -0.102458
T: -0.757544 Q: -0.0943231
T: -0.820453 Q: -0.0927954
T: -0.876099 Q: -0.077694
T: -0.922792 Q: -0.0599954
T: -0.959112 Q: inf
T: -0.983957 Q: -0.0655084
T: -0.996571 Q: inf
T: -0.996571 Q: inf
T: -0.983957 Q: -0.0592052
T: -0.959112 Q: -0.034335
T: -0.922792 Q: -0.01034
T: -0.876099 Q: inf
T: -0.820453 Q: -0.00598801
T: -0.757544 Q: -0.00288023
T: -0.689284 Q: -0.00238229
T: -0.617747 Q: inf
T: -0.545106 Q: -0.00592531
T: -0.473569 Q: -0.00542893
T: -0.405309 Q: -0.00611432
T: -0.3424 Q: -0.00685133
T: -0.286754 Q: inf
T: -0.240061 Q: inf
T: -0.203741 Q: inf
T: -0.178896 Q: -0.0139385
T: -0.166282 Q: inf
T: -0.166282 Q: inf
T: -0.178896 Q: inf
T: -0.203741 Q: -0.037439
T: -0.240061 Q: -0.0444256
T: -0.286754 Q: -0.04344
T: -0.3424 Q: -0.0562964
T: -0.405309 Q: inf
T: -0.473569 Q: -0.0559036
T: -0.545106 Q: -0.0738644
Sec_Event 16283046 N50: 26
T: -0.0619327 Q: -0.00216452
T: -0.176797 Q: -0.00152101
T: -0.286398 Q: -0.00226848
T: -0.387408 Q: inf
T: -0.476756 Q: -0.0024654
T: -0.551728 Q: -0.0033407
T: -0.610046 Q: -0.00904218
T: -0.649938 Q: inf
T: -0.670191 Q: -0.0232847
T: -0.670191 Q: -0.0262417
T: -0.649938 Q: inf
T: -0.610046 Q: inf
T: -0.551728 Q: -0.0447782
T: -0.476756 Q: -0.0411344
T: -0.387408 Q: -0.0387226
T: -0.286398 Q: -0.0383276
T: -0.176797 Q: -0.0366647
T: -0.0619327 Q: -0.0387333
T: 0.0547031 Q: -0.0340657
T: 0.169567 Q: -0.0295127
T: 0.279169 Q: -0.0322517
T: 0.380178 Q: -0.0201295
T: 0.469526 Q: inf
T: 0.544498 Q: -0.0090424
T: 0.602816 Q: -0.00881685
T: 0.642708 Q: -0.00599274
T: 0.662962 Q: -0.00468527
T: 0.662962 Q: -0.0065005
T: 0.642708 Q: inf
T: 0.602816 Q: -0.00405325
T: 0.544498 Q: -0.00484419
T: 0.469526 Q: -0.00325133
T: 0.380178 Q: -0.00441639
T: 0.279169 Q: -0.00139797
T: 0.169567 Q: -0.00241831
T: 0.0547031 Q: inf
Sec_Event 16642866 N50: 36
T: -0.346793 Q: -0.0368413
T: -0.45234 Q: -0.0180323
T: -0.553051 Q: -0.00974957
T: -0.645868 Q: -0.00654112
T: -0.727969 Q: inf
T: -0.796859 Q: -0.00334624
T: -0.850447 Q: -0.00302682
T: -0.887103 Q: inf
T: -0.905714 Q: -0.00256564
T: -0.905714 Q: -0.00267002
T: -0.887103 Q: -0.00207987
T: -0.850447 Q: -0.00294421
T: -0.796859 Q: inf
T: -0.727969 Q: -0.00409226
T: -0.645868 Q: -0.00535538
T: -0.553051 Q: -0.00686859
T: -0.45234 Q: inf
T: -0.346793 Q: -0.0240823
T: -0.239618 Q: -0.0295245
T: -0.134071 Q: -0.0276328
T: -0.0333594 Q: -0.0360006
T: 0.0594569 Q: inf
T: 0.141558 Q: inf
T: 0.210449 Q: -0.0394148
T: 0.264036 Q: -0.0456992
T: 0.300692 Q: inf
T: 0.319303 Q: inf
T: 0.319303 Q: -0.0617836
T: 0.300692 Q: inf
T: 0.264036 Q: inf
T: 0.210449 Q: -0.0501504
T: 0.141558 Q: -0.0435288
T: 0.0594569 Q: -0.0375431
T: -0.0333594 Q: inf
T: -0.134071 Q: -0.0376347
T: -0.239618 Q: -0.0405011
Sec_Event 17665503 N50: 36
T: -0.480513 Q: -0.00308689
T: -0.573852 Q: -0.00527433
T: -0.662916 Q: -0.00768096
T: -0.744997 Q: inf
T: -0.817602 Q: -0.00559719
T: -0.878524 Q: -0.0045991
T: -0.925914 Q: -0.00385642
T: -0.95833 Q: inf
T: -0.974788 Q: inf
T: -0.974788 Q: -0.00481312
T: -0.95833 Q: -0.00304231
T: -0.925914 Q: -0.00389622
T: -0.878524 Q: inf
T: -0.817602 Q: -0.00306144
T: -0.744997 Q: -0.0024612
T: -0.662916 Q: -0.000538452
T: -0.573852 Q: inf
T: -0.480513 Q: -0.000756088
T: -0.385734 Q: -0.00035487
T: -0.292395 Q: -0.000298831
T: -0.203332 Q: inf
T: -0.0486461 Q: inf
T: 0.0596662 Q: inf
T: 0.0920826 Q: -0.000331091
T: 0.108541 Q: inf
T: 0.0920826 Q: -0.000589447
T: 0.0596662 Q: -0.000290513
T: 0.0122767 Q: -0.000461731
T: -0.0486461 Q: -0.00147806
T: -0.121251 Q: -0.000715741
T: -0.203332 Q: -0.0015136
T: -0.292395 Q: inf
T: -0.385734 Q: -0.00261819
Sec_Event 17932562 N50: 36
T: 0.0152294 Q: inf
T: -0.0990762 Q: -0.0248837
T: -0.208145 Q: -0.0224966
T: -0.308664 Q: inf
T: -0.397578 Q: -0.0141347
T: -0.472186 Q: inf
T: -0.53022 Q: -0.00844246
T: -0.569918 Q: -0.00752558
T: -0.590073 Q: inf
T: -0.590073 Q: -0.00454618
T: -0.569918 Q: inf
T: -0.53022 Q: inf
T: -0.472186 Q: -0.00104852
T: -0.397578 Q: inf
T: -0.208145 Q: inf
T: -0.0990762 Q: -0.000322431
T: 0.131298 Q: inf
T: 0.354673 Q: inf
T: 0.544106 Q: -0.000563821
T: 0.618713 Q: -0.000443408
T: 0.676748 Q: -0.00117085
T: 0.716446 Q: -0.0021089
T: 0.736601 Q: inf
T: 0.736601 Q: -0.00944326
T: 0.716446 Q: inf
T: 0.676748 Q: -0.0244409
T: 0.618713 Q: inf
T: 0.544106 Q: inf
T: 0.455192 Q: inf
T: 0.354673 Q: -0.0208337
T: 0.245604 Q: inf
T: 0.131298 Q: -0.0177188
Sec_Event 17932562 N50: 52
T: 0.00900451 Q: -0.0069932
T: -0.105392 Q: -0.0071513
T: -0.214547 Q: -0.00751612
T: -0.315146 Q: -0.00598999
T: -0.40413 Q: inf
T: -0.478797 Q: -0.015977
T: -0.536877 Q: -0.0156682
T: -0.576607 Q: inf
T: -0.596778 Q: -0.0165854
T: -0.596778 Q: -0.0166168
T: -0.576607 Q: -0.0203218
T: -0.536877 Q: -0.0224231
T: -0.478797 Q: -0.0343052
T: -0.40413 Q: inf
T: -0.315146 Q: -0.0540835
T: -0.214547 Q: -0.0571553
T: -0.105392 Q: -0.051559
T: 0.00900451 Q: -0.049513
T: 0.125165 Q: -0.0553921
T: 0.239562 Q: -0.0597163
T: 0.348717 Q: inf
T: 0.449316 Q: inf
T: 0.5383 Q: inf
T: 0.612967 Q: -0.0924312
T: 0.671047 Q: inf
T: 0.710777 Q: -0.0704375
T: 0.730948 Q: -0.0673282
T: 0.730948 Q: inf
T: 0.710777 Q: -0.0623304
T: 0.671047 Q: -0.0263024
T: 0.612967 Q: -0.0142462
T: 0.5383 Q: inf
T: 0.449316 Q: inf
T: 0.348717 Q: inf
T: 0.239562 Q: inf
T: 0.125165 Q: inf
Sec_Event 17932562 N50: 35
T: -0.745419 Q: -0.00805744
T: -0.753789 Q: -0.00705875
T: -0.761775 Q: -0.00501045
T: -0.769135 Q: inf
T: -0.775646 Q: inf
T: -0.781109 Q: -0.00254838
T: -0.785358 Q: inf
T: -0.788265 Q: -0.00256036
T: -0.789741 Q: inf
T: -0.789741 Q: -0.00147945
T: -0.788265 Q: inf
T: -0.785358 Q: -0.00100594
T: -0.781109 Q: -0.00109074
T: -0.775646 Q: inf
T: -0.769135 Q: inf
T: -0.761775 Q: -0.00366572
T: -0.753789 Q: inf
T: -0.745419 Q: inf
T: -0.73692 Q: -0.00679779
T: -0.72855 Q: -0.00739624
T: -0.720564 Q: -0.00757642
T: -0.713203 Q: -0.00883536
T: -0.706693 Q: -0.00922155
T: -0.70123 Q: -0.011531
T: -0.69698 Q: -0.00970675
T: -0.694073 Q: -0.0117782
T: -0.692598 Q: -0.0116714
T: -0.692598 Q: -0.0117101
T: -0.694073 Q: -0.0101125
T: -0.69698 Q: -0.0101106
T: -0.70123 Q: inf
T: -0.706693 Q: -0.00926214
T: -0.713203 Q: -0.00885437
T: -0.720564 Q: -0.0098144
T: -0.72855 Q: -0.00904985
T: -0.73692 Q: -0.00758831
Sec_Event 19366458 N50: 34
T: 0.156079 Q: -0.011512
T: 0.045986 Q: -0.0102332
T: -0.0590637 Q: inf
T: -0.155878 Q: inf
T: -0.241515 Q: -0.0105622
T: -0.313374 Q: inf
T: -0.369269 Q: inf
T: -0.407504 Q: -0.00957092
T: -0.426917 Q: inf
T: -0.426917 Q: inf
T: -0.407504 Q: inf
T: -0.369269 Q: -0.0121632
T: -0.313374 Q: inf
T: -0.241515 Q: inf
T: -0.155878 Q: -0.00501857
T: -0.0590637 Q: -0.0048338
T: 0.045986 Q: -0.00463216
T: 0.156079 Q: inf
T: 0.267871 Q: -0.00388495
T: 0.377964 Q: inf
T: 0.483014 Q: inf
T: 0.579828 Q: -0.00640381
T: 0.665465 Q: inf
T: 0.737324 Q: -0.00642642
T: 0.793219 Q: -0.00567398
T: 0.831454 Q: -0.00616586
T: 0.850867 Q: -0.00456738
T: 0.850867 Q: -0.00286153
T: 0.831454 Q: -0.0104511
T: 0.793219 Q: inf
T: 0.737324 Q: -0.00813512
T: 0.665465 Q: -0.0144806
T: 0.579828 Q: -0.0119369
T: 0.483014 Q: -0.0134198
T: 0.377964 Q: -0.0106653
T: 0.267871 Q: -0.013013
Sec_Event 20294199 N50: 33
T: 0.543672 Q: inf
T: 0.471882 Q: inf
T: 0.403381 Q: -0.0126601
T: 0.34025 Q: -0.0159074
T: 0.284407 Q: inf
T: 0.23755 Q: -0.0107454
T: 0.201101 Q: -0.0230095
T: 0.176168 Q: -0.0119465
T: 0.16351 Q: -0.0172032
T: 0.16351 Q: -0.019271
T: 0.176168 Q: -0.0127198
T: 0.201101 Q: inf
T: 0.23755 Q: inf
T: 0.284407 Q: -0.0271416
T: 0.34025 Q: -0.0239723
T: 0.403381 Q: -0.0174071
T: 0.471882 Q: -0.0312841
T: 0.543672 Q: inf
T: 0.61657 Q: inf
T: 0.68836 Q: inf
T: 0.756861 Q: inf
T: 0.819992 Q: inf
T: 0.875835 Q: -0.00853752
T: 0.922692 Q: -0.00725521
T: 0.959141 Q: inf
T: 0.984074 Q: inf
T: 0.996732 Q: -0.00625336
T: 0.996732 Q: -0.00610185
T: 0.984074 Q: inf
T: 0.959141 Q: -0.00578618
T: 0.922692 Q: -0.0077572
T: 0.875835 Q: inf
T: 0.819992 Q: -0.0114401
T: 0.756861 Q: -0.012247
T: 0.68836 Q: -0.0175608
T: 0.61657 Q: -0.0140017
Sec_Event 20909809 N50: 42
T: 0.396247 Q: -0.00136357
T: 0.30403 Q: -0.00154099
T: 0.216037 Q: -0.00103025
T: 0.134942 Q: -0.000515458
T: 0.0632099 Q: inf
T: 0.00301924 Q: -0.000617981
T: -0.0438008 Q: inf
T: -0.0758275 Q: inf
T: -0.092088 Q: -0.000839551
T: -0.0438008 Q: inf
T: 0.00301924 Q: -0.000331549
T: 0.0632099 Q: -0.00028564
T: 0.134942 Q: inf
T: 0.216037 Q: -0.000479953
T: 0.30403 Q: -0.000719532
T: 0.396247 Q: inf
T: 0.582105 Q: -0.00263251
T: 0.670097 Q: -0.00273175
T: 0.751192 Q: -0.00108724
T: 0.822924 Q: -0.00401258
T: 0.883115 Q: -0.005842
T: 0.929935 Q: -0.0104834
T: 0.961962 Q: -0.010945
T: 0.978222 Q: -0.010546
T: 0.978222 Q: -0.0138023
T: 0.961962 Q: inf
T: 0.929935 Q: inf
T: 0.883115 Q: inf
T: 0.822924 Q: -0.0112246
T: 0.751192 Q: inf
T: 0.670097 Q: -0.00749147
T: 0.582105 Q: -0.00393654
T: 0.489887 Q: inf
400000/510692
Sec_Event 21731812 N50: 34
T: -0.174896 Q: -0.0147525
T: -0.288321 Q: inf
T: -0.39655 Q: inf
T: -0.496295 Q: -0.00689705
T: -0.584524 Q: inf
T: -0.658557 Q: -0.0031815
T: -0.716144 Q: -0.00180434
T: -0.755536 Q: inf
T: -0.775536 Q: inf
T: -0.775536 Q: -0.00160488
T: -0.755536 Q: -0.00153911
T: -0.716144 Q: -0.00213858
T: -0.658557 Q: -0.00295929
T: -0.584524 Q: inf
T: -0.496295 Q: inf
T: -0.39655 Q: inf
T: -0.288321 Q: inf
T: -0.174896 Q: -0.00416883
T: -0.0597216 Q: inf
T: 0.0537034 Q: -0.00624227
T: 0.161932 Q: inf
T: 0.261677 Q: inf
T: 0.349906 Q: -0.0067911
T: 0.423939 Q: -0.00713688
T: 0.481526 Q: inf
T: 0.520918 Q: -0.0135493
T: 0.540918 Q: -0.0195637
T: 0.540918 Q: -0.0143834
T: 0.520918 Q: -0.0163776
T: 0.481526 Q: -0.0177286
T: 0.423939 Q: -0.0199574
T: 0.349906 Q: -0.0237371
T: 0.261677 Q: -0.0212637
T: 0.161932 Q: -0.0213849
T: 0.0537034 Q: inf
T: -0.0597216 Q: -0.0142053
Sec_Event 21731812 N50: 34
T: -0.684528 Q: -0.00284738
T: -0.738115 Q: -0.00242489
T: -0.789246 Q: inf
T: -0.836369 Q: -0.00138724
T: -0.878051 Q: -0.0023465
T: -0.913027 Q: -0.000861768
T: -0.940234 Q: -0.00204572
T: -0.958844 Q: inf
T: -0.968293 Q: -0.00394419
T: -0.968293 Q: inf
T: -0.958844 Q: inf
T: -0.940234 Q: inf
T: -0.913027 Q: -0.000579697
T: -0.878051 Q: -0.00222092
T: -0.836369 Q: -0.00181688
T: -0.789246 Q: -0.00222651
T: -0.738115 Q: inf
T: -0.684528 Q: -0.00320756
T: -0.630116 Q: -0.00454954
T: -0.576529 Q: -0.00955901
T: -0.525398 Q: -0.0101152
T: -0.478275 Q: inf
T: -0.436593 Q: -0.0126707
T: -0.401617 Q: -0.0146092
T: -0.37441 Q: inf
T: -0.3558 Q: -0.0148651
T: -0.346351 Q: inf
T: -0.346351 Q: -0.018173
T: -0.3558 Q: -0.0168265
T: -0.37441 Q: -0.0189593
T: -0.401617 Q: inf
T: -0.436593 Q: inf
T: -0.478275 Q: inf
T: -0.525398 Q: -0.00775486
T: -0.576529 Q: -0.0059436
T: -0.630116 Q: inf
Sec_Event 22926746 N50: 35
T: -0.425974 Q: -0.00138678
T: -0.528423 Q: inf
T: -0.62284 Q: -0.000679394
T: -0.706357 Q: -0.00201989
T: -0.776436 Q: -0.00147954
T: -0.830948 Q: -0.00226768
T: -0.868236 Q: -0.00471976
T: -0.887168 Q: inf
T: -0.887168 Q: -0.018186
T: -0.868236 Q: -0.0228304
T: -0.830948 Q: -0.0245249
T: -0.776436 Q: inf
T: -0.706357 Q: inf
T: -0.62284 Q: -0.0209463
T: -0.528423 Q: -0.0172105
T: -0.425974 Q: -0.0124527
T: -0.318607 Q: -0.0102695
T: -0.209584 Q: inf
T: -0.102216 Q: -0.0107426
T: 0.000232243 Q: -0.00944863
T: 0.0946494 Q: inf
T: 0.178166 Q: -0.0118828
T: 0.248245 Q: -0.00487889
T: 0.302757 Q: inf
T: 0.340045 Q: -0.00226129
T: 0.358977 Q: -0.00100129
T: 0.358977 Q: -0.00101644
T: 0.340045 Q: -0.00110618
T: 0.302757 Q: -0.000341737
T: 0.248245 Q: -0.000864093
T: 0.178166 Q: -0.0146733
T: 0.000232243 Q: inf
T: -0.102216 Q: -0.00149282
T: -0.209584 Q: -0.000380278
Sec_Event 23993542 N50: 32
T: -0.222427 Q: inf
T: -0.334405 Q: -0.00942708
T: -0.441253 Q: -0.00691037
T: -0.539724 Q: -0.0095414
T: -0.626828 Q: -0.0122903
T: -0.699916 Q: -0.0288259
T: -0.756769 Q: -0.0336171
T: -0.795658 Q: inf
T: -0.815403 Q: -0.0403813
T: -0.815403 Q: inf
T: -0.795658 Q: inf
T: -0.756769 Q: inf
T: -0.699916 Q: -0.0555043
T: -0.626828 Q: -0.0629896
T: -0.539724 Q: -0.0596551
T: -0.441253 Q: -0.0565168
T: -0.334405 Q: -0.0477913
T: -0.222427 Q: -0.0369627
T: -0.108721 Q: inf
T: 0.00325645 Q: -0.0543953
T: 0.110105 Q: -0.0397177
T: 0.208576 Q: inf
T: 0.29568 Q: -0.0410986
T: 0.368768 Q: -0.0389855
T: 0.425621 Q: inf
T: 0.46451 Q: -0.0360076
T: 0.484255 Q: -0.0269059
T: 0.484255 Q: -0.0370015
T: 0.46451 Q: -0.0194309
T: 0.425621 Q: inf
T: 0.368768 Q: -0.0172528
T: 0.29568 Q: -0.0097356
T: 0.208576 Q: -0.00782651
T: 0.110105 Q: inf
T: 0.00325645 Q: -0.00670701
T: -0.108721 Q: -0.00821245
 Incomplete 
Sec_Event 25030167 N50: 31
T: -0.265443 Q: -0.0297087
T: -0.37565 Q: -0.0408298
T: -0.480808 Q: inf
T: -0.577722 Q: -0.0394103
T: -0.663448 Q: -0.0300832
T: -0.73538 Q: -0.0287118
T: -0.791334 Q: inf
T: -0.829608 Q: inf
T: -0.849041 Q: -0.0186002
T: -0.849041 Q: -0.0179423
T: -0.829608 Q: -0.0176938
T: -0.791334 Q: -0.0143135
T: -0.73538 Q: -0.011179
T: -0.663448 Q: -0.00610281
T: -0.577722 Q: inf
T: -0.480808 Q: -0.00215704
T: -0.37565 Q: inf
T: -0.265443 Q: -0.0024415
T: -0.153536 Q: -0.00307769
T: -0.0433296 Q: -0.00239759
T: 0.0618285 Q: -0.00175977
T: 0.158743 Q: inf
T: 0.244468 Q: -0.00402694
T: 0.316401 Q: -0.0054755
T: 0.372354 Q: -0.00553569
T: 0.410629 Q: -0.00620968
T: 0.430061 Q: inf
T: 0.430061 Q: -0.0192679
T: 0.410629 Q: -0.0298569
T: 0.372354 Q: -0.0202019
T: 0.316401 Q: -0.0293035
T: 0.244468 Q: inf
T: 0.158743 Q: -0.0248106
T: 0.0618285 Q: -0.0291356
T: -0.0433296 Q: inf
T: -0.153536 Q: -0.0265015
Sec_Event 25420652 N50: 36
T: 0.40923 Q: inf
T: 0.31845 Q: -0.0139711
T: 0.231828 Q: -0.00667047
T: 0.151997 Q: inf
T: 0.0813826 Q: -0.00562597
T: 0.02213 Q: -0.00603947
T: -0.0239604 Q: -0.00833477
T: -0.0554881 Q: -0.00978512
T: -0.0714951 Q: -0.0109014
T: -0.0714951 Q: -0.0121022
T: -0.0554881 Q: -0.0096489
T: -0.0239604 Q: -0.0112404
T: 0.02213 Q: -0.013008
T: 0.0813826 Q: -0.0135174
T: 0.151997 Q: -0.0180573
T: 0.231828 Q: inf
T: 0.31845 Q: inf
T: 0.40923 Q: inf
T: 0.501411 Q: -0.0327522
T: 0.592191 Q: -0.0250543
T: 0.678812 Q: -0.0300994
T: 0.758643 Q: -0.0222237
T: 0.829258 Q: -0.0144007
T: 0.88851 Q: -0.0130064
T: 0.934601 Q: -0.0138787
T: 0.966128 Q: -0.0114146
T: 0.982135 Q: -0.00715647
T: 0.982135 Q: -0.00986167
T: 0.966128 Q: -0.0117999
T: 0.934601 Q: -0.00894304
T: 0.88851 Q: inf
T: 0.829258 Q: -0.0120463
T: 0.758643 Q: inf
T: 0.678812 Q: -0.0113887
T: 0.592191 Q: inf
T: 0.501411 Q: inf
Sec_Event 25782300 N50: 35
T: 0.607121 Q: -0.0152995
T: 0.547997 Q: -0.0247824
T: 0.491582 Q: -0.0360961
T: 0.439589 Q: -0.0400704
T: 0.393599 Q: -0.0300399
T: 0.355009 Q: inf
T: 0.324991 Q: -0.0297496
T: 0.304457 Q: -0.0243696
T: 0.294032 Q: -0.0238442
T: 0.294032 Q: -0.020886
T: 0.304457 Q: -0.0140477
T: 0.324991 Q: -0.0107313
T: 0.355009 Q: -0.0137672
T: 0.393599 Q: inf
T: 0.439589 Q: inf
T: 0.491582 Q: inf
T: 0.547997 Q: inf
T: 0.607121 Q: inf
T: 0.667157 Q: inf
T: 0.726281 Q: -0.00485763
T: 0.782697 Q: -0.00459683
T: 0.834689 Q: -0.0033399
T: 0.88068 Q: inf
T: 0.91927 Q: -0.00252051
T: 0.949288 Q: -0.00377077
T: 0.969822 Q: -0.00310265
T: 0.980247 Q: -0.00342853
T: 0.980247 Q: inf
T: 0.969822 Q: inf
T: 0.949288 Q: -0.00357557
T: 0.91927 Q: inf
T: 0.88068 Q: -0.00591324
T: 0.834689 Q: -0.00630067
T: 0.782697 Q: -0.00741456
T: 0.726281 Q: -0.011908
T: 0.667157 Q: -0.0127686
Sec_Event 25782300 N50: 40
T: -0.121801 Q: -0.00171842
T: -0.236243 Q: -0.00244676
T: -0.345443 Q: -0.00251655
T: -0.446082 Q: inf
T: -0.535102 Q: -0.00436995
T: -0.609799 Q: inf
T: -0.667903 Q: -0.00549255
T: -0.707649 Q: inf
T: -0.727828 Q: inf
T: -0.727828 Q: -0.0096955
T: -0.707649 Q: -0.0067956
T: -0.667903 Q: -0.00709889
T: -0.609799 Q: -0.0109892
T: -0.535102 Q: -0.00484425
T: -0.446082 Q: -0.0103325
T: -0.345443 Q: -0.00426554
T: -0.236243 Q: -0.00410922
T: -0.121801 Q: inf
T: -0.00559275 Q: inf
T: 0.10885 Q: -0.00602494
T: 0.218049 Q: inf
T: 0.318688 Q: -0.00496214
T: 0.407709 Q: -0.00373616
T: 0.482406 Q: inf
T: 0.54051 Q: inf
T: 0.580255 Q: -0.00769029
T: 0.600435 Q: -0.00490184
T: 0.600435 Q: inf
T: 0.580255 Q: inf
T: 0.54051 Q: inf
T: 0.482406 Q: -0.00286798
T: 0.407709 Q: -0.00518547
T: 0.318688 Q: -0.00147128
T: 0.218049 Q: -0.00294213
T: 0.10885 Q: inf
T: -0.00559275 Q: -0.00316954
Sec_Event 25983601 N50: 41
T: 0.430617 Q: -0.0475102
T: 0.342335 Q: inf
T: 0.258097 Q: inf
T: 0.180463 Q: inf
T: 0.111792 Q: inf
T: 0.0541702 Q: -0.0290215
T: 0.0093483 Q: inf
T: -0.0213117 Q: inf
T: -0.0368782 Q: -0.0257661
T: -0.0368782 Q: -0.02869
T: -0.0213117 Q: inf
T: 0.0093483 Q: -0.0179023
T: 0.0541702 Q: -0.0149999
T: 0.111792 Q: -0.014169
T: 0.180463 Q: inf
T: 0.258097 Q: -0.00931176
T: 0.342335 Q: inf
T: 0.430617 Q: -0.0117016
T: 0.52026 Q: -0.00958123
T: 0.608542 Q: -0.0124174
T: 0.69278 Q: inf
T: 0.770414 Q: inf
T: 0.839085 Q: -0.0334588
T: 0.896707 Q: inf
T: 0.941529 Q: inf
T: 0.972189 Q: -0.0522346
T: 0.987755 Q: inf
T: 0.987755 Q: -0.0439559
T: 0.972189 Q: inf
T: 0.941529 Q: inf
T: 0.896707 Q: -0.0541924
T: 0.839085 Q: inf
T: 0.770414 Q: -0.0877483
T: 0.69278 Q: -0.0781548
T: 0.608542 Q: -0.0923479
T: 0.52026 Q: -0.051295
Sec_Event 25983601 N50: 29
T: -0.423038 Q: -0.00804041
T: -0.522424 Q: -0.00828167
T: -0.617257 Q: -0.0101338
T: -0.704656 Q: -0.00790404
T: -0.781965 Q: -0.00416021
T: -0.846834 Q: inf
T: -0.897294 Q: inf
T: -0.931811 Q: -0.0023089
T: -0.949335 Q: inf
T: -0.949335 Q: -0.00472113
T: -0.931811 Q: -0.00491168
T: -0.897294 Q: -0.00492678
T: -0.846834 Q: -0.00461799
T: -0.781965 Q: -0.00555748
T: -0.704656 Q: -0.00941574
T: -0.617257 Q: -0.0091917
T: -0.522424 Q: -0.0167048
T: -0.423038 Q: -0.0322669
T: -0.322118 Q: -0.0520183
T: -0.222732 Q: -0.0420481
T: -0.127899 Q: inf
T: -0.0404997 Q: -0.0385543
T: 0.0368091 Q: -0.038859
T: 0.101679 Q: -0.030307
T: 0.152139 Q: inf
T: 0.186655 Q: -0.0366536
T: 0.20418 Q: -0.0273284
T: 0.20418 Q: -0.031213
T: 0.186655 Q: inf
T: 0.152139 Q: inf
T: 0.101679 Q: -0.0131667
T: 0.0368091 Q: -0.0139127
T: -0.0404997 Q: inf
T: -0.127899 Q: -0.0125891
T: -0.222732 Q: -0.00701353
T: -0.322118 Q: inf
Sec_Event 25983601 N50: 40
T: -0.656021 Q: -0.00650795
T: -0.718308 Q: -0.00503285
T: -0.777742 Q: -0.00442263
T: -0.832516 Q: inf
T: -0.880967 Q: -0.00277281
T: -0.921622 Q: inf
T: -0.953246 Q: inf
T: -0.974878 Q: inf
T: -0.985861 Q: -0.00145498
T: -0.985861 Q: -0.00215915
T: -0.974878 Q: -0.00174809
T: -0.953246 Q: -0.0019884
T: -0.921622 Q: -0.00212367
T: -0.880967 Q: inf
T: -0.832516 Q: inf
T: -0.777742 Q: -0.00226462
T: -0.718308 Q: -0.00364227
T: -0.656021 Q: -0.0033124
T: -0.592773 Q: -0.00317696
T: -0.530486 Q: inf
T: -0.471052 Q: -0.00340279
T: -0.416277 Q: inf
T: -0.367827 Q: -0.00439725
T: -0.327172 Q: inf
T: -0.295548 Q: inf
T: -0.273915 Q: inf
T: -0.262933 Q: -0.0083064
T: -0.262933 Q: -0.00918898
T: -0.273915 Q: -0.0111324
T: -0.295548 Q: -0.0137156
T: -0.327172 Q: inf
T: -0.367827 Q: -0.0249934
T: -0.416277 Q: inf
T: -0.471052 Q: inf
T: -0.530486 Q: -0.0151383
T: -0.592773 Q: inf
Sec_Event 25983601 N50: 25
T: -0.0456749 Q: inf
T: -0.160523 Q: -0.0131368
T: -0.270111 Q: inf
T: -0.371107 Q: -0.015259
T: -0.460443 Q: inf
T: -0.535405 Q: inf
T: -0.593715 Q: -0.00937479
T: -0.633602 Q: inf
T: -0.653853 Q: -0.00894073
T: -0.653853 Q: -0.00775374
T: -0.633602 Q: inf
T: -0.593715 Q: inf
T: -0.535405 Q: inf
T: -0.460443 Q: -0.0171536
T: -0.371107 Q: -0.0311012
T: -0.270111 Q: inf
T: -0.160523 Q: -0.0390322
T: -0.0456749 Q: inf
T: 0.0709454 Q: -0.0492695
T: 0.185794 Q: -0.0420977
T: 0.295381 Q: -0.045645
T: 0.396377 Q: -0.0487467
T: 0.485714 Q: inf
T: 0.560676 Q: -0.0720359
T: 0.618986 Q: inf
T: 0.658872 Q: -0.0685722
T: 0.679123 Q: -0.0736121
T: 0.679123 Q: inf
T: 0.658872 Q: inf
T: 0.618986 Q: -0.0505065
T: 0.560676 Q: -0.0295794
T: 0.485714 Q: -0.0239564
T: 0.396377 Q: inf
T: 0.295381 Q: -0.0142446
T: 0.185794 Q: inf
T: 0.0709454 Q: -0.0157708
Sec_Event 25983601 N50: 35
T: -0.257898 Q: inf
T: -0.368448 Q: -0.012771
T: -0.473934 Q: -0.0107319
T: -0.57115 Q: inf
T: -0.657143 Q: -0.00414233
T: -0.7293 Q: inf
T: -0.785428 Q: -0.00207756
T: -0.823822 Q: -0.00225255
T: -0.843315 Q: -0.00519144
T: -0.843315 Q: -0.00212382
T: -0.823822 Q: -0.00201364
T: -0.785428 Q: -0.00277072
T: -0.7293 Q: -0.0033696
T: -0.657143 Q: -0.00596749
T: -0.57115 Q: -0.00867296
T: -0.473934 Q: inf
T: -0.368448 Q: inf
T: -0.257898 Q: -0.056727
T: -0.145642 Q: -0.0383572
T: -0.0350915 Q: inf
T: 0.0703945 Q: -0.0546895
T: 0.167611 Q: -0.0400121
T: 0.253604 Q: -0.0463479
T: 0.32576 Q: -0.0498445
T: 0.381888 Q: inf
T: 0.420282 Q: -0.0507976
T: 0.439775 Q: inf
T: 0.439775 Q: -0.0397249
T: 0.420282 Q: -0.036925
T: 0.381888 Q: -0.0295513
T: 0.32576 Q: -0.0264045
T: 0.253604 Q: inf
T: 0.167611 Q: -0.0147032
T: 0.0703945 Q: inf
T: -0.0350915 Q: -0.0130335
T: -0.145642 Q: inf
Sec_Event 26159390 N50: 42
T: 0.445047 Q: -0.00242623
T: 0.358548 Q: -0.00165944
T: 0.276012 Q: -0.00136332
T: 0.199946 Q: -0.00142653
T: 0.132662 Q: -0.00138769
T: 0.0762035 Q: inf
T: 0.0322868 Q: inf
T: 0.00224607 Q: -0.000340375
T: -0.013006 Q: -0.00194802
T: -0.013006 Q: -0.00388568
T: 0.00224607 Q: -0.000245124
T: 0.0322868 Q: -0.001036
T: 0.0762035 Q: -0.00148667
T: 0.132662 Q: -0.00149548
T: 0.199946 Q: -0.00398424
T: 0.276012 Q: inf
T: 0.358548 Q: -0.00141085
T: 0.445047 Q: inf
T: 0.532881 Q: inf
T: 0.61938 Q: -0.00292748
T: 0.701916 Q: -0.00601468
T: 0.777982 Q: inf
T: 0.845266 Q: inf
T: 0.901724 Q: -0.0274569
T: 0.945641 Q: -0.02774
T: 0.975682 Q: inf
T: 0.990934 Q: -0.0264051
T: 0.990934 Q: -0.0264351
T: 0.975682 Q: -0.0257969
T: 0.945641 Q: -0.0233044
T: 0.901724 Q: -0.0308618
T: 0.845266 Q: -0.016542
T: 0.777982 Q: inf
T: 0.701916 Q: -0.0085798
T: 0.61938 Q: -0.00460555
T: 0.532881 Q: -0.00182317
Sec_Event 26159390 N50: 34
T: -0.563117 Q: -0.0175894
T: -0.644938 Q: -0.0129016
T: -0.723011 Q: -0.013859
T: -0.794964 Q: -0.0159507
T: -0.85861 Q: -0.01332
T: -0.912015 Q: inf
T: -0.953557 Q: -0.0103411
T: -0.981973 Q: inf
T: -0.996401 Q: -0.00810117
T: -0.996401 Q: inf
T: -0.981973 Q: inf
T: -0.953557 Q: inf
T: -0.912015 Q: inf
T: -0.85861 Q: inf
T: -0.794964 Q: -0.0189608
T: -0.723011 Q: -0.0248782
T: -0.644938 Q: inf
T: -0.563117 Q: inf
T: -0.480033 Q: inf
T: -0.398211 Q: inf
T: -0.320138 Q: -0.0648212
T: -0.248186 Q: -0.0546659
T: -0.18454 Q: -0.0528513
T: -0.131135 Q: inf
T: -0.0895927 Q: -0.0448508
T: -0.0611764 Q: -0.0515954
T: -0.0467491 Q: inf
T: -0.0467491 Q: -0.0465572
T: -0.0611764 Q: -0.0379237
T: -0.0895927 Q: -0.04025
T: -0.131135 Q: -0.0280217
T: -0.18454 Q: -0.0237446
T: -0.248186 Q: -0.0199954
T: -0.320138 Q: inf
T: -0.398211 Q: -0.0131721
T: -0.480033 Q: -0.0159008
Sec_Event 26159390 N50: 32
T: 0.340152 Q: -0.0580397
T: 0.242357 Q: -0.0478161
T: 0.149042 Q: inf
T: 0.0630429 Q: -0.0415939
T: -0.0130282 Q: -0.058436
T: -0.0768594 Q: -0.0450495
T: -0.126511 Q: -0.0392294
T: -0.160475 Q: -0.0363193
T: -0.177719 Q: inf
T: -0.177719 Q: -0.0321407
T: -0.160475 Q: -0.0294509
T: -0.126511 Q: inf
T: -0.0768594 Q: inf
T: -0.0130282 Q: -0.0170152
T: 0.0630429 Q: -0.0116397
T: 0.149042 Q: -0.0109009
T: 0.242357 Q: -0.0114834
T: 0.340152 Q: -0.0111582
T: 0.439456 Q: -0.0147922
T: 0.537251 Q: -0.0124027
T: 0.630566 Q: inf
T: 0.716566 Q: -0.0254577
T: 0.792637 Q: inf
T: 0.856468 Q: -0.0378591
T: 0.90612 Q: -0.0364716
T: 0.940084 Q: inf
T: 0.957327 Q: -0.0246235
T: 0.957327 Q: inf
T: 0.940084 Q: -0.0306073
T: 0.90612 Q: -0.0288174
T: 0.856468 Q: -0.0380682
T: 0.792637 Q: -0.0507775
T: 0.716566 Q: -0.067133
T: 0.630566 Q: -0.0771815
T: 0.537251 Q: inf
T: 0.439456 Q: -0.0569655
500000/510692

gestpm: TOTAL NUMBER PMT: WALL; TOP; BOTTOM; ALL  7650  1748  1748 11146
 *****************************
 * This is for SK-VI map      *
 *****************************
 findconsts: connection table file: /home/licheng/local/skofl/const//connection.super.dat
gexyz: PMT # FOR EACH SECTION       1  7650  7651  9398  9399 11146
gexyz: maxpm,nlwal     11146      7650
 findconsts: connection table1 file: /home/licheng/local/skofl/const//connection.super.dat
 findconsts: connection table2 file: /home/licheng/local/skofl/const//connection.super.sk-5.dat
 findfile: checking /home/licheng/local/skofl/const//misch3.dat
 findfile: found /home/licheng/local/skofl/const//misch3.dat
 findconsts: mis channel file: /home/licheng/local/skofl/const//misch3.dat
 findfile: checking /home/licheng/local/skofl/const//skpmt_sk5.dat
 findfile: found /home/licheng/local/skofl/const//skpmt_sk5.dat
 findconsts: pmt file: /home/licheng/local/skofl/const//skpmt_sk5.dat
gestpma: TOTAL NUMBER anti PMT: WALL; TOP; BOTTOM; ALL  1275   302   308  1885
gexyza: anti PMT # FOR EACH SECTION       1  1275  1276  1577  1578  1885
 maxpma,nlwala      1885      1275
 skbadch: log_level =            0
 findconsts: badch.090600 file: /home/licheng/local/skofl/const//badch/badch.090600
 findconsts: bad channel file: /home/licheng/local/skofl/const//badch.dat
 findconsts: badch.090600 file: /home/licheng/local/skofl/const//badch/badch.090600
 skdark: log_level =            0
 findconsts: darkr.090600.root file: /home/licheng/local/skofl/const//darkr/darkr.090600.root
 findconsts: badsub SK-I 1 file: /home/licheng/local/skofl/const//lowe/badsub.sk.r1742-3051.r3208-3608
 nbad 1 =         1851
 findconsts: badsub SK-I 2 file: /home/licheng/local/skofl/const//lowe/badsub.sk.realtim
 nbad 2 =        17511
 findconsts: badsub SK-I 3 file: /home/licheng/local/skofl/const//lowe/badsub.sk.manual.1260day
 nbad 3 =        21939
 findconsts: badsub SK-I 4 file: /home/licheng/local/skofl/const//lowe/badsub.sk.sle.1260day
 nbad 4 =        28004
 findconsts: badsub SK-I 5 file: /home/licheng/local/skofl/const//lowe/badsub.sk.manual
 nbad 5 =        28105
 findconsts: badsub SK-I 6 file: /home/licheng/local/skofl/const//lowe/badsub.sk.sle
 nbad 6 =        28105
 findconsts: badsub SK-II 1 file: /home/licheng/local/skofl/const//lowe/badsub.sk2.manual
 nbad_sk2 SK-II 1 =        27759
 findconsts: badsub SK-III 1 file: /home/licheng/local/skofl/const//lowe/badsub.sk3.manual
 nbad_sk3 SK-III 1 =         4149
 findconsts: badsub SK-IV file: /home/licheng/local/skofl/const//lowe/badsub.sk4.manual
 nbad_sk4 SK-IV =        66921
 read local badsub.sk5.manual.local
 nbad_sk5 SK-V =         2595
 read local badsub.sk6.manual.local
 nbad_sk6 SK-VI (Gd) =         7717
 findconsts: skcoverage_barrel file: /home/licheng/local/skofl/const//lowe/skcov_b_p3.dat
 findconsts: nearest neighbor file: /home/licheng/local/skofl/const//neighb.dat
 neighbsk: reading neighbor file /home/licheng/local/skofl/const//neighb.dat
 findconsts: skcoverage_sk4_final file: /home/licheng/local/skofl/const//lowe/skcov_c_p3.dat
