Output file: output/wt_090471.root input file:/disk03/lowe10/sk7/sle/lomugd.090471.root
 Id of this manager : 10
InitReadRoot: total = 514500
RUNINFO found in the rare list
SK geometry setting: 6
***** Dummy rgetvalue was called. (Remote File Access is not supported) *****
==========WT:========== 13437.3 13815.7 12535.3
0/514500
Sec_Event 426015 N50: 34
T: -0.61007 Q: -0.00871512
T: -0.683227 Q: -0.0163871
T: -0.753033 Q: -0.0243956
T: -0.817366 Q: -0.0419414
T: -0.874273 Q: -0.0594404
T: -0.922023 Q: -0.0700822
T: -0.959165 Q: -0.0560866
T: -0.984573 Q: -0.0546809
T: -0.997472 Q: -0.0655004
T: -0.997472 Q: -0.0572148
T: -0.984573 Q: -0.0605563
T: -0.959165 Q: -0.0636426
T: -0.922023 Q: -0.0404516
T: -0.874273 Q: -0.0203019
T: -0.817366 Q: -0.00887855
T: -0.753033 Q: -0.00758089
T: -0.683227 Q: -0.00973525
T: -0.61007 Q: -0.00193159
T: -0.535784 Q: -0.00153029
T: -0.462627 Q: -0.00145539
T: -0.392821 Q: -0.00146146
T: -0.328488 Q: -0.00153023
T: -0.271582 Q: -0.00100191
T: -0.223832 Q: -0.00182179
T: -0.186689 Q: -0.000523766
T: -0.161282 Q: -0.00150178
T: -0.148382 Q: -0.00142938
T: -0.148382 Q: -0.00109132
T: -0.161282 Q: -0.000793414
T: -0.186689 Q: -0.00187467
T: -0.223832 Q: -0.00261257
T: -0.271582 Q: -0.00206219
T: -0.328488 Q: -0.00208537
T: -0.392821 Q: -0.00362847
T: -0.462627 Q: -0.0064205
T: -0.535784 Q: -0.0267868
Sec_Event 426015 N50: 48
T: -0.736924 Q: -0.00197112
T: -0.763057 Q: 2.00006
T: -0.787994 Q: -0.00212376
T: -0.810975 Q: -0.00438437
T: -0.831303 Q: -0.00314029
T: -0.84836 Q: -0.00668913
T: -0.861628 Q: 0.807345
T: -0.870704 Q: 0.674723
T: -0.875312 Q: 0.883189
T: -0.875312 Q: 0.746372
T: -0.870704 Q: 0.728231
T: -0.861628 Q: 1.14728
T: -0.84836 Q: -0.0620164
T: -0.831303 Q: -0.0831329
T: -0.810975 Q: 2.19686
T: -0.787994 Q: -0.0705846
T: -0.763057 Q: 1.23528
T: -0.736924 Q: -0.0749251
T: -0.710388 Q: -0.085519
T: -0.684254 Q: -0.0716006
T: -0.659318 Q: -0.0748015
T: -0.636337 Q: 2.31331
T: -0.616009 Q: 1.08233
T: -0.598952 Q: -0.0590855
T: -0.585684 Q: -0.0415275
T: -0.576608 Q: 1.2549
T: -0.572 Q: -0.0294365
T: -0.572 Q: -0.0195355
T: -0.576608 Q: 0.819966
T: -0.585684 Q: -0.00938734
T: -0.598952 Q: -0.00834092
T: -0.616009 Q: 3.06264
T: -0.636337 Q: 0.840833
T: -0.659318 Q: -0.00898764
T: -0.684254 Q: 0.724705
T: -0.710388 Q: -0.00343298
Sec_Event 426015 N50: 46
T: 0.59235 Q: 0.894435
T: 0.529973 Q: -0.00251325
T: 0.470453 Q: -0.00394901
T: 0.415599 Q: -0.0013364
T: 0.367078 Q: 2.20383
T: 0.326364 Q: 1.13162
T: 0.294695 Q: -0.000720269
T: 0.273031 Q: -0.00081613
T: 0.262032 Q: 1.06812
T: 0.262032 Q: 0.971821
T: 0.273031 Q: 1.40183
T: 0.294695 Q: -0.000732188
T: 0.326364 Q: -0.00118038
T: 0.367078 Q: -0.00224732
T: 0.415599 Q: 0.949903
T: 0.470453 Q: 1.07689
T: 0.529973 Q: -0.000996942
T: 0.59235 Q: 1.10585
T: 0.65569 Q: 2.18051
T: 0.718067 Q: 2.44033
T: 0.777587 Q: 1.05225
T: 0.83244 Q: -0.00062213
T: 0.880961 Q: 1.18579
T: 0.953345 Q: -0.000769401
T: 0.986007 Q: -0.000781072
T: 0.986007 Q: 1.39662
T: 0.975008 Q: 1.27752
T: 0.953345 Q: 1.43969
T: 0.921675 Q: 1.55496
T: 0.880961 Q: -0.000377419
T: 0.83244 Q: 1.29708
T: 0.777587 Q: -0.00034181
T: 0.718067 Q: 2.87973
T: 0.65569 Q: -0.00114268
Sec_Event 591307 N50: 37
T: 0.423071 Q: -0.0253707
T: 0.333888 Q: -0.016837
T: 0.248791 Q: -0.0174039
T: 0.170366 Q: -0.0131145
T: 0.100994 Q: -0.0157467
T: 0.0427841 Q: 1.28462
T: -0.00249509 Q: -0.0123924
T: -0.0334679 Q: 1.21434
T: -0.0491932 Q: 1.18991
T: -0.0491932 Q: -0.01096
T: -0.0334679 Q: -0.0107262
T: -0.00249509 Q: -0.0107189
T: 0.0427841 Q: -0.00957815
T: 0.100994 Q: -0.0087057
T: 0.170366 Q: -0.0109902
T: 0.248791 Q: 3.68149
T: 0.333888 Q: 1.51787
T: 0.423071 Q: 1.17694
T: 0.513629 Q: -0.0105272
T: 0.602812 Q: 1.15135
T: 0.687909 Q: -0.0276267
T: 0.766335 Q: -0.0220846
T: 0.835706 Q: -0.0452857
T: 0.893916 Q: -0.045595
T: 0.939195 Q: 1.17153
T: 0.970168 Q: -0.0319921
T: 0.985893 Q: -0.0280096
T: 0.985893 Q: -0.0325878
T: 0.970168 Q: -0.0308441
T: 0.939195 Q: 1.18583
T: 0.893916 Q: -0.0360216
T: 0.835706 Q: -0.0459564
T: 0.766335 Q: 1.4324
T: 0.687909 Q: -0.0446618
T: 0.602812 Q: -0.0410206
T: 0.513629 Q: -0.0352929
Sec_Event 1569353 N50: 30
T: -0.326173 Q: -0.0214788
T: -0.433074 Q: -0.0153431
T: -0.535077 Q: 1.08753
T: -0.629085 Q: 1.21873
T: -0.712239 Q: -0.0161279
T: -0.782013 Q: 1.08077
T: -0.836288 Q: -0.00983996
T: -0.873415 Q: -0.00849088
T: -0.892264 Q: -0.00813338
T: -0.892264 Q: -0.00764215
T: -0.873415 Q: -0.00734409
T: -0.836288 Q: -0.0110554
T: -0.782013 Q: 1.16538
T: -0.712239 Q: -0.0183957
T: -0.629085 Q: -0.0194577
T: -0.535077 Q: 1.11733
T: -0.433074 Q: 1.15579
T: -0.326173 Q: -0.0173352
T: -0.217623 Q: -0.0144856
T: -0.110722 Q: -0.0163404
T: -0.0087184 Q: 2.31126
T: 0.0852887 Q: 1.36841
T: 0.168443 Q: -0.0139778
T: 0.238217 Q: 2.21581
T: 0.292492 Q: -0.0157117
T: 0.329619 Q: -0.0210015
T: 0.348468 Q: 1.20604
T: 0.348468 Q: 1.38709
T: 0.329619 Q: -0.0162295
T: 0.292492 Q: -0.0144431
T: 0.238217 Q: -0.0151732
T: 0.168443 Q: -0.0153668
T: 0.0852887 Q: -0.013612
T: -0.0087184 Q: -0.0224656
T: -0.110722 Q: -0.0143723
T: -0.217623 Q: -0.0154439
Sec_Event 2015673 N50: 44
T: -0.711626 Q: -0.0460961
T: -0.754298 Q: -0.0424136
T: -0.795015 Q: 1.32547
T: -0.832541 Q: -0.0384853
T: -0.865734 Q: 1.33764
T: -0.893586 Q: -0.0347818
T: -0.915252 Q: 1.23959
T: -0.930071 Q: 2.812
T: -0.937596 Q: -0.0259756
T: -0.937596 Q: -0.0259151
T: -0.930071 Q: 1.42452
T: -0.915252 Q: 1.5528
T: -0.893586 Q: -0.0125704
T: -0.865734 Q: -0.00449008
T: -0.832541 Q: -0.00210794
T: -0.795015 Q: 1.13872
T: -0.754298 Q: -0.00115196
T: -0.711626 Q: -0.000326458
T: -0.668295 Q: -0.000614328
T: -0.625623 Q: -0.000560106
T: -0.584906 Q: -0.00128903
T: -0.54738 Q: -0.000296835
T: -0.514187 Q: -0.000631693
T: -0.46467 Q: -0.00113062
T: -0.442325 Q: -0.000916864
T: -0.442325 Q: -0.000810345
T: -0.44985 Q: 0.953625
T: -0.46467 Q: -0.00239992
T: -0.486335 Q: 2.45683
T: -0.514187 Q: -0.00680376
T: -0.54738 Q: 0.955547
T: -0.584906 Q: 0.986952
T: -0.625623 Q: -0.0335028
T: -0.668295 Q: -0.0460743
Sec_Event 2438422 N50: 28
T: -0.252284 Q: 1.10337
T: -0.363081 Q: -0.00581339
T: -0.468802 Q: -0.00743823
T: -0.566235 Q: -0.0080784
T: -0.65242 Q: 1.065
T: -0.724737 Q: 1.00177
T: -0.78099 Q: -0.0242402
T: -0.819469 Q: -0.0478075
T: -0.839006 Q: -0.0422118
T: -0.839006 Q: -0.0529667
T: -0.819469 Q: 1.27866
T: -0.78099 Q: -0.0664013
T: -0.724737 Q: 1.28348
T: -0.65242 Q: -0.063006
T: -0.566235 Q: 1.17629
T: -0.468802 Q: -0.038946
T: -0.363081 Q: -0.0407728
T: -0.252284 Q: -0.0339858
T: -0.139778 Q: 1.14765
T: -0.0289812 Q: -0.0252923
T: 0.0767399 Q: -0.0260367
T: 0.174173 Q: -0.0240789
T: 0.260358 Q: 1.00271
T: 0.332675 Q: -0.0206736
T: 0.388928 Q: -0.0156062
T: 0.427407 Q: -0.0109981
T: 0.446944 Q: -0.0117796
T: 0.446944 Q: 0.927106
T: 0.427407 Q: -0.00941521
T: 0.388928 Q: -0.00669105
T: 0.332675 Q: 1.02317
T: 0.260358 Q: 1.35366
T: 0.174173 Q: -0.0105649
T: 0.0767399 Q: -0.00378551
T: -0.0289812 Q: 1.4149
T: -0.139778 Q: -0.00536525
Sec_Event 3105108 N50: 43
T: 0.231025 Q: 1.29498
T: 0.124936 Q: -0.0174507
T: 0.0237064 Q: -0.0154569
T: -0.0695873 Q: -0.016056
T: -0.15211 Q: -0.0131897
T: -0.221355 Q: -0.01197
T: -0.275218 Q: 0.751616
T: -0.312063 Q: -0.00791786
T: -0.330769 Q: -0.0075868
T: -0.330769 Q: 0.744209
T: -0.312063 Q: 1.96635
T: -0.275218 Q: -0.0063063
T: -0.221355 Q: -0.00692211
T: -0.15211 Q: -0.00608484
T: -0.0695873 Q: 1.21057
T: 0.0237064 Q: 1.28542
T: 0.124936 Q: -0.00570405
T: 0.231025 Q: -0.00569816
T: 0.338752 Q: 1.11218
T: 0.444841 Q: 1.29397
T: 0.546071 Q: 1.17585
T: 0.639364 Q: -0.00979652
T: 0.721887 Q: 1.07878
T: 0.791132 Q: -0.0237325
T: 0.844995 Q: -0.0459404
T: 0.88184 Q: 0.842764
T: 0.900546 Q: 1.54
T: 0.900546 Q: 1.18188
T: 0.88184 Q: -0.0747229
T: 0.844995 Q: 1.36338
T: 0.791132 Q: 1.25762
T: 0.721887 Q: 1.06936
T: 0.639364 Q: 2.49478
T: 0.546071 Q: 1.15723
T: 0.444841 Q: 1.11888
T: 0.338752 Q: 1.48547
Sec_Event 3201233 N50: 51
T: -0.188685 Q: -0.0286831
T: -0.301744 Q: -0.0364452
T: -0.409623 Q: -0.0446598
T: -0.509045 Q: -0.0506854
T: -0.596989 Q: -0.0463807
T: -0.670783 Q: -0.0576446
T: -0.728184 Q: -0.069501
T: -0.767449 Q: 1.06943
T: -0.787384 Q: 1.13352
T: -0.787384 Q: -0.0737681
T: -0.767449 Q: 2.30043
T: -0.728184 Q: -0.0399465
T: -0.670783 Q: 0.978044
T: -0.596989 Q: 2.30711
T: -0.509045 Q: -0.012823
T: -0.409623 Q: -0.018733
T: -0.301744 Q: -0.00934998
T: -0.188685 Q: -0.0127587
T: -0.0738823 Q: -0.00811316
T: 0.0391762 Q: -0.00651373
T: 0.147055 Q: -0.00754548
T: 0.246478 Q: 0.741412
T: 0.334421 Q: -0.00506191
T: 0.408215 Q: 0.92328
T: 0.465617 Q: 0.866986
T: 0.504881 Q: 1.75993
T: 0.524817 Q: 2.19018
T: 0.524817 Q: 1.0299
T: 0.504881 Q: -0.00180624
T: 0.465617 Q: -0.00212449
T: 0.408215 Q: -0.0028362
T: 0.334421 Q: 0.857991
T: 0.246478 Q: 0.7674
T: 0.147055 Q: 1.24515
T: 0.0391762 Q: 3.57812
T: -0.0738823 Q: 1.13111
Sec_Event 3909324 N50: 40
T: 0.40535 Q: -0.00064859
T: 0.227097 Q: 1.32687
T: 0.146883 Q: -0.00079192
T: 0.0163926 Q: 1.14084
T: -0.0299189 Q: 1.30723
T: -0.0615979 Q: -0.000474589
T: -0.0776817 Q: -0.000584028
T: -0.0776817 Q: -0.000771962
T: -0.0615979 Q: -0.00133153
T: -0.0299189 Q: 1.16587
T: 0.0163926 Q: 0.920868
T: 0.0759295 Q: -0.00660736
T: 0.146883 Q: -0.00508741
T: 0.227097 Q: 0.895993
T: 0.314134 Q: 1.22355
T: 0.40535 Q: -0.00924211
T: 0.497973 Q: 1.12238
T: 0.589189 Q: -0.00611103
T: 0.676226 Q: -0.00309195
T: 0.75644 Q: -0.00334721
T: 0.827393 Q: -0.00213127
T: 0.88693 Q: -0.00261471
T: 0.933242 Q: -0.00126305
T: 0.964921 Q: 1.07957
T: 0.981005 Q: -0.001158
T: 0.981005 Q: -0.00213664
T: 0.964921 Q: -0.00089318
T: 0.933242 Q: -0.0011285
T: 0.88693 Q: -0.00125702
T: 0.827393 Q: -0.00118253
T: 0.75644 Q: -0.00084211
T: 0.676226 Q: 1.30594
T: 0.589189 Q: -0.00177431
T: 0.497973 Q: 1.50325
Sec_Event 3909324 N50: 41
T: 0.522558 Q: -0.00156038
T: 0.447193 Q: -0.000750427
T: 0.37528 Q: -0.000288026
T: 0.309006 Q: 1.26844
T: 0.250382 Q: 3.242
T: 0.201191 Q: 1.42584
T: 0.123465 Q: -0.000386374
T: 0.136753 Q: 1.30412
T: 0.201191 Q: 1.80323
T: 0.250382 Q: 1.50668
T: 0.309006 Q: 1.33877
T: 0.37528 Q: 1.04068
T: 0.447193 Q: -0.00081863
T: 0.522558 Q: -0.00130647
T: 0.599085 Q: -0.00277075
T: 0.67445 Q: -0.00119702
T: 0.746363 Q: -0.00127475
T: 0.812637 Q: -0.00140699
T: 0.871261 Q: 1.32777
T: 0.920452 Q: -0.00133392
T: 0.958716 Q: 1.45128
T: 0.98489 Q: -0.000611438
T: 0.998178 Q: -0.0015522
T: 0.998178 Q: -0.000674398
T: 0.98489 Q: -0.00115181
T: 0.958716 Q: -0.000973843
T: 0.920452 Q: -0.000594216
T: 0.871261 Q: 1.26174
T: 0.812637 Q: -0.00146772
T: 0.746363 Q: -0.00145162
T: 0.67445 Q: 1.00577
T: 0.599085 Q: 1.20124
Sec_Event 4337360 N50: 27
T: -0.0416331 Q: -0.0444524
T: -0.156469 Q: -0.041978
T: -0.266045 Q: 0.79104
T: -0.36703 Q: -0.0376059
T: -0.456357 Q: 1.03143
T: -0.531311 Q: -0.014393
T: -0.589615 Q: -0.0105809
T: -0.629497 Q: -0.00922489
T: -0.649746 Q: 1.11817
T: -0.649746 Q: -0.00567376
T: -0.629497 Q: -0.0088557
T: -0.589615 Q: -0.0123865
T: -0.531311 Q: -0.0117437
T: -0.456357 Q: 1.06715
T: -0.36703 Q: -0.0228633
T: -0.266045 Q: -0.0170512
T: -0.156469 Q: -0.0193275
T: -0.0416331 Q: -0.0189125
T: 0.0749747 Q: -0.0210469
T: 0.189811 Q: -0.0213414
T: 0.299387 Q: -0.018868
T: 0.400372 Q: -0.0250708
T: 0.489699 Q: -0.0342151
T: 0.564653 Q: 1.15094
T: 0.622957 Q: -0.0737182
T: 0.662839 Q: -0.0807462
T: 0.683087 Q: -0.0779057
T: 0.683087 Q: -0.0872368
T: 0.662839 Q: -0.0796065
T: 0.622957 Q: 1.2179
T: 0.564653 Q: -0.0853829
T: 0.489699 Q: -0.0787703
T: 0.400372 Q: 1.24983
T: 0.299387 Q: -0.0585541
T: 0.189811 Q: 1.47942
T: 0.0749747 Q: -0.053484
100000/514500
Sec_Event 5231203 N50: 33
T: -0.361841 Q: -0.0272334
T: -0.46632 Q: -0.0277568
T: -0.566013 Q: 1.2721
T: -0.65789 Q: 1.20357
T: -0.739161 Q: 1.16536
T: -0.807355 Q: -0.0663757
T: -0.8604 Q: -0.063375
T: -0.896686 Q: -0.0645892
T: -0.915108 Q: -0.0610844
T: -0.915108 Q: -0.086051
T: -0.896686 Q: -0.0662467
T: -0.8604 Q: -0.0489445
T: -0.807355 Q: -0.027021
T: -0.739161 Q: 1.08611
T: -0.65789 Q: -0.0138821
T: -0.566013 Q: -0.00909256
T: -0.46632 Q: -0.0103486
T: -0.361841 Q: 4.04487
T: -0.25575 Q: 1.31574
T: -0.15127 Q: -0.00437522
T: -0.0515773 Q: -0.00548092
T: 0.0403002 Q: -0.00753875
T: 0.121571 Q: 1.22579
T: 0.189765 Q: 1.23665
T: 0.24281 Q: -0.00743175
T: 0.279095 Q: -0.00749749
T: 0.297518 Q: 1.08374
T: 0.297518 Q: -0.0104792
T: 0.279095 Q: -0.0104224
T: 0.24281 Q: 1.45447
T: 0.189765 Q: -0.0118069
T: 0.121571 Q: 1.53823
T: 0.0403002 Q: -0.0193258
T: -0.0515773 Q: 1.34994
T: -0.15127 Q: 1.27854
T: -0.25575 Q: -0.0201383
Sec_Event 5349608 N50: 35
T: -0.340787 Q: 0.715481
T: -0.446741 Q: 0.814962
T: -0.547841 Q: -0.00110957
T: -0.641015 Q: 0.768944
T: -0.723433 Q: -0.00509489
T: -0.792589 Q: 0.83568
T: -0.846384 Q: -0.00552431
T: -0.883181 Q: -0.00396455
T: -0.901864 Q: -0.00489289
T: -0.901864 Q: -0.00381983
T: -0.883181 Q: -0.00446243
T: -0.846384 Q: -0.0050116
T: -0.792589 Q: -0.00861431
T: -0.723433 Q: -0.0128487
T: -0.641015 Q: -0.0125518
T: -0.547841 Q: 0.944815
T: -0.446741 Q: -0.0328226
T: -0.340787 Q: -0.0384082
T: -0.233198 Q: 2.30438
T: -0.127244 Q: 1.06294
T: -0.0261441 Q: -0.0282251
T: 0.0670302 Q: -0.0272918
T: 0.149448 Q: 1.08225
T: 0.218604 Q: -0.0287501
T: 0.272399 Q: -0.0220802
T: 0.309196 Q: -0.0165352
T: 0.327879 Q: -0.0156204
T: 0.327879 Q: -0.00700653
T: 0.309196 Q: 0.754973
T: 0.272399 Q: -0.00369061
T: 0.218604 Q: -0.00229086
T: 0.149448 Q: -0.00185762
T: 0.0670302 Q: -0.00137987
T: -0.0261441 Q: -0.000936686
T: -0.127244 Q: 0.811858
T: -0.233198 Q: -0.00208216
Sec_Event 5934907 N50: 31
T: -0.508894 Q: -0.0683328
T: -0.598705 Q: 1.33668
T: -0.684402 Q: -0.0860185
T: -0.76338 Q: -0.0863373
T: -0.833241 Q: -0.0659204
T: -0.891861 Q: 1.3421
T: -0.937459 Q: -0.043928
T: -0.96865 Q: -0.0421158
T: -0.984486 Q: -0.0393938
T: -0.984486 Q: 1.39649
T: -0.96865 Q: -0.0724644
T: -0.937459 Q: 0.74319
T: -0.891861 Q: -0.0114538
T: -0.833241 Q: -0.00707016
T: -0.76338 Q: -0.00463366
T: -0.684402 Q: -0.00494892
T: -0.598705 Q: -0.00334731
T: -0.508894 Q: 1.64615
T: -0.417698 Q: -0.0062845
T: -0.327887 Q: -0.0023955
T: -0.24219 Q: -0.00490957
T: -0.163212 Q: -0.00452144
T: -0.093351 Q: 1.92674
T: -0.034731 Q: -0.0110416
T: 0.0108673 Q: -0.012085
T: 0.0420583 Q: -0.0230895
T: 0.0578944 Q: 1.95745
T: 0.0578944 Q: -0.0236654
T: 0.0420583 Q: 2.5024
T: 0.0108673 Q: -0.0392694
T: -0.034731 Q: -0.0408113
T: -0.093351 Q: 1.24085
T: -0.163212 Q: -0.0542889
T: -0.24219 Q: -0.0560825
T: -0.327887 Q: -0.0522811
T: -0.417698 Q: -0.061424
Sec_Event 6021233 N50: 27
T: -0.648984 Q: -0.00522118
T: -0.713144 Q: -0.006683
T: -0.774364 Q: -0.00648873
T: -0.830785 Q: -0.0101266
T: -0.880693 Q: -0.0244906
T: -0.92257 Q: 1.08471
T: -0.955145 Q: -0.0338247
T: -0.977427 Q: -0.0262738
T: -0.98874 Q: -0.0244787
T: -0.98874 Q: -0.0279461
T: -0.977427 Q: -0.0290956
T: -0.955145 Q: -0.0322138
T: -0.92257 Q: -0.0314967
T: -0.880693 Q: -0.0386311
T: -0.830785 Q: -0.0566557
T: -0.774364 Q: 1.24023
T: -0.713144 Q: -0.05147
T: -0.648984 Q: -0.0496163
T: -0.583834 Q: -0.0443628
T: -0.519674 Q: -0.0430935
T: -0.458454 Q: -0.0282882
T: -0.402033 Q: 2.32223
T: -0.352125 Q: 1.3138
T: -0.310248 Q: -0.0166381
T: -0.277673 Q: 1.05574
T: -0.255391 Q: -0.0124406
T: -0.244078 Q: -0.00706898
T: -0.244078 Q: -0.0162623
T: -0.255391 Q: -0.00759361
T: -0.277673 Q: 1.32012
T: -0.310248 Q: 1.00855
T: -0.352125 Q: 1.04822
T: -0.402033 Q: -0.00451648
T: -0.458454 Q: -0.00632161
T: -0.519674 Q: -0.00658059
T: -0.583834 Q: 1.2084
Sec_Event 6044553 N50: 26
T: 0.656598 Q: 1.06993
T: 0.6103 Q: -0.0136307
T: 0.566122 Q: -0.0110145
T: 0.525408 Q: -0.0111144
T: 0.489395 Q: 1.02688
T: 0.459176 Q: -0.0105266
T: 0.435669 Q: -0.00723514
T: 0.41959 Q: -0.0065719
T: 0.411426 Q: -0.00707437
T: 0.411426 Q: -0.00726693
T: 0.41959 Q: -0.00760657
T: 0.435669 Q: -0.00940544
T: 0.459176 Q: 1.09637
T: 0.489395 Q: -0.0129481
T: 0.525408 Q: -0.0151939
T: 0.566122 Q: -0.01745
T: 0.6103 Q: -0.0179932
T: 0.656598 Q: 0.954479
T: 0.703611 Q: 1.14275
T: 0.749909 Q: -0.0367345
T: 0.794086 Q: -0.0391378
T: 0.8348 Q: -0.0361271
T: 0.870814 Q: -0.045377
T: 0.901033 Q: -0.0364502
T: 0.924539 Q: -0.0294878
T: 0.940619 Q: -0.0299567
T: 0.948782 Q: 2.3563
T: 0.948782 Q: -0.033072
T: 0.940619 Q: -0.0283263
T: 0.924539 Q: -0.0300514
T: 0.901033 Q: -0.0314115
T: 0.870814 Q: 1.33758
T: 0.8348 Q: -0.0550607
T: 0.794086 Q: 0.969707
T: 0.749909 Q: -0.0309074
T: 0.703611 Q: 0.911823
Sec_Event 6044553 N50: 33
T: 0.736568 Q: -0.0215334
T: 0.727843 Q: 2.67934
T: 0.719518 Q: -0.0190991
T: 0.711845 Q: -0.031496
T: 0.705059 Q: -0.0199993
T: 0.699364 Q: -0.0214732
T: 0.694934 Q: -0.02805
T: 0.691904 Q: -0.0176612
T: 0.690366 Q: -0.0301561
T: 0.690366 Q: 2.41996
T: 0.691904 Q: -0.0284028
T: 0.694934 Q: 1.03123
T: 0.699364 Q: -0.0362843
T: 0.705059 Q: 1.11879
T: 0.711845 Q: -0.0539347
T: 0.719518 Q: 1.20456
T: 0.727843 Q: 1.40738
T: 0.736568 Q: -0.0548975
T: 0.745428 Q: -0.0582218
T: 0.754153 Q: 1.27827
T: 0.762478 Q: -0.0551308
T: 0.77015 Q: -0.0583515
T: 0.776937 Q: -0.0575111
T: 0.782632 Q: -0.0536551
T: 0.787062 Q: 1.20738
T: 0.790092 Q: -0.0569628
T: 0.79163 Q: -0.0417239
T: 0.79163 Q: 1.24796
T: 0.790092 Q: 1.32363
T: 0.787062 Q: 1.07053
T: 0.782632 Q: -0.0441037
T: 0.776937 Q: 1.06713
T: 0.77015 Q: -0.0369015
T: 0.762478 Q: 1.16352
T: 0.754153 Q: -0.0282414
T: 0.745428 Q: -0.0298537
Sec_Event 6214459 N50: 29
T: 0.411869 Q: -0.0132478
T: 0.321388 Q: -0.0107769
T: 0.235052 Q: -0.00773666
T: 0.155484 Q: -0.00706564
T: 0.0851023 Q: 0.91322
T: 0.026045 Q: -0.00566487
T: -0.0198934 Q: 1.05268
T: -0.0513171 Q: 0.986617
T: -0.0672713 Q: -0.00242659
T: -0.0672713 Q: -0.00186804
T: -0.0513171 Q: -0.001693
T: -0.0198934 Q: -0.00211363
T: 0.026045 Q: -0.00147429
T: 0.0851023 Q: -0.00187729
T: 0.155484 Q: -0.000496853
T: 0.235052 Q: -0.000894198
T: 0.321388 Q: 1.16245
T: 0.411869 Q: -0.00377607
T: 0.503745 Q: 2.07541
T: 0.594226 Q: 1.04239
T: 0.680562 Q: -0.00370031
T: 0.76013 Q: -0.00149472
T: 0.830512 Q: -0.00305697
T: 0.889569 Q: -0.00175891
T: 0.935507 Q: -0.00335351
T: 0.966931 Q: -0.00193809
T: 0.982885 Q: -0.00183213
T: 0.982885 Q: -0.00150944
T: 0.966931 Q: 1.31294
T: 0.935507 Q: -0.00235378
T: 0.889569 Q: -0.00288744
T: 0.830512 Q: 0.914167
T: 0.76013 Q: -0.0038786
T: 0.680562 Q: -0.00626085
T: 0.594226 Q: 0.901604
T: 0.503745 Q: -0.0123563
Sec_Event 6684356 N50: 27
T: -0.137967 Q: -0.025311
T: -0.252165 Q: -0.0276418
T: -0.361132 Q: -0.0378649
T: -0.461555 Q: 1.1995
T: -0.550386 Q: 1.20652
T: -0.624923 Q: 1.19725
T: -0.682903 Q: -0.0579686
T: -0.722563 Q: -0.0773095
T: -0.742699 Q: 1.37471
T: -0.742699 Q: 2.81906
T: -0.722563 Q: 1.4041
T: -0.682903 Q: -0.0608274
T: -0.624923 Q: 1.26092
T: -0.550386 Q: -0.0425211
T: -0.461555 Q: -0.0343013
T: -0.361132 Q: 1.68639
T: -0.252165 Q: 1.35534
T: -0.137967 Q: -0.0520405
T: -0.0220078 Q: -0.0231099
T: 0.0921901 Q: 1.18613
T: 0.201156 Q: 1.26738
T: 0.30158 Q: 0.819767
T: 0.390411 Q: 1.12269
T: 0.464948 Q: 0.952998
T: 0.522928 Q: 1.15964
T: 0.562588 Q: -0.00957154
T: 0.582724 Q: -0.00819021
T: 0.582724 Q: -0.00908908
T: 0.562588 Q: -0.0124499
T: 0.522928 Q: -0.0112672
T: 0.464948 Q: -0.016517
T: 0.390411 Q: -0.0238236
T: 0.30158 Q: -0.0230042
T: 0.201156 Q: -0.0257894
T: 0.0921901 Q: -0.023008
T: -0.0220078 Q: -0.0263884
Sec_Event 6874429 N50: 35
T: -0.492056 Q: 1.17027
T: -0.584008 Q: -0.00504683
T: -0.671747 Q: -0.00358358
T: -0.752609 Q: -0.00488154
T: -0.824134 Q: -0.0082281
T: -0.884152 Q: -0.0151602
T: -0.930837 Q: -0.0303525
T: -0.962772 Q: -0.0281464
T: -0.978985 Q: 1.44078
T: -0.978985 Q: -0.0309645
T: -0.962772 Q: 2.48707
T: -0.930837 Q: -0.0381034
T: -0.884152 Q: -0.038046
T: -0.824134 Q: -0.0352997
T: -0.752609 Q: 0.823225
T: -0.671747 Q: 0.966073
T: -0.584008 Q: 0.908233
T: -0.492056 Q: -0.00835194
T: -0.398686 Q: -0.00806175
T: -0.306734 Q: 0.982586
T: -0.218994 Q: -0.00452598
T: -0.138133 Q: -0.00502665
T: -0.0666071 Q: 1.11627
T: -0.0065897 Q: -0.00212698
T: 0.0400955 Q: -0.00227615
T: 0.0720301 Q: -0.00174282
T: 0.0882437 Q: 1.31642
T: 0.0882437 Q: 1.73828
T: 0.0720301 Q: -0.000946332
T: 0.0400955 Q: -0.000717396
T: -0.0065897 Q: 1.30754
T: -0.0666071 Q: 1.44683
T: -0.138133 Q: 1.19988
T: -0.218994 Q: -0.000918323
T: -0.306734 Q: -0.00430026
T: -0.398686 Q: -0.00184312
Sec_Event 6932575 N50: 41
T: -0.350248 Q: 1.07421
T: -0.455556 Q: -0.000203003
T: -0.556039 Q: -0.00114996
T: -0.648645 Q: 0.98945
T: -0.73056 Q: -0.000691522
T: -0.799295 Q: 1.34308
T: -0.852761 Q: 1.2079
T: -0.889334 Q: -0.000305987
T: -0.907903 Q: 1.17009
T: -0.852761 Q: -0.000293768
T: -0.799295 Q: -0.000449336
T: -0.73056 Q: 1.02947
T: -0.648645 Q: -0.000303922
T: -0.556039 Q: 1.06014
T: -0.455556 Q: -0.00158323
T: -0.350248 Q: 0.700166
T: -0.243316 Q: -0.0037023
T: -0.138008 Q: 1.69932
T: -0.0375247 Q: -0.00332495
T: 0.0550814 Q: -0.00265122
T: 0.136996 Q: 0.862478
T: 0.205731 Q: -0.00150525
T: 0.259197 Q: 1.0912
T: 0.29577 Q: -0.00076144
T: 0.314339 Q: -0.0016923
T: 0.314339 Q: -0.00176993
T: 0.29577 Q: -0.000592223
T: 0.259197 Q: -0.000531382
T: 0.205731 Q: -0.000742481
T: 0.136996 Q: -0.00104805
T: 0.0550814 Q: -0.000613519
T: -0.0375247 Q: -0.000290687
T: -0.138008 Q: 1.13043
T: -0.243316 Q: 1.05258
Sec_Event 6932575 N50: 36
T: 0.498612 Q: -0.000474121
T: 0.419498 Q: 1.57584
T: 0.344009 Q: -0.000423083
T: 0.274438 Q: -0.000919336
T: 0.161261 Q: -0.00100686
T: 0.0936178 Q: 1.82741
T: 0.079668 Q: -0.000593784
T: 0.079668 Q: 1.61417
T: 0.0936178 Q: -0.000556672
T: 0.121094 Q: -0.000440759
T: 0.161261 Q: 1.55174
T: 0.212898 Q: -0.00159516
T: 0.274438 Q: -0.00312662
T: 0.344009 Q: -0.00382856
T: 0.419498 Q: -0.00990615
T: 0.498612 Q: -0.0175337
T: 0.578946 Q: 1.33954
T: 0.658059 Q: -0.0299267
T: 0.733548 Q: 1.14455
T: 0.803119 Q: 3.09458
T: 0.864659 Q: -0.158842
T: 0.916296 Q: -0.111114
T: 0.956463 Q: -0.110717
T: 0.983939 Q: -0.125719
T: 0.997889 Q: 3.90071
T: 0.997889 Q: -0.142311
T: 0.983939 Q: 1.17424
T: 0.956463 Q: -0.02699
T: 0.916296 Q: -0.0065442
T: 0.864659 Q: -0.00289812
T: 0.803119 Q: -0.00145451
T: 0.733548 Q: -0.00180231
T: 0.658059 Q: -0.000444965
T: 0.578946 Q: -0.000419665
Sec_Event 7272449 N50: 35
T: 0.734237 Q: -0.0037717
T: 0.723319 Q: -0.00393359
T: 0.712901 Q: -0.00389204
T: 0.703299 Q: -0.00439308
T: 0.694806 Q: -0.00336424
T: 0.68768 Q: 1.05883
T: 0.682137 Q: -0.00471831
T: 0.678345 Q: -0.00506504
T: 0.67642 Q: -0.00465607
T: 0.67642 Q: -0.00377021
T: 0.678345 Q: -0.00431874
T: 0.682137 Q: -0.00439095
T: 0.68768 Q: -0.00577749
T: 0.694806 Q: -0.00552706
T: 0.703299 Q: 1.13976
T: 0.712901 Q: 1.90575
T: 0.723319 Q: -0.00730472
T: 0.734237 Q: -0.00384545
T: 0.745323 Q: -0.00539693
T: 0.756242 Q: -0.00400314
T: 0.76666 Q: 0.926476
T: 0.776261 Q: -0.0038636
T: 0.784754 Q: -0.00338938
T: 0.79188 Q: -0.00483004
T: 0.797423 Q: -0.00279037
T: 0.801215 Q: 1.00449
T: 0.80314 Q: -0.00333006
T: 0.80314 Q: -0.00394127
T: 0.801215 Q: 1.01576
T: 0.797423 Q: -0.00513074
T: 0.79188 Q: 1.16543
T: 0.784754 Q: -0.00424651
T: 0.776261 Q: 1.11264
T: 0.76666 Q: -0.00392525
T: 0.756242 Q: 0.938306
T: 0.745323 Q: 0.872113
Sec_Event 7811234 N50: 38
T: -0.585006 Q: 0.983711
T: -0.663029 Q: -0.0112743
T: -0.737478 Q: -0.00861949
T: -0.806091 Q: 1.11796
T: -0.866782 Q: -0.00530554
T: -0.917708 Q: -0.00458807
T: -0.957322 Q: -0.00580158
T: -0.984419 Q: -0.00348717
T: -0.998176 Q: -0.00276162
T: -0.998176 Q: -0.00375137
T: -0.984419 Q: 1.09744
T: -0.957322 Q: -0.0036003
T: -0.917708 Q: -0.00355974
T: -0.866782 Q: 1.00745
T: -0.806091 Q: 1.09431
T: -0.737478 Q: -0.00691295
T: -0.663029 Q: -0.00760501
T: -0.585006 Q: 2.12678
T: -0.505779 Q: -0.00983604
T: -0.427756 Q: 1.12445
T: -0.353307 Q: 1.14356
T: -0.284694 Q: -0.0164422
T: -0.224003 Q: 1.00428
T: -0.173077 Q: -0.0163409
T: -0.133464 Q: 1.11581
T: -0.106366 Q: -0.0227453
T: -0.0926087 Q: 1.2368
T: -0.0926087 Q: -0.0246085
T: -0.106366 Q: 1.10565
T: -0.133464 Q: 1.30044
T: -0.173077 Q: -0.0366989
T: -0.224003 Q: -0.0373345
T: -0.284694 Q: -0.0358329
T: -0.353307 Q: -0.0342167
T: -0.427756 Q: -0.0336731
T: -0.505779 Q: 1.87002
Sec_Event 7811234 N50: 49
T: -0.0234383 Q: 1.45591
T: -0.138177 Q: -0.0226674
T: -0.24766 Q: 1.44271
T: -0.34856 Q: 1.0148
T: -0.437811 Q: -0.0259367
T: -0.512702 Q: -0.0203067
T: -0.570956 Q: -0.0141199
T: -0.610805 Q: 1.20693
T: -0.631036 Q: -0.00953596
T: -0.631036 Q: -0.00954755
T: -0.610805 Q: -0.0103099
T: -0.570956 Q: 1.20528
T: -0.512702 Q: -0.0164548
T: -0.437811 Q: 1.09105
T: -0.34856 Q: 2.29729
T: -0.24766 Q: 1.36531
T: -0.138177 Q: 1.49202
T: -0.0234383 Q: 1.76441
T: 0.0930707 Q: -0.0366504
T: 0.20781 Q: -0.0292566
T: 0.317293 Q: 3.90846
T: 0.418192 Q: 1.52611
T: 0.507443 Q: 1.34052
T: 0.582334 Q: 1.58468
T: 0.640589 Q: -0.0653074
T: 0.680437 Q: 1.28639
T: 0.700669 Q: -0.0735355
T: 0.700669 Q: 1.73749
T: 0.680437 Q: 3.20041
T: 0.640589 Q: 3.03595
T: 0.582334 Q: -0.06099
T: 0.507443 Q: -0.0500427
T: 0.418192 Q: -0.034793
T: 0.317293 Q: 4.16469
T: 0.20781 Q: 1.27571
T: 0.0930707 Q: 1.39955
Sec_Event 8508885 N50: 54
T: -0.427457 Q: 2.0685
T: -0.526425 Q: 2.05911
T: -0.620859 Q: 1.12444
T: -0.70789 Q: 1.08536
T: -0.784873 Q: -0.000722669
T: -0.84947 Q: 1.19564
T: -0.899718 Q: 1.17232
T: -0.934089 Q: -0.000800531
T: -0.951539 Q: -0.00342939
T: -0.951539 Q: 1.31515
T: -0.899718 Q: 1.25616
T: -0.84947 Q: -0.000627082
T: -0.784873 Q: 1.24249
T: -0.70789 Q: 2.46101
T: -0.620859 Q: 1.00313
T: -0.526425 Q: 1.00973
T: -0.427457 Q: 1.84728
T: -0.326962 Q: 1.63129
T: -0.227994 Q: 0.66545
T: -0.13356 Q: -0.0301583
T: -0.0465288 Q: -0.033535
T: 0.0304546 Q: 4.33017
T: 0.0950514 Q: 3.33558
T: 0.145299 Q: 1.42651
T: 0.17967 Q: -0.0370739
T: 0.197121 Q: 2.88295
T: 0.197121 Q: 1.32911
T: 0.17967 Q: -0.0319792
T: 0.145299 Q: 1.3193
T: 0.0950514 Q: -0.0328865
T: 0.0304546 Q: 2.75748
T: -0.0465288 Q: -0.0252062
T: -0.13356 Q: 1.27604
T: -0.227994 Q: 0.679931
T: -0.326962 Q: 0.728046
 Incomplete 
Sec_Event 9193905 N50: 37
T: 0.58188 Q: -0.0344419
T: 0.51732 Q: -0.00897465
T: 0.455718 Q: -0.00854421
T: 0.398945 Q: -0.00590652
T: 0.348726 Q: -0.00343147
T: 0.306588 Q: 1.10641
T: 0.27381 Q: -0.00418423
T: 0.251389 Q: -0.00206059
T: 0.240005 Q: 1.22738
T: 0.240005 Q: -0.00154306
T: 0.251389 Q: -0.00168453
T: 0.27381 Q: -0.00105637
T: 0.306588 Q: -0.00140448
T: 0.348726 Q: 1.3247
T: 0.398945 Q: -0.0028862
T: 0.455718 Q: -0.00190789
T: 0.51732 Q: -0.00325972
T: 0.58188 Q: -0.00338136
T: 0.647436 Q: 1.21011
T: 0.711996 Q: 0.961902
T: 0.773598 Q: -0.00881837
T: 0.830371 Q: 0.858735
T: 0.88059 Q: -0.0252689
T: 0.922728 Q: 1.30923
T: 0.955506 Q: -0.00905523
T: 0.977927 Q: 1.15488
T: 0.989311 Q: -0.0100573
T: 0.989311 Q: -0.0141761
T: 0.977927 Q: -0.0110142
T: 0.955506 Q: 1.52377
T: 0.922728 Q: 1.28387
T: 0.88059 Q: 1.28057
T: 0.830371 Q: -0.0172021
T: 0.773598 Q: -0.019628
T: 0.711996 Q: -0.0240045
T: 0.647436 Q: -0.0170105
Sec_Event 9254598 N50: 42
T: -0.701897 Q: 0.903224
T: -0.748919 Q: -0.0146318
T: -0.793787 Q: -0.0119539
T: -0.835137 Q: 1.28617
T: -0.871714 Q: -0.0108177
T: -0.902405 Q: -0.0081415
T: -0.926279 Q: -0.00692087
T: -0.942609 Q: -0.00602264
T: -0.9509 Q: -0.00688706
T: -0.9509 Q: 1.2135
T: -0.942609 Q: -0.00641828
T: -0.926279 Q: -0.00679844
T: -0.902405 Q: -0.00855341
T: -0.871714 Q: -0.00696173
T: -0.835137 Q: -0.0095278
T: -0.793787 Q: 0.802054
T: -0.748919 Q: 1.11169
T: -0.701897 Q: -0.00172547
T: -0.654149 Q: 1.45353
T: -0.607127 Q: -0.00164166
T: -0.56226 Q: -0.00151226
T: -0.520909 Q: 1.15075
T: -0.484333 Q: 1.25094
T: -0.453641 Q: -0.000402291
T: -0.429767 Q: 1.45232
T: -0.405146 Q: -0.000726403
T: -0.413437 Q: 1.14229
T: -0.429767 Q: -0.00139883
T: -0.453641 Q: 2.4222
T: -0.484333 Q: -0.00101754
T: -0.520909 Q: -0.00189522
T: -0.56226 Q: -0.0024749
T: -0.607127 Q: 0.820765
T: -0.654149 Q: 0.836003
200000/514500
Sec_Event 10103630 N50: 40
T: -0.183859 Q: -0.0207534
T: -0.297051 Q: -0.0215851
T: -0.405057 Q: -0.0186713
T: -0.504596 Q: -0.0187147
T: -0.592644 Q: -0.0143593
T: -0.666525 Q: 1.3502
T: -0.723993 Q: 1.23754
T: -0.763305 Q: -0.0115561
T: -0.783263 Q: -0.00993983
T: -0.783263 Q: 1.38097
T: -0.763305 Q: -0.00627479
T: -0.723993 Q: -0.00754157
T: -0.666525 Q: -0.00488402
T: -0.592644 Q: -0.00464991
T: -0.504596 Q: -0.00542302
T: -0.405057 Q: -0.00278891
T: -0.297051 Q: -0.00416613
T: -0.183859 Q: 1.23373
T: -0.0689214 Q: -0.00283274
T: 0.0442704 Q: -0.00357827
T: 0.152277 Q: 1.92749
T: 0.251816 Q: -0.00386221
T: 0.339863 Q: 1.40621
T: 0.413744 Q: -0.00374728
T: 0.471213 Q: -0.00475051
T: 0.510524 Q: -0.00666943
T: 0.530483 Q: 1.10228
T: 0.530483 Q: -0.0112768
T: 0.510524 Q: -0.0153766
T: 0.471213 Q: -0.0233846
T: 0.413744 Q: -0.0158128
T: 0.339863 Q: 2.43265
T: 0.251816 Q: -0.0137925
T: 0.152277 Q: 1.2182
T: 0.0442704 Q: 1.37621
T: -0.0689214 Q: -0.021487
Sec_Event 10301936 N50: 29
T: 0.606263 Q: -0.0235004
T: 0.546944 Q: -0.0327738
T: 0.490343 Q: -0.030598
T: 0.438178 Q: 1.19938
T: 0.392036 Q: -0.0355677
T: 0.353319 Q: -0.0385474
T: 0.323202 Q: -0.0332515
T: 0.3026 Q: 1.38329
T: 0.292141 Q: 1.05631
T: 0.292141 Q: -0.0255956
T: 0.3026 Q: 1.13489
T: 0.323202 Q: -0.0364123
T: 0.353319 Q: -0.0246807
T: 0.392036 Q: -0.0247604
T: 0.438178 Q: 1.106
T: 0.490343 Q: -0.0262526
T: 0.546944 Q: -0.0162878
T: 0.606263 Q: -0.0182681
T: 0.666497 Q: 1.24961
T: 0.725816 Q: -0.014734
T: 0.782418 Q: -0.0172334
T: 0.834582 Q: 1.12873
T: 0.880724 Q: -0.0196986
T: 0.919441 Q: 1.09498
T: 0.949558 Q: -0.00712241
T: 0.97016 Q: 2.52039
T: 0.980619 Q: -0.00732715
T: 0.980619 Q: 1.08398
T: 0.97016 Q: -0.00715896
T: 0.949558 Q: -0.00900648
T: 0.919441 Q: -0.0125008
T: 0.880724 Q: -0.0108613
T: 0.834582 Q: 0.993411
T: 0.782418 Q: -0.0180581
T: 0.725816 Q: -0.0205149
T: 0.666497 Q: 0.939019
Sec_Event 10446254 N50: 28
T: -0.196379 Q: 0.655153
T: -0.309215 Q: -0.0085288
T: -0.416881 Q: -0.00339127
T: -0.516107 Q: -0.0021287
T: -0.603877 Q: -0.00181846
T: -0.677525 Q: -0.00151423
T: -0.734813 Q: -0.00035565
T: -0.774 Q: 1.16566
T: -0.793896 Q: -0.000995138
T: -0.774 Q: 1.15256
T: -0.734813 Q: -0.000283633
T: -0.677525 Q: -0.00131094
T: -0.603877 Q: -0.00152186
T: -0.516107 Q: -0.00186001
T: -0.416881 Q: 0.938638
T: -0.309215 Q: -0.00939737
T: -0.196379 Q: -0.00868011
T: -0.0818034 Q: -0.00801975
T: 0.0310319 Q: 1.43636
T: 0.138698 Q: -0.00646059
T: 0.237924 Q: -0.0102265
T: 0.325694 Q: -0.0136884
T: 0.399342 Q: -0.0144573
T: 0.45663 Q: -0.0229335
T: 0.495817 Q: 1.19084
T: 0.515713 Q: -0.0451263
T: 0.515713 Q: -0.0247318
T: 0.495817 Q: -0.0264589
T: 0.45663 Q: 2.42824
T: 0.399342 Q: -0.0228409
T: 0.325694 Q: -0.0277762
T: 0.237924 Q: -0.0241205
T: 0.138698 Q: 1.36186
T: 0.0310319 Q: -0.0216628
T: -0.0818034 Q: 1.59672
Sec_Event 10565221 N50: 25
T: 0.138533 Q: -0.041361
T: 0.0276845 Q: -0.0404072
T: -0.0780856 Q: -0.0413132
T: -0.175564 Q: -0.041293
T: -0.261788 Q: 1.03317
T: -0.334139 Q: 0.981021
T: -0.390418 Q: -0.0434978
T: -0.428916 Q: -0.031012
T: -0.448461 Q: -0.0282371
T: -0.448461 Q: -0.0205496
T: -0.428916 Q: -0.0174211
T: -0.390418 Q: -0.0126966
T: -0.334139 Q: -0.0108229
T: -0.261788 Q: -0.00792241
T: -0.175564 Q: -0.00762291
T: -0.0780856 Q: -0.00681542
T: 0.0276845 Q: 0.860013
T: 0.138533 Q: -0.00569374
T: 0.251091 Q: -0.00377229
T: 0.361939 Q: -0.00553601
T: 0.467709 Q: -0.00750748
T: 0.565187 Q: -0.00596211
T: 0.651412 Q: -0.0124089
T: 0.723763 Q: 0.714353
T: 0.780042 Q: -0.0390068
T: 0.818539 Q: -0.0346313
T: 0.838085 Q: -0.0382056
T: 0.838085 Q: -0.0321177
T: 0.818539 Q: -0.0341443
T: 0.780042 Q: -0.0404653
T: 0.723763 Q: -0.0429347
T: 0.651412 Q: -0.0513565
T: 0.565187 Q: -0.0538828
T: 0.467709 Q: -0.0865319
T: 0.361939 Q: -0.0439075
T: 0.251091 Q: 1.1537
Sec_Event 11005346 N50: 44
T: -0.695904 Q: -0.0327164
T: -0.745337 Q: -0.0351956
T: -0.792505 Q: -0.0257282
T: -0.835976 Q: -0.0246393
T: -0.874428 Q: 1.34634
T: -0.906693 Q: -0.0202139
T: -0.931791 Q: -0.0197046
T: -0.948959 Q: -0.0166582
T: -0.957676 Q: -0.014403
T: -0.957676 Q: -0.0152919
T: -0.948959 Q: -0.0139558
T: -0.931791 Q: -0.0183547
T: -0.906693 Q: -0.0206001
T: -0.874428 Q: 1.31469
T: -0.835976 Q: 1.29528
T: -0.792505 Q: -0.0254684
T: -0.745337 Q: -0.0197225
T: -0.695904 Q: 1.3401
T: -0.645708 Q: -0.0239166
T: -0.596275 Q: -0.0202476
T: -0.549107 Q: -0.0190698
T: -0.505636 Q: 2.47354
T: -0.467184 Q: 1.26453
T: -0.434919 Q: -0.019053
T: -0.409821 Q: 2.77641
T: -0.392653 Q: -0.0280976
T: -0.383936 Q: 1.32409
T: -0.383936 Q: 1.43512
T: -0.392653 Q: -0.0241466
T: -0.409821 Q: -0.033132
T: -0.434919 Q: -0.019732
T: -0.467184 Q: -0.0274388
T: -0.505636 Q: -0.0232882
T: -0.549107 Q: 1.34974
T: -0.596275 Q: -0.0271912
T: -0.645708 Q: 1.45189
Sec_Event 11005346 N50: 36
Sec_Event 11005346 N50: 42
T: -0.0737487 Q: -0.0191809
T: -0.188589 Q: -0.0155709
T: -0.298168 Q: -0.0225129
T: -0.399157 Q: -0.0259802
T: -0.488487 Q: -0.0269122
T: -0.563444 Q: 1.2502
T: -0.62175 Q: -0.0457953
T: -0.661634 Q: -0.0386634
T: -0.681883 Q: -0.0348626
T: -0.681883 Q: -0.0311422
T: -0.661634 Q: -0.0326871
T: -0.62175 Q: -0.0350832
T: -0.563444 Q: 1.04872
T: -0.488487 Q: 1.33622
T: -0.399157 Q: -0.0300029
T: -0.298168 Q: 1.30942
T: -0.188589 Q: -0.0223226
T: -0.0737487 Q: -0.0188779
T: 0.0428633 Q: 2.69784
T: 0.157704 Q: -0.0239695
T: 0.267283 Q: 1.46699
T: 0.368272 Q: -0.0504115
T: 0.457602 Q: -0.0250287
T: 0.532559 Q: -0.0273607
T: 0.590865 Q: 1.38543
T: 0.630748 Q: -0.0251798
T: 0.650998 Q: -0.0287645
T: 0.650998 Q: -0.0247052
T: 0.630748 Q: 1.29281
T: 0.590865 Q: 1.34465
T: 0.532559 Q: -0.0292725
T: 0.457602 Q: -0.0280707
T: 0.368272 Q: 2.33245
T: 0.267283 Q: -0.021949
T: 0.157704 Q: -0.0236827
T: 0.0428633 Q: -0.0165133
Sec_Event 11005346 N50: 41
T: -0.742031 Q: -0.0196424
T: -0.761899 Q: 0.980628
T: -0.780857 Q: -0.0202257
T: -0.798329 Q: -0.0208621
T: -0.813783 Q: -0.0211679
T: -0.826751 Q: 1.13196
T: -0.836838 Q: 2.66985
T: -0.843739 Q: 1.24186
T: -0.847242 Q: -0.0161434
T: -0.847242 Q: -0.0150463
T: -0.843739 Q: -0.0163422
T: -0.836838 Q: 1.31914
T: -0.826751 Q: -0.0181235
T: -0.813783 Q: -0.0262484
T: -0.798329 Q: -0.0228461
T: -0.780857 Q: -0.0219519
T: -0.761899 Q: 1.24961
T: -0.742031 Q: 2.39749
T: -0.721856 Q: 2.63177
T: -0.701988 Q: -0.0220705
T: -0.68303 Q: 1.28437
T: -0.665559 Q: 1.08674
T: -0.650104 Q: 1.13412
T: -0.637136 Q: 1.21373
T: -0.627049 Q: 2.51137
T: -0.620149 Q: -0.0230694
T: -0.616646 Q: 1.13246
T: -0.616646 Q: -0.0237455
T: -0.620149 Q: -0.0242671
T: -0.627049 Q: 1.1193
T: -0.637136 Q: 1.14388
T: -0.650104 Q: -0.020628
T: -0.665559 Q: 1.27705
T: -0.68303 Q: -0.0208113
T: -0.701988 Q: -0.0208339
T: -0.721856 Q: 1.28527
Sec_Event 11005346 N50: 42
Sec_Event 11340454 N50: 25
T: 0.608003 Q: -0.00189427
T: 0.549081 Q: -0.00177943
T: 0.492857 Q: -0.00241554
T: 0.441042 Q: -0.00265356
T: 0.395208 Q: -0.00152715
T: 0.356749 Q: -0.00106756
T: 0.326833 Q: 1.32341
T: 0.306369 Q: 1.3181
T: 0.29598 Q: -0.00178235
T: 0.29598 Q: 1.09127
T: 0.306369 Q: -0.00258036
T: 0.326833 Q: -0.00483082
T: 0.356749 Q: -0.00590637
T: 0.395208 Q: 2.38618
T: 0.441042 Q: -0.0058019
T: 0.492857 Q: -0.011477
T: 0.549081 Q: -0.0148267
T: 0.608003 Q: 1.2012
T: 0.667835 Q: 1.29338
T: 0.726758 Q: -0.0178966
T: 0.782981 Q: -0.0139682
T: 0.834797 Q: -0.0117573
T: 0.880631 Q: -0.00996323
T: 0.91909 Q: -0.0125095
T: 0.949005 Q: -0.00919687
T: 0.969469 Q: 1.09992
T: 0.979859 Q: -0.00768084
T: 0.979859 Q: -0.00725894
T: 0.969469 Q: 1.38873
T: 0.949005 Q: 1.06632
T: 0.91909 Q: -0.012423
T: 0.880631 Q: 1.2765
T: 0.834797 Q: -0.0113033
T: 0.782981 Q: 0.811735
T: 0.726758 Q: 1.10155
T: 0.667835 Q: -0.00425415
Sec_Event 11399116 N50: 26
T: -0.722939 Q: -0.00923268
T: -0.759571 Q: -0.0158379
T: -0.794525 Q: -0.026275
T: -0.826739 Q: -0.0371792
T: -0.855234 Q: -0.0371369
T: -0.879143 Q: -0.0343716
T: -0.897742 Q: -0.0340521
T: -0.910464 Q: 2.55073
T: -0.916923 Q: -0.0330349
T: -0.916923 Q: -0.034993
T: -0.910464 Q: -0.0341142
T: -0.897742 Q: -0.0356138
T: -0.879143 Q: 1.10586
T: -0.855234 Q: -0.0400424
T: -0.826739 Q: -0.0468879
T: -0.794525 Q: -0.0374336
T: -0.759571 Q: 1.7171
T: -0.722939 Q: -0.0161333
T: -0.685742 Q: -0.014975
T: -0.64911 Q: -0.00633924
T: -0.614156 Q: -0.00434819
T: -0.581942 Q: 0.7781
T: -0.553448 Q: -0.00237223
T: -0.529538 Q: -0.00272079
T: -0.510939 Q: -0.00467163
T: -0.498217 Q: 2.04742
T: -0.491758 Q: -0.00167267
T: -0.491758 Q: -0.00194286
T: -0.498217 Q: -0.00387888
T: -0.510939 Q: 0.95125
T: -0.529538 Q: -0.00292213
T: -0.553448 Q: 0.995701
T: -0.581942 Q: -0.00228573
T: -0.614156 Q: 0.841109
T: -0.64911 Q: -0.00456297
T: -0.685742 Q: -0.00543121
Sec_Event 11804333 N50: 26
T: -0.431387 Q: -0.019458
T: -0.529977 Q: -0.0201368
T: -0.624051 Q: -0.0105235
T: -0.710749 Q: 2.50552
T: -0.787438 Q: -0.00488382
T: -0.851788 Q: -0.00344064
T: -0.901844 Q: -0.00315173
T: -0.936083 Q: -0.00250622
T: -0.953467 Q: -0.00254624
T: -0.953467 Q: 1.37364
T: -0.936083 Q: -0.00298652
T: -0.901844 Q: -0.00318415
T: -0.851788 Q: -0.00470163
T: -0.787438 Q: -0.00405619
T: -0.710749 Q: -0.00544934
T: -0.624051 Q: -0.00554872
T: -0.529977 Q: -0.00558743
T: -0.431387 Q: -0.00469958
T: -0.331277 Q: -0.00532641
T: -0.232687 Q: -0.00531825
T: -0.138613 Q: -0.00448217
T: -0.051915 Q: -0.00351473
T: 0.0247742 Q: -0.00756087
T: 0.0891242 Q: -0.00497476
T: 0.13918 Q: 1.40627
T: 0.173419 Q: -0.00488903
T: 0.190803 Q: -0.00580853
T: 0.190803 Q: -0.00724036
T: 0.173419 Q: -0.0103448
T: 0.13918 Q: -0.00743118
T: 0.0891242 Q: -0.0100252
T: 0.0247742 Q: -0.00971471
T: -0.051915 Q: -0.0132642
T: -0.138613 Q: -0.0156559
T: -0.232687 Q: -0.0130357
T: -0.331277 Q: -0.0142825
Sec_Event 11952579 N50: 31
T: 0.263528 Q: 1.20401
T: 0.159587 Q: 1.33866
T: 0.0604069 Q: -0.0125751
T: -0.0309977 Q: -0.00913311
T: -0.11185 Q: 1.36257
T: -0.179693 Q: 1.29195
T: -0.232465 Q: -0.00735025
T: -0.268564 Q: -0.00689677
T: -0.286891 Q: 1.18316
T: -0.286891 Q: -0.0039084
T: -0.268564 Q: -0.00563244
T: -0.232465 Q: -0.00402065
T: -0.179693 Q: 1.30711
T: -0.11185 Q: -0.00185189
T: -0.0309977 Q: -0.00324749
T: 0.0604069 Q: -0.00489955
T: 0.159587 Q: 2.47727
T: 0.263528 Q: -0.00243969
T: 0.369073 Q: -0.00265766
T: 0.473015 Q: -0.00235748
T: 0.572194 Q: -0.00493172
T: 0.663599 Q: -0.00461556
T: 0.744451 Q: -0.0100583
T: 0.812294 Q: -0.0151115
T: 0.865067 Q: 0.982673
T: 0.901165 Q: -0.036068
T: 0.919493 Q: -0.0428963
T: 0.919493 Q: -0.0383774
T: 0.901165 Q: -0.0476369
T: 0.865067 Q: -0.0424756
T: 0.812294 Q: -0.0480488
T: 0.744451 Q: -0.0502961
T: 0.663599 Q: -0.0383686
T: 0.572194 Q: -0.0279903
T: 0.473015 Q: -0.0182678
T: 0.369073 Q: -0.0157553
Sec_Event 12174292 N50: 43
Sec_Event 12174292 N50: 57
Sec_Event 12553023 N50: 44
T: -0.047294 Q: -0.0358011
T: -0.162147 Q: -0.0366724
T: -0.271738 Q: 0.765731
T: -0.372737 Q: 0.927915
T: -0.462077 Q: 0.909616
T: -0.537041 Q: -0.0111668
T: -0.595353 Q: 1.04899
T: -0.635241 Q: -0.00753394
T: -0.655493 Q: 1.04931
T: -0.655493 Q: 2.05204
T: -0.635241 Q: 1.1082
T: -0.595353 Q: 1.01771
T: -0.537041 Q: 1.06073
T: -0.462077 Q: -0.00739608
T: -0.372737 Q: 2.18865
T: -0.271738 Q: -0.00503383
T: -0.162147 Q: -0.00369212
T: -0.047294 Q: -0.00466343
T: 0.0693303 Q: -0.00247559
T: 0.184183 Q: 1.15177
T: 0.293774 Q: 1.00309
T: 0.394774 Q: -0.00572998
T: 0.484113 Q: 3.29256
T: 0.559078 Q: 1.12586
T: 0.61739 Q: -0.0194294
T: 0.657278 Q: -0.0333437
T: 0.677529 Q: -0.0430191
T: 0.677529 Q: 1.03701
T: 0.657278 Q: -0.0578828
T: 0.61739 Q: -0.0632298
T: 0.559078 Q: 1.34421
T: 0.484113 Q: -0.0573476
T: 0.394774 Q: -0.0562594
T: 0.293774 Q: -0.0396221
T: 0.184183 Q: -0.0398189
T: 0.0693303 Q: 2.55231
Sec_Event 13045114 N50: 31
T: 0.240558 Q: -0.0301454
T: 0.135072 Q: 2.57557
T: 0.034418 Q: -0.0250939
T: -0.0583451 Q: -0.0225247
T: -0.140399 Q: -0.0242312
T: -0.20925 Q: 1.20783
T: -0.262807 Q: -0.0166891
T: -0.299442 Q: -0.0146839
T: -0.318042 Q: -0.0105825
T: -0.318042 Q: -0.00841202
T: -0.299442 Q: -0.00528453
T: -0.262807 Q: -0.00337233
T: -0.20925 Q: 0.932097
T: -0.140399 Q: -0.00378151
T: -0.0583451 Q: -0.00551682
T: 0.034418 Q: -0.00273497
T: 0.135072 Q: -0.00107697
T: 0.240558 Q: 1.25877
T: 0.347672 Q: -0.00179269
T: 0.453158 Q: -0.00295556
T: 0.553812 Q: -0.00803316
T: 0.646575 Q: 0.992253
T: 0.728629 Q: 1.11229
T: 0.79748 Q: 0.999677
T: 0.851037 Q: -0.0137867
T: 0.887672 Q: -0.0124905
T: 0.906272 Q: 0.871527
T: 0.906272 Q: -0.0185132
T: 0.887672 Q: -0.0140398
T: 0.851037 Q: 2.27015
T: 0.79748 Q: 1.30251
T: 0.728629 Q: 1.068
T: 0.646575 Q: -0.0308547
T: 0.553812 Q: -0.0444807
T: 0.453158 Q: 1.66905
T: 0.347672 Q: -0.0354996
Sec_Event 13516291 N50: 34
T: -0.0523722 Q: -0.00203997
T: -0.167234 Q: -0.00450571
T: -0.276833 Q: -0.00486047
T: -0.377841 Q: -0.0053119
T: -0.467187 Q: -0.00582021
T: -0.542158 Q: -0.00464503
T: -0.600474 Q: -0.0055065
T: -0.640365 Q: 0.93887
T: -0.660619 Q: -0.00733479
T: -0.660619 Q: -0.0106204
T: -0.640365 Q: -0.0109969
T: -0.600474 Q: -0.0132296
T: -0.542158 Q: -0.0138537
T: -0.467187 Q: -0.0143948
T: -0.377841 Q: 1.3126
T: -0.276833 Q: 1.33052
T: -0.167234 Q: -0.0143696
T: -0.0523722 Q: -0.0137853
T: 0.0642612 Q: 2.42355
T: 0.179123 Q: -0.0178495
T: 0.288722 Q: -0.0155679
T: 0.38973 Q: -0.0164433
T: 0.479076 Q: -0.0228225
T: 0.554047 Q: 1.27004
T: 0.612363 Q: -0.0243045
T: 0.652254 Q: -0.0216397
T: 0.672508 Q: -0.0176915
T: 0.672508 Q: -0.0132909
T: 0.652254 Q: -0.0104116
T: 0.612363 Q: -0.0061713
T: 0.554047 Q: -0.00394793
T: 0.479076 Q: 1.07243
T: 0.38973 Q: -0.00291828
T: 0.288722 Q: -0.00214652
T: 0.179123 Q: -0.00179983
T: 0.0642612 Q: -0.00151788
Sec_Event 13631031 N50: 42
T: -0.207398 Q: -0.0303992
T: -0.31989 Q: 1.5948
T: -0.427229 Q: 1.22082
T: -0.526152 Q: 1.2502
T: -0.613655 Q: -0.060201
T: -0.687079 Q: -0.0627356
T: -0.744193 Q: -0.0761638
T: -0.783261 Q: -0.0620648
T: -0.803096 Q: -0.070172
T: -0.803096 Q: -0.0635934
T: -0.783261 Q: 2.05955
T: -0.744193 Q: -0.050478
T: -0.687079 Q: 0.933131
T: -0.613655 Q: -0.0305443
T: -0.526152 Q: -0.0213204
T: -0.427229 Q: 2.26929
T: -0.31989 Q: 1.02241
T: -0.207398 Q: 1.31728
T: -0.0931709 Q: -0.0119364
T: 0.019321 Q: 1.48567
T: 0.12666 Q: -0.0117035
T: 0.225583 Q: -0.0124921
T: 0.313086 Q: -0.00974992
T: 0.38651 Q: -0.00520606
T: 0.443624 Q: 1.50951
T: 0.482692 Q: 2.46549
T: 0.502527 Q: 1.66793
T: 0.502527 Q: -0.00313429
T: 0.482692 Q: -0.00330147
T: 0.443624 Q: -0.00527908
T: 0.38651 Q: 0.753367
T: 0.313086 Q: -0.00789747
T: 0.225583 Q: 0.681874
T: 0.12666 Q: 0.773181
T: 0.019321 Q: -0.0344754
T: -0.0931709 Q: 1.27277
Sec_Event 13654259 N50: 34
T: 0.0829038 Q: -0.00303062
T: -0.0298995 Q: -0.00568318
T: -0.137535 Q: 1.15133
T: -0.236733 Q: 0.865123
T: -0.324478 Q: -0.00452935
T: -0.398105 Q: -0.00540788
T: -0.455377 Q: -0.00408957
T: -0.494553 Q: 1.043
T: -0.514443 Q: -0.00294456
T: -0.514443 Q: 0.841082
T: -0.494553 Q: -0.00363655
T: -0.455377 Q: 0.719428
T: -0.398105 Q: 0.666601
T: -0.324478 Q: 0.692965
T: -0.236733 Q: -0.0187608
T: -0.137535 Q: -0.0297653
T: -0.0298995 Q: 1.15154
T: 0.0829038 Q: 1.26073
T: 0.197447 Q: -0.0298757
T: 0.31025 Q: -0.0357657
T: 0.417886 Q: 1.07993
T: 0.517084 Q: -0.0463565
T: 0.604829 Q: -0.0574124
T: 0.678456 Q: -0.0743724
T: 0.735728 Q: -0.0595481
T: 0.774904 Q: -0.0595507
T: 0.794794 Q: -0.0550776
T: 0.794794 Q: -0.0564121
T: 0.774904 Q: -0.037395
T: 0.735728 Q: -0.0159198
T: 0.678456 Q: -0.0121758
T: 0.604829 Q: -0.00524766
T: 0.517084 Q: 2.9546
T: 0.417886 Q: -0.00597505
T: 0.31025 Q: -0.00376272
T: 0.197447 Q: -0.00437468
Sec_Event 13953828 N50: 26
T: -0.465983 Q: -0.021393
T: -0.560981 Q: -0.027255
T: -0.651628 Q: -0.0371608
T: -0.735168 Q: -0.0438278
T: -0.809064 Q: -0.0421321
T: -0.871069 Q: -0.0382067
T: -0.919301 Q: 1.32911
T: -0.952294 Q: -0.0313229
T: -0.969045 Q: -0.0241759
T: -0.969045 Q: -0.0334911
T: -0.952294 Q: 0.757808
T: -0.919301 Q: -0.00605493
T: -0.871069 Q: 0.982509
T: -0.809064 Q: -0.00282626
T: -0.735168 Q: -0.00115445
T: -0.651628 Q: -0.00169958
T: -0.560981 Q: -0.000552339
T: -0.465983 Q: -0.000652142
T: -0.369519 Q: 0.989021
T: -0.274521 Q: -0.00035484
T: -0.183874 Q: -0.000611982
T: -0.100334 Q: 1.05029
T: -0.0264387 Q: -0.000655606
T: 0.035567 Q: -0.000293042
T: 0.083799 Q: -0.000740197
T: 0.116792 Q: -0.000973417
T: 0.133542 Q: -0.00141782
T: 0.133542 Q: -0.00157376
T: 0.116792 Q: -0.00339035
T: 0.083799 Q: 0.964676
T: 0.035567 Q: -0.00546002
T: -0.0264387 Q: -0.00522142
T: -0.100334 Q: 0.92183
T: -0.183874 Q: 1.91701
T: -0.274521 Q: -0.0173883
T: -0.369519 Q: -0.0154669
Sec_Event 13957823 N50: 39
T: -0.639053 Q: -0.0774968
T: -0.705711 Q: 1.44997
T: -0.769316 Q: 1.25638
T: -0.827934 Q: -0.0727508
T: -0.879785 Q: -0.0617401
T: -0.923293 Q: -0.0600289
T: -0.957137 Q: 1.1859
T: -0.980287 Q: 1.40641
T: -0.992041 Q: 1.41759
T: -0.992041 Q: -0.0701506
T: -0.980287 Q: 0.684287
T: -0.957137 Q: 0.705061
T: -0.923293 Q: 0.738517
T: -0.879785 Q: -0.00382612
T: -0.827934 Q: 0.816294
T: -0.769316 Q: -0.00299686
T: -0.705711 Q: -0.00136481
T: -0.639053 Q: -0.00432418
T: -0.571366 Q: -0.00342336
T: -0.504708 Q: -0.00202313
T: -0.441103 Q: -0.00145155
T: -0.382485 Q: -0.00202181
T: -0.330634 Q: -0.0047466
T: -0.287125 Q: 0.952435
T: -0.253282 Q: 0.858015
T: -0.230132 Q: -0.0251852
T: -0.218378 Q: -0.01142
T: -0.218378 Q: -0.0183188
T: -0.230132 Q: 1.01884
T: -0.253282 Q: -0.0302211
T: -0.287125 Q: -0.0331346
T: -0.330634 Q: -0.038181
T: -0.382485 Q: -0.0509141
T: -0.441103 Q: -0.0531787
T: -0.504708 Q: 2.41462
T: -0.571366 Q: -0.0722944
Sec_Event 14305235 N50: 35
T: -0.262773 Q: -0.0126133
T: -0.373103 Q: -0.0190073
T: -0.478379 Q: -0.0166903
T: -0.575402 Q: -0.0321973
T: -0.661223 Q: -0.0325463
T: -0.733236 Q: -0.0412335
T: -0.789252 Q: -0.0554497
T: -0.827569 Q: 1.08521
T: -0.847023 Q: 2.00777
T: -0.847023 Q: -0.0565069
T: -0.827569 Q: -0.0544807
T: -0.789252 Q: -0.0444077
T: -0.733236 Q: -0.0265293
T: -0.661223 Q: -0.0244812
T: -0.575402 Q: -0.0154342
T: -0.478379 Q: -0.0145859
T: -0.373103 Q: 1.38239
T: -0.262773 Q: -0.0105976
T: -0.150741 Q: -0.00954363
T: -0.0404113 Q: -0.00715941
T: 0.0648644 Q: -0.00819794
T: 0.161887 Q: -0.00897597
T: 0.247708 Q: -0.00859419
T: 0.319721 Q: 0.797733
T: 0.375737 Q: -0.00565313
T: 0.414054 Q: -0.0040849
T: 0.433509 Q: -0.00401872
T: 0.433509 Q: -0.00499416
T: 0.414054 Q: 0.709384
T: 0.375737 Q: -0.0117269
T: 0.319721 Q: 1.62384
T: 0.247708 Q: -0.0105251
T: 0.161887 Q: -0.0154636
T: 0.0648644 Q: 2.82057
T: -0.0404113 Q: -0.020656
T: -0.150741 Q: -0.02503
300000/514500
Sec_Event 14825638 N50: 34
T: -0.202441 Q: -0.0431796
T: -0.315091 Q: -0.0366134
T: -0.42258 Q: -0.0421282
T: -0.521643 Q: 1.1814
T: -0.609269 Q: -0.0643878
T: -0.682796 Q: 1.31239
T: -0.73999 Q: 1.31274
T: -0.779113 Q: 1.22886
T: -0.798976 Q: -0.0806126
T: -0.798976 Q: 1.32004
T: -0.779113 Q: 1.30062
T: -0.73999 Q: -0.076646
T: -0.682796 Q: -0.0890801
T: -0.609269 Q: -0.0667528
T: -0.521643 Q: -0.0512047
T: -0.42258 Q: -0.0478997
T: -0.315091 Q: -0.0351167
T: -0.202441 Q: -0.0322372
T: -0.0880534 Q: 2.37321
T: 0.0245964 Q: 1.43745
T: 0.132086 Q: 1.96612
T: 0.231148 Q: -0.0385552
T: 0.318774 Q: -0.0311381
T: 0.392301 Q: -0.0182961
T: 0.449495 Q: -0.0113635
T: 0.488618 Q: -0.00848973
T: 0.508481 Q: 1.07298
T: 0.508481 Q: -0.00853189
T: 0.488618 Q: -0.0092331
T: 0.449495 Q: -0.0116297
T: 0.392301 Q: -0.0169423
T: 0.318774 Q: -0.0259393
T: 0.231148 Q: -0.0395697
T: 0.132086 Q: 1.04081
T: 0.0245964 Q: -0.0351692
T: -0.0880534 Q: 1.05493
Sec_Event 15220356 N50: 30
T: 0.412181 Q: -0.0191302
T: 0.321735 Q: -0.0188249
T: 0.235433 Q: -0.0198963
T: 0.155897 Q: -0.0216195
T: 0.0855426 Q: -0.0292566
T: 0.0265085 Q: 1.56653
T: -0.0194118 Q: -0.0253343
T: -0.0508232 Q: -0.0232308
T: -0.0667712 Q: -0.0246727
T: -0.0667712 Q: 1.23422
T: -0.0508232 Q: -0.0230977
T: -0.0194118 Q: 1.42625
T: 0.0265085 Q: -0.0228312
T: 0.0855426 Q: -0.0234711
T: 0.155897 Q: 1.38392
T: 0.235433 Q: -0.0228691
T: 0.321735 Q: 1.31863
T: 0.412181 Q: -0.0331908
T: 0.504021 Q: -0.0362858
T: 0.594467 Q: 1.5094
T: 0.680769 Q: -0.0471708
T: 0.760305 Q: 2.28516
T: 0.830659 Q: 1.5422
T: 0.889693 Q: 1.15409
T: 0.935614 Q: -0.0417484
T: 0.967025 Q: -0.0377917
T: 0.982973 Q: -0.0310778
T: 0.982973 Q: -0.0357503
T: 0.967025 Q: -0.0412746
T: 0.935614 Q: 2.83731
T: 0.889693 Q: -0.0419745
T: 0.830659 Q: -0.0654011
T: 0.760305 Q: 1.24423
T: 0.680769 Q: -0.0343906
T: 0.594467 Q: -0.035395
T: 0.504021 Q: -0.0248334
Sec_Event 15806097 N50: 39
T: 0.409631 Q: -0.0141084
T: 0.318896 Q: -0.00910499
T: 0.232318 Q: -0.00580491
T: 0.152527 Q: -0.00552521
T: 0.0819478 Q: 1.00686
T: 0.0227247 Q: 0.932302
T: -0.0233426 Q: -0.00545294
T: -0.0548545 Q: 2.09272
T: -0.0708535 Q: -0.00387814
T: -0.0708535 Q: -0.00262339
T: -0.0548545 Q: 2.12304
T: -0.0233426 Q: -0.000920274
T: 0.0227247 Q: -0.000662352
T: 0.0819478 Q: 1.07605
T: 0.152527 Q: 1.07359
T: 0.232318 Q: -0.0015648
T: 0.318896 Q: -0.000984171
T: 0.409631 Q: 2.28323
T: 0.501766 Q: 1.21719
T: 0.592501 Q: -0.00181675
T: 0.679079 Q: 0.899961
T: 0.75887 Q: -0.00354856
T: 0.829449 Q: 1.05944
T: 0.888672 Q: -0.00787846
T: 0.93474 Q: -0.0180842
T: 0.966251 Q: 1.60717
T: 0.982251 Q: -0.0496228
T: 0.982251 Q: -0.0341765
T: 0.966251 Q: 2.79693
T: 0.93474 Q: -0.0456089
T: 0.888672 Q: -0.0468174
T: 0.829449 Q: -0.0585107
T: 0.75887 Q: -0.0422095
T: 0.679079 Q: -0.0372671
T: 0.592501 Q: 0.927253
T: 0.501766 Q: -0.0134692
Sec_Event 16267563 N50: 27
T: -0.654389 Q: -0.0583868
T: -0.717119 Q: -0.0660592
T: -0.776974 Q: 1.33827
T: -0.832138 Q: -0.0674709
T: -0.880933 Q: -0.0711238
T: -0.921876 Q: -0.0687658
T: -0.953725 Q: -0.060209
T: -0.975511 Q: -0.0516401
T: -0.986572 Q: -0.0538842
T: -0.986572 Q: -0.0591243
T: -0.975511 Q: -0.0678353
T: -0.953725 Q: 0.77748
T: -0.921876 Q: -0.0486974
T: -0.880933 Q: -0.050807
T: -0.832138 Q: -0.0345869
T: -0.776974 Q: -0.0234665
T: -0.717119 Q: -0.0215395
T: -0.654389 Q: -0.0201417
T: -0.590692 Q: -0.0178272
T: -0.527963 Q: 0.965689
T: -0.468107 Q: -0.0191055
T: -0.412943 Q: -0.0194059
T: -0.364148 Q: 1.17442
T: -0.323205 Q: -0.0168318
T: -0.291356 Q: 1.06908
T: -0.26957 Q: -0.0199954
T: -0.25851 Q: -0.029008
T: -0.25851 Q: -0.0249168
T: -0.26957 Q: -0.0249911
T: -0.291356 Q: -0.0308222
T: -0.323205 Q: -0.0344693
T: -0.364148 Q: -0.0377447
T: -0.412943 Q: -0.0344521
T: -0.468107 Q: -0.0471689
T: -0.527963 Q: 1.15711
T: -0.590692 Q: 1.06293
 Incomplete 
Sec_Event 17167768 N50: 54
T: -0.293089 Q: -0.000579886
T: -0.401913 Q: -0.00236253
T: -0.505751 Q: 1.60781
T: -0.601449 Q: 1.12099
T: -0.686099 Q: 2.13716
T: -0.757128 Q: 2.13379
T: -0.812379 Q: -0.00185805
T: -0.850173 Q: 2.43435
T: -0.869362 Q: 2.53358
T: -0.869362 Q: -0.00221818
T: -0.850173 Q: 1.06305
T: -0.812379 Q: -0.00257876
T: -0.757128 Q: -0.00274931
T: -0.686099 Q: 1.17845
T: -0.601449 Q: 1.2842
T: -0.505751 Q: 3.29936
T: -0.401913 Q: 1.31534
T: -0.293089 Q: -0.00639861
T: -0.182587 Q: -0.00601568
T: -0.073763 Q: 1.36929
T: 0.0300753 Q: 1.10614
T: 0.125773 Q: -0.00509979
T: 0.210423 Q: -0.00289039
T: 0.281453 Q: -0.00295397
T: 0.336704 Q: 1.04741
T: 0.374498 Q: 2.24586
T: 0.393686 Q: 1.1439
T: 0.393686 Q: -0.00198543
T: 0.374498 Q: -0.00180214
T: 0.336704 Q: -0.00160586
T: 0.281453 Q: 2.25207
T: 0.210423 Q: -0.0022904
T: 0.125773 Q: -0.00126618
T: 0.0300753 Q: -0.00104302
T: -0.073763 Q: 1.11338
T: -0.182587 Q: 1.19304
400000/514500
Sec_Event 19125051 N50: 36
T: -0.191499 Q: -0.0267828
T: -0.304477 Q: 1.38219
T: -0.41228 Q: -0.028558
T: -0.511632 Q: 1.13809
T: -0.599514 Q: -0.0229379
T: -0.673255 Q: -0.0197927
T: -0.730616 Q: -0.0170515
T: -0.769853 Q: -0.0112958
T: -0.789774 Q: 1.29001
T: -0.789774 Q: 1.33697
T: -0.769853 Q: -0.0139394
T: -0.730616 Q: 1.40727
T: -0.673255 Q: -0.0171343
T: -0.599514 Q: -0.0235339
T: -0.511632 Q: -0.0384744
T: -0.41228 Q: 1.08874
T: -0.304477 Q: 1.57245
T: -0.191499 Q: -0.0489124
T: -0.0767776 Q: -0.0422845
T: 0.0362009 Q: -0.0374041
T: 0.144004 Q: 1.71303
T: 0.243355 Q: -0.0452451
T: 0.331237 Q: -0.053643
T: 0.404978 Q: -0.0633985
T: 0.462339 Q: -0.0738772
T: 0.501576 Q: 2.80778
T: 0.521497 Q: -0.0725243
T: 0.521497 Q: -0.0716993
T: 0.501576 Q: -0.0805173
T: 0.462339 Q: -0.0728263
T: 0.404978 Q: -0.0431021
T: 0.331237 Q: -0.0395844
T: 0.243355 Q: 1.4731
T: 0.144004 Q: -0.0258523
T: 0.0362009 Q: 1.54898
T: -0.0767776 Q: -0.0288259
Sec_Event 19828173 N50: 37
T: 0.220128 Q: -0.00885692
T: 0.113376 Q: -0.00667626
T: 0.0115138 Q: 1.34816
T: -0.0823628 Q: -0.0126843
T: -0.165401 Q: -0.0380207
T: -0.235079 Q: 1.06701
T: -0.289279 Q: -0.0253973
T: -0.326354 Q: -0.0354902
T: -0.345177 Q: 1.1809
T: -0.345177 Q: -0.0351774
T: -0.326354 Q: -0.048094
T: -0.289279 Q: -0.0452984
T: -0.235079 Q: -0.0442976
T: -0.165401 Q: -0.0471772
T: -0.0823628 Q: 1.32877
T: 0.0115138 Q: -0.0605418
T: 0.113376 Q: -0.0432022
T: 0.220128 Q: 1.35712
T: 0.328528 Q: -0.0433544
T: 0.43528 Q: -0.0161919
T: 0.537142 Q: -0.00949378
T: 0.631019 Q: -0.00706696
T: 0.714057 Q: -0.00700029
T: 0.783735 Q: -0.0033076
T: 0.837935 Q: 1.14642
T: 0.875009 Q: -0.00377588
T: 0.893833 Q: -0.00213724
T: 0.893833 Q: -0.00205299
T: 0.875009 Q: -0.00318401
T: 0.837935 Q: 1.05853
T: 0.783735 Q: -0.00489317
T: 0.714057 Q: -0.00329194
T: 0.631019 Q: -0.00536745
T: 0.537142 Q: -0.00664796
T: 0.43528 Q: -0.00676154
T: 0.328528 Q: -0.00983898
Sec_Event 20687984 N50: 27
T: -0.569954 Q: 1.22104
T: -0.65063 Q: -0.0132315
T: -0.72761 Q: 0.945762
T: -0.798554 Q: -0.0187678
T: -0.861309 Q: -0.0334461
T: -0.913966 Q: -0.0527817
T: -0.954926 Q: -0.0529317
T: -0.982944 Q: -0.0468598
T: -0.99717 Q: -0.0468426
T: -0.99717 Q: 1.30217
T: -0.982944 Q: 1.23958
T: -0.954926 Q: -0.0544519
T: -0.913966 Q: -0.0580475
T: -0.861309 Q: -0.0619305
T: -0.798554 Q: 1.08824
T: -0.72761 Q: -0.02329
T: -0.65063 Q: 3.37131
T: -0.569954 Q: -0.0163906
T: -0.488034 Q: -0.00937757
T: -0.407359 Q: -0.00702323
T: -0.330379 Q: -0.00734355
T: -0.259434 Q: -0.00708298
T: -0.19668 Q: -0.00459541
T: -0.144022 Q: -0.00544653
T: -0.103062 Q: -0.010111
T: -0.0750441 Q: -0.00267917
T: -0.0608189 Q: -0.003497
T: -0.0608189 Q: -0.00618343
T: -0.0750441 Q: -0.00251066
T: -0.103062 Q: -0.00801413
T: -0.144022 Q: -0.0038514
T: -0.19668 Q: 1.18719
T: -0.259434 Q: -0.0116928
T: -0.330379 Q: -0.00406751
T: -0.407359 Q: -0.00431602
T: -0.488034 Q: -0.00471555
Sec_Event 21645978 N50: 27
T: -0.311753 Q: -0.00764354
T: -0.419529 Q: -0.00755457
T: -0.522367 Q: -0.0154743
T: -0.617144 Q: -0.0149993
T: -0.700979 Q: -0.0155527
T: -0.771324 Q: -0.0149456
T: -0.826043 Q: 1.13835
T: -0.863474 Q: 2.17131
T: -0.882477 Q: -0.0109952
T: -0.882477 Q: -0.0123999
T: -0.863474 Q: 0.999982
T: -0.826043 Q: -0.0130713
T: -0.771324 Q: -0.014305
T: -0.700979 Q: -0.0165243
T: -0.617144 Q: 1.00796
T: -0.522367 Q: -0.0127968
T: -0.419529 Q: 1.20499
T: -0.311753 Q: 1.02549
T: -0.202315 Q: -0.0112154
T: -0.0945387 Q: -0.00939538
T: 0.00829977 Q: -0.0075634
T: 0.103076 Q: -0.00566055
T: 0.186911 Q: -0.0088385
T: 0.257257 Q: -0.00700624
T: 0.311976 Q: -0.00927233
T: 0.349406 Q: -0.00800307
T: 0.36841 Q: -0.00909721
T: 0.36841 Q: -0.00641667
T: 0.349406 Q: -0.0084234
T: 0.311976 Q: 1.13465
T: 0.257257 Q: 1.08003
T: 0.186911 Q: -0.00557679
T: 0.103076 Q: -0.00518499
T: 0.00829977 Q: -0.00542927
T: -0.0945387 Q: -0.00849122
T: -0.202315 Q: 1.01716
Sec_Event 22965671 N50: 32
T: -0.223219 Q: -0.00569554
T: -0.335169 Q: -0.0045015
T: -0.441989 Q: -0.00744418
T: -0.540436 Q: 2.28975
T: -0.627517 Q: 1.11171
T: -0.700587 Q: -0.00522455
T: -0.757425 Q: -0.00248307
T: -0.796305 Q: -0.00273635
T: -0.816044 Q: -0.00247089
T: -0.816044 Q: -0.00277063
T: -0.796305 Q: -0.0024149
T: -0.757425 Q: -0.00280507
T: -0.700587 Q: -0.00357946
T: -0.627517 Q: 1.07424
T: -0.540436 Q: -0.00993851
T: -0.441989 Q: -0.0136755
T: -0.335169 Q: -0.0306637
T: -0.223219 Q: 1.16858
T: -0.109543 Q: 2.40491
T: 0.00240621 Q: 1.17862
T: 0.109227 Q: 1.2787
T: 0.207674 Q: -0.0176449
T: 0.294755 Q: -0.020389
T: 0.367824 Q: -0.0248807
T: 0.424663 Q: -0.0156102
T: 0.463542 Q: -0.019073
T: 0.483282 Q: 1.21638
T: 0.483282 Q: -0.0117862
T: 0.463542 Q: 1.48563
T: 0.424663 Q: -0.0126324
T: 0.367824 Q: 1.17985
T: 0.294755 Q: -0.0058023
T: 0.207674 Q: -0.00754874
T: 0.109227 Q: 1.29357
T: 0.00240621 Q: -0.00497674
T: -0.109543 Q: -0.0102652
Sec_Event 23030499 N50: 26
T: 0.438168 Q: -0.00436813
T: 0.350808 Q: 1.38309
T: 0.267451 Q: -0.00774228
T: 0.190629 Q: -0.0050997
T: 0.122676 Q: -0.00482457
T: 0.0656562 Q: -0.00836632
T: 0.0213029 Q: 2.25352
T: -0.00903661 Q: -0.0135801
T: -0.0244404 Q: -0.0036335
T: -0.0244404 Q: -0.00628254
T: -0.00903661 Q: -0.00639346
T: 0.0213029 Q: -0.00820177
T: 0.0656562 Q: -0.00814985
T: 0.122676 Q: -0.00673698
T: 0.190629 Q: 1.3712
T: 0.267451 Q: -0.0150088
T: 0.350808 Q: -0.0141072
T: 0.438168 Q: 1.21921
T: 0.526874 Q: -0.020707
T: 0.614233 Q: -0.0198808
T: 0.69759 Q: 2.23929
T: 0.774413 Q: -0.0216723
T: 0.842366 Q: -0.0183168
T: 0.899386 Q: -0.0147876
T: 0.943739 Q: -0.0213445
T: 0.974078 Q: -0.0115664
T: 0.989482 Q: -0.0138478
T: 0.989482 Q: -0.0116949
T: 0.974078 Q: -0.0144108
T: 0.943739 Q: -0.0185922
T: 0.899386 Q: 1.09656
T: 0.842366 Q: -0.024392
T: 0.774413 Q: -0.0155652
T: 0.69759 Q: 1.01401
T: 0.614233 Q: -0.00689213
T: 0.526874 Q: -0.00733778
Sec_Event 23523826 N50: 29
T: -0.567484 Q: -0.00217818
T: -0.648577 Q: -0.00196536
T: -0.725956 Q: -0.00406409
T: -0.797269 Q: -0.00770565
T: -0.860348 Q: -0.00906356
T: -0.913278 Q: -0.0133672
T: -0.954451 Q: -0.0380466
T: -0.982614 Q: 0.83866
T: -0.996913 Q: 1.43117
T: -0.996913 Q: -0.0475691
T: -0.982614 Q: -0.0381924
T: -0.954451 Q: -0.0432746
T: -0.913278 Q: 2.87332
T: -0.860348 Q: 1.3699
T: -0.797269 Q: -0.0736019
T: -0.725956 Q: -0.0752582
T: -0.648577 Q: -0.050739
T: -0.567484 Q: -0.0341046
T: -0.485139 Q: -0.0372556
T: -0.404045 Q: 1.31732
T: -0.326667 Q: -0.024134
T: -0.255354 Q: 1.181
T: -0.192275 Q: -0.0125549
T: -0.139344 Q: -0.0142768
T: -0.0981721 Q: 0.961424
T: -0.0700086 Q: 1.06438
T: -0.0557096 Q: -0.00427118
T: -0.0557096 Q: 1.0119
T: -0.0700086 Q: -0.00377494
T: -0.0981721 Q: -0.00259731
T: -0.139344 Q: -0.00386565
T: -0.192275 Q: -0.00117753
T: -0.255354 Q: 1.70688
T: -0.326667 Q: 2.30042
T: -0.404045 Q: -0.00239439
T: -0.485139 Q: -0.000860564
Sec_Event 23643283 N50: 41
T: 0.0493459 Q: -0.0107028
T: -0.0643211 Q: -0.0102657
T: -0.172781 Q: 1.17234
T: -0.272738 Q: 1.3063
T: -0.361155 Q: -0.00712745
T: -0.435346 Q: -0.00419494
T: -0.493056 Q: 1.05993
T: -0.532533 Q: -0.0029934
T: -0.552575 Q: -0.00222045
T: -0.552575 Q: 0.84448
T: -0.532533 Q: -0.00328463
T: -0.493056 Q: -0.0037515
T: -0.435346 Q: -0.00570982
T: -0.361155 Q: -0.00846914
T: -0.272738 Q: -0.0136888
T: -0.172781 Q: -0.0219113
T: -0.0643211 Q: 1.1468
T: 0.0493459 Q: -0.0126435
T: 0.164766 Q: -0.0184451
T: 0.278433 Q: -0.0182013
T: 0.386893 Q: -0.0221156
T: 0.48685 Q: 1.37541
T: 0.575268 Q: 1.20109
T: 0.649459 Q: -0.0305666
T: 0.707169 Q: 1.5041
T: 0.746645 Q: -0.0575532
T: 0.766688 Q: -0.0703239
T: 0.766688 Q: -0.0461368
T: 0.746645 Q: -0.0499515
T: 0.707169 Q: -0.03036
T: 0.649459 Q: 1.0442
T: 0.575268 Q: -0.0232204
T: 0.48685 Q: 1.34121
T: 0.386893 Q: 1.29053
T: 0.278433 Q: 1.34419
T: 0.164766 Q: 1.12383
Sec_Event 23871912 N50: 38
T: 0.209805 Q: 1.58905
T: 0.10245 Q: 1.57941
T: 1.36314e-05 Q: -0.0307586
T: -0.0943924 Q: -0.0380898
T: -0.177899 Q: -0.0324072
T: -0.24797 Q: -0.0301278
T: -0.302475 Q: 1.26294
T: -0.339759 Q: -0.032797
T: -0.358689 Q: -0.0337247
T: -0.358689 Q: 3.95248
T: -0.339759 Q: -0.020586
T: -0.302475 Q: 1.20168
T: -0.24797 Q: -0.017796
T: -0.177899 Q: 1.05156
T: -0.0943924 Q: 1.13214
T: 1.36314e-05 Q: -0.00749802
T: 0.10245 Q: 1.33427
T: 0.209805 Q: -0.00677605
T: 0.318815 Q: 2.47996
T: 0.42617 Q: -0.00763688
T: 0.528607 Q: -0.0127985
T: 0.623013 Q: -0.00993253
T: 0.70652 Q: 1.17365
T: 0.77659 Q: -0.0104951
T: 0.831096 Q: -0.0160312
T: 0.868379 Q: 1.34465
T: 0.887309 Q: -0.0127173
T: 0.887309 Q: -0.00919862
T: 0.868379 Q: -0.0106352
T: 0.831096 Q: -0.0119828
T: 0.77659 Q: -0.0149481
T: 0.70652 Q: -0.0260069
T: 0.623013 Q: -0.0285413
T: 0.528607 Q: 1.06209
T: 0.42617 Q: -0.0437984
T: 0.318815 Q: -0.0514412
500000/514500

gestpm: TOTAL NUMBER PMT: WALL; TOP; BOTTOM; ALL  7650  1748  1748 11146
 *****************************
 * This is for SK-VI map      *
 *****************************
 findconsts: connection table file: /home/licheng/local/skofl/const//connection.super.dat
gexyz: PMT # FOR EACH SECTION       1  7650  7651  9398  9399 11146
gexyz: maxpm,nlwal     11146      7650
 findconsts: connection table1 file: /home/licheng/local/skofl/const//connection.super.dat
 findconsts: connection table2 file: /home/licheng/local/skofl/const//connection.super.sk-5.dat
 findfile: checking /home/licheng/local/skofl/const//misch3.dat
 findfile: found /home/licheng/local/skofl/const//misch3.dat
 findconsts: mis channel file: /home/licheng/local/skofl/const//misch3.dat
 findfile: checking /home/licheng/local/skofl/const//skpmt_sk5.dat
 findfile: found /home/licheng/local/skofl/const//skpmt_sk5.dat
 findconsts: pmt file: /home/licheng/local/skofl/const//skpmt_sk5.dat
gestpma: TOTAL NUMBER anti PMT: WALL; TOP; BOTTOM; ALL  1275   302   308  1885
gexyza: anti PMT # FOR EACH SECTION       1  1275  1276  1577  1578  1885
 maxpma,nlwala      1885      1275
 skbadch: log_level =            0
 findconsts: badch.090471 file: /home/licheng/local/skofl/const//badch/badch.090471
 findconsts: bad channel file: /home/licheng/local/skofl/const//badch.dat
 findconsts: badch.090471 file: /home/licheng/local/skofl/const//badch/badch.090471
 skdark: log_level =            0
 findconsts: darkr.090471.root file: /home/licheng/local/skofl/const//darkr/darkr.090471.root
 findconsts: badsub SK-I 1 file: /home/licheng/local/skofl/const//lowe/badsub.sk.r1742-3051.r3208-3608
 nbad 1 =         1851
 findconsts: badsub SK-I 2 file: /home/licheng/local/skofl/const//lowe/badsub.sk.realtim
 nbad 2 =        17511
 findconsts: badsub SK-I 3 file: /home/licheng/local/skofl/const//lowe/badsub.sk.manual.1260day
 nbad 3 =        21939
 findconsts: badsub SK-I 4 file: /home/licheng/local/skofl/const//lowe/badsub.sk.sle.1260day
 nbad 4 =        28004
 findconsts: badsub SK-I 5 file: /home/licheng/local/skofl/const//lowe/badsub.sk.manual
 nbad 5 =        28105
 findconsts: badsub SK-I 6 file: /home/licheng/local/skofl/const//lowe/badsub.sk.sle
 nbad 6 =        28105
 findconsts: badsub SK-II 1 file: /home/licheng/local/skofl/const//lowe/badsub.sk2.manual
 nbad_sk2 SK-II 1 =        27759
 findconsts: badsub SK-III 1 file: /home/licheng/local/skofl/const//lowe/badsub.sk3.manual
 nbad_sk3 SK-III 1 =         4149
 findconsts: badsub SK-IV file: /home/licheng/local/skofl/const//lowe/badsub.sk4.manual
 nbad_sk4 SK-IV =        66921
 read local badsub.sk5.manual.local
 nbad_sk5 SK-V =         2595
 read local badsub.sk6.manual.local
 nbad_sk6 SK-VI (Gd) =         7717
 findconsts: skcoverage_barrel file: /home/licheng/local/skofl/const//lowe/skcov_b_p3.dat
 findconsts: nearest neighbor file: /home/licheng/local/skofl/const//neighb.dat
 neighbsk: reading neighbor file /home/licheng/local/skofl/const//neighb.dat
 findconsts: skcoverage_sk4_final file: /home/licheng/local/skofl/const//lowe/skcov_c_p3.dat
