Output file: output/wt_090419.root input file:/disk03/lowe10/sk7/sle/lomugd.090419.root
 Id of this manager : 10
InitReadRoot: total = 654680
RUNINFO found in the rare list
SK geometry setting: 6
***** Dummy rgetvalue was called. (Remote File Access is not supported) *****
==========WT:========== 16657.6 14561.1 12580.3
0/654680
Sec_Event 110679 N50: 42
T: 0.166111 Q: -0.0181084
T: 0.0564798 Q: 2.83034
T: -0.048129 Q: 1.48068
T: -0.144537 Q: -0.015727
T: -0.229815 Q: 1.15964
T: -0.301372 Q: 1.11769
T: -0.357033 Q: -0.0264716
T: -0.395107 Q: 1.42829
T: -0.414438 Q: 1.25439
T: -0.414438 Q: -0.0373036
T: -0.395107 Q: 1.61496
T: -0.357033 Q: -0.0303521
T: -0.301372 Q: -0.0243501
T: -0.229815 Q: 1.26982
T: -0.144537 Q: -0.0285626
T: -0.048129 Q: -0.0289838
T: 0.0564798 Q: 1.55382
T: 0.166111 Q: -0.0277179
T: 0.277433 Q: -0.00669844
T: 0.387065 Q: 0.786496
T: 0.491673 Q: -0.00142359
T: 0.588081 Q: 1.15335
T: 0.673359 Q: 1.00999
T: 0.744916 Q: -0.000296295
T: 0.800577 Q: -0.000687207
T: 0.857983 Q: 1.27372
T: 0.857983 Q: 1.46522
T: 0.800577 Q: 2.96712
T: 0.744916 Q: -0.000599633
T: 0.673359 Q: 1.42023
T: 0.588081 Q: 1.45345
T: 0.491673 Q: 1.16121
T: 0.387065 Q: 1.85837
T: 0.277433 Q: 0.980198
Sec_Event 991089 N50: 28
T: 0.387373 Q: -0.0496575
T: 0.294206 Q: -0.051761
T: 0.205307 Q: -0.0701953
T: 0.123378 Q: 1.77772
T: 0.0509072 Q: 4.78412
T: -0.00990304 Q: -0.0571666
T: -0.057205 Q: 1.65664
T: -0.0895615 Q: -0.0549216
T: -0.105989 Q: 1.57385
T: -0.105989 Q: 1.6291
T: -0.0895615 Q: -0.0473919
T: -0.057205 Q: -0.0451548
T: -0.00990304 Q: -0.0452342
T: 0.0509072 Q: -0.0406253
T: 0.123378 Q: -0.0347965
T: 0.205307 Q: -0.0319973
T: 0.294206 Q: -0.0324679
T: 0.387373 Q: -0.0350693
T: 0.481977 Q: 2.96625
T: 0.575144 Q: 2.66196
T: 0.664042 Q: -0.0555513
T: 0.745972 Q: -0.055995
T: 0.818442 Q: -0.10933
T: 0.879253 Q: -0.0992681
T: 0.926555 Q: -0.0897414
T: 0.958911 Q: -0.0719376
T: 0.975339 Q: 1.53745
T: 0.975339 Q: -0.0674932
T: 0.958911 Q: -0.0665979
T: 0.926555 Q: -0.0801723
T: 0.879253 Q: -0.0862193
T: 0.818442 Q: 1.43946
T: 0.745972 Q: -0.114404
T: 0.664042 Q: -0.0890573
T: 0.575144 Q: 1.34688
T: 0.481977 Q: -0.0625594
Sec_Event 1600318 N50: 37
T: 0.532561 Q: 0.989
T: 0.458856 Q: 2.13569
T: 0.388528 Q: 2.29504
T: 0.323713 Q: -0.0107789
T: 0.266381 Q: -0.013988
T: 0.218274 Q: -0.0126757
T: 0.180853 Q: -0.0219552
T: 0.155255 Q: 1.0189
T: 0.142259 Q: -0.0250348
T: 0.142259 Q: -0.0311037
T: 0.155255 Q: -0.0346066
T: 0.180853 Q: 1.34968
T: 0.218274 Q: -0.0435335
T: 0.266381 Q: -0.0413392
T: 0.323713 Q: -0.0584489
T: 0.388528 Q: -0.0616586
T: 0.458856 Q: 1.22844
T: 0.532561 Q: -0.059638
T: 0.607403 Q: -0.0493424
T: 0.681108 Q: 1.1461
T: 0.751436 Q: -0.03387
T: 0.816251 Q: -0.0257381
T: 0.873583 Q: -0.0203464
T: 0.92169 Q: -0.0159725
T: 0.959111 Q: -0.0179976
T: 0.984709 Q: 1.12502
T: 0.997705 Q: 2.59315
T: 0.997705 Q: -0.0150957
T: 0.984709 Q: 4.93428
T: 0.959111 Q: -0.0234117
T: 0.92169 Q: -0.0149243
T: 0.873583 Q: 1.08937
T: 0.816251 Q: -0.00725478
T: 0.751436 Q: -0.00501554
T: 0.681108 Q: 2.06118
T: 0.607403 Q: -0.00325937
Sec_Event 1600318 N50: 31
T: -0.294155 Q: -0.0157785
T: -0.402921 Q: -0.00799252
T: -0.506705 Q: -0.00343875
T: -0.602352 Q: 1.1492
T: -0.686958 Q: -0.00150951
T: -0.75795 Q: -0.00108091
T: -0.813172 Q: -0.00109878
T: -0.850946 Q: -0.00106009
T: -0.870124 Q: 1.37902
T: -0.850946 Q: -0.000387822
T: -0.813172 Q: -0.00114634
T: -0.75795 Q: -0.00144219
T: -0.686958 Q: -0.0011106
T: -0.602352 Q: -0.00213113
T: -0.506705 Q: -0.00501704
T: -0.402921 Q: -0.006885
T: -0.294155 Q: -0.0135454
T: -0.183711 Q: -0.0191363
T: -0.0749446 Q: -0.0192163
T: 0.028839 Q: -0.0174876
T: 0.124487 Q: -0.0218382
T: 0.209092 Q: -0.0247387
T: 0.280084 Q: 1.27206
T: 0.335306 Q: -0.0364542
T: 0.37308 Q: 1.35708
T: 0.392259 Q: -0.0449894
T: 0.392259 Q: 1.45908
T: 0.37308 Q: -0.0428564
T: 0.335306 Q: 1.47249
T: 0.280084 Q: -0.0386364
T: 0.209092 Q: -0.0359596
T: 0.124487 Q: -0.0412116
T: 0.028839 Q: 1.46024
T: -0.0749446 Q: -0.0450479
T: -0.183711 Q: 0.756778
Sec_Event 2603856 N50: 26
T: -0.724857 Q: -0.0454276
T: -0.760313 Q: 1.18797
T: -0.794144 Q: -0.04665
T: -0.825324 Q: -0.0426103
T: -0.852904 Q: -0.0363953
T: -0.876046 Q: -0.0383058
T: -0.894047 Q: -0.0309261
T: -0.906361 Q: 2.37822
T: -0.912613 Q: -0.0369541
T: -0.912613 Q: -0.0330511
T: -0.906361 Q: 1.13508
T: -0.894047 Q: -0.0291958
T: -0.876046 Q: -0.0248249
T: -0.852904 Q: -0.0127489
T: -0.825324 Q: 1.78422
T: -0.794144 Q: 0.941374
T: -0.760313 Q: -0.00661659
T: -0.724857 Q: 1.05639
T: -0.688854 Q: -0.00224489
T: -0.653398 Q: -0.00170236
T: -0.619566 Q: -0.00281867
T: -0.588387 Q: -0.00192502
T: -0.560807 Q: 0.988755
T: -0.537665 Q: -0.00160453
T: -0.519663 Q: -0.00277562
T: -0.507349 Q: 0.909044
T: -0.501098 Q: -0.00654186
T: -0.501098 Q: -0.00451379
T: -0.507349 Q: 0.90199
T: -0.519663 Q: -0.0103168
T: -0.537665 Q: -0.0152204
T: -0.560807 Q: -0.0170025
T: -0.588387 Q: 1.04885
T: -0.619566 Q: 1.02847
T: -0.653398 Q: 1.07775
T: -0.688854 Q: 0.941968
Sec_Event 2603856 N50: 41
T: 0.184407 Q: 2.23554
T: 0.0756763 Q: 1.31112
T: -0.0280733 Q: 1.21584
T: -0.123689 Q: -0.0456543
T: -0.208267 Q: 3.2323
T: -0.279236 Q: -0.054226
T: -0.33444 Q: 1.4641
T: -0.372202 Q: -0.0739755
T: -0.391374 Q: 1.33763
T: -0.391374 Q: -0.0615746
T: -0.372202 Q: -0.0592955
T: -0.33444 Q: 1.28551
T: -0.279236 Q: -0.0541075
T: -0.208267 Q: 1.41903
T: -0.123689 Q: -0.0488829
T: -0.0280733 Q: -0.0457351
T: 0.0756763 Q: -0.0370896
T: 0.184407 Q: 1.22605
T: 0.294815 Q: -0.0394321
T: 0.403546 Q: -0.03648
T: 0.507295 Q: -0.040561
T: 0.602911 Q: -0.0329756
T: 0.687489 Q: -0.0248984
T: 0.758458 Q: 1.07731
T: 0.813662 Q: 4.35728
T: 0.851424 Q: -0.0182428
T: 0.870596 Q: 1.50845
T: 0.870596 Q: -0.0120661
T: 0.851424 Q: -0.0141144
T: 0.813662 Q: -0.0165538
T: 0.758458 Q: -0.0204315
T: 0.687489 Q: -0.0275933
T: 0.602911 Q: -0.0324875
T: 0.507295 Q: 1.18831
T: 0.403546 Q: -0.0486656
T: 0.294815 Q: -0.0531867
Sec_Event 2994900 N50: 35
T: -0.190173 Q: -0.0313908
T: -0.30319 Q: -0.0345174
T: -0.411029 Q: 2.29267
T: -0.510414 Q: -0.0438729
T: -0.598325 Q: -0.0312599
T: -0.672091 Q: -0.019428
T: -0.729471 Q: -0.0167
T: -0.768721 Q: -0.0133571
T: -0.788649 Q: -0.0115866
T: -0.788649 Q: -0.0151335
T: -0.768721 Q: 1.0809
T: -0.729471 Q: 1.06542
T: -0.672091 Q: -0.0202245
T: -0.598325 Q: 2.34574
T: -0.510414 Q: -0.035063
T: -0.411029 Q: -0.0379831
T: -0.30319 Q: -0.0314384
T: -0.190173 Q: -0.0336019
T: -0.0754135 Q: -0.0256123
T: 0.037603 Q: 1.23871
T: 0.145442 Q: -0.0307801
T: 0.244827 Q: -0.0346548
T: 0.332738 Q: -0.0427296
T: 0.406504 Q: 2.45588
T: 0.463884 Q: 1.41617
T: 0.503135 Q: -0.0551372
T: 0.523062 Q: -0.0611233
T: 0.523062 Q: -0.0715092
T: 0.503135 Q: -0.0567567
T: 0.463884 Q: -0.0717788
T: 0.406504 Q: -0.048255
T: 0.332738 Q: -0.0434943
T: 0.244827 Q: 1.13016
T: 0.145442 Q: -0.0324189
T: 0.037603 Q: -0.034843
T: -0.0754135 Q: -0.0340119
Sec_Event 3172807 N50: 27
T: -0.396243 Q: 1.11603
T: -0.498015 Q: 1.23874
T: -0.595124 Q: -0.00568227
T: -0.684621 Q: 1.24745
T: -0.763785 Q: -0.00616013
T: -0.830212 Q: 0.955834
T: -0.881882 Q: -0.00940872
T: -0.917227 Q: 1.25675
T: -0.935172 Q: -0.00716261
T: -0.935172 Q: 1.30463
T: -0.917227 Q: 1.4243
T: -0.881882 Q: -0.00817271
T: -0.830212 Q: -0.0156264
T: -0.763785 Q: -0.014764
T: -0.684621 Q: -0.0175855
T: -0.595124 Q: 1.22874
T: -0.498015 Q: -0.0403874
T: -0.396243 Q: -0.0421443
T: -0.292902 Q: 1.27795
T: -0.19113 Q: 1.18154
T: -0.094021 Q: -0.0250294
T: -0.00452459 Q: -0.030717
T: 0.0746396 Q: -0.0241444
T: 0.141066 Q: -0.0187188
T: 0.192737 Q: -0.0144202
T: 0.228082 Q: -0.0136738
T: 0.246027 Q: -0.00998948
T: 0.246027 Q: -0.00628389
T: 0.228082 Q: -0.00519599
T: 0.192737 Q: -0.00392312
T: 0.141066 Q: 1.14262
T: 0.0746396 Q: -0.00290723
T: -0.00452459 Q: -0.00396225
T: -0.094021 Q: 1.13796
T: -0.19113 Q: 1.19838
T: -0.292902 Q: -0.00204065
Sec_Event 3172807 N50: 45
T: -0.364899 Q: -0.0213168
T: -0.469153 Q: -0.0316703
T: -0.568631 Q: -0.0229047
T: -0.66031 Q: -0.0157735
T: -0.741405 Q: -0.0111963
T: -0.809452 Q: -0.00814415
T: -0.862383 Q: -0.00591284
T: -0.89859 Q: 1.19887
T: -0.916973 Q: -0.00516431
T: -0.916973 Q: -0.00476018
T: -0.89859 Q: -0.00583773
T: -0.862383 Q: -0.00604714
T: -0.809452 Q: 0.923009
T: -0.741405 Q: -0.00269719
T: -0.66031 Q: -0.00120622
T: -0.568631 Q: -0.0032874
T: -0.469153 Q: -0.000809887
T: -0.364899 Q: -0.00090469
T: -0.259037 Q: -0.000946844
T: -0.154783 Q: 1.2761
T: -0.0553049 Q: 1.16268
T: 0.0363744 Q: 1.13224
T: 0.11747 Q: -0.00055867
T: 0.185516 Q: 1.04551
T: 0.238447 Q: 1.22595
T: 0.274654 Q: -0.002037
T: 0.293037 Q: -0.00230208
T: 0.293037 Q: 1.21042
T: 0.274654 Q: 1.08646
T: 0.238447 Q: -0.00863784
T: 0.185516 Q: 1.03031
T: 0.11747 Q: -0.0175587
T: 0.0363744 Q: -0.0183399
T: -0.0553049 Q: -0.017912
T: -0.154783 Q: 1.13796
T: -0.259037 Q: -0.0233791
Sec_Event 3991156 N50: 25
T: -0.639646 Q: -0.00368037
T: -0.70616 Q: -0.00420158
T: -0.769626 Q: 1.1178
T: -0.828117 Q: -0.00551659
T: -0.879855 Q: -0.00503358
T: -0.923269 Q: -0.00549081
T: -0.957039 Q: -0.00595492
T: -0.980139 Q: -0.00410785
T: -0.991867 Q: -0.0027585
T: -0.991867 Q: 1.13748
T: -0.980139 Q: -0.00360833
T: -0.957039 Q: 1.22035
T: -0.923269 Q: -0.00422482
T: -0.879855 Q: -0.00559735
T: -0.828117 Q: -0.00762743
T: -0.769626 Q: -0.00802748
T: -0.70616 Q: -0.0112646
T: -0.639646 Q: 2.11603
T: -0.572107 Q: -0.0204103
T: -0.505593 Q: 1.03039
T: -0.442127 Q: -0.0194176
T: -0.383636 Q: -0.016449
T: -0.331898 Q: -0.0127876
T: -0.288484 Q: -0.0121164
T: -0.254714 Q: -0.0182694
T: -0.231614 Q: -0.00770492
T: -0.219886 Q: -0.0100813
T: -0.219886 Q: -0.00667813
T: -0.231614 Q: -0.00566388
T: -0.254714 Q: 0.90872
T: -0.288484 Q: -0.00564055
T: -0.331898 Q: -0.00351698
T: -0.383636 Q: -0.00589813
T: -0.442127 Q: -0.00343201
T: -0.505593 Q: 1.24866
T: -0.572107 Q: -0.0066738
Sec_Event 4065481 N50: 40
T: 0.0121816 Q: -0.00184958
T: -0.102169 Q: -0.00550701
T: -0.211282 Q: -0.00230046
T: -0.31184 Q: -0.00418216
T: -0.40079 Q: 1.22228
T: -0.475427 Q: 1.13953
T: -0.533484 Q: 1.06434
T: -0.573198 Q: -0.0124388
T: -0.593361 Q: -0.0116046
T: -0.593361 Q: 1.13425
T: -0.573198 Q: -0.0193274
T: -0.533484 Q: -0.0188504
T: -0.475427 Q: 1.0808
T: -0.40079 Q: -0.0176644
T: -0.31184 Q: 1.04595
T: -0.211282 Q: -0.0184811
T: -0.102169 Q: -0.0196287
T: 0.0121816 Q: 2.29327
T: 0.128297 Q: -0.019237
T: 0.242648 Q: -0.0170981
T: 0.35176 Q: 1.0859
T: 0.452318 Q: -0.027366
T: 0.541268 Q: -0.0244664
T: 0.615905 Q: -0.0279693
T: 0.673963 Q: -0.0223861
T: 0.713676 Q: 1.00339
T: 0.733839 Q: 2.14424
T: 0.733839 Q: -0.0161759
T: 0.713676 Q: 0.986004
T: 0.673963 Q: 1.05819
T: 0.615905 Q: -0.00795813
T: 0.541268 Q: 1.01481
T: 0.452318 Q: 1.27626
T: 0.35176 Q: -0.00310632
T: 0.242648 Q: -0.00143609
T: 0.128297 Q: -0.00255817
Sec_Event 4065481 N50: 37
T: 0.45049 Q: -0.0276472
T: 0.364685 Q: -0.0250852
T: 0.282811 Q: -0.0161829
T: 0.207355 Q: 1.05807
T: 0.140611 Q: -0.00972176
T: 0.0846056 Q: -0.0127911
T: 0.0410412 Q: -0.00780069
T: 0.0112414 Q: -0.00723269
T: -0.00388833 Q: -0.00663288
T: -0.00388833 Q: -0.00395899
T: 0.0112414 Q: -0.00453184
T: 0.0410412 Q: 1.06153
T: 0.0846056 Q: -0.00318335
T: 0.140611 Q: -0.00366857
T: 0.207355 Q: 1.08846
T: 0.282811 Q: -0.00368536
T: 0.364685 Q: 1.20654
T: 0.45049 Q: -0.00341678
T: 0.537619 Q: 1.0902
T: 0.623424 Q: -0.00543266
T: 0.705298 Q: -0.00546425
T: 0.780754 Q: -0.0157738
T: 0.847499 Q: -0.0179167
T: 0.903504 Q: -0.0249967
T: 0.947068 Q: -0.0161944
T: 0.976868 Q: -0.0182374
T: 0.991998 Q: -0.0170114
T: 0.991998 Q: -0.0156515
T: 0.976868 Q: -0.0148829
T: 0.947068 Q: -0.0163572
T: 0.903504 Q: -0.0171428
T: 0.847499 Q: -0.022249
T: 0.780754 Q: -0.0259801
T: 0.705298 Q: 2.20974
T: 0.623424 Q: 1.26062
T: 0.537619 Q: -0.0326012
Sec_Event 4344636 N50: 43
T: 0.570831 Q: -0.0323447
T: 0.504068 Q: -0.0273304
T: 0.440363 Q: -0.0192532
T: 0.381653 Q: -0.0164254
T: 0.329721 Q: -0.015896
T: 0.286144 Q: -0.0118456
T: 0.252248 Q: -0.00723327
T: 0.229062 Q: -0.00773998
T: 0.217289 Q: -0.00427863
T: 0.217289 Q: -0.00521618
T: 0.229062 Q: 4.8855
T: 0.252248 Q: -0.00421611
T: 0.286144 Q: -0.0055725
T: 0.329721 Q: 1.1219
T: 0.381653 Q: 1.18917
T: 0.440363 Q: -0.00403897
T: 0.504068 Q: -0.00333497
T: 0.570831 Q: -0.00394225
T: 0.638623 Q: 1.15144
T: 0.705386 Q: -0.00751937
T: 0.769091 Q: 2.31398
T: 0.827801 Q: -0.0182822
T: 0.879733 Q: -0.0288717
T: 0.92331 Q: -0.0504717
T: 0.957206 Q: 0.890304
T: 0.980393 Q: 1.54865
T: 0.992165 Q: -0.0346741
T: 0.992165 Q: -0.0455957
T: 0.980393 Q: -0.034002
T: 0.957206 Q: -0.0357928
T: 0.92331 Q: 1.46249
T: 0.879733 Q: -0.0481734
T: 0.827801 Q: -0.0612437
T: 0.769091 Q: 1.24405
T: 0.705386 Q: -0.0638355
T: 0.638623 Q: 1.21392
100000/654680
Sec_Event 4842199 N50: 47
T: -0.0689696 Q: -0.00662691
T: -0.183823 Q: 2.27645
T: -0.293415 Q: -0.00623481
T: -0.394415 Q: -0.00710339
T: -0.483755 Q: 0.99503
T: -0.55872 Q: -0.00628024
T: -0.617033 Q: 1.26326
T: -0.656921 Q: 2.26237
T: -0.677173 Q: -0.00268511
T: -0.677173 Q: 1.01475
T: -0.656921 Q: -0.00364695
T: -0.617033 Q: 1.04781
T: -0.55872 Q: -0.00479895
T: -0.483755 Q: -0.00393196
T: -0.394415 Q: -0.00499599
T: -0.293415 Q: -0.00318764
T: -0.183823 Q: -0.00279006
T: -0.0689696 Q: 1.14129
T: 0.0476555 Q: -0.00407412
T: 0.162509 Q: -0.00419781
T: 0.272101 Q: -0.00385715
T: 0.373101 Q: -0.00320197
T: 0.462441 Q: -0.00455452
T: 0.537406 Q: -0.00661979
T: 0.595719 Q: -0.00629437
T: 0.635607 Q: -0.0104584
T: 0.655859 Q: -0.0129836
T: 0.655859 Q: -0.0123708
T: 0.635607 Q: -0.00849244
T: 0.595719 Q: -0.0101223
T: 0.537406 Q: -0.00939661
T: 0.462441 Q: 2.59782
T: 0.373101 Q: 1.02432
T: 0.272101 Q: -0.0103465
T: 0.162509 Q: -0.0119251
T: 0.0476555 Q: 2.12376
Sec_Event 4981778 N50: 28
T: -0.716626 Q: -0.0225646
T: -0.75679 Q: -0.0182639
T: -0.795114 Q: 0.903191
T: -0.830434 Q: -0.0208173
T: -0.861676 Q: 0.941489
T: -0.887892 Q: -0.0265372
T: -0.908284 Q: -0.0249501
T: -0.922233 Q: -0.0275304
T: -0.929314 Q: 1.19517
T: -0.929314 Q: 1.22227
T: -0.922233 Q: -0.0387061
T: -0.908284 Q: -0.0409608
T: -0.887892 Q: -0.0443575
T: -0.861676 Q: -0.043666
T: -0.830434 Q: -0.0462346
T: -0.795114 Q: -0.0483361
T: -0.75679 Q: -0.0529278
T: -0.716626 Q: 1.39913
T: -0.675842 Q: -0.0708869
T: -0.635678 Q: -0.0644535
T: -0.597354 Q: -0.0567387
T: -0.562034 Q: -0.0516582
T: -0.530791 Q: -0.0448562
T: -0.504576 Q: -0.0516952
T: -0.484184 Q: -0.0488719
T: -0.470235 Q: -0.0417258
T: -0.463153 Q: -0.0320392
T: -0.463153 Q: 2.33849
T: -0.470235 Q: 1.30332
T: -0.484184 Q: -0.0213566
T: -0.504576 Q: -0.0259681
T: -0.530791 Q: -0.0214528
T: -0.562034 Q: 1.38821
T: -0.597354 Q: -0.0186555
T: -0.635678 Q: 1.20092
T: -0.675842 Q: -0.0129868
 Incomplete 
Sec_Event 6192241 N50: 39
T: -0.365304 Q: -0.011662
T: -0.469527 Q: -0.00979695
T: -0.568977 Q: -0.0108221
T: -0.66063 Q: -0.0141904
T: -0.741701 Q: 1.19423
T: -0.809729 Q: 1.19288
T: -0.862644 Q: -0.0567064
T: -0.898841 Q: -0.0517353
T: -0.917218 Q: -0.0517628
T: -0.917218 Q: 1.38744
T: -0.898841 Q: -0.0515147
T: -0.862644 Q: 1.15124
T: -0.809729 Q: -0.069799
T: -0.741701 Q: -0.0668488
T: -0.66063 Q: -0.0481951
T: -0.568977 Q: -0.0359575
T: -0.469527 Q: -0.0269138
T: -0.365304 Q: -0.02421
T: -0.259472 Q: 1.24492
T: -0.155248 Q: -0.0214586
T: -0.055799 Q: -0.0188922
T: 0.0358539 Q: 2.89371
T: 0.116926 Q: 2.8018
T: 0.184953 Q: 1.27956
T: 0.237869 Q: -0.0141498
T: 0.274065 Q: -0.0104149
T: 0.292443 Q: -0.0113782
T: 0.292443 Q: -0.023786
T: 0.274065 Q: -0.0108724
T: 0.237869 Q: -0.0145842
T: 0.184953 Q: -0.00788618
T: 0.116926 Q: -0.00866936
T: 0.0358539 Q: -0.00846266
T: -0.055799 Q: 1.16568
T: -0.155248 Q: 1.41891
T: -0.259472 Q: -0.00949488
Sec_Event 6192241 N50: 30
T: -0.112565 Q: -0.00990635
T: -0.227122 Q: 1.40192
T: -0.336431 Q: 2.73554
T: -0.437171 Q: -0.0188208
T: -0.526281 Q: -0.0234825
T: -0.601052 Q: -0.0299393
T: -0.659214 Q: -0.0233402
T: -0.699 Q: -0.0360188
T: -0.719199 Q: -0.0343376
T: -0.719199 Q: 1.04896
T: -0.699 Q: 1.0237
T: -0.659214 Q: -0.0260939
T: -0.601052 Q: -0.021177
T: -0.526281 Q: -0.0183341
T: -0.437171 Q: -0.0201562
T: -0.336431 Q: 1.11418
T: -0.227122 Q: 2.31386
T: -0.112565 Q: -0.0197783
T: 0.00375883 Q: -0.0155808
T: 0.118316 Q: -0.018055
T: 0.227625 Q: -0.0115588
T: 0.328364 Q: -0.0147611
T: 0.417474 Q: -0.0128655
T: 0.492246 Q: 1.00966
T: 0.550408 Q: -0.00667083
T: 0.590193 Q: 1.06413
T: 0.610393 Q: -0.0083977
T: 0.610393 Q: -0.00658642
T: 0.590193 Q: -0.00630263
T: 0.550408 Q: -0.00891733
T: 0.492246 Q: -0.00954195
T: 0.417474 Q: 0.901717
T: 0.328364 Q: 1.09394
T: 0.227625 Q: 1.25776
T: 0.118316 Q: -0.0143766
T: 0.00375883 Q: -0.0108205
Sec_Event 6986101 N50: 42
T: 0.286769 Q: 2.40367
T: 0.184526 Q: 1.42896
T: 0.086967 Q: -0.00174832
T: -0.00294407 Q: -0.000907397
T: -0.0824751 Q: -0.00180241
T: -0.149209 Q: -0.00144292
T: -0.20112 Q: -0.00237084
T: -0.236628 Q: -0.00156818
T: -0.254657 Q: 0.971226
T: -0.254657 Q: -0.00327013
T: -0.236628 Q: -0.00296319
T: -0.20112 Q: -0.00233532
T: -0.149209 Q: 1.46949
T: -0.0824751 Q: 0.904543
T: -0.00294407 Q: 0.99686
T: 0.086967 Q: 0.950315
T: 0.184526 Q: -0.00605775
T: 0.286769 Q: -0.00461365
T: 0.39059 Q: -0.0111258
T: 0.492833 Q: 0.909706
T: 0.590392 Q: -0.00754038
T: 0.680303 Q: -0.0076565
T: 0.759834 Q: -0.00541434
T: 0.826568 Q: -0.00357416
T: 0.878479 Q: -0.00417577
T: 0.913987 Q: 1.11138
T: 0.932015 Q: 2.17956
T: 0.932015 Q: 1.00837
T: 0.913987 Q: 1.13013
T: 0.878479 Q: 0.917247
T: 0.826568 Q: 0.825724
T: 0.759834 Q: 2.32407
T: 0.680303 Q: 2.15242
T: 0.590392 Q: 0.924298
T: 0.492833 Q: -0.00111203
T: 0.39059 Q: 2.17885
Sec_Event 6993383 N50: 26
T: -0.204851 Q: 1.28004
T: -0.317424 Q: -0.0226696
T: -0.424841 Q: -0.0121358
T: -0.523837 Q: -0.00702854
T: -0.611404 Q: -0.00506772
T: -0.684881 Q: -0.00344894
T: -0.742036 Q: -0.00319914
T: -0.781133 Q: 1.23648
T: -0.800982 Q: -0.00343796
T: -0.800982 Q: -0.00225251
T: -0.781133 Q: -0.00203745
T: -0.742036 Q: -0.00329779
T: -0.684881 Q: -0.00404964
T: -0.611404 Q: -0.00465695
T: -0.523837 Q: -0.00837707
T: -0.424841 Q: -0.0115862
T: -0.317424 Q: -0.0159622
T: -0.204851 Q: -0.0117352
T: -0.0905401 Q: -0.0126882
T: 0.0220337 Q: 1.39728
T: 0.12945 Q: -0.0128708
T: 0.228446 Q: -0.0134896
T: 0.316013 Q: -0.0146982
T: 0.38949 Q: -0.0183204
T: 0.446645 Q: -0.0250981
T: 0.485742 Q: -0.0191114
T: 0.505592 Q: -0.0236505
T: 0.505592 Q: -0.0276841
T: 0.485742 Q: -0.0217969
T: 0.446645 Q: -0.026189
T: 0.38949 Q: 1.33571
T: 0.316013 Q: 1.29778
T: 0.228446 Q: -0.018169
T: 0.12945 Q: -0.0195429
T: 0.0220337 Q: -0.0175278
T: -0.0905401 Q: 1.45486
Sec_Event 7019982 N50: 29
T: -0.684307 Q: -0.0351784
T: -0.737969 Q: -0.0297431
T: -0.789173 Q: 0.999713
T: -0.836363 Q: -0.0276999
T: -0.878105 Q: -0.0245906
T: -0.913131 Q: -0.0243262
T: -0.940376 Q: -0.0235004
T: -0.959013 Q: -0.0249951
T: -0.968475 Q: 1.19331
T: -0.968475 Q: -0.0349738
T: -0.959013 Q: -0.0269359
T: -0.940376 Q: -0.0286602
T: -0.913131 Q: -0.029583
T: -0.878105 Q: -0.0310306
T: -0.836363 Q: -0.0382995
T: -0.789173 Q: -0.0381511
T: -0.737969 Q: -0.0419203
T: -0.684307 Q: -0.047806
T: -0.629816 Q: 1.04479
T: -0.576154 Q: 1.01963
T: -0.52495 Q: -0.0429234
T: -0.47776 Q: -0.0421054
T: -0.436018 Q: -0.039267
T: -0.400992 Q: 1.1719
T: -0.373747 Q: 1.1554
T: -0.35511 Q: -0.0434711
T: -0.345648 Q: -0.0399123
T: -0.345648 Q: -0.0388898
T: -0.35511 Q: -0.0344192
T: -0.373747 Q: 1.0384
T: -0.400992 Q: -0.0304556
T: -0.436018 Q: 1.97364
T: -0.47776 Q: -0.0272035
T: -0.52495 Q: 0.972965
T: -0.576154 Q: -0.0336296
T: -0.629816 Q: -0.0284067
Sec_Event 7471364 N50: 25
T: -0.276263 Q: -0.0632946
T: -0.385952 Q: 0.910271
T: -0.490616 Q: -0.0195073
T: -0.587075 Q: -0.0152456
T: -0.672398 Q: -0.00820196
T: -0.743992 Q: -0.00641895
T: -0.799683 Q: -0.00556796
T: -0.837777 Q: -0.00429106
T: -0.857118 Q: -0.0036536
T: -0.857118 Q: -0.00521996
T: -0.837777 Q: 1.20357
T: -0.799683 Q: 1.34417
T: -0.743992 Q: 1.10798
T: -0.672398 Q: -0.00971831
T: -0.587075 Q: 1.16618
T: -0.490616 Q: -0.0105458
T: -0.385952 Q: -0.00991529
T: -0.276263 Q: -0.00850086
T: -0.164882 Q: -0.0102758
T: -0.0551929 Q: 0.917954
T: 0.0494711 Q: 1.02263
T: 0.14593 Q: -0.0175927
T: 0.231253 Q: -0.0175834
T: 0.302847 Q: 3.36599
T: 0.358538 Q: -0.0300372
T: 0.396632 Q: -0.0455331
T: 0.415973 Q: -0.0465519
T: 0.415973 Q: -0.0550525
T: 0.396632 Q: -0.0605403
T: 0.358538 Q: -0.0601383
T: 0.302847 Q: -0.0631187
T: 0.231253 Q: -0.0560704
T: 0.14593 Q: -0.0534204
T: 0.0494711 Q: -0.065486
T: -0.0551929 Q: -0.0494347
T: -0.164882 Q: -0.0456666
Sec_Event 7645113 N50: 30
T: -0.620053 Q: -0.0385374
T: -0.691091 Q: -0.0380079
T: -0.758874 Q: -0.0389938
T: -0.821343 Q: -0.0315381
T: -0.8766 Q: -0.0306775
T: -0.922966 Q: -0.0235322
T: -0.959033 Q: -0.0202707
T: -0.983704 Q: -0.0218554
T: -0.996229 Q: -0.0186397
T: -0.996229 Q: -0.0243822
T: -0.983704 Q: -0.0204787
T: -0.959033 Q: -0.0211153
T: -0.922966 Q: -0.023669
T: -0.8766 Q: 1.33276
T: -0.821343 Q: 1.2918
T: -0.758874 Q: -0.0282358
T: -0.691091 Q: 1.2241
T: -0.620053 Q: -0.0217339
T: -0.54792 Q: -0.0242253
T: -0.476883 Q: -0.0143354
T: -0.4091 Q: -0.0163555
T: -0.346631 Q: -0.0169784
T: -0.291373 Q: -0.0140633
T: -0.245007 Q: -0.0185676
T: -0.208941 Q: 2.64776
T: -0.18427 Q: -0.0199855
T: -0.171744 Q: 1.30213
T: -0.171744 Q: -0.0154993
T: -0.18427 Q: -0.021995
T: -0.208941 Q: -0.0218317
T: -0.245007 Q: 1.28885
T: -0.291373 Q: 1.25036
T: -0.346631 Q: -0.0300671
T: -0.4091 Q: -0.0319367
T: -0.476883 Q: 1.29862
T: -0.54792 Q: -0.0404207
Sec_Event 7645113 N50: 37
T: 0.488487 Q: 1.61504
T: 0.407877 Q: 1.30516
T: 0.33096 Q: -0.0367443
T: 0.260073 Q: -0.0319853
T: 0.197369 Q: 1.49693
T: 0.144755 Q: -0.030561
T: 0.103828 Q: -0.0203883
T: 0.0758328 Q: -0.024704
T: 0.0616191 Q: -0.0218352
T: 0.0616191 Q: -0.0267656
T: 0.0758328 Q: -0.022897
T: 0.103828 Q: 1.41564
T: 0.144755 Q: -0.0193075
T: 0.197369 Q: -0.0256552
T: 0.260073 Q: -0.0264464
T: 0.33096 Q: -0.0163682
T: 0.407877 Q: 1.17738
T: 0.488487 Q: -0.0213333
T: 0.57034 Q: -0.0234218
T: 0.65095 Q: -0.0235139
T: 0.727867 Q: 1.38252
T: 0.798754 Q: -0.0286001
T: 0.861457 Q: -0.0188752
T: 0.914072 Q: -0.0183848
T: 0.954998 Q: -0.014183
T: 0.982994 Q: -0.0146394
T: 0.997207 Q: -0.0170879
T: 0.997207 Q: -0.0148973
T: 0.982994 Q: -0.013482
T: 0.954998 Q: -0.0140949
T: 0.914072 Q: -0.0162098
T: 0.861457 Q: 1.12322
T: 0.798754 Q: 1.42845
T: 0.727867 Q: 1.05628
T: 0.65095 Q: -0.0358051
T: 0.57034 Q: -0.0343391
 Incomplete 
Sec_Event 8396264 N50: 38
T: -0.640018 Q: 2.22643
T: -0.706441 Q: 1.95041
T: -0.76982 Q: -0.0107074
T: -0.828231 Q: 1.13468
T: -0.879898 Q: 2.2324
T: -0.923252 Q: -0.00450268
T: -0.956976 Q: -0.00368866
T: -0.980044 Q: -0.00465101
T: -0.991756 Q: -0.00359358
T: -0.991756 Q: 1.15375
T: -0.980044 Q: -0.00431849
T: -0.956976 Q: 2.6747
T: -0.923252 Q: -0.00396085
T: -0.879898 Q: 1.14069
T: -0.828231 Q: -0.0060648
T: -0.76982 Q: 1.00633
T: -0.706441 Q: 1.04123
T: -0.640018 Q: -0.0117164
T: -0.572571 Q: -0.0102218
T: -0.506149 Q: -0.00860533
T: -0.44277 Q: -0.00936403
T: -0.384359 Q: -0.00491452
T: -0.332691 Q: 2.45838
T: -0.289337 Q: -0.00278267
T: -0.255614 Q: 0.961385
T: -0.232546 Q: -0.00168287
T: -0.220834 Q: 1.00369
T: -0.220834 Q: -0.000551481
T: -0.232546 Q: -0.00189823
T: -0.255614 Q: 2.54935
T: -0.289337 Q: 1.28724
T: -0.332691 Q: 2.40813
T: -0.384359 Q: 1.15504
T: -0.44277 Q: -0.0029854
T: -0.506149 Q: 3.37309
T: -0.572571 Q: -0.00148935
Sec_Event 8396264 N50: 37
T: 0.0151382 Q: -0.0317261
T: -0.0991688 Q: -0.0265909
T: -0.208239 Q: -0.0200022
T: -0.308759 Q: 0.99422
T: -0.397674 Q: -0.0193777
T: -0.472283 Q: -0.0124159
T: -0.530318 Q: -0.0119045
T: -0.570016 Q: -0.0115517
T: -0.590172 Q: -0.00837266
T: -0.590172 Q: -0.00646458
T: -0.570016 Q: 1.08946
T: -0.530318 Q: -0.00493832
T: -0.472283 Q: -0.00350519
T: -0.397674 Q: -0.00199232
T: -0.308759 Q: -0.000966196
T: -0.208239 Q: -0.00153575
T: -0.0991688 Q: -0.00103064
T: 0.0151382 Q: 2.66741
T: 0.131209 Q: 1.62536
T: 0.245516 Q: -0.00167304
T: 0.354586 Q: -0.00154086
T: 0.455106 Q: 1.19792
T: 0.544021 Q: 1.219
T: 0.61863 Q: -0.0043618
T: 0.676665 Q: 1.0949
T: 0.716363 Q: -0.00725062
T: 0.736519 Q: -0.0182016
T: 0.736519 Q: -0.0273366
T: 0.716363 Q: -0.032824
T: 0.676665 Q: -0.0374128
T: 0.61863 Q: 1.05357
T: 0.544021 Q: 0.997941
T: 0.455106 Q: 1.08423
T: 0.354586 Q: -0.0274814
T: 0.245516 Q: -0.0219611
T: 0.131209 Q: 2.63586
Sec_Event 8458003 N50: 41
T: 0.67276 Q: -0.0104826
T: 0.631554 Q: -0.0147123
T: 0.592235 Q: 1.061
T: 0.555999 Q: 1.06856
T: 0.523947 Q: 1.23846
T: 0.497051 Q: -0.0112144
T: 0.47613 Q: -0.0123792
T: 0.46182 Q: 2.2335
T: 0.454554 Q: -0.0149271
T: 0.454554 Q: -0.0206577
T: 0.46182 Q: -0.0201363
T: 0.47613 Q: 1.42058
T: 0.497051 Q: -0.0342965
T: 0.523947 Q: -0.0290232
T: 0.555999 Q: 1.03745
T: 0.592235 Q: -0.0363354
T: 0.631554 Q: -0.0454934
T: 0.67276 Q: -0.0477378
T: 0.714602 Q: -0.0558995
T: 0.755808 Q: -0.0583736
T: 0.795126 Q: -0.0430859
T: 0.831362 Q: 2.2757
T: 0.863415 Q: -0.0396978
T: 0.89031 Q: 1.12738
T: 0.911231 Q: -0.0363611
T: 0.925542 Q: -0.0321575
T: 0.932808 Q: -0.0293076
T: 0.932808 Q: -0.0276605
T: 0.925542 Q: 0.917899
T: 0.911231 Q: -0.0321758
T: 0.89031 Q: -0.0495958
T: 0.863415 Q: 1.02578
T: 0.831362 Q: -0.033925
T: 0.795126 Q: -0.0224862
T: 0.755808 Q: 0.828317
T: 0.714602 Q: -0.0150249
Sec_Event 8989677 N50: 27
T: -0.564272 Q: 2.3709
T: -0.645903 Q: -0.0287058
T: -0.723793 Q: -0.0320874
T: -0.795578 Q: -0.0258086
T: -0.859075 Q: -0.0223737
T: -0.912355 Q: -0.0163973
T: -0.9538 Q: -0.0160389
T: -0.98215 Q: -0.014103
T: -0.996544 Q: -0.0128937
T: -0.996544 Q: -0.0144133
T: -0.98215 Q: 1.27642
T: -0.9538 Q: -0.0163972
T: -0.912355 Q: -0.016844
T: -0.859075 Q: -0.0202697
T: -0.795578 Q: 1.24542
T: -0.723793 Q: -0.0259183
T: -0.645903 Q: -0.0232136
T: -0.564272 Q: -0.0241566
T: -0.481383 Q: -0.0263885
T: -0.399753 Q: -0.0248186
T: -0.321862 Q: -0.0211073
T: -0.250077 Q: -0.0161203
T: -0.18658 Q: -0.0190761
T: -0.1333 Q: -0.0214219
T: -0.0918553 Q: 1.33157
T: -0.0635054 Q: -0.0220972
T: -0.0491117 Q: -0.019968
T: -0.0491117 Q: -0.0274609
T: -0.0635054 Q: -0.0224296
T: -0.0918553 Q: 1.3646
T: -0.1333 Q: 1.11672
T: -0.18658 Q: -0.0237902
T: -0.250077 Q: -0.026888
T: -0.321862 Q: 1.22278
T: -0.399753 Q: 1.33548
T: -0.481383 Q: -0.0291344
Sec_Event 9232582 N50: 25
T: -0.537155 Q: -0.0252797
T: -0.623029 Q: 1.15851
T: -0.704969 Q: -0.0315314
T: -0.780485 Q: 1.14864
T: -0.847282 Q: -0.0326399
T: -0.903332 Q: -0.0274476
T: -0.946932 Q: -0.0300993
T: -0.976755 Q: -0.0272349
T: -0.991897 Q: -0.0233796
T: -0.991897 Q: 1.13556
T: -0.976755 Q: -0.0207596
T: -0.946932 Q: -0.027131
T: -0.903332 Q: 1.16571
T: -0.847282 Q: -0.0357511
T: -0.780485 Q: 1.10879
T: -0.704969 Q: -0.0415526
T: -0.623029 Q: 1.10307
T: -0.537155 Q: 1.39542
T: -0.449957 Q: 1.08692
T: -0.364083 Q: -0.0273394
T: -0.282144 Q: -0.0298747
T: -0.206628 Q: -0.0375484
T: -0.13983 Q: -0.032795
T: -0.0837801 Q: -0.0366046
T: -0.0401809 Q: 1.15178
T: -0.0103574 Q: -0.0268768
T: 0.00478447 Q: -0.0344083
T: 0.00478447 Q: -0.0375255
T: -0.0103574 Q: -0.0272312
T: -0.0401809 Q: -0.0342664
T: -0.0837801 Q: -0.025889
T: -0.13983 Q: -0.0278031
T: -0.206628 Q: -0.0228203
T: -0.282144 Q: -0.0298992
T: -0.364083 Q: -0.0238902
T: -0.449957 Q: 1.08134
Sec_Event 9408558 N50: 26
T: 0.676819 Q: -0.0172611
T: 0.636991 Q: -0.00957048
T: 0.598987 Q: -0.0102981
T: 0.563963 Q: 1.30595
T: 0.532982 Q: 1.06613
T: 0.506985 Q: -0.00990038
T: 0.486764 Q: -0.0133569
T: 0.472932 Q: -0.00922228
T: 0.465909 Q: -0.0104978
T: 0.465909 Q: -0.0204925
T: 0.472932 Q: 1.26248
T: 0.486764 Q: -0.0192087
T: 0.506985 Q: -0.0253819
T: 0.532982 Q: -0.0334687
T: 0.563963 Q: -0.0419806
T: 0.598987 Q: -0.0444733
T: 0.636991 Q: -0.055637
T: 0.676819 Q: 1.15607
T: 0.717262 Q: -0.0684689
T: 0.757091 Q: -0.0709666
T: 0.795095 Q: -0.0759742
T: 0.830119 Q: -0.0816938
T: 0.8611 Q: 1.22476
T: 0.887096 Q: 1.34509
T: 0.907318 Q: -0.0631168
T: 0.92115 Q: -0.058629
T: 0.928173 Q: -0.0638005
T: 0.928173 Q: -0.0545537
T: 0.92115 Q: -0.0579616
T: 0.907318 Q: -0.0572866
T: 0.887096 Q: -0.0437148
T: 0.8611 Q: -0.0385573
T: 0.830119 Q: -0.0432283
T: 0.795095 Q: -0.0190644
T: 0.757091 Q: -0.0166279
T: 0.717262 Q: -0.0114861
200000/654680
Sec_Event 9670542 N50: 44
T: 0.0570239 Q: -0.0260014
T: -0.0564662 Q: 1.10293
T: -0.164757 Q: -0.0184524
T: -0.264559 Q: 1.09583
T: -0.352838 Q: -0.0171407
T: -0.426914 Q: -0.014184
T: -0.484534 Q: -0.0112088
T: -0.523949 Q: -0.0100243
T: -0.54396 Q: -0.00825337
T: -0.54396 Q: -0.0076683
T: -0.523949 Q: -0.00557745
T: -0.484534 Q: 1.0124
T: -0.426914 Q: -0.00556812
T: -0.352838 Q: -0.00408226
T: -0.264559 Q: -0.00402809
T: -0.164757 Q: 1.03491
T: -0.0564662 Q: -0.0054391
T: 0.0570239 Q: 1.04218
T: 0.172265 Q: -0.0113299
T: 0.285755 Q: -0.00444027
T: 0.394046 Q: 0.933609
T: 0.493847 Q: 2.47624
T: 0.582127 Q: 3.20232
T: 0.656202 Q: 2.36544
T: 0.713823 Q: 1.0224
T: 0.753238 Q: 2.06913
T: 0.773249 Q: -0.0366372
T: 0.773249 Q: 1.05428
T: 0.753238 Q: -0.0514411
T: 0.713823 Q: -0.0482979
T: 0.656202 Q: 1.07159
T: 0.582127 Q: -0.0428131
T: 0.493847 Q: -0.0360749
T: 0.394046 Q: -0.0280726
T: 0.285755 Q: 1.11956
T: 0.172265 Q: -0.0216343
Sec_Event 10987800 N50: 33
T: 0.0451715 Q: -0.0113465
T: -0.0685866 Q: -0.00631956
T: -0.177133 Q: 2.43516
T: -0.277171 Q: 1.11317
T: -0.365659 Q: -0.0124124
T: -0.439909 Q: 1.09037
T: -0.497665 Q: 2.41915
T: -0.537173 Q: -0.0235024
T: -0.557232 Q: -0.0222017
T: -0.557232 Q: -0.0270645
T: -0.537173 Q: -0.031991
T: -0.497665 Q: -0.0303865
T: -0.439909 Q: 1.41443
T: -0.365659 Q: -0.0437204
T: -0.277171 Q: -0.0310516
T: -0.177133 Q: -0.0326958
T: -0.0685866 Q: -0.0329059
T: 0.0451715 Q: -0.0254085
T: 0.160684 Q: -0.0362218
T: 0.274443 Q: -0.0374669
T: 0.382989 Q: -0.0373423
T: 0.483027 Q: -0.0367038
T: 0.571515 Q: 2.47295
T: 0.645765 Q: -0.0388014
T: 0.703521 Q: -0.051067
T: 0.743029 Q: -0.0358167
T: 0.763088 Q: 1.33968
T: 0.763088 Q: -0.0252673
T: 0.743029 Q: 1.06309
T: 0.703521 Q: -0.035687
T: 0.645765 Q: -0.0281029
T: 0.571515 Q: 0.990674
T: 0.483027 Q: -0.0143806
T: 0.382989 Q: -0.010175
T: 0.274443 Q: -0.0102493
T: 0.160684 Q: 1.13945
Sec_Event 11102627 N50: 32
T: 0.0793382 Q: -0.000926051
T: -0.033568 Q: -0.00026754
T: -0.141302 Q: 1.11338
T: -0.24059 Q: -0.00105294
T: -0.328415 Q: -0.00079298
T: -0.40211 Q: -0.00083935
T: -0.459434 Q: 1.10096
T: -0.498646 Q: -0.00110396
T: -0.518554 Q: -0.00243649
T: -0.518554 Q: -0.00295073
T: -0.498646 Q: -0.00475263
T: -0.459434 Q: -0.00374437
T: -0.40211 Q: -0.00602942
T: -0.328415 Q: -0.00403022
T: -0.24059 Q: -0.00889223
T: -0.141302 Q: 0.922557
T: -0.033568 Q: 1.21961
T: 0.0793382 Q: 1.18249
T: 0.193986 Q: 2.20554
T: 0.306892 Q: -0.00717275
T: 0.414626 Q: -0.0119453
T: 0.513914 Q: -0.0114172
T: 0.60174 Q: 1.01369
T: 0.675434 Q: -0.0122769
T: 0.732758 Q: -0.012342
T: 0.77197 Q: 1.73464
T: 0.791878 Q: -0.00785504
T: 0.791878 Q: -0.00476494
T: 0.77197 Q: -0.00321388
T: 0.732758 Q: -0.00284906
T: 0.675434 Q: 1.03127
T: 0.60174 Q: 1.06668
T: 0.513914 Q: -0.000867691
T: 0.414626 Q: -0.00263103
T: 0.306892 Q: -0.000885068
Sec_Event 11211777 N50: 26
T: -0.112578 Q: -0.0307486
T: -0.227135 Q: -0.0258779
T: -0.336444 Q: 1.38474
T: -0.437183 Q: -0.0412253
T: -0.526293 Q: 1.22579
T: -0.601064 Q: 1.20025
T: -0.659226 Q: 1.53109
T: -0.699011 Q: 1.26104
T: -0.719211 Q: -0.0649925
T: -0.719211 Q: -0.057124
T: -0.699011 Q: -0.0565216
T: -0.659226 Q: -0.0382065
T: -0.601064 Q: -0.0307686
T: -0.526293 Q: 1.19282
T: -0.437183 Q: -0.0286057
T: -0.336444 Q: -0.0146311
T: -0.227135 Q: 1.22606
T: -0.112578 Q: -0.0192029
T: 0.00374603 Q: -0.0142106
T: 0.118303 Q: -0.0147895
T: 0.227612 Q: -0.0114806
T: 0.328351 Q: -0.0113191
T: 0.417461 Q: -0.0111278
T: 0.492232 Q: -0.0119875
T: 0.550394 Q: -0.00926669
T: 0.59018 Q: -0.00740125
T: 0.610379 Q: 2.19655
T: 0.610379 Q: -0.00798986
T: 0.59018 Q: -0.00858513
T: 0.550394 Q: 1.19056
T: 0.492232 Q: -0.0128786
T: 0.417461 Q: -0.0206375
T: 0.328351 Q: -0.0208513
T: 0.227612 Q: -0.0269036
T: 0.118303 Q: -0.0206182
T: 0.00374603 Q: -0.0294411
Sec_Event 11706175 N50: 27
Sec_Event 12963618 N50: 39
T: -0.0292381 Q: 1.28434
T: -0.144016 Q: -0.00474417
T: -0.253535 Q: -0.00208498
T: -0.354469 Q: -0.00138546
T: -0.44375 Q: -0.00419776
T: -0.518665 Q: -0.00557281
T: -0.576939 Q: -0.00471979
T: -0.616801 Q: 1.06815
T: -0.637039 Q: 2.37313
T: -0.637039 Q: -0.00389189
T: -0.616801 Q: -0.00319765
T: -0.576939 Q: 1.23082
T: -0.518665 Q: -0.00453186
T: -0.44375 Q: 0.978546
T: -0.354469 Q: -0.00373601
T: -0.253535 Q: -0.00559162
T: -0.144016 Q: 2.07259
T: -0.0292381 Q: -0.0034266
T: 0.08731 Q: -0.00518437
T: 0.202087 Q: 1.06197
T: 0.311607 Q: -0.0036188
T: 0.41254 Q: -0.00387196
T: 0.501821 Q: -0.00440122
T: 0.576737 Q: -0.00447026
T: 0.635011 Q: 1.02098
T: 0.674873 Q: 1.8262
T: 0.695111 Q: -0.00609292
T: 0.695111 Q: -0.00623266
T: 0.674873 Q: -0.00345413
T: 0.635011 Q: -0.00407937
T: 0.576737 Q: 1.04883
T: 0.501821 Q: 1.15096
T: 0.41254 Q: -0.00224137
T: 0.311607 Q: -0.00273394
T: 0.202087 Q: -0.00171086
T: 0.08731 Q: 2.49179
Sec_Event 13045970 N50: 45
T: 0.726167 Q: 1.0624
T: 0.709057 Q: -0.00254789
T: 0.69273 Q: -0.00315953
T: 0.677684 Q: 2.08136
T: 0.664375 Q: -0.00378787
T: 0.653207 Q: -0.00405727
T: 0.64452 Q: -0.00608507
T: 0.638578 Q: -0.00577246
T: 0.635561 Q: -0.00998797
T: 0.635561 Q: -0.00707712
T: 0.638578 Q: -0.00834041
T: 0.64452 Q: 1.99055
T: 0.653207 Q: 1.00037
T: 0.664375 Q: 0.887244
T: 0.677684 Q: 3.04076
T: 0.69273 Q: -0.0498547
T: 0.709057 Q: 1.26234
T: 0.726167 Q: -0.0651848
T: 0.743541 Q: -0.0571372
T: 0.760651 Q: 1.07447
T: 0.776977 Q: -0.0758044
T: 0.792024 Q: -0.0535311
T: 0.805333 Q: 1.09147
T: 0.816501 Q: -0.0600313
T: 0.825188 Q: -0.0465893
T: 0.83113 Q: -0.0509935
T: 0.834147 Q: 4.11541
T: 0.834147 Q: -0.0407717
T: 0.83113 Q: -0.0398264
T: 0.825188 Q: -0.0383159
T: 0.816501 Q: 0.740544
T: 0.805333 Q: -0.020281
T: 0.792024 Q: 3.00331
T: 0.776977 Q: -0.00783233
T: 0.760651 Q: -0.00714
T: 0.743541 Q: 0.991361
Sec_Event 13130344 N50: 33
T: -0.604795 Q: -0.00426092
T: -0.679028 Q: 0.93864
T: -0.74986 Q: -0.0118617
T: -0.815139 Q: -0.0218942
T: -0.872882 Q: -0.0400467
T: -0.921334 Q: 0.726544
T: -0.959023 Q: 0.813705
T: -0.984804 Q: -0.0459297
T: -0.997894 Q: -0.0538523
T: -0.997894 Q: -0.0532653
T: -0.984804 Q: -0.0610676
T: -0.959023 Q: 0.84432
T: -0.921334 Q: -0.0195256
T: -0.872882 Q: -0.00642363
T: -0.815139 Q: -0.00451003
T: -0.74986 Q: 1.0665
T: -0.679028 Q: 1.19135
T: -0.604795 Q: -0.00102557
T: -0.529417 Q: 1.71362
T: -0.455184 Q: 2.91654
T: -0.384352 Q: 1.47916
T: -0.261329 Q: -0.000460542
T: -0.212877 Q: 1.24934
T: -0.175188 Q: -0.00039472
T: -0.136318 Q: 1.1172
T: -0.175188 Q: -0.000330544
T: -0.212877 Q: -0.000380986
T: -0.261329 Q: -0.000504732
T: -0.319072 Q: -0.00047215
T: -0.384352 Q: -0.00151266
T: -0.455184 Q: -0.000969933
T: -0.529417 Q: -0.00292737
Sec_Event 13130344 N50: 40
T: 0.505268 Q: 0.972135
T: 0.427166 Q: 1.19108
T: 0.352642 Q: -0.000626776
T: 0.28396 Q: -0.000563985
T: 0.223208 Q: 1.00402
T: 0.17223 Q: -0.000385415
T: 0.105452 Q: 2.85848
T: 0.105452 Q: 1.57368
T: 0.17223 Q: -0.000286106
T: 0.223208 Q: -0.000331988
T: 0.352642 Q: -0.000357772
T: 0.505268 Q: -0.000745352
T: 0.584575 Q: -0.00049701
T: 0.662676 Q: -0.000949269
T: 0.7372 Q: 0.769025
T: 0.805882 Q: -0.0066719
T: 0.866635 Q: 1.51072
T: 0.917612 Q: -0.00447677
T: 0.957265 Q: -0.00521206
T: 0.98439 Q: -0.00506775
T: 0.998161 Q: -0.00455334
T: 0.998161 Q: 1.13639
T: 0.98439 Q: -0.00446003
T: 0.957265 Q: -0.00364275
T: 0.917612 Q: 1.24909
T: 0.866635 Q: -0.00603544
T: 0.805882 Q: 0.64997
T: 0.7372 Q: -0.00692697
T: 0.662676 Q: -0.00723598
T: 0.584575 Q: 1.79695
Sec_Event 13290504 N50: 42
T: 0.530207 Q: -0.0132272
T: 0.456106 Q: 1.02287
T: 0.3854 Q: -0.0312949
T: 0.320237 Q: 1.99918
T: 0.262597 Q: 0.6723
T: 0.214231 Q: 0.678176
T: 0.176609 Q: 3.55769
T: 0.150874 Q: 0.833247
T: 0.137808 Q: -0.0329965
T: 0.137808 Q: -0.0346471
T: 0.150874 Q: -0.0286075
T: 0.176609 Q: -0.0318898
T: 0.214231 Q: -0.0276072
T: 0.262597 Q: -0.0221568
T: 0.320237 Q: -0.0188631
T: 0.3854 Q: -0.0150119
T: 0.456106 Q: -0.012047
T: 0.530207 Q: 1.11971
T: 0.605451 Q: -0.00703644
T: 0.679552 Q: 1.07203
T: 0.750258 Q: 1.08712
T: 0.815421 Q: 1.16306
T: 0.873061 Q: -0.00251908
T: 0.921427 Q: 1.14853
T: 0.959049 Q: -0.00245899
T: 0.984784 Q: 1.77404
T: 0.99785 Q: 2.11157
T: 0.99785 Q: 2.85841
T: 0.984784 Q: -0.00155396
T: 0.959049 Q: -0.00409928
T: 0.921427 Q: -0.00288785
T: 0.873061 Q: -0.00239003
T: 0.815421 Q: -0.00335187
T: 0.750258 Q: -0.00506225
T: 0.679552 Q: -0.00601405
T: 0.605451 Q: -0.0088156
Sec_Event 13429111 N50: 30
T: 0.133628 Q: -0.00210318
T: 0.0225811 Q: -0.00351745
T: -0.0833789 Q: 1.04873
T: -0.181032 Q: -0.00334654
T: -0.267411 Q: 2.52304
T: -0.339892 Q: -0.00167
T: -0.396272 Q: -0.00556747
T: -0.434839 Q: -0.0012346
T: -0.454419 Q: -0.00144247
T: -0.454419 Q: 1.14408
T: -0.434839 Q: -0.00230548
T: -0.396272 Q: 0.996536
T: -0.339892 Q: -0.000796233
T: -0.267411 Q: -0.00187738
T: -0.181032 Q: -0.00108944
T: -0.0833789 Q: -0.00135711
T: 0.0225811 Q: -0.0024977
T: 0.133628 Q: -0.000500104
T: 0.246389 Q: 0.992494
T: 0.357436 Q: -0.00189693
T: 0.463396 Q: 1.90572
T: 0.561049 Q: 0.957403
T: 0.647428 Q: -0.00311095
T: 0.719909 Q: -0.00318802
T: 0.776289 Q: -0.00491954
T: 0.814856 Q: 0.981571
T: 0.834436 Q: 0.953017
T: 0.834436 Q: -0.00504058
T: 0.814856 Q: -0.00410203
T: 0.776289 Q: -0.00443915
T: 0.719909 Q: -0.00401553
T: 0.647428 Q: 0.889677
T: 0.561049 Q: -0.00275008
T: 0.463396 Q: -0.0033323
T: 0.357436 Q: -0.00265449
T: 0.246389 Q: -0.0193056
Sec_Event 13429111 N50: 39
T: -0.1709 Q: 1.06697
T: -0.284423 Q: -0.00507432
T: -0.392745 Q: -0.00149038
T: -0.492576 Q: 0.937759
T: -0.580882 Q: -0.00251098
T: -0.654979 Q: -0.00379787
T: -0.712616 Q: 0.826868
T: -0.752042 Q: -0.00383727
T: -0.772059 Q: -0.0050693
T: -0.772059 Q: -0.00226401
T: -0.752042 Q: 0.868059
T: -0.712616 Q: -0.00443924
T: -0.654979 Q: -0.00292263
T: -0.580882 Q: -0.000835388
T: -0.492576 Q: 0.994557
T: -0.392745 Q: -0.000768695
T: -0.284423 Q: 1.1289
T: -0.1709 Q: 1.06617
T: -0.055625 Q: -0.00109681
T: 0.0578982 Q: 1.22271
T: 0.166221 Q: 1.11026
T: 0.266052 Q: -0.000707445
T: 0.354357 Q: 1.01726
T: 0.428454 Q: -0.00029003
T: 0.486091 Q: -0.00109563
T: 0.525517 Q: -0.00027059
T: 0.545535 Q: 0.963298
T: 0.545535 Q: -0.00150677
T: 0.525517 Q: 1.37143
T: 0.486091 Q: -0.000793136
T: 0.428454 Q: 1.11071
T: 0.354357 Q: 1.91596
T: 0.266052 Q: -0.00404576
T: 0.166221 Q: 1.03053
T: 0.0578982 Q: 1.0529
T: -0.055625 Q: -0.00136047
300000/654680
Sec_Event 14663469 N50: 38
T: 0.218207 Q: -0.0273119
T: 0.11134 Q: 2.49593
T: 0.00936937 Q: -0.0227505
T: -0.0846074 Q: -0.0224001
T: -0.167735 Q: -0.0268
T: -0.237487 Q: -0.0208721
T: -0.291744 Q: 1.50099
T: -0.328859 Q: 3.64192
T: -0.347702 Q: -0.0254595
T: -0.347702 Q: 1.49478
T: -0.328859 Q: -0.0173609
T: -0.291744 Q: 4.20844
T: -0.237487 Q: -0.0120767
T: -0.167735 Q: -0.012892
T: -0.0846074 Q: -0.0109226
T: 0.00936937 Q: 1.11408
T: 0.11134 Q: 2.30457
T: 0.218207 Q: 1.10803
T: 0.326722 Q: -0.00825636
T: 0.433588 Q: -0.0124374
T: 0.535559 Q: -0.0151043
T: 0.629536 Q: -0.0177959
T: 0.712663 Q: 1.08264
T: 0.782415 Q: -0.0229326
T: 0.836673 Q: -0.0162626
T: 0.873787 Q: -0.0149687
T: 0.89263 Q: 4.03777
T: 0.89263 Q: -0.0203927
T: 0.873787 Q: 1.13879
T: 0.836673 Q: 1.10677
T: 0.782415 Q: 1.4443
T: 0.712663 Q: -0.0275037
T: 0.629536 Q: 1.16243
T: 0.535559 Q: -0.0406587
T: 0.433588 Q: -0.0372616
T: 0.326722 Q: -0.0353622
Sec_Event 14762213 N50: 38
T: -0.361531 Q: 1.15293
T: -0.466033 Q: -0.00138948
T: -0.565747 Q: -0.000815892
T: -0.657645 Q: -0.00143846
T: -0.738933 Q: 0.925049
T: -0.807142 Q: -0.00338156
T: -0.860199 Q: -0.00556066
T: -0.896492 Q: 0.847734
T: -0.914918 Q: -0.0168684
T: -0.914918 Q: -0.0145475
T: -0.896492 Q: 0.893475
T: -0.860199 Q: -0.0165247
T: -0.807142 Q: 0.810579
T: -0.738933 Q: -0.0159818
T: -0.657645 Q: 0.898239
T: -0.565747 Q: -0.00702606
T: -0.466033 Q: -0.00506321
T: -0.361531 Q: -0.00376602
T: -0.255417 Q: 1.02595
T: -0.150915 Q: 0.946611
T: -0.0512 Q: 0.940978
T: 0.0406975 Q: -0.00369394
T: 0.121986 Q: -0.00137316
T: 0.190194 Q: -0.00207448
T: 0.243251 Q: 1.18802
T: 0.279545 Q: 1.09197
T: 0.297971 Q: -0.000658594
T: 0.297971 Q: -0.00161703
T: 0.279545 Q: -0.000480322
T: 0.243251 Q: -0.000967023
T: 0.190194 Q: 1.11437
T: 0.121986 Q: -0.00188437
T: 0.0406975 Q: -0.000779236
T: -0.0512 Q: 1.27183
T: -0.150915 Q: -0.000891913
T: -0.255417 Q: 1.29639
Sec_Event 15214184 N50: 29
T: -0.307188 Q: 0.790983
T: -0.415229 Q: -0.0123698
T: -0.518321 Q: -0.00379486
T: -0.61333 Q: -0.00362071
T: -0.697371 Q: -0.00261062
T: -0.767889 Q: -0.00146418
T: -0.822743 Q: 1.11835
T: -0.860265 Q: -0.000691383
T: -0.879316 Q: -0.00107759
T: -0.879316 Q: -0.00120234
T: -0.860265 Q: -0.00187259
T: -0.822743 Q: -0.00105608
T: -0.767889 Q: -0.00123951
T: -0.697371 Q: 1.10387
T: -0.61333 Q: 1.12257
T: -0.518321 Q: -0.00494488
T: -0.415229 Q: -0.00986611
T: -0.307188 Q: -0.0202952
T: -0.197481 Q: -0.0261795
T: -0.0894401 Q: -0.0197399
T: 0.0136513 Q: 1.29189
T: 0.108661 Q: 1.24143
T: 0.192702 Q: -0.0248028
T: 0.26322 Q: -0.0294714
T: 0.318074 Q: 1.3899
T: 0.355596 Q: 1.571
T: 0.374647 Q: -0.0251521
T: 0.374647 Q: -0.0286522
T: 0.355596 Q: -0.0250153
T: 0.318074 Q: 1.2441
T: 0.26322 Q: -0.0242054
T: 0.192702 Q: -0.0195272
T: 0.108661 Q: 1.37745
T: 0.0136513 Q: -0.0161387
T: -0.0894401 Q: -0.019616
T: -0.197481 Q: 0.773373
Sec_Event 15285693 N50: 43
T: 0.555143 Q: 1.77451
T: 0.485413 Q: -0.0197332
T: 0.418877 Q: -0.0244363
T: 0.357558 Q: 0.941634
T: 0.303318 Q: -0.0314802
T: 0.257805 Q: -0.0301273
T: 0.222402 Q: 1.0714
T: 0.198185 Q: 1.28862
T: 0.18589 Q: -0.0301785
T: 0.18589 Q: -0.0322629
T: 0.198185 Q: -0.0254559
T: 0.222402 Q: -0.0340214
T: 0.257805 Q: -0.0289718
T: 0.303318 Q: 1.09227
T: 0.357558 Q: 0.977052
T: 0.418877 Q: 1.22316
T: 0.485413 Q: -0.0168404
T: 0.555143 Q: -0.0166849
T: 0.625948 Q: 0.860446
T: 0.695678 Q: -0.0132715
T: 0.762214 Q: -0.00595264
T: 0.823533 Q: 1.23229
T: 0.877773 Q: -0.00589692
T: 0.923286 Q: 1.15771
T: 0.958689 Q: -0.00429917
T: 0.982906 Q: -0.00394631
T: 0.995201 Q: -0.00299136
T: 0.995201 Q: -0.003505
T: 0.982906 Q: -0.00342485
T: 0.958689 Q: 0.988396
T: 0.923286 Q: 2.37672
T: 0.877773 Q: -0.00507318
T: 0.823533 Q: -0.00536229
T: 0.762214 Q: -0.00787198
T: 0.695678 Q: 1.13001
T: 0.625948 Q: -0.0146727
Sec_Event 15349526 N50: 30
T: -0.453201 Q: -0.00708397
T: -0.549583 Q: -0.00694747
T: -0.64155 Q: -0.0131663
T: -0.726307 Q: 1.07287
T: -0.801279 Q: -0.0156046
T: -0.864188 Q: -0.0309847
T: -0.913122 Q: 0.942187
T: -0.946595 Q: -0.0389906
T: -0.96359 Q: -0.0303473
T: -0.96359 Q: -0.0338831
T: -0.946595 Q: -0.0374966
T: -0.913122 Q: 0.890959
T: -0.864188 Q: 0.85968
T: -0.801279 Q: 0.952948
T: -0.726307 Q: -0.0254169
T: -0.64155 Q: -0.0150693
T: -0.549583 Q: 2.10395
T: -0.453201 Q: -0.0131234
T: -0.355332 Q: -0.00892436
T: -0.25895 Q: 2.26666
T: -0.166984 Q: -0.00834622
T: -0.0822267 Q: -0.00589225
T: -0.00725474 Q: 1.08903
T: 0.0556542 Q: 1.12834
T: 0.104589 Q: 1.30177
T: 0.138062 Q: -0.00597217
T: 0.155057 Q: 2.13216
T: 0.155057 Q: -0.0028915
T: 0.138062 Q: -0.00333812
T: 0.104589 Q: -0.00390194
T: 0.0556542 Q: 1.03528
T: -0.00725474 Q: -0.00496989
T: -0.0822267 Q: -0.00273096
T: -0.166984 Q: -0.0050512
T: -0.25895 Q: -0.0046175
T: -0.355332 Q: -0.0111949
Sec_Event 15364660 N50: 28
T: 0.0732052 Q: -0.0105572
T: -0.0398719 Q: -0.00904555
T: -0.147769 Q: -0.0100397
T: -0.247207 Q: -0.00877689
T: -0.335165 Q: -0.00711372
T: -0.408971 Q: 0.847157
T: -0.466382 Q: -0.00897544
T: -0.505653 Q: -0.00732168
T: -0.525592 Q: -0.00368442
T: -0.525592 Q: 0.979671
T: -0.505653 Q: 0.957375
T: -0.466382 Q: -0.00141823
T: -0.408971 Q: -0.00306328
T: -0.335165 Q: 0.913341
T: -0.247207 Q: -0.00161867
T: -0.147769 Q: -0.00132035
T: -0.0398719 Q: -0.00194633
T: 0.0732052 Q: -0.00165846
T: 0.188027 Q: 1.95059
T: 0.301104 Q: 2.76422
T: 0.409001 Q: 0.878532
T: 0.508439 Q: -0.00149884
T: 0.596397 Q: -0.0020405
T: 0.670203 Q: -0.0032963
T: 0.727614 Q: -0.0060409
T: 0.766885 Q: -0.0107564
T: 0.786823 Q: -0.0139686
T: 0.786823 Q: -0.0264889
T: 0.766885 Q: -0.0229003
T: 0.727614 Q: 0.884607
T: 0.670203 Q: -0.0219259
T: 0.596397 Q: -0.0171411
T: 0.508439 Q: -0.017828
T: 0.409001 Q: -0.0115814
T: 0.301104 Q: -0.0115124
T: 0.188027 Q: 0.941641
Sec_Event 15658888 N50: 37
T: 0.42724 Q: -0.0417912
T: 0.338552 Q: -0.0366694
T: 0.253927 Q: 1.02738
T: 0.175937 Q: -0.0270188
T: 0.10695 Q: 0.975112
T: 0.0490633 Q: 0.978839
T: 0.00403541 Q: 2.38656
T: -0.0267655 Q: -0.010296
T: -0.0424035 Q: -0.00798135
T: -0.0424035 Q: -0.00527908
T: -0.0267655 Q: -0.00502337
T: 0.00403541 Q: 0.873286
T: 0.0490633 Q: -0.00214031
T: 0.10695 Q: -0.00151995
T: 0.175937 Q: -0.00536107
T: 0.253927 Q: -0.00109583
T: 0.338552 Q: -0.00108804
T: 0.42724 Q: -0.00154525
T: 0.517295 Q: -0.00144348
T: 0.605983 Q: -0.00143717
T: 0.690608 Q: -0.00506665
T: 0.768598 Q: 1.0794
T: 0.837585 Q: 0.884753
T: 0.895472 Q: 0.805697
T: 0.9405 Q: -0.0175991
T: 0.971301 Q: -0.0103047
T: 0.986939 Q: -0.011648
T: 0.986939 Q: -0.0101219
T: 0.971301 Q: 1.10482
T: 0.9405 Q: 2.48926
T: 0.895472 Q: -0.0136593
T: 0.837585 Q: 1.0552
T: 0.768598 Q: 2.21311
T: 0.690608 Q: -0.0324862
T: 0.605983 Q: -0.0415949
T: 0.517295 Q: -0.0349484
Sec_Event 15658888 N50: 25
T: 0.129485 Q: -0.00654433
T: 0.0182734 Q: -0.00900836
T: -0.0878431 Q: -0.0076849
T: -0.185641 Q: -0.0121056
T: -0.272148 Q: -0.014071
T: -0.344736 Q: -0.021746
T: -0.401199 Q: -0.0241763
T: -0.439822 Q: 1.0407
T: -0.459432 Q: -0.0397701
T: -0.459432 Q: -0.0553881
T: -0.439822 Q: 1.23521
T: -0.401199 Q: -0.0582723
T: -0.344736 Q: -0.0580768
T: -0.272148 Q: -0.0556724
T: -0.185641 Q: -0.04685
T: -0.0878431 Q: -0.0593512
T: 0.0182734 Q: 1.32146
T: 0.129485 Q: -0.0502768
T: 0.242412 Q: 1.22846
T: 0.353623 Q: 2.83962
T: 0.459739 Q: -0.0626694
T: 0.557537 Q: -0.0664922
T: 0.644044 Q: -0.0385924
T: 0.716632 Q: -0.0282273
T: 0.773095 Q: -0.0291214
T: 0.811719 Q: -0.022352
T: 0.831328 Q: 1.19008
T: 0.831328 Q: 1.12741
T: 0.811719 Q: -0.0196414
T: 0.773095 Q: -0.0267205
T: 0.716632 Q: -0.0341363
T: 0.644044 Q: -0.0161483
T: 0.557537 Q: -0.0197211
T: 0.459739 Q: 1.05278
T: 0.353623 Q: 1.03691
T: 0.242412 Q: 0.848384
Sec_Event 15658888 N50: 34
T: -0.0180912 Q: -0.00432328
T: -0.132789 Q: -0.000326988
T: -0.242232 Q: -0.00272681
T: -0.343095 Q: -0.00115339
T: -0.432314 Q: -0.000652843
T: -0.507177 Q: 1.21512
T: -0.565411 Q: -0.00218283
T: -0.605245 Q: -0.00263334
T: -0.625469 Q: 1.21593
T: -0.625469 Q: 1.14711
T: -0.605245 Q: -0.00724422
T: -0.565411 Q: -0.00756239
T: -0.507177 Q: -0.00920922
T: -0.432314 Q: -0.010435
T: -0.343095 Q: -0.0136216
T: -0.242232 Q: 1.03813
T: -0.132789 Q: -0.0112045
T: -0.0180912 Q: 0.976963
T: 0.0983756 Q: 1.19626
T: 0.213073 Q: -0.0103328
T: 0.322516 Q: -0.0107236
T: 0.423379 Q: -0.013318
T: 0.512598 Q: 1.15927
T: 0.587462 Q: 1.0223
T: 0.645695 Q: -0.0111386
T: 0.685529 Q: 1.81981
T: 0.705753 Q: -0.00875393
T: 0.705753 Q: -0.0065036
T: 0.685529 Q: 1.08595
T: 0.645695 Q: 1.03252
T: 0.587462 Q: -0.00149258
T: 0.512598 Q: -0.00348525
T: 0.423379 Q: -0.000583242
T: 0.322516 Q: 1.16338
T: 0.213073 Q: 1.33043
T: 0.0983756 Q: 1.18815
Sec_Event 16325875 N50: 35
T: -0.73127 Q: 0.829865
T: -0.762299 Q: -0.0783198
T: -0.791908 Q: 1.26005
T: -0.819195 Q: -0.098196
T: -0.843332 Q: -0.080607
T: -0.863585 Q: 1.2843
T: -0.879339 Q: -0.0779116
T: -0.890116 Q: -0.0692517
T: -0.895587 Q: 1.26446
T: -0.895587 Q: -0.0759777
T: -0.890116 Q: 0.749135
T: -0.879339 Q: -0.0811961
T: -0.863585 Q: -0.046698
T: -0.843332 Q: -0.0233263
T: -0.819195 Q: -0.0131947
T: -0.791908 Q: -0.00477924
T: -0.762299 Q: -0.0104804
T: -0.73127 Q: 0.916349
T: -0.699761 Q: -0.00242499
T: -0.668731 Q: -0.00145141
T: -0.639123 Q: 0.905501
T: -0.611836 Q: 1.14989
T: -0.587699 Q: -0.00193053
T: -0.567446 Q: 1.06289
T: -0.551692 Q: 1.35634
T: -0.540915 Q: 0.844492
T: -0.535444 Q: -0.00210756
T: -0.535444 Q: -0.00169777
T: -0.540915 Q: -0.0105123
T: -0.551692 Q: -0.00386596
T: -0.567446 Q: -0.00782434
T: -0.587699 Q: -0.0126231
T: -0.611836 Q: 0.82449
T: -0.639123 Q: -0.0255794
T: -0.668731 Q: 3.07543
T: -0.699761 Q: -0.0492138
Sec_Event 17946171 N50: 30
Sec_Event 17946171 N50: 28
T: 0.630325 Q: -0.0194164
T: 0.576792 Q: 1.1683
T: 0.525711 Q: 1.12671
T: 0.478635 Q: -0.0139667
T: 0.436994 Q: 1.05595
T: 0.402053 Q: 1.03969
T: 0.374874 Q: -0.0151308
T: 0.356282 Q: -0.0145375
T: 0.346843 Q: -0.015404
T: 0.346843 Q: -0.017646
T: 0.356282 Q: -0.0204607
T: 0.374874 Q: 1.30382
T: 0.402053 Q: -0.0247052
T: 0.436994 Q: -0.0282543
T: 0.478635 Q: -0.0306448
T: 0.525711 Q: -0.0579521
T: 0.576792 Q: -0.0399066
T: 0.630325 Q: 2.40814
T: 0.684683 Q: -0.0432615
T: 0.738216 Q: -0.0468372
T: 0.789297 Q: -0.0483098
T: 0.836372 Q: -0.0333303
T: 0.878014 Q: -0.0327777
T: 0.912955 Q: -0.0367322
T: 0.940134 Q: 1.21842
T: 0.958726 Q: -0.0238504
T: 0.968165 Q: 2.46091
T: 0.968165 Q: -0.0310694
T: 0.958726 Q: -0.0251287
T: 0.940134 Q: -0.0241803
T: 0.912955 Q: 1.17442
T: 0.878014 Q: 1.13752
T: 0.836372 Q: -0.0299418
T: 0.789297 Q: -0.0245475
T: 0.738216 Q: 1.01588
T: 0.684683 Q: -0.0186044
Sec_Event 17946171 N50: 37
T: -0.297062 Q: -0.0322659
T: -0.405671 Q: 1.16339
T: -0.509304 Q: -0.0286079
T: -0.604812 Q: -0.0396313
T: -0.689295 Q: -0.0269426
T: -0.760184 Q: 2.43614
T: -0.815326 Q: 1.0821
T: -0.853045 Q: -0.0121128
T: -0.872196 Q: -0.0138857
T: -0.872196 Q: -0.00966754
T: -0.853045 Q: 1.03438
T: -0.815326 Q: 2.33307
T: -0.760184 Q: -0.0169446
T: -0.689295 Q: -0.0273676
T: -0.604812 Q: -0.0284684
T: -0.509304 Q: 1.25968
T: -0.405671 Q: 0.972989
T: -0.297062 Q: 1.1735
T: -0.186778 Q: -0.0189758
T: -0.0781699 Q: -0.0257401
T: 0.025463 Q: -0.0192398
T: 0.120972 Q: -0.020493
T: 0.205454 Q: -0.0214125
T: 0.276343 Q: -0.0275574
T: 0.331485 Q: -0.0286682
T: 0.369204 Q: 1.26773
T: 0.388355 Q: -0.0445948
T: 0.388355 Q: -0.0330204
T: 0.369204 Q: -0.0329845
T: 0.331485 Q: 1.16421
T: 0.276343 Q: -0.0309126
T: 0.205454 Q: -0.0325872
T: 0.120972 Q: -0.0244804
T: 0.025463 Q: -0.0268678
T: -0.0781699 Q: -0.0218315
T: -0.186778 Q: -0.0271773
Sec_Event 17946171 N50: 43
T: 0.109162 Q: -0.011503
T: -0.00280102 Q: -0.012515
T: -0.109634 Q: -0.0149816
T: -0.208093 Q: 2.73384
T: -0.295184 Q: 1.19725
T: -0.368263 Q: -0.0162454
T: -0.425107 Q: -0.0198589
T: -0.463992 Q: -0.027144
T: -0.483734 Q: -0.0220141
T: -0.483734 Q: -0.0400396
T: -0.463992 Q: -0.0310272
T: -0.425107 Q: -0.0335611
T: -0.368263 Q: 1.22589
T: -0.295184 Q: 1.19745
T: -0.208093 Q: -0.024226
T: -0.109634 Q: 1.20692
T: -0.00280102 Q: 1.47291
T: 0.109162 Q: 1.22525
T: 0.222851 Q: -0.020908
T: 0.334814 Q: -0.0248228
T: 0.441647 Q: -0.0392312
T: 0.540106 Q: 1.07759
T: 0.627197 Q: -0.039024
T: 0.700276 Q: -0.0320467
T: 0.75712 Q: -0.0324416
T: 0.796005 Q: 1.11639
T: 0.815747 Q: 3.6021
T: 0.815747 Q: -0.0241486
T: 0.796005 Q: 1.15707
T: 0.75712 Q: -0.0240975
T: 0.700276 Q: -0.0271952
T: 0.627197 Q: 1.04523
T: 0.540106 Q: -0.0291993
T: 0.441647 Q: -0.0136386
T: 0.334814 Q: -0.0234791
T: 0.222851 Q: 2.8915
Sec_Event 17946171 N50: 43
T: 0.383782 Q: -0.0363194
T: 0.290239 Q: -0.0257275
T: 0.20098 Q: 1.28086
T: 0.11872 Q: 1.20657
T: 0.0459559 Q: -0.0313583
T: -0.0151002 Q: -0.0255284
T: -0.0625934 Q: -0.0237904
T: -0.0950807 Q: -0.026126
T: -0.111575 Q: 1.51218
T: -0.111575 Q: -0.0271749
T: -0.0950807 Q: -0.0352455
T: -0.0625934 Q: -0.023022
T: -0.0151002 Q: 2.85182
T: 0.0459559 Q: -0.0269205
T: 0.11872 Q: -0.01574
T: 0.20098 Q: -0.0289273
T: 0.290239 Q: -0.0204248
T: 0.383782 Q: -0.0230817
T: 0.478768 Q: 4.00124
T: 0.572312 Q: -0.0263707
T: 0.66157 Q: -0.0387827
T: 0.743831 Q: -0.0355524
T: 0.816594 Q: 2.93259
T: 0.877651 Q: -0.0321403
T: 0.925144 Q: 1.14023
T: 0.957631 Q: -0.0201972
T: 0.974125 Q: 1.52734
T: 0.974125 Q: -0.0207765
T: 0.957631 Q: -0.0230532
T: 0.925144 Q: -0.0216786
T: 0.877651 Q: -0.0263441
T: 0.816594 Q: -0.0367178
T: 0.743831 Q: -0.0391227
T: 0.66157 Q: 1.46846
T: 0.572312 Q: -0.0404019
T: 0.478768 Q: -0.0464561
Sec_Event 17946171 N50: 38
T: -0.187239 Q: -0.0148318
T: -0.300338 Q: -0.0121023
T: -0.408256 Q: 1.0737
T: -0.507713 Q: -0.0173765
T: -0.595689 Q: -0.0221229
T: -0.669509 Q: -0.0215722
T: -0.726931 Q: -0.020883
T: -0.76621 Q: -0.0203337
T: -0.786152 Q: -0.0202655
T: -0.786152 Q: -0.0210374
T: -0.76621 Q: -0.0255138
T: -0.726931 Q: -0.0289887
T: -0.669509 Q: -0.0350994
T: -0.595689 Q: -0.0321316
T: -0.507713 Q: -0.0279469
T: -0.408256 Q: -0.0317924
T: -0.300338 Q: 1.10244
T: -0.187239 Q: -0.0265688
T: -0.0723952 Q: -0.0213543
T: 0.0407038 Q: -0.0222474
T: 0.148622 Q: -0.0205669
T: 0.248079 Q: -0.0208793
T: 0.336055 Q: -0.0312441
T: 0.409875 Q: -0.032734
T: 0.467297 Q: -0.0343211
T: 0.506576 Q: -0.0262374
T: 0.526518 Q: 1.07613
T: 0.526518 Q: -0.026821
T: 0.506576 Q: -0.023446
T: 0.467297 Q: -0.0283763
T: 0.409875 Q: -0.0166068
T: 0.336055 Q: -0.0190064
T: 0.248079 Q: -0.0120628
T: 0.148622 Q: -0.0107886
T: 0.0407038 Q: -0.0100447
T: -0.0723952 Q: -0.0118026
Sec_Event 17946171 N50: 55
T: -0.444069 Q: 1.26434
T: -0.541398 Q: -0.0205571
T: -0.634269 Q: -0.0249785
T: -0.719859 Q: 1.30211
T: -0.795568 Q: -0.028631
T: -0.859095 Q: -0.0256868
T: -0.90851 Q: 1.24477
T: -0.942312 Q: -0.0187386
T: -0.959474 Q: -0.020226
T: -0.959474 Q: 1.24004
T: -0.942312 Q: 1.29187
T: -0.90851 Q: -0.0228939
T: -0.859095 Q: -0.029113
T: -0.795568 Q: 1.2323
T: -0.719859 Q: 2.77715
T: -0.634269 Q: -0.0346775
T: -0.541398 Q: -0.0359277
T: -0.444069 Q: 1.48726
T: -0.345238 Q: 1.68123
T: -0.247909 Q: 2.71413
T: -0.155039 Q: 1.27323
T: -0.0694488 Q: -0.0229317
T: 0.00625993 Q: 2.64924
T: 0.0697871 Q: -0.024777
T: 0.119202 Q: -0.0211385
T: 0.153005 Q: -0.0333116
T: 0.170166 Q: 1.4656
T: 0.170166 Q: -0.0293714
T: 0.153005 Q: -0.0213472
T: 0.119202 Q: 2.82629
T: 0.0697871 Q: -0.0192375
T: 0.00625993 Q: 2.72781
T: -0.0694488 Q: 1.28303
T: -0.155039 Q: -0.0154007
T: -0.247909 Q: -0.0181061
T: -0.345238 Q: -0.0176449
Sec_Event 18373300 N50: 25
T: -0.345804 Q: -0.0232803
T: -0.451419 Q: -0.0295293
T: -0.552195 Q: 1.34698
T: -0.645071 Q: -0.031953
T: -0.727225 Q: -0.0430478
T: -0.79616 Q: -0.069983
T: -0.849782 Q: -0.0730278
T: -0.886461 Q: -0.0680125
T: -0.905084 Q: -0.0648557
T: -0.905084 Q: 1.25075
T: -0.886461 Q: -0.0738874
T: -0.849782 Q: -0.0906903
T: -0.79616 Q: 2.86686
T: -0.727225 Q: 1.1883
T: -0.645071 Q: -0.0365119
T: -0.552195 Q: -0.0342288
T: -0.451419 Q: -0.0228661
T: -0.345804 Q: -0.0217253
T: -0.238561 Q: -0.0189067
T: -0.132946 Q: -0.0144355
T: -0.0321697 Q: 1.39104
T: 0.0607062 Q: 1.81527
T: 0.14286 Q: 1.62027
T: 0.211795 Q: -0.0174466
T: 0.265417 Q: 2.18074
T: 0.302096 Q: -0.00872277
T: 0.320719 Q: -0.00899065
T: 0.320719 Q: -0.00967451
T: 0.302096 Q: -0.00961031
T: 0.265417 Q: -0.00835662
T: 0.211795 Q: -0.0140348
T: 0.14286 Q: -0.0173353
T: 0.0607062 Q: 0.691978
T: -0.0321697 Q: -0.0130365
T: -0.132946 Q: -0.0145231
T: -0.238561 Q: -0.0174689
Sec_Event 18419283 N50: 37
T: 0.000566509 Q: -0.00934876
T: -0.11394 Q: 2.45489
T: -0.2232 Q: 1.25993
T: -0.323895 Q: -0.00799454
T: -0.412965 Q: -0.0121972
T: -0.487704 Q: 3.93789
T: -0.54584 Q: -0.0144097
T: -0.585608 Q: -0.0142338
T: -0.605799 Q: -0.0142353
T: -0.605799 Q: -0.0151269
T: -0.585608 Q: 1.02888
T: -0.54584 Q: -0.0225419
T: -0.487704 Q: -0.0285748
T: -0.412965 Q: 1.24795
T: -0.323895 Q: -0.0257895
T: -0.2232 Q: -0.0301037
T: -0.11394 Q: 1.30939
T: 0.000566509 Q: 2.67107
T: 0.116839 Q: -0.030697
T: 0.231345 Q: 1.24147
T: 0.340606 Q: 1.14185
T: 0.441301 Q: -0.0329936
T: 0.530371 Q: -0.0481003
T: 0.60511 Q: -0.0561624
T: 0.663246 Q: 1.15592
T: 0.703014 Q: 1.20895
T: 0.723204 Q: -0.0461125
T: 0.723204 Q: -0.069626
T: 0.703014 Q: -0.0434223
T: 0.663246 Q: 1.07232
T: 0.60511 Q: -0.0232941
T: 0.530371 Q: -0.0148146
T: 0.441301 Q: -0.0135076
T: 0.340606 Q: -0.0121252
T: 0.231345 Q: -0.0109517
T: 0.116839 Q: 1.13458
Sec_Event 18419283 N50: 30
T: 0.0693687 Q: -0.0154315
T: -0.0438112 Q: -0.0116421
T: -0.151806 Q: 1.22683
T: -0.251335 Q: -0.0169732
T: -0.339373 Q: 1.08277
T: -0.413246 Q: -0.0192493
T: -0.470709 Q: 2.31706
T: -0.510016 Q: -0.0206843
T: -0.529973 Q: -0.0207999
T: -0.529973 Q: 1.13136
T: -0.510016 Q: 1.23887
T: -0.470709 Q: 1.00221
T: -0.413246 Q: -0.024804
T: -0.339373 Q: -0.027229
T: -0.251335 Q: -0.0284117
T: -0.151806 Q: -0.035508
T: -0.0438112 Q: -0.0338571
T: 0.0693687 Q: -0.0273172
T: 0.184295 Q: -0.026392
T: 0.297475 Q: -0.0323715
T: 0.40547 Q: -0.0357986
T: 0.504998 Q: 1.10185
T: 0.593037 Q: 1.01603
T: 0.66691 Q: -0.0691163
T: 0.724373 Q: 1.10175
T: 0.76368 Q: -0.0407296
T: 0.783636 Q: -0.0515108
T: 0.783636 Q: -0.0419657
T: 0.76368 Q: -0.0476954
T: 0.724373 Q: -0.0394764
T: 0.66691 Q: -0.0369524
T: 0.593037 Q: 1.02564
T: 0.504998 Q: -0.0249884
T: 0.40547 Q: -0.0123866
T: 0.297475 Q: -0.0136508
T: 0.184295 Q: 1.18972
Sec_Event 18419283 N50: 29
T: 0.0740834 Q: 1.01527
T: -0.0389697 Q: -0.0237671
T: -0.146844 Q: -0.0416612
T: -0.246261 Q: -0.0275541
T: -0.334201 Q: -0.0299914
T: -0.407991 Q: -0.0292795
T: -0.465389 Q: 0.987835
T: -0.504652 Q: 1.08202
T: -0.524586 Q: -0.0254599
T: -0.524586 Q: -0.0241612
T: -0.504652 Q: 1.05587
T: -0.465389 Q: 1.08776
T: -0.407991 Q: 1.04008
T: -0.334201 Q: -0.0196673
T: -0.246261 Q: 1.08496
T: -0.146844 Q: -0.0162271
T: -0.0389697 Q: -0.0127333
T: 0.0740834 Q: 1.08561
T: 0.18888 Q: -0.0149144
T: 0.301934 Q: -0.0195702
T: 0.409808 Q: -0.0311864
T: 0.509225 Q: -0.0227343
T: 0.597164 Q: 0.927569
T: 0.670955 Q: -0.033728
T: 0.728353 Q: -0.0413299
T: 0.767616 Q: -0.0320356
T: 0.78755 Q: -0.0365208
T: 0.78755 Q: 1.04217
T: 0.767616 Q: -0.0383958
T: 0.728353 Q: -0.0401922
T: 0.670955 Q: -0.0457746
T: 0.597164 Q: -0.0461702
T: 0.509225 Q: -0.0346574
T: 0.409808 Q: -0.0394986
T: 0.301934 Q: -0.0287309
T: 0.18888 Q: -0.0233696
Sec_Event 18419283 N50: 28
T: -0.710567 Q: -0.0236219
T: -0.753744 Q: -0.0200484
T: -0.794942 Q: -0.0185786
T: -0.832912 Q: -0.0164176
T: -0.866497 Q: 1.58693
T: -0.894679 Q: -0.0121151
T: -0.9166 Q: -0.0124585
T: -0.931596 Q: -0.0133436
T: -0.939209 Q: -0.0105227
T: -0.939209 Q: -0.0115535
T: -0.931596 Q: 1.45518
T: -0.9166 Q: -0.0123051
T: -0.894679 Q: 1.43841
T: -0.866497 Q: -0.0157539
T: -0.832912 Q: -0.0191685
T: -0.794942 Q: 1.50709
T: -0.753744 Q: -0.0210269
T: -0.710567 Q: 1.62218
T: -0.666724 Q: -0.0257097
T: -0.623547 Q: 1.6084
T: -0.582348 Q: -0.0340729
T: -0.544379 Q: 1.49766
T: -0.510793 Q: -0.0345366
T: -0.482611 Q: -0.0454319
T: -0.46069 Q: 1.44408
T: -0.445695 Q: -0.038297
T: -0.438082 Q: -0.0392122
T: -0.438082 Q: -0.0356167
T: -0.445695 Q: 1.52332
T: -0.46069 Q: -0.0289835
T: -0.482611 Q: -0.0328708
T: -0.510793 Q: -0.0285284
T: -0.544379 Q: -0.0285728
T: -0.582348 Q: 1.58896
T: -0.623547 Q: 1.42655
T: -0.666724 Q: 1.39089
Sec_Event 18419283 N50: 29
T: -0.701298 Q: -0.0179959
T: -0.748569 Q: -0.019971
T: -0.793674 Q: 1.16602
T: -0.835244 Q: -0.0161905
T: -0.872014 Q: 1.04455
T: -0.902868 Q: -0.0108144
T: -0.926868 Q: -0.00977137
T: -0.943285 Q: -0.00845693
T: -0.95162 Q: -0.0084916
T: -0.95162 Q: -0.00865285
T: -0.943285 Q: -0.00987877
T: -0.926868 Q: 1.1184
T: -0.902868 Q: -0.0103671
T: -0.872014 Q: -0.0109749
T: -0.835244 Q: -0.0128692
T: -0.793674 Q: 1.07771
T: -0.748569 Q: -0.0188882
T: -0.701298 Q: 1.08183
T: -0.653298 Q: -0.0193359
T: -0.606027 Q: 1.23034
T: -0.560922 Q: 1.02764
T: -0.519352 Q: -0.0234868
T: -0.482582 Q: -0.0253242
T: -0.451728 Q: 2.25058
T: -0.427728 Q: -0.0271112
T: -0.411311 Q: -0.0284839
T: -0.402976 Q: 1.09866
T: -0.402976 Q: -0.0289707
T: -0.411311 Q: -0.029224
T: -0.427728 Q: -0.0332774
T: -0.451728 Q: -0.0295953
T: -0.482582 Q: -0.0254906
T: -0.519352 Q: 1.04447
T: -0.560922 Q: -0.0240661
T: -0.606027 Q: 1.1843
T: -0.653298 Q: -0.0223803
Sec_Event 18419283 N50: 31
T: 0.486875 Q: -0.0103219
T: 0.406032 Q: 1.22887
T: 0.328892 Q: -0.00930041
T: 0.257799 Q: 2.64839
T: 0.194914 Q: 1.29978
T: 0.142147 Q: 1.4207
T: 0.101102 Q: -0.00955536
T: 0.0730255 Q: 1.09502
T: 0.0587706 Q: -0.010086
T: 0.0587706 Q: -0.0112453
T: 0.0730255 Q: -0.0110528
T: 0.101102 Q: -0.0116718
T: 0.142147 Q: -0.0131933
T: 0.194914 Q: 1.24915
T: 0.257799 Q: -0.0124327
T: 0.328892 Q: -0.0247781
T: 0.406032 Q: 1.5052
T: 0.486875 Q: -0.0382302
T: 0.568966 Q: -0.0569032
T: 0.649809 Q: -0.0512617
T: 0.726949 Q: 2.43198
T: 0.798041 Q: 1.14052
T: 0.860926 Q: 1.18242
T: 0.913693 Q: -0.0343253
T: 0.954738 Q: -0.0319306
T: 0.982815 Q: 1.45525
T: 0.99707 Q: -0.03129
T: 0.99707 Q: -0.031421
T: 0.982815 Q: 2.69529
T: 0.954738 Q: -0.030749
T: 0.913693 Q: 0.963839
T: 0.860926 Q: -0.0359601
T: 0.798041 Q: -0.024894
T: 0.726949 Q: -0.0168108
T: 0.649809 Q: 1.10442
T: 0.568966 Q: -0.0112408
400000/654680
Sec_Event 19271658 N50: 32
T: -0.142063 Q: -0.045506
T: -0.256189 Q: -0.0382639
T: -0.365088 Q: 1.29631
T: -0.46545 Q: -0.0647201
T: -0.554225 Q: 1.26395
T: -0.628716 Q: -0.0657453
T: -0.686659 Q: 1.36229
T: -0.726295 Q: -0.0585423
T: -0.746419 Q: 2.58795
T: -0.746419 Q: -0.0609784
T: -0.726295 Q: -0.06574
T: -0.686659 Q: 1.56539
T: -0.628716 Q: 1.11673
T: -0.554225 Q: -0.0430222
T: -0.46545 Q: -0.0421393
T: -0.365088 Q: -0.0325159
T: -0.256189 Q: -0.0286245
T: -0.142063 Q: -0.0286141
T: -0.026175 Q: 1.13787
T: 0.087952 Q: 1.12829
T: 0.196851 Q: -0.0307986
T: 0.297212 Q: -0.0466845
T: 0.385987 Q: 1.13704
T: 0.460478 Q: -0.0408195
T: 0.518422 Q: -0.0378991
T: 0.558058 Q: -0.0389546
T: 0.578182 Q: 1.04804
T: 0.578182 Q: -0.0333086
T: 0.558058 Q: -0.0378229
T: 0.518422 Q: -0.0351909
T: 0.460478 Q: -0.0496358
T: 0.385987 Q: -0.0492573
T: 0.297212 Q: -0.0538587
T: 0.196851 Q: -0.0492493
T: 0.087952 Q: 1.32783
T: -0.026175 Q: 1.22376
Sec_Event 19360107 N50: 30
T: -0.463178 Q: -0.0352176
T: -0.558486 Q: -0.0287737
T: -0.649428 Q: -0.0226572
T: -0.73324 Q: -0.0137626
T: -0.807377 Q: 1.26553
T: -0.869585 Q: -0.00713282
T: -0.917974 Q: 1.17705
T: -0.951074 Q: -0.00746287
T: -0.967879 Q: 1.36635
T: -0.967879 Q: -0.00555805
T: -0.951074 Q: 1.34826
T: -0.917974 Q: 1.32667
T: -0.869585 Q: 1.12962
T: -0.807377 Q: -0.00913218
T: -0.73324 Q: -0.0131893
T: -0.649428 Q: -0.0134607
T: -0.558486 Q: 2.36507
T: -0.463178 Q: -0.0113439
T: -0.3664 Q: -0.0151157
T: -0.271092 Q: 1.1843
T: -0.18015 Q: 1.29602
T: -0.0963377 Q: -0.00953928
T: -0.0222013 Q: -0.0107284
T: 0.0400065 Q: -0.0132295
T: 0.0883956 Q: -0.0188751
T: 0.121496 Q: -0.0155767
T: 0.138301 Q: -0.0211209
T: 0.138301 Q: -0.0176379
T: 0.121496 Q: 1.33335
T: 0.0883956 Q: -0.0247763
T: 0.0400065 Q: -0.024118
T: -0.0222013 Q: 1.5813
T: -0.0963377 Q: -0.0239964
T: -0.18015 Q: -0.0329842
T: -0.271092 Q: -0.0266837
T: -0.3664 Q: 1.51663
Sec_Event 20204869 N50: 28
T: -0.395713 Q: -0.0376862
T: -0.497529 Q: 1.09904
T: -0.594681 Q: -0.0415897
T: -0.684217 Q: -0.0402163
T: -0.763416 Q: -0.0333417
T: -0.829872 Q: -0.025499
T: -0.881565 Q: -0.0234236
T: -0.916926 Q: -0.0202709
T: -0.934879 Q: 1.3199
T: -0.934879 Q: -0.0198702
T: -0.916926 Q: -0.022652
T: -0.881565 Q: 0.960918
T: -0.829872 Q: 3.23248
T: -0.763416 Q: 1.13739
T: -0.684217 Q: -0.00472901
T: -0.594681 Q: -0.00366604
T: -0.497529 Q: -0.0054337
T: -0.395713 Q: -0.0019092
T: -0.292326 Q: 1.21923
T: -0.19051 Q: -0.00185672
T: -0.0933581 Q: -0.00233572
T: -0.00382242 Q: -0.00212424
T: 0.0753766 Q: -0.00276307
T: 0.141832 Q: -0.0037697
T: 0.193526 Q: -0.00520023
T: 0.228886 Q: -0.00565694
T: 0.246839 Q: 1.06349
T: 0.246839 Q: 1.13126
T: 0.228886 Q: -0.0129888
T: 0.193526 Q: -0.0165437
T: 0.141832 Q: -0.0203067
T: 0.0753766 Q: -0.021586
T: -0.00382242 Q: -0.0174336
T: -0.0933581 Q: -0.0221518
T: -0.19051 Q: 1.03983
T: -0.292326 Q: -0.0233417
Sec_Event 20293750 N50: 27
T: 0.734304 Q: 1.01539
T: 0.723446 Q: -0.00758477
T: 0.713085 Q: -0.00805524
T: 0.703536 Q: -0.00953859
T: 0.69509 Q: -0.0157333
T: 0.688002 Q: -0.00918804
T: 0.682489 Q: 0.947928
T: 0.678718 Q: -0.00904424
T: 0.676804 Q: -0.00983033
T: 0.676804 Q: -0.00967462
T: 0.678718 Q: -0.00858875
T: 0.682489 Q: 0.955614
T: 0.688002 Q: -0.00729592
T: 0.69509 Q: 1.16908
T: 0.703536 Q: -0.00638565
T: 0.713085 Q: 1.15436
T: 0.723446 Q: -0.00598819
T: 0.734304 Q: -0.00567582
T: 0.74533 Q: -0.00429369
T: 0.756188 Q: -0.00639589
T: 0.766549 Q: -0.00463981
T: 0.776098 Q: -0.00734186
T: 0.784544 Q: 1.02841
T: 0.791632 Q: -0.00536952
T: 0.797144 Q: 1.03688
T: 0.800916 Q: 1.07474
T: 0.80283 Q: 1.2667
T: 0.80283 Q: -0.00560105
T: 0.800916 Q: -0.00622068
T: 0.797144 Q: -0.00600799
T: 0.791632 Q: -0.00614052
T: 0.784544 Q: -0.0057827
T: 0.776098 Q: 1.23676
T: 0.766549 Q: -0.00650117
T: 0.756188 Q: -0.00667395
T: 0.74533 Q: -0.00628349
Sec_Event 20784990 N50: 37
T: 0.0112507 Q: 1.64022
T: -0.103114 Q: -0.0122009
T: -0.212239 Q: -0.0122226
T: -0.312809 Q: -0.0116128
T: -0.401769 Q: -0.0119293
T: -0.476415 Q: -0.0152384
T: -0.53448 Q: 2.87964
T: -0.574198 Q: -0.0158156
T: -0.594363 Q: 1.06801
T: -0.594363 Q: -0.0120593
T: -0.574198 Q: -0.0126336
T: -0.53448 Q: -0.0138157
T: -0.476415 Q: 1.17191
T: -0.401769 Q: -0.0134728
T: -0.312809 Q: -0.0115696
T: -0.212239 Q: -0.00734806
T: -0.103114 Q: 1.27185
T: 0.0112507 Q: 1.54183
T: 0.127379 Q: -0.00564496
T: 0.241744 Q: -0.00544802
T: 0.350869 Q: -0.00903733
T: 0.451439 Q: -0.0129341
T: 0.540399 Q: 1.21697
T: 0.615045 Q: -0.0150287
T: 0.67311 Q: -0.0180908
T: 0.712828 Q: 2.47279
T: 0.732993 Q: 1.02103
T: 0.732993 Q: 2.41848
T: 0.712828 Q: 1.21987
T: 0.67311 Q: -0.0221102
T: 0.615045 Q: -0.0222735
T: 0.540399 Q: 1.3168
T: 0.451439 Q: -0.0150743
T: 0.350869 Q: 1.18241
T: 0.241744 Q: -0.01177
T: 0.127379 Q: -0.0114754
Sec_Event 21497587 N50: 29
T: 0.0960205 Q: -0.00108912
T: -0.0163811 Q: -0.000593107
T: -0.123633 Q: 1.06686
T: -0.222478 Q: 1.18031
T: -0.30991 Q: -0.00145481
T: -0.383275 Q: -0.000922326
T: -0.440343 Q: 1.09765
T: -0.47938 Q: -0.00111639
T: -0.499199 Q: -0.00169691
T: -0.499199 Q: -0.00331864
T: -0.47938 Q: -0.00239812
T: -0.440343 Q: -0.00298672
T: -0.383275 Q: -0.00405654
T: -0.30991 Q: -0.00358057
T: -0.222478 Q: 3.47187
T: -0.123633 Q: 1.04312
T: -0.0163811 Q: -0.00605463
T: 0.0960205 Q: -0.00455603
T: 0.210156 Q: -0.00473671
T: 0.322557 Q: -0.00856689
T: 0.42981 Q: -0.00879539
T: 0.528654 Q: -0.0105906
T: 0.616087 Q: -0.0137606
T: 0.689452 Q: 1.20182
T: 0.74652 Q: 0.847343
T: 0.785556 Q: -0.0103037
T: 0.805376 Q: -0.00807765
T: 0.805376 Q: -0.00823487
T: 0.785556 Q: -0.00502751
T: 0.74652 Q: -0.00368438
T: 0.689452 Q: 1.03494
T: 0.616087 Q: -0.00573884
T: 0.528654 Q: -0.00172047
T: 0.42981 Q: -0.00154619
T: 0.322557 Q: -0.00194483
T: 0.210156 Q: 1.23226
Sec_Event 21918251 N50: 37
T: -0.286811 Q: 0.699096
T: -0.395967 Q: -0.0223855
T: -0.500121 Q: 0.920486
T: -0.596111 Q: -0.00888687
T: -0.681018 Q: -0.00435035
T: -0.752264 Q: 1.13582
T: -0.807684 Q: 1.09133
T: -0.845593 Q: 1.25152
T: -0.86484 Q: -0.00392121
T: -0.86484 Q: -0.00413154
T: -0.845593 Q: -0.00370743
T: -0.807684 Q: 1.01952
T: -0.752264 Q: -0.00529681
T: -0.681018 Q: -0.00514931
T: -0.596111 Q: 1.23113
T: -0.500121 Q: -0.00712458
T: -0.395967 Q: -0.00738893
T: -0.286811 Q: -0.00685442
T: -0.175972 Q: 0.992937
T: -0.0668172 Q: 1.05847
T: 0.0373374 Q: 0.9931
T: 0.133327 Q: 1.29831
T: 0.218234 Q: -0.012816
T: 0.28948 Q: -0.0150427
T: 0.3449 Q: 1.23422
T: 0.382809 Q: -0.0225229
T: 0.402056 Q: -0.0381206
T: 0.402056 Q: -0.0416671
T: 0.382809 Q: -0.0403302
T: 0.3449 Q: -0.0517436
T: 0.28948 Q: 1.2767
T: 0.218234 Q: 2.7914
T: 0.133327 Q: -0.046544
T: 0.0373374 Q: -0.042855
T: -0.0668172 Q: -0.0394799
T: -0.175972 Q: -0.0452032
Sec_Event 21923248 N50: 29
T: -0.484742 Q: -0.0359444
T: -0.57758 Q: -0.0356158
T: -0.666165 Q: -0.0183813
T: -0.747806 Q: 2.63944
T: -0.820021 Q: 1.26554
T: -0.880617 Q: -0.00947702
T: -0.927752 Q: -0.00768477
T: -0.959995 Q: -0.00856387
T: -0.976365 Q: -0.0068706
T: -0.976365 Q: -0.00666814
T: -0.959995 Q: -0.00720105
T: -0.927752 Q: 1.10411
T: -0.880617 Q: 1.34462
T: -0.820021 Q: -0.0100864
T: -0.747806 Q: 2.66612
T: -0.666165 Q: -0.00596477
T: -0.57758 Q: 1.32235
T: -0.484742 Q: -0.00389589
T: -0.390472 Q: -0.00459247
T: -0.297633 Q: 2.72984
T: -0.209048 Q: -0.00395633
T: -0.127408 Q: -0.0057101
T: -0.0551924 Q: -0.00625616
T: 0.00540345 Q: -0.00561117
T: 0.0525386 Q: -0.0055504
T: 0.084781 Q: -0.00801072
T: 0.101151 Q: -0.00764575
T: 0.101151 Q: -0.00688089
T: 0.084781 Q: -0.0094843
T: 0.0525386 Q: -0.016846
T: 0.00540345 Q: -0.0114465
T: -0.0551924 Q: -0.0184277
T: -0.127408 Q: -0.0183285
T: -0.209048 Q: -0.0215651
T: -0.297633 Q: 1.18916
T: -0.390472 Q: -0.0290253
Sec_Event 22122739 N50: 29
T: -0.177051 Q: 2.16343
T: -0.290422 Q: -0.00331597
T: -0.398599 Q: -0.00279395
T: -0.498295 Q: -0.00396118
T: -0.586482 Q: 2.18403
T: -0.660479 Q: 1.21449
T: -0.718039 Q: -0.013527
T: -0.757412 Q: -0.0273442
T: -0.777402 Q: -0.0332114
T: -0.777402 Q: -0.036972
T: -0.757412 Q: -0.0385365
T: -0.718039 Q: 0.929282
T: -0.660479 Q: -0.0582939
T: -0.586482 Q: -0.0642306
T: -0.498295 Q: -0.0455372
T: -0.398599 Q: 1.14362
T: -0.290422 Q: -0.031459
T: -0.177051 Q: 1.03139
T: -0.0619317 Q: -0.0313395
T: 0.0514389 Q: -0.0314591
T: 0.159616 Q: -0.0252643
T: 0.259312 Q: -0.0352813
T: 0.347499 Q: -0.0422749
T: 0.421496 Q: -0.0270835
T: 0.479056 Q: -0.0196899
T: 0.518429 Q: -0.015002
T: 0.53842 Q: -0.0174315
T: 0.53842 Q: -0.0221331
T: 0.518429 Q: 0.937268
T: 0.479056 Q: -0.00859459
T: 0.421496 Q: -0.0058912
T: 0.347499 Q: 0.887929
T: 0.259312 Q: -0.00456817
T: 0.159616 Q: 1.03923
T: 0.0514389 Q: 0.968092
T: -0.0619317 Q: -0.00410002
Sec_Event 22395217 N50: 38
T: -0.616242 Q: -0.0356458
T: -0.688102 Q: -0.043553
T: -0.75667 Q: -0.0661571
T: -0.819863 Q: -0.0613357
T: -0.87576 Q: 1.13839
T: -0.922664 Q: -0.0488364
T: -0.959148 Q: 2.75369
T: -0.984105 Q: 1.3231
T: -0.996775 Q: 1.36444
T: -0.996775 Q: 1.23664
T: -0.984105 Q: -0.0365543
T: -0.959148 Q: -0.0437131
T: -0.922664 Q: 0.996086
T: -0.87576 Q: -0.0259286
T: -0.819863 Q: -0.0174809
T: -0.75667 Q: -0.012552
T: -0.688102 Q: -0.010974
T: -0.616242 Q: 1.061
T: -0.543274 Q: -0.00720302
T: -0.471413 Q: -0.00628023
T: -0.402845 Q: -0.00436115
T: -0.339653 Q: -0.00614465
T: -0.283756 Q: -0.00342323
T: -0.236852 Q: -0.00430867
T: -0.200368 Q: 1.10568
T: -0.175411 Q: 1.12791
T: -0.16274 Q: 1.22013
T: -0.16274 Q: 1.07701
T: -0.175411 Q: 1.07547
T: -0.200368 Q: -0.0157692
T: -0.236852 Q: -0.008598
T: -0.283756 Q: -0.0162195
T: -0.339653 Q: -0.0160393
T: -0.402845 Q: -0.0219589
T: -0.471413 Q: 1.21013
T: -0.543274 Q: 1.05658
Sec_Event 22662513 N50: 42
T: 0.197659 Q: 0.966983
T: 0.0896284 Q: 1.05751
T: -0.0134537 Q: 1.22152
T: -0.108455 Q: 1.32514
T: -0.192488 Q: -0.00651854
T: -0.263 Q: 1.02249
T: -0.317849 Q: -0.00795577
T: -0.355368 Q: 0.743949
T: -0.374417 Q: -0.0104491
T: -0.374417 Q: -0.00974137
T: -0.355368 Q: 0.818969
T: -0.317849 Q: -0.0135217
T: -0.263 Q: -0.017123
T: -0.192488 Q: 0.757836
T: -0.108455 Q: 0.771103
T: -0.0134537 Q: -0.0208101
T: 0.0896284 Q: -0.0235618
T: 0.197659 Q: -0.0257853
T: 0.307357 Q: -0.0259132
T: 0.415388 Q: 1.19676
T: 0.51847 Q: -0.0426295
T: 0.613471 Q: -0.0513097
T: 0.697505 Q: -0.0791298
T: 0.768017 Q: 0.907864
T: 0.822866 Q: -0.0586082
T: 0.860385 Q: 1.3496
T: 0.879433 Q: 3.16387
T: 0.879433 Q: 1.09229
T: 0.860385 Q: -0.0570247
T: 0.822866 Q: -0.0445844
T: 0.768017 Q: -0.0326843
T: 0.697505 Q: -0.0156273
T: 0.613471 Q: -0.0110717
T: 0.51847 Q: 0.995008
T: 0.415388 Q: -0.00960134
T: 0.307357 Q: -0.00863541
Sec_Event 22876468 N50: 41
T: -0.513879 Q: -0.0162366
T: -0.603028 Q: -0.0175788
T: -0.688093 Q: -0.0292024
T: -0.766489 Q: -0.0324827
T: -0.835835 Q: 0.937312
T: -0.894023 Q: 1.16936
T: -0.939285 Q: 1.28952
T: -0.970246 Q: -0.0320804
T: -0.985966 Q: -0.0298814
T: -0.985966 Q: -0.0316005
T: -0.970246 Q: -0.0369214
T: -0.939285 Q: -0.0376353
T: -0.894023 Q: -0.0369975
T: -0.835835 Q: -0.0587818
T: -0.766489 Q: 1.3672
T: -0.688093 Q: 1.1902
T: -0.603028 Q: 1.61843
T: -0.513879 Q: -0.0427155
T: -0.423354 Q: -0.0450996
T: -0.334205 Q: -0.04046
T: -0.24914 Q: -0.0358798
T: -0.170744 Q: -0.0363971
T: -0.101398 Q: -0.0368952
T: -0.0432101 Q: 1.32073
T: 0.00205206 Q: 1.09294
T: 0.0330132 Q: -0.0379412
T: 0.0487326 Q: -0.0343936
T: 0.0487326 Q: -0.0239642
T: 0.0330132 Q: -0.031978
T: 0.00205206 Q: 1.18031
T: -0.0432101 Q: 1.37873
T: -0.101398 Q: -0.0183907
T: -0.170744 Q: -0.0286851
T: -0.24914 Q: -0.014747
T: -0.334205 Q: -0.0233224
T: -0.423354 Q: -0.0195178
500000/654680
Sec_Event 23426859 N50: 28
T: -0.303806 Q: -0.00558018
T: -0.412039 Q: -0.00496737
T: -0.515314 Q: -0.00545994
T: -0.610493 Q: 0.894476
T: -0.694684 Q: -0.00549219
T: -0.765329 Q: -0.00380518
T: -0.82028 Q: -0.00324846
T: -0.857869 Q: 0.982784
T: -0.876954 Q: -0.00342254
T: -0.876954 Q: -0.00280171
T: -0.857869 Q: -0.00326104
T: -0.82028 Q: 1.03492
T: -0.765329 Q: -0.00541163
T: -0.694684 Q: -0.00669181
T: -0.610493 Q: -0.00875461
T: -0.515314 Q: -0.00662744
T: -0.412039 Q: -0.0032445
T: -0.303806 Q: -0.00643833
T: -0.193903 Q: -0.00518324
T: -0.0856691 Q: -0.00379203
T: 0.0176061 Q: 1.02383
T: 0.112785 Q: -0.00363653
T: 0.196976 Q: -0.00524538
T: 0.26762 Q: -0.00965099
T: 0.322572 Q: -0.00487427
T: 0.360161 Q: 1.9373
T: 0.379245 Q: 0.978359
T: 0.379245 Q: -0.0068002
T: 0.360161 Q: -0.00347375
T: 0.322572 Q: -0.00401724
T: 0.26762 Q: -0.00483134
T: 0.196976 Q: -0.00534548
T: 0.112785 Q: 1.01133
T: 0.0176061 Q: 0.887627
T: -0.0856691 Q: -0.00371319
T: -0.193903 Q: -0.00448698
Sec_Event 24370011 N50: 31
T: 0.602211 Q: -0.00733285
T: 0.541981 Q: -0.00867166
T: 0.484511 Q: -0.00930813
T: 0.431546 Q: -0.0120128
T: 0.384696 Q: 1.06386
T: 0.345384 Q: -0.0123336
T: 0.314804 Q: 2.16354
T: 0.293887 Q: -0.020619
T: 0.283267 Q: -0.0185924
T: 0.283267 Q: -0.0342202
T: 0.293887 Q: -0.0266545
T: 0.314804 Q: -0.0339195
T: 0.345384 Q: -0.0357501
T: 0.384696 Q: -0.0396729
T: 0.431546 Q: -0.0555688
T: 0.484511 Q: 1.02686
T: 0.541981 Q: 1.2083
T: 0.602211 Q: -0.0708708
T: 0.663369 Q: -0.0782118
T: 0.723599 Q: -0.087377
T: 0.781069 Q: -0.0743593
T: 0.834034 Q: 1.42387
T: 0.880884 Q: -0.0730879
T: 0.920196 Q: 1.23896
T: 0.950776 Q: -0.0543345
T: 0.971693 Q: 1.16177
T: 0.982313 Q: 1.23519
T: 0.982313 Q: -0.0497364
T: 0.971693 Q: -0.0502074
T: 0.950776 Q: -0.0387419
T: 0.920196 Q: -0.023134
T: 0.880884 Q: -0.0140471
T: 0.834034 Q: 0.986633
T: 0.781069 Q: 2.2925
T: 0.723599 Q: 0.964874
T: 0.663369 Q: -0.00752396
Sec_Event 24966371 N50: 38
T: -0.114478 Q: 1.42262
T: -0.229013 Q: 1.58998
T: -0.338301 Q: -0.0464351
T: -0.439021 Q: 2.64538
T: -0.528113 Q: 1.17198
T: -0.602871 Q: -0.047893
T: -0.661021 Q: -0.0347875
T: -0.700799 Q: -0.0329066
T: -0.720994 Q: 2.28917
T: -0.720994 Q: 2.57858
T: -0.700799 Q: -0.0280826
T: -0.661021 Q: 2.23992
T: -0.602871 Q: -0.0287444
T: -0.528113 Q: 2.17743
T: -0.439021 Q: -0.0292291
T: -0.338301 Q: -0.0150967
T: -0.229013 Q: -0.013848
T: -0.114478 Q: 1.04398
T: 0.00182314 Q: 1.16711
T: 0.116358 Q: -0.0178194
T: 0.225646 Q: -0.0197178
T: 0.326366 Q: -0.02617
T: 0.415458 Q: -0.0228637
T: 0.490215 Q: -0.0361417
T: 0.548366 Q: -0.0364737
T: 0.588144 Q: -0.0393271
T: 0.608339 Q: 1.08136
T: 0.608339 Q: -0.0437913
T: 0.588144 Q: -0.0547064
T: 0.548366 Q: 0.959955
T: 0.490215 Q: -0.0467867
T: 0.415458 Q: 1.10157
T: 0.326366 Q: 2.42899
T: 0.225646 Q: -0.0444193
T: 0.116358 Q: -0.0357496
T: 0.00182314 Q: -0.0375042
Sec_Event 25448341 N50: 26
T: -0.690765 Q: 1.14869
T: -0.742136 Q: 1.0876
T: -0.791154 Q: -0.00525936
T: -0.836329 Q: -0.0060672
T: -0.876288 Q: -0.00490556
T: -0.909818 Q: -0.00716461
T: -0.9359 Q: -0.002823
T: -0.953741 Q: -0.00258295
T: -0.962799 Q: -0.00537263
T: -0.962799 Q: -0.00286285
T: -0.953741 Q: -0.00371323
T: -0.9359 Q: 1.11383
T: -0.909818 Q: 1.16343
T: -0.876288 Q: -0.00402705
T: -0.836329 Q: -0.00507603
T: -0.791154 Q: -0.00462521
T: -0.742136 Q: -0.00620581
T: -0.690765 Q: 0.946522
T: -0.638602 Q: -0.00325388
T: -0.587231 Q: -0.001979
T: -0.538214 Q: -0.00303288
T: -0.493039 Q: -0.00266541
T: -0.45308 Q: -0.00186348
T: -0.41955 Q: -0.00212917
T: -0.393468 Q: 0.971466
T: -0.375627 Q: -0.0028011
T: -0.366569 Q: -0.00449481
T: -0.366569 Q: -0.00334
T: -0.375627 Q: -0.00473104
T: -0.393468 Q: -0.00532023
T: -0.41955 Q: -0.00805097
T: -0.45308 Q: -0.00848113
T: -0.493039 Q: -0.0107567
T: -0.538214 Q: 1.03636
T: -0.587231 Q: -0.0130876
T: -0.638602 Q: -0.00940106
Sec_Event 26100175 N50: 38
T: 0.116497 Q: -0.0461095
T: 0.00479557 Q: -0.0391536
T: -0.101789 Q: -0.0472422
T: -0.200018 Q: 1.10459
T: -0.286906 Q: -0.0450393
T: -0.359814 Q: -0.0502249
T: -0.416526 Q: 1.25342
T: -0.45532 Q: -0.0473391
T: -0.475016 Q: 2.38485
T: -0.475016 Q: -0.044219
T: -0.45532 Q: -0.0393521
T: -0.416526 Q: -0.0332728
T: -0.359814 Q: 1.07832
T: -0.286906 Q: -0.0252409
T: -0.200018 Q: -0.0179082
T: -0.101789 Q: 1.05282
T: 0.00479557 Q: -0.0168995
T: 0.116497 Q: -0.0139259
T: 0.229922 Q: -0.0143877
T: 0.341624 Q: -0.0233486
T: 0.448208 Q: 1.21475
T: 0.546437 Q: 0.97676
T: 0.633325 Q: -0.0386267
T: 0.706233 Q: -0.0402461
T: 0.762946 Q: -0.0351661
T: 0.801739 Q: -0.0334312
T: 0.821435 Q: 3.32355
T: 0.821435 Q: -0.0361282
T: 0.801739 Q: -0.03325
T: 0.762946 Q: -0.039149
T: 0.706233 Q: -0.0587149
T: 0.633325 Q: -0.0651743
T: 0.546437 Q: 1.09784
T: 0.448208 Q: -0.0595507
T: 0.341624 Q: -0.0489044
T: 0.229922 Q: -0.0471775
Sec_Event 26524868 N50: 42
T: 0.552241 Q: 1.07313
T: 0.481982 Q: -0.0309072
T: 0.414942 Q: -0.0287751
T: 0.353157 Q: 1.38898
T: 0.298505 Q: 1.24737
T: 0.252646 Q: 1.11915
T: 0.216974 Q: -0.0330247
T: 0.192574 Q: -0.038533
T: 0.180185 Q: 1.12835
T: 0.180185 Q: 1.41309
T: 0.192574 Q: 1.1406
T: 0.216974 Q: -0.0310861
T: 0.252646 Q: -0.043365
T: 0.298505 Q: -0.0289769
T: 0.353157 Q: 1.09765
T: 0.414942 Q: 1.15883
T: 0.481982 Q: 1.06707
T: 0.552241 Q: -0.0242055
T: 0.623585 Q: -0.022696
T: 0.693844 Q: 1.06543
T: 0.760885 Q: 1.34857
T: 0.82267 Q: 1.27241
T: 0.877321 Q: 1.07191
T: 0.92318 Q: 1.25493
T: 0.958852 Q: 1.12223
T: 0.983252 Q: 1.11996
T: 0.995641 Q: 2.74658
T: 0.995641 Q: 1.30857
T: 0.983252 Q: -0.00770576
T: 0.958852 Q: -0.00956608
T: 0.92318 Q: -0.0117553
T: 0.877321 Q: 1.11062
T: 0.82267 Q: 2.45344
T: 0.760885 Q: -0.0197776
T: 0.693844 Q: -0.0254114
T: 0.623585 Q: -0.028702
Sec_Event 26535534 N50: 25
T: 0.0487329 Q: -0.00327477
T: -0.0649477 Q: -0.00543133
T: -0.17342 Q: 1.21875
T: -0.27339 Q: 1.28763
T: -0.361817 Q: -0.00642708
T: -0.436017 Q: -0.0134135
T: -0.493734 Q: -0.0125594
T: -0.533215 Q: -0.0149409
T: -0.55326 Q: -0.0213148
T: -0.55326 Q: -0.0198279
T: -0.533215 Q: 1.32834
T: -0.493734 Q: -0.0391191
T: -0.436017 Q: -0.0338083
T: -0.361817 Q: 1.24655
T: -0.27339 Q: 1.5948
T: -0.17342 Q: -0.0443177
T: -0.0649477 Q: -0.0392546
T: 0.0487329 Q: -0.0452511
T: 0.164167 Q: -0.0522441
T: 0.277848 Q: -0.0519213
T: 0.386321 Q: 1.34525
T: 0.48629 Q: -0.0687337
T: 0.574718 Q: -0.0723927
T: 0.648917 Q: -0.0984207
T: 0.706635 Q: 1.72674
T: 0.746115 Q: -0.0706771
T: 0.76616 Q: -0.0615682
T: 0.76616 Q: -0.0658143
T: 0.746115 Q: -0.0587998
T: 0.706635 Q: -0.0291344
T: 0.648917 Q: -0.0130133
T: 0.574718 Q: -0.0098094
T: 0.48629 Q: -0.0122112
T: 0.386321 Q: 1.25861
T: 0.277848 Q: -0.00459959
T: 0.164167 Q: 1.22012
Sec_Event 27818512 N50: 33
Sec_Event 27910289 N50: 42
T: 0.0736075 Q: 2.1151
T: -0.0394586 Q: -0.0048013
T: -0.147345 Q: -0.00319089
T: -0.246774 Q: -0.00225198
T: -0.334723 Q: -0.00325244
T: -0.408522 Q: -0.00417985
T: -0.465927 Q: -0.00430839
T: -0.505195 Q: 2.05058
T: -0.525131 Q: 1.34649
T: -0.525131 Q: -0.0027671
T: -0.505195 Q: -0.00528941
T: -0.465927 Q: 1.14754
T: -0.408522 Q: 1.08278
T: -0.334723 Q: -0.0046149
T: -0.246774 Q: -0.00343124
T: -0.147345 Q: -0.00281923
T: -0.0394586 Q: 1.32178
T: 0.0736075 Q: -0.0025536
T: 0.188418 Q: -0.00562891
T: 0.301484 Q: -0.00293242
T: 0.40937 Q: -0.0047675
T: 0.508799 Q: -0.0039249
T: 0.596749 Q: -0.00726717
T: 0.670547 Q: 1.02525
T: 0.727953 Q: -0.00904918
T: 0.76722 Q: -0.00893507
T: 0.787157 Q: -0.00796653
T: 0.787157 Q: -0.0149621
T: 0.76722 Q: -0.00975447
T: 0.727953 Q: 1.86515
T: 0.670547 Q: -0.0090908
T: 0.596749 Q: 1.02569
T: 0.508799 Q: -0.0041525
T: 0.40937 Q: -0.00336653
T: 0.301484 Q: -0.00916182
T: 0.188418 Q: 1.1685
600000/654680
Sec_Event 28714773 N50: 33
T: 0.456046 Q: -0.0369144
T: 0.370962 Q: 1.10854
T: 0.289776 Q: -0.0263639
T: 0.214954 Q: -0.0239554
T: 0.14877 Q: -0.0198435
T: 0.093235 Q: -0.0149778
T: 0.0500365 Q: -0.0149723
T: 0.0204871 Q: 1.18903
T: 0.0054844 Q: 0.991064
T: 0.0054844 Q: -0.00825377
T: 0.0204871 Q: -0.0068119
T: 0.0500365 Q: -0.0048488
T: 0.093235 Q: -0.00352383
T: 0.14877 Q: -0.00525344
T: 0.214954 Q: -0.00380059
T: 0.289776 Q: -0.00399285
T: 0.370962 Q: -0.00571347
T: 0.456046 Q: -0.00261678
T: 0.542443 Q: -0.00615871
T: 0.627528 Q: -0.00453684
T: 0.708714 Q: 1.01345
T: 0.783536 Q: -0.0142478
T: 0.84972 Q: -0.013767
T: 0.905255 Q: 0.704898
T: 0.948453 Q: 1.9876
T: 0.978003 Q: 1.17387
T: 0.993006 Q: 1.12457
T: 0.993006 Q: -0.0239721
T: 0.978003 Q: -0.0285325
T: 0.948453 Q: -0.0223142
T: 0.905255 Q: -0.0302744
T: 0.84972 Q: -0.0383663
T: 0.783536 Q: -0.0476794
T: 0.708714 Q: -0.0526367
T: 0.627528 Q: 0.961783
T: 0.542443 Q: 0.982782
Sec_Event 28945407 N50: 37
T: -0.0453063 Q: -0.0471471
T: -0.160154 Q: -0.0420288
T: -0.26974 Q: -0.056236
T: -0.370735 Q: -0.046788
T: -0.460071 Q: -0.0299416
T: -0.535032 Q: -0.017715
T: -0.593342 Q: -0.0129268
T: -0.633228 Q: -0.0119679
T: -0.653479 Q: -0.011385
T: -0.653479 Q: -0.0114972
T: -0.633228 Q: -0.0129108
T: -0.593342 Q: -0.0143959
T: -0.535032 Q: -0.0179131
T: -0.460071 Q: -0.0227603
T: -0.370735 Q: -0.026316
T: -0.26974 Q: 1.19279
T: -0.160154 Q: -0.0247161
T: -0.0453063 Q: 2.35798
T: 0.071313 Q: -0.0264381
T: 0.186161 Q: 1.23959
T: 0.295747 Q: -0.0241991
T: 0.396742 Q: 1.02654
T: 0.486078 Q: -0.0466598
T: 0.561039 Q: -0.0535418
T: 0.619349 Q: -0.0804503
T: 0.659235 Q: 1.16232
T: 0.679486 Q: -0.0743075
T: 0.679486 Q: 1.11896
T: 0.659235 Q: -0.0942089
T: 0.619349 Q: -0.09012
T: 0.561039 Q: 1.08407
T: 0.486078 Q: 1.17288
T: 0.396742 Q: -0.0581485
T: 0.295747 Q: 1.33207
T: 0.186161 Q: 1.08321
T: 0.071313 Q: -0.0401631
Sec_Event 29056821 N50: 42
Sec_Event 29056821 N50: 40
Sec_Event 29056821 N50: 79
Sec_Event 29056821 N50: 37
T: -0.471068 Q: -0.02622
T: -0.565496 Q: -0.0320206
T: -0.655599 Q: -0.0333529
T: -0.738638 Q: -0.0306444
T: -0.81209 Q: -0.0270997
T: -0.873724 Q: -0.0204646
T: -0.921666 Q: -0.0185174
T: -0.954461 Q: -0.0148048
T: -0.971111 Q: 1.11464
T: -0.971111 Q: 1.22818
T: -0.954461 Q: 2.66189
T: -0.921666 Q: 1.3764
T: -0.873724 Q: 2.52456
T: -0.81209 Q: 2.66743
T: -0.738638 Q: -0.0269619
T: -0.655599 Q: -0.0305685
T: -0.565496 Q: -0.032259
T: -0.471068 Q: -0.0251551
T: -0.375183 Q: -0.0282095
T: -0.280754 Q: -0.017133
T: -0.190652 Q: 1.49857
T: -0.107613 Q: -0.018872
T: -0.0341606 Q: 1.37788
T: 0.0274731 Q: 1.5225
T: 0.0754157 Q: -0.0232693
T: 0.10821 Q: -0.0264296
T: 0.124861 Q: -0.0231814
T: 0.124861 Q: -0.0298827
T: 0.10821 Q: -0.0263776
T: 0.0754157 Q: 1.7656
T: 0.0274731 Q: -0.0260076
T: -0.0341606 Q: -0.0229382
T: -0.107613 Q: 1.55219
T: -0.190652 Q: 1.382
T: -0.280754 Q: 1.42771
T: -0.375183 Q: -0.0265881
Sec_Event 29056821 N50: 60
T: 0.2632 Q: -0.00582043
T: 0.159235 Q: -0.00637565
T: 0.0600334 Q: -0.00596328
T: -0.0313915 Q: -0.00475976
T: -0.112261 Q: 2.34428
T: -0.180119 Q: 2.40895
T: -0.232904 Q: -0.00640147
T: -0.26901 Q: -0.00587316
T: -0.287342 Q: -0.00938593
T: -0.287342 Q: -0.00470559
T: -0.26901 Q: -0.00783751
T: -0.232904 Q: -0.0101664
T: -0.180119 Q: 1.28541
T: -0.112261 Q: 1.07525
T: -0.0313915 Q: -0.00938327
T: 0.0600334 Q: -0.00679007
T: 0.159235 Q: -0.0115913
T: 0.2632 Q: -0.0089011
T: 0.368768 Q: 1.11917
T: 0.472732 Q: 3.42194
T: 0.571934 Q: -0.019552
T: 0.663359 Q: -0.0192222
T: 0.744229 Q: -0.0323724
T: 0.812087 Q: 2.92082
T: 0.864871 Q: -0.0299178
T: 0.900978 Q: -0.0308215
T: 0.919309 Q: -0.0220898
T: 0.919309 Q: 1.16806
T: 0.900978 Q: -0.0287118
T: 0.864871 Q: -0.0312365
T: 0.812087 Q: 1.1871
T: 0.744229 Q: -0.0233853
T: 0.663359 Q: 2.2382
T: 0.571934 Q: -0.013048
T: 0.472732 Q: -0.0118209
T: 0.368768 Q: -0.00719246
Sec_Event 29056821 N50: 30
T: 0.555508 Q: -0.017184
T: 0.485845 Q: 1.06678
T: 0.419374 Q: 1.11906
T: 0.358113 Q: -0.015774
T: 0.303925 Q: -0.0178539
T: 0.258456 Q: -0.0189426
T: 0.223087 Q: -0.019089
T: 0.198894 Q: 1.10688
T: 0.18661 Q: -0.0239295
T: 0.18661 Q: -0.0200446
T: 0.198894 Q: -0.0209289
T: 0.223087 Q: -0.0285824
T: 0.258456 Q: -0.0352041
T: 0.303925 Q: -0.0295094
T: 0.358113 Q: -0.0332587
T: 0.419374 Q: -0.0458943
T: 0.485845 Q: -0.048065
T: 0.555508 Q: -0.0512943
T: 0.626245 Q: 1.41774
T: 0.695908 Q: 1.10366
T: 0.76238 Q: -0.041194
T: 0.82364 Q: 1.01651
T: 0.877828 Q: 1.10043
T: 0.923297 Q: 1.26949
T: 0.958666 Q: 1.28699
T: 0.98286 Q: -0.0199343
T: 0.995143 Q: -0.0250085
T: 0.995143 Q: -0.0188854
T: 0.98286 Q: -0.0199155
T: 0.958666 Q: 1.15239
T: 0.923297 Q: -0.0248968
T: 0.877828 Q: 1.33777
T: 0.82364 Q: 1.02017
T: 0.76238 Q: -0.0243597
T: 0.695908 Q: -0.0245824
T: 0.626245 Q: -0.0228798
Sec_Event 29056821 N50: 39
T: 0.475089 Q: -0.0351481
T: 0.392574 Q: -0.0296557
T: 0.313839 Q: 1.17297
T: 0.241277 Q: 1.3495
T: 0.177092 Q: -0.0221104
T: 0.123234 Q: -0.0228407
T: 0.08134 Q: 1.17237
T: 0.0526829 Q: -0.0167841
T: 0.0381333 Q: 1.124
T: 0.0381333 Q: -0.0130911
T: 0.0526829 Q: -0.0134169
T: 0.08134 Q: -0.0174937
T: 0.123234 Q: -0.0163142
T: 0.177092 Q: 1.1951
T: 0.241277 Q: 1.36162
T: 0.313839 Q: -0.0186276
T: 0.392574 Q: 1.09659
T: 0.475089 Q: -0.0186006
T: 0.558877 Q: 1.16079
T: 0.641391 Q: -0.0238054
T: 0.720126 Q: -0.0276534
T: 0.792688 Q: 2.62987
T: 0.856874 Q: -0.0304358
T: 0.910731 Q: -0.0237799
T: 0.952625 Q: -0.0229865
T: 0.981282 Q: -0.0236316
T: 0.995832 Q: 1.04105
T: 0.995832 Q: -0.0212439
T: 0.981282 Q: -0.020611
T: 0.952625 Q: -0.0244244
T: 0.910731 Q: 1.15227
T: 0.856874 Q: 1.25221
T: 0.792688 Q: -0.0438592
T: 0.720126 Q: -0.05244
T: 0.641391 Q: -0.0491035
T: 0.558877 Q: -0.0363013
Sec_Event 29056821 N50: 31
Sec_Event 29056821 N50: 43
T: -0.0166253 Q: -0.0134641
T: -0.13131 Q: 1.43896
T: -0.240742 Q: 1.5289
T: -0.341594 Q: 1.44009
T: -0.430803 Q: -0.0132166
T: -0.505658 Q: -0.0116928
T: -0.563885 Q: 2.40159
T: -0.603715 Q: 1.18768
T: -0.623937 Q: 1.35457
T: -0.623937 Q: -0.0228444
T: -0.603715 Q: -0.0218722
T: -0.563885 Q: 1.23283
T: -0.505658 Q: -0.0212517
T: -0.430803 Q: 1.23992
T: -0.341594 Q: 1.26448
T: -0.240742 Q: -0.013734
T: -0.13131 Q: 2.73832
T: -0.0166253 Q: 1.22131
T: 0.099829 Q: -0.0173887
T: 0.214514 Q: 1.28496
T: 0.323945 Q: -0.0156332
T: 0.424798 Q: -0.0221856
T: 0.514007 Q: -0.035847
T: 0.588862 Q: 1.15573
T: 0.647089 Q: 1.1517
T: 0.686919 Q: 1.39226
T: 0.707141 Q: 1.07383
T: 0.707141 Q: -0.0504624
T: 0.686919 Q: -0.026041
T: 0.647089 Q: 1.07336
T: 0.588862 Q: 2.57979
T: 0.514007 Q: -0.0145773
T: 0.424798 Q: 2.51811
T: 0.323945 Q: 4.05583
T: 0.214514 Q: -0.0101533
T: 0.099829 Q: -0.0101225
Sec_Event 29548228 N50: 29
T: -0.342496 Q: -0.0208525
T: -0.448335 Q: -0.030548
T: -0.549326 Q: -0.0265241
T: -0.642399 Q: -0.0256396
T: -0.724728 Q: 1.54364
T: -0.793809 Q: -0.019383
T: -0.847545 Q: 2.9078
T: -0.884303 Q: 2.70817
T: -0.902965 Q: -0.013877
T: -0.902965 Q: 1.33832
T: -0.884303 Q: -0.0144922
T: -0.847545 Q: -0.0119654
T: -0.793809 Q: -0.0126651
T: -0.724728 Q: -0.00971819
T: -0.642399 Q: -0.00418245
T: -0.549326 Q: 2.5568
T: -0.448335 Q: -0.00293367
T: -0.342496 Q: -0.00642707
T: -0.235024 Q: -0.00242555
T: -0.129185 Q: -0.0039606
T: -0.0281943 Q: 1.35311
T: 0.0648792 Q: -0.00401777
T: 0.147207 Q: -0.00255382
T: 0.216289 Q: -0.00379059
T: 0.270025 Q: -0.00397534
T: 0.306783 Q: 1.43077
T: 0.325445 Q: -0.00435544
T: 0.325445 Q: -0.00813376
T: 0.306783 Q: 1.20345
T: 0.270025 Q: 3.92641
T: 0.216289 Q: -0.0103085
T: 0.147207 Q: -0.0172719
T: 0.0648792 Q: -0.011046
T: -0.0281943 Q: -0.0146641
T: -0.129185 Q: -0.0172104
T: -0.235024 Q: -0.0138683
Sec_Event 29548228 N50: 32
T: -0.24758 Q: -0.0040697
T: -0.358577 Q: 1.14474
T: -0.46449 Q: -0.00910691
T: -0.562099 Q: -0.00849423
T: -0.64844 Q: -0.0100417
T: -0.720888 Q: 0.834568
T: -0.777243 Q: 1.04131
T: -0.815792 Q: -0.013805
T: -0.835363 Q: -0.0111981
T: -0.835363 Q: -0.0135955
T: -0.815792 Q: -0.0134938
T: -0.777243 Q: -0.0146303
T: -0.720888 Q: 1.06339
T: -0.64844 Q: -0.0188051
T: -0.562099 Q: -0.0240897
T: -0.46449 Q: -0.0231432
T: -0.358577 Q: -0.0236204
T: -0.24758 Q: 0.976759
T: -0.13487 Q: -0.0148963
T: -0.0238732 Q: -0.0180193
T: 0.0820392 Q: 1.10983
T: 0.179649 Q: -0.0177297
T: 0.265989 Q: -0.0182091
T: 0.338437 Q: -0.0170076
T: 0.394792 Q: -0.0234942
T: 0.433341 Q: 0.90911
T: 0.452913 Q: -0.0173997
T: 0.452913 Q: -0.0130144
T: 0.433341 Q: -0.0112317
T: 0.394792 Q: 0.926236
T: 0.338437 Q: 1.07789
T: 0.265989 Q: 1.15134
T: 0.179649 Q: 1.01111
T: 0.0820392 Q: -0.00473736
T: -0.0238732 Q: 2.28872
T: -0.13487 Q: 1.14253
Sec_Event 30670724 N50: 41
T: -0.176859 Q: -0.00582111
T: -0.290234 Q: 0.907367
T: -0.398416 Q: -0.00715951
T: -0.498116 Q: -0.00542861
T: -0.586307 Q: 3.12735
T: -0.660307 Q: -0.00217825
T: -0.71787 Q: -0.00148604
T: -0.757245 Q: -0.00138568
T: -0.777236 Q: -0.00098323
T: -0.777236 Q: 1.04546
T: -0.757245 Q: -0.00108017
T: -0.71787 Q: -0.00122267
T: -0.660307 Q: -0.00121703
T: -0.586307 Q: 1.2234
T: -0.498116 Q: 1.91157
T: -0.398416 Q: -0.000595818
T: -0.290234 Q: -0.00206732
T: -0.176859 Q: -0.000940698
T: -0.061734 Q: -0.000312348
T: 0.0516415 Q: 1.09315
T: 0.159823 Q: -0.000582147
T: 0.259524 Q: -0.000943871
T: 0.347714 Q: -0.00208752
T: 0.421715 Q: -0.0017952
T: 0.479277 Q: 1.30981
T: 0.518652 Q: -0.00242333
T: 0.538643 Q: -0.00265522
T: 0.538643 Q: 0.910587
T: 0.518652 Q: -0.00382454
T: 0.479277 Q: 0.936829
T: 0.421715 Q: 1.0258
T: 0.347714 Q: -0.0141214
T: 0.259524 Q: -0.00927821
T: 0.159823 Q: -0.00915662
T: 0.0516415 Q: 1.11447
T: -0.061734 Q: 1.11154
Sec_Event 30704626 N50: 44
T: 0.393649 Q: -0.0032986
T: 0.301151 Q: 0.910673
T: 0.21289 Q: -0.00107375
T: 0.131549 Q: -0.00120322
T: 0.0595979 Q: 1.10005
T: -0.000775929 Q: -0.00129016
T: -0.0477384 Q: 0.9983
T: -0.0798627 Q: 0.95678
T: -0.0961726 Q: -0.000936633
T: -0.0798627 Q: -0.000647701
T: -0.0477384 Q: -0.000412584
T: -0.000775929 Q: 1.26224
T: 0.0595979 Q: 1.41204
T: 0.21289 Q: -0.00100246
T: 0.393649 Q: 1.12677
T: 0.487574 Q: -0.000258616
T: 0.580072 Q: -0.000693964
T: 0.668333 Q: -0.00126594
T: 0.749674 Q: 0.837137
T: 0.821625 Q: -0.00207919
T: 0.881999 Q: -0.00391078
T: 0.928961 Q: -0.0122908
T: 0.961085 Q: 0.684001
T: 0.977395 Q: 0.73423
T: 0.977395 Q: 1.57028
T: 0.961085 Q: 0.807396
T: 0.928961 Q: 0.689504
T: 0.881999 Q: -0.0320861
T: 0.821625 Q: 0.73476
T: 0.749674 Q: -0.00995042
T: 0.668333 Q: 1.80924
T: 0.580072 Q: -0.00526882
T: 0.487574 Q: 0.795323

gestpm: TOTAL NUMBER PMT: WALL; TOP; BOTTOM; ALL  7650  1748  1748 11146
 *****************************
 * This is for SK-VI map      *
 *****************************
 findconsts: connection table file: /home/licheng/local/skofl/const//connection.super.dat
gexyz: PMT # FOR EACH SECTION       1  7650  7651  9398  9399 11146
gexyz: maxpm,nlwal     11146      7650
 findconsts: connection table1 file: /home/licheng/local/skofl/const//connection.super.dat
 findconsts: connection table2 file: /home/licheng/local/skofl/const//connection.super.sk-5.dat
 findfile: checking /home/licheng/local/skofl/const//misch3.dat
 findfile: found /home/licheng/local/skofl/const//misch3.dat
 findconsts: mis channel file: /home/licheng/local/skofl/const//misch3.dat
 findfile: checking /home/licheng/local/skofl/const//skpmt_sk5.dat
 findfile: found /home/licheng/local/skofl/const//skpmt_sk5.dat
 findconsts: pmt file: /home/licheng/local/skofl/const//skpmt_sk5.dat
gestpma: TOTAL NUMBER anti PMT: WALL; TOP; BOTTOM; ALL  1275   302   308  1885
gexyza: anti PMT # FOR EACH SECTION       1  1275  1276  1577  1578  1885
 maxpma,nlwala      1885      1275
 skbadch: log_level =            0
 findconsts: badch.090419 file: /home/licheng/local/skofl/const//badch/badch.090419
 findconsts: bad channel file: /home/licheng/local/skofl/const//badch.dat
 findconsts: badch.090419 file: /home/licheng/local/skofl/const//badch/badch.090419
 skdark: log_level =            0
 findconsts: darkr.090419.root file: /home/licheng/local/skofl/const//darkr/darkr.090419.root
 findconsts: badsub SK-I 1 file: /home/licheng/local/skofl/const//lowe/badsub.sk.r1742-3051.r3208-3608
 nbad 1 =         1851
 findconsts: badsub SK-I 2 file: /home/licheng/local/skofl/const//lowe/badsub.sk.realtim
 nbad 2 =        17511
 findconsts: badsub SK-I 3 file: /home/licheng/local/skofl/const//lowe/badsub.sk.manual.1260day
 nbad 3 =        21939
 findconsts: badsub SK-I 4 file: /home/licheng/local/skofl/const//lowe/badsub.sk.sle.1260day
 nbad 4 =        28004
 findconsts: badsub SK-I 5 file: /home/licheng/local/skofl/const//lowe/badsub.sk.manual
 nbad 5 =        28105
 findconsts: badsub SK-I 6 file: /home/licheng/local/skofl/const//lowe/badsub.sk.sle
 nbad 6 =        28105
 findconsts: badsub SK-II 1 file: /home/licheng/local/skofl/const//lowe/badsub.sk2.manual
 nbad_sk2 SK-II 1 =        27759
 findconsts: badsub SK-III 1 file: /home/licheng/local/skofl/const//lowe/badsub.sk3.manual
 nbad_sk3 SK-III 1 =         4149
 findconsts: badsub SK-IV file: /home/licheng/local/skofl/const//lowe/badsub.sk4.manual
 nbad_sk4 SK-IV =        66921
 read local badsub.sk5.manual.local
 nbad_sk5 SK-V =         2595
 read local badsub.sk6.manual.local
 nbad_sk6 SK-VI (Gd) =         7717
 findconsts: skcoverage_barrel file: /home/licheng/local/skofl/const//lowe/skcov_b_p3.dat
 findconsts: nearest neighbor file: /home/licheng/local/skofl/const//neighb.dat
 neighbsk: reading neighbor file /home/licheng/local/skofl/const//neighb.dat
 findconsts: skcoverage_sk4_final file: /home/licheng/local/skofl/const//lowe/skcov_c_p3.dat
