Output file: output/wt_090463.root input file:/disk03/lowe10/sk7/sle/lomugd.090463.root
 Id of this manager : 10
InitReadRoot: total = 416463
RUNINFO found in the rare list
SK geometry setting: 6
***** Dummy rgetvalue was called. (Remote File Access is not supported) *****
==========WT:========== 13437.3 13815.7 12535.3
0/416463
Sec_Event 1074855 N50: 25
T: 0.537594 Q: -0.0116796
T: 0.464747 Q: -0.00902152
T: 0.395238 Q: 1.89035
T: 0.331177 Q: -0.00549591
T: 0.274512 Q: -0.00415344
T: 0.226965 Q: 1.10319
T: 0.189979 Q: -0.00152962
T: 0.16468 Q: 1.31896
T: 0.151835 Q: -0.00172039
T: 0.151835 Q: 0.969528
T: 0.16468 Q: -0.000884049
T: 0.189979 Q: -0.00116972
T: 0.226965 Q: -0.00072551
T: 0.274512 Q: -0.00152921
T: 0.331177 Q: -0.00145456
T: 0.395238 Q: -0.00122206
T: 0.464747 Q: -0.000768392
T: 0.537594 Q: -0.00392056
T: 0.611565 Q: 1.05996
T: 0.684412 Q: -0.00820166
T: 0.753922 Q: -0.00352478
T: 0.817982 Q: -0.0064006
T: 0.874647 Q: -0.0120524
T: 0.922194 Q: -0.021927
T: 0.95918 Q: -0.017291
T: 0.984479 Q: -0.0137042
T: 0.997324 Q: -0.015139
T: 0.997324 Q: -0.0138403
T: 0.984479 Q: 1.11735
T: 0.95918 Q: 1.04924
T: 0.922194 Q: -0.0227729
T: 0.874647 Q: -0.0199371
T: 0.817982 Q: 1.1642
T: 0.753922 Q: -0.0368909
T: 0.684412 Q: -0.0268076
T: 0.611565 Q: 2.98631
Sec_Event 1520499 N50: 39
Sec_Event 2044600 N50: 31
T: -0.630443 Q: 1.10675
T: -0.699146 Q: -0.0174299
T: -0.764702 Q: 1.10987
T: -0.825118 Q: -0.00973256
T: -0.87856 Q: -0.0065872
T: -0.923402 Q: -0.00766201
T: -0.958284 Q: -0.00676573
T: -0.982144 Q: 1.23274
T: -0.994258 Q: -0.00529553
T: -0.994258 Q: -0.00584743
T: -0.982144 Q: -0.00601548
T: -0.958284 Q: 1.12563
T: -0.923402 Q: 1.24803
T: -0.87856 Q: 1.2605
T: -0.825118 Q: -0.00971669
T: -0.764702 Q: -0.0112824
T: -0.699146 Q: -0.0111965
T: -0.630443 Q: -0.0114352
T: -0.56068 Q: -0.0110366
T: -0.491977 Q: 1.14622
T: -0.426422 Q: -0.0172786
T: -0.366005 Q: -0.0167068
T: -0.312564 Q: -0.0173399
T: -0.267721 Q: -0.021965
T: -0.23284 Q: -0.021643
T: -0.208979 Q: -0.0245968
T: -0.196865 Q: 1.13818
T: -0.196865 Q: -0.0296981
T: -0.208979 Q: -0.0319143
T: -0.23284 Q: -0.0364441
T: -0.267721 Q: 2.63347
T: -0.312564 Q: 1.59574
T: -0.366005 Q: -0.0398832
T: -0.426422 Q: -0.0384113
T: -0.491977 Q: 3.43366
T: -0.56068 Q: -0.0302957
Sec_Event 2516712 N50: 37
T: -0.696189 Q: 1.09439
T: -0.745512 Q: -0.00860235
T: -0.792574 Q: -0.00916184
T: -0.835947 Q: -0.0076167
T: -0.874313 Q: -0.00691012
T: -0.906506 Q: -0.00664236
T: -0.931547 Q: -0.00695937
T: -0.948676 Q: 2.23092
T: -0.957373 Q: 1.12182
T: -0.957373 Q: -0.00575043
T: -0.948676 Q: -0.00623864
T: -0.931547 Q: -0.00779699
T: -0.906506 Q: -0.00660054
T: -0.874313 Q: -0.00725848
T: -0.835947 Q: -0.00913569
T: -0.792574 Q: -0.0139472
T: -0.745512 Q: 2.25744
T: -0.696189 Q: -0.0164238
T: -0.646107 Q: -0.0185094
T: -0.596785 Q: -0.0244753
T: -0.549722 Q: 0.970656
T: -0.506349 Q: 1.17335
T: -0.467983 Q: -0.0321946
T: -0.43579 Q: -0.0278185
T: -0.410749 Q: 1.27543
T: -0.39362 Q: 2.58193
T: -0.384923 Q: 1.1125
T: -0.384923 Q: -0.0173399
T: -0.39362 Q: -0.0168463
T: -0.410749 Q: -0.0176243
T: -0.43579 Q: 1.09922
T: -0.467983 Q: -0.0128584
T: -0.506349 Q: -0.0136387
T: -0.549722 Q: -0.0112265
T: -0.596785 Q: 2.05623
T: -0.646107 Q: 1.05191
Sec_Event 2602578 N50: 41
T: 0.624817 Q: 1.20619
T: 0.569897 Q: 2.18387
T: 0.517494 Q: -0.0205305
T: 0.469198 Q: -0.0230185
T: 0.426479 Q: -0.0362507
T: 0.390633 Q: 1.34938
T: 0.362749 Q: -0.0240332
T: 0.343676 Q: 1.37435
T: 0.333992 Q: -0.0331746
T: 0.333992 Q: -0.0369185
T: 0.343676 Q: 1.03774
T: 0.362749 Q: -0.0289594
T: 0.390633 Q: -0.0354563
T: 0.426479 Q: 1.32751
T: 0.469198 Q: -0.0329096
T: 0.517494 Q: -0.0411128
T: 0.569897 Q: -0.022877
T: 0.624817 Q: -0.0248347
T: 0.680583 Q: -0.0177065
T: 0.735503 Q: -0.0153305
T: 0.787906 Q: -0.0141252
T: 0.836201 Q: 1.41358
T: 0.878921 Q: -0.0130356
T: 0.914767 Q: 2.64923
T: 0.94265 Q: 1.49893
T: 0.961724 Q: -0.00601945
T: 0.971407 Q: 1.37255
T: 0.971407 Q: 1.32254
T: 0.961724 Q: 1.08264
T: 0.94265 Q: -0.0058568
T: 0.914767 Q: 1.11915
T: 0.878921 Q: -0.00827196
T: 0.836201 Q: -0.00920824
T: 0.787906 Q: 1.13765
T: 0.735503 Q: 1.21763
T: 0.680583 Q: 4.64284
Sec_Event 3286305 N50: 25
T: 0.733989 Q: -0.0492658
T: 0.722853 Q: 1.97546
T: 0.712226 Q: -0.0323381
T: 0.702432 Q: -0.0151057
T: 0.693769 Q: -0.0144578
T: 0.6865 Q: -0.0072461
T: 0.680846 Q: 1.05827
T: 0.676978 Q: -0.00388036
T: 0.675015 Q: -0.00287191
T: 0.675015 Q: -0.00255116
T: 0.676978 Q: -0.00298279
T: 0.680846 Q: -0.00323477
T: 0.6865 Q: -0.00253062
T: 0.693769 Q: 1.17158
T: 0.702432 Q: 1.135
T: 0.712226 Q: -0.00245428
T: 0.722853 Q: -0.00445097
T: 0.733989 Q: -0.0057402
T: 0.745298 Q: -0.00714818
T: 0.756435 Q: -0.0119368
T: 0.767061 Q: -0.0140254
T: 0.776855 Q: -0.0277779
T: 0.785518 Q: -0.0382993
T: 0.792787 Q: -0.043367
T: 0.798441 Q: 1.22866
T: 0.802309 Q: -0.0552626
T: 0.804273 Q: -0.0451397
T: 0.804273 Q: -0.0559347
T: 0.802309 Q: -0.0572019
T: 0.798441 Q: -0.0529388
T: 0.792787 Q: -0.0506698
T: 0.785518 Q: -0.0555427
T: 0.776855 Q: -0.0565224
T: 0.767061 Q: -0.0568035
T: 0.756435 Q: 2.45314
T: 0.745298 Q: -0.0576804
Sec_Event 3508456 N50: 30
T: -0.159435 Q: 1.23067
T: -0.27322 Q: -0.0107486
T: -0.381793 Q: -0.00978111
T: -0.481854 Q: -0.00988674
T: -0.570363 Q: -0.0193605
T: -0.644631 Q: -0.0202466
T: -0.702401 Q: -0.0251059
T: -0.741918 Q: 0.981349
T: -0.761982 Q: -0.0433258
T: -0.761982 Q: -0.0316759
T: -0.741918 Q: -0.0378062
T: -0.702401 Q: -0.0360814
T: -0.644631 Q: -0.0385513
T: -0.570363 Q: -0.0319888
T: -0.481854 Q: -0.033041
T: -0.381793 Q: -0.0273676
T: -0.27322 Q: 1.27281
T: -0.159435 Q: -0.0297531
T: -0.0438942 Q: 1.52364
T: 0.0698911 Q: -0.0208756
T: 0.178464 Q: -0.0467556
T: 0.278525 Q: -0.0213196
T: 0.367034 Q: -0.0205962
T: 0.441302 Q: -0.0195693
T: 0.499072 Q: -0.0276417
T: 0.538589 Q: -0.0170875
T: 0.558653 Q: 1.51487
T: 0.558653 Q: -0.0205678
T: 0.538589 Q: -0.015735
T: 0.499072 Q: -0.0136234
T: 0.441302 Q: -0.0146649
T: 0.367034 Q: 1.18849
T: 0.278525 Q: -0.00969019
T: 0.178464 Q: -0.0112185
T: 0.0698911 Q: -0.00870663
T: -0.0438942 Q: -0.0101405
Sec_Event 3651261 N50: 40
T: -0.363657 Q: -0.00407378
T: -0.468003 Q: 2.56114
T: -0.567568 Q: 1.16769
T: -0.659329 Q: -0.00923236
T: -0.740495 Q: -0.0140019
T: -0.808602 Q: 1.44768
T: -0.86158 Q: -0.0376041
T: -0.897819 Q: -0.0399916
T: -0.916218 Q: 1.18697
T: -0.916218 Q: -0.0491314
T: -0.897819 Q: 1.09128
T: -0.86158 Q: -0.040613
T: -0.808602 Q: 2.20396
T: -0.740495 Q: 1.25523
T: -0.659329 Q: -0.0358146
T: -0.567568 Q: 2.67279
T: -0.468003 Q: -0.0264229
T: -0.363657 Q: -0.0192905
T: -0.257702 Q: -0.0169475
T: -0.153356 Q: -0.0150121
T: -0.0537905 Q: -0.0138101
T: 0.0379696 Q: -0.0139227
T: 0.119136 Q: -0.0178241
T: 0.187243 Q: 1.09127
T: 0.240221 Q: -0.0135305
T: 0.27646 Q: 1.4403
T: 0.294859 Q: -0.012868
T: 0.294859 Q: -0.0103644
T: 0.27646 Q: -0.00567958
T: 0.240221 Q: 1.2578
T: 0.187243 Q: -0.00796471
T: 0.119136 Q: 2.47143
T: 0.0379696 Q: -0.00269875
T: -0.0537905 Q: -0.00591415
T: -0.153356 Q: -0.00554499
T: -0.257702 Q: -0.00344763
100000/416463
Sec_Event 5236980 N50: 25
T: 0.0540587 Q: -0.0291788
T: -0.0595012 Q: -0.0319351
T: -0.167859 Q: 2.67133
T: -0.267722 Q: -0.0377036
T: -0.356056 Q: -0.0463817
T: -0.430177 Q: -0.0432687
T: -0.487832 Q: -0.0384153
T: -0.527271 Q: -0.0361328
T: -0.547295 Q: -0.0361018
T: -0.547295 Q: -0.0392247
T: -0.527271 Q: -0.0403993
T: -0.487832 Q: -0.0492824
T: -0.430177 Q: 1.1953
T: -0.356056 Q: 1.79592
T: -0.267722 Q: -0.0528587
T: -0.167859 Q: -0.0418775
T: -0.0595012 Q: -0.0402167
T: 0.0540587 Q: -0.0383075
T: 0.16937 Q: -0.0428502
T: 0.28293 Q: -0.0443588
T: 0.391288 Q: -0.0471075
T: 0.491151 Q: -0.0847962
T: 0.579485 Q: 1.30438
T: 0.653606 Q: 1.35353
T: 0.711261 Q: -0.0648552
T: 0.7507 Q: 1.28952
T: 0.770724 Q: -0.049638
T: 0.770724 Q: 1.17978
T: 0.7507 Q: -0.0548126
T: 0.711261 Q: -0.05472
T: 0.653606 Q: -0.0628552
T: 0.579485 Q: -0.0582374
T: 0.491151 Q: -0.0454429
T: 0.391288 Q: 1.24676
T: 0.28293 Q: -0.0274424
T: 0.16937 Q: -0.0214175
Sec_Event 5273844 N50: 31
T: 0.523796 Q: -0.00958093
T: 0.448633 Q: -0.0121293
T: 0.376914 Q: -0.00843996
T: 0.310817 Q: 1.07302
T: 0.252351 Q: -0.00711178
T: 0.203292 Q: 1.03869
T: 0.165131 Q: -0.00605932
T: 0.139028 Q: -0.0112388
T: 0.125774 Q: -0.0095248
T: 0.125774 Q: -0.00760987
T: 0.139028 Q: 1.04908
T: 0.165131 Q: -0.00744744
T: 0.203292 Q: -0.00879061
T: 0.252351 Q: 0.989489
T: 0.310817 Q: -0.0121532
T: 0.376914 Q: -0.0143741
T: 0.448633 Q: -0.0130558
T: 0.523796 Q: 1.26829
T: 0.600118 Q: -0.0214089
T: 0.675281 Q: -0.0192872
T: 0.747 Q: -0.0257171
T: 0.813097 Q: -0.0181942
T: 0.871563 Q: -0.0138549
T: 0.920622 Q: 1.17082
T: 0.958783 Q: 1.04899
T: 0.984886 Q: -0.0106293
T: 0.99814 Q: -0.00992598
T: 0.99814 Q: -0.00897662
T: 0.984886 Q: -0.0136239
T: 0.958783 Q: -0.0115751
T: 0.920622 Q: 1.08473
T: 0.871563 Q: -0.0187691
T: 0.813097 Q: 1.04367
T: 0.747 Q: 0.992704
T: 0.675281 Q: -0.0233476
T: 0.600118 Q: 1.02325
Sec_Event 5412824 N50: 29
T: -0.381767 Q: -0.0398621
T: -0.484725 Q: -0.044127
T: -0.582966 Q: 1.25703
T: -0.673505 Q: -0.0658906
T: -0.753592 Q: 0.85136
T: -0.820793 Q: 0.810127
T: -0.873066 Q: -0.06532
T: -0.908823 Q: -0.0544254
T: -0.926977 Q: -0.0576049
T: -0.926977 Q: 0.924453
T: -0.908823 Q: 0.896611
T: -0.873066 Q: -0.00274063
T: -0.820793 Q: -0.00146151
T: -0.753592 Q: 1.33569
T: -0.673505 Q: 1.12137
T: -0.582966 Q: 1.60075
T: -0.484725 Q: -0.000865972
T: -0.381767 Q: 1.14511
T: -0.277221 Q: -0.000268797
T: -0.174264 Q: -0.000318257
T: -0.0760225 Q: -0.00538992
T: 0.014517 Q: -0.000237068
T: 0.0946038 Q: -0.00059897
T: 0.161805 Q: -0.000774846
T: 0.214078 Q: -0.000570234
T: 0.249834 Q: -0.00105341
T: 0.267989 Q: 1.22053
T: 0.267989 Q: 0.917638
T: 0.249834 Q: -0.00344132
T: 0.214078 Q: -0.00820677
T: 0.161805 Q: -0.0116886
T: 0.0946038 Q: -0.0222318
T: 0.014517 Q: 1.17432
T: -0.0760225 Q: -0.0220036
T: -0.174264 Q: -0.0202621
T: -0.277221 Q: -0.0414976
Sec_Event 5571261 N50: 36
T: -0.647925 Q: -0.00382955
T: -0.712359 Q: -0.00288276
T: -0.773841 Q: -0.00262994
T: -0.830503 Q: 0.935098
T: -0.880624 Q: -0.0037249
T: -0.92268 Q: -0.00119254
T: -0.955394 Q: -0.00095303
T: -0.977772 Q: 1.13657
T: -0.989133 Q: 1.25058
T: -0.989133 Q: -0.00113542
T: -0.977772 Q: -0.00104148
T: -0.955394 Q: -0.00121222
T: -0.92268 Q: -0.00145239
T: -0.880624 Q: -0.00341193
T: -0.830503 Q: -0.000981657
T: -0.773841 Q: -0.00184703
T: -0.712359 Q: -0.00268729
T: -0.647925 Q: -0.00269994
T: -0.582498 Q: 0.980765
T: -0.518064 Q: 1.0133
T: -0.456582 Q: -0.00229781
T: -0.39992 Q: -0.00220094
T: -0.349799 Q: -0.00243685
T: -0.307743 Q: 1.03234
T: -0.275029 Q: -0.00191671
T: -0.252651 Q: -0.00196818
T: -0.24129 Q: -0.00332274
T: -0.24129 Q: 2.3334
T: -0.252651 Q: 1.10828
T: -0.275029 Q: -0.00318277
T: -0.307743 Q: -0.00565839
T: -0.349799 Q: 0.989354
T: -0.39992 Q: -0.00430969
T: -0.456582 Q: -0.00642422
T: -0.518064 Q: -0.0060807
T: -0.582498 Q: 0.894513
Sec_Event 5628861 N50: 41
T: 0.466991 Q: -0.00934935
T: 0.383364 Q: -0.0112036
T: 0.303568 Q: -0.0123166
T: 0.230028 Q: -0.0192646
T: 0.164978 Q: -0.0100998
T: 0.110394 Q: -0.0145139
T: 0.0679357 Q: -0.0131225
T: 0.0388924 Q: 1.47207
T: 0.0241467 Q: 1.49848
T: 0.0241467 Q: 1.54558
T: 0.0388924 Q: 1.33213
T: 0.0679357 Q: -0.0191768
T: 0.110394 Q: -0.0185226
T: 0.164978 Q: 1.17041
T: 0.230028 Q: 1.2303
T: 0.303568 Q: -0.0296812
T: 0.383364 Q: 0.863737
T: 0.466991 Q: 0.879092
T: 0.551907 Q: 0.975717
T: 0.635534 Q: -0.00779869
T: 0.71533 Q: 1.15893
T: 0.78887 Q: -0.00339143
T: 0.85392 Q: 1.03518
T: 0.908504 Q: 2.43212
T: 0.950962 Q: -0.00193028
T: 0.980006 Q: -0.00231045
T: 0.994751 Q: -0.00357648
T: 0.994751 Q: 2.99638
T: 0.980006 Q: 1.15898
T: 0.950962 Q: -0.00216654
T: 0.908504 Q: -0.00290346
T: 0.85392 Q: -0.00385851
T: 0.78887 Q: 2.19511
T: 0.71533 Q: -0.005499
T: 0.635534 Q: 1.09321
T: 0.551907 Q: -0.00909141
Sec_Event 5662449 N50: 51
T: 0.409662 Q: -0.0435973
T: 0.318931 Q: 1.25268
T: 0.232356 Q: -0.0329764
T: 0.152568 Q: -0.0346118
T: 0.0819918 Q: 2.41569
T: 0.0227711 Q: 2.14438
T: -0.0232945 Q: 0.96714
T: -0.0548052 Q: -0.0105778
T: -0.0708036 Q: 0.81448
T: -0.0708036 Q: -0.00460601
T: -0.0548052 Q: -0.00347062
T: -0.0232945 Q: -0.000921146
T: 0.0227711 Q: -0.00120736
T: 0.0819918 Q: -0.000760232
T: 0.152568 Q: 0.908037
T: 0.318931 Q: -0.0006075
T: 0.409662 Q: 1.17319
T: 0.501794 Q: -0.00181174
T: 0.592525 Q: 1.11123
T: 0.6791 Q: -0.00063468
T: 0.758888 Q: 1.0145
T: 0.829464 Q: -0.0036884
T: 0.888685 Q: -0.00217983
T: 0.93475 Q: 0.819347
T: 0.966261 Q: -0.0254332
T: 0.982259 Q: -0.142154
T: 0.982259 Q: 1.62475
T: 0.966261 Q: -0.0596199
T: 0.93475 Q: -0.0565847
T: 0.888685 Q: -0.0676661
T: 0.829464 Q: -0.0768539
T: 0.758888 Q: -0.0891248
T: 0.6791 Q: -0.123394
T: 0.592525 Q: 1.62829
T: 0.501794 Q: 1.18162
Sec_Event 5722705 N50: 27
T: -0.728496 Q: -0.0224222
T: -0.761548 Q: -0.0208122
T: -0.793086 Q: -0.0228805
T: -0.822151 Q: -0.0169723
T: -0.847861 Q: -0.0186865
T: -0.869434 Q: -0.0215616
T: -0.886215 Q: 1.20112
T: -0.897694 Q: 2.27563
T: -0.903522 Q: 1.02239
T: -0.903522 Q: -0.0164255
T: -0.897694 Q: -0.0160585
T: -0.886215 Q: -0.0186667
T: -0.869434 Q: -0.0174745
T: -0.847861 Q: -0.0190918
T: -0.822151 Q: -0.0214754
T: -0.793086 Q: -0.0233769
T: -0.761548 Q: 1.18555
T: -0.728496 Q: 1.32229
T: -0.694934 Q: -0.0281142
T: -0.661881 Q: 1.1449
T: -0.630343 Q: 1.17602
T: -0.601278 Q: -0.0315888
T: -0.575568 Q: 3.9271
T: -0.553995 Q: 1.19614
T: -0.537214 Q: 1.2373
T: -0.525735 Q: 1.17285
T: -0.519907 Q: -0.0330181
T: -0.519907 Q: -0.0355788
T: -0.525735 Q: 1.27516
T: -0.537214 Q: -0.0333845
T: -0.553995 Q: -0.0334238
T: -0.575568 Q: 1.33276
T: -0.601278 Q: 1.19751
T: -0.630343 Q: -0.0289404
T: -0.661881 Q: -0.0245825
T: -0.694934 Q: -0.0210192
Sec_Event 5843858 N50: 32
T: -0.317581 Q: -0.0130892
T: -0.42501 Q: 2.10692
T: -0.527518 Q: -0.0228214
T: -0.62199 Q: -0.0290505
T: -0.705555 Q: 0.984646
T: -0.775674 Q: 0.736493
T: -0.830217 Q: -0.0447387
T: -0.867527 Q: -0.0406152
T: -0.88647 Q: -0.034417
T: -0.88647 Q: -0.0207119
T: -0.867527 Q: -0.00853783
T: -0.830217 Q: 0.998544
T: -0.775674 Q: -0.00306233
T: -0.705555 Q: 1.26922
T: -0.62199 Q: -0.00217597
T: -0.527518 Q: -0.000817373
T: -0.42501 Q: 1.19134
T: -0.317581 Q: 1.37042
T: -0.208495 Q: 1.56239
T: -0.101065 Q: 1.24658
T: 0.00144237 Q: -0.000638757
T: 0.095914 Q: -0.000276173
T: 0.179479 Q: -0.00064881
T: 0.249599 Q: -0.000781253
T: 0.304142 Q: -0.000614459
T: 0.341452 Q: -0.00142463
T: 0.360394 Q: -0.00237669
T: 0.360394 Q: -0.0018447
T: 0.341452 Q: 0.976061
T: 0.304142 Q: -0.00348601
T: 0.249599 Q: -0.00384214
T: 0.179479 Q: 2.21119
T: 0.095914 Q: 1.99709
T: 0.00144237 Q: -0.00820031
T: -0.101065 Q: 3.38428
T: -0.208495 Q: 0.963823
Sec_Event 5843858 N50: 41
T: 0.127929 Q: -0.0378949
T: 0.0166574 Q: 1.02755
T: -0.089517 Q: -0.0343252
T: -0.187368 Q: -0.0376929
T: -0.273922 Q: -0.0369532
T: -0.34655 Q: 2.19331
T: -0.403044 Q: -0.0325505
T: -0.441688 Q: -0.0330897
T: -0.461308 Q: 2.11768
T: -0.461308 Q: -0.0221924
T: -0.441688 Q: -0.00885137
T: -0.403044 Q: -0.00466913
T: -0.34655 Q: 1.98341
T: -0.273922 Q: -0.00380298
T: -0.187368 Q: 0.816583
T: -0.089517 Q: -0.00442742
T: 0.0166574 Q: 0.864657
T: 0.127929 Q: 1.12858
T: 0.240918 Q: -0.00167536
T: 0.35219 Q: -0.00173584
T: 0.458364 Q: 1.71876
T: 0.556215 Q: -0.00268589
T: 0.642769 Q: 1.74788
T: 0.715397 Q: -0.00235606
T: 0.771891 Q: 3.08439
T: 0.810535 Q: -0.00284077
T: 0.830155 Q: -0.00225527
T: 0.830155 Q: 0.955124
T: 0.810535 Q: 0.893572
T: 0.771891 Q: -0.00274472
T: 0.715397 Q: -0.00396508
T: 0.642769 Q: 0.81407
T: 0.556215 Q: -0.00879909
T: 0.458364 Q: -0.0131364
T: 0.35219 Q: 0.783498
T: 0.240918 Q: 0.606477
Sec_Event 5843858 N50: 32
T: -0.61727 Q: -0.0733406
T: -0.68891 Q: -0.0849772
T: -0.757268 Q: -0.0850378
T: -0.820267 Q: -0.0776062
T: -0.875993 Q: -0.0663418
T: -0.922752 Q: -0.0598301
T: -0.959125 Q: -0.0639483
T: -0.984005 Q: 1.34811
T: -0.996637 Q: -0.0553728
T: -0.996637 Q: -0.0568515
T: -0.984005 Q: -0.0536176
T: -0.959125 Q: -0.0528008
T: -0.922752 Q: -0.0401448
T: -0.875993 Q: 0.897112
T: -0.820267 Q: 0.966855
T: -0.757268 Q: -0.0281292
T: -0.68891 Q: 1.03258
T: -0.61727 Q: -0.0263099
T: -0.544525 Q: -0.024938
T: -0.472885 Q: -0.0298807
T: -0.404528 Q: -0.0257406
T: -0.341529 Q: -0.0238959
T: -0.285803 Q: -0.0309464
T: -0.239043 Q: -0.0299496
T: -0.202671 Q: -0.0387113
T: -0.17779 Q: 1.27121
T: -0.165158 Q: -0.0350781
T: -0.165158 Q: -0.0552561
T: -0.17779 Q: -0.0511836
T: -0.202671 Q: 1.45026
T: -0.239043 Q: -0.0498625
T: -0.285803 Q: -0.0492218
T: -0.341529 Q: -0.048124
T: -0.404528 Q: -0.0529793
T: -0.472885 Q: -0.0596576
T: -0.544525 Q: -0.0599879
Sec_Event 5843858 N50: 39
T: -0.555108 Q: -0.00224616
T: -0.638229 Q: -0.000548128
T: -0.717541 Q: -0.00182797
T: -0.790636 Q: 1.00283
T: -0.855292 Q: 0.946055
T: -0.909545 Q: -0.0100414
T: -0.951746 Q: 0.74734
T: -0.980613 Q: 0.704978
T: -0.99527 Q: -0.0559824
T: -0.99527 Q: -0.0567459
T: -0.980613 Q: -0.0532336
T: -0.951746 Q: 1.37652
T: -0.909545 Q: -0.0604073
T: -0.855292 Q: 0.854531
T: -0.790636 Q: 0.865745
T: -0.717541 Q: -0.0394629
T: -0.638229 Q: -0.0198161
T: -0.555108 Q: -0.0210316
T: -0.470706 Q: -0.0111396
T: -0.387585 Q: -0.00775268
T: -0.308273 Q: -0.00668487
T: -0.235178 Q: 1.0574
T: -0.170522 Q: 0.887947
T: -0.116269 Q: -0.00325025
T: -0.074068 Q: -0.00172624
T: -0.0452006 Q: -0.00148492
T: -0.0305443 Q: 1.19248
T: -0.0305443 Q: -0.000223857
T: -0.0452006 Q: -0.00139828
T: -0.074068 Q: -0.00090749
T: -0.116269 Q: 1.28447
T: -0.170522 Q: -0.00025829
T: -0.235178 Q: -0.000721605
T: -0.387585 Q: -0.000675068
T: -0.470706 Q: 1.184
Sec_Event 5843858 N50: 35
T: 0.131863 Q: -0.000770751
T: 0.0207458 Q: 1.20199
T: -0.0852813 Q: -0.00111692
T: -0.182996 Q: -0.000288343
T: -0.26943 Q: 1.04136
T: -0.341957 Q: -0.000889112
T: -0.398373 Q: -0.000566398
T: -0.436964 Q: -0.000387661
T: -0.456557 Q: -0.0022029
T: -0.456557 Q: 2.46785
T: -0.436964 Q: -0.0018323
T: -0.398373 Q: 1.04987
T: -0.341957 Q: 0.942486
T: -0.26943 Q: 1.36554
T: -0.182996 Q: -0.00277131
T: -0.0852813 Q: 1.39547
T: 0.0207458 Q: -0.0009428
T: 0.131863 Q: -0.00406525
T: 0.244695 Q: 2.40681
T: 0.355813 Q: -0.000974476
T: 0.46184 Q: -0.00382413
T: 0.559555 Q: 1.27505
T: 0.645989 Q: -0.0017839
T: 0.718516 Q: 1.03276
T: 0.774931 Q: 1.36618
T: 0.813522 Q: -0.001799
T: 0.833115 Q: 1.30742
T: 0.833115 Q: -0.00150841
T: 0.813522 Q: -0.00158881
T: 0.774931 Q: -0.00160336
T: 0.718516 Q: 1.05041
T: 0.645989 Q: -0.00130948
T: 0.559555 Q: -0.00150103
T: 0.46184 Q: -0.00128328
T: 0.355813 Q: -0.000612659
T: 0.244695 Q: 1.52537
Sec_Event 5843858 N50: 26
T: 0.15313 Q: 1.05762
T: 0.0429047 Q: 1.25782
T: -0.0622707 Q: -0.0545328
T: -0.159201 Q: -0.0389757
T: -0.24494 Q: -0.0530236
T: -0.316885 Q: -0.0489586
T: -0.372847 Q: -0.0538463
T: -0.411128 Q: -0.0601328
T: -0.430564 Q: -0.0592214
T: -0.430564 Q: -0.0681867
T: -0.411128 Q: -0.0738118
T: -0.372847 Q: -0.0646179
T: -0.316885 Q: 1.04508
T: -0.24494 Q: -0.0509598
T: -0.159201 Q: -0.0400214
T: -0.0622707 Q: -0.0359793
T: 0.0429047 Q: 1.07426
T: 0.15313 Q: -0.0327805
T: 0.265055 Q: 1.64552
T: 0.37528 Q: -0.0162089
T: 0.480455 Q: 1.69137
T: 0.577385 Q: 0.828889
T: 0.663125 Q: -0.00323959
T: 0.735069 Q: -0.00325818
T: 0.791031 Q: -0.00213164
T: 0.829312 Q: -0.00198187
T: 0.848748 Q: -0.00122111
T: 0.848748 Q: 0.947013
T: 0.829312 Q: -0.00194111
T: 0.791031 Q: -0.00274075
T: 0.735069 Q: 0.8591
T: 0.663125 Q: -0.00349671
T: 0.577385 Q: -0.00501024
T: 0.480455 Q: 0.849395
T: 0.37528 Q: -0.0152745
T: 0.265055 Q: 0.975334
Sec_Event 7229388 N50: 46
T: 0.590869 Q: -0.0461033
T: 0.528176 Q: -0.0506132
T: 0.468356 Q: -0.0415215
T: 0.413226 Q: -0.0502704
T: 0.36446 Q: 1.24168
T: 0.323541 Q: -0.0188654
T: 0.291711 Q: -0.0221126
T: 0.269938 Q: -0.0128266
T: 0.258884 Q: -0.00991681
T: 0.258884 Q: -0.00558242
T: 0.269938 Q: -0.00466074
T: 0.291711 Q: 0.948897
T: 0.323541 Q: 1.10656
T: 0.36446 Q: -0.00526717
T: 0.413226 Q: 1.2549
T: 0.468356 Q: -0.00194432
T: 0.528176 Q: 2.27261
T: 0.590869 Q: 1.25976
T: 0.654528 Q: -0.00346782
T: 0.71722 Q: 3.39559
T: 0.77704 Q: 0.94732
T: 0.83217 Q: 2.29289
T: 0.880936 Q: -0.00911526
T: 0.921856 Q: -0.0214054
T: 0.953685 Q: -0.0260433
T: 0.975458 Q: 1.22386
T: 0.986512 Q: -0.0201523
T: 0.986512 Q: -0.0235383
T: 0.975458 Q: -0.0241893
T: 0.953685 Q: -0.024663
T: 0.921856 Q: -0.0228827
T: 0.880936 Q: -0.0239135
T: 0.83217 Q: 1.27483
T: 0.77704 Q: -0.0457136
T: 0.71722 Q: 3.7412
T: 0.654528 Q: -0.0470268
Sec_Event 7614072 N50: 38
T: 0.550193 Q: -0.0034561
T: 0.479563 Q: -0.00333194
T: 0.412169 Q: -0.00510999
T: 0.350058 Q: 1.07622
T: 0.295118 Q: -0.00219988
T: 0.249018 Q: -0.00120117
T: 0.213158 Q: -0.00176479
T: 0.188629 Q: 2.09563
T: 0.176175 Q: -0.00162005
T: 0.176175 Q: 1.029
T: 0.188629 Q: -0.00333737
T: 0.213158 Q: -0.00300033
T: 0.249018 Q: 1.24805
T: 0.295118 Q: 0.91041
T: 0.350058 Q: -0.00395746
T: 0.412169 Q: 2.01994
T: 0.479563 Q: -0.00766835
T: 0.550193 Q: 0.90099
T: 0.621912 Q: -0.0238667
T: 0.692542 Q: -0.0253695
T: 0.759936 Q: 1.1469
T: 0.822046 Q: -0.0197415
T: 0.876987 Q: -0.0147989
T: 0.923087 Q: 0.955475
T: 0.958946 Q: 2.29486
T: 0.983476 Q: -0.0126944
T: 0.99593 Q: 1.37151
T: 0.99593 Q: -0.0111856
T: 0.983476 Q: -0.0109886
T: 0.958946 Q: 1.0998
T: 0.923087 Q: -0.0121686
T: 0.876987 Q: 0.965487
T: 0.822046 Q: 2.15871
T: 0.759936 Q: -0.0102935
T: 0.692542 Q: 2.11045
T: 0.621912 Q: 1.07221
Sec_Event 7834794 N50: 26
T: -0.624528 Q: -0.0201603
T: -0.694577 Q: -0.012147
T: -0.761417 Q: -0.010113
T: -0.823017 Q: -0.00732312
T: -0.877505 Q: 1.32541
T: -0.923226 Q: -0.00602796
T: -0.958791 Q: -0.00513225
T: -0.983118 Q: -0.00426233
T: -0.99547 Q: -0.00552862
T: -0.99547 Q: -0.00472664
T: -0.983118 Q: -0.00556624
T: -0.958791 Q: -0.00434769
T: -0.923226 Q: -0.00523466
T: -0.877505 Q: -0.00544819
T: -0.823017 Q: -0.00713582
T: -0.761417 Q: 1.11692
T: -0.694577 Q: -0.0111559
T: -0.624528 Q: -0.0178023
T: -0.553399 Q: -0.0218914
T: -0.48335 Q: -0.0319657
T: -0.41651 Q: 0.923317
T: -0.35491 Q: 1.95412
T: -0.300422 Q: -0.051584
T: -0.254701 Q: -0.0512916
T: -0.219136 Q: -0.0514743
T: -0.194808 Q: -0.0495112
T: -0.182457 Q: -0.0568844
T: -0.182457 Q: -0.0482238
T: -0.194808 Q: -0.0624681
T: -0.219136 Q: -0.058846
T: -0.254701 Q: -0.0460139
T: -0.300422 Q: -0.0422196
T: -0.35491 Q: -0.0305306
T: -0.41651 Q: -0.0260051
T: -0.48335 Q: 1.26734
T: -0.553399 Q: 1.08292
Sec_Event 7979665 N50: 27
T: 0.136249 Q: -0.0522151
T: 0.0253071 Q: -0.0391462
T: -0.080552 Q: -0.0432501
T: -0.178112 Q: -0.0526619
T: -0.264409 Q: -0.0572397
T: -0.336821 Q: -0.051701
T: -0.393148 Q: -0.0615259
T: -0.431677 Q: 1.5114
T: -0.451239 Q: -0.0493583
T: -0.451239 Q: 2.45629
T: -0.431677 Q: -0.0345874
T: -0.393148 Q: -0.0347417
T: -0.336821 Q: -0.0218987
T: -0.264409 Q: -0.0278837
T: -0.178112 Q: 1.31952
T: -0.080552 Q: 1.16817
T: 0.0253071 Q: -0.0115566
T: 0.136249 Q: -0.0122042
T: 0.248902 Q: -0.0136888
T: 0.359843 Q: 1.30468
T: 0.465702 Q: -0.017323
T: 0.563263 Q: -0.0154995
T: 0.64956 Q: -0.0142657
T: 0.721972 Q: -0.0140893
T: 0.778298 Q: -0.0113969
T: 0.816828 Q: -0.00884144
T: 0.83639 Q: -0.0102563
T: 0.83639 Q: -0.00860183
T: 0.816828 Q: 1.15781
T: 0.778298 Q: -0.0123189
T: 0.721972 Q: -0.0125202
T: 0.64956 Q: -0.019141
T: 0.563263 Q: 1.11422
T: 0.465702 Q: -0.0516213
T: 0.359843 Q: 1.38781
T: 0.248902 Q: -0.0394256
Sec_Event 8296749 N50: 36
T: -0.548667 Q: 1.12962
T: -0.632799 Q: -0.00442489
T: -0.713078 Q: 1.04877
T: -0.787063 Q: -0.00242776
T: -0.852506 Q: -0.00170969
T: -0.90742 Q: -0.00182142
T: -0.950135 Q: 1.11952
T: -0.979354 Q: -0.00159558
T: -0.994189 Q: -0.000697978
T: -0.994189 Q: -0.00148726
T: -0.979354 Q: -0.00130132
T: -0.950135 Q: -0.00123455
T: -0.90742 Q: -0.00184015
T: -0.852506 Q: -0.00168567
T: -0.787063 Q: 1.09443
T: -0.713078 Q: -0.00406023
T: -0.632799 Q: -0.00448639
T: -0.548667 Q: -0.00777977
T: -0.463236 Q: -0.0131959
T: -0.379104 Q: -0.0201619
T: -0.298825 Q: -0.0218271
T: -0.224841 Q: -0.0213772
T: -0.159397 Q: -0.0204103
T: -0.104483 Q: -0.018601
T: -0.0617682 Q: -0.0177426
T: -0.0325492 Q: -0.012692
T: -0.0177144 Q: 1.53459
T: -0.0177144 Q: -0.015745
T: -0.0325492 Q: -0.0128521
T: -0.0617682 Q: 1.0739
T: -0.104483 Q: -0.0102243
T: -0.159397 Q: -0.0075801
T: -0.224841 Q: 1.18729
T: -0.298825 Q: 1.12605
T: -0.379104 Q: -0.00640615
T: -0.463236 Q: 2.44938
Sec_Event 8520096 N50: 34
T: -0.304719 Q: 1.21112
T: -0.412901 Q: -0.0163122
T: -0.516127 Q: 0.960119
T: -0.61126 Q: 1.13708
T: -0.695411 Q: -0.00676332
T: -0.766022 Q: -0.00412721
T: -0.820947 Q: -0.00368119
T: -0.858518 Q: 1.16089
T: -0.877593 Q: -0.00312949
T: -0.877593 Q: -0.00303616
T: -0.858518 Q: 1.0854
T: -0.820947 Q: 1.05242
T: -0.766022 Q: 2.20467
T: -0.695411 Q: -0.00685126
T: -0.61126 Q: -0.00767266
T: -0.516127 Q: 1.06838
T: -0.412901 Q: -0.0236096
T: -0.304719 Q: -0.0183462
T: -0.194869 Q: -0.0183802
T: -0.086687 Q: 2.35561
T: 0.0165389 Q: -0.0171401
T: 0.111672 Q: -0.0186203
T: 0.195823 Q: -0.0191464
T: 0.266433 Q: 1.19064
T: 0.321359 Q: -0.0173691
T: 0.35893 Q: -0.0237837
T: 0.378005 Q: -0.0278096
T: 0.378005 Q: 1.0297
T: 0.35893 Q: -0.0169154
T: 0.321359 Q: -0.0191786
T: 0.266433 Q: -0.0180589
T: 0.195823 Q: -0.0195482
T: 0.111672 Q: -0.0157833
T: 0.0165389 Q: -0.0178984
T: -0.086687 Q: -0.0165017
T: -0.194869 Q: -0.0115389
Sec_Event 8520096 N50: 26
T: -0.497152 Q: -0.0170322
T: -0.588471 Q: 1.05413
T: -0.675607 Q: -0.0088528
T: -0.755911 Q: -0.00664746
T: -0.826945 Q: 1.17262
T: -0.886549 Q: -0.00364396
T: -0.932913 Q: 1.13624
T: -0.964628 Q: 1.12188
T: -0.98073 Q: -0.00367068
T: -0.98073 Q: 2.24495
T: -0.964628 Q: 2.16466
T: -0.932913 Q: -0.00525996
T: -0.886549 Q: -0.00488818
T: -0.826945 Q: -0.00547129
T: -0.755911 Q: -0.00834142
T: -0.675607 Q: -0.0102928
T: -0.588471 Q: -0.0141188
T: -0.497152 Q: 1.10304
T: -0.404424 Q: -0.0193922
T: -0.313105 Q: -0.0182942
T: -0.22597 Q: -0.0186213
T: -0.145665 Q: -0.0201875
T: -0.0746313 Q: -0.0179724
T: -0.0150271 Q: -0.0160864
T: 0.0313368 Q: -0.0198779
T: 0.0630516 Q: -0.0175702
T: 0.0791536 Q: 2.60919
T: 0.0791536 Q: -0.0200807
T: 0.0630516 Q: -0.0217533
T: 0.0313368 Q: -0.0201193
T: -0.0150271 Q: 1.3767
T: -0.0746313 Q: -0.0196702
T: -0.145665 Q: -0.0172814
T: -0.22597 Q: -0.0157239
T: -0.313105 Q: -0.0151431
T: -0.404424 Q: -0.0162707
200000/416463
Sec_Event 9364747 N50: 41
T: 0.154888 Q: 1.31167
T: 0.0447417 Q: -0.0430024
T: -0.0603589 Q: 0.679255
T: -0.15722 Q: -0.036676
T: -0.242899 Q: 0.950292
T: -0.314792 Q: 0.904493
T: -0.370715 Q: -0.0123082
T: -0.408969 Q: -0.00995696
T: -0.42839 Q: -0.0128918
T: -0.42839 Q: -0.00833706
T: -0.408969 Q: -0.00958434
T: -0.370715 Q: -0.00759684
T: -0.314792 Q: -0.00553951
T: -0.242899 Q: -0.00354196
T: -0.15722 Q: -0.00351872
T: -0.0603589 Q: 3.21586
T: 0.0447417 Q: -0.00175851
T: 0.154888 Q: 1.0278
T: 0.266734 Q: 0.998985
T: 0.376881 Q: -0.00265051
T: 0.481981 Q: -0.002423
T: 0.578843 Q: 3.66094
T: 0.664521 Q: -0.00687681
T: 0.736414 Q: -0.00675307
T: 0.792337 Q: 2.52119
T: 0.830591 Q: -0.0422794
T: 0.850013 Q: -0.0729634
T: 0.850013 Q: -0.0766542
T: 0.830591 Q: 1.44203
T: 0.792337 Q: -0.0723746
T: 0.736414 Q: -0.102506
T: 0.664521 Q: -0.096379
T: 0.578843 Q: -0.0866812
T: 0.481981 Q: -0.0745488
T: 0.376881 Q: -0.055032
T: 0.266734 Q: -0.0559068
Sec_Event 9487157 N50: 48
T: 0.00315461 Q: -0.0259261
T: -0.111319 Q: -0.0279252
T: -0.220549 Q: 1.13297
T: -0.321216 Q: 1.22172
T: -0.410261 Q: -0.0390499
T: -0.484979 Q: -0.0384338
T: -0.543099 Q: 1.22258
T: -0.582855 Q: 1.17647
T: -0.60304 Q: 1.28529
T: -0.60304 Q: -0.0490988
T: -0.582855 Q: -0.0558955
T: -0.543099 Q: 2.21791
T: -0.484979 Q: 1.02525
T: -0.410261 Q: 0.97327
T: -0.321216 Q: 1.08409
T: -0.220549 Q: -0.0282491
T: -0.111319 Q: 1.19098
T: 0.00315461 Q: -0.0160037
T: 0.119395 Q: 1.1041
T: 0.233869 Q: 1.24921
T: 0.343099 Q: -0.0171434
T: 0.443765 Q: 0.942537
T: 0.53281 Q: 2.58427
T: 0.607528 Q: -0.0116771
T: 0.665648 Q: 1.24013
T: 0.705404 Q: 1.07569
T: 0.725589 Q: -0.00855209
T: 0.725589 Q: -0.00838856
T: 0.705404 Q: 0.966393
T: 0.665648 Q: -0.0104229
T: 0.607528 Q: 1.20413
T: 0.53281 Q: -0.0253522
T: 0.443765 Q: 3.26642
T: 0.343099 Q: 1.12737
T: 0.233869 Q: -0.0302406
T: 0.119395 Q: -0.0238151
Sec_Event 10247726 N50: 52
T: -0.608245 Q: -0.00199778
T: -0.681777 Q: -0.00345832
T: -0.751942 Q: 1.19748
T: -0.816605 Q: -0.00851478
T: -0.873804 Q: 4.81328
T: -0.921799 Q: -0.0215191
T: -0.959132 Q: 1.66601
T: -0.98467 Q: -0.0312865
T: -0.997636 Q: -0.0278598
T: -0.997636 Q: -0.0271743
T: -0.98467 Q: -0.0290043
T: -0.959132 Q: -0.0353535
T: -0.921799 Q: 1.46571
T: -0.873804 Q: 1.6635
T: -0.816605 Q: -0.052008
T: -0.751942 Q: -0.0541575
T: -0.681777 Q: -0.0376803
T: -0.608245 Q: 2.18954
T: -0.533578 Q: -0.0152898
T: -0.460045 Q: -0.0103051
T: -0.389881 Q: -0.0120935
T: -0.325217 Q: 1.31573
T: -0.268019 Q: 1.5316
T: -0.220024 Q: -0.00347728
T: -0.18269 Q: -0.00344219
T: -0.157152 Q: 2.64231
T: -0.144186 Q: 2.71161
T: -0.144186 Q: -0.00189279
T: -0.157152 Q: -0.00121447
T: -0.18269 Q: -0.000672047
T: -0.220024 Q: -0.00311666
T: -0.268019 Q: 1.26565
T: -0.325217 Q: -0.00205865
T: -0.389881 Q: -0.000758119
T: -0.460045 Q: -0.00160936
T: -0.533578 Q: -0.00158838
Sec_Event 10333161 N50: 35
T: 0.116676 Q: 1.18217
T: 0.00498043 Q: -0.0238645
T: -0.101598 Q: 2.77611
T: -0.199821 Q: -0.0252138
T: -0.286704 Q: -0.0251945
T: -0.359608 Q: 1.27986
T: -0.416317 Q: -0.0242067
T: -0.455108 Q: -0.0202493
T: -0.474803 Q: 1.11217
T: -0.474803 Q: 2.29499
T: -0.455108 Q: -0.0166965
T: -0.416317 Q: -0.0164163
T: -0.359608 Q: -0.0146186
T: -0.286704 Q: -0.0144776
T: -0.199821 Q: 1.30638
T: -0.101598 Q: -0.0147479
T: 0.00498043 Q: 1.21944
T: 0.116676 Q: -0.00956597
T: 0.230094 Q: -0.0116977
T: 0.341789 Q: -0.0104277
T: 0.448367 Q: -0.0133011
T: 0.54659 Q: -0.0210125
T: 0.633473 Q: 1.09109
T: 0.706377 Q: -0.0339864
T: 0.763086 Q: 1.38753
T: 0.801878 Q: -0.0454549
T: 0.821573 Q: 1.0643
T: 0.821573 Q: 1.14705
T: 0.801878 Q: -0.0517494
T: 0.763086 Q: -0.0597172
T: 0.706377 Q: -0.0509016
T: 0.633473 Q: -0.0496942
T: 0.54659 Q: 1.37384
T: 0.448367 Q: 1.52504
T: 0.341789 Q: -0.0302031
T: 0.230094 Q: -0.0228044
Sec_Event 10859707 N50: 33
T: -0.412599 Q: -0.0087234
T: -0.512945 Q: -0.00992167
T: -0.608693 Q: -0.0178078
T: -0.696936 Q: -0.0216413
T: -0.774991 Q: 1.01874
T: -0.840487 Q: 2.37475
T: -0.891434 Q: -0.020193
T: -0.926284 Q: -0.0184451
T: -0.943978 Q: -0.0196088
T: -0.943978 Q: -0.0220568
T: -0.926284 Q: 1.3152
T: -0.891434 Q: -0.0200881
T: -0.840487 Q: -0.0259917
T: -0.774991 Q: -0.0300047
T: -0.696936 Q: 1.06685
T: -0.608693 Q: 1.02309
T: -0.512945 Q: -0.032282
T: -0.412599 Q: -0.0246053
T: -0.310705 Q: -0.0215035
T: -0.210359 Q: -0.0208445
T: -0.11461 Q: 1.35248
T: -0.0263676 Q: 2.34008
T: 0.0516876 Q: -0.0167665
T: 0.117184 Q: -0.0171583
T: 0.168131 Q: -0.0201802
T: 0.20298 Q: -0.0147431
T: 0.220674 Q: -0.0209356
T: 0.220674 Q: -0.0127609
T: 0.20298 Q: -0.0169187
T: 0.168131 Q: -0.00927645
T: 0.117184 Q: 1.04555
T: 0.0516876 Q: -0.013642
T: -0.0263676 Q: 1.12867
T: -0.11461 Q: 2.02997
T: -0.210359 Q: 1.1798
T: -0.310705 Q: -0.00715111
Sec_Event 10976096 N50: 36
T: -0.440014 Q: -0.0533891
T: -0.537753 Q: 1.02435
T: -0.631015 Q: -0.0190799
T: -0.716965 Q: -0.0170796
T: -0.792993 Q: -0.009481
T: -0.856788 Q: -0.0106311
T: -0.906411 Q: 1.06196
T: -0.940355 Q: -0.0045861
T: -0.957589 Q: -0.00659693
T: -0.957589 Q: 1.13898
T: -0.940355 Q: -0.00575208
T: -0.906411 Q: -0.00744542
T: -0.856788 Q: -0.00816068
T: -0.792993 Q: -0.00825659
T: -0.716965 Q: 1.05583
T: -0.631015 Q: 1.08976
T: -0.537753 Q: 1.11203
T: -0.440014 Q: 1.15715
T: -0.340767 Q: -0.00485279
T: -0.243028 Q: -0.00836451
T: -0.149767 Q: 1.25027
T: -0.0638161 Q: 0.979273
T: 0.0122114 Q: -0.00772108
T: 0.0760061 Q: -0.00792153
T: 0.12563 Q: -0.0103154
T: 0.159574 Q: 2.26627
T: 0.176808 Q: 1.13937
T: 0.176808 Q: -0.020401
T: 0.159574 Q: -0.0249409
T: 0.12563 Q: 1.06018
T: 0.0760061 Q: -0.0296718
T: 0.0122114 Q: 1.18274
T: -0.0638161 Q: 1.37077
T: -0.149767 Q: 1.08795
T: -0.243028 Q: -0.0418858
T: -0.340767 Q: -0.0464897
Sec_Event 11148873 N50: 30
T: -0.621684 Q: 1.06883
T: -0.692364 Q: -0.0221681
T: -0.759806 Q: -0.0161393
T: -0.821961 Q: -0.0126426
T: -0.87694 Q: 1.19083
T: -0.923073 Q: -0.00823654
T: -0.958958 Q: -0.00812789
T: -0.983505 Q: -0.00689132
T: -0.995968 Q: -0.00612738
T: -0.995968 Q: 1.16499
T: -0.983505 Q: -0.00709386
T: -0.958958 Q: -0.00949238
T: -0.923073 Q: -0.0089815
T: -0.87694 Q: -0.00762405
T: -0.821961 Q: 1.03947
T: -0.759806 Q: -0.0114381
T: -0.692364 Q: 1.15308
T: -0.621684 Q: -0.013333
T: -0.549913 Q: 1.12958
T: -0.479234 Q: -0.0160302
T: -0.411792 Q: -0.0156863
T: -0.349637 Q: -0.015369
T: -0.294657 Q: -0.0153297
T: -0.248524 Q: -0.0129061
T: -0.212639 Q: -0.0186519
T: -0.188092 Q: -0.0167561
T: -0.175629 Q: 1.24432
T: -0.175629 Q: -0.0224908
T: -0.188092 Q: 1.25214
T: -0.212639 Q: -0.0317464
T: -0.248524 Q: 2.61329
T: -0.294657 Q: -0.0205281
T: -0.349637 Q: -0.0279984
T: -0.411792 Q: -0.0253245
T: -0.479234 Q: 1.05425
T: -0.549913 Q: -0.0306775
Sec_Event 13066517 N50: 47
T: -0.707163 Q: 4.1599
T: -0.751906 Q: -0.0215335
T: -0.7946 Q: 1.05505
T: -0.833947 Q: -0.0196341
T: -0.868752 Q: 0.749127
T: -0.897956 Q: 1.91627
T: -0.920673 Q: 1.72911
T: -0.936213 Q: -0.0487301
T: -0.944102 Q: -0.0373268
T: -0.944102 Q: -0.0367801
T: -0.936213 Q: -0.0394604
T: -0.920673 Q: -0.0415083
T: -0.897956 Q: 0.830936
T: -0.868752 Q: -0.0536186
T: -0.833947 Q: -0.0614756
T: -0.7946 Q: 1.0308
T: -0.751906 Q: 2.70084
T: -0.707163 Q: -0.0748118
T: -0.661729 Q: -0.083823
T: -0.616985 Q: 1.43698
T: -0.574291 Q: -0.0778076
T: -0.534944 Q: -0.0777886
T: -0.500139 Q: 1.32625
T: -0.470935 Q: -0.0713371
T: -0.448218 Q: 1.58477
T: -0.432678 Q: -0.0670238
T: -0.424789 Q: -0.0620076
T: -0.424789 Q: -0.0715554
T: -0.432678 Q: -0.0539561
T: -0.448218 Q: 1.48746
T: -0.470935 Q: 4.06541
T: -0.500139 Q: 1.39089
T: -0.534944 Q: -0.0336305
T: -0.574291 Q: -0.0361862
T: -0.616985 Q: -0.0266458
T: -0.661729 Q: 2.20141
Sec_Event 13484587 N50: 45
T: -0.600375 Q: -0.00282536
T: -0.675487 Q: -0.00612558
T: -0.747158 Q: 0.89056
T: -0.813211 Q: -0.010659
T: -0.871637 Q: 0.95124
T: -0.920663 Q: 1.12179
T: -0.958799 Q: 0.978136
T: -0.984885 Q: 0.935736
T: -0.998129 Q: -0.0837369
T: -0.998129 Q: -0.0694431
T: -0.984885 Q: 0.905291
T: -0.958799 Q: -0.0712839
T: -0.920663 Q: 1.81192
T: -0.871637 Q: 2.8786
T: -0.813211 Q: 1.13093
T: -0.747158 Q: 0.955751
T: -0.675487 Q: -0.0147333
T: -0.600375 Q: 1.16293
T: -0.524104 Q: -0.00874175
T: -0.448992 Q: 1.34965
T: -0.377321 Q: 1.13647
T: -0.311269 Q: 1.03265
T: -0.252842 Q: -0.00215352
T: -0.203816 Q: -0.00177286
T: -0.165681 Q: 1.12848
T: -0.139595 Q: 1.13067
T: -0.126351 Q: -0.000262846
T: -0.126351 Q: -0.00136153
T: -0.139595 Q: -0.00543323
T: -0.165681 Q: -0.00102061
T: -0.203816 Q: -0.000867933
T: -0.252842 Q: -0.000749915
T: -0.311269 Q: -0.00192424
T: -0.377321 Q: -0.00188652
T: -0.448992 Q: -0.00133299
T: -0.524104 Q: -0.00242959
Sec_Event 13691819 N50: 34
T: 0.559627 Q: -0.0413792
T: 0.490727 Q: -0.0253888
T: 0.424983 Q: 0.838266
T: 0.364394 Q: 0.899998
T: 0.310799 Q: -0.0112065
T: 0.265828 Q: -0.0059343
T: 0.230846 Q: -0.00695027
T: 0.206918 Q: 0.908947
T: 0.194769 Q: -0.00208013
T: 0.194769 Q: -0.00144225
T: 0.206918 Q: -0.0010103
T: 0.230846 Q: 0.943775
T: 0.265828 Q: -0.000313295
T: 0.310799 Q: -0.000485551
T: 0.364394 Q: -0.00058137
T: 0.424983 Q: -0.000269758
T: 0.490727 Q: -0.000239448
T: 0.559627 Q: -0.000494326
T: 0.62959 Q: -0.00128561
T: 0.69849 Q: -0.000457426
T: 0.764234 Q: -0.00102622
T: 0.824823 Q: -0.00195039
T: 0.878418 Q: -0.00600842
T: 0.923389 Q: -0.00684589
T: 0.958371 Q: 2.84935
T: 0.982299 Q: 1.08799
T: 0.994448 Q: -0.0140406
T: 0.994448 Q: -0.0137823
T: 0.982299 Q: -0.0150908
T: 0.958371 Q: 1.44185
T: 0.923389 Q: -0.0217723
T: 0.878418 Q: 1.09485
T: 0.824823 Q: 2.70143
T: 0.764234 Q: -0.0324009
T: 0.69849 Q: -0.0405819
T: 0.62959 Q: 2.39437
300000/416463
Sec_Event 14725503 N50: 34
T: -0.0863194 Q: -0.00261294
T: -0.201103 Q: -0.0015919
T: -0.310628 Q: -0.0028631
T: -0.411567 Q: 1.06368
T: -0.500852 Q: -0.00296777
T: -0.575772 Q: 0.950828
T: -0.634049 Q: -0.00368677
T: -0.673913 Q: -0.00459267
T: -0.694152 Q: 1.96415
T: -0.694152 Q: -0.00813313
T: -0.673913 Q: -0.0103237
T: -0.634049 Q: -0.0107056
T: -0.575772 Q: -0.00887663
T: -0.500852 Q: 0.947389
T: -0.411567 Q: 2.00691
T: -0.310628 Q: 1.09794
T: -0.201103 Q: 2.00667
T: -0.0863194 Q: -0.0107727
T: 0.0302346 Q: -0.0117578
T: 0.145018 Q: 0.993168
T: 0.254543 Q: 2.19336
T: 0.355482 Q: -0.00991251
T: 0.444767 Q: -0.00653116
T: 0.519687 Q: -0.00928379
T: 0.577964 Q: -0.0113158
T: 0.617828 Q: -0.00612015
T: 0.638067 Q: -0.00674974
T: 0.638067 Q: -0.0094811
T: 0.617828 Q: 0.869915
T: 0.577964 Q: -0.00372994
T: 0.519687 Q: -0.00246419
T: 0.444767 Q: 2.38501
T: 0.355482 Q: -0.00206615
T: 0.254543 Q: -0.00257698
T: 0.145018 Q: -0.00153676
T: 0.0302346 Q: 1.26553
Sec_Event 15309703 N50: 38
T: -0.697096 Q: -0.0105467
T: -0.746063 Q: -0.0102891
T: -0.792787 Q: 1.16044
T: -0.835848 Q: -0.0072735
T: -0.873938 Q: 1.04989
T: -0.905899 Q: -0.00327096
T: -0.93076 Q: 3.68747
T: -0.947766 Q: -0.00307023
T: -0.9564 Q: 1.03644
T: -0.9564 Q: -0.00318681
T: -0.947766 Q: -0.00268509
T: -0.93076 Q: 1.01899
T: -0.905899 Q: 1.05098
T: -0.873938 Q: 1.14041
T: -0.835848 Q: 1.07564
T: -0.792787 Q: -0.00650567
T: -0.746063 Q: 1.26345
T: -0.697096 Q: -0.0106139
T: -0.647374 Q: -0.0116714
T: -0.598407 Q: -0.0175396
T: -0.551683 Q: -0.019771
T: -0.508622 Q: -0.0210722
T: -0.470532 Q: 0.887483
T: -0.438571 Q: 1.1946
T: -0.41371 Q: -0.0265071
T: -0.396704 Q: 0.988044
T: -0.38807 Q: -0.0351625
T: -0.38807 Q: -0.0333996
T: -0.396704 Q: -0.0295034
T: -0.41371 Q: -0.0315565
T: -0.438571 Q: -0.03274
T: -0.470532 Q: 0.935894
T: -0.508622 Q: -0.0230823
T: -0.551683 Q: -0.0189022
T: -0.598407 Q: -0.0143424
T: -0.647374 Q: -0.0115137
Sec_Event 15706644 N50: 33
T: -0.174759 Q: -0.0265963
T: -0.288188 Q: 1.25272
T: -0.39642 Q: -0.0399926
T: -0.496167 Q: 1.10296
T: -0.584399 Q: -0.0379715
T: -0.658434 Q: 1.08395
T: -0.716023 Q: -0.0332522
T: -0.755417 Q: -0.0225647
T: -0.775417 Q: -0.0211194
T: -0.775417 Q: -0.0228671
T: -0.755417 Q: 1.25261
T: -0.716023 Q: 1.1146
T: -0.658434 Q: -0.0195658
T: -0.584399 Q: -0.0187292
T: -0.496167 Q: 1.10998
T: -0.39642 Q: -0.0110687
T: -0.288188 Q: -0.0154743
T: -0.174759 Q: -0.0102545
T: -0.059581 Q: 1.04361
T: 0.0538474 Q: -0.0100861
T: 0.16208 Q: -0.0108265
T: 0.261827 Q: 1.30718
T: 0.350059 Q: 2.00124
T: 0.424094 Q: 0.953973
T: 0.481683 Q: -0.0184511
T: 0.521076 Q: -0.0388724
T: 0.541077 Q: -0.0399487
T: 0.541077 Q: -0.0418355
T: 0.521076 Q: 1.04199
T: 0.481683 Q: -0.0391515
T: 0.424094 Q: -0.0407952
T: 0.350059 Q: -0.0588841
T: 0.261827 Q: 1.16063
T: 0.16208 Q: -0.0355216
T: 0.0538474 Q: -0.0316862
T: -0.059581 Q: 2.49629
Sec_Event 16209065 N50: 37
T: 0.417463 Q: -0.0101229
T: 0.327625 Q: -0.0102348
T: 0.241902 Q: -0.0100982
T: 0.1629 Q: -0.00891233
T: 0.0930181 Q: 1.0349
T: 0.0343804 Q: 1.38228
T: -0.0112317 Q: -0.00845567
T: -0.0424321 Q: -0.0128378
T: -0.058273 Q: 2.24452
T: -0.058273 Q: -0.0147868
T: -0.0424321 Q: -0.014213
T: -0.0112317 Q: -0.0133454
T: 0.0343804 Q: 2.22503
T: 0.0930181 Q: -0.0159115
T: 0.1629 Q: -0.0184972
T: 0.241902 Q: 1.24841
T: 0.327625 Q: 1.25492
T: 0.417463 Q: -0.0277271
T: 0.508687 Q: -0.0310508
T: 0.598526 Q: -0.0465332
T: 0.684248 Q: -0.0286051
T: 0.763251 Q: -0.0263546
T: 0.833132 Q: -0.0233488
T: 0.89177 Q: -0.0176599
T: 0.937382 Q: 1.15181
T: 0.968583 Q: 1.42706
T: 0.984423 Q: -0.0142989
T: 0.984423 Q: -0.015251
T: 0.968583 Q: -0.0131946
T: 0.937382 Q: -0.0142455
T: 0.89177 Q: -0.0150977
T: 0.833132 Q: 1.1226
T: 0.763251 Q: -0.0242336
T: 0.684248 Q: -0.0194589
T: 0.598526 Q: -0.0169184
T: 0.508687 Q: 1.1018
Sec_Event 16209065 N50: 25
T: 0.465609 Q: -0.0257472
T: 0.381795 Q: -0.0289354
T: 0.301821 Q: -0.0238375
T: 0.228116 Q: 1.31616
T: 0.162921 Q: -0.0142257
T: 0.108216 Q: 1.16117
T: 0.0656622 Q: 1.32637
T: 0.036554 Q: 1.42015
T: 0.0217754 Q: -0.0267493
T: 0.0217754 Q: -0.0165501
T: 0.036554 Q: -0.0197016
T: 0.0656622 Q: -0.0262145
T: 0.108216 Q: -0.0267372
T: 0.162921 Q: -0.0248419
T: 0.228116 Q: -0.0285103
T: 0.301821 Q: 1.39425
T: 0.381795 Q: -0.0376481
T: 0.465609 Q: 1.44577
T: 0.550715 Q: -0.0405219
T: 0.634529 Q: -0.038805
T: 0.714503 Q: -0.0412196
T: 0.788208 Q: 1.25181
T: 0.853403 Q: -0.0281183
T: 0.908109 Q: -0.0211389
T: 0.950662 Q: -0.0177124
T: 0.97977 Q: -0.0163601
T: 0.994549 Q: 1.47589
T: 0.994549 Q: -0.0195318
T: 0.97977 Q: -0.0177024
T: 0.950662 Q: -0.0183464
T: 0.908109 Q: -0.0191997
T: 0.853403 Q: -0.0250034
T: 0.788208 Q: -0.0273681
T: 0.714503 Q: -0.0294247
T: 0.634529 Q: -0.0288435
T: 0.550715 Q: 1.52315
Sec_Event 16295433 N50: 26
T: 0.520346 Q: -0.0260036
T: 0.444622 Q: -0.0256372
T: 0.372367 Q: -0.0424296
T: 0.305776 Q: -0.0285753
T: 0.246874 Q: 2.4397
T: 0.197448 Q: -0.0268241
T: 0.159002 Q: -0.0343733
T: 0.132703 Q: -0.0285778
T: 0.119351 Q: -0.0298869
T: 0.119351 Q: -0.0328353
T: 0.132703 Q: -0.0313001
T: 0.159002 Q: -0.0295159
T: 0.197448 Q: -0.0296058
T: 0.246874 Q: -0.0353107
T: 0.305776 Q: 1.17878
T: 0.372367 Q: -0.037046
T: 0.444622 Q: -0.0301804
T: 0.520346 Q: -0.0330638
T: 0.597239 Q: -0.034694
T: 0.672963 Q: 2.22825
T: 0.745218 Q: -0.0260907
T: 0.811809 Q: 1.0221
T: 0.870711 Q: -0.0229395
T: 0.920137 Q: -0.0156053
T: 0.958583 Q: 1.29597
T: 0.984882 Q: -0.0145937
T: 0.998234 Q: 1.39926
T: 0.998234 Q: -0.013825
T: 0.984882 Q: 1.3985
T: 0.958583 Q: -0.0158787
T: 0.920137 Q: -0.0201024
T: 0.870711 Q: -0.0208578
T: 0.811809 Q: -0.0249388
T: 0.745218 Q: -0.0260656
T: 0.672963 Q: 1.09293
T: 0.597239 Q: -0.0383812
Sec_Event 16295433 N50: 29
T: -0.71161 Q: -0.039122
T: -0.75429 Q: 1.17851
T: -0.795015 Q: -0.0349896
T: -0.832547 Q: -0.0383795
T: -0.865746 Q: -0.0323045
T: -0.893603 Q: -0.0334728
T: -0.915272 Q: -0.0257599
T: -0.930095 Q: -0.0232463
T: -0.93762 Q: -0.025277
T: -0.93762 Q: 2.64953
T: -0.930095 Q: -0.0324252
T: -0.915272 Q: -0.0252251
T: -0.893603 Q: 1.19546
T: -0.865746 Q: -0.0226549
T: -0.832547 Q: -0.020317
T: -0.795015 Q: -0.0177603
T: -0.75429 Q: -0.0112604
T: -0.71161 Q: 1.05074
T: -0.668272 Q: -0.00920283
T: -0.625592 Q: 1.33946
T: -0.584867 Q: -0.0117415
T: -0.547335 Q: -0.011334
T: -0.514136 Q: -0.0101027
T: -0.486278 Q: -0.0092333
T: -0.464609 Q: 1.07894
T: -0.449787 Q: -0.012366
T: -0.442261 Q: -0.0102029
T: -0.442261 Q: -0.018683
T: -0.449787 Q: -0.0212014
T: -0.464609 Q: -0.0185591
T: -0.486278 Q: -0.0226692
T: -0.514136 Q: -0.0273105
T: -0.547335 Q: -0.0340842
T: -0.584867 Q: -0.0341708
T: -0.625592 Q: -0.0442254
T: -0.668272 Q: -0.0439771
Sec_Event 16969452 N50: 35
T: -0.0641508 Q: -0.00179068
T: -0.179012 Q: -0.00586826
T: -0.288612 Q: -0.00451022
T: -0.38962 Q: 1.14961
T: -0.478966 Q: 1.10042
T: -0.553937 Q: -0.00850676
T: -0.612254 Q: -0.00989507
T: -0.652145 Q: -0.0113234
T: -0.672398 Q: -0.0174805
T: -0.672398 Q: -0.0287522
T: -0.652145 Q: 1.05054
T: -0.612254 Q: -0.0301083
T: -0.553937 Q: 1.18729
T: -0.478966 Q: -0.0241462
T: -0.38962 Q: -0.0245607
T: -0.288612 Q: -0.025749
T: -0.179012 Q: 3.36929
T: -0.0641508 Q: -0.0192859
T: 0.0524827 Q: 2.25153
T: 0.167344 Q: -0.0329705
T: 0.276944 Q: -0.0233979
T: 0.377952 Q: 1.45364
T: 0.467298 Q: -0.0219832
T: 0.542269 Q: -0.0234262
T: 0.600586 Q: -0.0138734
T: 0.640477 Q: -0.0144665
T: 0.66073 Q: -0.0135828
T: 0.66073 Q: 1.11895
T: 0.640477 Q: -0.00818136
T: 0.600586 Q: -0.00884859
T: 0.542269 Q: 1.19386
T: 0.467298 Q: -0.0100475
T: 0.377952 Q: -0.00370873
T: 0.276944 Q: -0.00407841
T: 0.167344 Q: -0.00269953
T: 0.0524827 Q: -0.00179943
Sec_Event 16969452 N50: 34
T: 0.366782 Q: -0.00152915
T: 0.271511 Q: -0.000910028
T: 0.180606 Q: -0.00113691
T: 0.0968264 Q: -0.000816392
T: 0.0227194 Q: -0.00133189
T: -0.0394638 Q: 1.13388
T: -0.0878338 Q: -0.00100855
T: -0.120921 Q: -0.00475077
T: -0.13772 Q: 1.21979
T: -0.13772 Q: 1.2498
T: -0.120921 Q: -0.00691153
T: -0.0878338 Q: 2.61519
T: -0.0394638 Q: -0.00528187
T: 0.0227194 Q: 1.20558
T: 0.0968264 Q: -0.0137802
T: 0.180606 Q: -0.0329612
T: 0.271511 Q: -0.0119291
T: 0.366782 Q: -0.0170428
T: 0.463522 Q: -0.0169008
T: 0.558792 Q: -0.0228516
T: 0.649698 Q: -0.0243638
T: 0.733477 Q: -0.0157612
T: 0.807584 Q: -0.0121641
T: 0.869767 Q: -0.0113751
T: 0.918137 Q: -0.00588022
T: 0.951224 Q: -0.00634591
T: 0.968023 Q: -0.00716165
T: 0.968023 Q: -0.00623307
T: 0.951224 Q: -0.00830083
T: 0.918137 Q: -0.00703733
T: 0.869767 Q: -0.00783554
T: 0.807584 Q: -0.00573491
T: 0.733477 Q: -0.0055167
T: 0.649698 Q: -0.0035578
T: 0.558792 Q: -0.00120762
T: 0.463522 Q: -0.000959406
Sec_Event 17004366 N50: 38
T: -0.718575 Q: 1.86143
T: -0.757698 Q: 0.945788
T: -0.795028 Q: 0.974504
T: -0.829432 Q: -0.00413278
T: -0.859864 Q: 0.767349
T: -0.8854 Q: 1.25963
T: -0.905263 Q: 0.967701
T: -0.91885 Q: -0.00713315
T: -0.925748 Q: 1.53675
T: -0.925748 Q: 0.774729
T: -0.91885 Q: 0.657629
T: -0.905263 Q: 0.778329
T: -0.8854 Q: -0.0461578
T: -0.859864 Q: -0.0554321
T: -0.829432 Q: -0.0521849
T: -0.795028 Q: -0.0570968
T: -0.757698 Q: -0.0652626
T: -0.718575 Q: -0.0749522
T: -0.678849 Q: 1.25628
T: -0.639726 Q: -0.0800939
T: -0.602396 Q: -0.0701483
T: -0.567992 Q: -0.0647513
T: -0.53756 Q: -0.0684164
T: -0.512024 Q: -0.0654781
T: -0.492161 Q: -0.059267
T: -0.478574 Q: 1.12573
T: -0.471675 Q: 2.29665
T: -0.471675 Q: 1.19219
T: -0.478574 Q: -0.0250486
T: -0.492161 Q: 0.95111
T: -0.512024 Q: -0.0130604
T: -0.53756 Q: 1.65555
T: -0.567992 Q: 0.858911
T: -0.602396 Q: 1.89402
T: -0.639726 Q: -0.00500551
T: -0.678849 Q: 0.800629
Sec_Event 17850530 N50: 28
T: -0.0457495 Q: 1.29516
T: -0.160598 Q: -0.00839963
T: -0.270186 Q: -0.00671031
T: -0.371182 Q: -0.00595593
T: -0.460518 Q: -0.00719065
T: -0.535481 Q: -0.00733415
T: -0.593791 Q: -0.0116201
T: -0.633677 Q: -0.0104929
T: -0.653928 Q: 1.26829
T: -0.653928 Q: -0.0188867
T: -0.633677 Q: -0.0167458
T: -0.593791 Q: -0.0147282
T: -0.535481 Q: -0.0152641
T: -0.460518 Q: 1.09481
T: -0.371182 Q: -0.00909202
T: -0.270186 Q: -0.0108948
T: -0.160598 Q: -0.00836991
T: -0.0457495 Q: -0.0120546
T: 0.070871 Q: -0.00857066
T: 0.18572 Q: -0.0111181
T: 0.295307 Q: 0.938067
T: 0.396304 Q: 0.94319
T: 0.48564 Q: 1.19518
T: 0.560602 Q: -0.00890312
T: 0.618912 Q: -0.00814115
T: 0.658799 Q: -0.00783599
T: 0.67905 Q: -0.00810702
T: 0.67905 Q: -0.00584295
T: 0.658799 Q: -0.00600394
T: 0.618912 Q: -0.0124336
T: 0.560602 Q: -0.00988444
T: 0.48564 Q: -0.00650716
T: 0.396304 Q: -0.00514128
T: 0.295307 Q: -0.00870909
T: 0.18572 Q: -0.00784137
T: 0.070871 Q: 1.19839
Sec_Event 18158644 N50: 26
T: -0.401797 Q: 1.20054
T: -0.503095 Q: -0.020088
T: -0.599752 Q: -0.0224632
T: -0.688832 Q: -0.0248789
T: -0.767628 Q: -0.0204954
T: -0.833745 Q: 1.21004
T: -0.885175 Q: -0.0141297
T: -0.920356 Q: -0.0143502
T: -0.938217 Q: -0.0117968
T: -0.938217 Q: -0.0121575
T: -0.920356 Q: -0.0133676
T: -0.885175 Q: -0.0137358
T: -0.833745 Q: -0.0161272
T: -0.767628 Q: 1.23553
T: -0.688832 Q: -0.0158137
T: -0.599752 Q: 1.31065
T: -0.503095 Q: -0.0127048
T: -0.401797 Q: -0.0100279
T: -0.298936 Q: -0.00841094
T: -0.197639 Q: -0.00728713
T: -0.100981 Q: 1.11953
T: -0.0119014 Q: -0.0071238
T: 0.0668943 Q: -0.0163089
T: 0.133012 Q: 1.49367
T: 0.184442 Q: -0.00780323
T: 0.219622 Q: 1.25563
T: 0.237484 Q: -0.00881383
T: 0.237484 Q: -0.0139696
T: 0.219622 Q: -0.0112619
T: 0.184442 Q: -0.0155413
T: 0.133012 Q: 1.17391
T: 0.0668943 Q: -0.0139778
T: -0.0119014 Q: -0.0136777
T: -0.100981 Q: -0.0154652
T: -0.197639 Q: -0.012588
T: -0.298936 Q: 1.44356
400000/416463
Sec_Event 18881143 N50: 27
T: 0.593898 Q: 0.783595
T: 0.531851 Q: -0.0113348
T: 0.472647 Q: -0.0151846
T: 0.418085 Q: -0.0213863
T: 0.369821 Q: 1.15204
T: 0.329323 Q: -0.0322528
T: 0.297822 Q: 2.25998
T: 0.276273 Q: -0.0375623
T: 0.265333 Q: 1.1227
T: 0.265333 Q: -0.045816
T: 0.276273 Q: -0.0466498
T: 0.297822 Q: -0.0546571
T: 0.329323 Q: 1.25689
T: 0.369821 Q: 1.18925
T: 0.418085 Q: -0.0778705
T: 0.472647 Q: -0.0552316
T: 0.531851 Q: -0.0528932
T: 0.593898 Q: -0.0500741
T: 0.656901 Q: -0.0480398
T: 0.718948 Q: -0.0354374
T: 0.778152 Q: -0.0315562
T: 0.832714 Q: 2.90036
T: 0.880978 Q: -0.0170595
T: 0.921476 Q: 1.34497
T: 0.952977 Q: -0.0210804
T: 0.974526 Q: -0.0223331
T: 0.985466 Q: -0.0199171
T: 0.985466 Q: -0.0122506
T: 0.974526 Q: -0.016967
T: 0.952977 Q: 1.16625
T: 0.921476 Q: -0.00933837
T: 0.880978 Q: -0.00796158
T: 0.832714 Q: -0.0062552
T: 0.778152 Q: -0.0109943
T: 0.718948 Q: 0.940744
T: 0.656901 Q: -0.00781281
Sec_Event 18988753 N50: 26
T: -0.06251 Q: 0.961551
T: -0.177373 Q: 1.01398
T: -0.286975 Q: -0.0185848
T: -0.387984 Q: -0.017385
T: -0.477332 Q: -0.0167616
T: -0.552303 Q: -0.0154694
T: -0.610621 Q: -0.0161097
T: -0.650513 Q: -0.0149193
T: -0.670766 Q: -0.0102453
T: -0.670766 Q: -0.00971068
T: -0.650513 Q: -0.00468971
T: -0.610621 Q: 2.20784
T: -0.552303 Q: 0.916546
T: -0.477332 Q: -0.002338
T: -0.387984 Q: -0.00136833
T: -0.286975 Q: -0.00169666
T: -0.177373 Q: -0.00142721
T: -0.06251 Q: -0.0039236
T: 0.0541253 Q: 1.04136
T: 0.168989 Q: 1.04491
T: 0.27859 Q: 0.991068
T: 0.379599 Q: -0.000924064
T: 0.468947 Q: -0.00511484
T: 0.543919 Q: -0.006179
T: 0.602236 Q: -0.00339257
T: 0.642128 Q: -0.00654126
T: 0.662381 Q: -0.00770987
T: 0.662381 Q: -0.0142282
T: 0.642128 Q: -0.0109691
T: 0.602236 Q: 0.922197
T: 0.543919 Q: -0.0179541
T: 0.468947 Q: -0.0166954
T: 0.379599 Q: -0.0146367
T: 0.27859 Q: -0.0131919
T: 0.168989 Q: -0.0170933
T: 0.0541253 Q: -0.0211654
Sec_Event 19155414 N50: 33
T: -0.243993 Q: -0.000783188
T: -0.461195 Q: -0.000678945
T: -0.558935 Q: 1.04301
T: -0.645392 Q: -0.00305579
T: -0.717937 Q: 2.08257
T: -0.774368 Q: -0.00123662
T: -0.812969 Q: -0.0034475
T: -0.832567 Q: -0.0049188
T: -0.832567 Q: -0.00488501
T: -0.812969 Q: -0.00854696
T: -0.774368 Q: -0.0130135
T: -0.717937 Q: -0.0111366
T: -0.645392 Q: 0.862735
T: -0.558935 Q: -0.0113993
T: -0.461195 Q: -0.00669392
T: -0.35514 Q: -0.0105347
T: -0.243993 Q: -0.00828026
T: -0.131132 Q: -0.00875829
T: -0.0199858 Q: 0.946828
T: 0.0860689 Q: 0.851313
T: 0.183809 Q: -0.0024164
T: 0.270266 Q: 0.887546
T: 0.342812 Q: 0.923825
T: 0.399242 Q: 0.905474
T: 0.437843 Q: -0.000879414
T: 0.457441 Q: -0.000598804
T: 0.457441 Q: 1.0562
T: 0.437843 Q: -0.000729057
T: 0.399242 Q: 2.53583
T: 0.342812 Q: 1.0608
T: 0.270266 Q: -0.00296541
T: 0.183809 Q: -0.000374043
T: 0.0860689 Q: -0.00023832
T: -0.0199858 Q: -0.000555053
Sec_Event 19294981 N50: 31
T: -0.63005 Q: 2.04572
T: -0.698844 Q: -0.0134457
T: -0.764486 Q: -0.00930855
T: -0.824983 Q: 1.04067
T: -0.878495 Q: -0.00740868
T: -0.923397 Q: -0.00458566
T: -0.958324 Q: 1.1394
T: -0.982216 Q: -0.0044661
T: -0.994347 Q: -0.00419069
T: -0.994347 Q: -0.00408609
T: -0.982216 Q: -0.00399147
T: -0.958324 Q: 2.73806
T: -0.923397 Q: -0.0046093
T: -0.878495 Q: -0.00494053
T: -0.824983 Q: 1.09478
T: -0.764486 Q: -0.00328146
T: -0.698844 Q: -0.00331818
T: -0.63005 Q: 2.11428
T: -0.560195 Q: 1.05672
T: -0.491401 Q: -0.0050586
T: -0.425759 Q: -0.00789685
T: -0.365262 Q: -0.00225678
T: -0.31175 Q: 1.01134
T: -0.266848 Q: -0.00705809
T: -0.23192 Q: -0.00549557
T: -0.208029 Q: -0.00690003
T: -0.195898 Q: -0.0119156
T: -0.195898 Q: -0.0126904
T: -0.208029 Q: -0.0140823
T: -0.23192 Q: 1.2003
T: -0.266848 Q: -0.0212522
T: -0.31175 Q: -0.0247244
T: -0.365262 Q: -0.030235
T: -0.425759 Q: -0.0287958
T: -0.491401 Q: 0.873432
T: -0.560195 Q: -0.0262986

gestpm: TOTAL NUMBER PMT: WALL; TOP; BOTTOM; ALL  7650  1748  1748 11146
 *****************************
 * This is for SK-VI map      *
 *****************************
 findconsts: connection table file: /home/licheng/local/skofl/const//connection.super.dat
gexyz: PMT # FOR EACH SECTION       1  7650  7651  9398  9399 11146
gexyz: maxpm,nlwal     11146      7650
 findconsts: connection table1 file: /home/licheng/local/skofl/const//connection.super.dat
 findconsts: connection table2 file: /home/licheng/local/skofl/const//connection.super.sk-5.dat
 findfile: checking /home/licheng/local/skofl/const//misch3.dat
 findfile: found /home/licheng/local/skofl/const//misch3.dat
 findconsts: mis channel file: /home/licheng/local/skofl/const//misch3.dat
 findfile: checking /home/licheng/local/skofl/const//skpmt_sk5.dat
 findfile: found /home/licheng/local/skofl/const//skpmt_sk5.dat
 findconsts: pmt file: /home/licheng/local/skofl/const//skpmt_sk5.dat
gestpma: TOTAL NUMBER anti PMT: WALL; TOP; BOTTOM; ALL  1275   302   308  1885
gexyza: anti PMT # FOR EACH SECTION       1  1275  1276  1577  1578  1885
 maxpma,nlwala      1885      1275
 skbadch: log_level =            0
 findconsts: badch.090463 file: /home/licheng/local/skofl/const//badch/badch.090463
 findconsts: bad channel file: /home/licheng/local/skofl/const//badch.dat
 findconsts: badch.090463 file: /home/licheng/local/skofl/const//badch/badch.090463
 skdark: log_level =            0
 findconsts: darkr.090463.root file: /home/licheng/local/skofl/const//darkr/darkr.090463.root
 findconsts: badsub SK-I 1 file: /home/licheng/local/skofl/const//lowe/badsub.sk.r1742-3051.r3208-3608
 nbad 1 =         1851
 findconsts: badsub SK-I 2 file: /home/licheng/local/skofl/const//lowe/badsub.sk.realtim
 nbad 2 =        17511
 findconsts: badsub SK-I 3 file: /home/licheng/local/skofl/const//lowe/badsub.sk.manual.1260day
 nbad 3 =        21939
 findconsts: badsub SK-I 4 file: /home/licheng/local/skofl/const//lowe/badsub.sk.sle.1260day
 nbad 4 =        28004
 findconsts: badsub SK-I 5 file: /home/licheng/local/skofl/const//lowe/badsub.sk.manual
 nbad 5 =        28105
 findconsts: badsub SK-I 6 file: /home/licheng/local/skofl/const//lowe/badsub.sk.sle
 nbad 6 =        28105
 findconsts: badsub SK-II 1 file: /home/licheng/local/skofl/const//lowe/badsub.sk2.manual
 nbad_sk2 SK-II 1 =        27759
 findconsts: badsub SK-III 1 file: /home/licheng/local/skofl/const//lowe/badsub.sk3.manual
 nbad_sk3 SK-III 1 =         4149
 findconsts: badsub SK-IV file: /home/licheng/local/skofl/const//lowe/badsub.sk4.manual
 nbad_sk4 SK-IV =        66921
 read local badsub.sk5.manual.local
 nbad_sk5 SK-V =         2595
 read local badsub.sk6.manual.local
 nbad_sk6 SK-VI (Gd) =         7717
 findconsts: skcoverage_barrel file: /home/licheng/local/skofl/const//lowe/skcov_b_p3.dat
 findconsts: nearest neighbor file: /home/licheng/local/skofl/const//neighb.dat
 neighbsk: reading neighbor file /home/licheng/local/skofl/const//neighb.dat
 findconsts: skcoverage_sk4_final file: /home/licheng/local/skofl/const//lowe/skcov_c_p3.dat
