Output file: output/wt_090413.root input file:/disk03/lowe10/sk7/sle/lomugd.090413.root
 Id of this manager : 10
InitReadRoot: total = 643297
RUNINFO found in the rare list
SK geometry setting: 6
***** Dummy rgetvalue was called. (Remote File Access is not supported) *****
==========WT:========== 16657.6 14561.1 12580.3
0/643297
Sec_Event 674635 N50: 39
T: -0.252628 Q: -0.0138898
T: -0.36341 Q: -0.0106396
T: -0.469117 Q: -0.010644
T: -0.566537 Q: -0.0124067
T: -0.65271 Q: 1.25506
T: -0.725018 Q: 1.08916
T: -0.781263 Q: -0.00818431
T: -0.819737 Q: -0.00799706
T: -0.839271 Q: -0.00732975
T: -0.839271 Q: 2.25544
T: -0.819737 Q: -0.00774506
T: -0.781263 Q: 1.16936
T: -0.725018 Q: -0.0102598
T: -0.65271 Q: -0.0131659
T: -0.566537 Q: -0.0117316
T: -0.469117 Q: -0.00984105
T: -0.36341 Q: -0.0107905
T: -0.252628 Q: 1.28574
T: -0.140137 Q: 1.13119
T: -0.0293554 Q: -0.00772785
T: 0.0763515 Q: -0.00711872
T: 0.173771 Q: 1.15298
T: 0.259944 Q: -0.00835897
T: 0.332252 Q: -0.00803207
T: 0.388498 Q: -0.0112004
T: 0.426972 Q: -0.0084706
T: 0.446506 Q: -0.0102418
T: 0.446506 Q: -0.0120431
T: 0.426972 Q: -0.0111925
T: 0.388498 Q: -0.00842012
T: 0.332252 Q: -0.00734251
T: 0.259944 Q: -0.00654265
T: 0.173771 Q: 1.16069
T: 0.0763515 Q: -0.0089351
T: -0.0293554 Q: -0.0119676
T: -0.140137 Q: -0.00577877
Sec_Event 1830548 N50: 51
T: 0.250539 Q: -0.00638642
T: 0.145708 Q: -0.00896507
T: 0.0456794 Q: -0.00424768
T: -0.0465075 Q: -0.00345455
T: -0.128052 Q: -0.00403309
T: -0.196475 Q: -0.00495989
T: -0.249699 Q: 2.15523
T: -0.286107 Q: -0.0071038
T: -0.304591 Q: -0.00719917
T: -0.304591 Q: -0.00539721
T: -0.286107 Q: 2.54812
T: -0.249699 Q: 1.355
T: -0.196475 Q: -0.00490644
T: -0.128052 Q: -0.00185409
T: -0.0465075 Q: -0.00300025
T: 0.0456794 Q: -0.00269677
T: 0.145708 Q: 1.12728
T: 0.250539 Q: -0.00311949
T: 0.356987 Q: 1.09069
T: 0.461819 Q: 1.05592
T: 0.561847 Q: 1.2659
T: 0.654034 Q: 1.26366
T: 0.735578 Q: -0.00661726
T: 0.804002 Q: -0.00801602
T: 0.857226 Q: 1.11964
T: 0.893633 Q: -0.00767923
T: 0.912118 Q: 1.49457
T: 0.912118 Q: -0.00511261
T: 0.893633 Q: 1.31553
T: 0.857226 Q: -0.0106497
T: 0.804002 Q: 1.13866
T: 0.735578 Q: 1.01429
T: 0.654034 Q: 1.07534
T: 0.561847 Q: -0.00927568
T: 0.461819 Q: -0.00869107
T: 0.356987 Q: -0.00926299
Sec_Event 2143204 N50: 36
T: 0.350821 Q: -0.0730636
T: 0.254012 Q: 1.2845
T: 0.161638 Q: 2.87521
T: 0.0765051 Q: -0.0474915
T: 0.00120088 Q: -0.0443508
T: -0.0619868 Q: -0.0437432
T: -0.111138 Q: -0.0345293
T: -0.14476 Q: -0.0255436
T: -0.16183 Q: -0.0279784
T: -0.16183 Q: -0.0179606
T: -0.14476 Q: -0.023486
T: -0.111138 Q: -0.011683
T: -0.0619868 Q: -0.00768539
T: 0.00120088 Q: -0.00467481
T: 0.0765051 Q: 0.945995
T: 0.161638 Q: -0.00270661
T: 0.254012 Q: 1.03232
T: 0.350821 Q: 1.26711
T: 0.449124 Q: 1.09186
T: 0.545933 Q: 1.049
T: 0.638307 Q: -0.00244334
T: 0.72344 Q: -0.00424236
T: 0.798744 Q: -0.00777522
T: 0.861931 Q: 0.792426
T: 0.911083 Q: 0.926552
T: 0.944704 Q: -0.0458992
T: 0.961774 Q: -0.0264753
T: 0.961774 Q: -0.0346639
T: 0.944704 Q: 1.39858
T: 0.911083 Q: -0.0344796
T: 0.861931 Q: -0.033704
T: 0.798744 Q: -0.0434303
T: 0.72344 Q: -0.0592932
T: 0.638307 Q: -0.0749556
T: 0.545933 Q: -0.0704983
T: 0.449124 Q: 1.68018
Sec_Event 2580770 N50: 47
T: -0.107933 Q: 1.45738
T: -0.222541 Q: -0.0474027
T: -0.331898 Q: -0.0557601
T: -0.432682 Q: 3.7722
T: -0.521831 Q: -0.0724132
T: -0.596636 Q: -0.0807652
T: -0.654824 Q: -0.0824568
T: -0.694627 Q: -0.0812652
T: -0.714835 Q: -0.0798939
T: -0.714835 Q: -0.0691677
T: -0.694627 Q: -0.0659338
T: -0.654824 Q: 0.886841
T: -0.596636 Q: 2.78292
T: -0.521831 Q: -0.0231689
T: -0.432682 Q: 2.96419
T: -0.331898 Q: -0.0120585
T: -0.222541 Q: 1.07944
T: -0.107933 Q: -0.0119632
T: 0.00844212 Q: 0.834957
T: 0.12305 Q: 0.987495
T: 0.232407 Q: -0.00862338
T: 0.333191 Q: 0.854845
T: 0.42234 Q: 0.919373
T: 0.497145 Q: 1.67378
T: 0.555332 Q: -0.00380357
T: 0.595135 Q: -0.00154938
T: 0.615344 Q: -0.00335427
T: 0.615344 Q: -0.00165041
T: 0.595135 Q: -0.00308704
T: 0.555332 Q: -0.00364122
T: 0.497145 Q: 0.903666
T: 0.42234 Q: 0.775547
T: 0.333191 Q: 0.654708
T: 0.232407 Q: -0.0385397
T: 0.12305 Q: -0.0778869
T: 0.00844212 Q: -0.0397036
Sec_Event 3207939 N50: 29
T: 0.181437 Q: -0.00427968
T: 0.0725555 Q: -0.00319593
T: -0.0313385 Q: -0.00719147
T: -0.127088 Q: -0.00341636
T: -0.211783 Q: 0.941584
T: -0.28285 Q: -0.00336241
T: -0.338131 Q: -0.0062944
T: -0.375946 Q: 1.02841
T: -0.395144 Q: 1.00833
T: -0.395144 Q: -0.00150162
T: -0.375946 Q: 0.963594
T: -0.338131 Q: -0.00199156
T: -0.28285 Q: 1.05622
T: -0.211783 Q: -0.00244031
T: -0.127088 Q: -0.00125247
T: -0.0313385 Q: -0.00316759
T: 0.0725555 Q: -0.00200601
T: 0.181437 Q: 0.968766
T: 0.291999 Q: -0.0254848
T: 0.400881 Q: -0.00128277
T: 0.504775 Q: -0.00356877
T: 0.600524 Q: -0.00332974
T: 0.685219 Q: 1.05982
T: 0.756287 Q: -0.0056055
T: 0.811568 Q: -0.00754417
T: 0.849382 Q: -0.00507725
T: 0.868581 Q: -0.00589847
T: 0.868581 Q: -0.0060093
T: 0.849382 Q: -0.00531562
T: 0.811568 Q: 2.15685
T: 0.756287 Q: -0.00969064
T: 0.685219 Q: 0.895503
T: 0.600524 Q: -0.00943416
T: 0.504775 Q: 0.878769
T: 0.400881 Q: -0.00883691
T: 0.291999 Q: -0.00539356
Sec_Event 3524481 N50: 28
T: -0.0619666 Q: -0.0207269
T: -0.17683 Q: -0.027782
T: -0.286432 Q: 1.15462
T: -0.387442 Q: -0.024868
T: -0.47679 Q: 1.11896
T: -0.551762 Q: 1.10066
T: -0.61008 Q: -0.0640508
T: -0.649971 Q: 1.29711
T: -0.670225 Q: 1.20483
T: -0.670225 Q: 1.4337
T: -0.649971 Q: 1.10064
T: -0.61008 Q: -0.0725467
T: -0.551762 Q: -0.0624147
T: -0.47679 Q: -0.042021
T: -0.387442 Q: -0.0386059
T: -0.286432 Q: 1.31271
T: -0.17683 Q: -0.0303852
T: -0.0619666 Q: -0.0298855
T: 0.0546691 Q: 1.42748
T: 0.169533 Q: -0.0407121
T: 0.279135 Q: 1.19804
T: 0.380144 Q: -0.0370753
T: 0.469492 Q: 0.860796
T: 0.544464 Q: -0.0268131
T: 0.602782 Q: 0.962955
T: 0.642674 Q: -0.0192075
T: 0.662928 Q: -0.0165625
T: 0.662928 Q: -0.0171161
T: 0.642674 Q: -0.0236322
T: 0.602782 Q: 1.17636
T: 0.544464 Q: -0.0203577
T: 0.469492 Q: 1.16992
T: 0.380144 Q: -0.0255766
T: 0.279135 Q: -0.0268444
T: 0.169533 Q: -0.0198169
T: 0.0546691 Q: -0.0247421
Sec_Event 3791824 N50: 36
T: -0.0376002 Q: -0.0127144
T: -0.152421 Q: -0.0124837
T: -0.261981 Q: -0.0137703
T: -0.362953 Q: -0.0133591
T: -0.452267 Q: -0.0149013
T: -0.527211 Q: 0.830513
T: -0.585507 Q: -0.00657947
T: -0.625384 Q: 1.73902
T: -0.64563 Q: -0.00241056
T: -0.64563 Q: -0.0020378
T: -0.625384 Q: -0.00114763
T: -0.585507 Q: 0.919014
T: -0.527211 Q: 1.04987
T: -0.452267 Q: -0.000355153
T: -0.362953 Q: -0.000315853
T: -0.261981 Q: 1.11945
T: 0.0789917 Q: 1.36275
T: 0.303373 Q: 1.37692
T: 0.493659 Q: 1.26934
T: 0.568603 Q: -0.000675609
T: 0.626899 Q: -0.000582996
T: 0.666776 Q: -0.00491361
T: 0.687022 Q: -0.0020425
T: 0.687022 Q: -0.00292386
T: 0.666776 Q: -0.00702892
T: 0.626899 Q: -0.00951571
T: 0.568603 Q: 0.839488
T: 0.493659 Q: 0.854885
T: 0.404344 Q: -0.0155291
T: 0.303373 Q: -0.0130446
T: 0.193812 Q: 0.968944
T: 0.0789917 Q: -0.0105247
Sec_Event 3896968 N50: 43
T: -0.364833 Q: -0.0307611
T: -0.469092 Q: -0.0285531
T: -0.568574 Q: 1.46916
T: -0.660258 Q: 2.49425
T: -0.741357 Q: -0.0593517
T: -0.809407 Q: -0.0538732
T: -0.86234 Q: 4.26051
T: -0.898549 Q: -0.0424419
T: -0.916933 Q: -0.0392813
T: -0.916933 Q: -0.0405959
T: -0.898549 Q: -0.0413617
T: -0.86234 Q: -0.0460784
T: -0.809407 Q: 1.06935
T: -0.741357 Q: -0.0389689
T: -0.660258 Q: -0.0273832
T: -0.568574 Q: 1.35026
T: -0.469092 Q: -0.0153302
T: -0.364833 Q: -0.0125688
T: -0.258966 Q: -0.0180591
T: -0.154707 Q: 2.95118
T: -0.0552243 Q: -0.0158502
T: 0.0364593 Q: -0.0144665
T: 0.117558 Q: -0.0146466
T: 0.185608 Q: 2.38661
T: 0.238542 Q: 1.12333
T: 0.274751 Q: -0.0197302
T: 0.293134 Q: -0.0209751
T: 0.293134 Q: 2.45505
T: 0.274751 Q: 1.25668
T: 0.238542 Q: 1.43237
T: 0.185608 Q: 1.32912
T: 0.117558 Q: 1.24687
T: 0.0364593 Q: -0.0183759
T: -0.0552243 Q: -0.0193948
T: -0.154707 Q: -0.0217604
T: -0.258966 Q: -0.0250726
Sec_Event 3896968 N50: 35
T: -0.74538 Q: -0.0442257
T: -0.755684 Q: 1.00806
T: -0.765516 Q: -0.0447165
T: -0.774577 Q: -0.0459637
T: -0.782593 Q: 3.62354
T: -0.789318 Q: -0.0578151
T: -0.79455 Q: -0.061195
T: -0.798128 Q: -0.0460112
T: -0.799945 Q: 1.02353
T: -0.799945 Q: -0.0410834
T: -0.798128 Q: 3.41627
T: -0.79455 Q: -0.0397869
T: -0.789318 Q: -0.0499361
T: -0.782593 Q: -0.0435365
T: -0.774577 Q: 0.96197
T: -0.765516 Q: 0.935556
T: -0.755684 Q: -0.0323727
T: -0.74538 Q: -0.033905
T: -0.734917 Q: 1.1403
T: -0.724613 Q: -0.0298167
T: -0.714781 Q: -0.0270324
T: -0.70572 Q: 1.02365
T: -0.697705 Q: -0.0275966
T: -0.690979 Q: -0.0300914
T: -0.685748 Q: -0.0249025
T: -0.682169 Q: -0.0253228
T: -0.680353 Q: -0.0322916
T: -0.680353 Q: -0.0231325
T: -0.682169 Q: -0.0254036
T: -0.685748 Q: -0.0337975
T: -0.690979 Q: -0.0333575
T: -0.697705 Q: -0.031896
T: -0.70572 Q: -0.0334806
T: -0.714781 Q: -0.0404111
T: -0.724613 Q: -0.0423367
T: -0.734917 Q: 1.3121
Sec_Event 3896968 N50: 31
T: -0.726669 Q: -0.0394334
T: -0.760959 Q: 1.01904
T: -0.793678 Q: 1.09306
T: -0.823831 Q: 1.25449
T: -0.850504 Q: -0.0447798
T: -0.872885 Q: -0.0461056
T: -0.890295 Q: 1.6487
T: -0.902203 Q: -0.0472688
T: -0.908249 Q: -0.0473522
T: -0.908249 Q: -0.0478833
T: -0.902203 Q: 2.78107
T: -0.890295 Q: -0.0449107
T: -0.872885 Q: -0.0527736
T: -0.850504 Q: -0.0523482
T: -0.823831 Q: -0.0576282
T: -0.793678 Q: -0.0574418
T: -0.760959 Q: -0.0554906
T: -0.726669 Q: 1.09915
T: -0.69185 Q: 2.7187
T: -0.65756 Q: 1.46188
T: -0.624842 Q: -0.0314348
T: -0.594688 Q: -0.0318939
T: -0.568015 Q: -0.0330686
T: -0.545634 Q: -0.0281136
T: -0.528225 Q: -0.0242406
T: -0.516316 Q: -0.0227194
T: -0.51027 Q: -0.0300247
T: -0.51027 Q: 1.18626
T: -0.516316 Q: -0.0304771
T: -0.528225 Q: -0.0267524
T: -0.545634 Q: 1.13519
T: -0.568015 Q: -0.0214903
T: -0.594688 Q: -0.0229037
T: -0.624842 Q: -0.0257609
T: -0.65756 Q: 1.08315
T: -0.69185 Q: -0.0247605
Sec_Event 4438572 N50: 50
T: 0.270543 Q: 1.31775
T: 0.1671 Q: -0.00498304
T: 0.068395 Q: -0.00474965
T: -0.0225716 Q: -0.00483825
T: -0.103036 Q: 1.73523
T: -0.170554 Q: 6.5721
T: -0.223074 Q: -0.00478267
T: -0.258999 Q: -0.00616738
T: -0.277239 Q: 2.1537
T: -0.277239 Q: -0.00791833
T: -0.258999 Q: -0.0101556
T: -0.223074 Q: -0.00905249
T: -0.170554 Q: 2.68533
T: -0.103036 Q: -0.0138441
T: -0.0225716 Q: -0.0136278
T: 0.068395 Q: -0.0148868
T: 0.1671 Q: -0.0163899
T: 0.270543 Q: 1.4705
T: 0.375582 Q: 1.28876
T: 0.479026 Q: -0.0237883
T: 0.57773 Q: -0.031257
T: 0.668697 Q: -0.0481492
T: 0.749162 Q: -0.0766374
T: 0.816679 Q: -0.0675044
T: 0.869199 Q: 2.55758
T: 0.905125 Q: -0.0715859
T: 0.923364 Q: 2.85021
T: 0.923364 Q: -0.0592208
T: 0.905125 Q: -0.0671349
T: 0.869199 Q: -0.0307772
T: 0.816679 Q: -0.0216793
T: 0.749162 Q: 1.19149
T: 0.668697 Q: -0.00827128
T: 0.57773 Q: -0.00587093
T: 0.479026 Q: -0.00575218
T: 0.375582 Q: -0.00637433
Sec_Event 4438572 N50: 39
T: 0.581349 Q: 1.02127
T: 0.516681 Q: -0.0487538
T: 0.454976 Q: -0.0464176
T: 0.398108 Q: -0.0308867
T: 0.347805 Q: 1.2192
T: 0.305596 Q: 1.12413
T: 0.272763 Q: 2.69395
T: 0.250304 Q: 1.08092
T: 0.238902 Q: 1.39756
T: 0.238902 Q: -0.0178215
T: 0.250304 Q: -0.0162731
T: 0.272763 Q: 2.22584
T: 0.305596 Q: -0.0167839
T: 0.347805 Q: -0.0179805
T: 0.398108 Q: 2.73604
T: 0.454976 Q: -0.0212814
T: 0.516681 Q: -0.0130042
T: 0.581349 Q: -0.0192348
T: 0.647015 Q: 1.09075
T: 0.711683 Q: 0.970302
T: 0.773388 Q: 1.00089
T: 0.830256 Q: 0.995177
T: 0.880559 Q: 0.993281
T: 0.922768 Q: -0.0522162
T: 0.955601 Q: -0.0499149
T: 0.97806 Q: -0.0711451
T: 0.989463 Q: -0.0535453
T: 0.989463 Q: -0.0499797
T: 0.97806 Q: 1.17913
T: 0.955601 Q: 1.1361
T: 0.922768 Q: -0.0595161
T: 0.880559 Q: -0.0665331
T: 0.830256 Q: -0.0691018
T: 0.773388 Q: 2.21057
T: 0.711683 Q: 1.02619
T: 0.647015 Q: -0.0787486
Sec_Event 4438572 N50: 33
T: 0.0557871 Q: 2.24293
T: -0.0577323 Q: -0.0116021
T: -0.166051 Q: -0.0107054
T: -0.265879 Q: 1.16017
T: -0.354181 Q: 0.901501
T: -0.428276 Q: -0.0114699
T: -0.485911 Q: -0.0096559
T: -0.525336 Q: -0.00817616
T: -0.545352 Q: 0.860299
T: -0.545352 Q: -0.00566895
T: -0.525336 Q: 0.986186
T: -0.485911 Q: -0.00578929
T: -0.428276 Q: -0.00547663
T: -0.354181 Q: -0.00497861
T: -0.265879 Q: -0.00391115
T: -0.166051 Q: -0.00556663
T: -0.0577323 Q: 1.15601
T: 0.0557871 Q: 2.32607
T: 0.171058 Q: -0.00797944
T: 0.284577 Q: -0.00309861
T: 0.392896 Q: -0.00338369
T: 0.492723 Q: -0.00701362
T: 0.581026 Q: -0.00915059
T: 0.65512 Q: -0.0109735
T: 0.712756 Q: -0.0138689
T: 0.752181 Q: 0.969111
T: 0.772197 Q: -0.0243206
T: 0.772197 Q: -0.0346862
T: 0.752181 Q: -0.0383814
T: 0.712756 Q: 0.889964
T: 0.65512 Q: -0.0287844
T: 0.581026 Q: -0.0218056
T: 0.492723 Q: -0.019029
T: 0.392896 Q: -0.0197359
T: 0.284577 Q: -0.0152758
T: 0.171058 Q: -0.0196586
Sec_Event 4438572 N50: 37
T: -0.305624 Q: -0.0122848
T: -0.413754 Q: -0.013264
T: -0.516931 Q: -0.00898131
T: -0.612019 Q: 1.00093
T: -0.696129 Q: -0.00414901
T: -0.766706 Q: 1.1295
T: -0.821606 Q: 1.08971
T: -0.859159 Q: -0.00346404
T: -0.878225 Q: -0.00170326
T: -0.878225 Q: -0.00243774
T: -0.859159 Q: -0.00300283
T: -0.821606 Q: -0.00266936
T: -0.766706 Q: -0.00520262
T: -0.696129 Q: 1.05908
T: -0.612019 Q: -0.00660999
T: -0.516931 Q: -0.0107777
T: -0.413754 Q: -0.0210164
T: -0.305624 Q: -0.038788
T: -0.195825 Q: -0.0297234
T: -0.0876948 Q: -0.0297156
T: 0.015482 Q: -0.0292577
T: 0.11057 Q: 2.95255
T: 0.194681 Q: -0.0394871
T: 0.265258 Q: -0.0367437
T: 0.320157 Q: -0.0330372
T: 0.35771 Q: -0.0352278
T: 0.376777 Q: 1.20903
T: 0.376777 Q: 1.2277
T: 0.35771 Q: -0.0254998
T: 0.320157 Q: -0.0194741
T: 0.265258 Q: 1.16669
T: 0.194681 Q: 1.22664
T: 0.11057 Q: -0.0177827
T: 0.015482 Q: -0.0111281
T: -0.0876948 Q: -0.0118048
T: -0.195825 Q: -0.0108814
Sec_Event 4438572 N50: 31
T: -0.0297076 Q: -0.00780707
T: -0.144488 Q: 1.16205
T: -0.25401 Q: -0.00669397
T: -0.354946 Q: -0.0073688
T: -0.444229 Q: -0.00892061
T: -0.519147 Q: 1.09362
T: -0.577422 Q: 1.24561
T: -0.617285 Q: -0.00503621
T: -0.637524 Q: -0.00474232
T: -0.637524 Q: -0.00495962
T: -0.617285 Q: 0.978118
T: -0.577422 Q: 1.08015
T: -0.519147 Q: -0.00875307
T: -0.444229 Q: -0.0157451
T: -0.354946 Q: 1.22209
T: -0.25401 Q: -0.0256619
T: -0.144488 Q: -0.0216049
T: -0.0297076 Q: -0.0240606
T: 0.0868433 Q: 1.19032
T: 0.201624 Q: -0.0258045
T: 0.311146 Q: -0.0386552
T: 0.412082 Q: -0.030304
T: 0.501365 Q: -0.032515
T: 0.576282 Q: -0.048841
T: 0.634558 Q: -0.0481728
T: 0.674421 Q: 1.33806
T: 0.69466 Q: -0.0524514
T: 0.69466 Q: -0.0435578
T: 0.674421 Q: -0.0349577
T: 0.634558 Q: -0.0209718
T: 0.576282 Q: 1.39283
T: 0.501365 Q: -0.0118246
T: 0.412082 Q: 1.32384
T: 0.311146 Q: 1.40857
T: 0.201624 Q: -0.00874442
T: 0.0868433 Q: 1.22476
Sec_Event 4438572 N50: 52
T: 0.331951 Q: -0.0339664
T: 0.233421 Q: 1.22166
T: 0.139405 Q: 1.23086
T: 0.0527587 Q: -0.0416382
T: -0.0238842 Q: 4.38545
T: -0.0881952 Q: 1.4096
T: -0.13822 Q: 2.69735
T: -0.172439 Q: -0.0302679
T: -0.189813 Q: 2.32854
T: -0.189813 Q: 1.2962
T: -0.172439 Q: -0.0369688
T: -0.13822 Q: 0.896172
T: -0.0881952 Q: 2.55988
T: -0.0238842 Q: -0.0283498
T: 0.0527587 Q: -0.0341172
T: 0.139405 Q: -0.0278624
T: 0.233421 Q: 1.14288
T: 0.331951 Q: -0.0305837
T: 0.432002 Q: -0.0330964
T: 0.530532 Q: 1.21798
T: 0.624548 Q: -0.0473708
T: 0.711194 Q: 2.57954
T: 0.787837 Q: -0.106397
T: 0.852148 Q: -0.0625343
T: 0.902173 Q: 1.43576
T: 0.936392 Q: -0.059364
T: 0.953766 Q: -0.0508448
T: 0.953766 Q: 1.23688
T: 0.936392 Q: 1.25967
T: 0.902173 Q: 1.46302
T: 0.852148 Q: -0.0620059
T: 0.787837 Q: 1.42958
T: 0.711194 Q: 1.13748
T: 0.624548 Q: -0.0518439
T: 0.530532 Q: -0.0378772
T: 0.432002 Q: 1.49642
Sec_Event 4438572 N50: 39
T: -0.10193 Q: -0.00508773
T: -0.216597 Q: 3.3181
T: -0.32601 Q: 1.33075
T: -0.426846 Q: -0.00460101
T: -0.51604 Q: 1.22393
T: -0.590883 Q: -0.00280321
T: -0.649101 Q: -0.00262002
T: -0.688924 Q: 1.11823
T: -0.709143 Q: -0.00206108
T: -0.709143 Q: 1.02794
T: -0.688924 Q: -0.0025288
T: -0.649101 Q: -0.00319579
T: -0.590883 Q: -0.00346529
T: -0.51604 Q: -0.00382942
T: -0.426846 Q: -0.0066543
T: -0.32601 Q: 1.03001
T: -0.216597 Q: -0.0056618
T: -0.10193 Q: 1.38926
T: 0.0145048 Q: 1.32632
T: 0.129171 Q: 1.19391
T: 0.238584 Q: -0.00629298
T: 0.33942 Q: -0.00842815
T: 0.428615 Q: -0.00746024
T: 0.503458 Q: 1.13806
T: 0.561675 Q: -0.0101546
T: 0.601499 Q: -0.00811311
T: 0.621717 Q: -0.00998648
T: 0.621717 Q: 1.1978
T: 0.601499 Q: -0.00739867
T: 0.561675 Q: -0.00689887
T: 0.503458 Q: -0.00569133
T: 0.428615 Q: -0.004751
T: 0.33942 Q: -0.00482762
T: 0.238584 Q: 1.18101
T: 0.129171 Q: -0.00415349
T: 0.0145048 Q: -0.00295772
Sec_Event 4484237 N50: 51
T: 0.700783 Q: -0.000915319
T: 0.670196 Q: -0.00165406
T: 0.64101 Q: -0.00161795
T: 0.614112 Q: -0.000909052
T: 0.59032 Q: -0.00144392
T: 0.570355 Q: -0.00883252
T: 0.554826 Q: -0.00272817
T: 0.544203 Q: -0.00362737
T: 0.53881 Q: -0.00617335
T: 0.53881 Q: 1.09613
T: 0.544203 Q: -0.0105908
T: 0.554826 Q: 2.54488
T: 0.570355 Q: 2.0304
T: 0.59032 Q: -0.0145137
T: 0.614112 Q: 2.45994
T: 0.64101 Q: 1.08567
T: 0.670196 Q: 2.35689
T: 0.700783 Q: -0.00675245
T: 0.731842 Q: -0.0066369
T: 0.762429 Q: -0.00722484
T: 0.791615 Q: -0.00649945
T: 0.818513 Q: -0.00493876
T: 0.842306 Q: -0.00287552
T: 0.86227 Q: -0.00447696
T: 0.877799 Q: 1.45887
T: 0.888422 Q: -0.00345317
T: 0.893816 Q: 0.998016
T: 0.893816 Q: 1.11054
T: 0.888422 Q: 1.54458
T: 0.877799 Q: 1.24669
T: 0.86227 Q: 1.11649
T: 0.842306 Q: 1.18985
T: 0.818513 Q: 3.03563
T: 0.791615 Q: -0.00208236
T: 0.762429 Q: 0.915676
T: 0.731842 Q: -0.00121274
100000/643297
Sec_Event 5062654 N50: 37
T: 0.70675 Q: -0.00432295
T: 0.678863 Q: -0.00425587
T: 0.652252 Q: -0.00583334
T: 0.627728 Q: -0.00654557
T: 0.606035 Q: 1.07809
T: 0.587833 Q: 1.09524
T: 0.573673 Q: -0.0088466
T: 0.563988 Q: -0.00830066
T: 0.559071 Q: -0.00852464
T: 0.559071 Q: -0.00766062
T: 0.563988 Q: -0.00837696
T: 0.573673 Q: -0.00767079
T: 0.587833 Q: -0.0071853
T: 0.606035 Q: -0.00711382
T: 0.627728 Q: 2.66073
T: 0.652252 Q: -0.00508522
T: 0.678863 Q: 1.05281
T: 0.70675 Q: -0.00343649
T: 0.735069 Q: -0.00325744
T: 0.762956 Q: -0.00368513
T: 0.789567 Q: -0.00576168
T: 0.814091 Q: 2.35653
T: 0.835784 Q: 1.26137
T: 0.853986 Q: -0.00220645
T: 0.868145 Q: 1.2155
T: 0.877831 Q: 1.40553
T: 0.882748 Q: -0.00276506
T: 0.882748 Q: -0.00157044
T: 0.877831 Q: 1.29124
T: 0.868145 Q: -0.00165354
T: 0.853986 Q: -0.00198807
T: 0.835784 Q: -0.00148797
T: 0.814091 Q: 1.20012
T: 0.789567 Q: -0.00294378
T: 0.762956 Q: 2.30207
T: 0.735069 Q: 1.13123
Sec_Event 5846172 N50: 39
T: -0.240782 Q: -0.000312692
T: -0.35206 Q: 1.03833
T: -0.458239 Q: -0.00112608
T: -0.556095 Q: 0.964107
T: -0.642654 Q: 1.02386
T: -0.715285 Q: 1.37033
T: -0.771782 Q: 1.1001
T: -0.810428 Q: -0.00380711
T: -0.830049 Q: -0.00370855
T: -0.830049 Q: -0.00850774
T: -0.810428 Q: -0.00703741
T: -0.771782 Q: -0.00586455
T: -0.715285 Q: 1.02498
T: -0.642654 Q: -0.00454546
T: -0.556095 Q: -0.00406476
T: -0.458239 Q: -0.00265297
T: -0.35206 Q: -0.00264299
T: -0.240782 Q: -0.00545982
T: -0.127789 Q: 1.10911
T: -0.0165112 Q: -0.00489235
T: 0.0896685 Q: -0.0022742
T: 0.187524 Q: -0.00170226
T: 0.274083 Q: -0.00235142
T: 0.346714 Q: 1.14317
T: 0.403211 Q: -0.00125796
T: 0.441857 Q: 2.26817
T: 0.461478 Q: -0.00151642
T: 0.461478 Q: -0.000549876
T: 0.441857 Q: -0.00112966
T: 0.403211 Q: -0.00132378
T: 0.346714 Q: -0.000471078
T: 0.274083 Q: 1.0641
T: 0.187524 Q: -0.000939326
T: 0.0896685 Q: 1.28803
T: -0.0165112 Q: 2.67795
T: -0.127789 Q: 1.2698
Sec_Event 6246247 N50: 34
T: -0.690229 Q: -0.00252488
T: -0.741796 Q: -0.00260959
T: -0.791001 Q: -0.00671379
T: -0.836348 Q: -0.00738379
T: -0.87646 Q: 1.84217
T: -0.910118 Q: -0.0346268
T: -0.936299 Q: 0.781758
T: -0.954209 Q: -0.0328583
T: -0.963301 Q: 2.7213
T: -0.963301 Q: 1.33217
T: -0.954209 Q: -0.033344
T: -0.936299 Q: -0.0374083
T: -0.910118 Q: -0.0379842
T: -0.87646 Q: -0.0460557
T: -0.836348 Q: 1.33162
T: -0.791001 Q: -0.0577624
T: -0.741796 Q: -0.0575408
T: -0.690229 Q: -0.0601842
T: -0.637866 Q: -0.0384547
T: -0.586299 Q: -0.028883
T: -0.537094 Q: -0.0172661
T: -0.491747 Q: -0.0131512
T: -0.451634 Q: -0.0121302
T: -0.417976 Q: -0.00515958
T: -0.391795 Q: -0.00840143
T: -0.373886 Q: -0.00316036
T: -0.364793 Q: -0.00632666
T: -0.364793 Q: -0.00133262
T: -0.373886 Q: -0.00215878
T: -0.391795 Q: 2.55188
T: -0.417976 Q: -0.00149869
T: -0.451634 Q: -0.00134719
T: -0.491747 Q: -0.00157979
T: -0.537094 Q: -0.00175049
T: -0.586299 Q: 1.05697
T: -0.637866 Q: -0.00258684
Sec_Event 6246247 N50: 39
T: -0.257869 Q: 1.19176
T: -0.368421 Q: 0.998831
T: -0.473908 Q: 1.02151
T: -0.571125 Q: -0.0303138
T: -0.657119 Q: -0.0479033
T: -0.729277 Q: -0.0462674
T: -0.785405 Q: -0.0473851
T: -0.823799 Q: -0.0417589
T: -0.843293 Q: 2.42686
T: -0.843293 Q: -0.0371261
T: -0.823799 Q: -0.0410056
T: -0.785405 Q: -0.044853
T: -0.729277 Q: 2.30818
T: -0.657119 Q: -0.0515511
T: -0.571125 Q: 1.32911
T: -0.473908 Q: -0.0496509
T: -0.368421 Q: -0.0379905
T: -0.257869 Q: 1.15231
T: -0.145612 Q: -0.034053
T: -0.03506 Q: -0.0380479
T: 0.0704272 Q: 1.0218
T: 0.167645 Q: -0.0378983
T: 0.253639 Q: 1.12641
T: 0.325796 Q: -0.0460591
T: 0.381925 Q: 2.18453
T: 0.420319 Q: 1.28318
T: 0.439812 Q: 2.76876
T: 0.439812 Q: 1.26839
T: 0.420319 Q: -0.0352091
T: 0.381925 Q: -0.0407363
T: 0.325796 Q: -0.0364614
T: 0.253639 Q: -0.0327609
T: 0.167645 Q: -0.0250202
T: 0.0704272 Q: 1.31455
T: -0.03506 Q: 2.30284
T: -0.145612 Q: -0.0214149
Sec_Event 6738875 N50: 38
T: -0.0427307 Q: -0.005762
T: -0.157571 Q: -0.00772172
T: -0.26715 Q: -0.00706455
T: -0.368138 Q: -0.00783081
T: -0.457468 Q: 1.10163
T: -0.532424 Q: -0.0111764
T: -0.59073 Q: -0.0123852
T: -0.630614 Q: -0.0168044
T: -0.650863 Q: -0.0182039
T: -0.650863 Q: 2.38213
T: -0.630614 Q: -0.0227724
T: -0.59073 Q: -0.0191461
T: -0.532424 Q: -0.0194389
T: -0.457468 Q: -0.0162711
T: -0.368138 Q: -0.0156266
T: -0.26715 Q: -0.016294
T: -0.157571 Q: 1.06284
T: -0.0427307 Q: -0.0120527
T: 0.0738808 Q: -0.0120315
T: 0.188721 Q: 0.972414
T: 0.2983 Q: 1.22016
T: 0.399288 Q: -0.0111174
T: 0.488618 Q: -0.00886112
T: 0.563574 Q: -0.00714112
T: 0.62188 Q: -0.00670628
T: 0.661764 Q: 1.13979
T: 0.682013 Q: -0.00613087
T: 0.682013 Q: -0.00511272
T: 0.661764 Q: 0.929118
T: 0.62188 Q: -0.00529655
T: 0.563574 Q: -0.00684902
T: 0.488618 Q: 0.959579
T: 0.399288 Q: -0.00581296
T: 0.2983 Q: -0.00785924
T: 0.188721 Q: -0.00726747
T: 0.0738808 Q: -0.00933547
Sec_Event 6829875 N50: 39
T: -0.24189 Q: 1.18184
T: -0.353123 Q: 1.05226
T: -0.459259 Q: -0.0480091
T: -0.557076 Q: 1.23485
T: -0.643599 Q: -0.0629755
T: -0.716201 Q: 1.05908
T: -0.772675 Q: 1.15775
T: -0.811306 Q: 2.57184
T: -0.830919 Q: -0.0548491
T: -0.830919 Q: -0.0539848
T: -0.811306 Q: -0.0616934
T: -0.772675 Q: -0.0568173
T: -0.716201 Q: -0.064058
T: -0.643599 Q: 1.31913
T: -0.557076 Q: -0.0420484
T: -0.459259 Q: -0.0332058
T: -0.353123 Q: -0.0239071
T: -0.24189 Q: -0.0279791
T: -0.128942 Q: 1.04966
T: -0.0177091 Q: 1.05212
T: 0.0884277 Q: -0.0370735
T: 0.186244 Q: -0.0372877
T: 0.272767 Q: 1.10541
T: 0.345369 Q: -0.0324919
T: 0.401843 Q: -0.032447
T: 0.440474 Q: -0.0245607
T: 0.460087 Q: -0.0267616
T: 0.460087 Q: -0.0261085
T: 0.440474 Q: -0.0261163
T: 0.401843 Q: -0.03038
T: 0.345369 Q: -0.0310807
T: 0.272767 Q: 0.886012
T: 0.186244 Q: -0.032488
T: 0.0884277 Q: -0.054615
T: -0.0177091 Q: -0.0399494
T: -0.128942 Q: -0.0297136
Sec_Event 7691836 N50: 54
T: 0.526195 Q: -0.00851587
T: 0.451426 Q: 2.82596
T: 0.380084 Q: 2.78624
T: 0.314334 Q: -0.00295839
T: 0.256174 Q: 1.23711
T: 0.207373 Q: -0.00238196
T: 0.169412 Q: -0.00294168
T: 0.143445 Q: 1.43183
T: 0.130262 Q: 1.35931
T: 0.130262 Q: -0.0023017
T: 0.143445 Q: 1.7956
T: 0.169412 Q: 1.62866
T: 0.207373 Q: -0.00416792
T: 0.256174 Q: -0.00431996
T: 0.314334 Q: -0.00465027
T: 0.380084 Q: 1.31336
T: 0.451426 Q: -0.00623701
T: 0.526195 Q: -0.00594282
T: 0.602116 Q: 0.997234
T: 0.676884 Q: 1.2479
T: 0.748227 Q: -0.00607655
T: 0.813977 Q: -0.00205245
T: 0.872136 Q: -0.00135162
T: 0.920938 Q: -0.0015075
T: 0.958898 Q: -0.00143163
T: 0.984865 Q: 1.14278
T: 0.998049 Q: -0.00156788
T: 0.998049 Q: 1.16814
T: 0.984865 Q: -0.0013663
T: 0.958898 Q: -0.00141896
T: 0.920938 Q: -0.00124924
T: 0.872136 Q: -0.0014016
T: 0.813977 Q: -0.00187846
T: 0.748227 Q: -0.00801359
T: 0.676884 Q: -0.00301292
T: 0.602116 Q: -0.00588275
Sec_Event 7691836 N50: 42
T: 0.544561 Q: -0.00229162
T: 0.472927 Q: -0.00343439
T: 0.404575 Q: 1.16191
T: 0.341582 Q: -0.00447776
T: 0.285861 Q: -0.00379576
T: 0.239106 Q: 1.17938
T: 0.202736 Q: -0.0063366
T: 0.177858 Q: -0.00574975
T: 0.165227 Q: 2.37435
T: 0.165227 Q: -0.0105612
T: 0.177858 Q: 1.45478
T: 0.202736 Q: 1.17095
T: 0.239106 Q: -0.0133092
T: 0.285861 Q: -0.0149286
T: 0.341582 Q: -0.0164079
T: 0.404575 Q: -0.00948886
T: 0.472927 Q: -0.00470622
T: 0.544561 Q: -0.00309465
T: 0.617299 Q: 0.964344
T: 0.688933 Q: -0.000706223
T: 0.757285 Q: -0.000575484
T: 0.820278 Q: -0.00175017
T: 0.875999 Q: -0.000282133
T: 0.922755 Q: -0.000773434
T: 0.959124 Q: -0.000285244
T: 0.984002 Q: -0.000302187
T: 0.996633 Q: -0.0021783
T: 0.984002 Q: 1.09746
T: 0.959124 Q: -0.000319768
T: 0.922755 Q: -0.000595783
T: 0.875999 Q: -0.000716071
T: 0.820278 Q: 1.39141
T: 0.757285 Q: -0.000902494
T: 0.688933 Q: 0.993214
T: 0.617299 Q: 1.24918
Sec_Event 7691836 N50: 28
T: 0.168919 Q: -0.0115246
T: 0.0594214 Q: 1.86415
T: -0.0450602 Q: -0.00981787
T: -0.141351 Q: -0.0141823
T: -0.226525 Q: -0.0230221
T: -0.297995 Q: -0.0183245
T: -0.353588 Q: -0.0323605
T: -0.391616 Q: 1.4347
T: -0.410924 Q: 1.46395
T: -0.410924 Q: -0.0510805
T: -0.391616 Q: -0.0537499
T: -0.353588 Q: 1.5307
T: -0.297995 Q: -0.0555622
T: -0.226525 Q: -0.0503007
T: -0.141351 Q: -0.0459417
T: -0.0450602 Q: -0.0505575
T: 0.0594214 Q: 1.65972
T: 0.168919 Q: -0.0535715
T: 0.280106 Q: -0.00891651
T: 0.389604 Q: 1.26397
T: 0.494086 Q: -0.00179645
T: 0.590376 Q: -0.0016639
T: 0.675551 Q: -0.000806104
T: 0.74702 Q: 1.40413
T: 0.802614 Q: -0.000419556
T: 0.840642 Q: 1.97725
T: 0.859949 Q: -0.000358426
T: 0.840642 Q: 1.63612
T: 0.74702 Q: -0.00175528
T: 0.675551 Q: -0.00122222
T: 0.590376 Q: -0.000898158
T: 0.494086 Q: -0.00192619
T: 0.389604 Q: -0.00465452
T: 0.280106 Q: 1.22322
Sec_Event 7691836 N50: 41
T: -0.417325 Q: -0.00299723
T: -0.517242 Q: -0.00752394
T: -0.612581 Q: -0.00464978
T: -0.700445 Q: -0.00715306
T: -0.778166 Q: -0.0113081
T: -0.843382 Q: -0.016592
T: -0.894111 Q: 0.824178
T: -0.928812 Q: -0.0576959
T: -0.946429 Q: -0.0525915
T: -0.946429 Q: -0.056101
T: -0.928812 Q: -0.0486081
T: -0.894111 Q: -0.0540608
T: -0.843382 Q: -0.052421
T: -0.778166 Q: -0.0322748
T: -0.700445 Q: -0.0251582
T: -0.612581 Q: -0.0229702
T: -0.517242 Q: -0.0135594
T: -0.417325 Q: -0.00996308
T: -0.315868 Q: -0.0156203
T: -0.215951 Q: -0.00800579
T: -0.120612 Q: -0.00871443
T: -0.0327475 Q: -0.00463804
T: 0.0449735 Q: -0.00536841
T: 0.110189 Q: 2.56672
T: 0.160918 Q: 1.4999
T: 0.195619 Q: -0.00386036
T: 0.213236 Q: -0.003485
T: 0.213236 Q: -0.00226665
T: 0.195619 Q: -0.00347353
T: 0.160918 Q: -0.00212505
T: 0.110189 Q: -0.00175041
T: 0.0449735 Q: 1.10347
T: -0.0327475 Q: -0.00224524
T: -0.120612 Q: 1.1079
T: -0.215951 Q: -0.00321755
T: -0.315868 Q: -0.00323192
Sec_Event 7691836 N50: 26
T: 0.0765262 Q: -0.00422739
T: -0.0364593 Q: -0.0043243
T: -0.144269 Q: -0.0114056
T: -0.243627 Q: -0.00479375
T: -0.331514 Q: -0.00883181
T: -0.40526 Q: -0.00510176
T: -0.462624 Q: -0.0087866
T: -0.501863 Q: -0.00596254
T: -0.521786 Q: -0.00771431
T: -0.521786 Q: 1.25651
T: -0.501863 Q: -0.00678885
T: -0.462624 Q: -0.00408745
T: -0.40526 Q: -0.00457599
T: -0.331514 Q: -0.0041308
T: -0.243627 Q: 1.26548
T: -0.144269 Q: -0.00431778
T: -0.0364593 Q: -0.00301873
T: 0.0765262 Q: -0.003159
T: 0.191255 Q: -0.00308792
T: 0.30424 Q: -0.00423931
T: 0.41205 Q: -0.00406332
T: 0.511408 Q: -0.00220897
T: 0.599295 Q: -0.0013422
T: 0.673041 Q: -0.000891716
T: 0.730405 Q: 1.12812
T: 0.769644 Q: 1.12325
T: 0.789567 Q: -0.000387148
T: 0.789567 Q: -0.000966453
T: 0.769644 Q: -0.0006658
T: 0.730405 Q: -0.000856875
T: 0.673041 Q: 2.58935
T: 0.599295 Q: -0.00102252
T: 0.511408 Q: -0.00686577
T: 0.41205 Q: -0.0036547
T: 0.30424 Q: 1.09915
T: 0.191255 Q: -0.00701508
Sec_Event 8142248 N50: 26
T: 0.0616967 Q: -0.0160201
T: -0.0516797 Q: 2.51041
T: -0.159862 Q: 1.08012
T: -0.259564 Q: -0.0164107
T: -0.347755 Q: -0.0203671
T: -0.421756 Q: -0.0249643
T: -0.479319 Q: -0.0258059
T: -0.518694 Q: -0.0182776
T: -0.538686 Q: -0.024335
T: -0.538686 Q: -0.0288741
T: -0.518694 Q: -0.0163543
T: -0.479319 Q: -0.0178022
T: -0.421756 Q: -0.0165552
T: -0.347755 Q: -0.0102772
T: -0.259564 Q: -0.0114907
T: -0.159862 Q: 1.17837
T: -0.0516797 Q: -0.0066834
T: 0.0616967 Q: -0.00844872
T: 0.176822 Q: -0.0137687
T: 0.290199 Q: 0.857721
T: 0.398381 Q: -0.00245008
T: 0.498083 Q: -0.000908169
T: 0.586274 Q: 3.29285
T: 0.660275 Q: 1.39084
T: 0.717838 Q: -0.000286452
T: 0.757213 Q: 1.00651
T: 0.777204 Q: -0.000520317
T: 0.777204 Q: -0.000358177
T: 0.757213 Q: -0.000253998
T: 0.717838 Q: 1.05389
T: 0.660275 Q: -0.00088035
T: 0.586274 Q: -0.00113136
T: 0.498083 Q: -0.00128143
T: 0.398381 Q: -0.00218289
T: 0.290199 Q: -0.0057886
T: 0.176822 Q: -0.024235
Sec_Event 8605545 N50: 31
T: 0.42194 Q: -0.0316745
T: 0.332625 Q: -0.0285779
T: 0.247401 Q: 3.18026
T: 0.168858 Q: -0.0339828
T: 0.0993827 Q: -0.0431626
T: 0.041086 Q: -0.0335347
T: -0.00426074 Q: -0.0391764
T: -0.0352797 Q: -0.0586041
T: -0.0510285 Q: -0.0367881
T: -0.0510285 Q: 1.11965
T: -0.0352797 Q: 2.40967
T: -0.00426074 Q: -0.0357616
T: 0.041086 Q: -0.0336687
T: 0.0993827 Q: 1.07084
T: 0.168858 Q: -0.0258141
T: 0.247401 Q: -0.0379232
T: 0.332625 Q: 0.974545
T: 0.42194 Q: -0.029562
T: 0.512634 Q: -0.0214341
T: 0.60195 Q: -0.0250975
T: 0.687174 Q: -0.0209276
T: 0.765716 Q: -0.00982019
T: 0.835192 Q: -0.00776406
T: 0.893488 Q: 0.987729
T: 0.938835 Q: 0.929136
T: 0.969854 Q: 1.05333
T: 0.985603 Q: -0.00810505
T: 0.985603 Q: 1.18792
T: 0.969854 Q: -0.00464966
T: 0.938835 Q: -0.00562756
T: 0.893488 Q: -0.00685438
T: 0.835192 Q: 0.908973
T: 0.765716 Q: -0.0112851
T: 0.687174 Q: -0.0154967
T: 0.60195 Q: -0.0216087
T: 0.512634 Q: -0.0218721
Sec_Event 8952753 N50: 36
T: -0.469861 Q: 1.35089
T: -0.564426 Q: 1.23998
T: -0.654659 Q: -0.000722311
T: -0.737817 Q: -0.000765603
T: -0.811376 Q: -0.000243478
T: -0.873098 Q: 2.14124
T: -0.92111 Q: -0.00348296
T: -0.953952 Q: 1.57938
T: -0.970626 Q: -0.00731795
T: -0.970626 Q: -0.00687842
T: -0.953952 Q: -0.00610402
T: -0.92111 Q: 2.38632
T: -0.873098 Q: 1.27891
T: -0.811376 Q: -0.00986333
T: -0.737817 Q: -0.0135424
T: -0.654659 Q: -0.0154864
T: -0.564426 Q: -0.0233494
T: -0.469861 Q: -0.0161414
T: -0.373838 Q: 0.993631
T: -0.279273 Q: 0.956658
T: -0.189041 Q: -0.00964393
T: -0.105882 Q: -0.00488837
T: -0.0323235 Q: 0.793312
T: 0.0293993 Q: -0.0044035
T: 0.077411 Q: 1.03796
T: 0.110253 Q: 0.904277
T: 0.126927 Q: 1.14488
T: 0.126927 Q: 1.02229
T: 0.110253 Q: -0.000519965
T: 0.077411 Q: -0.000275115
T: 0.0293993 Q: -0.000345333
T: -0.0323235 Q: -0.000544322
T: -0.105882 Q: -0.000302815
T: -0.279273 Q: -0.000392213
Sec_Event 8952753 N50: 32
T: 0.459229 Q: -0.00063785
T: 0.374564 Q: -0.00248921
T: 0.293777 Q: 1.09827
T: 0.153465 Q: 1.00932
T: 0.0982029 Q: -0.0002967
T: 0.055217 Q: 1.00442
T: 0.0258129 Q: -0.000545841
T: 0.0108841 Q: 1.0038
T: 0.0108841 Q: -0.000913794
T: 0.0258129 Q: -0.000878081
T: 0.055217 Q: 0.780992
T: 0.0982029 Q: -0.00498156
T: 0.153465 Q: 1.66157
T: 0.219323 Q: -0.00545111
T: 0.293777 Q: -0.00726227
T: 0.374564 Q: 0.773686
T: 0.459229 Q: -0.0178777
T: 0.545201 Q: -0.0309509
T: 0.629867 Q: -0.0329598
T: 0.710654 Q: -0.0427915
T: 0.785108 Q: 0.77502
T: 0.850966 Q: -0.0366
T: 0.906227 Q: 1.06979
T: 0.949213 Q: 2.77462
T: 0.978617 Q: -0.0279794
T: 0.993546 Q: -0.0408696
T: 0.993546 Q: -0.0303007
T: 0.978617 Q: -0.0329336
T: 0.949213 Q: 0.652186
T: 0.906227 Q: -0.0037785
T: 0.850966 Q: 0.826796
T: 0.785108 Q: 0.836608
T: 0.710654 Q: 1.07358
T: 0.629867 Q: 1.002
T: 0.545201 Q: 0.99733
Sec_Event 9088520 N50: 37
T: 0.151672 Q: -0.00711776
T: 0.0413833 Q: 1.99801
T: -0.0638534 Q: -0.00526008
T: -0.16084 Q: -0.00586608
T: -0.24663 Q: 1.12153
T: -0.318616 Q: -0.0068298
T: -0.374611 Q: -0.00294357
T: -0.412914 Q: -0.00319855
T: -0.432361 Q: -0.00310104
T: -0.432361 Q: -0.00478172
T: -0.412914 Q: -0.00472161
T: -0.374611 Q: 1.09906
T: -0.318616 Q: -0.002664
T: -0.24663 Q: -0.00170473
T: -0.16084 Q: -0.0030987
T: -0.0638534 Q: 1.03538
T: 0.0413833 Q: 1.04374
T: 0.151672 Q: 1.07501
T: 0.263663 Q: -0.00158465
T: 0.373952 Q: 1.17124
T: 0.479189 Q: 2.87316
T: 0.576176 Q: -0.00467133
T: 0.661965 Q: 1.20295
T: 0.733951 Q: -0.00564304
T: 0.789947 Q: -0.00754952
T: 0.82825 Q: 2.27431
T: 0.847697 Q: -0.00835493
T: 0.847697 Q: -0.010613
T: 0.82825 Q: -0.0088059
T: 0.789947 Q: 0.925583
T: 0.733951 Q: -0.0100844
T: 0.661965 Q: -0.0143254
T: 0.576176 Q: 0.910455
T: 0.479189 Q: -0.00884688
T: 0.373952 Q: -0.00850779
T: 0.263663 Q: 1.88757
Sec_Event 9088520 N50: 66
T: 0.711925 Q: 2.14986
T: 0.686561 Q: 2.15502
T: 0.66236 Q: 1.22559
T: 0.640056 Q: 1.35877
T: 0.620327 Q: 1.27263
T: 0.603772 Q: -0.0158377
T: 0.590895 Q: -0.0181012
T: 0.582087 Q: -0.0263843
T: 0.577614 Q: 1.10677
T: 0.577614 Q: 2.2317
T: 0.582087 Q: 4.64663
T: 0.590895 Q: 1.15106
T: 0.603772 Q: -0.0344183
T: 0.620327 Q: -0.0302337
T: 0.640056 Q: 2.67362
T: 0.66236 Q: 0.984215
T: 0.686561 Q: 1.06258
T: 0.711925 Q: 2.52635
T: 0.737679 Q: -0.0217299
T: 0.763042 Q: -0.0185542
T: 0.787244 Q: 2.47151
T: 0.809548 Q: -0.0146462
T: 0.829277 Q: -0.0210461
T: 0.845831 Q: -0.0195628
T: 0.858709 Q: -0.0119773
T: 0.867517 Q: -0.0124893
T: 0.871989 Q: -0.00931221
T: 0.871989 Q: -0.0113536
T: 0.867517 Q: -0.0102223
T: 0.858709 Q: 1.36354
T: 0.845831 Q: 1.21355
T: 0.829277 Q: 1.14046
T: 0.809548 Q: -0.00810705
T: 0.787244 Q: 0.872633
T: 0.763042 Q: 0.930715
T: 0.737679 Q: 1.42902
200000/643297
Sec_Event 11055351 N50: 25
T: -0.416154 Q: -0.0768653
T: -0.516177 Q: -0.0835432
T: -0.611618 Q: -0.0945373
T: -0.699578 Q: 1.60823
T: -0.777382 Q: 1.46663
T: -0.842668 Q: 3.18583
T: -0.893451 Q: -0.0460618
T: -0.928189 Q: -0.0420995
T: -0.945826 Q: -0.0451815
T: -0.945826 Q: 1.64056
T: -0.928189 Q: 1.45944
T: -0.893451 Q: 1.8916
T: -0.842668 Q: 2.15612
T: -0.777382 Q: -0.0233042
T: -0.699578 Q: -0.0218133
T: -0.611618 Q: -0.0181526
T: -0.516177 Q: -0.0099931
T: -0.416154 Q: -0.0106092
T: -0.314587 Q: -0.0101051
T: -0.214564 Q: -0.0138593
T: -0.119122 Q: -0.0181472
T: -0.031163 Q: -0.0193744
T: 0.0466414 Q: -0.0177924
T: 0.111927 Q: -0.0271544
T: 0.16271 Q: -0.0309737
T: 0.197448 Q: 1.33796
T: 0.215085 Q: -0.0510321
T: 0.215085 Q: -0.036486
T: 0.197448 Q: -0.052623
T: 0.16271 Q: 1.46586
T: 0.111927 Q: -0.067059
T: 0.0466414 Q: -0.0620566
T: -0.031163 Q: -0.0761685
T: -0.119122 Q: -0.0707743
T: -0.214564 Q: -0.0593833
T: -0.314587 Q: -0.0638289
Sec_Event 12439276 N50: 44
T: 0.704589 Q: 0.974164
T: 0.6757 Q: 0.986997
T: 0.648134 Q: -0.00665818
T: 0.622729 Q: 0.7711
T: 0.600257 Q: -0.0193857
T: 0.5814 Q: -0.0270946
T: 0.566733 Q: 0.987714
T: 0.5567 Q: 0.894121
T: 0.551606 Q: -0.0661605
T: 0.551606 Q: -0.0620807
T: 0.5567 Q: -0.0738939
T: 0.566733 Q: -0.0739605
T: 0.5814 Q: -0.0700836
T: 0.600257 Q: -0.07597
T: 0.622729 Q: -0.088186
T: 0.648134 Q: -0.0742869
T: 0.6757 Q: -0.0714728
T: 0.704589 Q: -0.0733671
T: 0.733924 Q: -0.0685983
T: 0.762814 Q: 1.20103
T: 0.79038 Q: 0.922875
T: 0.815785 Q: 0.870078
T: 0.838257 Q: -0.0408001
T: 0.857113 Q: -0.0315138
T: 0.871781 Q: 0.661254
T: 0.881814 Q: -0.015138
T: 0.886908 Q: -0.0061297
T: 0.886908 Q: -0.00530748
T: 0.881814 Q: 0.806207
T: 0.871781 Q: -0.0016377
T: 0.857113 Q: 0.88569
T: 0.838257 Q: 0.835342
T: 0.815785 Q: 0.992111
T: 0.79038 Q: 1.165
T: 0.762814 Q: -0.00201885
T: 0.733924 Q: -0.00371446
Sec_Event 13459916 N50: 35
T: -0.35621 Q: -0.000540499
T: -0.461097 Q: -0.000565768
T: -0.561179 Q: -0.000312749
T: -0.653415 Q: -0.000369438
T: -0.735002 Q: 4.03616
T: -0.856714 Q: 1.67463
T: -0.911636 Q: -0.000375487
T: -0.911636 Q: 1.2596
T: -0.856714 Q: -0.000425
T: -0.803462 Q: -0.000355104
T: -0.735002 Q: -0.000268886
T: -0.653415 Q: 1.16914
T: -0.561179 Q: -0.000890026
T: -0.461097 Q: -0.00187584
T: -0.35621 Q: 1.55818
T: -0.249705 Q: -0.0144066
T: -0.144819 Q: 0.794874
T: -0.0447369 Q: -0.0137206
T: 0.047499 Q: 1.05746
T: 0.129086 Q: 1.04233
T: 0.197546 Q: -0.0109297
T: 0.250799 Q: -0.00593172
T: 0.287226 Q: -0.00912829
T: 0.30572 Q: -0.00380495
T: 0.30572 Q: -0.00207656
T: 0.287226 Q: -0.00157895
T: 0.250799 Q: 2.3015
T: 0.197546 Q: 1.35866
T: 0.129086 Q: -0.000925578
T: 0.047499 Q: -0.000889835
T: -0.0447369 Q: 1.16571
T: -0.144819 Q: -0.000783269
T: -0.249705 Q: -0.000286409
Sec_Event 13652063 N50: 26
T: -0.25505 Q: -0.040027
T: -0.365726 Q: -0.0382435
T: -0.471332 Q: 0.955657
T: -0.56866 Q: -0.0102778
T: -0.654751 Q: -0.00693564
T: -0.726989 Q: 1.038
T: -0.783181 Q: -0.00410589
T: -0.821619 Q: -0.0040284
T: -0.841134 Q: -0.0034874
T: -0.841134 Q: 1.02097
T: -0.821619 Q: 1.10945
T: -0.783181 Q: 0.959256
T: -0.726989 Q: -0.00446418
T: -0.654751 Q: -0.00400899
T: -0.56866 Q: -0.00323193
T: -0.471332 Q: -0.00331783
T: -0.365726 Q: -0.00268399
T: -0.25505 Q: -0.00335153
T: -0.142666 Q: -0.00288933
T: -0.0319899 Q: -0.00280536
T: 0.0736163 Q: -0.00280832
T: 0.170943 Q: -0.00550147
T: 0.257034 Q: -0.00451379
T: 0.329273 Q: -0.00564237
T: 0.385465 Q: -0.00891938
T: 0.423903 Q: -0.0125146
T: 0.443418 Q: -0.0192236
T: 0.443418 Q: 0.951314
T: 0.423903 Q: -0.0283637
T: 0.385465 Q: 0.956974
T: 0.329273 Q: -0.0390731
T: 0.257034 Q: -0.0365916
T: 0.170943 Q: -0.0382909
T: 0.0736163 Q: 0.974977
T: -0.0319899 Q: -0.0368292
T: -0.142666 Q: -0.0315986
Sec_Event 13823864 N50: 27
T: 0.509656 Q: -0.011149
T: 0.432233 Q: -0.00667779
T: 0.358358 Q: -0.00643351
T: 0.290273 Q: -0.0053444
T: 0.230049 Q: -0.00642671
T: 0.179516 Q: -0.00685269
T: 0.140207 Q: 1.2149
T: 0.113319 Q: -0.00824053
T: 0.0996668 Q: -0.012943
T: 0.0996668 Q: -0.00696278
T: 0.113319 Q: -0.00662862
T: 0.140207 Q: -0.00603158
T: 0.179516 Q: 1.34675
T: 0.230049 Q: 2.51654
T: 0.290273 Q: -0.013175
T: 0.358358 Q: -0.0143767
T: 0.432233 Q: 1.1769
T: 0.509656 Q: -0.0193331
T: 0.588273 Q: -0.022845
T: 0.665695 Q: 1.4267
T: 0.739571 Q: -0.0489787
T: 0.807655 Q: -0.0914124
T: 0.867879 Q: 2.90543
T: 0.918413 Q: 1.23014
T: 0.957722 Q: -0.045376
T: 0.98461 Q: -0.0454706
T: 0.998262 Q: -0.0423138
T: 0.998262 Q: -0.045269
T: 0.98461 Q: -0.0425284
T: 0.957722 Q: -0.0452697
T: 0.918413 Q: -0.0679575
T: 0.867879 Q: -0.0656984
T: 0.807655 Q: 1.06567
T: 0.739571 Q: -0.0173722
T: 0.665695 Q: -0.00982469
T: 0.588273 Q: -0.0109576
300000/643297
Sec_Event 14797058 N50: 26
T: -0.363164 Q: 1.25387
T: -0.467546 Q: 1.11299
T: -0.567146 Q: 1.14528
T: -0.658938 Q: -0.0106634
T: -0.740133 Q: 1.07746
T: -0.808264 Q: -0.0199439
T: -0.86126 Q: -0.037038
T: -0.897512 Q: -0.04601
T: -0.915917 Q: -0.0353616
T: -0.915917 Q: 1.42491
T: -0.897512 Q: -0.0370648
T: -0.86126 Q: -0.0394764
T: -0.808264 Q: 1.41699
T: -0.740133 Q: -0.0652683
T: -0.658938 Q: -0.0645217
T: -0.567146 Q: -0.0575831
T: -0.467546 Q: -0.0488016
T: -0.363164 Q: -0.0348587
T: -0.257172 Q: 1.43173
T: -0.15279 Q: -0.0399699
T: -0.0531895 Q: -0.0279457
T: 0.0386026 Q: -0.0536866
T: 0.119797 Q: -0.0279796
T: 0.187928 Q: -0.0277313
T: 0.240924 Q: -0.0286099
T: 0.277176 Q: 1.16588
T: 0.295581 Q: -0.0190617
T: 0.295581 Q: -0.0160905
T: 0.277176 Q: -0.014093
T: 0.240924 Q: -0.0114075
T: 0.187928 Q: -0.00998149
T: 0.119797 Q: 1.20657
T: 0.0386026 Q: -0.0124274
T: -0.0531895 Q: -0.00532231
T: -0.15279 Q: -0.00727309
T: -0.257172 Q: -0.00660616
Sec_Event 15127740 N50: 30
T: 0.0451829 Q: 2.44837
T: -0.177121 Q: -0.000374004
T: -0.277158 Q: -0.000444945
T: -0.365646 Q: 0.971208
T: -0.537161 Q: -0.000284946
T: -0.557219 Q: -0.000815218
T: -0.557219 Q: -0.000655587
T: -0.537161 Q: -0.00108331
T: -0.497653 Q: 0.909754
T: -0.439896 Q: 0.808664
T: -0.365646 Q: 1.03412
T: -0.277158 Q: -0.0026223
T: -0.177121 Q: -0.00229774
T: -0.068575 Q: -0.00306299
T: 0.0451829 Q: 1.25558
T: 0.160696 Q: 1.10985
T: 0.274453 Q: -0.00275786
T: 0.383 Q: -0.0051025
T: 0.483037 Q: -0.00339517
T: 0.571525 Q: 0.855752
T: 0.645775 Q: -0.00397324
T: 0.703531 Q: -0.0026641
T: 0.743039 Q: -0.00414642
T: 0.763098 Q: -0.00125135
T: 0.763098 Q: 0.984085
T: 0.743039 Q: 1.17615
T: 0.703531 Q: -0.00138352
T: 0.645775 Q: -0.000576339
T: 0.571525 Q: 1.05852
T: 0.483037 Q: -0.000309889
T: 0.383 Q: 1.43133
T: 0.274453 Q: -0.000996416
Sec_Event 15127740 N50: 33
T: 0.511471 Q: 1.20273
T: 0.434333 Q: -0.000957491
T: 0.292893 Q: -0.000636673
T: 0.182542 Q: 1.10198
T: 0.116588 Q: 1.21185
T: 0.102986 Q: -0.000600563
T: 0.143378 Q: -0.000501461
T: 0.182542 Q: -0.000862412
T: 0.23289 Q: -0.000622072
T: 0.292893 Q: 0.887479
T: 0.360728 Q: -0.00241698
T: 0.434333 Q: 0.790449
T: 0.511471 Q: -0.00242312
T: 0.5898 Q: 0.853701
T: 0.666938 Q: -0.00959422
T: 0.740543 Q: -0.0126028
T: 0.808377 Q: -0.0292961
T: 0.86838 Q: -0.0622964
T: 0.918729 Q: -0.0639755
T: 0.957893 Q: -0.0617241
T: 0.984683 Q: -0.0509937
T: 0.998285 Q: -0.0663092
T: 0.998285 Q: -0.063219
T: 0.984683 Q: -0.0593553
T: 0.957893 Q: 0.688184
T: 0.918729 Q: 1.42104
T: 0.86838 Q: -0.00566625
T: 0.808377 Q: 1.73933
T: 0.740543 Q: 0.867928
T: 0.666938 Q: 1.0789
T: 0.5898 Q: 1.08527
Sec_Event 15676760 N50: 27
Sec_Event 15834525 N50: 36
T: -0.267989 Q: 0.984859
T: -0.378076 Q: 0.84449
T: -0.483121 Q: 1.7794
T: -0.57993 Q: -0.00877831
T: -0.665563 Q: 0.920198
T: -0.737418 Q: 0.716039
T: -0.793311 Q: 0.79676
T: -0.831544 Q: -0.0540354
T: -0.850955 Q: -0.0399421
T: -0.850955 Q: 1.30776
T: -0.831544 Q: 1.21628
T: -0.793311 Q: -0.0554189
T: -0.737418 Q: -0.0632664
T: -0.665563 Q: -0.0773563
T: -0.57993 Q: 1.27536
T: -0.483121 Q: -0.0688234
T: -0.378076 Q: -0.0687555
T: -0.267989 Q: -0.0469901
T: -0.156203 Q: -0.0598873
T: -0.0461152 Q: -0.0542128
T: 0.0589292 Q: -0.059017
T: 0.155739 Q: -0.0465098
T: 0.241372 Q: -0.0553915
T: 0.313226 Q: -0.0418995
T: 0.369119 Q: 0.936189
T: 0.407352 Q: 1.031
T: 0.426764 Q: 1.05318
T: 0.426764 Q: 4.57822
T: 0.407352 Q: -0.0213496
T: 0.369119 Q: -0.0192932
T: 0.313226 Q: -0.0166535
T: 0.241372 Q: -0.0162306
T: 0.155739 Q: -0.00721845
T: 0.0589292 Q: -0.00851384
T: -0.0461152 Q: -0.00578736
T: -0.156203 Q: -0.00520698
Sec_Event 16321982 N50: 26
T: -0.4052 Q: 1.19183
T: -0.506202 Q: -0.0259495
T: -0.602577 Q: -0.0345095
T: -0.691397 Q: -0.041883
T: -0.769963 Q: -0.057404
T: -0.835888 Q: -0.0700401
T: -0.887168 Q: -0.0637835
T: -0.922246 Q: 0.909928
T: -0.940055 Q: -0.0562095
T: -0.940055 Q: -0.0576524
T: -0.922246 Q: -0.0624329
T: -0.887168 Q: -0.0462668
T: -0.835888 Q: 0.961149
T: -0.769963 Q: -0.0175291
T: -0.691397 Q: -0.0171625
T: -0.602577 Q: 1.10292
T: -0.506202 Q: -0.00777901
T: -0.4052 Q: -0.00912438
T: -0.302639 Q: -0.00593856
T: -0.201637 Q: -0.00439212
T: -0.105262 Q: -0.00439792
T: -0.0164415 Q: -0.00450235
T: 0.0621244 Q: 1.28539
T: 0.128049 Q: -0.00619693
T: 0.179329 Q: -0.00520708
T: 0.214407 Q: -0.00538288
T: 0.232216 Q: -0.00726769
T: 0.232216 Q: -0.0056984
T: 0.214407 Q: -0.00923879
T: 0.179329 Q: -0.00886901
T: 0.128049 Q: 0.888004
T: 0.0621244 Q: 1.35168
T: -0.0164415 Q: -0.0120055
T: -0.105262 Q: -0.0141092
T: -0.201637 Q: -0.0197334
T: -0.302639 Q: -0.0210343
Sec_Event 16420760 N50: 25
T: -0.0662823 Q: -0.00177868
T: -0.181141 Q: -0.00346507
T: -0.290738 Q: -0.00241987
T: -0.391743 Q: -0.00523667
T: -0.481087 Q: -0.00839032
T: -0.556055 Q: 3.13101
T: -0.614371 Q: -0.011685
T: -0.654261 Q: -0.0148485
T: -0.674513 Q: -0.0210585
T: -0.674513 Q: -0.0233746
T: -0.654261 Q: -0.0216857
T: -0.614371 Q: -0.0261799
T: -0.556055 Q: -0.0267061
T: -0.481087 Q: -0.026772
T: -0.391743 Q: -0.0275948
T: -0.290738 Q: -0.0258889
T: -0.181141 Q: 1.28504
T: -0.0662823 Q: 1.0184
T: 0.0503481 Q: -0.0264157
T: 0.165207 Q: -0.0278573
T: 0.274803 Q: -0.0354612
T: 0.375808 Q: -0.0381733
T: 0.465153 Q: -0.0291707
T: 0.540121 Q: 1.14161
T: 0.598436 Q: -0.0334945
T: 0.638326 Q: -0.032057
T: 0.658579 Q: -0.0240008
T: 0.658579 Q: 0.821755
T: 0.638326 Q: -0.0174617
T: 0.598436 Q: -0.00900882
T: 0.540121 Q: -0.00923181
T: 0.465153 Q: -0.00624595
T: 0.375808 Q: -0.00921698
T: 0.274803 Q: -0.00326972
T: 0.165207 Q: 1.08196
T: 0.0503481 Q: -0.00279965
Sec_Event 17216036 N50: 26
T: -0.28402 Q: -0.0275647
T: -0.393319 Q: -0.0295621
T: -0.497611 Q: -0.0320399
T: -0.593727 Q: 0.981626
T: -0.678747 Q: -0.0105709
T: -0.750087 Q: 1.03007
T: -0.80558 Q: 2.01023
T: -0.843539 Q: -0.00605303
T: -0.862811 Q: -0.00583955
T: -0.862811 Q: -0.00517751
T: -0.843539 Q: 0.925603
T: -0.80558 Q: -0.00859571
T: -0.750087 Q: -0.00894778
T: -0.678747 Q: -0.0121773
T: -0.593727 Q: -0.0164477
T: -0.497611 Q: -0.0241683
T: -0.393319 Q: -0.0278043
T: -0.28402 Q: -0.0242519
T: -0.173034 Q: -0.0267382
T: -0.0637351 Q: -0.0224678
T: 0.040557 Q: 1.19713
T: 0.136673 Q: 0.96353
T: 0.221693 Q: -0.0366761
T: 0.293033 Q: -0.0424885
T: 0.348526 Q: 1.21806
T: 0.386485 Q: -0.0476817
T: 0.405757 Q: -0.0588311
T: 0.405757 Q: -0.0559785
T: 0.386485 Q: -0.0466651
T: 0.348526 Q: -0.0389712
T: 0.293033 Q: -0.0361642
T: 0.221693 Q: -0.0369047
T: 0.136673 Q: -0.0303096
T: 0.040557 Q: 1.14635
T: -0.0637351 Q: -0.0294176
T: -0.173034 Q: -0.0320822
Sec_Event 17381796 N50: 40
T: -0.649536 Q: -0.0219888
T: -0.713552 Q: 1.04149
T: -0.774635 Q: -0.0249516
T: -0.83093 Q: 2.50156
T: -0.880726 Q: -0.0233935
T: -0.922509 Q: 1.18572
T: -0.955011 Q: 1.22222
T: -0.977244 Q: 1.34268
T: -0.988531 Q: 1.25399
T: -0.988531 Q: 1.14249
T: -0.977244 Q: -0.0179799
T: -0.955011 Q: 1.28053
T: -0.922509 Q: -0.0228363
T: -0.880726 Q: 1.18288
T: -0.83093 Q: -0.0397636
T: -0.774635 Q: -0.0319954
T: -0.713552 Q: -0.0370397
T: -0.649536 Q: -0.0308773
T: -0.584533 Q: 2.65204
T: -0.520517 Q: 1.22072
T: -0.459433 Q: 1.10125
T: -0.403139 Q: -0.0135976
T: -0.353343 Q: 1.2845
T: -0.31156 Q: -0.0146112
T: -0.279058 Q: -0.0098199
T: -0.256825 Q: -0.00973764
T: -0.245537 Q: -0.00752193
T: -0.245537 Q: -0.0109962
T: -0.256825 Q: -0.0077899
T: -0.279058 Q: -0.00836437
T: -0.31156 Q: -0.0132693
T: -0.353343 Q: 2.62352
T: -0.403139 Q: 1.15229
T: -0.459433 Q: -0.00890448
T: -0.520517 Q: -0.0128714
T: -0.584533 Q: -0.0126993
Sec_Event 17733960 N50: 32
T: 0.325715 Q: -0.00959625
T: 0.226638 Q: -0.0112244
T: 0.132101 Q: 1.10466
T: 0.0449743 Q: -0.0126944
T: -0.0320934 Q: -0.0133083
T: -0.0967609 Q: -0.0176653
T: -0.147063 Q: -0.0323281
T: -0.181472 Q: -0.0288728
T: -0.198942 Q: -0.027725
T: -0.198942 Q: -0.0269745
T: -0.181472 Q: -0.0357669
T: -0.147063 Q: -0.0374394
T: -0.0967609 Q: -0.0388678
T: -0.0320934 Q: 1.20785
T: 0.0449743 Q: -0.0498136
T: 0.132101 Q: 1.28447
T: 0.226638 Q: 1.16679
T: 0.325715 Q: -0.0547667
T: 0.426319 Q: -0.0558489
T: 0.525396 Q: 1.31036
T: 0.619933 Q: 2.64286
T: 0.70706 Q: -0.07932
T: 0.784127 Q: -0.0676619
T: 0.848795 Q: -0.0505229
T: 0.899097 Q: -0.0388158
T: 0.933506 Q: -0.0385022
T: 0.950976 Q: 1.4382
T: 0.950976 Q: 1.12264
T: 0.933506 Q: -0.0369278
T: 0.899097 Q: 1.45957
T: 0.848795 Q: 0.907786
T: 0.784127 Q: -0.0322663
T: 0.70706 Q: -0.0249946
T: 0.619933 Q: -0.0130665
T: 0.525396 Q: -0.0100401
T: 0.426319 Q: -0.00953827
400000/643297
Sec_Event 19133912 N50: 32
T: 0.371038 Q: 2.91401
T: 0.276191 Q: -0.00421774
T: 0.185689 Q: -0.00600441
T: 0.102283 Q: -0.00328029
T: 0.0285053 Q: -0.00996087
T: -0.0334014 Q: 1.25976
T: -0.0815562 Q: -0.00601534
T: -0.114496 Q: 1.1856
T: -0.13122 Q: -0.00635632
T: -0.13122 Q: -0.0131895
T: -0.114496 Q: -0.00853919
T: -0.0815562 Q: -0.013386
T: -0.0334014 Q: -0.0105794
T: 0.0285053 Q: 1.22304
T: 0.102283 Q: 1.05878
T: 0.185689 Q: 1.19643
T: 0.276191 Q: -0.0191083
T: 0.371038 Q: 1.2127
T: 0.467347 Q: -0.0287246
T: 0.562194 Q: 1.09823
T: 0.652695 Q: -0.0331693
T: 0.736102 Q: -0.023164
T: 0.80988 Q: -0.0172607
T: 0.871786 Q: 2.40876
T: 0.919941 Q: -0.01469
T: 0.952881 Q: 2.32385
T: 0.969605 Q: -0.0123328
T: 0.969605 Q: -0.012929
T: 0.952881 Q: 1.02916
T: 0.919941 Q: -0.0118994
T: 0.871786 Q: -0.0157332
T: 0.80988 Q: -0.0172844
T: 0.736102 Q: -0.0175008
T: 0.652695 Q: -0.00964933
T: 0.562194 Q: -0.00744977
T: 0.467347 Q: -0.00521352
Sec_Event 19133912 N50: 28
T: -0.585518 Q: -0.00671045
T: -0.663448 Q: -0.0117696
T: -0.737808 Q: 1.04751
T: -0.806338 Q: 1.10785
T: -0.866956 Q: 0.99797
T: -0.917821 Q: -0.0237677
T: -0.957387 Q: 1.41045
T: -0.984452 Q: -0.0188208
T: -0.998193 Q: -0.0198817
T: -0.998193 Q: -0.0226969
T: -0.984452 Q: 1.27734
T: -0.957387 Q: -0.0209373
T: -0.917821 Q: -0.0282363
T: -0.866956 Q: 1.10159
T: -0.806338 Q: -0.035731
T: -0.737808 Q: -0.0576054
T: -0.663448 Q: -0.0542833
T: -0.585518 Q: 1.23651
T: -0.506386 Q: -0.0476221
T: -0.428457 Q: 1.24119
T: -0.354097 Q: -0.0394143
T: -0.285567 Q: 1.15614
T: -0.224948 Q: -0.02606
T: -0.174083 Q: -0.0226837
T: -0.134517 Q: -0.0272584
T: -0.107453 Q: -0.0206214
T: -0.0937117 Q: 1.17695
T: -0.0937117 Q: -0.0176403
T: -0.107453 Q: -0.0113607
T: -0.134517 Q: -0.0116802
T: -0.174083 Q: -0.0114725
T: -0.224948 Q: -0.0105307
T: -0.285567 Q: 1.1992
T: -0.354097 Q: -0.00887987
T: -0.428457 Q: -0.00830798
T: -0.506386 Q: -0.0160787
Sec_Event 20502676 N50: 40
T: -0.502009 Q: -0.00568335
T: -0.592713 Q: 1.2116
T: -0.679262 Q: -0.0150327
T: -0.759025 Q: 1.23743
T: -0.82958 Q: -0.0258914
T: -0.888783 Q: 3.24488
T: -0.934835 Q: -0.0212504
T: -0.966336 Q: 3.78396
T: -0.982329 Q: -0.0291173
T: -0.982329 Q: 1.3718
T: -0.966336 Q: 1.34675
T: -0.934835 Q: -0.0208253
T: -0.888783 Q: 1.3087
T: -0.82958 Q: 1.43605
T: -0.759025 Q: 1.08056
T: -0.679262 Q: 1.12106
T: -0.592713 Q: -0.0379626
T: -0.502009 Q: 1.41962
T: -0.409906 Q: -0.0211026
T: -0.319203 Q: -0.0203893
T: -0.232654 Q: -0.0176411
T: -0.152891 Q: 1.0902
T: -0.0823355 Q: -0.0140682
T: -0.0231328 Q: -0.0138398
T: 0.0229187 Q: -0.0103942
T: 0.0544198 Q: -0.0112826
T: 0.0704133 Q: -0.0141251
T: 0.0704133 Q: -0.0108616
T: 0.0544198 Q: -0.00869398
T: 0.0229187 Q: 2.30186
T: -0.0231328 Q: -0.0058793
T: -0.0823355 Q: -0.00814725
T: -0.152891 Q: 2.53971
T: -0.232654 Q: -0.00546287
T: -0.319203 Q: 1.25957
T: -0.409906 Q: -0.00686514
Sec_Event 21217042 N50: 28
T: -0.417629 Q: -0.00139364
T: -0.517517 Q: -0.000852892
T: -0.61283 Q: 1.36295
T: -0.70067 Q: -0.00472448
T: -0.778369 Q: -0.00584159
T: -0.843567 Q: -0.00382098
T: -0.894282 Q: -0.00777647
T: -0.928972 Q: -0.0212303
T: -0.946585 Q: -0.024378
T: -0.946585 Q: 0.863393
T: -0.928972 Q: 1.04487
T: -0.894282 Q: -0.0285556
T: -0.843567 Q: -0.0333499
T: -0.778369 Q: -0.041766
T: -0.70067 Q: -0.032126
T: -0.61283 Q: -0.031048
T: -0.517517 Q: 0.87954
T: -0.417629 Q: -0.0153318
T: -0.316199 Q: 0.966997
T: -0.216311 Q: -0.0132263
T: -0.120999 Q: -0.00874087
T: -0.0331583 Q: -0.00878544
T: 0.0445411 Q: -0.00795209
T: 0.109739 Q: -0.00314591
T: 0.160453 Q: -0.00396085
T: 0.195144 Q: 0.817859
T: 0.212757 Q: -0.0045743
T: 0.212757 Q: 1.39857
T: 0.195144 Q: 0.893104
T: 0.160453 Q: -0.00124258
T: 0.109739 Q: 1.02126
T: 0.0445411 Q: -0.000821959
T: -0.0331583 Q: -0.000967077
T: -0.120999 Q: -0.00115237
T: -0.216311 Q: -0.000992113
T: -0.316199 Q: 0.964761
Sec_Event 21941319 N50: 26
T: 0.0802092 Q: -0.0191935
T: -0.0326721 Q: -0.0157476
T: -0.140382 Q: 1.36176
T: -0.239648 Q: -0.0160875
T: -0.327454 Q: -0.0169705
T: -0.401132 Q: 1.27564
T: -0.458444 Q: -0.0193047
T: -0.497647 Q: -0.0187936
T: -0.517551 Q: -0.0194391
T: -0.517551 Q: -0.019089
T: -0.497647 Q: -0.022814
T: -0.458444 Q: -0.0255324
T: -0.401132 Q: 2.41146
T: -0.327454 Q: -0.0171883
T: -0.239648 Q: -0.0141715
T: -0.140382 Q: -0.0175225
T: -0.0326721 Q: 1.38092
T: 0.0802092 Q: -0.0190246
T: 0.194832 Q: -0.0127582
T: 0.307713 Q: -0.0153554
T: 0.415423 Q: -0.0251492
T: 0.514689 Q: -0.0238218
T: 0.602495 Q: -0.0271369
T: 0.676174 Q: 1.04679
T: 0.733485 Q: -0.0369231
T: 0.772688 Q: -0.040259
T: 0.792592 Q: -0.0475162
T: 0.792592 Q: 1.25411
T: 0.772688 Q: 1.18312
T: 0.733485 Q: -0.0383634
T: 0.676174 Q: -0.0515897
T: 0.602495 Q: -0.0395797
T: 0.514689 Q: 1.28875
T: 0.415423 Q: -0.0200619
T: 0.307713 Q: -0.0199532
T: 0.194832 Q: 1.25036
Sec_Event 22072311 N50: 37
T: 0.198622 Q: -0.0170911
T: 0.0906431 Q: 1.19715
T: -0.012389 Q: 1.05226
T: -0.107344 Q: -0.0143285
T: -0.191337 Q: -0.0131347
T: -0.261815 Q: -0.0146201
T: -0.316637 Q: -0.0161041
T: -0.354138 Q: -0.0171297
T: -0.373177 Q: -0.0140912
T: -0.373177 Q: 1.17296
T: -0.354138 Q: -0.0164758
T: -0.316637 Q: 2.48175
T: -0.261815 Q: 1.04809
T: -0.191337 Q: -0.0108078
T: -0.107344 Q: -0.015036
T: -0.012389 Q: -0.0201118
T: 0.0906431 Q: -0.0151842
T: 0.198622 Q: 1.11563
T: 0.308266 Q: -0.0175529
T: 0.416245 Q: -0.0154848
T: 0.519277 Q: 1.32939
T: 0.614232 Q: -0.0154659
T: 0.698225 Q: -0.0162949
T: 0.768703 Q: 3.33924
T: 0.823525 Q: 1.06284
T: 0.861026 Q: -0.00728339
T: 0.880065 Q: -0.00706855
T: 0.880065 Q: -0.00724031
T: 0.861026 Q: -0.00633558
T: 0.823525 Q: -0.00676732
T: 0.768703 Q: -0.00983185
T: 0.698225 Q: 0.954462
T: 0.614232 Q: -0.0143118
T: 0.519277 Q: -0.0111413
T: 0.416245 Q: 1.99224
T: 0.308266 Q: -0.0192578
Sec_Event 22192292 N50: 28
T: -0.724834 Q: -0.022647
T: -0.760304 Q: -0.0231683
T: -0.79415 Q: -0.0244924
T: -0.825342 Q: -0.025207
T: -0.852933 Q: 1.10009
T: -0.876084 Q: -0.0287101
T: -0.894093 Q: -0.0294989
T: -0.906412 Q: -0.0345743
T: -0.912666 Q: 0.891349
T: -0.912666 Q: -0.0478204
T: -0.906412 Q: -0.0416898
T: -0.894093 Q: 1.01739
T: -0.876084 Q: -0.0477191
T: -0.852933 Q: -0.0471398
T: -0.825342 Q: -0.0535637
T: -0.79415 Q: 1.22881
T: -0.760304 Q: -0.0736738
T: -0.724834 Q: 1.31018
T: -0.688817 Q: -0.0774503
T: -0.653346 Q: -0.0710385
T: -0.619501 Q: -0.0680021
T: -0.588309 Q: 1.43154
T: -0.560718 Q: -0.0718628
T: -0.537567 Q: -0.0690601
T: -0.519558 Q: 1.41708
T: -0.507239 Q: -0.0652361
T: -0.500985 Q: -0.0543316
T: -0.500985 Q: -0.0486736
T: -0.507239 Q: -0.0530753
T: -0.519558 Q: 1.33613
T: -0.537567 Q: 1.26183
T: -0.560718 Q: -0.0396783
T: -0.588309 Q: -0.0466202
T: -0.619501 Q: 1.17647
T: -0.653346 Q: -0.0259437
T: -0.688817 Q: 2.38072
Sec_Event 22574559 N50: 40
T: -0.427804 Q: -0.0607546
T: -0.526739 Q: -0.051241
T: -0.621141 Q: -0.0664244
T: -0.708143 Q: 2.3395
T: -0.785101 Q: -0.0281051
T: -0.849676 Q: -0.0243446
T: -0.899907 Q: -0.0226174
T: -0.934266 Q: -0.0185899
T: -0.951711 Q: -0.0184026
T: -0.951711 Q: -0.0192392
T: -0.934266 Q: 2.18819
T: -0.899907 Q: 0.787233
T: -0.849676 Q: 0.863964
T: -0.785101 Q: -0.00996808
T: -0.708143 Q: 0.896018
T: -0.621141 Q: 1.1574
T: -0.526739 Q: 1.14949
T: -0.427804 Q: 2.32569
T: -0.327343 Q: -0.00280073
T: -0.228408 Q: -0.0018794
T: -0.134006 Q: -0.00179037
T: -0.0470039 Q: -0.00409541
T: 0.0299537 Q: -0.00261616
T: 0.0945288 Q: -0.00750081
T: 0.144759 Q: -0.00723803
T: 0.179119 Q: 1.15899
T: 0.196564 Q: -0.0120312
T: 0.196564 Q: 0.993712
T: 0.179119 Q: 1.22077
T: 0.144759 Q: 1.16155
T: 0.0945288 Q: -0.0295975
T: 0.0299537 Q: -0.0330892
T: -0.0470039 Q: 1.16634
T: -0.134006 Q: 1.1777
T: -0.228408 Q: -0.0431577
T: -0.327343 Q: -0.0526511
Sec_Event 22975959 N50: 43
T: -0.573184 Q: -0.00127329
T: -0.653306 Q: -0.00407307
T: -0.729757 Q: -0.00596803
T: -0.800215 Q: -0.00498613
T: -0.862539 Q: -0.00377688
T: -0.914835 Q: 0.883734
T: -0.955514 Q: -0.00374202
T: -0.98334 Q: -0.00315861
T: -0.997467 Q: 1.28455
T: -0.997467 Q: 1.36389
T: -0.98334 Q: 1.29586
T: -0.955514 Q: -0.00471917
T: -0.914835 Q: -0.00534043
T: -0.862539 Q: 1.0789
T: -0.800215 Q: -0.00707559
T: -0.729757 Q: -0.0125777
T: -0.653306 Q: 1.06406
T: -0.573184 Q: 1.91987
T: -0.491826 Q: -0.0292558
T: -0.411704 Q: -0.0333393
T: -0.335253 Q: 1.29384
T: -0.264795 Q: -0.036879
T: -0.202471 Q: -0.0258593
T: -0.150175 Q: -0.0212109
T: -0.109497 Q: -0.0184417
T: -0.0816705 Q: -0.0128195
T: -0.0675429 Q: 1.8888
T: -0.0675429 Q: -0.0107752
T: -0.0816705 Q: -0.00711221
T: -0.109497 Q: -0.00785047
T: -0.150175 Q: -0.00362163
T: -0.202471 Q: -0.00675347
T: -0.264795 Q: 0.925428
T: -0.335253 Q: 1.04245
T: -0.411704 Q: -0.00270722
T: -0.491826 Q: -0.00287883
500000/643297
Sec_Event 24087856 N50: 26
T: -0.723883 Q: -0.00979606
T: -0.759943 Q: -0.013184
T: -0.794351 Q: -0.0109202
T: -0.826062 Q: -0.0133683
T: -0.854112 Q: 1.03018
T: -0.877649 Q: -0.028383
T: -0.895957 Q: -0.0451276
T: -0.90848 Q: 0.885972
T: -0.914839 Q: 0.869079
T: -0.914839 Q: -0.0754073
T: -0.90848 Q: -0.0800499
T: -0.895957 Q: -0.070193
T: -0.877649 Q: -0.0692333
T: -0.854112 Q: -0.0746569
T: -0.826062 Q: -0.0878981
T: -0.794351 Q: 1.27936
T: -0.759943 Q: -0.0864902
T: -0.723883 Q: -0.0761125
T: -0.687267 Q: 1.2074
T: -0.651206 Q: 1.3074
T: -0.616798 Q: 1.17945
T: -0.585088 Q: -0.0459963
T: -0.557038 Q: -0.0480122
T: -0.533501 Q: -0.0312474
T: -0.515193 Q: -0.0298408
T: -0.502669 Q: -0.025037
T: -0.496311 Q: 1.20362
T: -0.496311 Q: -0.0240198
T: -0.502669 Q: 2.35618
T: -0.515193 Q: -0.0130205
T: -0.533501 Q: -0.00761713
T: -0.557038 Q: -0.00886679
T: -0.585088 Q: -0.0164266
T: -0.616798 Q: 1.00366
T: -0.651206 Q: -0.00622182
T: -0.687267 Q: -0.008334
Sec_Event 24959205 N50: 37
T: -0.148711 Q: -0.0010761
T: -0.262715 Q: -0.000337966
T: -0.371497 Q: 1.09471
T: -0.47175 Q: -0.001006
T: -0.560429 Q: -0.000923519
T: -0.63484 Q: -0.00152148
T: -0.692722 Q: -0.00303275
T: -0.732315 Q: 2.27554
T: -0.752417 Q: 0.857979
T: -0.752417 Q: -0.0100694
T: -0.732315 Q: -0.0106015
T: -0.692722 Q: 0.85419
T: -0.63484 Q: 1.83319
T: -0.560429 Q: -0.0201515
T: -0.47175 Q: -0.0194803
T: -0.371497 Q: -0.0247862
T: -0.262715 Q: -0.0178764
T: -0.148711 Q: 1.05203
T: -0.0329487 Q: 1.0794
T: 0.0810553 Q: -0.0128933
T: 0.189837 Q: -0.0127061
T: 0.29009 Q: 0.936608
T: 0.378769 Q: -0.0183755
T: 0.45318 Q: 1.78287
T: 0.511062 Q: 1.03802
T: 0.550655 Q: -0.00553825
T: 0.570757 Q: -0.00799118
T: 0.570757 Q: -0.00377287
T: 0.550655 Q: 2.11745
T: 0.511062 Q: -0.00243129
T: 0.45318 Q: -0.000570899
T: 0.378769 Q: -0.00115054
T: 0.29009 Q: 1.35706
T: 0.189837 Q: 1.25217
T: 0.0810553 Q: 1.35326
T: -0.0329487 Q: -0.00119476
Sec_Event 25073710 N50: 25
T: 0.36624 Q: -0.00589342
T: 0.270916 Q: 0.685482
T: 0.179959 Q: -0.00636565
T: 0.0961327 Q: -0.0064016
T: 0.0219839 Q: -0.00771824
T: -0.0402342 Q: -0.0103292
T: -0.0886314 Q: -0.00620719
T: -0.121737 Q: -0.00667722
T: -0.138545 Q: -0.00684173
T: -0.138545 Q: -0.00675232
T: -0.121737 Q: -0.00612557
T: -0.0886314 Q: 1.41391
T: -0.0402342 Q: -0.00643391
T: 0.0219839 Q: -0.00819244
T: 0.0961327 Q: 0.869613
T: 0.179959 Q: 1.16282
T: 0.270916 Q: 0.709772
T: 0.36624 Q: -0.00758279
T: 0.463034 Q: -0.00388058
T: 0.558358 Q: -0.00251576
T: 0.649315 Q: -0.00252325
T: 0.733141 Q: -0.000789517
T: 0.80729 Q: -0.000761004
T: 0.869508 Q: -0.000283848
T: 0.917905 Q: 0.965654
T: 0.951011 Q: -0.000675169
T: 0.967819 Q: -0.000546227
T: 0.951011 Q: -0.000364193
T: 0.917905 Q: -0.000751385
T: 0.869508 Q: -0.000690066
T: 0.80729 Q: -0.000876678
T: 0.733141 Q: -0.000681194
T: 0.649315 Q: -0.00129693
T: 0.558358 Q: -0.00183904
T: 0.463034 Q: 1.79507
Sec_Event 25073710 N50: 47
T: 0.636984 Q: -0.00103285
T: 0.585182 Q: -0.00101835
T: 0.535754 Q: 1.09575
T: 0.490201 Q: -0.00254404
T: 0.449906 Q: 2.29773
T: 0.416096 Q: -0.00461013
T: 0.389795 Q: -0.00818674
T: 0.371805 Q: -0.0105684
T: 0.362671 Q: 0.787551
T: 0.362671 Q: 0.717094
T: 0.371805 Q: 1.70179
T: 0.389795 Q: -0.00658165
T: 0.416096 Q: 0.846104
T: 0.449906 Q: -0.00353754
T: 0.490201 Q: -0.00221006
T: 0.535754 Q: 0.89554
T: 0.585182 Q: 1.11861
T: 0.636984 Q: 0.929487
T: 0.689584 Q: 2.30237
T: 0.741385 Q: -0.000596863
T: 0.790814 Q: -0.000636494
T: 0.836367 Q: 1.71283
T: 0.910472 Q: 1.6576
T: 0.936772 Q: 1.6174
T: 0.963897 Q: 1.56215
T: 0.963897 Q: 1.6193
T: 0.936772 Q: -0.000394715
T: 0.910472 Q: 2.23621
T: 0.876661 Q: 1.28306
T: 0.836367 Q: 1.51578
T: 0.790814 Q: 1.28253
T: 0.741385 Q: -0.00124038
T: 0.689584 Q: -0.00111135
Sec_Event 25073710 N50: 30
T: 0.0615174 Q: -0.010815
T: -0.0518635 Q: -0.0118804
T: -0.16005 Q: -0.0113995
T: -0.259756 Q: 1.00305
T: -0.34795 Q: -0.0146282
T: -0.421954 Q: 0.956651
T: -0.479519 Q: 1.25365
T: -0.518896 Q: -0.0125526
T: -0.538888 Q: -0.0118208
T: -0.538888 Q: 0.948267
T: -0.518896 Q: 1.9896
T: -0.479519 Q: -0.00802478
T: -0.421954 Q: -0.00641341
T: -0.34795 Q: -0.00580324
T: -0.259756 Q: -0.00662913
T: -0.16005 Q: -0.00415033
T: -0.0518635 Q: -0.00446802
T: 0.0615174 Q: -0.00411074
T: 0.176647 Q: -0.00546002
T: 0.290028 Q: 1.23236
T: 0.398215 Q: -0.00566452
T: 0.49792 Q: -0.00771724
T: 0.586115 Q: -0.00720323
T: 0.660119 Q: -0.0136787
T: 0.717684 Q: -0.0137392
T: 0.757061 Q: 0.927299
T: 0.777053 Q: 0.861523
T: 0.777053 Q: 0.838978
T: 0.757061 Q: -0.0245559
T: 0.717684 Q: -0.0256077
T: 0.660119 Q: 0.799958
T: 0.586115 Q: -0.0258554
T: 0.49792 Q: -0.0213742
T: 0.398215 Q: -0.0186335
T: 0.290028 Q: -0.0157026
T: 0.176647 Q: -0.015152
Sec_Event 25293537 N50: 52
T: 0.21691 Q: -0.0442812
T: 0.109967 Q: -0.0406814
T: 0.0079231 Q: -0.0328109
T: -0.0861209 Q: 1.25327
T: -0.169308 Q: 2.48271
T: -0.23911 Q: -0.0267237
T: -0.293406 Q: -0.0255965
T: -0.330547 Q: -0.0195366
T: -0.349404 Q: 3.33877
T: -0.349404 Q: -0.0070524
T: -0.330547 Q: 2.38805
T: -0.293406 Q: 1.08267
T: -0.23911 Q: 2.06995
T: -0.169308 Q: -0.00202029
T: -0.0861209 Q: 1.13887
T: 0.0079231 Q: -0.000829808
T: 0.109967 Q: 2.46066
T: 0.21691 Q: 1.29754
T: 0.325502 Q: 1.12468
T: 0.432445 Q: -0.00202668
T: 0.534489 Q: 2.19567
T: 0.628533 Q: -0.00174064
T: 0.71172 Q: -0.00392892
T: 0.781522 Q: 0.877747
T: 0.835818 Q: -0.0108168
T: 0.872959 Q: 1.02291
T: 0.891816 Q: 1.67313
T: 0.891816 Q: -0.0175946
T: 0.872959 Q: -0.0168185
T: 0.835818 Q: 1.42233
T: 0.781522 Q: -0.0224549
T: 0.71172 Q: -0.0325067
T: 0.628533 Q: 2.47796
T: 0.534489 Q: -0.0436621
T: 0.432445 Q: 3.5992
T: 0.325502 Q: -0.055118
Sec_Event 25293537 N50: 28
T: 0.044813 Q: 2.0158
T: -0.0689527 Q: -0.0173295
T: -0.177507 Q: -0.0155447
T: -0.277551 Q: 0.984916
T: -0.366045 Q: -0.0224031
T: -0.4403 Q: -0.030673
T: -0.49806 Q: 1.02318
T: -0.537571 Q: -0.0389473
T: -0.557631 Q: -0.0408084
T: -0.557631 Q: -0.0410347
T: -0.537571 Q: -0.0462374
T: -0.49806 Q: -0.0471382
T: -0.4403 Q: -0.0475064
T: -0.366045 Q: -0.047737
T: -0.277551 Q: 1.23658
T: -0.177507 Q: -0.038483
T: -0.0689527 Q: -0.0351252
T: 0.044813 Q: -0.0360224
T: 0.160334 Q: -0.0452011
T: 0.2741 Q: -0.040433
T: 0.382654 Q: -0.0511531
T: 0.482697 Q: -0.0427899
T: 0.571192 Q: -0.0440891
T: 0.645447 Q: -0.0407802
T: 0.703207 Q: -0.0361207
T: 0.742718 Q: -0.0276445
T: 0.762778 Q: -0.024921
T: 0.762778 Q: 0.94439
T: 0.742718 Q: -0.031083
T: 0.703207 Q: -0.0383834
T: 0.645447 Q: -0.0301848
T: 0.571192 Q: 0.838647
T: 0.482697 Q: -0.0266268
T: 0.382654 Q: 0.906367
T: 0.2741 Q: -0.0147698
T: 0.160334 Q: -0.0193291
Sec_Event 25680790 N50: 25
T: 0.654416 Q: -0.00673595
T: 0.607472 Q: -0.00245647
T: 0.562679 Q: -0.0028053
T: 0.521398 Q: 0.784462
T: 0.484882 Q: -0.00398731
T: 0.454242 Q: -0.00434414
T: 0.430408 Q: -0.00472185
T: 0.414104 Q: 0.812641
T: 0.405827 Q: -0.00734676
T: 0.405827 Q: -0.00801235
T: 0.414104 Q: -0.0109958
T: 0.430408 Q: -0.00663437
T: 0.454242 Q: 0.826468
T: 0.484882 Q: 0.706589
T: 0.521398 Q: -0.00527451
T: 0.562679 Q: -0.00381612
T: 0.607472 Q: 1.08397
T: 0.654416 Q: 1.11815
T: 0.702084 Q: -0.00178573
T: 0.749028 Q: -0.00149097
T: 0.793821 Q: 1.12546
T: 0.835102 Q: 0.996638
T: 0.871618 Q: 1.02898
T: 0.902258 Q: -0.000868864
T: 0.926092 Q: -0.00256695
T: 0.942396 Q: 1.06574
T: 0.950673 Q: -0.000545273
T: 0.950673 Q: -0.000528565
T: 0.942396 Q: -0.0013258
T: 0.926092 Q: -0.000632388
T: 0.902258 Q: -0.000813257
T: 0.871618 Q: -0.00128215
T: 0.835102 Q: 1.22411
T: 0.793821 Q: 1.37281
T: 0.749028 Q: 0.905065
T: 0.702084 Q: 0.921957
Sec_Event 26589810 N50: 27
T: 0.191669 Q: -0.0198526
T: 0.0833166 Q: -0.0158408
T: -0.020072 Q: -0.00893524
T: -0.115355 Q: -0.0133423
T: -0.199639 Q: -0.0117163
T: -0.27036 Q: 0.945032
T: -0.325372 Q: -0.00750448
T: -0.363003 Q: 1.08087
T: -0.382108 Q: -0.00473825
T: -0.382108 Q: -0.00468356
T: -0.363003 Q: -0.00434418
T: -0.325372 Q: 1.09992
T: -0.27036 Q: -0.00510409
T: -0.199639 Q: -0.00279029
T: -0.115355 Q: -0.00208215
T: -0.020072 Q: 1.13069
T: 0.0833166 Q: -0.00484783
T: 0.191669 Q: -0.00203272
T: 0.301693 Q: -0.00247753
T: 0.410045 Q: 1.08499
T: 0.513434 Q: 2.11182
T: 0.608717 Q: -0.00428795
T: 0.693 Q: -0.00798495
T: 0.763722 Q: -0.00996706
T: 0.818734 Q: 0.92602
T: 0.856364 Q: -0.0234533
T: 0.87547 Q: -0.0375004
T: 0.87547 Q: -0.0408558
T: 0.856364 Q: 1.04551
T: 0.818734 Q: 0.766729
T: 0.763722 Q: -0.0474971
T: 0.693 Q: -0.0283168
T: 0.608717 Q: -0.0287274
T: 0.513434 Q: -0.0196553
T: 0.410045 Q: -0.0153446
T: 0.301693 Q: -0.0178191
Sec_Event 26670299 N50: 40
T: 0.0857883 Q: 1.44487
T: -0.0269297 Q: -0.0100689
T: -0.134484 Q: -0.00992441
T: -0.233607 Q: -0.00703571
T: -0.321286 Q: -0.0125793
T: -0.394857 Q: -0.0109715
T: -0.452085 Q: -0.0114867
T: -0.491232 Q: -0.0138669
T: -0.511107 Q: -0.0189447
T: -0.511107 Q: -0.0161589
T: -0.491232 Q: 2.55329
T: -0.452085 Q: 1.44349
T: -0.394857 Q: 2.62091
T: -0.321286 Q: -0.0157758
T: -0.233607 Q: -0.0189733
T: -0.134484 Q: -0.01858
T: -0.0269297 Q: -0.0151661
T: 0.0857883 Q: -0.0154921
T: 0.200245 Q: -0.021199
T: 0.312963 Q: -0.0178691
T: 0.420517 Q: -0.0218166
T: 0.51964 Q: 1.09204
T: 0.607319 Q: 1.53668
T: 0.680891 Q: 1.40236
T: 0.738119 Q: 2.69614
T: 0.777266 Q: 2.44515
T: 0.797141 Q: -0.029578
T: 0.797141 Q: -0.0299742
T: 0.777266 Q: 3.87915
T: 0.738119 Q: -0.0250525
T: 0.680891 Q: -0.0287437
T: 0.607319 Q: 1.11518
T: 0.51964 Q: -0.0124092
T: 0.420517 Q: -0.00898312
T: 0.312963 Q: 2.60247
T: 0.200245 Q: -0.00729522
Sec_Event 26704446 N50: 31
T: 0.0811829 Q: 1.27792
T: -0.0316704 Q: -0.031812
T: -0.139354 Q: -0.0277903
T: -0.238595 Q: 2.80905
T: -0.326379 Q: -0.0262492
T: -0.400039 Q: 0.859351
T: -0.457336 Q: -0.0185459
T: -0.49653 Q: -0.0172041
T: -0.516429 Q: -0.0147996
T: -0.516429 Q: -0.0135156
T: -0.49653 Q: -0.014017
T: -0.457336 Q: -0.0141162
T: -0.400039 Q: -0.012983
T: -0.326379 Q: 1.15747
T: -0.238595 Q: -0.0107078
T: -0.139354 Q: -0.0109735
T: -0.0316704 Q: -0.00964697
T: 0.0811829 Q: -0.00845721
T: 0.195777 Q: -0.00938925
T: 0.30863 Q: -0.0118336
T: 0.416314 Q: -0.0178599
T: 0.515555 Q: -0.0107698
T: 0.603339 Q: -0.0181444
T: 0.676999 Q: 1.16533
T: 0.734296 Q: -0.0503947
T: 0.77349 Q: -0.05239
T: 0.793389 Q: -0.049659
T: 0.793389 Q: -0.058145
T: 0.77349 Q: -0.0539506
T: 0.734296 Q: -0.0617596
T: 0.676999 Q: 1.05238
T: 0.603339 Q: -0.0607323
T: 0.515555 Q: 2.87521
T: 0.416314 Q: 1.16924
T: 0.30863 Q: 1.23357
T: 0.195777 Q: 1.18156
600000/643297
Sec_Event 28083964 N50: 40
T: 0.561094 Q: -0.00465077
T: 0.492469 Q: 0.866088
T: 0.426987 Q: -0.0129757
T: 0.366639 Q: 0.66855
T: 0.313258 Q: 1.50789
T: 0.268466 Q: -0.019024
T: 0.233624 Q: 0.76111
T: 0.209791 Q: -0.0225607
T: 0.19769 Q: -0.0210981
T: 0.19769 Q: -0.0195771
T: 0.209791 Q: -0.0156092
T: 0.233624 Q: -0.0207389
T: 0.268466 Q: 1.75907
T: 0.313258 Q: 0.825156
T: 0.366639 Q: 1.00327
T: 0.426987 Q: -0.00804892
T: 0.492469 Q: -0.00511372
T: 0.561094 Q: 0.899513
T: 0.630778 Q: -0.00271412
T: 0.699404 Q: -0.00221741
T: 0.764885 Q: -0.00127101
T: 0.825234 Q: 0.957908
T: 0.878615 Q: -0.00151447
T: 0.923407 Q: -0.000978583
T: 0.958249 Q: -0.000977722
T: 0.982082 Q: -0.000564094
T: 0.994182 Q: -0.000311978
T: 0.994182 Q: -0.000935768
T: 0.982082 Q: -0.000755647
T: 0.958249 Q: -0.0012047
T: 0.923407 Q: -0.00146145
T: 0.878615 Q: 1.01366
T: 0.825234 Q: -0.0012263
T: 0.764885 Q: -0.00190444
T: 0.699404 Q: -0.00270898
T: 0.630778 Q: -0.00223482
Sec_Event 29022094 N50: 46
T: -0.392899 Q: -0.00588457
T: -0.494951 Q: 0.970271
T: -0.592328 Q: 0.818949
T: -0.682071 Q: -0.00625951
T: -0.761453 Q: 1.60186
T: -0.828062 Q: -0.00337163
T: -0.879875 Q: -0.00321096
T: -0.915318 Q: -0.00207123
T: -0.933312 Q: -0.0021773
T: -0.933312 Q: -0.00271989
T: -0.915318 Q: 1.12863
T: -0.879875 Q: 1.14932
T: -0.828062 Q: -0.00498333
T: -0.761453 Q: -0.00469122
T: -0.682071 Q: -0.00578975
T: -0.592328 Q: 1.09268
T: -0.494951 Q: -0.0145217
T: -0.392899 Q: 0.899987
T: -0.289273 Q: 1.4452
T: -0.187222 Q: 1.22501
T: -0.089845 Q: -0.052437
T: -0.000102219 Q: 3.00652
T: 0.0792799 Q: -0.0446675
T: 0.145889 Q: 1.27592
T: 0.197703 Q: 1.39372
T: 0.233145 Q: -0.0464769
T: 0.251139 Q: 1.13445
T: 0.251139 Q: 2.45121
T: 0.233145 Q: 1.11566
T: 0.197703 Q: -0.0240283
T: 0.145889 Q: -0.0177934
T: 0.0792799 Q: -0.0120504
T: -0.000102219 Q: 1.01355
T: -0.089845 Q: -0.00954829
T: -0.187222 Q: 1.06372
T: -0.289273 Q: 3.21627
Sec_Event 29022094 N50: 25
T: 0.220334 Q: -0.0130898
T: 0.113593 Q: -0.00846996
T: 0.011743 Q: -0.00845784
T: -0.0821227 Q: 1.23995
T: -0.165152 Q: 3.65277
T: -0.234822 Q: 1.50369
T: -0.289015 Q: -0.00439682
T: -0.326086 Q: -0.00529268
T: -0.344907 Q: -0.00175865
T: -0.344907 Q: -0.00177368
T: -0.326086 Q: -0.00346719
T: -0.289015 Q: -0.00134114
T: -0.234822 Q: -0.000552103
T: -0.165152 Q: -0.00232529
T: -0.0821227 Q: -0.000949276
T: 0.011743 Q: -0.0020124
T: 0.113593 Q: 1.38264
T: 0.220334 Q: 1.29093
T: 0.328721 Q: -0.00130081
T: 0.435461 Q: -0.00460655
T: 0.537311 Q: -0.00122667
T: 0.631177 Q: -0.00161494
T: 0.714206 Q: 1.1452
T: 0.783876 Q: -0.00473133
T: 0.838069 Q: -0.00765687
T: 0.87514 Q: -0.0101536
T: 0.893961 Q: -0.0335661
T: 0.893961 Q: -0.045817
T: 0.87514 Q: -0.0607559
T: 0.838069 Q: -0.0477062
T: 0.783876 Q: -0.0474318
T: 0.714206 Q: -0.0336422
T: 0.631177 Q: -0.0237781
T: 0.537311 Q: -0.0234877
T: 0.435461 Q: -0.0175605
T: 0.328721 Q: -0.00991148
Sec_Event 29022094 N50: 31
T: 0.569891 Q: -0.00246613
T: 0.502946 Q: -0.00444483
T: 0.439067 Q: -0.00233892
T: 0.380196 Q: -0.00279212
T: 0.328121 Q: -0.00277971
T: 0.284426 Q: 1.2134
T: 0.250436 Q: -0.00556933
T: 0.227186 Q: -0.00658919
T: 0.215382 Q: -0.00979541
T: 0.215382 Q: -0.0101448
T: 0.227186 Q: 1.37642
T: 0.250436 Q: -0.0224938
T: 0.284426 Q: -0.0230042
T: 0.328121 Q: 1.2926
T: 0.380196 Q: 3.30611
T: 0.439067 Q: -0.0482268
T: 0.502946 Q: -0.0644618
T: 0.569891 Q: 1.51912
T: 0.63787 Q: -0.0887357
T: 0.704816 Q: 1.59693
T: 0.768694 Q: -0.105053
T: 0.827565 Q: -0.0881346
T: 0.87964 Q: -0.0697537
T: 0.923336 Q: -0.0701309
T: 0.957325 Q: 1.8942
T: 0.980575 Q: -0.0514077
T: 0.992379 Q: 1.49258
T: 0.992379 Q: -0.0650666
T: 0.980575 Q: 2.16104
T: 0.957325 Q: 1.88
T: 0.923336 Q: 1.06177
T: 0.87964 Q: -0.00781046
T: 0.827565 Q: -0.00536627
T: 0.768694 Q: -0.00321328
T: 0.704816 Q: -0.00282642
T: 0.63787 Q: 1.19665
Sec_Event 29630120 N50: 54
T: -0.496754 Q: 0.962744
T: -0.588123 Q: -0.00177665
T: -0.675306 Q: -0.00308971
T: -0.755655 Q: 0.855178
T: -0.826727 Q: -0.0120188
T: -0.886364 Q: 2.6838
T: -0.932753 Q: 1.53926
T: -0.964485 Q: 2.45724
T: -0.980596 Q: 0.87291
T: -0.980596 Q: -0.0628606
T: -0.964485 Q: 0.739442
T: -0.932753 Q: 0.658363
T: -0.886364 Q: -0.0160836
T: -0.826727 Q: 0.914993
T: -0.755655 Q: -0.00402729
T: -0.675306 Q: -0.0044088
T: -0.588123 Q: -0.00326133
T: -0.496754 Q: 0.872664
T: -0.403975 Q: -0.000843999
T: -0.312606 Q: 1.16592
T: -0.225423 Q: 1.33973
T: -0.145075 Q: -0.00373329
T: -0.0143654 Q: 2.80145
T: 0.0320239 Q: -0.000356593
T: 0.063756 Q: -0.000298951
T: 0.0798668 Q: -0.000643907
T: 0.063756 Q: -0.00027658
T: 0.0320239 Q: 1.16448
T: -0.0143654 Q: -0.00101713
T: -0.145075 Q: -0.000979697
T: -0.225423 Q: -0.000266208
T: -0.312606 Q: -0.000813202
T: -0.403975 Q: -0.000838647
Sec_Event 29762108 N50: 27
T: 0.187325 Q: 1.09127
T: 0.0787449 Q: -0.0028592
T: -0.024861 Q: -0.00422457
T: -0.120345 Q: -0.0017684
T: -0.204805 Q: -0.00334365
T: -0.275676 Q: 0.958421
T: -0.330803 Q: -0.00326708
T: -0.368513 Q: 0.957142
T: -0.387658 Q: -0.00177506
T: -0.387658 Q: 1.14059
T: -0.368513 Q: -0.00265677
T: -0.330803 Q: -0.00207754
T: -0.275676 Q: -0.00123689
T: -0.204805 Q: -0.00429875
T: -0.120345 Q: 1.07211
T: -0.024861 Q: -0.00616872
T: 0.0787449 Q: -0.00214431
T: 0.187325 Q: 1.03259
T: 0.29758 Q: -0.00266979
T: 0.40616 Q: -0.00249672
T: 0.509766 Q: -0.00304438
T: 0.60525 Q: -0.00418754
T: 0.68971 Q: 1.04258
T: 0.760581 Q: -0.00842954
T: 0.815708 Q: 1.24023
T: 0.853418 Q: -0.0086399
T: 0.872563 Q: -0.00835766
T: 0.872563 Q: 0.819019
T: 0.853418 Q: 0.898588
T: 0.815708 Q: -0.00881681
T: 0.760581 Q: -0.00913528
T: 0.68971 Q: -0.0101033
T: 0.60525 Q: 0.948633
T: 0.509766 Q: -0.00942758
T: 0.40616 Q: -0.00521169
T: 0.29758 Q: 1.01757
Sec_Event 29836962 N50: 28
T: -0.737893 Q: 1.05754
T: -0.763031 Q: 0.720681
T: -0.787018 Q: -0.00964741
T: -0.809125 Q: -0.0223849
T: -0.828679 Q: -0.0472945
T: -0.845087 Q: -0.0566083
T: -0.857851 Q: -0.0470336
T: -0.866581 Q: -0.0474063
T: -0.871014 Q: -0.0501589
T: -0.871014 Q: -0.0501259
T: -0.866581 Q: 1.43902
T: -0.857851 Q: 1.449
T: -0.845087 Q: -0.0566146
T: -0.828679 Q: -0.0678726
T: -0.809125 Q: -0.0613215
T: -0.787018 Q: 1.41889
T: -0.763031 Q: -0.055286
T: -0.737893 Q: -0.0324478
T: -0.712366 Q: 0.965549
T: -0.687227 Q: -0.00985122
T: -0.66324 Q: -0.00792922
T: -0.641134 Q: 0.921942
T: -0.621579 Q: 2.07961
T: -0.605171 Q: -0.00461471
T: -0.592408 Q: -0.00128977
T: -0.583677 Q: -0.00117187
T: -0.579245 Q: -0.000971298
T: -0.583677 Q: 1.05454
T: -0.605171 Q: -0.00240411
T: -0.641134 Q: 2.75583
T: -0.66324 Q: -0.00115947
T: -0.687227 Q: -0.00387252
T: -0.712366 Q: 1.01749
Sec_Event 30049477 N50: 41
T: 0.22222 Q: 1.32663
T: 0.115593 Q: 1.16796
T: 0.0138501 Q: 2.05219
T: -0.0799165 Q: 2.70851
T: -0.162858 Q: -0.028994
T: -0.232454 Q: -0.0334098
T: -0.28659 Q: -0.035742
T: -0.323621 Q: -0.0398043
T: -0.342423 Q: 2.5125
T: -0.342423 Q: 1.36209
T: -0.323621 Q: -0.0436434
T: -0.28659 Q: -0.0432752
T: -0.232454 Q: -0.0404959
T: -0.162858 Q: 1.16677
T: -0.0799165 Q: -0.0415748
T: 0.0138501 Q: -0.0321824
T: 0.115593 Q: -0.0396752
T: 0.22222 Q: -0.0395108
T: 0.330492 Q: -0.0369073
T: 0.43712 Q: -0.0448189
T: 0.538863 Q: -0.0469962
T: 0.632629 Q: 1.25685
T: 0.715571 Q: -0.0332334
T: 0.785167 Q: -0.0308405
T: 0.839303 Q: 2.50293
T: 0.876334 Q: -0.0182783
T: 0.895135 Q: -0.0205282
T: 0.895135 Q: -0.0185233
T: 0.876334 Q: -0.0207658
T: 0.839303 Q: -0.027338
T: 0.785167 Q: -0.0323752
T: 0.715571 Q: 2.30601
T: 0.632629 Q: 1.25022
T: 0.538863 Q: -0.0311608
T: 0.43712 Q: -0.0320279
T: 0.330492 Q: 1.49942
Sec_Event 30049477 N50: 31
T: 0.251001 Q: -0.0330605
T: 0.146201 Q: -0.0228346
T: 0.0462021 Q: 1.17959
T: -0.0459576 Q: 1.06113
T: -0.127478 Q: -0.0273655
T: -0.195881 Q: 1.15088
T: -0.249089 Q: -0.0161582
T: -0.285486 Q: -0.0139516
T: -0.303965 Q: -0.0137509
T: -0.303965 Q: -0.0150684
T: -0.285486 Q: -0.0114553
T: -0.249089 Q: -0.00751725
T: -0.195881 Q: -0.00514302
T: -0.127478 Q: -0.00734886
T: -0.0459576 Q: -0.00386575
T: 0.0462021 Q: -0.00374328
T: 0.146201 Q: 1.03896
T: 0.251001 Q: -0.00325453
T: 0.357418 Q: -0.0041212
T: 0.462218 Q: -0.00477879
T: 0.562218 Q: -0.00635706
T: 0.654377 Q: 0.916518
T: 0.735897 Q: -0.0201383
T: 0.804301 Q: -0.0151624
T: 0.857509 Q: -0.0295109
T: 0.893906 Q: 1.10991
T: 0.912385 Q: -0.022761
T: 0.912385 Q: -0.0210951
T: 0.893906 Q: -0.0233255
T: 0.857509 Q: -0.0219554
T: 0.804301 Q: -0.0274824
T: 0.735897 Q: -0.0311179
T: 0.654377 Q: 1.23525
T: 0.562218 Q: 2.35828
T: 0.462218 Q: -0.0403419
T: 0.357418 Q: 1.0374

gestpm: TOTAL NUMBER PMT: WALL; TOP; BOTTOM; ALL  7650  1748  1748 11146
 *****************************
 * This is for SK-VI map      *
 *****************************
 findconsts: connection table file: /home/licheng/local/skofl/const//connection.super.dat
gexyz: PMT # FOR EACH SECTION       1  7650  7651  9398  9399 11146
gexyz: maxpm,nlwal     11146      7650
 findconsts: connection table1 file: /home/licheng/local/skofl/const//connection.super.dat
 findconsts: connection table2 file: /home/licheng/local/skofl/const//connection.super.sk-5.dat
 findfile: checking /home/licheng/local/skofl/const//misch3.dat
 findfile: found /home/licheng/local/skofl/const//misch3.dat
 findconsts: mis channel file: /home/licheng/local/skofl/const//misch3.dat
 findfile: checking /home/licheng/local/skofl/const//skpmt_sk5.dat
 findfile: found /home/licheng/local/skofl/const//skpmt_sk5.dat
 findconsts: pmt file: /home/licheng/local/skofl/const//skpmt_sk5.dat
gestpma: TOTAL NUMBER anti PMT: WALL; TOP; BOTTOM; ALL  1275   302   308  1885
gexyza: anti PMT # FOR EACH SECTION       1  1275  1276  1577  1578  1885
 maxpma,nlwala      1885      1275
 skbadch: log_level =            0
 findconsts: badch.090413 file: /home/licheng/local/skofl/const//badch/badch.090413
 findconsts: bad channel file: /home/licheng/local/skofl/const//badch.dat
 findconsts: badch.090413 file: /home/licheng/local/skofl/const//badch/badch.090413
 skdark: log_level =            0
 findconsts: darkr.090413.root file: /home/licheng/local/skofl/const//darkr/darkr.090413.root
 findconsts: badsub SK-I 1 file: /home/licheng/local/skofl/const//lowe/badsub.sk.r1742-3051.r3208-3608
 nbad 1 =         1851
 findconsts: badsub SK-I 2 file: /home/licheng/local/skofl/const//lowe/badsub.sk.realtim
 nbad 2 =        17511
 findconsts: badsub SK-I 3 file: /home/licheng/local/skofl/const//lowe/badsub.sk.manual.1260day
 nbad 3 =        21939
 findconsts: badsub SK-I 4 file: /home/licheng/local/skofl/const//lowe/badsub.sk.sle.1260day
 nbad 4 =        28004
 findconsts: badsub SK-I 5 file: /home/licheng/local/skofl/const//lowe/badsub.sk.manual
 nbad 5 =        28105
 findconsts: badsub SK-I 6 file: /home/licheng/local/skofl/const//lowe/badsub.sk.sle
 nbad 6 =        28105
 findconsts: badsub SK-II 1 file: /home/licheng/local/skofl/const//lowe/badsub.sk2.manual
 nbad_sk2 SK-II 1 =        27759
 findconsts: badsub SK-III 1 file: /home/licheng/local/skofl/const//lowe/badsub.sk3.manual
 nbad_sk3 SK-III 1 =         4149
 findconsts: badsub SK-IV file: /home/licheng/local/skofl/const//lowe/badsub.sk4.manual
 nbad_sk4 SK-IV =        66921
 read local badsub.sk5.manual.local
 nbad_sk5 SK-V =         2595
 read local badsub.sk6.manual.local
 nbad_sk6 SK-VI (Gd) =         7717
 findconsts: skcoverage_barrel file: /home/licheng/local/skofl/const//lowe/skcov_b_p3.dat
 findconsts: nearest neighbor file: /home/licheng/local/skofl/const//neighb.dat
 neighbsk: reading neighbor file /home/licheng/local/skofl/const//neighb.dat
 findconsts: skcoverage_sk4_final file: /home/licheng/local/skofl/const//lowe/skcov_c_p3.dat
