Output file: output/wt_090440.root input file:/disk03/lowe10/sk7/sle/lomugd.090440.root
 Id of this manager : 10
InitReadRoot: total = 361996
RUNINFO found in the rare list
SK geometry setting: 6
***** Dummy rgetvalue was called. (Remote File Access is not supported) *****
==========WT:========== 16821.8 14605.8 12695.6
0/361996
Sec_Event 92979 N50: 34
T: 0.0032097 Q: 1.15414
T: -0.111264 Q: 1.19118
T: -0.220493 Q: 1.2812
T: -0.321159 Q: -0.00438348
T: -0.410203 Q: -0.00414078
T: -0.484921 Q: -0.00573919
T: -0.54304 Q: -0.00742334
T: -0.582796 Q: -0.0131288
T: -0.602981 Q: -0.0106377
T: -0.602981 Q: 1.08035
T: -0.582796 Q: 1.05002
T: -0.54304 Q: -0.0238157
T: -0.484921 Q: -0.0217597
T: -0.410203 Q: -0.0174719
T: -0.321159 Q: -0.0152752
T: -0.220493 Q: -0.0219656
T: -0.111264 Q: -0.0197569
T: 0.0032097 Q: 1.0121
T: 0.119449 Q: -0.0233532
T: 0.233922 Q: -0.0176853
T: 0.343152 Q: 1.13112
T: 0.443818 Q: 2.9738
T: 0.532862 Q: -0.0178992
T: 0.607579 Q: 2.51695
T: 0.665699 Q: 1.05558
T: 0.705455 Q: 1.33007
T: 0.72564 Q: 1.10622
T: 0.72564 Q: -0.00896987
T: 0.705455 Q: -0.00860144
T: 0.665699 Q: -0.0134672
T: 0.607579 Q: -0.0113051
T: 0.532862 Q: -0.0120478
T: 0.443818 Q: -0.00338721
T: 0.343152 Q: -0.00306059
T: 0.233922 Q: -0.0037654
T: 0.119449 Q: 1.08815
Sec_Event 182408 N50: 34
T: -0.0199786 Q: -0.0147148
T: -0.134691 Q: 1.10198
T: -0.244149 Q: 1.23637
T: -0.345026 Q: -0.015121
T: -0.434257 Q: 1.0211
T: -0.50913 Q: -0.0185598
T: -0.567371 Q: 1.04239
T: -0.607211 Q: 1.04227
T: -0.627438 Q: -0.0192671
T: -0.627438 Q: -0.0208415
T: -0.607211 Q: 0.992785
T: -0.567371 Q: 1.21547
T: -0.50913 Q: -0.0320956
T: -0.434257 Q: -0.0296121
T: -0.345026 Q: 1.11189
T: -0.244149 Q: 1.38494
T: -0.134691 Q: -0.0207969
T: -0.0199786 Q: 1.19632
T: 0.0965038 Q: 1.01994
T: 0.211217 Q: 1.33407
T: 0.320674 Q: -0.0343466
T: 0.421551 Q: 2.25122
T: 0.510782 Q: -0.0577041
T: 0.585655 Q: -0.0503525
T: 0.643897 Q: -0.0524066
T: 0.683736 Q: 1.23136
T: 0.703963 Q: -0.0414749
T: 0.703963 Q: -0.0643179
T: 0.683736 Q: -0.0390614
T: 0.643897 Q: -0.044434
T: 0.585655 Q: -0.0320075
T: 0.510782 Q: -0.0291591
T: 0.421551 Q: -0.0174277
T: 0.320674 Q: 1.14843
T: 0.211217 Q: -0.0197168
T: 0.0965038 Q: 1.18764
Sec_Event 357655 N50: 36
T: -0.317039 Q: -0.014371
T: -0.424501 Q: -0.0133182
T: -0.52704 Q: -0.0209233
T: -0.62154 Q: -0.021397
T: -0.70513 Q: -0.0337563
T: -0.775271 Q: 1.98569
T: -0.829831 Q: -0.0277892
T: -0.867152 Q: 1.30544
T: -0.886101 Q: -0.0267699
T: -0.886101 Q: -0.0274876
T: -0.867152 Q: -0.0299199
T: -0.829831 Q: -0.0296515
T: -0.775271 Q: 1.13743
T: -0.70513 Q: -0.047342
T: -0.62154 Q: -0.0541684
T: -0.52704 Q: 1.52878
T: -0.424501 Q: -0.0503997
T: -0.317039 Q: -0.0402268
T: -0.207919 Q: 1.309
T: -0.100457 Q: -0.0354474
T: 0.00208142 Q: -0.0411784
T: 0.0965818 Q: -0.0399248
T: 0.180172 Q: -0.0458228
T: 0.250313 Q: -0.04282
T: 0.304873 Q: 2.61326
T: 0.342194 Q: 1.36762
T: 0.361142 Q: -0.0326932
T: 0.361142 Q: -0.032821
T: 0.342194 Q: -0.0341568
T: 0.304873 Q: 2.66284
T: 0.250313 Q: -0.0186263
T: 0.180172 Q: -0.0277436
T: 0.0965818 Q: 1.02319
T: 0.00208142 Q: -0.0187466
T: -0.100457 Q: 1.18112
T: -0.207919 Q: 1.14879
Sec_Event 361123 N50: 28
T: -0.0185218 Q: -0.0115642
T: -0.133223 Q: -0.0136743
T: -0.242669 Q: 2.90139
T: -0.343536 Q: 1.12954
T: -0.432757 Q: -0.0143684
T: -0.507623 Q: -0.0178918
T: -0.565858 Q: -0.0171773
T: -0.605694 Q: -0.0279059
T: -0.625918 Q: -0.0219532
T: -0.625918 Q: -0.0245675
T: -0.605694 Q: -0.0157077
T: -0.565858 Q: -0.0151298
T: -0.507623 Q: -0.0121747
T: -0.432757 Q: -0.0108277
T: -0.343536 Q: -0.0120258
T: -0.242669 Q: -0.00856731
T: -0.133223 Q: -0.0148539
T: -0.0185218 Q: -0.00863269
T: 0.0979487 Q: 1.15524
T: 0.21265 Q: 1.18191
T: 0.322096 Q: -0.0106922
T: 0.422963 Q: 1.24623
T: 0.512184 Q: -0.0168232
T: 0.58705 Q: -0.0162686
T: 0.645285 Q: -0.0307132
T: 0.68512 Q: 1.03961
T: 0.705345 Q: -0.0271202
T: 0.705345 Q: 1.32348
T: 0.68512 Q: -0.0259607
T: 0.645285 Q: -0.0297889
T: 0.58705 Q: -0.023985
T: 0.512184 Q: 2.56157
T: 0.422963 Q: -0.0183067
T: 0.322096 Q: -0.0156704
T: 0.21265 Q: 2.59141
T: 0.0979487 Q: 1.37571
Sec_Event 892581 N50: 44
T: 0.0371321 Q: 2.16337
T: -0.0767912 Q: 3.56503
T: -0.185496 Q: -0.0255599
T: -0.285678 Q: -0.0257699
T: -0.374295 Q: -0.0279945
T: -0.448653 Q: -0.0362032
T: -0.506493 Q: -0.029105
T: -0.546058 Q: 1.42842
T: -0.566146 Q: 1.27523
T: -0.566146 Q: -0.0271498
T: -0.546058 Q: -0.020777
T: -0.506493 Q: 2.21389
T: -0.448653 Q: -0.0172261
T: -0.374295 Q: -0.0116441
T: -0.285678 Q: 1.30985
T: -0.185496 Q: 1.04667
T: -0.0767912 Q: -0.00592879
T: 0.0371321 Q: -0.00686759
T: 0.152813 Q: 1.08076
T: 0.266736 Q: -0.00546265
T: 0.37544 Q: -0.00770241
T: 0.475623 Q: 1.64784
T: 0.56424 Q: 0.993902
T: 0.638598 Q: -0.0036107
T: 0.696438 Q: -0.00344285
T: 0.736003 Q: -0.00320036
T: 0.756091 Q: 0.922411
T: 0.756091 Q: -0.00234507
T: 0.736003 Q: 0.966893
T: 0.696438 Q: -0.00376144
T: 0.638598 Q: 0.998325
T: 0.56424 Q: 0.865484
T: 0.475623 Q: -0.0101676
T: 0.37544 Q: 0.752689
T: 0.266736 Q: 0.660842
T: 0.152813 Q: -0.022113
Sec_Event 892581 N50: 31
T: -0.722276 Q: 2.73845
T: -0.759302 Q: -0.0322172
T: -0.794632 Q: 1.16476
T: -0.827193 Q: 1.18434
T: -0.855994 Q: -0.0461238
T: -0.880161 Q: -0.045718
T: -0.89896 Q: 1.00615
T: -0.911819 Q: -0.0634486
T: -0.918348 Q: 1.21268
T: -0.918348 Q: -0.0727277
T: -0.911819 Q: -0.069179
T: -0.89896 Q: -0.0715083
T: -0.880161 Q: -0.0673311
T: -0.855994 Q: -0.079236
T: -0.827193 Q: 1.63745
T: -0.794632 Q: -0.0901318
T: -0.759302 Q: 1.41229
T: -0.722276 Q: 4.64821
T: -0.684679 Q: -0.0720991
T: -0.647653 Q: -0.0603342
T: -0.612323 Q: -0.0569629
T: -0.579762 Q: -0.056993
T: -0.550961 Q: -0.0484374
T: -0.526794 Q: -0.0425145
T: -0.507995 Q: -0.0403735
T: -0.495136 Q: -0.0458681
T: -0.488607 Q: -0.0485202
T: -0.488607 Q: -0.031861
T: -0.495136 Q: -0.0617957
T: -0.507995 Q: -0.0263496
T: -0.526794 Q: -0.0282954
T: -0.550961 Q: 1.41034
T: -0.579762 Q: -0.0279838
T: -0.612323 Q: -0.0271212
T: -0.647653 Q: 1.27501
T: -0.684679 Q: 1.69639
Sec_Event 1160864 N50: 38
T: -0.528649 Q: -0.00520826
T: -0.615756 Q: 1.11684
T: -0.698873 Q: -0.00219501
T: -0.775473 Q: -0.00131361
T: -0.843231 Q: 1.14788
T: -0.900086 Q: -0.000645406
T: -0.944311 Q: 1.0806
T: -0.974563 Q: 1.1776
T: -0.989923 Q: -0.000339198
T: -0.989923 Q: -0.000663612
T: -0.974563 Q: -0.001443
T: -0.944311 Q: -0.00115292
T: -0.900086 Q: 1.23
T: -0.843231 Q: -0.0017046
T: -0.775473 Q: 1.19213
T: -0.698873 Q: 2.49
T: -0.615756 Q: 1.05486
T: -0.528649 Q: 1.11823
T: -0.440198 Q: -0.0106149
T: -0.353091 Q: -0.0169153
T: -0.269974 Q: -0.0146899
T: -0.193373 Q: -0.0124565
T: -0.125616 Q: -0.0150195
T: -0.0687606 Q: -0.0181172
T: -0.0245351 Q: 1.18039
T: 0.00571687 Q: -0.0113101
T: 0.0210762 Q: 1.26529
T: 0.0210762 Q: -0.0110553
T: 0.00571687 Q: -0.0111064
T: -0.0245351 Q: 1.20012
T: -0.0687606 Q: -0.0117815
T: -0.125616 Q: 1.39086
T: -0.193373 Q: 1.34251
T: -0.269974 Q: -0.0143395
T: -0.353091 Q: -0.0128303
T: -0.440198 Q: 0.8837
Sec_Event 1926546 N50: 25
T: 0.396509 Q: -0.0112442
T: 0.304321 Q: -0.00975343
T: 0.216355 Q: -0.0123948
T: 0.135285 Q: 1.33513
T: 0.063575 Q: 2.60524
T: 0.00340298 Q: -0.0104062
T: -0.0434026 Q: -0.0152629
T: -0.0754195 Q: -0.012142
T: -0.0916749 Q: -0.0138309
T: -0.0916749 Q: -0.0126149
T: -0.0754195 Q: -0.0120468
T: -0.0434026 Q: 1.40507
T: 0.00340298 Q: -0.0152416
T: 0.063575 Q: -0.0149607
T: 0.135285 Q: -0.0153842
T: 0.216355 Q: 2.45506
T: 0.304321 Q: -0.0150779
T: 0.396509 Q: -0.016787
T: 0.490121 Q: -0.0227473
T: 0.58231 Q: -0.0310597
T: 0.670275 Q: -0.0398177
T: 0.751345 Q: -0.0482236
T: 0.823055 Q: -0.0494746
T: 0.883227 Q: -0.0418563
T: 0.930033 Q: 1.05996
T: 0.96205 Q: -0.0407826
T: 0.978305 Q: -0.0303327
T: 0.978305 Q: 1.05909
T: 0.96205 Q: -0.0401463
T: 0.930033 Q: -0.0408139
T: 0.883227 Q: -0.0506689
T: 0.823055 Q: -0.0442319
T: 0.751345 Q: -0.0244298
T: 0.670275 Q: 1.26548
T: 0.58231 Q: -0.0155994
T: 0.490121 Q: -0.0132593
Sec_Event 3016628 N50: 25
Sec_Event 3097043 N50: 34
Sec_Event 3439243 N50: 50
T: -0.164619 Q: 1.43866
T: -0.278289 Q: 1.82085
T: -0.386752 Q: -0.00783365
T: -0.486713 Q: -0.0061801
T: -0.575132 Q: 4.65589
T: -0.649325 Q: -0.00112912
T: -0.707037 Q: -0.00168028
T: -0.746515 Q: -0.00135631
T: -0.766558 Q: 1.18792
T: -0.766558 Q: 1.79827
T: -0.746515 Q: 1.77145
T: -0.707037 Q: 2.00584
T: -0.649325 Q: 1.2238
T: -0.575132 Q: -0.00188376
T: -0.486713 Q: 0.932935
T: -0.386752 Q: 0.767641
T: -0.278289 Q: 0.848788
T: -0.164619 Q: -0.0487924
T: -0.0491951 Q: 1.18164
T: 0.0644753 Q: 1.43229
T: 0.172938 Q: -0.0369425
T: 0.272898 Q: 1.38871
T: 0.361318 Q: -0.0369849
T: 0.435511 Q: 1.30025
T: 0.493223 Q: -0.0523455
T: 0.532701 Q: -0.0476284
T: 0.552744 Q: -0.0497095
T: 0.552744 Q: -0.0378553
T: 0.532701 Q: -0.0344087
T: 0.493223 Q: 1.22396
T: 0.435511 Q: 1.19197
T: 0.361318 Q: -0.0200115
T: 0.272898 Q: 2.80702
T: 0.172938 Q: 1.09279
T: 0.0644753 Q: 1.25706
T: -0.0491951 Q: 1.45496
Sec_Event 4328710 N50: 38
T: -0.317817 Q: 0.936478
T: -0.425232 Q: 1.18656
T: -0.527726 Q: -0.00167594
T: -0.622185 Q: 0.832221
T: -0.705739 Q: -0.0180335
T: -0.775849 Q: 1.65397
T: -0.830385 Q: -0.0167267
T: -0.86769 Q: 0.769353
T: -0.88663 Q: -0.0677751
T: -0.88663 Q: -0.0750811
T: -0.86769 Q: -0.0631829
T: -0.830385 Q: -0.067996
T: -0.775849 Q: -0.0804075
T: -0.705739 Q: 1.01422
T: -0.622185 Q: 3.53729
T: -0.527726 Q: -0.0589536
T: -0.425232 Q: -0.0534346
T: -0.317817 Q: -0.0477191
T: -0.208745 Q: -0.046582
T: -0.10133 Q: -0.0444865
T: 0.00116449 Q: 1.33574
T: 0.0956236 Q: -0.0347507
T: 0.179178 Q: 1.42598
T: 0.249288 Q: 2.54156
T: 0.303824 Q: 0.736083
T: 0.341129 Q: -0.00927212
T: 0.360069 Q: 2.93054
T: 0.360069 Q: -0.00679662
T: 0.341129 Q: -0.00458858
T: 0.303824 Q: 0.810435
T: 0.249288 Q: -0.00422893
T: 0.179178 Q: -0.00198796
T: 0.0956236 Q: -0.00400298
T: 0.00116449 Q: -0.00225646
T: -0.10133 Q: -0.00151535
T: -0.208745 Q: -0.00130032
Sec_Event 4343245 N50: 27
T: 0.191687 Q: 1.24553
T: 0.0833352 Q: -0.0108183
T: -0.0200524 Q: -0.0177014
T: -0.115335 Q: -0.0119661
T: -0.199617 Q: -0.0125397
T: -0.270339 Q: -0.00917
T: -0.32535 Q: -0.0086678
T: -0.36298 Q: -0.00879084
T: -0.382085 Q: -0.0075718
T: -0.382085 Q: 1.45987
T: -0.36298 Q: -0.00726041
T: -0.32535 Q: -0.00386346
T: -0.270339 Q: -0.00356437
T: -0.199617 Q: -0.00332088
T: -0.115335 Q: -0.00287729
T: -0.0200524 Q: -0.00424659
T: 0.0833352 Q: -0.00331848
T: 0.191687 Q: -0.00335292
T: 0.301709 Q: -0.00423217
T: 0.410061 Q: -0.00870325
T: 0.513448 Q: -0.00843681
T: 0.608731 Q: -0.00520949
T: 0.693013 Q: 1.2069
T: 0.763735 Q: 2.81688
T: 0.818746 Q: -0.0237216
T: 0.856376 Q: 1.48378
T: 0.875482 Q: -0.0259921
T: 0.875482 Q: 1.2717
T: 0.856376 Q: 1.11711
T: 0.818746 Q: -0.0343918
T: 0.763735 Q: -0.0358562
T: 0.693013 Q: 1.105
T: 0.608731 Q: 1.13158
T: 0.513448 Q: -0.0252746
T: 0.410061 Q: -0.0234436
T: 0.301709 Q: 1.53097
Sec_Event 4370135 N50: 27
T: -0.225344 Q: 0.8809
T: -0.337216 Q: -0.0167442
T: -0.443963 Q: -0.00963482
T: -0.542341 Q: 0.960624
T: -0.629362 Q: -0.00625405
T: -0.702381 Q: -0.00399314
T: -0.75918 Q: -0.00120158
T: -0.798033 Q: -0.00278783
T: -0.817759 Q: 1.95743
T: -0.817759 Q: -0.00174512
T: -0.798033 Q: -0.00277847
T: -0.75918 Q: -0.0023083
T: -0.702381 Q: -0.00188621
T: -0.629362 Q: -0.00385555
T: -0.542341 Q: -0.0055375
T: -0.443963 Q: -0.00997524
T: -0.337216 Q: -0.0202434
T: -0.225344 Q: 1.74806
T: -0.111746 Q: -0.0276803
T: 0.000125965 Q: 1.22985
T: 0.106873 Q: -0.0331093
T: 0.205251 Q: -0.0334909
T: 0.292272 Q: -0.0378597
T: 0.365292 Q: 1.19103
T: 0.422091 Q: -0.0402057
T: 0.460943 Q: -0.0571946
T: 0.480669 Q: -0.0497813
T: 0.480669 Q: -0.0397167
T: 0.460943 Q: -0.0320092
T: 0.422091 Q: -0.031968
T: 0.365292 Q: -0.0226384
T: 0.292272 Q: -0.0239872
T: 0.205251 Q: -0.0192668
T: 0.106873 Q: 1.81543
T: 0.000125965 Q: -0.0168731
T: -0.111746 Q: -0.0107765
Sec_Event 4402937 N50: 51
T: 0.476023 Q: -0.00320962
T: 0.393638 Q: -0.000965918
T: 0.315027 Q: 0.892828
T: 0.24258 Q: -0.00182155
T: 0.178496 Q: 0.978556
T: 0.124723 Q: -0.00440092
T: 0.082895 Q: 0.92091
T: 0.054283 Q: -0.00768555
T: 0.0397564 Q: 3.2836
T: 0.0397564 Q: 1.16929
T: 0.054283 Q: -0.0205816
T: 0.082895 Q: 0.944791
T: 0.124723 Q: 2.01655
T: 0.178496 Q: -0.0275658
T: 0.24258 Q: -0.0312848
T: 0.315027 Q: 0.766574
T: 0.393638 Q: 1.72809
T: 0.476023 Q: 0.847169
T: 0.559678 Q: -0.00921299
T: 0.642063 Q: -0.00683238
T: 0.720674 Q: -0.00610267
T: 0.793122 Q: 1.06659
T: 0.857206 Q: -0.00348229
T: 0.910978 Q: 1.09058
T: 0.952806 Q: 1.22164
T: 0.981418 Q: -0.00781207
T: 0.995945 Q: 1.17413
T: 0.995945 Q: -0.00140425
T: 0.981418 Q: 0.971113
T: 0.952806 Q: -0.00168635
T: 0.910978 Q: 0.973403
T: 0.857206 Q: 1.08489
T: 0.793122 Q: -0.00231179
T: 0.720674 Q: -0.00641192
T: 0.642063 Q: -0.000980867
T: 0.559678 Q: 1.90937
Sec_Event 4402937 N50: 29
T: 0.504218 Q: -0.000569373
T: 0.425955 Q: -0.000597785
T: 0.351277 Q: 1.08109
T: 0.282454 Q: 1.35645
T: 0.221576 Q: -0.000483751
T: 0.170493 Q: -0.00340793
T: 0.130758 Q: -0.00283177
T: 0.103578 Q: 0.980551
T: 0.0897776 Q: -0.00173083
T: 0.0897776 Q: -0.000953912
T: 0.103578 Q: -0.000579992
T: 0.130758 Q: -0.00168903
T: 0.170493 Q: -0.00297291
T: 0.221576 Q: 0.930376
T: 0.282454 Q: 1.16829
T: 0.351277 Q: -0.00473727
T: 0.425955 Q: 1.16993
T: 0.504218 Q: -0.00806854
T: 0.583688 Q: -0.0111347
T: 0.661951 Q: 0.965978
T: 0.736629 Q: -0.00362292
T: 0.805452 Q: -0.00257013
T: 0.86633 Q: -0.0018421
T: 0.917412 Q: -0.00219025
T: 0.957148 Q: -0.00132069
T: 0.984328 Q: -0.00156372
T: 0.998128 Q: -0.00732679
T: 0.998128 Q: -0.00145306
T: 0.984328 Q: -0.00145755
T: 0.957148 Q: 1.08488
T: 0.917412 Q: -0.00240164
T: 0.86633 Q: -0.00233352
T: 0.805452 Q: -0.00595439
T: 0.736629 Q: -0.0014363
T: 0.661951 Q: -0.00101331
T: 0.583688 Q: -0.00224534
100000/361996
Sec_Event 5703930 N50: 49
T: -0.0236351 Q: -0.0087047
T: -0.138376 Q: -0.00911427
T: -0.24786 Q: 1.34493
T: -0.348761 Q: 1.08416
T: -0.438013 Q: 1.34475
T: -0.512904 Q: 2.44662
T: -0.57116 Q: 1.0228
T: -0.611009 Q: 1.33105
T: -0.63124 Q: 1.1645
T: -0.63124 Q: 1.34008
T: -0.611009 Q: -0.0308501
T: -0.57116 Q: -0.030732
T: -0.512904 Q: 2.5177
T: -0.438013 Q: -0.0440963
T: -0.348761 Q: -0.0461598
T: -0.24786 Q: 2.43274
T: -0.138376 Q: 1.31924
T: -0.0236351 Q: -0.042755
T: 0.0928754 Q: -0.0339868
T: 0.207616 Q: 1.26347
T: 0.3171 Q: 1.09344
T: 0.418001 Q: 1.18463
T: 0.507253 Q: -0.0568018
T: 0.582145 Q: -0.057451
T: 0.6404 Q: -0.0438764
T: 0.680249 Q: -0.0464086
T: 0.700481 Q: -0.0388042
T: 0.700481 Q: -0.0441767
T: 0.680249 Q: 0.925833
T: 0.6404 Q: 0.960131
T: 0.582145 Q: 1.32867
T: 0.507253 Q: -0.0167206
T: 0.418001 Q: 1.0782
T: 0.3171 Q: -0.0086016
T: 0.207616 Q: -0.00644689
T: 0.0928754 Q: -0.00959376
Sec_Event 6275342 N50: 32
T: -0.424489 Q: -0.041675
T: -0.523739 Q: -0.0554564
T: -0.618442 Q: -0.0625156
T: -0.70572 Q: -0.0767674
T: -0.782923 Q: -0.0826279
T: -0.847704 Q: 1.38748
T: -0.898094 Q: 1.40615
T: -0.932563 Q: 1.45005
T: -0.950063 Q: -0.0500317
T: -0.950063 Q: -0.0573966
T: -0.932563 Q: 1.41823
T: -0.898094 Q: -0.0642046
T: -0.847704 Q: -0.0567791
T: -0.782923 Q: -0.0322016
T: -0.70572 Q: -0.0226995
T: -0.618442 Q: -0.0170042
T: -0.523739 Q: -0.0130141
T: -0.424489 Q: 1.35188
T: -0.323708 Q: 1.31497
T: -0.224459 Q: -0.0108453
T: -0.129756 Q: -0.0190097
T: -0.0424769 Q: -0.0157976
T: 0.0347256 Q: -0.0114323
T: 0.0995063 Q: -0.0129734
T: 0.149897 Q: -0.0288055
T: 0.184366 Q: -0.0181853
T: 0.201866 Q: -0.0239807
T: 0.201866 Q: -0.0190225
T: 0.184366 Q: -0.0228484
T: 0.149897 Q: -0.0279115
T: 0.0995063 Q: -0.0252782
T: 0.0347256 Q: -0.0320406
T: -0.0424769 Q: -0.0335191
T: -0.129756 Q: -0.0549128
T: -0.224459 Q: -0.0493861
T: -0.323708 Q: 1.38074
Sec_Event 6368947 N50: 33
Sec_Event 6368947 N50: 39
T: -0.621607 Q: -0.00481366
T: -0.692304 Q: 1.20097
T: -0.759762 Q: 1.16687
T: -0.821932 Q: -0.00303983
T: -0.876924 Q: 1.46687
T: -0.923068 Q: 1.32093
T: -0.958962 Q: -0.00203269
T: -0.983515 Q: -0.00303436
T: -0.995981 Q: 1.25236
T: -0.995981 Q: -0.0014883
T: -0.983515 Q: 1.41026
T: -0.958962 Q: 1.44566
T: -0.923068 Q: 3.20703
T: -0.876924 Q: 3.06951
T: -0.821932 Q: -0.00217858
T: -0.759762 Q: -0.00225172
T: -0.692304 Q: 1.24893
T: -0.621607 Q: -0.00643691
T: -0.54982 Q: 1.08226
T: -0.479123 Q: -0.00740049
T: -0.411665 Q: -0.00622827
T: -0.349495 Q: 2.61219
T: -0.294503 Q: -0.00560784
T: -0.248358 Q: -0.00589567
T: -0.212465 Q: -0.00387893
T: -0.187912 Q: 3.89127
T: -0.175446 Q: 1.40745
T: -0.175446 Q: -0.00661323
T: -0.187912 Q: 1.34383
T: -0.212465 Q: -0.00401698
T: -0.248358 Q: 1.42932
T: -0.294503 Q: -0.00589818
T: -0.349495 Q: -0.00420005
T: -0.411665 Q: -0.00524924
T: -0.479123 Q: 1.27437
T: -0.54982 Q: -0.00482525
Sec_Event 6368947 N50: 35
T: -0.402535 Q: 1.25362
T: -0.503769 Q: -0.0107839
T: -0.600366 Q: -0.00467359
T: -0.689389 Q: -0.00410306
T: -0.768136 Q: -0.00287271
T: -0.834211 Q: -0.00131811
T: -0.885609 Q: -0.00206476
T: -0.920768 Q: 1.17253
T: -0.938618 Q: -0.00152138
T: -0.938618 Q: -0.00260611
T: -0.920768 Q: 1.24668
T: -0.885609 Q: -0.0023994
T: -0.834211 Q: 1.1384
T: -0.768136 Q: -0.00325854
T: -0.689389 Q: -0.00348091
T: -0.600366 Q: -0.00619241
T: -0.503769 Q: -0.00963802
T: -0.402535 Q: -0.0122101
T: -0.299739 Q: -0.0142239
T: -0.198505 Q: -0.0160212
T: -0.101909 Q: -0.017251
T: -0.0128851 Q: -0.0184429
T: 0.065861 Q: 1.33692
T: 0.131937 Q: -0.0314859
T: 0.183335 Q: 1.29279
T: 0.218493 Q: -0.0387791
T: 0.236343 Q: 1.35834
T: 0.236343 Q: -0.0389803
T: 0.218493 Q: -0.0423669
T: 0.183335 Q: -0.0422599
T: 0.131937 Q: -0.0401091
T: 0.065861 Q: -0.0405066
T: -0.0128851 Q: -0.045119
T: -0.101909 Q: -0.0474358
T: -0.198505 Q: -0.0403006
T: -0.299739 Q: -0.0356044
Sec_Event 6895840 N50: 36
Sec_Event 6970660 N50: 27
T: -0.269217 Q: -0.000859509
T: -0.377872 Q: -0.0004825
T: -0.478009 Q: -0.00022411
T: -0.566585 Q: -0.00168547
T: -0.64091 Q: -0.000732084
T: -0.698724 Q: -0.000608433
T: -0.738271 Q: 0.928592
T: -0.75835 Q: -0.00048034
T: -0.75835 Q: -0.00260516
T: -0.738271 Q: 1.07027
T: -0.698724 Q: 1.12797
T: -0.64091 Q: -0.000843598
T: -0.566585 Q: 1.22004
T: -0.478009 Q: 0.779402
T: -0.377872 Q: -0.00048907
T: -0.269217 Q: -0.000959165
T: -0.155345 Q: -0.000254219
T: -0.0397169 Q: -0.000797282
T: 0.0741547 Q: -0.00121408
T: 0.18281 Q: -0.000505398
T: 0.282947 Q: 1.13741
T: 0.371523 Q: -0.000761081
T: 0.445848 Q: -0.000244592
T: 0.503662 Q: 1.33275
T: 0.543209 Q: -0.00025909
T: 0.563288 Q: -0.000781294
T: 0.543209 Q: 0.938228
T: 0.503662 Q: -0.000857788
T: 0.445848 Q: -0.000426672
T: 0.371523 Q: -0.000262645
T: 0.282947 Q: -0.00024616
T: 0.18281 Q: 1.08007
T: 0.0741547 Q: -0.000373471
T: -0.0397169 Q: 1.01348
Sec_Event 7002258 N50: 34
Sec_Event 7002258 N50: 39
T: -0.419497 Q: 1.84751
T: -0.519213 Q: -0.006521
T: -0.614361 Q: -0.00396268
T: -0.70205 Q: -0.00236635
T: -0.779615 Q: -0.00199442
T: -0.8447 Q: 1.24812
T: -0.895328 Q: -0.0011373
T: -0.929959 Q: 1.2855
T: -0.947541 Q: 1.25194
T: -0.947541 Q: -0.00115759
T: -0.929959 Q: -0.00230496
T: -0.895328 Q: -0.00130427
T: -0.8447 Q: -0.0011284
T: -0.779615 Q: -0.00208621
T: -0.70205 Q: -0.00374728
T: -0.614361 Q: -0.00398758
T: -0.519213 Q: -0.00681178
T: -0.419497 Q: -0.00797448
T: -0.318242 Q: -0.00757964
T: -0.218526 Q: 1.35751
T: -0.123378 Q: -0.00574522
T: -0.0356889 Q: -0.00496503
T: 0.0418765 Q: -0.00627534
T: 0.106962 Q: 2.6507
T: 0.157589 Q: -0.00394945
T: 0.19222 Q: -0.00549884
T: 0.209803 Q: -0.0085348
T: 0.209803 Q: -0.00873626
T: 0.19222 Q: -0.00466758
T: 0.157589 Q: -0.00421931
T: 0.106962 Q: -0.00616301
T: 0.0418765 Q: -0.00623485
T: -0.0356889 Q: 1.49286
T: -0.123378 Q: -0.00427059
T: -0.218526 Q: -0.00606992
T: -0.318242 Q: 2.70032
Sec_Event 7102880 N50: 29
T: -0.184048 Q: -0.0122687
T: -0.297235 Q: -0.0155907
T: -0.405236 Q: -0.0172194
T: -0.504771 Q: 2.02932
T: -0.592815 Q: 1.06281
T: -0.666692 Q: -0.0267364
T: -0.724158 Q: -0.0259537
T: -0.763467 Q: -0.0242218
T: -0.783425 Q: -0.0251456
T: -0.783425 Q: -0.0228229
T: -0.763467 Q: -0.0245351
T: -0.724158 Q: -0.0249705
T: -0.666692 Q: -0.0115439
T: -0.592815 Q: -0.0125716
T: -0.504771 Q: -0.00909146
T: -0.405236 Q: -0.00659828
T: -0.297235 Q: 1.24863
T: -0.184048 Q: -0.00676649
T: -0.0691157 Q: 2.10285
T: 0.0440709 Q: 1.23246
T: 0.152072 Q: 1.20547
T: 0.251607 Q: -0.00784337
T: 0.33965 Q: -0.0101657
T: 0.413528 Q: -0.0112206
T: 0.470994 Q: -0.00925106
T: 0.510303 Q: -0.0168979
T: 0.530261 Q: 1.13121
T: 0.530261 Q: -0.0135748
T: 0.510303 Q: -0.0167602
T: 0.470994 Q: -0.0159443
T: 0.413528 Q: -0.0172336
T: 0.33965 Q: -0.0148197
T: 0.251607 Q: -0.0145921
T: 0.152072 Q: -0.0113694
T: 0.0440709 Q: -0.0210737
T: -0.0691157 Q: -0.0156928
Sec_Event 7684110 N50: 46
T: -0.0596862 Q: -0.0271715
T: -0.174551 Q: -0.028806
T: -0.284154 Q: 0.912334
T: -0.385165 Q: 0.833238
T: -0.474514 Q: 1.23522
T: -0.549487 Q: 2.37455
T: -0.607805 Q: 1.13086
T: -0.647697 Q: 2.48879
T: -0.667951 Q: -0.00214479
T: -0.667951 Q: 1.04502
T: -0.647697 Q: -0.00353743
T: -0.607805 Q: -0.00193972
T: -0.549487 Q: 1.1046
T: -0.474514 Q: -0.00270608
T: -0.385165 Q: 1.01348
T: -0.284154 Q: -0.00117355
T: -0.174551 Q: 1.52763
T: -0.0596862 Q: 1.41986
T: 0.0569508 Q: 1.43001
T: 0.171816 Q: -0.00430229
T: 0.281419 Q: 1.41741
T: 0.382429 Q: 1.09387
T: 0.471778 Q: -0.00294159
T: 0.546751 Q: 2.06359
T: 0.60507 Q: -0.00467108
T: 0.644962 Q: -0.0082473
T: 0.665215 Q: 1.11352
T: 0.665215 Q: 2.99048
T: 0.644962 Q: -0.026343
T: 0.60507 Q: 3.19609
T: 0.546751 Q: 1.08749
T: 0.471778 Q: -0.031415
T: 0.382429 Q: 1.08926
T: 0.281419 Q: 1.43895
T: 0.171816 Q: 2.49391
T: 0.0569508 Q: 1.5558
Sec_Event 8063262 N50: 34
T: -0.158222 Q: -0.0496412
T: -0.272033 Q: -0.0433578
T: -0.380631 Q: -0.0473385
T: -0.480715 Q: 2.41689
T: -0.569244 Q: -0.0750987
T: -0.643529 Q: -0.0816086
T: -0.701313 Q: -0.0780637
T: -0.740839 Q: -0.068193
T: -0.760907 Q: -0.0606797
T: -0.760907 Q: -0.0632494
T: -0.740839 Q: -0.068515
T: -0.701313 Q: -0.0738114
T: -0.643529 Q: -0.0851854
T: -0.569244 Q: -0.0647203
T: -0.480715 Q: 2.27585
T: -0.380631 Q: 2.48995
T: -0.272033 Q: -0.0403656
T: -0.158222 Q: -0.0343845
T: -0.0426553 Q: -0.0339628
T: 0.071156 Q: -0.036832
T: 0.179753 Q: -0.031879
T: 0.279837 Q: -0.0409695
T: 0.368367 Q: -0.0453195
T: 0.442652 Q: -0.0356697
T: 0.500435 Q: 1.19746
T: 0.539961 Q: 1.19453
T: 0.560029 Q: -0.0247229
T: 0.560029 Q: -0.0226488
T: 0.539961 Q: 0.985409
T: 0.500435 Q: -0.0327128
T: 0.442652 Q: -0.0398498
T: 0.368367 Q: -0.0428367
T: 0.279837 Q: 1.37858
T: 0.179753 Q: -0.0419794
T: 0.071156 Q: 1.1601
T: -0.0426553 Q: -0.0420021
Sec_Event 8427603 N50: 25
T: -0.363016 Q: -0.0177618
T: -0.467409 Q: -0.0200925
T: -0.56702 Q: -0.0192337
T: -0.658821 Q: -0.020149
T: -0.740025 Q: 1.20853
T: -0.808162 Q: -0.0184107
T: -0.861164 Q: -0.0190787
T: -0.897419 Q: -0.014739
T: -0.915827 Q: 1.19025
T: -0.915827 Q: -0.0113323
T: -0.897419 Q: 1.23857
T: -0.861164 Q: 1.19516
T: -0.808162 Q: -0.0146153
T: -0.740025 Q: -0.0168857
T: -0.658821 Q: -0.0178432
T: -0.56702 Q: -0.0115827
T: -0.467409 Q: 1.1575
T: -0.363016 Q: -0.00908444
T: -0.257013 Q: -0.00618197
T: -0.15262 Q: -0.00681019
T: -0.0530091 Q: 1.23917
T: 0.0387925 Q: -0.00733873
T: 0.119996 Q: -0.00929192
T: 0.188133 Q: -0.00847375
T: 0.241135 Q: -0.00867179
T: 0.277391 Q: -0.0147255
T: 0.295798 Q: -0.0076718
T: 0.295798 Q: 1.31068
T: 0.277391 Q: -0.0133978
T: 0.241135 Q: 1.21616
T: 0.188133 Q: 1.19052
T: 0.119996 Q: -0.015019
T: 0.0387925 Q: -0.00999136
T: -0.0530091 Q: -0.0117765
T: -0.15262 Q: -0.0174869
T: -0.257013 Q: -0.0179535
Sec_Event 8427603 N50: 33
T: 0.611564 Q: -0.0159881
T: 0.553462 Q: 0.945437
T: 0.498022 Q: -0.0131232
T: 0.446928 Q: -0.0135571
T: 0.401733 Q: -0.012839
T: 0.363809 Q: -0.0153377
T: 0.33431 Q: -0.0166143
T: 0.314132 Q: 1.01761
T: 0.303887 Q: -0.0170389
T: 0.303887 Q: -0.0105335
T: 0.314132 Q: -0.0140067
T: 0.33431 Q: 1.33429
T: 0.363809 Q: -0.0164673
T: 0.401733 Q: -0.0235694
T: 0.446928 Q: -0.0159804
T: 0.498022 Q: 2.23723
T: 0.553462 Q: -0.0165044
T: 0.611564 Q: -0.0229713
T: 0.670562 Q: -0.020504
T: 0.728664 Q: -0.0190369
T: 0.784104 Q: -0.0198139
T: 0.835198 Q: 1.1139
T: 0.880393 Q: -0.0124
T: 0.918316 Q: 2.02378
T: 0.947815 Q: -0.00850235
T: 0.967994 Q: -0.00978172
T: 0.978239 Q: -0.00733582
T: 0.978239 Q: -0.00689596
T: 0.967994 Q: -0.00784986
T: 0.947815 Q: -0.0097686
T: 0.918316 Q: -0.0091949
T: 0.880393 Q: 0.893348
T: 0.835198 Q: 1.14211
T: 0.784104 Q: -0.0141501
T: 0.728664 Q: -0.0170723
T: 0.670562 Q: -0.0158838
200000/361996
Sec_Event 9005483 N50: 26
T: 0.434466 Q: 1.20173
T: 0.346652 Q: 2.59574
T: 0.262861 Q: 1.22415
T: 0.185638 Q: -0.0408511
T: 0.117331 Q: -0.039698
T: 0.0600141 Q: -0.0305105
T: 0.0154297 Q: -0.0301467
T: -0.0150679 Q: 1.16575
T: -0.0305519 Q: -0.0269297
T: -0.0305519 Q: -0.0270196
T: -0.0150679 Q: -0.0253604
T: 0.0154297 Q: -0.0178097
T: 0.0600141 Q: -0.0181928
T: 0.117331 Q: -0.0114761
T: 0.185638 Q: 1.21245
T: 0.262861 Q: 1.12227
T: 0.346652 Q: 1.07416
T: 0.434466 Q: -0.0140389
T: 0.523635 Q: -0.00960232
T: 0.611449 Q: -0.0143307
T: 0.69524 Q: 0.959791
T: 0.772463 Q: -0.0164133
T: 0.84077 Q: -0.0193319
T: 0.898087 Q: -0.0182571
T: 0.942671 Q: -0.0156738
T: 0.973169 Q: 1.31353
T: 0.988653 Q: -0.0122314
T: 0.988653 Q: -0.0121474
T: 0.973169 Q: -0.0203697
T: 0.942671 Q: -0.0142679
T: 0.898087 Q: -0.0165696
T: 0.84077 Q: -0.0204439
T: 0.772463 Q: -0.0265394
T: 0.69524 Q: 1.22677
T: 0.611449 Q: 1.31768
T: 0.523635 Q: 1.18079
Sec_Event 9005483 N50: 42
T: 0.720317 Q: 0.857703
T: 0.699528 Q: 1.98902
T: 0.679691 Q: -0.00510341
T: 0.661409 Q: 1.05445
T: 0.645238 Q: 1.22629
T: 0.631669 Q: -0.00450379
T: 0.621114 Q: 1.01889
T: 0.613894 Q: -0.00277382
T: 0.610228 Q: 1.86448
T: 0.610228 Q: 0.994043
T: 0.613894 Q: -0.00660274
T: 0.621114 Q: 1.04442
T: 0.631669 Q: -0.0123841
T: 0.645238 Q: -0.0153346
T: 0.661409 Q: -0.0173647
T: 0.679691 Q: 1.0738
T: 0.699528 Q: 0.973422
T: 0.720317 Q: 1.32706
T: 0.741427 Q: -0.0300906
T: 0.762216 Q: 2.5017
T: 0.782053 Q: 1.05504
T: 0.800335 Q: -0.0217945
T: 0.816506 Q: -0.0220243
T: 0.830075 Q: 2.61237
T: 0.84063 Q: -0.0177779
T: 0.84785 Q: 1.25847
T: 0.851516 Q: -0.0205806
T: 0.851516 Q: 1.26056
T: 0.84785 Q: -0.0183213
T: 0.84063 Q: -0.0206639
T: 0.830075 Q: -0.0175433
T: 0.816506 Q: 1.101
T: 0.800335 Q: 0.832337
T: 0.782053 Q: 1.17391
T: 0.762216 Q: -0.015249
T: 0.741427 Q: -0.0134845
Sec_Event 9005483 N50: 27
T: 0.305027 Q: -0.00286291
T: 0.204217 Q: -0.00419522
T: 0.108025 Q: -0.00456684
T: 0.0193748 Q: 1.28267
T: -0.0590414 Q: 1.38612
T: -0.12484 Q: -0.00167823
T: -0.176023 Q: -0.00205559
T: -0.211034 Q: -0.00418262
T: -0.228809 Q: -0.0025983
T: -0.228809 Q: 1.04286
T: -0.211034 Q: -0.00244176
T: -0.176023 Q: 1.20432
T: -0.12484 Q: 1.28151
T: -0.0590414 Q: 1.31214
T: 0.0193748 Q: -0.00386503
T: 0.108025 Q: -0.00670043
T: 0.204217 Q: -0.0119305
T: 0.305027 Q: -0.00846239
T: 0.407392 Q: -0.00703525
T: 0.508202 Q: -0.0137849
T: 0.604393 Q: -0.020355
T: 0.693044 Q: -0.0194523
T: 0.77146 Q: -0.0228029
T: 0.837259 Q: -0.0128033
T: 0.888442 Q: -0.0140391
T: 0.923453 Q: -0.0135664
T: 0.941228 Q: -0.0130745
T: 0.941228 Q: -0.0139775
T: 0.923453 Q: -0.0132523
T: 0.888442 Q: 2.34232
T: 0.837259 Q: 1.19759
T: 0.77146 Q: -0.010982
T: 0.693044 Q: -0.00545515
T: 0.604393 Q: -0.00230599
T: 0.508202 Q: -0.00478564
T: 0.407392 Q: 1.2133
Sec_Event 9005483 N50: 49
T: -0.326782 Q: -0.00866552
T: -0.433645 Q: -0.0106981
T: -0.535612 Q: 1.25194
T: -0.629585 Q: -0.011804
T: -0.71271 Q: -0.0210031
T: -0.782459 Q: 1.10486
T: -0.836715 Q: -0.0331791
T: -0.873828 Q: -0.0265124
T: -0.892671 Q: 1.17279
T: -0.892671 Q: -0.0380455
T: -0.873828 Q: -0.0303162
T: -0.836715 Q: -0.0317597
T: -0.782459 Q: -0.0387074
T: -0.71271 Q: 1.0621
T: -0.629585 Q: -0.0570597
T: -0.535612 Q: -0.0524915
T: -0.433645 Q: 1.11138
T: -0.326782 Q: -0.0414238
T: -0.218271 Q: 1.20569
T: -0.111408 Q: -0.0327644
T: -0.00944136 Q: -0.0400051
T: 0.0845321 Q: 1.2767
T: 0.167656 Q: 1.213
T: 0.237406 Q: -0.0386304
T: 0.291662 Q: -0.0428231
T: 0.328775 Q: -0.0437189
T: 0.347617 Q: -0.0322313
T: 0.347617 Q: 1.36724
T: 0.328775 Q: -0.0248035
T: 0.291662 Q: -0.0205368
T: 0.237406 Q: -0.0433089
T: 0.167656 Q: 3.54809
T: 0.0845321 Q: -0.00804242
T: -0.00944136 Q: -0.0125718
T: -0.111408 Q: 3.30431
T: -0.218271 Q: 2.49933
Sec_Event 9114002 N50: 35
T: 0.263007 Q: -0.017698
T: 0.159029 Q: -0.0159254
T: 0.0598143 Q: -0.0111805
T: -0.0316225 Q: -0.0135014
T: -0.112503 Q: -0.0138815
T: -0.18037 Q: -0.0128933
T: -0.233161 Q: -0.00689459
T: -0.269272 Q: -0.00701692
T: -0.287606 Q: 0.949481
T: -0.287606 Q: -0.00440015
T: -0.269272 Q: -0.00383829
T: -0.233161 Q: -0.00283186
T: -0.18037 Q: 1.37878
T: -0.112503 Q: 1.09363
T: -0.0316225 Q: 1.48853
T: 0.0598143 Q: -0.00165205
T: 0.159029 Q: -0.00172213
T: 0.263007 Q: -0.00162897
T: 0.368589 Q: -0.0025568
T: 0.472567 Q: -0.00213305
T: 0.571782 Q: -0.00283258
T: 0.663218 Q: -0.00430602
T: 0.744099 Q: -0.00638621
T: 0.811966 Q: -0.00872139
T: 0.864757 Q: 0.832041
T: 0.900868 Q: -0.0238898
T: 0.919202 Q: -0.0278955
T: 0.919202 Q: -0.0249955
T: 0.900868 Q: -0.0258081
T: 0.864757 Q: -0.0387334
T: 0.811966 Q: -0.0371405
T: 0.744099 Q: -0.0403697
T: 0.663218 Q: -0.0454768
T: 0.571782 Q: -0.0261811
T: 0.472567 Q: 0.984476
T: 0.368589 Q: -0.015458
Sec_Event 9114002 N50: 36
T: -0.611174 Q: -0.00074067
T: -0.684103 Q: -0.00240298
T: -0.75369 Q: -0.00191944
T: -0.817822 Q: -0.00320667
T: -0.87455 Q: -0.0067631
T: -0.92215 Q: 2.33618
T: -0.959177 Q: -0.00448033
T: -0.984505 Q: -0.00482378
T: -0.997364 Q: -0.00631376
T: -0.997364 Q: 1.30972
T: -0.984505 Q: -0.00379648
T: -0.959177 Q: -0.0057065
T: -0.92215 Q: -0.00566914
T: -0.87455 Q: -0.00529215
T: -0.817822 Q: -0.00706633
T: -0.75369 Q: -0.00801704
T: -0.684103 Q: -0.0121107
T: -0.611174 Q: -0.0153789
T: -0.537121 Q: 1.17799
T: -0.464193 Q: 1.14691
T: -0.394606 Q: 1.31351
T: -0.330474 Q: 1.3601
T: -0.273746 Q: 1.26668
T: -0.226145 Q: -0.00470278
T: -0.189119 Q: -0.00522861
T: -0.163791 Q: -0.0036277
T: -0.150932 Q: 1.06068
T: -0.150932 Q: -0.00203065
T: -0.163791 Q: -0.00217822
T: -0.189119 Q: -0.00218195
T: -0.226145 Q: 1.2813
T: -0.273746 Q: -0.00129111
T: -0.330474 Q: -0.000960609
T: -0.394606 Q: -0.000932746
T: -0.464193 Q: -0.00174896
T: -0.537121 Q: -0.000749621
Sec_Event 9114002 N50: 37
T: -0.520956 Q: -0.0190442
T: -0.609142 Q: -0.0224597
T: -0.693288 Q: -0.0172497
T: -0.770838 Q: -0.014368
T: -0.839434 Q: -0.0138308
T: -0.896994 Q: 0.964461
T: -0.941767 Q: 1.11801
T: -0.972394 Q: -0.00549236
T: -0.987943 Q: -0.00759607
T: -0.987943 Q: -0.00784435
T: -0.972394 Q: 1.04676
T: -0.941767 Q: 1.07042
T: -0.896994 Q: -0.00675462
T: -0.839434 Q: -0.00762714
T: -0.770838 Q: 1.12376
T: -0.693288 Q: -0.0062512
T: -0.609142 Q: -0.00515078
T: -0.520956 Q: 0.954236
T: -0.43141 Q: -0.0038677
T: -0.343224 Q: -0.00266572
T: -0.259078 Q: 1.13629
T: -0.181528 Q: -0.00223831
T: -0.112932 Q: -0.002083
T: -0.0553723 Q: 1.04695
T: -0.0105991 Q: -0.00289863
T: 0.0200276 Q: -0.00759217
T: 0.0355772 Q: -0.00523616
T: 0.0355772 Q: -0.00645949
T: 0.0200276 Q: -0.00775654
T: -0.0105991 Q: -0.00987244
T: -0.0553723 Q: -0.00696285
T: -0.112932 Q: -0.0204
T: -0.181528 Q: -0.00967891
T: -0.259078 Q: 1.05122
T: -0.343224 Q: 1.03265
T: -0.43141 Q: 1.08902
Sec_Event 9114002 N50: 52
T: 0.258614 Q: -0.00439242
T: 0.154331 Q: 1.67286
T: 0.0548257 Q: 1.44039
T: -0.0368792 Q: -0.00353173
T: -0.117997 Q: 1.36104
T: -0.186063 Q: -0.00321759
T: -0.239009 Q: -0.00296977
T: -0.275226 Q: -0.00444238
T: -0.293614 Q: -0.00565688
T: -0.293614 Q: 1.21296
T: -0.275226 Q: 2.97439
T: -0.239009 Q: -0.00965678
T: -0.186063 Q: -0.00820038
T: -0.117997 Q: -0.0170136
T: -0.0368792 Q: -0.0111263
T: 0.0548257 Q: -0.0106381
T: 0.154331 Q: 1.3983
T: 0.258614 Q: -0.0218789
T: 0.364506 Q: -0.0256616
T: 0.468789 Q: 1.16754
T: 0.568295 Q: -0.0307236
T: 0.66 Q: 3.81081
T: 0.741117 Q: -0.0402022
T: 0.809183 Q: -0.0373841
T: 0.862129 Q: 2.49778
T: 0.898346 Q: -0.0280193
T: 0.916734 Q: 4.31282
T: 0.916734 Q: -0.0361433
T: 0.898346 Q: -0.0270983
T: 0.862129 Q: -0.0250853
T: 0.809183 Q: -0.0123532
T: 0.741117 Q: -0.012002
T: 0.66 Q: -0.00761461
T: 0.568295 Q: -0.00831492
T: 0.468789 Q: -0.00368368
T: 0.364506 Q: 1.17623
Sec_Event 9114002 N50: 38
T: -0.727158 Q: 1.3787
T: -0.761123 Q: -0.00813679
T: -0.793532 Q: -0.00715308
T: -0.8234 Q: 1.22578
T: -0.84982 Q: -0.00567125
T: -0.871989 Q: 1.25688
T: -0.889233 Q: -0.00613352
T: -0.901029 Q: -0.00395473
T: -0.907018 Q: 1.36005
T: -0.907018 Q: 1.01632
T: -0.901029 Q: -0.00569682
T: -0.889233 Q: 1.17523
T: -0.871989 Q: -0.00874489
T: -0.84982 Q: -0.00875559
T: -0.8234 Q: -0.00750709
T: -0.793532 Q: 1.32789
T: -0.761123 Q: 1.34849
T: -0.727158 Q: 1.34841
T: -0.69267 Q: 1.16361
T: -0.658705 Q: -0.0211146
T: -0.626296 Q: 1.25211
T: -0.596428 Q: 1.1083
T: -0.570008 Q: -0.0291125
T: -0.547839 Q: -0.0326075
T: -0.530595 Q: -0.0326548
T: -0.518799 Q: -0.0334473
T: -0.51281 Q: -0.0335982
T: -0.51281 Q: -0.0315069
T: -0.518799 Q: 0.94484
T: -0.530595 Q: -0.0281207
T: -0.547839 Q: -0.0287418
T: -0.570008 Q: 2.3651
T: -0.596428 Q: -0.0214919
T: -0.626296 Q: -0.0185366
T: -0.658705 Q: -0.0145212
T: -0.69267 Q: -0.0120643
Sec_Event 9194345 N50: 28
T: -0.141385 Q: -0.000637136
T: -0.255524 Q: -0.00133752
T: -0.364434 Q: 1.15772
T: -0.464806 Q: 1.38993
T: -0.55359 Q: -0.00214744
T: -0.628089 Q: -0.00713685
T: -0.686039 Q: -0.00555765
T: -0.725679 Q: 0.924112
T: -0.745805 Q: -0.013152
T: -0.745805 Q: 0.91391
T: -0.725679 Q: -0.0314282
T: -0.686039 Q: -0.0413393
T: -0.628089 Q: -0.0393481
T: -0.55359 Q: -0.0393871
T: -0.464806 Q: -0.0341946
T: -0.364434 Q: -0.0257434
T: -0.255524 Q: -0.0289097
T: -0.141385 Q: -0.0343106
T: -0.0254852 Q: -0.0197248
T: 0.0886537 Q: -0.0268468
T: 0.197564 Q: -0.0287435
T: 0.297936 Q: -0.0200643
T: 0.38672 Q: 1.60228
T: 0.461219 Q: 1.01317
T: 0.519169 Q: -0.0109111
T: 0.558809 Q: -0.00947608
T: 0.578935 Q: -0.00774699
T: 0.578935 Q: -0.0103937
T: 0.558809 Q: -0.00438773
T: 0.519169 Q: 1.10237
T: 0.461219 Q: -0.00389965
T: 0.38672 Q: -0.0015754
T: 0.297936 Q: 1.25607
T: 0.197564 Q: -0.00117127
T: 0.0886537 Q: 1.02204
T: -0.0254852 Q: -0.00056802
Sec_Event 9549850 N50: 34
T: -0.240616 Q: 1.145
T: -0.458086 Q: -0.000652593
T: -0.555947 Q: -0.00178269
T: -0.642511 Q: -0.000484693
T: -0.715146 Q: 1.287
T: -0.771647 Q: 1.1082
T: -0.810295 Q: -0.00174511
T: -0.829918 Q: -0.00178906
T: -0.829918 Q: -0.00396946
T: -0.810295 Q: -0.00366622
T: -0.771647 Q: -0.00289414
T: -0.715146 Q: -0.00170467
T: -0.642511 Q: 1.28906
T: -0.555947 Q: -0.00147235
T: -0.458086 Q: -0.00199178
T: -0.3519 Q: 1.16502
T: -0.240616 Q: 1.29043
T: -0.127615 Q: -0.000404646
T: -0.0163307 Q: 0.970061
T: 0.0898554 Q: 1.12768
T: 0.187717 Q: -0.00208505
T: 0.274281 Q: -0.000330013
T: 0.346916 Q: 0.91235
T: 0.403417 Q: -0.000319359
T: 0.442065 Q: -0.000293548
T: 0.461688 Q: 3.85365
T: 0.442065 Q: -0.000850281
T: 0.403417 Q: 1.44416
T: 0.346916 Q: -0.000303923
T: 0.274281 Q: -0.000555133
T: 0.187717 Q: -0.000449627
T: 0.0898554 Q: -0.000772545
T: -0.0163307 Q: 1.16839
Sec_Event 9813750 N50: 34
T: 0.199334 Q: -0.00108894
T: 0.0913941 Q: -0.00401747
T: -0.0116009 Q: -0.00106613
T: -0.106522 Q: -0.00169371
T: -0.190484 Q: 0.909131
T: -0.260937 Q: -0.00111074
T: -0.315739 Q: -0.00140714
T: -0.353226 Q: -0.00131945
T: -0.372259 Q: 0.933692
T: -0.372259 Q: -0.00157409
T: -0.353226 Q: -0.000824993
T: -0.315739 Q: 2.05397
T: -0.260937 Q: 1.08739
T: -0.190484 Q: 1.30743
T: -0.106522 Q: -0.00179665
T: -0.0116009 Q: 2.41956
T: 0.0913941 Q: 2.29081
T: 0.199334 Q: -0.00548688
T: 0.308939 Q: 0.851329
T: 0.416879 Q: -0.00645816
T: 0.519874 Q: 0.902864
T: 0.614795 Q: -0.00449771
T: 0.698757 Q: -0.00386474
T: 0.76921 Q: -0.0039067
T: 0.824012 Q: -0.00301025
T: 0.861499 Q: -0.00371174
T: 0.880532 Q: -0.00634204
T: 0.880532 Q: -0.00320283
T: 0.861499 Q: -0.0033586
T: 0.824012 Q: 0.896188
T: 0.76921 Q: -0.00327694
T: 0.698757 Q: -0.00251432
T: 0.614795 Q: -0.002406
T: 0.519874 Q: -0.00219278
T: 0.416879 Q: -0.00172576
T: 0.308939 Q: -0.00308532
Sec_Event 10390863 N50: 26
T: -0.246084 Q: 1.50644
T: -0.357144 Q: -0.0365538
T: -0.463116 Q: -0.0457186
T: -0.56078 Q: 1.38213
T: -0.647169 Q: -0.0593995
T: -0.719659 Q: -0.065545
T: -0.776045 Q: -0.0553301
T: -0.814616 Q: 1.56398
T: -0.834199 Q: -0.0491696
T: -0.834199 Q: 1.47169
T: -0.814616 Q: -0.0484001
T: -0.776045 Q: 1.2772
T: -0.719659 Q: 2.46019
T: -0.647169 Q: -0.0262853
T: -0.56078 Q: -0.0195747
T: -0.463116 Q: 1.46643
T: -0.357144 Q: -0.0131822
T: -0.246084 Q: -0.0198615
T: -0.133311 Q: -0.015849
T: -0.0222507 Q: -0.0208526
T: 0.0837214 Q: -0.0155654
T: 0.181386 Q: -0.0125543
T: 0.267775 Q: -0.0208828
T: 0.340264 Q: -0.02216
T: 0.396651 Q: 1.53328
T: 0.435222 Q: -0.0258458
T: 0.454804 Q: -0.0251227
T: 0.454804 Q: -0.025464
T: 0.435222 Q: 1.33894
T: 0.396651 Q: 1.57607
T: 0.340264 Q: -0.0348992
T: 0.267775 Q: -0.0334663
T: 0.181386 Q: -0.0299772
T: 0.0837214 Q: -0.0327129
T: -0.0222507 Q: -0.0291443
T: -0.133311 Q: 1.39958
Sec_Event 10694011 N50: 44
T: -0.189714 Q: -0.0231427
T: -0.302743 Q: 1.21293
T: -0.410595 Q: 1.33866
T: -0.509991 Q: -0.025227
T: -0.597913 Q: -0.0285462
T: -0.671687 Q: -0.0262423
T: -0.729074 Q: -0.0205514
T: -0.768329 Q: 1.17349
T: -0.788259 Q: 1.15339
T: -0.788259 Q: 1.19786
T: -0.768329 Q: 1.1054
T: -0.729074 Q: -0.0184482
T: -0.671687 Q: 1.08106
T: -0.597913 Q: -0.0206514
T: -0.509991 Q: 2.66152
T: -0.410595 Q: 1.07922
T: -0.302743 Q: 1.25559
T: -0.189714 Q: -0.0140203
T: -0.0749406 Q: 2.67295
T: 0.0380889 Q: -0.01313
T: 0.14594 Q: 3.51935
T: 0.245337 Q: 1.22802
T: 0.333258 Q: -0.0249321
T: 0.407033 Q: 1.17071
T: 0.46442 Q: -0.0250653
T: 0.503674 Q: -0.0233252
T: 0.523605 Q: -0.0322471
T: 0.523605 Q: 1.16025
T: 0.503674 Q: -0.0264333
T: 0.46442 Q: -0.02879
T: 0.407033 Q: -0.024419
T: 0.333258 Q: -0.0239424
T: 0.245337 Q: 1.2424
T: 0.14594 Q: -0.0192215
T: 0.0380889 Q: 1.31308
T: -0.0749406 Q: 1.3172
Sec_Event 11600890 N50: 33
T: -0.626062 Q: 1.12193
T: -0.695766 Q: 0.926859
T: -0.762277 Q: 0.997533
T: -0.823574 Q: 1.05264
T: -0.877794 Q: 1.08869
T: -0.92329 Q: 2.54611
T: -0.95868 Q: 2.17485
T: -0.982888 Q: 1.29206
T: -0.995179 Q: 1.32174
T: -0.995179 Q: 1.04237
T: -0.982888 Q: -0.000253691
T: -0.95868 Q: -0.00144037
T: -0.92329 Q: -0.00178854
T: -0.877794 Q: -0.00119197
T: -0.823574 Q: -0.00156693
T: -0.762277 Q: -0.00284237
T: -0.695766 Q: -0.00233999
T: -0.626062 Q: -0.00383682
T: -0.555282 Q: -0.00827856
T: -0.485578 Q: -0.0119295
T: -0.419067 Q: -0.0128018
T: -0.35777 Q: -0.0125381
T: -0.30355 Q: -0.0144936
T: -0.258053 Q: 0.808703
T: -0.222664 Q: -0.0154946
T: -0.198456 Q: -0.0160503
T: -0.186165 Q: 1.39173
T: -0.186165 Q: -0.0131344
T: -0.198456 Q: -0.0175231
T: -0.222664 Q: -0.0147642
T: -0.258053 Q: 0.89635
T: -0.30355 Q: -0.014614
T: -0.35777 Q: -0.0149205
T: -0.419067 Q: -0.0164318
T: -0.485578 Q: 0.915241
T: -0.555282 Q: -0.00902095
Sec_Event 11938846 N50: 27
T: -0.306197 Q: -0.00168149
T: -0.414295 Q: -0.00144243
T: -0.51744 Q: -0.00251864
T: -0.6125 Q: -0.0022163
T: -0.696585 Q: 0.966513
T: -0.76714 Q: 1.10751
T: -0.822023 Q: -0.00567559
T: -0.859565 Q: 1.90259
T: -0.878625 Q: 0.994161
T: -0.878625 Q: 0.736362
T: -0.859565 Q: 1.20263
T: -0.822023 Q: -0.0043455
T: -0.76714 Q: -0.0066879
T: -0.696585 Q: -0.00242264
T: -0.6125 Q: -0.00264409
T: -0.51744 Q: 1.12064
T: -0.414295 Q: -0.00105492
T: -0.306197 Q: 1.13315
T: -0.196432 Q: -0.00154219
T: -0.0883342 Q: -0.000956892
T: 0.0148114 Q: -0.000325019
T: 0.109871 Q: -0.00173976
T: 0.193956 Q: 1.36715
T: 0.264512 Q: -0.00127843
T: 0.319394 Q: -0.00170334
T: 0.356936 Q: -0.000798738
T: 0.375997 Q: -0.000986925
T: 0.356936 Q: 1.42664
T: 0.319394 Q: -0.000764713
T: 0.264512 Q: 0.95979
T: 0.193956 Q: -0.00194182
T: 0.109871 Q: -0.000327383
T: 0.0148114 Q: -0.000977649
T: -0.0883342 Q: -0.0014857
T: -0.196432 Q: -0.0025131
Sec_Event 11938846 N50: 27
T: 0.342314 Q: -0.0266061
T: 0.244716 Q: -0.0344931
T: 0.151589 Q: -0.0277084
T: 0.0657625 Q: 2.87059
T: -0.0101553 Q: -0.0348959
T: -0.0738579 Q: -0.0416917
T: -0.12341 Q: -0.042127
T: -0.157305 Q: -0.0510861
T: -0.174514 Q: 1.35791
T: -0.174514 Q: -0.0485289
T: -0.157305 Q: -0.0570545
T: -0.12341 Q: -0.0545244
T: -0.0738579 Q: 3.07501
T: -0.0101553 Q: -0.0482784
T: 0.0657625 Q: -0.0555086
T: 0.151589 Q: -0.0469545
T: 0.244716 Q: -0.0515994
T: 0.342314 Q: -0.0529793
T: 0.441417 Q: -0.056182
T: 0.539015 Q: -0.0437572
T: 0.632142 Q: 1.44357
T: 0.717969 Q: -0.032304
T: 0.793886 Q: 1.27223
T: 0.857589 Q: -0.0182943
T: 0.907141 Q: -0.0174252
T: 0.941036 Q: -0.0138681
T: 0.958245 Q: -0.0138203
T: 0.958245 Q: 1.32478
T: 0.941036 Q: 1.15372
T: 0.907141 Q: -0.0217518
T: 0.857589 Q: 1.32188
T: 0.793886 Q: 1.25729
T: 0.717969 Q: -0.0392797
T: 0.632142 Q: 2.41019
T: 0.539015 Q: -0.0271739
T: 0.441417 Q: 1.17621
Sec_Event 12628454 N50: 28
T: -0.744852 Q: -0.0488229
T: -0.749323 Q: -0.0427086
T: -0.75359 Q: -0.0494777
T: -0.757522 Q: -0.0513867
T: -0.761 Q: -0.0543738
T: -0.763919 Q: 1.51271
T: -0.766189 Q: 1.17352
T: -0.767742 Q: -0.0486535
T: -0.76853 Q: -0.0423536
T: -0.76853 Q: 1.18632
T: -0.767742 Q: -0.0406164
T: -0.766189 Q: -0.0378613
T: -0.763919 Q: -0.0475251
T: -0.761 Q: -0.0415482
T: -0.757522 Q: -0.0350699
T: -0.75359 Q: -0.0366591
T: -0.749323 Q: 1.08238
T: -0.744852 Q: -0.0240348
T: -0.740311 Q: -0.0209184
T: -0.73584 Q: -0.0182364
T: -0.731573 Q: -0.0218575
T: -0.727641 Q: 1.15907
T: -0.724163 Q: -0.0159112
T: -0.721244 Q: -0.0234747
T: -0.718974 Q: -0.0205785
T: -0.717421 Q: 2.51793
T: -0.716633 Q: -0.0228851
T: -0.716633 Q: 1.07094
T: -0.717421 Q: -0.023416
T: -0.718974 Q: -0.0247484
T: -0.721244 Q: 1.0705
T: -0.724163 Q: -0.0347963
T: -0.727641 Q: -0.0395359
T: -0.731573 Q: 1.16895
T: -0.73584 Q: 1.1495
T: -0.740311 Q: -0.0460564
Sec_Event 13026109 N50: 28
T: -0.107769 Q: -0.0500414
T: -0.222378 Q: -0.0354154
T: -0.331737 Q: -0.041249
T: -0.432523 Q: -0.0433124
T: -0.521673 Q: -0.0508195
T: -0.596479 Q: -0.0620452
T: -0.654668 Q: -0.0643271
T: -0.694471 Q: -0.0704547
T: -0.71468 Q: -0.0587776
T: -0.71468 Q: -0.0559131
T: -0.694471 Q: 1.07377
T: -0.654668 Q: -0.0521359
T: -0.596479 Q: -0.0496698
T: -0.521673 Q: -0.0319525
T: -0.432523 Q: 2.36285
T: -0.331737 Q: -0.0245966
T: -0.222378 Q: 1.22988
T: -0.107769 Q: -0.0190781
T: 0.00860802 Q: 1.11287
T: 0.123217 Q: -0.0261199
T: 0.232576 Q: 0.948242
T: 0.333362 Q: -0.0222283
T: 0.422512 Q: -0.02147
T: 0.497318 Q: -0.0171318
T: 0.555506 Q: 0.639516
T: 0.59531 Q: -0.00724797
T: 0.615519 Q: -0.00849445
T: 0.615519 Q: -0.00677085
T: 0.59531 Q: -0.00769835
T: 0.555506 Q: -0.00940849
T: 0.497318 Q: -0.0121915
T: 0.422512 Q: -0.021816
T: 0.333362 Q: -0.026482
T: 0.232576 Q: 0.785899
T: 0.123217 Q: -0.0286869
T: 0.00860802 Q: -0.0272269
Sec_Event 13382872 N50: 33
T: -0.64223 Q: -0.00058884
T: -0.72081 Q: -0.000746961
T: -0.793229 Q: -0.000606429
T: -0.857288 Q: -0.00207944
T: -0.91104 Q: -0.0019557
T: -0.952851 Q: -0.0013024
T: -0.981452 Q: 1.27706
T: -0.995972 Q: -0.00108634
T: -0.995972 Q: -0.00134178
T: -0.981452 Q: -0.00151605
T: -0.952851 Q: -0.00120827
T: -0.91104 Q: -0.00227561
T: -0.857288 Q: 1.07626
T: -0.793229 Q: -0.00232714
T: -0.72081 Q: 1.09734
T: -0.64223 Q: -0.00433986
T: -0.559878 Q: 2.09788
T: -0.476255 Q: 0.978635
T: -0.393903 Q: -0.0217962
T: -0.315324 Q: -0.0190572
T: -0.242904 Q: -0.0151182
T: -0.178845 Q: -0.0160417
T: -0.125094 Q: -0.0102456
T: -0.0832825 Q: 0.872709
T: -0.0546819 Q: 0.87376
T: -0.040161 Q: -0.00198745
T: -0.040161 Q: -0.00130208
T: -0.0546819 Q: -0.00095621
T: -0.0832825 Q: -0.000801412
T: -0.125094 Q: -0.000719256
T: -0.178845 Q: -0.000326279
T: -0.242904 Q: 1.21156
T: -0.315324 Q: 1.13564
T: -0.476255 Q: 1.14994
Sec_Event 13406726 N50: 27
T: 0.59454 Q: -0.0293881
T: 0.532632 Q: -0.0338868
T: 0.47356 Q: -0.0263963
T: 0.419119 Q: -0.0325071
T: 0.370963 Q: -0.023819
T: 0.330555 Q: -0.0229949
T: 0.299123 Q: -0.0302115
T: 0.277623 Q: 1.61225
T: 0.266707 Q: -0.0223601
T: 0.266707 Q: 1.17949
T: 0.277623 Q: -0.0184485
T: 0.299123 Q: 1.34469
T: 0.330555 Q: 1.72986
T: 0.370963 Q: -0.0182982
T: 0.419119 Q: -0.0157213
T: 0.47356 Q: 1.49108
T: 0.532632 Q: 1.5571
T: 0.59454 Q: -0.0228559
T: 0.657404 Q: 1.32335
T: 0.719312 Q: -0.0238105
T: 0.778384 Q: -0.0194642
T: 0.832825 Q: -0.0170026
T: 0.880981 Q: 2.73634
T: 0.921389 Q: -0.0145903
T: 0.952821 Q: -0.0139129
T: 0.974321 Q: -0.0147516
T: 0.985237 Q: -0.0119595
T: 0.985237 Q: -0.0142791
T: 0.974321 Q: -0.0126285
T: 0.952821 Q: -0.0152508
T: 0.921389 Q: -0.0147197
T: 0.880981 Q: -0.0175565
T: 0.832825 Q: -0.0207782
T: 0.778384 Q: -0.032832
T: 0.719312 Q: -0.0328974
T: 0.657404 Q: -0.0432818
300000/361996
Sec_Event 15000629 N50: 30
T: -0.713788 Q: 1.29195
T: -0.755402 Q: -0.0120924
T: -0.79511 Q: -0.0158406
T: -0.831706 Q: -0.0155757
T: -0.864076 Q: -0.0226531
T: -0.891238 Q: 1.05403
T: -0.912366 Q: -0.0350521
T: -0.926819 Q: 0.9607
T: -0.934157 Q: -0.0465379
T: -0.934157 Q: -0.0566103
T: -0.926819 Q: -0.0556995
T: -0.912366 Q: 0.930225
T: -0.891238 Q: -0.0649309
T: -0.864076 Q: 2.55208
T: -0.831706 Q: -0.0724715
T: -0.79511 Q: -0.0795914
T: -0.755402 Q: -0.0910448
T: -0.713788 Q: -0.0914513
T: -0.671531 Q: -0.0744904
T: -0.629917 Q: -0.0728062
T: -0.590209 Q: -0.0616229
T: -0.553613 Q: -0.0587813
T: -0.521243 Q: -0.0537873
T: -0.494081 Q: -0.045004
T: -0.472953 Q: 1.44553
T: -0.4585 Q: -0.0390337
T: -0.451163 Q: -0.0428999
T: -0.451163 Q: 1.1062
T: -0.4585 Q: -0.0300778
T: -0.472953 Q: -0.0198068
T: -0.494081 Q: -0.0175952
T: -0.521243 Q: -0.0143673
T: -0.553613 Q: 1.25952
T: -0.590209 Q: -0.0152856
T: -0.629917 Q: -0.00978016
T: -0.671531 Q: 1.10189
Sec_Event 15000629 N50: 27

gestpm: TOTAL NUMBER PMT: WALL; TOP; BOTTOM; ALL  7650  1748  1748 11146
 *****************************
 * This is for SK-VI map      *
 *****************************
 findconsts: connection table file: /home/licheng/local/skofl/const//connection.super.dat
gexyz: PMT # FOR EACH SECTION       1  7650  7651  9398  9399 11146
gexyz: maxpm,nlwal     11146      7650
 findconsts: connection table1 file: /home/licheng/local/skofl/const//connection.super.dat
 findconsts: connection table2 file: /home/licheng/local/skofl/const//connection.super.sk-5.dat
 findfile: checking /home/licheng/local/skofl/const//misch3.dat
 findfile: found /home/licheng/local/skofl/const//misch3.dat
 findconsts: mis channel file: /home/licheng/local/skofl/const//misch3.dat
 findfile: checking /home/licheng/local/skofl/const//skpmt_sk5.dat
 findfile: found /home/licheng/local/skofl/const//skpmt_sk5.dat
 findconsts: pmt file: /home/licheng/local/skofl/const//skpmt_sk5.dat
gestpma: TOTAL NUMBER anti PMT: WALL; TOP; BOTTOM; ALL  1275   302   308  1885
gexyza: anti PMT # FOR EACH SECTION       1  1275  1276  1577  1578  1885
 maxpma,nlwala      1885      1275
 skbadch: log_level =            0
 findconsts: badch.090440 file: /home/licheng/local/skofl/const//badch/badch.090440
 findconsts: bad channel file: /home/licheng/local/skofl/const//badch.dat
 findconsts: badch.090440 file: /home/licheng/local/skofl/const//badch/badch.090440
 skdark: log_level =            0
 findconsts: darkr.090440.root file: /home/licheng/local/skofl/const//darkr/darkr.090440.root
 findconsts: badsub SK-I 1 file: /home/licheng/local/skofl/const//lowe/badsub.sk.r1742-3051.r3208-3608
 nbad 1 =         1851
 findconsts: badsub SK-I 2 file: /home/licheng/local/skofl/const//lowe/badsub.sk.realtim
 nbad 2 =        17511
 findconsts: badsub SK-I 3 file: /home/licheng/local/skofl/const//lowe/badsub.sk.manual.1260day
 nbad 3 =        21939
 findconsts: badsub SK-I 4 file: /home/licheng/local/skofl/const//lowe/badsub.sk.sle.1260day
 nbad 4 =        28004
 findconsts: badsub SK-I 5 file: /home/licheng/local/skofl/const//lowe/badsub.sk.manual
 nbad 5 =        28105
 findconsts: badsub SK-I 6 file: /home/licheng/local/skofl/const//lowe/badsub.sk.sle
 nbad 6 =        28105
 findconsts: badsub SK-II 1 file: /home/licheng/local/skofl/const//lowe/badsub.sk2.manual
 nbad_sk2 SK-II 1 =        27759
 findconsts: badsub SK-III 1 file: /home/licheng/local/skofl/const//lowe/badsub.sk3.manual
 nbad_sk3 SK-III 1 =         4149
 findconsts: badsub SK-IV file: /home/licheng/local/skofl/const//lowe/badsub.sk4.manual
 nbad_sk4 SK-IV =        66921
 read local badsub.sk5.manual.local
 nbad_sk5 SK-V =         2595
 read local badsub.sk6.manual.local
 nbad_sk6 SK-VI (Gd) =         7717
 findconsts: skcoverage_barrel file: /home/licheng/local/skofl/const//lowe/skcov_b_p3.dat
 findconsts: nearest neighbor file: /home/licheng/local/skofl/const//neighb.dat
 neighbsk: reading neighbor file /home/licheng/local/skofl/const//neighb.dat
 findconsts: skcoverage_sk4_final file: /home/licheng/local/skofl/const//lowe/skcov_c_p3.dat
