Output file: output/wt_090455.root input file:/disk03/lowe10/sk7/sle/lomugd.090455.root
 Id of this manager : 10
InitReadRoot: total = 322382
RUNINFO found in the rare list
SK geometry setting: 6
***** Dummy rgetvalue was called. (Remote File Access is not supported) *****
==========WT:========== 13437.3 13815.7 12535.3
0/322382
Sec_Event 868877 N50: 40
T: -0.0419522 Q: 1.25877
T: -0.15679 Q: 1.42752
T: -0.266366 Q: -0.0470042
T: -0.367352 Q: -0.0537533
T: -0.45668 Q: 1.22771
T: -0.531635 Q: -0.0525918
T: -0.589939 Q: 1.16577
T: -0.629822 Q: -0.0512462
T: -0.650071 Q: -0.0431476
T: -0.650071 Q: 0.924543
T: -0.629822 Q: -0.0244166
T: -0.589939 Q: 0.872732
T: -0.531635 Q: -0.0100063
T: -0.45668 Q: -0.0103875
T: -0.367352 Q: -0.00519487
T: -0.266366 Q: 1.18972
T: -0.15679 Q: -0.00872061
T: -0.0419522 Q: -0.0020672
T: 0.0746567 Q: 0.875469
T: 0.189494 Q: -0.00221946
T: 0.299071 Q: 1.12658
T: 0.400057 Q: 0.792547
T: 0.489385 Q: -0.00217152
T: 0.564339 Q: -0.00176794
T: 0.622644 Q: -0.00113223
T: 0.662526 Q: -0.000885242
T: 0.682775 Q: 1.02359
T: 0.682775 Q: -0.00131496
T: 0.662526 Q: 1.95842
T: 0.622644 Q: -0.00156403
T: 0.564339 Q: 0.823632
T: 0.489385 Q: 2.19473
T: 0.400057 Q: -0.00426407
T: 0.299071 Q: -0.0104138
T: 0.189494 Q: 1.47361
T: 0.0746567 Q: 1.44255
Sec_Event 1108835 N50: 30
T: -0.652225 Q: 0.851421
T: -0.715534 Q: -0.00816968
T: -0.775942 Q: -0.00970887
T: -0.831614 Q: -0.00906572
T: -0.880859 Q: 1.18232
T: -0.922181 Q: -0.0115943
T: -0.954323 Q: -0.0125803
T: -0.97631 Q: -0.0101133
T: -0.987473 Q: -0.00742873
T: -0.987473 Q: -0.0111722
T: -0.97631 Q: -0.00803565
T: -0.954323 Q: 1.18479
T: -0.922181 Q: 1.14179
T: -0.880859 Q: -0.0133603
T: -0.831614 Q: 1.17519
T: -0.775942 Q: 1.20702
T: -0.715534 Q: -0.0251405
T: -0.652225 Q: -0.0294266
T: -0.587941 Q: 0.973389
T: -0.524632 Q: 1.0236
T: -0.464224 Q: -0.04815
T: -0.408552 Q: -0.0419394
T: -0.359307 Q: -0.0379036
T: -0.317985 Q: -0.0319347
T: -0.285842 Q: 1.20249
T: -0.263856 Q: 1.0678
T: -0.252693 Q: -0.0234156
T: -0.252693 Q: -0.0275119
T: -0.263856 Q: -0.0228384
T: -0.285842 Q: 1.14367
T: -0.317985 Q: -0.0166285
T: -0.359307 Q: -0.0164559
T: -0.408552 Q: -0.0126004
T: -0.464224 Q: -0.0114476
T: -0.524632 Q: 1.27416
T: -0.587941 Q: -0.0128399
 Incomplete 
Sec_Event 1653282 N50: 45
T: 0.0604251 Q: 2.5648
T: -0.0529827 Q: 1.17042
T: -0.161195 Q: -0.0161483
T: -0.260924 Q: -0.0196402
T: -0.34914 Q: -0.0249006
T: -0.423162 Q: 2.58103
T: -0.48074 Q: -0.0258864
T: -0.520126 Q: -0.0320982
T: -0.540123 Q: -0.0341994
T: -0.540123 Q: -0.0386442
T: -0.520126 Q: -0.0361334
T: -0.48074 Q: 1.3057
T: -0.423162 Q: 1.15131
T: -0.34914 Q: -0.0276017
T: -0.260924 Q: 1.81417
T: -0.161195 Q: 1.46757
T: -0.0529827 Q: 1.45196
T: 0.0604251 Q: 1.26912
T: 0.175582 Q: 1.29666
T: 0.28899 Q: -0.0313032
T: 0.397203 Q: -0.0516553
T: 0.496932 Q: -0.0384994
T: 0.585147 Q: -0.0397741
T: 0.659169 Q: 3.99613
T: 0.716748 Q: -0.0298994
T: 0.756134 Q: -0.0291169
T: 0.776131 Q: -0.0309109
T: 0.776131 Q: -0.0281447
T: 0.756134 Q: -0.0302587
T: 0.716748 Q: -0.0270811
T: 0.659169 Q: 1.13576
T: 0.585147 Q: -0.034508
T: 0.496932 Q: -0.0299046
T: 0.397203 Q: -0.0195572
T: 0.28899 Q: -0.0256735
T: 0.175582 Q: 2.65483
Sec_Event 1700153 N50: 67
T: 0.369898 Q: 2.81287
T: 0.274938 Q: 1.15574
T: 0.184327 Q: -0.0158526
T: 0.10082 Q: -0.00909854
T: 0.0269543 Q: 1.14823
T: -0.0350268 Q: 1.86755
T: -0.0832395 Q: 0.882289
T: -0.116219 Q: -0.00204093
T: -0.132963 Q: -0.00258136
T: -0.132963 Q: -0.00115175
T: -0.116219 Q: 1.04483
T: -0.0832395 Q: 1.07454
T: -0.0350268 Q: 2.2557
T: 0.0269543 Q: 1.43767
T: 0.10082 Q: 4.91981
T: 0.184327 Q: 1.56531
T: 0.274938 Q: 2.02519
T: 0.369898 Q: 1.26069
T: 0.466324 Q: -0.000446291
T: 0.561284 Q: 2.19661
T: 0.651894 Q: -0.00216651
T: 0.735401 Q: -0.00129538
T: 0.809268 Q: -0.00388732
T: 0.871249 Q: 2.49483
T: 0.919461 Q: 2.98117
T: 0.952441 Q: 0.907177
T: 0.969185 Q: -0.0141701
T: 0.969185 Q: -0.0130573
T: 0.952441 Q: -0.0158955
T: 0.919461 Q: 1.97429
T: 0.871249 Q: 2.47985
T: 0.809268 Q: -0.0180516
T: 0.735401 Q: -0.0248187
T: 0.651894 Q: -0.0237132
T: 0.561284 Q: -0.0292217
T: 0.466324 Q: 2.06493
Sec_Event 1926212 N50: 38
T: -0.591736 Q: 1.03797
T: -0.668511 Q: 1.1494
T: -0.741769 Q: 2.4754
T: -0.809285 Q: -0.00666782
T: -0.869005 Q: -0.00519236
T: -0.919116 Q: -0.00597516
T: -0.958096 Q: 1.33483
T: -0.98476 Q: 1.39905
T: -0.998298 Q: -0.00377777
T: -0.998298 Q: -0.00374644
T: -0.98476 Q: -0.00361133
T: -0.958096 Q: -0.00419487
T: -0.919116 Q: 1.19488
T: -0.869005 Q: -0.00519828
T: -0.809285 Q: -0.00606528
T: -0.741769 Q: -0.00623925
T: -0.668511 Q: -0.00707193
T: -0.591736 Q: -0.00866593
T: -0.513777 Q: 1.14288
T: -0.437001 Q: 1.3345
T: -0.363743 Q: 1.21679
T: -0.296228 Q: -0.0135768
T: -0.236508 Q: -0.0153471
T: -0.186396 Q: -0.0244601
T: -0.147417 Q: -0.0293674
T: -0.120753 Q: -0.0245744
T: -0.107215 Q: -0.0335349
T: -0.107215 Q: -0.0289084
T: -0.120753 Q: -0.0361044
T: -0.147417 Q: -0.0388454
T: -0.186396 Q: 1.34724
T: -0.236508 Q: -0.047813
T: -0.296228 Q: -0.0498241
T: -0.363743 Q: -0.046458
T: -0.437001 Q: 1.99929
T: -0.513777 Q: 1.11748
Sec_Event 2209614 N50: 44
T: -0.183235 Q: -0.0122255
T: -0.296444 Q: 1.24665
T: -0.404466 Q: -0.0187341
T: -0.50402 Q: -0.0282576
T: -0.592081 Q: 1.21192
T: -0.665972 Q: -0.0178874
T: -0.72345 Q: 1.22342
T: -0.762767 Q: -0.013379
T: -0.782728 Q: -0.0121432
T: -0.782728 Q: 2.18797
T: -0.762767 Q: 1.11443
T: -0.72345 Q: -0.0105201
T: -0.665972 Q: 1.17108
T: -0.592081 Q: -0.0105105
T: -0.50402 Q: -0.00821638
T: -0.404466 Q: -0.00661162
T: -0.296444 Q: 1.12526
T: -0.183235 Q: -0.0133089
T: -0.0682801 Q: -0.00420699
T: 0.0449284 Q: -0.00517049
T: 0.152951 Q: 1.19834
T: 0.252505 Q: 1.27086
T: 0.340565 Q: 1.33
T: 0.414457 Q: 1.0561
T: 0.471934 Q: 1.0577
T: 0.511251 Q: 1.10781
T: 0.531213 Q: -0.0134677
T: 0.531213 Q: -0.0138233
T: 0.511251 Q: -0.0114843
T: 0.471934 Q: -0.0184731
T: 0.414457 Q: 1.32633
T: 0.340565 Q: 1.05232
T: 0.252505 Q: 1.32062
T: 0.152951 Q: 1.04551
T: 0.0449284 Q: -0.0150914
T: -0.0682801 Q: -0.0191495
Sec_Event 2804670 N50: 30
Sec_Event 2926177 N50: 28
T: -0.0712678 Q: -0.00341408
T: -0.186116 Q: -0.00681531
T: -0.295702 Q: -0.0120572
T: -0.396697 Q: -0.00626407
T: -0.486033 Q: 1.16879
T: -0.560994 Q: -0.00852615
T: -0.619304 Q: -0.0105051
T: -0.65919 Q: 1.07693
T: -0.679441 Q: -0.0109302
T: -0.679441 Q: -0.0103971
T: -0.65919 Q: -0.0152639
T: -0.619304 Q: -0.0124055
T: -0.560994 Q: -0.0134972
T: -0.486033 Q: -0.00927758
T: -0.396697 Q: -0.0108398
T: -0.295702 Q: 1.09917
T: -0.186116 Q: -0.00514544
T: -0.0712678 Q: -0.006227
T: 0.0453516 Q: 1.14559
T: 0.160199 Q: 1.11419
T: 0.269786 Q: -0.0069981
T: 0.370781 Q: 1.27136
T: 0.460117 Q: -0.0102357
T: 0.535078 Q: -0.00924447
T: 0.593388 Q: -0.0128764
T: 0.633274 Q: -0.013637
T: 0.653525 Q: -0.0128666
T: 0.653525 Q: 1.14441
T: 0.633274 Q: 1.1
T: 0.593388 Q: -0.0121283
T: 0.535078 Q: 1.09746
T: 0.460117 Q: -0.0121583
T: 0.370781 Q: -0.00680855
T: 0.269786 Q: -0.00597074
T: 0.160199 Q: -0.00654797
T: 0.0453516 Q: -0.0068345
Sec_Event 2936785 N50: 32
T: -0.00444497 Q: -0.0264997
T: -0.11901 Q: -0.0324504
T: -0.228326 Q: -0.0206749
T: -0.329072 Q: -0.0230561
T: -0.418188 Q: 1.24255
T: -0.492965 Q: 1.33948
T: -0.551131 Q: -0.0381497
T: -0.590919 Q: 1.32455
T: -0.611119 Q: -0.0398274
T: -0.611119 Q: -0.0323639
T: -0.590919 Q: -0.0252669
T: -0.551131 Q: -0.0264346
T: -0.492965 Q: -0.023118
T: -0.418188 Q: -0.016995
T: -0.329072 Q: -0.0185319
T: -0.228326 Q: -0.0130174
T: -0.11901 Q: -0.0159004
T: -0.00444497 Q: -0.0116524
T: 0.111887 Q: -0.013123
T: 0.226452 Q: 1.1971
T: 0.335768 Q: -0.01537
T: 0.436514 Q: -0.0249298
T: 0.52563 Q: -0.0197803
T: 0.600407 Q: 1.1739
T: 0.658573 Q: 1.24418
T: 0.698361 Q: 2.89884
T: 0.718561 Q: -0.0143127
T: 0.718561 Q: -0.0136977
T: 0.698361 Q: -0.0188107
T: 0.658573 Q: -0.0195167
T: 0.600407 Q: 1.07276
T: 0.52563 Q: 1.19509
T: 0.436514 Q: -0.0273125
T: 0.335768 Q: -0.0220832
T: 0.226452 Q: -0.0218455
T: 0.111887 Q: -0.0305765
Sec_Event 3035479 N50: 27
T: -0.597695 Q: -0.0448351
T: -0.67333 Q: -0.0399995
T: -0.745501 Q: -0.0348846
T: -0.812014 Q: -0.0273583
T: -0.870848 Q: -0.0277427
T: -0.920216 Q: -0.0225127
T: -0.958617 Q: -0.0188676
T: -0.984885 Q: -0.0166152
T: -0.998222 Q: -0.015806
T: -0.998222 Q: -0.015475
T: -0.984885 Q: 1.44446
T: -0.958617 Q: -0.021976
T: -0.920216 Q: 1.40436
T: -0.870848 Q: -0.0283791
T: -0.812014 Q: 1.42657
T: -0.745501 Q: 1.25631
T: -0.67333 Q: -0.0394548
T: -0.597695 Q: -0.0254615
T: -0.520892 Q: -0.0297005
T: -0.445256 Q: 1.45255
T: -0.373085 Q: 1.33592
T: -0.306572 Q: -0.0284988
T: -0.247738 Q: -0.0320917
T: -0.198371 Q: -0.033025
T: -0.159969 Q: -0.0351649
T: -0.133701 Q: -0.0347116
T: -0.120365 Q: -0.0349702
T: -0.120365 Q: -0.0552128
T: -0.133701 Q: -0.045207
T: -0.159969 Q: -0.0372887
T: -0.198371 Q: -0.0367679
T: -0.247738 Q: 1.45485
T: -0.306572 Q: 1.32778
T: -0.373085 Q: 1.34016
T: -0.445256 Q: -0.0439144
T: -0.520892 Q: 1.37397
Sec_Event 3035479 N50: 42
T: -0.307542 Q: -0.00269239
T: -0.415563 Q: 1.16093
T: -0.518635 Q: -0.00332809
T: -0.613626 Q: 1.28248
T: -0.697651 Q: -0.00565251
T: -0.768157 Q: -0.00937211
T: -0.823 Q: 1.03083
T: -0.860515 Q: -0.0170795
T: -0.879562 Q: 1.22221
T: -0.879562 Q: -0.0169408
T: -0.860515 Q: 0.865903
T: -0.823 Q: -0.0182978
T: -0.768157 Q: 1.17585
T: -0.697651 Q: 1.24599
T: -0.613626 Q: 2.40938
T: -0.518635 Q: 1.0583
T: -0.415563 Q: -0.00492068
T: -0.307542 Q: -0.00423328
T: -0.197855 Q: -0.00370425
T: -0.089835 Q: -0.00601479
T: 0.013237 Q: -0.00322658
T: 0.108229 Q: 1.33539
T: 0.192254 Q: -0.00202529
T: 0.262759 Q: 1.46016
T: 0.317602 Q: -0.00231739
T: 0.355117 Q: -0.00291893
T: 0.374164 Q: -0.0020022
T: 0.374164 Q: 2.35101
T: 0.355117 Q: 1.19776
T: 0.317602 Q: -0.00330723
T: 0.262759 Q: -0.0019972
T: 0.192254 Q: 1.12203
T: 0.108229 Q: -0.00344562
T: 0.013237 Q: 1.11994
T: -0.089835 Q: 1.40213
T: -0.197855 Q: 2.62336
Sec_Event 3165513 N50: 87
Sec_Event 3165513 N50: 96
T: -0.665629 Q: 1.26519
T: -0.725203 Q: -0.0603005
T: -0.782048 Q: -0.068841
T: -0.834436 Q: -0.0689239
T: -0.880776 Q: -0.0625125
T: -0.91966 Q: 2.72316
T: -0.949907 Q: -0.0498978
T: -0.970596 Q: -0.0456525
T: -0.981101 Q: -0.0446898
T: -0.981101 Q: 0.983233
T: -0.970596 Q: 4.34103
T: -0.949907 Q: 1.36006
T: -0.91966 Q: 0.98307
T: -0.880776 Q: 1.94214
T: -0.834436 Q: -0.0262957
T: -0.782048 Q: -0.0215823
T: -0.725203 Q: 2.35538
T: -0.665629 Q: -0.0231962
T: -0.605137 Q: -0.0155913
T: -0.545563 Q: 2.37753
T: -0.488718 Q: 2.56271
T: -0.43633 Q: -0.0145953
T: -0.38999 Q: 1.06393
T: -0.351106 Q: -0.0185019
T: -0.320859 Q: 1.41092
T: -0.30017 Q: 3.93924
T: -0.289665 Q: 1.27716
T: -0.289665 Q: 1.1698
T: -0.30017 Q: 1.45831
T: -0.320859 Q: 2.57318
T: -0.351106 Q: 1.2322
T: -0.38999 Q: -0.0305366
T: -0.43633 Q: -0.0424261
T: -0.488718 Q: 2.63006
T: -0.545563 Q: -0.0516966
T: -0.605137 Q: 1.24595
Sec_Event 3463442 N50: 28
T: 0.518474 Q: 1.01927
T: 0.442448 Q: 1.30775
T: 0.369905 Q: -0.0266199
T: 0.303049 Q: -0.0326622
T: 0.243911 Q: -0.0256382
T: 0.194288 Q: -0.0254077
T: 0.155689 Q: -0.0281793
T: 0.129285 Q: -0.0278392
T: 0.11588 Q: -0.0256456
T: 0.11588 Q: -0.0209511
T: 0.129285 Q: -0.0284963
T: 0.155689 Q: 1.33948
T: 0.194288 Q: 1.52112
T: 0.243911 Q: 1.37378
T: 0.303049 Q: -0.0216031
T: 0.369905 Q: -0.0234617
T: 0.442448 Q: -0.0208882
T: 0.518474 Q: 1.46603
T: 0.595673 Q: -0.0176097
T: 0.671699 Q: -0.0149229
T: 0.744242 Q: 1.15492
T: 0.811099 Q: 1.35395
T: 0.870236 Q: -0.00896239
T: 0.919859 Q: -0.00747338
T: 0.958458 Q: -0.00839428
T: 0.984862 Q: -0.004435
T: 0.998267 Q: -0.00536969
T: 0.998267 Q: -0.00357977
T: 0.984862 Q: -0.00591112
T: 0.958458 Q: -0.00437077
T: 0.919859 Q: -0.00518563
T: 0.870236 Q: -0.00793611
T: 0.811099 Q: -0.0106603
T: 0.744242 Q: -0.0109645
T: 0.671699 Q: -0.015721
T: 0.595673 Q: 1.45729
Sec_Event 3516089 N50: 45
T: 0.451597 Q: -0.00780585
T: 0.365935 Q: -0.00841865
T: 0.284197 Q: -0.0110722
T: 0.208866 Q: -0.0122153
T: 0.142233 Q: -0.0159333
T: 0.0863207 Q: 1.16921
T: 0.0428287 Q: -0.0225764
T: 0.0130784 Q: -0.0281811
T: -0.00202619 Q: -0.0263299
T: -0.00202619 Q: 1.44043
T: 0.0130784 Q: -0.0301821
T: 0.0428287 Q: -0.0406545
T: 0.0863207 Q: 1.19237
T: 0.142233 Q: 1.29686
T: 0.208866 Q: -0.0377143
T: 0.284197 Q: 0.948374
T: 0.365935 Q: 0.838885
T: 0.451597 Q: 0.935106
T: 0.538581 Q: 2.04209
T: 0.624244 Q: 0.928636
T: 0.705982 Q: -0.00329799
T: 0.781312 Q: -0.00327279
T: 0.847946 Q: 1.21184
T: 0.903858 Q: -0.00163953
T: 0.94735 Q: 2.28398
T: 0.9771 Q: -0.00124275
T: 0.992205 Q: 1.13564
T: 0.992205 Q: -0.0020136
T: 0.9771 Q: -0.00135293
T: 0.94735 Q: -0.00189276
T: 0.903858 Q: -0.00289384
T: 0.847946 Q: -0.00220862
T: 0.781312 Q: 1.08185
T: 0.705982 Q: 1.22355
T: 0.624244 Q: -0.00511994
T: 0.538581 Q: 2.1466
Sec_Event 3516089 N50: 37
T: -0.389609 Q: -0.053487
T: -0.491933 Q: -0.0511046
T: -0.589569 Q: -0.0661156
T: -0.679551 Q: -0.0903339
T: -0.759145 Q: 1.35607
T: -0.825932 Q: -0.0753447
T: -0.877883 Q: -0.0667589
T: -0.91342 Q: -0.0617374
T: -0.931462 Q: -0.0562304
T: -0.931462 Q: -0.0572778
T: -0.91342 Q: -0.069353
T: -0.877883 Q: 2.75083
T: -0.825932 Q: -0.090237
T: -0.759145 Q: -0.0587622
T: -0.679551 Q: -0.046326
T: -0.589569 Q: 1.0641
T: -0.491933 Q: 0.976358
T: -0.389609 Q: -0.0363004
T: -0.285707 Q: 1.22832
T: -0.183383 Q: 1.03747
T: -0.0857466 Q: -0.0256796
T: 0.00423542 Q: 1.39947
T: 0.0838292 Q: 0.703224
T: 0.150616 Q: -0.0342959
T: 0.202567 Q: 1.36516
T: 0.238104 Q: -0.0328287
T: 0.256147 Q: -0.03152
T: 0.256147 Q: 0.979732
T: 0.238104 Q: 0.864735
T: 0.202567 Q: -0.0377916
T: 0.150616 Q: -0.0415166
T: 0.0838292 Q: 0.633594
T: 0.00423542 Q: 1.23636
T: -0.0857466 Q: -0.0440553
T: -0.183383 Q: 1.32528
T: -0.285707 Q: 1.19338
Sec_Event 3516089 N50: 46
Sec_Event 3516089 N50: 33
T: 0.709181 Q: -0.00620108
T: 0.682456 Q: -0.00584471
T: 0.656954 Q: -0.00629657
T: 0.633452 Q: -0.00673871
T: 0.612664 Q: -0.00852579
T: 0.59522 Q: -0.0114638
T: 0.581651 Q: 1.90279
T: 0.572369 Q: -0.0183149
T: 0.567657 Q: -0.0103519
T: 0.567657 Q: -0.0165671
T: 0.572369 Q: 1.42618
T: 0.581651 Q: -0.0137793
T: 0.59522 Q: 1.47031
T: 0.612664 Q: -0.013588
T: 0.633452 Q: 2.08664
T: 0.656954 Q: 2.18859
T: 0.682456 Q: 1.7174
T: 0.709181 Q: -0.00542763
T: 0.736319 Q: -0.00679231
T: 0.763044 Q: -0.00373529
T: 0.788546 Q: 1.79897
T: 0.812048 Q: -0.00252856
T: 0.832836 Q: 1.9998
T: 0.85028 Q: -0.00220704
T: 0.863849 Q: 1.82058
T: 0.873131 Q: -0.00347556
T: 0.877843 Q: -0.00189535
T: 0.877843 Q: -0.00217773
T: 0.873131 Q: -0.00563392
T: 0.863849 Q: -0.00190083
T: 0.85028 Q: 3.16696
T: 0.832836 Q: 1.87877
T: 0.812048 Q: -0.00321859
T: 0.788546 Q: -0.00360302
T: 0.763044 Q: -0.00429829
T: 0.736319 Q: -0.00570106
Sec_Event 4285203 N50: 34
T: -0.450757 Q: -0.0555839
T: -0.547396 Q: -0.0553782
T: -0.639607 Q: 1.23266
T: -0.72459 Q: 1.16981
T: -0.799762 Q: -0.041683
T: -0.862839 Q: -0.0305862
T: -0.911904 Q: -0.0255763
T: -0.945466 Q: -0.0249123
T: -0.962506 Q: -0.0225905
T: -0.962506 Q: -0.0231802
T: -0.945466 Q: -0.0325295
T: -0.911904 Q: -0.0216019
T: -0.862839 Q: -0.00954475
T: -0.799762 Q: 0.878713
T: -0.72459 Q: 0.872867
T: -0.639607 Q: -0.00360752
T: -0.547396 Q: -0.0029576
T: -0.450757 Q: -0.00379284
T: -0.352627 Q: 1.01715
T: -0.255988 Q: -0.00285379
T: -0.163776 Q: -0.00227368
T: -0.0787933 Q: 1.1347
T: -0.0036216 Q: -0.00603618
T: 0.059455 Q: -0.00487828
T: 0.10852 Q: 0.85218
T: 0.142082 Q: -0.00863532
T: 0.159122 Q: 1.88511
T: 0.159122 Q: -0.0157312
T: 0.142082 Q: -0.0230248
T: 0.10852 Q: 1.14131
T: 0.059455 Q: -0.0252314
T: -0.0036216 Q: 1.02471
T: -0.0787933 Q: -0.0303765
T: -0.163776 Q: -0.0384811
T: -0.255988 Q: -0.0352027
T: -0.352627 Q: 1.19552
Sec_Event 4285203 N50: 30
T: -0.265962 Q: 1.22478
T: -0.376145 Q: -0.0364081
T: -0.48128 Q: 1.52498
T: -0.578173 Q: -0.0628058
T: -0.66388 Q: -0.0615265
T: -0.735797 Q: -0.049014
T: -0.791738 Q: -0.0492629
T: -0.830004 Q: 1.40848
T: -0.849432 Q: -0.0459623
T: -0.849432 Q: 0.886553
T: -0.830004 Q: -0.0293226
T: -0.791738 Q: -0.0184299
T: -0.735797 Q: 0.988428
T: -0.66388 Q: -0.00483564
T: -0.578173 Q: -0.00288477
T: -0.48128 Q: 1.17499
T: -0.376145 Q: -0.00185947
T: -0.265962 Q: -0.00315474
T: -0.15408 Q: 1.18077
T: -0.0438974 Q: -0.00653355
T: 0.0612376 Q: -0.00436696
T: 0.158131 Q: -0.00200132
T: 0.243837 Q: -0.00332335
T: 0.315754 Q: 1.11368
T: 0.371695 Q: -0.00749478
T: 0.409961 Q: -0.0133888
T: 0.429389 Q: -0.0138375
T: 0.429389 Q: 1.00796
T: 0.409961 Q: 1.21279
T: 0.371695 Q: 1.1972
T: 0.315754 Q: -0.0276248
T: 0.243837 Q: 2.47536
T: 0.158131 Q: -0.0349036
T: 0.0612376 Q: -0.0375804
T: -0.0438974 Q: 1.29907
T: -0.15408 Q: -0.0430419
Sec_Event 4285203 N50: 30
T: 0.682528 Q: -0.0026194
T: 0.644716 Q: -0.0017817
T: 0.608636 Q: -0.00377223
T: 0.575384 Q: -0.00364477
T: 0.545972 Q: -0.00187168
T: 0.521292 Q: -0.00215291
T: 0.502094 Q: 2.44288
T: 0.488962 Q: -0.0123761
T: 0.482295 Q: 1.0408
T: 0.482295 Q: 1.20104
T: 0.488962 Q: -0.0160396
T: 0.502094 Q: -0.015777
T: 0.521292 Q: -0.027327
T: 0.545972 Q: -0.0268906
T: 0.575384 Q: 3.02552
T: 0.608636 Q: -0.0341087
T: 0.644716 Q: -0.041659
T: 0.682528 Q: -0.0418299
T: 0.720923 Q: -0.0423957
T: 0.758735 Q: -0.0348516
T: 0.794815 Q: -0.02628
T: 0.828067 Q: -0.0225942
T: 0.857479 Q: 2.55081
T: 0.882159 Q: -0.0256359
T: 0.901357 Q: -0.0173796
T: 0.914489 Q: 1.10175
T: 0.921156 Q: -0.0146589
T: 0.921156 Q: -0.0169277
T: 0.914489 Q: 1.37485
T: 0.901357 Q: -0.0204964
T: 0.882159 Q: -0.015895
T: 0.857479 Q: 0.863561
T: 0.828067 Q: -0.00618994
T: 0.794815 Q: -0.0057439
T: 0.758735 Q: -0.00537922
T: 0.720923 Q: -0.0021161
Sec_Event 4762008 N50: 32
T: -0.542699 Q: -0.0662422
T: -0.627745 Q: -0.068448
T: -0.708894 Q: -0.0697715
T: -0.783682 Q: -0.0699052
T: -0.849836 Q: 0.996357
T: -0.905346 Q: 1.55208
T: -0.948525 Q: -0.0386341
T: -0.978061 Q: 1.59291
T: -0.993057 Q: -0.0385647
T: -0.993057 Q: -0.0429381
T: -0.978061 Q: -0.0474727
T: -0.948525 Q: -0.0453467
T: -0.905346 Q: -0.0473693
T: -0.849836 Q: -0.0394444
T: -0.783682 Q: 1.0429
T: -0.708894 Q: 1.09488
T: -0.627745 Q: -0.0278614
T: -0.542699 Q: -0.0294083
T: -0.456341 Q: -0.0286018
T: -0.371296 Q: -0.0301948
T: -0.290146 Q: 1.23031
T: -0.215358 Q: -0.0327473
T: -0.149204 Q: -0.0316336
T: -0.0936946 Q: -0.0433442
T: -0.0505157 Q: -0.0427436
T: -0.0209796 Q: -0.048898
T: -0.00598379 Q: 1.53043
T: -0.00598379 Q: 1.74376
T: -0.0209796 Q: -0.0608823
T: -0.0505157 Q: 1.7744
T: -0.0936946 Q: -0.0554905
T: -0.149204 Q: 1.24449
T: -0.215358 Q: -0.0654912
T: -0.290146 Q: -0.0496259
T: -0.371296 Q: -0.0754197
T: -0.456341 Q: -0.057772
100000/322382
Sec_Event 5463706 N50: 40
T: -0.613967 Q: -0.0162588
T: -0.68631 Q: 2.48491
T: -0.755339 Q: -0.0244345
T: -0.818957 Q: -0.028301
T: -0.87523 Q: -0.0279075
T: -0.922448 Q: -0.0306784
T: -0.959178 Q: 1.28051
T: -0.984303 Q: -0.0230063
T: -0.997059 Q: 1.30835
T: -0.997059 Q: -0.0212135
T: -0.984303 Q: -0.0206224
T: -0.959178 Q: -0.0251022
T: -0.922448 Q: 1.33871
T: -0.87523 Q: -0.0277118
T: -0.818957 Q: -0.0357335
T: -0.755339 Q: 2.55592
T: -0.68631 Q: 1.36089
T: -0.613967 Q: -0.0408759
T: -0.540508 Q: 3.57013
T: -0.468165 Q: -0.0327943
T: -0.399136 Q: -0.0279149
T: -0.335518 Q: -0.0209915
T: -0.279245 Q: 1.2462
T: -0.232027 Q: 1.27184
T: -0.195297 Q: -0.0217294
T: -0.170173 Q: 1.45641
T: -0.157417 Q: 1.1786
T: -0.157417 Q: -0.0151997
T: -0.170173 Q: -0.0208391
T: -0.195297 Q: -0.0137049
T: -0.232027 Q: -0.0130182
T: -0.279245 Q: 1.10692
T: -0.335518 Q: -0.0132614
T: -0.399136 Q: -0.0122908
T: -0.468165 Q: -0.0129501
T: -0.540508 Q: -0.012853
Sec_Event 5588237 N50: 39
T: -0.698227 Q: 1.05956
T: -0.746746 Q: -0.00138594
T: -0.793043 Q: 1.25678
T: -0.83571 Q: -0.000590586
T: -0.873451 Q: 1.43503
T: -0.905119 Q: -0.000384058
T: -0.929753 Q: 1.64639
T: -0.946604 Q: 1.87179
T: -0.955159 Q: 1.84485
T: -0.946604 Q: 1.3253
T: -0.929753 Q: 1.56941
T: -0.905119 Q: -0.000393015
T: -0.873451 Q: -0.00116959
T: -0.83571 Q: -0.000699689
T: -0.793043 Q: 1.11797
T: -0.746746 Q: 1.11671
T: -0.698227 Q: -0.00143789
T: -0.64896 Q: 1.09799
T: -0.60044 Q: -0.00168202
T: -0.554144 Q: -0.00186179
T: -0.511477 Q: -0.00375147
T: -0.473736 Q: 0.880908
T: -0.442067 Q: -0.00467827
T: -0.417434 Q: -0.00754722
T: -0.400583 Q: 0.534327
T: -0.392028 Q: -0.00516917
T: -0.392028 Q: 0.827269
T: -0.400583 Q: 1.25309
T: -0.417434 Q: 1.27544
T: -0.442067 Q: -0.00218448
T: -0.473736 Q: -0.00242753
T: -0.511477 Q: -0.000981671
T: -0.554144 Q: -0.00175037
T: -0.60044 Q: -0.000987445
T: -0.64896 Q: -0.00235565
Sec_Event 6143738 N50: 44
T: 0.0222509 Q: 1.33907
T: -0.0919429 Q: -0.044208
T: -0.200905 Q: -0.0405485
T: -0.301326 Q: -0.0498269
T: -0.390153 Q: -0.0512509
T: -0.464688 Q: -0.0488715
T: -0.522665 Q: -0.049599
T: -0.562324 Q: -0.0502069
T: -0.58246 Q: -0.0425421
T: -0.58246 Q: -0.0442049
T: -0.562324 Q: 0.873402
T: -0.522665 Q: -0.013856
T: -0.464688 Q: -0.0123921
T: -0.390153 Q: -0.00679368
T: -0.301326 Q: -0.00489727
T: -0.200905 Q: 1.16717
T: -0.0919429 Q: -0.0038005
T: 0.0222509 Q: -0.00272039
T: 0.138206 Q: 1.27872
T: 0.2524 Q: -0.00555168
T: 0.361363 Q: 4.12724
T: 0.461783 Q: 1.28731
T: 0.55061 Q: 1.14994
T: 0.625145 Q: 1.98
T: 0.683123 Q: -0.010511
T: 0.722782 Q: 1.08888
T: 0.742917 Q: 1.05465
T: 0.742917 Q: 3.69152
T: 0.722782 Q: -0.0108243
T: 0.683123 Q: 1.15128
T: 0.625145 Q: -0.0224005
T: 0.55061 Q: 1.04228
T: 0.461783 Q: -0.0319656
T: 0.361363 Q: 1.19259
T: 0.2524 Q: 1.19737
T: 0.138206 Q: -0.0501534
Sec_Event 6501278 N50: 38
T: -0.257605 Q: 1.44945
T: -0.368168 Q: -0.034484
T: -0.473667 Q: -0.0444751
T: -0.570895 Q: -0.0477552
T: -0.656898 Q: 1.49129
T: -0.729063 Q: 1.48184
T: -0.785197 Q: 1.49717
T: -0.823596 Q: 1.47166
T: -0.843091 Q: -0.0552496
T: -0.843091 Q: -0.0502954
T: -0.823596 Q: 1.19736
T: -0.785197 Q: 1.27905
T: -0.729063 Q: -0.0269182
T: -0.656898 Q: 1.23538
T: -0.570895 Q: 1.24684
T: -0.473667 Q: -0.0145436
T: -0.368168 Q: -0.00768465
T: -0.257605 Q: 1.4049
T: -0.145336 Q: -0.00747831
T: -0.0347724 Q: 1.08983
T: 0.070726 Q: 1.60928
T: 0.167954 Q: -0.00883946
T: 0.253957 Q: -0.0126813
T: 0.326122 Q: -0.0110404
T: 0.382257 Q: -0.0130837
T: 0.420655 Q: 1.6936
T: 0.44015 Q: 2.35532
T: 0.44015 Q: -0.0198447
T: 0.420655 Q: -0.0191957
T: 0.382257 Q: -0.0195762
T: 0.326122 Q: -0.0375679
T: 0.253957 Q: -0.0327784
T: 0.167954 Q: -0.0301424
T: 0.070726 Q: -0.0373104
T: -0.0347724 Q: 1.47031
T: -0.145336 Q: -0.0336369
Sec_Event 6584724 N50: 27
T: 0.437792 Q: 1.24862
T: 0.350386 Q: -0.00478501
T: 0.266985 Q: -0.00581594
T: 0.190122 Q: 2.34822
T: 0.122132 Q: 1.11758
T: 0.0650826 Q: -0.00603555
T: 0.0207057 Q: -0.00774495
T: -0.00964995 Q: 1.03984
T: -0.0250619 Q: -0.0103476
T: -0.0250619 Q: -0.0142215
T: -0.00964995 Q: -0.0143371
T: 0.0207057 Q: -0.0232227
T: 0.0650826 Q: -0.0242688
T: 0.122132 Q: -0.0269572
T: 0.190122 Q: -0.0275018
T: 0.266985 Q: -0.0309077
T: 0.350386 Q: 1.29056
T: 0.437792 Q: -0.0377837
T: 0.526546 Q: 1.33601
T: 0.613951 Q: -0.0912288
T: 0.697353 Q: -0.0890654
T: 0.774216 Q: -0.0773248
T: 0.842205 Q: 1.28512
T: 0.899255 Q: -0.0533162
T: 0.943632 Q: -0.0489313
T: 0.973988 Q: 1.25534
T: 0.9894 Q: -0.0418418
T: 0.9894 Q: 1.25004
T: 0.973988 Q: -0.0681447
T: 0.943632 Q: -0.052523
T: 0.899255 Q: -0.0318923
T: 0.842205 Q: -0.0123674
T: 0.774216 Q: 0.977141
T: 0.697353 Q: -0.00505904
T: 0.613951 Q: 1.04003
T: 0.526546 Q: 0.963444
Sec_Event 6793719 N50: 34
T: -0.0395368 Q: 1.37703
T: -0.154365 Q: 1.331
T: -0.263934 Q: -0.0554241
T: -0.364912 Q: 1.76853
T: -0.454233 Q: 0.930496
T: -0.529182 Q: -0.0111196
T: -0.587482 Q: -0.00861174
T: -0.627361 Q: -0.00841884
T: -0.647609 Q: -0.00700273
T: -0.647609 Q: 1.00519
T: -0.627361 Q: 1.28347
T: -0.587482 Q: 1.03875
T: -0.529182 Q: -0.0145311
T: -0.454233 Q: -0.0162228
T: -0.364912 Q: 1.13592
T: -0.263934 Q: -0.0127376
T: -0.154365 Q: -0.0154901
T: -0.0395368 Q: -0.0161943
T: 0.0770631 Q: -0.0145807
T: 0.191892 Q: -0.0192886
T: 0.30146 Q: -0.0214764
T: 0.402438 Q: -0.0190708
T: 0.491759 Q: 0.971631
T: 0.566708 Q: -0.03938
T: 0.625008 Q: -0.0668985
T: 0.664888 Q: -0.0770049
T: 0.685135 Q: -0.0809856
T: 0.685135 Q: -0.0739325
T: 0.664888 Q: -0.0816791
T: 0.625008 Q: -0.0864697
T: 0.566708 Q: -0.106286
T: 0.491759 Q: -0.0846405
T: 0.402438 Q: -0.0710853
T: 0.30146 Q: 1.41411
T: 0.191892 Q: 1.67706
T: 0.0770631 Q: -0.0550494
Sec_Event 8284510 N50: 40
T: 0.582784 Q: 2.11219
T: 0.518409 Q: -0.00436012
T: 0.456983 Q: 1.0776
T: 0.400372 Q: -0.00283112
T: 0.350297 Q: 1.34384
T: 0.308279 Q: 1.30458
T: 0.275595 Q: -0.0029388
T: 0.253238 Q: -0.00291677
T: 0.241887 Q: -0.00331258
T: 0.241887 Q: -0.0038281
T: 0.253238 Q: -0.00496963
T: 0.275595 Q: -0.00459547
T: 0.308279 Q: 1.15408
T: 0.350297 Q: -0.015584
T: 0.400372 Q: -0.00966972
T: 0.456983 Q: 1.00192
T: 0.518409 Q: -0.0168531
T: 0.582784 Q: -0.0284263
T: 0.648152 Q: 0.99881
T: 0.712527 Q: -0.03368
T: 0.773954 Q: -0.0337994
T: 0.830564 Q: -0.026455
T: 0.880639 Q: -0.0256375
T: 0.922657 Q: -0.0203517
T: 0.955341 Q: -0.0154934
T: 0.977699 Q: -0.0209888
T: 0.98905 Q: 3.72181
T: 0.98905 Q: -0.0182216
T: 0.977699 Q: -0.0175939
T: 0.955341 Q: 1.36835
T: 0.922657 Q: -0.0239419
T: 0.880639 Q: -0.0175568
T: 0.830564 Q: 2.88862
T: 0.773954 Q: -0.00562852
T: 0.712527 Q: -0.00703089
T: 0.648152 Q: -0.0040323
Sec_Event 8284510 N50: 31
T: -0.270541 Q: -0.00900488
T: -0.380507 Q: 1.17492
T: -0.485436 Q: -0.0181756
T: -0.582139 Q: 2.30284
T: -0.667678 Q: 0.998133
T: -0.739454 Q: -0.0217314
T: -0.795285 Q: 2.04934
T: -0.833476 Q: -0.0193295
T: -0.852866 Q: -0.0172787
T: -0.852866 Q: -0.0127845
T: -0.833476 Q: -0.0126281
T: -0.795285 Q: 0.923553
T: -0.739454 Q: -0.00435556
T: -0.667678 Q: 2.1822
T: -0.582139 Q: -0.00279705
T: -0.485436 Q: -0.00216314
T: -0.380507 Q: -0.00210671
T: -0.270541 Q: -0.00249146
T: -0.158878 Q: -0.00283742
T: -0.0489115 Q: -0.000987932
T: 0.0560174 Q: -0.0025109
T: 0.15272 Q: -0.00141062
T: 0.238259 Q: -0.00230793
T: 0.310035 Q: -0.00201666
T: 0.365866 Q: -0.00363529
T: 0.404057 Q: 1.05638
T: 0.423447 Q: -0.00513458
T: 0.423447 Q: -0.00400281
T: 0.404057 Q: -0.00653429
T: 0.365866 Q: -0.00653055
T: 0.310035 Q: -0.00702816
T: 0.238259 Q: -0.00786903
T: 0.15272 Q: -0.00728955
T: 0.0560174 Q: 2.72873
T: -0.0489115 Q: -0.0107255
T: -0.158878 Q: -0.012764
Sec_Event 8997802 N50: 45
T: -0.00401644 Q: 5.1014
T: -0.118576 Q: -0.0378478
T: -0.227888 Q: 1.21957
T: -0.32863 Q: 0.76159
T: -0.417742 Q: 0.808526
T: -0.492516 Q: 2.68025
T: -0.550679 Q: 0.938661
T: -0.590465 Q: -0.018236
T: -0.610666 Q: -0.0131006
T: -0.610666 Q: -0.0146751
T: -0.590465 Q: -0.0143499
T: -0.550679 Q: -0.019111
T: -0.492516 Q: -0.02821
T: -0.417742 Q: -0.0297338
T: -0.32863 Q: 0.888747
T: -0.227888 Q: -0.0311492
T: -0.118576 Q: 1.11539
T: -0.00401644 Q: -0.030184
T: 0.112311 Q: 1.16276
T: 0.226871 Q: -0.0336652
T: 0.336182 Q: 1.11763
T: 0.436925 Q: -0.0379506
T: 0.526036 Q: -0.0576389
T: 0.60081 Q: -0.0789688
T: 0.658974 Q: -0.0703154
T: 0.69876 Q: 1.28451
T: 0.71896 Q: -0.0694532
T: 0.71896 Q: -0.0679872
T: 0.69876 Q: -0.0712064
T: 0.658974 Q: -0.0706868
T: 0.60081 Q: -0.0713237
T: 0.526036 Q: 1.25857
T: 0.436925 Q: 2.63771
T: 0.336182 Q: 2.35809
T: 0.226871 Q: -0.0373119
T: 0.112311 Q: 1.25723
Sec_Event 9027598 N50: 46
T: -0.411586 Q: 0.987935
T: -0.512023 Q: 1.37002
T: -0.607859 Q: -0.000822506
T: -0.696181 Q: 0.889408
T: -0.774307 Q: -0.00675884
T: -0.839863 Q: 0.860915
T: -0.890856 Q: -0.00354135
T: -0.925737 Q: 0.983235
T: -0.943447 Q: 0.904489
T: -0.943447 Q: -0.00417143
T: -0.925737 Q: -0.00387589
T: -0.890856 Q: 1.0583
T: -0.839863 Q: -0.00543278
T: -0.774307 Q: -0.00594837
T: -0.696181 Q: -0.00808974
T: -0.607859 Q: 0.925541
T: -0.512023 Q: -0.00696758
T: -0.411586 Q: -0.00536045
T: -0.3096 Q: 0.941636
T: -0.209163 Q: -0.00335183
T: -0.113328 Q: -0.00360816
T: -0.025005 Q: -0.00239363
T: 0.053121 Q: -0.00160189
T: 0.118676 Q: -0.00126422
T: 0.16967 Q: 2.11206
T: 0.204551 Q: 1.08794
T: 0.222261 Q: -0.000874388
T: 0.222261 Q: -0.00184249
T: 0.204551 Q: -0.000566754
T: 0.16967 Q: -0.000550691
T: 0.118676 Q: -0.0012811
T: 0.053121 Q: -0.00027736
T: -0.025005 Q: -0.00229251
T: -0.113328 Q: -0.00056128
T: -0.209163 Q: -0.000659211
T: -0.3096 Q: -0.000579037
200000/322382
Sec_Event 9963985 N50: 41
T: 0.635968 Q: -0.00210669
T: 0.583899 Q: -0.00232209
T: 0.534215 Q: 0.936543
T: 0.488426 Q: -0.00168479
T: 0.447923 Q: 1.21074
T: 0.413937 Q: 1.99551
T: 0.387501 Q: 2.64423
T: 0.369417 Q: -0.00119394
T: 0.360236 Q: -0.00105135
T: 0.360236 Q: -0.00144953
T: 0.369417 Q: -0.000472968
T: 0.387501 Q: -0.00136239
T: 0.413937 Q: 1.22644
T: 0.447923 Q: -0.0026741
T: 0.488426 Q: -0.00326256
T: 0.534215 Q: -0.00302603
T: 0.583899 Q: -0.0037684
T: 0.635968 Q: -0.00367695
T: 0.688841 Q: 2.13489
T: 0.74091 Q: -0.00373454
T: 0.790595 Q: -0.00212205
T: 0.836384 Q: -0.00161439
T: 0.876886 Q: 1.95336
T: 0.910872 Q: 1.32503
T: 0.937309 Q: -0.000947242
T: 0.955392 Q: 1.06938
T: 0.964573 Q: -0.00133412
T: 0.964573 Q: -0.00179997
T: 0.955392 Q: -0.00125067
T: 0.937309 Q: -0.00137828
T: 0.910872 Q: -0.00071954
T: 0.876886 Q: 2.14824
T: 0.836384 Q: -0.00175028
T: 0.790595 Q: -0.00201375
T: 0.74091 Q: 0.923123
T: 0.688841 Q: -0.00293205
Sec_Event 10027129 N50: 43
T: -0.146247 Q: -0.0100298
T: -0.260297 Q: -0.00889097
T: -0.369123 Q: -0.0196005
T: -0.469418 Q: 1.15784
T: -0.558133 Q: -0.0155023
T: -0.632575 Q: -0.0136718
T: -0.69048 Q: -0.0196044
T: -0.730089 Q: -0.0145749
T: -0.750199 Q: 1.20994
T: -0.750199 Q: -0.0108029
T: -0.730089 Q: 2.19487
T: -0.69048 Q: -0.00711944
T: -0.632575 Q: -0.00303259
T: -0.558133 Q: -0.0036045
T: -0.469418 Q: -0.00145643
T: -0.369123 Q: -0.00349925
T: -0.260297 Q: 1.41373
T: -0.146247 Q: -0.00166868
T: -0.0304367 Q: 1.1263
T: 0.083614 Q: -0.00158294
T: 0.19244 Q: -0.00121414
T: 0.292734 Q: -0.00234824
T: 0.38145 Q: -0.00207365
T: 0.455891 Q: -0.00284314
T: 0.513796 Q: 1.11293
T: 0.553406 Q: -0.00415979
T: 0.573516 Q: -0.00389558
T: 0.573516 Q: -0.00706892
T: 0.553406 Q: 1.08272
T: 0.513796 Q: 1.10105
T: 0.455891 Q: -0.0186417
T: 0.38145 Q: -0.00863345
T: 0.292734 Q: -0.00871801
T: 0.19244 Q: -0.0128045
T: 0.083614 Q: -0.0099414
T: -0.0304367 Q: 1.4245
Sec_Event 10027129 N50: 44
T: -0.529735 Q: -0.0149401
T: -0.616687 Q: -0.00941295
T: -0.699656 Q: -0.01397
T: -0.77612 Q: 0.915604
T: -0.843757 Q: 0.849203
T: -0.900511 Q: -0.0188655
T: -0.944658 Q: -0.0143412
T: -0.974856 Q: -0.020239
T: -0.990188 Q: 1.27683
T: -0.990188 Q: -0.0165991
T: -0.974856 Q: -0.0139305
T: -0.944658 Q: 2.62188
T: -0.900511 Q: -0.0179075
T: -0.843757 Q: 0.886846
T: -0.77612 Q: -0.0163313
T: -0.699656 Q: 0.96729
T: -0.616687 Q: 0.921022
T: -0.529735 Q: -0.00622255
T: -0.441441 Q: -0.00543936
T: -0.354489 Q: -0.00345727
T: -0.271521 Q: -0.0024977
T: -0.195056 Q: -0.00470773
T: -0.12742 Q: -0.00162382
T: -0.0706656 Q: -0.00171307
T: -0.0265189 Q: -0.00223013
T: 0.00367926 Q: 1.03915
T: 0.0190113 Q: -0.00231912
T: 0.0190113 Q: 1.25979
T: 0.00367926 Q: -0.00199851
T: -0.0265189 Q: 2.46786
T: -0.0706656 Q: 1.32477
T: -0.12742 Q: 2.26238
T: -0.195056 Q: -0.0031357
T: -0.271521 Q: -0.00360777
T: -0.354489 Q: 1.02637
T: -0.441441 Q: 2.32067
Sec_Event 10027129 N50: 40
T: -0.501054 Q: -0.0424168
T: -0.59188 Q: -0.0372635
T: -0.678545 Q: -0.0343429
T: -0.758416 Q: 1.30682
T: -0.829066 Q: 1.27953
T: -0.888348 Q: -0.0176382
T: -0.934461 Q: -0.0118227
T: -0.966005 Q: 1.28785
T: -0.98202 Q: -0.011669
T: -0.98202 Q: 1.2944
T: -0.966005 Q: 1.29326
T: -0.934461 Q: 1.22906
T: -0.888348 Q: -0.0139617
T: -0.829066 Q: -0.0173149
T: -0.758416 Q: 1.20729
T: -0.678545 Q: 2.65334
T: -0.59188 Q: -0.0227535
T: -0.501054 Q: 2.55339
T: -0.408828 Q: 1.35245
T: -0.318002 Q: -0.0281655
T: -0.231337 Q: -0.0297633
T: -0.151466 Q: -0.0229279
T: -0.0808165 Q: 1.30889
T: -0.0215342 Q: -0.0318151
T: 0.0245792 Q: -0.0295509
T: 0.0561226 Q: -0.0304293
T: 0.0721376 Q: 1.33338
T: 0.0721376 Q: -0.0378261
T: 0.0561226 Q: -0.0400139
T: 0.0245792 Q: -0.0420127
T: -0.0215342 Q: -0.0384029
T: -0.0808165 Q: -0.0421988
T: -0.151466 Q: 1.29941
T: -0.231337 Q: -0.0380551
T: -0.318002 Q: -0.0369372
T: -0.408828 Q: -0.0370134
Sec_Event 10027129 N50: 36
T: -0.0879614 Q: -0.0120803
T: -0.202735 Q: 1.15855
T: -0.31225 Q: -0.0160567
T: -0.413181 Q: -0.0133495
T: -0.502458 Q: -0.029767
T: -0.577371 Q: 2.1195
T: -0.635643 Q: -0.0298951
T: -0.675504 Q: -0.0357514
T: -0.695742 Q: -0.0348852
T: -0.695742 Q: -0.0403163
T: -0.675504 Q: 4.07768
T: -0.635643 Q: -0.0379014
T: -0.577371 Q: -0.0465144
T: -0.502458 Q: 1.42975
T: -0.413181 Q: -0.0486352
T: -0.31225 Q: -0.0490784
T: -0.202735 Q: -0.0492347
T: -0.0879614 Q: -0.0355204
T: 0.0285827 Q: 1.28828
T: 0.143356 Q: -0.0503578
T: 0.252872 Q: 1.383
T: 0.353802 Q: -0.0491496
T: 0.44308 Q: -0.0551553
T: 0.517993 Q: 2.91973
T: 0.576265 Q: -0.0579883
T: 0.616125 Q: 2.52063
T: 0.636363 Q: 1.3881
T: 0.636363 Q: -0.0358077
T: 0.616125 Q: -0.046374
T: 0.576265 Q: -0.0420782
T: 0.517993 Q: 1.35706
T: 0.44308 Q: 3.76074
T: 0.353802 Q: -0.0221623
T: 0.252872 Q: -0.01363
T: 0.143356 Q: 1.46056
T: 0.0285827 Q: -0.0111901
Sec_Event 10061601 N50: 30
T: 0.479876 Q: 1.23483
T: 0.398033 Q: -0.0181188
T: 0.319938 Q: 1.23132
T: 0.247966 Q: 1.16402
T: 0.184303 Q: 1.16683
T: 0.130884 Q: -0.0130616
T: 0.0893306 Q: -0.0121886
T: 0.0609066 Q: -0.0169611
T: 0.0464754 Q: -0.0154583
T: 0.0464754 Q: 1.17156
T: 0.0609066 Q: -0.0235034
T: 0.0893306 Q: 1.2814
T: 0.130884 Q: -0.020018
T: 0.184303 Q: -0.027807
T: 0.247966 Q: 1.15921
T: 0.319938 Q: -0.0299464
T: 0.398033 Q: -0.0416236
T: 0.479876 Q: 1.33782
T: 0.562983 Q: -0.0494544
T: 0.644826 Q: -0.0445025
T: 0.722921 Q: -0.0479466
T: 0.794893 Q: -0.043224
T: 0.858556 Q: -0.0362359
T: 0.911975 Q: 1.45614
T: 0.953528 Q: 1.45502
T: 0.981952 Q: -0.0220248
T: 0.996384 Q: -0.0247051
T: 0.996384 Q: -0.0232875
T: 0.981952 Q: 1.22526
T: 0.953528 Q: -0.0297673
T: 0.911975 Q: 1.31771
T: 0.858556 Q: -0.0378937
T: 0.794893 Q: -0.0257799
T: 0.722921 Q: -0.0245591
T: 0.644826 Q: -0.0167148
T: 0.562983 Q: -0.0177693
Sec_Event 10061601 N50: 39
T: 0.547526 Q: -0.00910976
T: 0.476419 Q: -0.00935887
T: 0.408569 Q: 1.18093
T: 0.346038 Q: 1.26089
T: 0.290726 Q: 1.44395
T: 0.244314 Q: 1.27849
T: 0.208211 Q: -0.0116103
T: 0.183516 Q: -0.0145261
T: 0.170978 Q: 1.17135
T: 0.170978 Q: 2.51236
T: 0.183516 Q: -0.0218405
T: 0.208211 Q: 1.27655
T: 0.244314 Q: -0.0358559
T: 0.290726 Q: -0.0299211
T: 0.346038 Q: 1.25117
T: 0.408569 Q: -0.03798
T: 0.476419 Q: -0.0483225
T: 0.547526 Q: -0.0486963
T: 0.619731 Q: 1.21683
T: 0.690838 Q: 1.16566
T: 0.758688 Q: 1.14753
T: 0.821219 Q: 1.1422
T: 0.876531 Q: -0.0333344
T: 0.922943 Q: -0.0255689
T: 0.959046 Q: 2.83418
T: 0.983741 Q: 3.20192
T: 0.996279 Q: 1.46192
T: 0.996279 Q: -0.0245782
T: 0.983741 Q: -0.0231024
T: 0.959046 Q: -0.0302013
T: 0.922943 Q: -0.0432914
T: 0.876531 Q: -0.0246271
T: 0.821219 Q: -0.0262503
T: 0.758688 Q: 2.41237
T: 0.690838 Q: 2.03506
T: 0.619731 Q: 3.42362
Sec_Event 10229215 N50: 33
T: -0.74133 Q: -0.00376396
T: -0.76226 Q: -0.00376229
T: -0.782232 Q: 0.934539
T: -0.800637 Q: 1.2583
T: -0.816918 Q: -0.00606092
T: -0.830579 Q: -0.0143844
T: -0.841206 Q: -0.00888183
T: -0.848475 Q: -0.0118681
T: -0.852166 Q: 1.01199
T: -0.852166 Q: 0.811989
T: -0.848475 Q: 1.60273
T: -0.841206 Q: -0.0252112
T: -0.830579 Q: -0.0340911
T: -0.816918 Q: -0.0371429
T: -0.800637 Q: -0.0354079
T: -0.782232 Q: -0.0363752
T: -0.76226 Q: -0.0422676
T: -0.74133 Q: -0.0471263
T: -0.720077 Q: -0.0451337
T: -0.699147 Q: 1.20843
T: -0.679175 Q: -0.0477142
T: -0.66077 Q: 2.43379
T: -0.644489 Q: 1.24896
T: -0.630828 Q: 1.13495
T: -0.620201 Q: 1.14787
T: -0.612932 Q: 1.00034
T: -0.609242 Q: -0.0333263
T: -0.609242 Q: -0.0221
T: -0.612932 Q: -0.0213309
T: -0.620201 Q: 1.0519
T: -0.630828 Q: -0.0129623
T: -0.644489 Q: -0.0076458
T: -0.66077 Q: -0.00580048
T: -0.679175 Q: -0.00650972
T: -0.699147 Q: 0.904797
T: -0.720077 Q: -0.00494821
Sec_Event 10256957 N50: 30
T: -0.742194 Q: -0.0187013
T: -0.7618 Q: -0.0232627
T: -0.780507 Q: -0.0238841
T: -0.797749 Q: -0.0252867
T: -0.812999 Q: -0.0250421
T: -0.825796 Q: -0.0210219
T: -0.83575 Q: -0.024832
T: -0.842559 Q: -0.0210713
T: -0.846017 Q: -0.0231286
T: -0.846017 Q: 1.15829
T: -0.842559 Q: -0.0261198
T: -0.83575 Q: -0.0327606
T: -0.825796 Q: 1.2167
T: -0.812999 Q: -0.0265776
T: -0.797749 Q: -0.0244629
T: -0.780507 Q: -0.0252953
T: -0.7618 Q: -0.0268329
T: -0.742194 Q: 1.09633
T: -0.722285 Q: -0.0346658
T: -0.702679 Q: 1.27869
T: -0.683971 Q: -0.0281817
T: -0.66673 Q: -0.0213351
T: -0.65148 Q: 1.08954
T: -0.638683 Q: -0.0256879
T: -0.628728 Q: -0.0211196
T: -0.621919 Q: -0.0180234
T: -0.618462 Q: 1.11854
T: -0.618462 Q: -0.0224407
T: -0.621919 Q: 2.31586
T: -0.628728 Q: 1.21026
T: -0.638683 Q: -0.0171299
T: -0.65148 Q: 2.16647
T: -0.66673 Q: -0.0151045
T: -0.683971 Q: -0.0186555
T: -0.702679 Q: -0.0181217
T: -0.722285 Q: -0.0180355
Sec_Event 10425854 N50: 27
T: 0.098062 Q: -0.0112568
T: -0.0142737 Q: 1.12943
T: -0.121463 Q: -0.0117113
T: -0.22025 Q: -0.00728518
T: -0.307631 Q: -0.0061067
T: -0.380953 Q: -0.00389175
T: -0.437988 Q: -0.00367982
T: -0.477001 Q: -0.00178733
T: -0.496809 Q: -0.00218288
T: -0.496809 Q: -0.0025038
T: -0.477001 Q: -0.00258448
T: -0.437988 Q: 1.88612
T: -0.380953 Q: -0.00387405
T: -0.307631 Q: 1.13971
T: -0.22025 Q: 1.87691
T: -0.121463 Q: 2.00716
T: -0.0142737 Q: -0.00335224
T: 0.098062 Q: -0.00397633
T: 0.212131 Q: -0.00574229
T: 0.324466 Q: 1.17892
T: 0.431656 Q: -0.00840845
T: 0.530442 Q: -0.00837046
T: 0.617824 Q: -0.00965438
T: 0.691146 Q: -0.0107545
T: 0.74818 Q: -0.0182068
T: 0.787194 Q: -0.0278281
T: 0.807002 Q: -0.0388976
T: 0.807002 Q: -0.0403144
T: 0.787194 Q: 1.0431
T: 0.74818 Q: -0.0430456
T: 0.691146 Q: -0.0296868
T: 0.617824 Q: -0.0232757
T: 0.530442 Q: -0.0210088
T: 0.431656 Q: -0.0155998
T: 0.324466 Q: -0.0157877
T: 0.212131 Q: -0.0131924
Sec_Event 10762079 N50: 28
T: -0.130241 Q: -0.00354977
T: -0.244563 Q: -0.00493693
T: -0.353648 Q: -0.0079395
T: -0.454181 Q: -0.00637982
T: -0.543107 Q: -0.00549565
T: -0.617725 Q: 2.00659
T: -0.675768 Q: -0.00202032
T: -0.715472 Q: -0.00298175
T: -0.73563 Q: -0.00351091
T: -0.73563 Q: -0.00240218
T: -0.715472 Q: -0.00236956
T: -0.675768 Q: -0.00451015
T: -0.617725 Q: 1.99086
T: -0.543107 Q: -0.00444395
T: -0.454181 Q: -0.00751084
T: -0.353648 Q: -0.00977304
T: -0.244563 Q: -0.0114125
T: -0.130241 Q: -0.0103186
T: -0.0141559 Q: 1.1574
T: 0.100166 Q: 1.13715
T: 0.209251 Q: -0.00908443
T: 0.309783 Q: -0.015677
T: 0.39871 Q: -0.0108915
T: 0.473328 Q: -0.0106854
T: 0.531371 Q: -0.0142047
T: 0.571074 Q: -0.0121106
T: 0.591232 Q: 1.07215
T: 0.591232 Q: -0.00837833
T: 0.571074 Q: -0.0140154
T: 0.531371 Q: -0.00945186
T: 0.473328 Q: -0.00959905
T: 0.39871 Q: 2.34552
T: 0.309783 Q: -0.00604526
T: 0.209251 Q: -0.00681661
T: 0.100166 Q: 1.15553
T: -0.0141559 Q: -0.004145
Sec_Event 10762079 N50: 29
T: 0.555984 Q: 1.34811
T: 0.486409 Q: -0.0322359
T: 0.420021 Q: -0.0308854
T: 0.358838 Q: 1.09269
T: 0.304718 Q: 1.14183
T: 0.259306 Q: -0.0365777
T: 0.223982 Q: -0.0291477
T: 0.199818 Q: -0.0390807
T: 0.18755 Q: -0.0401083
T: 0.18755 Q: 1.23553
T: 0.199818 Q: 1.41395
T: 0.223982 Q: -0.0292009
T: 0.259306 Q: 1.09837
T: 0.304718 Q: -0.0270791
T: 0.358838 Q: -0.0414502
T: 0.420021 Q: -0.0320612
T: 0.486409 Q: -0.031678
T: 0.555984 Q: -0.0402033
T: 0.626633 Q: -0.035716
T: 0.696208 Q: -0.0495785
T: 0.762596 Q: -0.0522532
T: 0.823779 Q: -0.0591414
T: 0.877899 Q: -0.0690117
T: 0.923311 Q: -0.05573
T: 0.958635 Q: 0.865956
T: 0.982799 Q: -0.0614593
T: 0.995067 Q: 1.27608
T: 0.995067 Q: -0.049105
T: 0.982799 Q: -0.0592796
T: 0.958635 Q: -0.0570529
T: 0.923311 Q: -0.0595007
T: 0.877899 Q: 1.15793
T: 0.823779 Q: -0.0637255
T: 0.762596 Q: 1.04021
T: 0.696208 Q: 1.05403
T: 0.626633 Q: 2.36922
Sec_Event 11167197 N50: 34
T: -0.133427 Q: -0.00843564
T: -0.247699 Q: -0.0115554
T: -0.356737 Q: -0.014789
T: -0.457226 Q: -0.0118124
T: -0.546114 Q: 1.06226
T: -0.6207 Q: -0.0131597
T: -0.678717 Q: 1.0081
T: -0.718404 Q: 1.24896
T: -0.738553 Q: 1.20659
T: -0.738553 Q: -0.0110874
T: -0.718404 Q: 1.27041
T: -0.678717 Q: -0.0139995
T: -0.6207 Q: -0.0102493
T: -0.546114 Q: -0.00962132
T: -0.457226 Q: -0.0118457
T: -0.356737 Q: 2.75239
T: -0.247699 Q: -0.00652183
T: -0.133427 Q: 2.47512
T: -0.0173919 Q: -0.00519123
T: 0.0968804 Q: -0.0101581
T: 0.205918 Q: -0.0130885
T: 0.306407 Q: -0.00673985
T: 0.395295 Q: 1.1923
T: 0.469881 Q: 1.08751
T: 0.527899 Q: 1.3889
T: 0.567585 Q: 1.26535
T: 0.587734 Q: -0.018165
T: 0.587734 Q: 2.23627
T: 0.567585 Q: -0.0171939
T: 0.527899 Q: -0.0189175
T: 0.469881 Q: -0.0182854
T: 0.395295 Q: -0.0139976
T: 0.306407 Q: -0.0114149
T: 0.205918 Q: 1.23595
T: 0.0968804 Q: 1.39808
T: -0.0173919 Q: -0.0120892
Sec_Event 11496335 N50: 35
T: 0.615762 Q: 0.877002
T: 0.558646 Q: 1.08103
T: 0.504147 Q: 0.986805
T: 0.45392 Q: -0.0157952
T: 0.409491 Q: 2.23383
T: 0.372212 Q: 0.797254
T: 0.343213 Q: -0.0186466
T: 0.323377 Q: -0.0167547
T: 0.313306 Q: -0.0132536
T: 0.313306 Q: 0.691245
T: 0.323377 Q: -0.0139839
T: 0.343213 Q: -0.012621
T: 0.372212 Q: -0.0120877
T: 0.409491 Q: -0.00981556
T: 0.45392 Q: 2.23991
T: 0.504147 Q: -0.0118826
T: 0.558646 Q: -0.0124796
T: 0.615762 Q: -0.0044365
T: 0.673759 Q: -0.00409714
T: 0.730875 Q: -0.00330856
T: 0.785375 Q: -0.00274304
T: 0.835601 Q: -0.00131642
T: 0.88003 Q: 2.43154
T: 0.91731 Q: 1.15715
T: 0.946308 Q: -0.00125387
T: 0.966144 Q: 1.09933
T: 0.976215 Q: -0.00170214
T: 0.976215 Q: -0.00106823
T: 0.966144 Q: 1.02455
T: 0.946308 Q: -0.00163284
T: 0.91731 Q: 1.27751
T: 0.88003 Q: 1.03254
T: 0.835601 Q: -0.00181282
T: 0.785375 Q: 0.993264
T: 0.730875 Q: 2.43576
T: 0.673759 Q: -0.00464125
Sec_Event 11521029 N50: 30
T: -0.371248 Q: 1.26858
T: -0.475024 Q: -0.0139316
T: -0.574047 Q: -0.0193475
T: -0.665306 Q: -0.0114694
T: -0.74603 Q: 1.42243
T: -0.813766 Q: -0.00997729
T: -0.866454 Q: -0.00564263
T: -0.902496 Q: -0.00556371
T: -0.920794 Q: -0.00648355
T: -0.920794 Q: -0.00545595
T: -0.902496 Q: 1.23334
T: -0.866454 Q: -0.0053126
T: -0.813766 Q: -0.00606886
T: -0.74603 Q: -0.00748572
T: -0.665306 Q: 2.29789
T: -0.574047 Q: -0.00793682
T: -0.475024 Q: -0.00580448
T: -0.371248 Q: -0.00726561
T: -0.26587 Q: -0.00323113
T: -0.162094 Q: -0.00614191
T: -0.0630713 Q: -0.00401678
T: 0.0281883 Q: -0.00586699
T: 0.108912 Q: -0.00374935
T: 0.176647 Q: -0.00489617
T: 0.229336 Q: 1.34108
T: 0.265377 Q: -0.00624747
T: 0.283676 Q: -0.0066287
T: 0.283676 Q: -0.00912449
T: 0.265377 Q: -0.00895129
T: 0.229336 Q: 1.29839
T: 0.176647 Q: 1.70539
T: 0.108912 Q: -0.00799766
T: 0.0281883 Q: -0.0124338
T: -0.0630713 Q: 1.50892
T: -0.162094 Q: 1.23535
T: -0.26587 Q: -0.0126162
Sec_Event 12374964 N50: 25
T: -0.67428 Q: -0.00897459
T: -0.731233 Q: -0.00611428
T: -0.785576 Q: 1.1393
T: -0.83566 Q: -0.00460961
T: -0.879962 Q: 1.25469
T: -0.917135 Q: -0.00357764
T: -0.946051 Q: -0.0026796
T: -0.96583 Q: -0.00208209
T: -0.975873 Q: -0.00193977
T: -0.975873 Q: -0.00278269
T: -0.96583 Q: 1.16167
T: -0.946051 Q: -0.00211403
T: -0.917135 Q: -0.00337777
T: -0.879962 Q: -0.00388883
T: -0.83566 Q: 2.67235
T: -0.785576 Q: -0.00519546
T: -0.731233 Q: -0.00668786
T: -0.67428 Q: -0.00822307
T: -0.616448 Q: -0.00985316
T: -0.559495 Q: -0.0164964
T: -0.505151 Q: -0.0219174
T: -0.455067 Q: -0.027471
T: -0.410766 Q: -0.0230618
T: -0.373592 Q: -0.0198372
T: -0.344677 Q: -0.0186347
T: -0.324897 Q: -0.0180322
T: -0.314855 Q: -0.0212914
T: -0.314855 Q: -0.0193524
T: -0.324897 Q: 1.16265
T: -0.344677 Q: -0.0162813
T: -0.373592 Q: -0.0144537
T: -0.410766 Q: 1.23051
T: -0.455067 Q: -0.0182204
T: -0.505151 Q: 0.995513
T: -0.559495 Q: -0.0128071
T: -0.616448 Q: -0.00915495
Sec_Event 12374964 N50: 32
T: 0.617265 Q: -0.057216
T: 0.560506 Q: 1.28876
T: 0.506348 Q: -0.0312236
T: 0.456436 Q: 1.24279
T: 0.412286 Q: -0.029758
T: 0.37524 Q: 1.36787
T: 0.346423 Q: -0.0213685
T: 0.326711 Q: -0.019448
T: 0.316703 Q: -0.022073
T: 0.316703 Q: -0.0155527
T: 0.326711 Q: 1.22364
T: 0.346423 Q: -0.0177273
T: 0.37524 Q: -0.0172243
T: 0.412286 Q: 2.64274
T: 0.456436 Q: -0.0119012
T: 0.506348 Q: -0.0133472
T: 0.560506 Q: -0.0142151
T: 0.617265 Q: -0.0159504
T: 0.674898 Q: 1.26503
T: 0.731657 Q: -0.021047
T: 0.785815 Q: 1.15936
T: 0.835727 Q: -0.0434052
T: 0.879877 Q: 1.29017
T: 0.916924 Q: 0.946173
T: 0.94574 Q: -0.0687177
T: 0.965452 Q: -0.0670481
T: 0.97546 Q: -0.0629135
T: 0.97546 Q: -0.0515801
T: 0.965452 Q: -0.0599585
T: 0.94574 Q: -0.0673762
T: 0.916924 Q: -0.0628892
T: 0.879877 Q: 1.23084
T: 0.835727 Q: 1.30952
T: 0.785815 Q: -0.0796157
T: 0.731657 Q: -0.0709061
T: 0.674898 Q: -0.0736037
Sec_Event 12374964 N50: 28
T: -0.107128 Q: -0.0214889
T: -0.221744 Q: -0.0289748
T: -0.331109 Q: 0.908308
T: -0.431901 Q: -0.00630446
T: -0.521056 Q: -0.00431245
T: -0.595866 Q: 0.986043
T: -0.654058 Q: -0.00171642
T: -0.693864 Q: -0.0015305
T: -0.714074 Q: 1.02554
T: -0.714074 Q: -0.00207308
T: -0.693864 Q: -0.00177186
T: -0.654058 Q: -0.00207487
T: -0.595866 Q: -0.00237145
T: -0.521056 Q: -0.00378973
T: -0.431901 Q: 0.841482
T: -0.331109 Q: -0.0126682
T: -0.221744 Q: -0.0165325
T: -0.107128 Q: -0.0140383
T: 0.00925594 Q: -0.0175776
T: 0.123872 Q: 1.31529
T: 0.233237 Q: -0.0141751
T: 0.334028 Q: 1.18776
T: 0.423184 Q: -0.0272214
T: 0.497994 Q: -0.0213531
T: 0.556186 Q: -0.0285544
T: 0.595992 Q: 1.07438
T: 0.616202 Q: -0.0503884
T: 0.616202 Q: 1.08043
T: 0.595992 Q: 1.53538
T: 0.556186 Q: 1.22684
T: 0.497994 Q: -0.0379557
T: 0.423184 Q: -0.030529
T: 0.334028 Q: -0.0245917
T: 0.233237 Q: 1.17529
T: 0.123872 Q: -0.0249249
T: 0.00925594 Q: -0.0209326
Sec_Event 12572438 N50: 35
T: -0.273278 Q: -0.00106598
T: -0.383113 Q: -0.000485661
T: -0.487916 Q: -0.000638536
T: -0.584503 Q: -0.00145701
T: -0.669939 Q: -0.00151698
T: -0.741629 Q: 1.07491
T: -0.797394 Q: -0.0042353
T: -0.835539 Q: -0.00622123
T: -0.854906 Q: -0.00273696
T: -0.854906 Q: -0.00509586
T: -0.835539 Q: -0.0028595
T: -0.797394 Q: -0.00629028
T: -0.741629 Q: 3.86769
T: -0.669939 Q: -0.00929139
T: -0.584503 Q: -0.0127706
T: -0.487916 Q: 2.45543
T: -0.383113 Q: 1.18382
T: -0.273278 Q: -0.0262153
T: -0.161749 Q: -0.0227627
T: -0.051914 Q: 1.22069
T: 0.0528892 Q: -0.0183254
T: 0.149476 Q: 1.18378
T: 0.234913 Q: -0.018019
T: 0.306602 Q: -0.0114043
T: 0.362367 Q: -0.0149576
T: 0.400512 Q: -0.0101054
T: 0.419879 Q: 1.08765
T: 0.419879 Q: -0.00625224
T: 0.400512 Q: 1.06692
T: 0.362367 Q: -0.00327379
T: 0.306602 Q: -0.00855862
T: 0.234913 Q: -0.00102915
T: 0.149476 Q: 1.3581
T: 0.0528892 Q: -0.000774034
T: -0.051914 Q: -0.00548458
T: -0.161749 Q: -0.000828024
Sec_Event 13590216 N50: 37
T: -0.431426 Q: -0.0240797
T: -0.530012 Q: 1.31103
T: -0.624082 Q: -0.0312471
T: -0.710777 Q: 1.1781
T: -0.787463 Q: 1.30947
T: -0.851811 Q: -0.0185135
T: -0.901864 Q: -0.0184495
T: -0.936103 Q: -0.0159827
T: -0.953486 Q: 2.77443
T: -0.953486 Q: -0.0181378
T: -0.936103 Q: 2.58838
T: -0.901864 Q: 2.52391
T: -0.851811 Q: -0.0226697
T: -0.787463 Q: 1.127
T: -0.710777 Q: 1.18558
T: -0.624082 Q: -0.0184908
T: -0.530012 Q: 1.3745
T: -0.431426 Q: 2.70597
T: -0.331319 Q: 2.56396
T: -0.232733 Q: -0.00927546
T: -0.138663 Q: 1.1464
T: -0.0519676 Q: -0.0105901
T: 0.0247188 Q: -0.0107049
T: 0.0890663 Q: -0.0113039
T: 0.13912 Q: -0.0162984
T: 0.173358 Q: 2.65157
T: 0.190742 Q: -0.0166734
T: 0.190742 Q: -0.0206669
T: 0.173358 Q: 1.52482
T: 0.13912 Q: -0.0202541
T: 0.0890663 Q: -0.0157122
T: 0.0247188 Q: 2.47897
T: -0.0519676 Q: 1.24159
T: -0.138663 Q: -0.0211519
T: -0.232733 Q: 1.26421
T: -0.331319 Q: 1.22974
300000/322382
Sec_Event 14324197 N50: 40
T: -0.313875 Q: -0.0180899
T: -0.421525 Q: 2.02094
T: -0.524244 Q: 1.11405
T: -0.618911 Q: -0.00603681
T: -0.702648 Q: -0.00463109
T: -0.772912 Q: -0.00392032
T: -0.827568 Q: 1.09916
T: -0.864955 Q: -0.00284867
T: -0.883937 Q: -0.00224637
T: -0.883937 Q: -0.0037508
T: -0.864955 Q: 2.33063
T: -0.827568 Q: -0.00280566
T: -0.772912 Q: 2.58295
T: -0.702648 Q: 2.33448
T: -0.618911 Q: 1.17878
T: -0.524244 Q: 1.16075
T: -0.421525 Q: -0.0193195
T: -0.313875 Q: -0.0167068
T: -0.204563 Q: -0.0148661
T: -0.0969124 Q: -0.0138517
T: 0.00580675 Q: 1.18737
T: 0.100473 Q: 1.28166
T: 0.184211 Q: 2.80831
T: 0.254475 Q: 1.32065
T: 0.30913 Q: -0.0221245
T: 0.346517 Q: 2.94747
T: 0.365499 Q: -0.0214414
T: 0.365499 Q: 1.50015
T: 0.346517 Q: -0.0216291
T: 0.30913 Q: -0.0185392
T: 0.254475 Q: 1.27694
T: 0.184211 Q: -0.0162805
T: 0.100473 Q: -0.01505
T: 0.00580675 Q: -0.0156145
T: -0.0969124 Q: -0.0152937
T: -0.204563 Q: -0.0143472
Sec_Event 14407484 N50: 27
Sec_Event 14508200 N50: 29
T: 0.098929 Q: -0.021068
T: -0.0133786 Q: -0.0178874
T: -0.120541 Q: -0.0172513
T: -0.219303 Q: -0.0176223
T: -0.306663 Q: -0.0159875
T: -0.379966 Q: -0.0148201
T: -0.436986 Q: -0.0160158
T: -0.47599 Q: 1.29646
T: -0.495793 Q: -0.0156496
T: -0.495793 Q: -0.0150709
T: -0.47599 Q: -0.011638
T: -0.436986 Q: -0.00910513
T: -0.379966 Q: -0.0072877
T: -0.306663 Q: -0.00887797
T: -0.219303 Q: -0.00730067
T: -0.120541 Q: -0.00953138
T: -0.0133786 Q: -0.00455002
T: 0.098929 Q: -0.00506542
T: 0.212969 Q: -0.00988586
T: 0.325277 Q: -0.00505221
T: 0.432439 Q: -0.0315558
T: 0.531201 Q: -0.00976974
T: 0.61856 Q: -0.0102314
T: 0.691864 Q: -0.0150294
T: 0.748884 Q: -0.0148868
T: 0.787888 Q: -0.014698
T: 0.807691 Q: -0.0121092
T: 0.807691 Q: -0.0125047
T: 0.787888 Q: 3.27158
T: 0.748884 Q: -0.0170472
T: 0.691864 Q: -0.0189272
T: 0.61856 Q: -0.0240452
T: 0.531201 Q: -0.0260046
T: 0.432439 Q: 1.10677
T: 0.325277 Q: -0.0172152
T: 0.212969 Q: 1.51023
Sec_Event 15079746 N50: 30

gestpm: TOTAL NUMBER PMT: WALL; TOP; BOTTOM; ALL  7650  1748  1748 11146
 *****************************
 * This is for SK-VI map      *
 *****************************
 findconsts: connection table file: /home/licheng/local/skofl/const//connection.super.dat
gexyz: PMT # FOR EACH SECTION       1  7650  7651  9398  9399 11146
gexyz: maxpm,nlwal     11146      7650
 findconsts: connection table1 file: /home/licheng/local/skofl/const//connection.super.dat
 findconsts: connection table2 file: /home/licheng/local/skofl/const//connection.super.sk-5.dat
 findfile: checking /home/licheng/local/skofl/const//misch3.dat
 findfile: found /home/licheng/local/skofl/const//misch3.dat
 findconsts: mis channel file: /home/licheng/local/skofl/const//misch3.dat
 findfile: checking /home/licheng/local/skofl/const//skpmt_sk5.dat
 findfile: found /home/licheng/local/skofl/const//skpmt_sk5.dat
 findconsts: pmt file: /home/licheng/local/skofl/const//skpmt_sk5.dat
gestpma: TOTAL NUMBER anti PMT: WALL; TOP; BOTTOM; ALL  1275   302   308  1885
gexyza: anti PMT # FOR EACH SECTION       1  1275  1276  1577  1578  1885
 maxpma,nlwala      1885      1275
 skbadch: log_level =            0
 findconsts: badch.090455 file: /home/licheng/local/skofl/const//badch/badch.090455
 findconsts: bad channel file: /home/licheng/local/skofl/const//badch.dat
 findconsts: badch.090455 file: /home/licheng/local/skofl/const//badch/badch.090455
 skdark: log_level =            0
 findconsts: darkr.090455.root file: /home/licheng/local/skofl/const//darkr/darkr.090455.root
 findconsts: badsub SK-I 1 file: /home/licheng/local/skofl/const//lowe/badsub.sk.r1742-3051.r3208-3608
 nbad 1 =         1851
 findconsts: badsub SK-I 2 file: /home/licheng/local/skofl/const//lowe/badsub.sk.realtim
 nbad 2 =        17511
 findconsts: badsub SK-I 3 file: /home/licheng/local/skofl/const//lowe/badsub.sk.manual.1260day
 nbad 3 =        21939
 findconsts: badsub SK-I 4 file: /home/licheng/local/skofl/const//lowe/badsub.sk.sle.1260day
 nbad 4 =        28004
 findconsts: badsub SK-I 5 file: /home/licheng/local/skofl/const//lowe/badsub.sk.manual
 nbad 5 =        28105
 findconsts: badsub SK-I 6 file: /home/licheng/local/skofl/const//lowe/badsub.sk.sle
 nbad 6 =        28105
 findconsts: badsub SK-II 1 file: /home/licheng/local/skofl/const//lowe/badsub.sk2.manual
 nbad_sk2 SK-II 1 =        27759
 findconsts: badsub SK-III 1 file: /home/licheng/local/skofl/const//lowe/badsub.sk3.manual
 nbad_sk3 SK-III 1 =         4149
 findconsts: badsub SK-IV file: /home/licheng/local/skofl/const//lowe/badsub.sk4.manual
 nbad_sk4 SK-IV =        66921
 read local badsub.sk5.manual.local
 nbad_sk5 SK-V =         2595
 read local badsub.sk6.manual.local
 nbad_sk6 SK-VI (Gd) =         7717
 findconsts: skcoverage_barrel file: /home/licheng/local/skofl/const//lowe/skcov_b_p3.dat
 findconsts: nearest neighbor file: /home/licheng/local/skofl/const//neighb.dat
 neighbsk: reading neighbor file /home/licheng/local/skofl/const//neighb.dat
 findconsts: skcoverage_sk4_final file: /home/licheng/local/skofl/const//lowe/skcov_c_p3.dat
