Output file: output/wt_090037.root input file:/disk03/lowe10/sk7/sle/lomugd.090037.root
 Id of this manager : 10
InitReadRoot: total = 777597
RUNINFO found in the rare list
SK geometry setting: 6
***** Dummy rgetvalue was called. (Remote File Access is not supported) *****
==========WT:========== 13248.6 13775.3 11419.3
0/777597
Sec_Event 230672 N50: 28
T: -0.472944 Q: -0.0472808
T: -0.567159 Q: -0.0380587
T: -0.657058 Q: -0.0420144
T: -0.73991 Q: 1.32902
T: -0.813196 Q: 1.28924
T: -0.874691 Q: -0.0338738
T: -0.922525 Q: -0.0247669
T: -0.955246 Q: -0.0228889
T: -0.971859 Q: -0.021935
T: -0.971859 Q: -0.0202686
T: -0.955246 Q: -0.0196331
T: -0.922525 Q: 1.52285
T: -0.874691 Q: 1.16727
T: -0.813196 Q: -0.0243332
T: -0.73991 Q: 1.15081
T: -0.657058 Q: -0.00981535
T: -0.567159 Q: -0.0100422
T: -0.472944 Q: -0.00756394
T: -0.377275 Q: 1.37499
T: -0.28306 Q: -0.00839657
T: -0.193161 Q: -0.00579153
T: -0.110309 Q: -0.00698219
T: -0.0370228 Q: 1.31205
T: 0.0244719 Q: 1.36137
T: 0.0723062 Q: 1.26537
T: 0.105027 Q: -0.0112867
T: 0.12164 Q: -0.0110828
T: 0.12164 Q: -0.0154556
T: 0.105027 Q: 1.37109
T: 0.0723062 Q: -0.0191476
T: 0.0244719 Q: -0.0178952
T: -0.0370228 Q: 1.21464
T: -0.110309 Q: -0.0177663
T: -0.193161 Q: -0.0271392
T: -0.28306 Q: -0.0277936
T: -0.377275 Q: -0.0368705
Sec_Event 254467 N50: 35
T: -0.633014 Q: -0.00238556
T: -0.701118 Q: -0.000903618
T: -0.766101 Q: -0.000979054
T: -0.82599 Q: -0.000548484
T: -0.878965 Q: -0.000586846
T: -0.923417 Q: -0.000793069
T: -0.957994 Q: -0.000322765
T: -0.981646 Q: 1.09388
T: -0.993655 Q: 1.09765
T: -0.957994 Q: -0.0021464
T: -0.923417 Q: -0.000319427
T: -0.878965 Q: 0.951819
T: -0.82599 Q: -0.00095305
T: -0.766101 Q: -0.000897667
T: -0.701118 Q: -0.00157904
T: -0.633014 Q: -0.00176068
T: -0.56386 Q: -0.00252842
T: -0.495756 Q: 0.962532
T: -0.430773 Q: 0.855676
T: -0.370883 Q: -0.0122671
T: -0.317908 Q: -0.0138851
T: -0.273457 Q: -0.0172942
T: -0.23888 Q: 0.808705
T: -0.215228 Q: 0.65121
T: -0.203219 Q: -0.0372146
T: -0.203219 Q: -0.0385735
T: -0.215228 Q: -0.0374419
T: -0.23888 Q: -0.0338198
T: -0.273457 Q: -0.0374747
T: -0.317908 Q: 1.5433
T: -0.370883 Q: -0.0156316
T: -0.430773 Q: 0.897604
T: -0.495756 Q: 1.65254
T: -0.56386 Q: -0.00296941
Sec_Event 2262758 N50: 38
T: -0.136857 Q: -0.0125332
T: -0.251074 Q: -0.0149715
T: -0.360058 Q: 1.37909
T: -0.460498 Q: 1.40049
T: -0.549343 Q: -0.0136239
T: -0.623892 Q: 2.57036
T: -0.681881 Q: -0.0113628
T: -0.721548 Q: 1.20761
T: -0.741688 Q: -0.0159582
T: -0.741688 Q: -0.016471
T: -0.721548 Q: -0.0157221
T: -0.681881 Q: 1.41933
T: -0.623892 Q: -0.0134668
T: -0.549343 Q: -0.0176008
T: -0.460498 Q: 1.30273
T: -0.360058 Q: -0.0170511
T: -0.251074 Q: -0.0156681
T: -0.136857 Q: -0.0148169
T: -0.0208787 Q: -0.0137943
T: 0.0933377 Q: -0.014863
T: 0.202322 Q: -0.0152389
T: 0.302762 Q: 1.31735
T: 0.391607 Q: -0.0182709
T: 0.466156 Q: -0.0223938
T: 0.524145 Q: 1.26955
T: 0.563812 Q: 1.28119
T: 0.583952 Q: -0.024198
T: 0.583952 Q: -0.0232492
T: 0.563812 Q: -0.0269714
T: 0.524145 Q: 1.35712
T: 0.466156 Q: 1.27951
T: 0.391607 Q: -0.0166396
T: 0.302762 Q: -0.0130415
T: 0.202322 Q: 1.52126
T: 0.0933377 Q: -0.00917119
T: -0.0208787 Q: -0.00956836
Sec_Event 4340116 N50: 35
T: -0.224464 Q: -0.00356852
T: -0.336369 Q: -0.00857637
T: -0.443146 Q: -0.0056362
T: -0.541553 Q: -0.00525193
T: -0.628599 Q: -0.013882
T: -0.701639 Q: 2.23414
T: -0.758454 Q: -0.0155646
T: -0.797318 Q: -0.0184917
T: -0.81705 Q: -0.0199917
T: -0.81705 Q: -0.0218904
T: -0.797318 Q: 1.02721
T: -0.758454 Q: -0.0163761
T: -0.701639 Q: -0.011014
T: -0.628599 Q: 1.06271
T: -0.541553 Q: -0.00754153
T: -0.443146 Q: -0.00614877
T: -0.336369 Q: -0.00925639
T: -0.224464 Q: 1.03721
T: -0.110834 Q: -0.00473976
T: 0.0010701 Q: -0.00403399
T: 0.107848 Q: -0.00351072
T: 0.206255 Q: -0.00281565
T: 0.293301 Q: 1.15877
T: 0.366341 Q: -0.00344948
T: 0.423156 Q: -0.00416902
T: 0.46202 Q: -0.00333273
T: 0.481752 Q: -0.00165337
T: 0.481752 Q: -0.00282518
T: 0.46202 Q: 1.20001
T: 0.423156 Q: -0.00336135
T: 0.366341 Q: 1.3683
T: 0.293301 Q: -0.00374459
T: 0.206255 Q: 1.45894
T: 0.107848 Q: -0.00353754
T: 0.0010701 Q: -0.00299747
T: -0.110834 Q: -0.00833003
Sec_Event 5527579 N50: 42
T: 0.220565 Q: -0.00510733
T: 0.113838 Q: 5.11739
T: 0.0120011 Q: -0.00284554
T: -0.0818526 Q: -0.00416115
T: -0.164871 Q: -0.00354735
T: -0.234532 Q: 1.35037
T: -0.288718 Q: -0.00491076
T: -0.325784 Q: 1.59324
T: -0.344603 Q: -0.00378195
T: -0.344603 Q: 1.79518
T: -0.325784 Q: -0.00370482
T: -0.288718 Q: 1.98377
T: -0.234532 Q: 0.923597
T: -0.164871 Q: -0.00933451
T: -0.0818526 Q: 1.1341
T: 0.0120011 Q: -0.0155011
T: 0.113838 Q: 1.11261
T: 0.220565 Q: 1.1338
T: 0.328938 Q: -0.0272249
T: 0.435664 Q: 1.35262
T: 0.537501 Q: -0.0252604
T: 0.631355 Q: -0.0387817
T: 0.714373 Q: -0.0563388
T: 0.784034 Q: 0.927016
T: 0.838221 Q: 1.04156
T: 0.875286 Q: -0.0674312
T: 0.894105 Q: 1.15385
T: 0.894105 Q: -0.065019
T: 0.875286 Q: -0.0402785
T: 0.838221 Q: 1.86977
T: 0.784034 Q: -0.0140175
T: 0.714373 Q: -0.0086567
T: 0.631355 Q: -0.00533786
T: 0.537501 Q: 1.08604
T: 0.435664 Q: -0.00446185
T: 0.328938 Q: 1.22636
100000/777597
Sec_Event 9661583 N50: 29
T: -0.613298 Q: -0.080861
T: -0.685783 Q: 1.42378
T: -0.754946 Q: 1.36315
T: -0.818687 Q: -0.100658
T: -0.87507 Q: -0.0932238
T: -0.922381 Q: 0.81941
T: -0.959182 Q: -0.0682909
T: -0.984355 Q: -0.0735776
T: -0.997136 Q: 0.937357
T: -0.997136 Q: 3.6014
T: -0.984355 Q: -0.0647354
T: -0.959182 Q: 0.693098
T: -0.922381 Q: -0.0434748
T: -0.87507 Q: -0.035596
T: -0.818687 Q: -0.0239587
T: -0.754946 Q: -0.0190383
T: -0.685783 Q: -0.0211069
T: -0.613298 Q: -0.0163248
T: -0.539696 Q: -0.0184405
T: -0.467212 Q: -0.0223664
T: -0.398049 Q: -0.0247068
T: -0.334307 Q: -0.0286495
T: -0.277925 Q: 1.31112
T: -0.230614 Q: 2.27417
T: -0.193813 Q: 1.18726
T: -0.16864 Q: 1.14443
T: -0.155859 Q: -0.0584772
T: -0.155859 Q: -0.0592826
T: -0.16864 Q: 1.2705
T: -0.193813 Q: -0.056191
T: -0.230614 Q: -0.0585923
T: -0.277925 Q: 1.35921
T: -0.334307 Q: -0.0637161
T: -0.398049 Q: 1.18491
T: -0.467212 Q: -0.0626794
T: -0.539696 Q: 1.24862
Sec_Event 9661583 N50: 44
T: 0.0523132 Q: -0.000516535
T: -0.0612869 Q: -0.000835101
T: -0.169683 Q: -0.0012765
T: -0.269581 Q: 2.0203
T: -0.357946 Q: -0.000576178
T: -0.432094 Q: -0.00171303
T: -0.48977 Q: -0.00210352
T: -0.529223 Q: 1.35593
T: -0.549253 Q: -0.00290294
T: -0.549253 Q: -0.00556991
T: -0.529223 Q: 1.12814
T: -0.48977 Q: 2.21829
T: -0.432094 Q: 1.31697
T: -0.357946 Q: -0.0129031
T: -0.269581 Q: -0.00905623
T: -0.169683 Q: 2.09308
T: -0.0612869 Q: 1.25534
T: 0.0523132 Q: 2.3088
T: 0.167666 Q: 1.29664
T: 0.281266 Q: 0.744818
T: 0.389662 Q: 0.910566
T: 0.48956 Q: -0.00112992
T: 0.577925 Q: 1.04027
T: 0.652072 Q: -0.00287239
T: 0.709749 Q: 1.1313
T: 0.769232 Q: 1.12366
T: 0.769232 Q: -0.000258326
T: 0.749202 Q: -0.0011364
T: 0.709749 Q: 1.05021
T: 0.652072 Q: 1.24187
T: 0.577925 Q: -0.00119996
T: 0.48956 Q: 1.29074
T: 0.389662 Q: 1.59769
T: 0.281266 Q: -0.000703631
T: 0.167666 Q: 1.56332
Sec_Event 9785048 N50: 25
T: -0.222101 Q: -0.0162686
T: -0.334091 Q: -0.0121623
T: -0.44095 Q: -0.012251
T: -0.539432 Q: -0.0168919
T: -0.626545 Q: -0.0181855
T: -0.699641 Q: 1.25483
T: -0.756499 Q: -0.0200484
T: -0.795393 Q: -0.0172803
T: -0.81514 Q: -0.0170217
T: -0.81514 Q: -0.0165501
T: -0.795393 Q: -0.0118917
T: -0.756499 Q: 1.04964
T: -0.699641 Q: -0.00587815
T: -0.626545 Q: -0.0051901
T: -0.539432 Q: -0.00387974
T: -0.44095 Q: -0.00468724
T: -0.334091 Q: -0.00412612
T: -0.222101 Q: 1.44318
T: -0.108384 Q: 1.13939
T: 0.0036054 Q: -0.00236525
T: 0.110465 Q: -0.00170951
T: 0.208947 Q: -0.00244749
T: 0.296059 Q: -0.0028793
T: 0.369155 Q: -0.00333638
T: 0.426014 Q: -0.00297748
T: 0.464907 Q: -0.00491969
T: 0.484654 Q: 1.23102
T: 0.484654 Q: -0.00681286
T: 0.464907 Q: 1.10306
T: 0.426014 Q: 1.05698
T: 0.369155 Q: 1.01675
T: 0.296059 Q: -0.0105545
T: 0.208947 Q: -0.0097748
T: 0.110465 Q: 1.22887
T: 0.0036054 Q: 1.03804
T: -0.108384 Q: 2.16506
Sec_Event 11322326 N50: 38
T: -0.0503656 Q: 1.10182
T: -0.165224 Q: 1.23898
T: -0.274821 Q: 1.30204
T: -0.375826 Q: 1.06163
T: -0.46517 Q: -0.0113652
T: -0.540139 Q: 0.91365
T: -0.598454 Q: 0.95144
T: -0.638344 Q: -0.00667892
T: -0.658597 Q: 2.378
T: -0.658597 Q: 1.09378
T: -0.638344 Q: 1.18482
T: -0.598454 Q: -0.00862319
T: -0.540139 Q: -0.0096492
T: -0.46517 Q: -0.0105522
T: -0.375826 Q: 0.907289
T: -0.274821 Q: -0.00870391
T: -0.165224 Q: -0.00695381
T: -0.0503656 Q: -0.0107834
T: 0.0662649 Q: -0.00930186
T: 0.181124 Q: -0.0076179
T: 0.29072 Q: 1.28011
T: 0.391725 Q: 1.15659
T: 0.481069 Q: -0.0155969
T: 0.556038 Q: -0.0120755
T: 0.614353 Q: -0.0209261
T: 0.654243 Q: 1.16157
T: 0.674496 Q: 1.97356
T: 0.674496 Q: -0.0287072
T: 0.654243 Q: -0.0284449
T: 0.614353 Q: -0.0234542
T: 0.556038 Q: -0.0206323
T: 0.481069 Q: -0.0183913
T: 0.391725 Q: -0.0155049
T: 0.29072 Q: -0.0183911
T: 0.181124 Q: -0.0109772
T: 0.0662649 Q: -0.0132977
200000/777597
Sec_Event 11726756 N50: 38
T: 0.62839 Q: 0.902564
T: 0.574366 Q: 1.06741
T: 0.522817 Q: -0.00264116
T: 0.475309 Q: -0.00119241
T: 0.433285 Q: -0.00152809
T: 0.398023 Q: -0.00141777
T: 0.370594 Q: 0.964234
T: 0.351832 Q: 1.01098
T: 0.342306 Q: -0.00194232
T: 0.342306 Q: -0.000933548
T: 0.351832 Q: -0.00115635
T: 0.370594 Q: -0.00174511
T: 0.398023 Q: -0.00229269
T: 0.433285 Q: -0.00282193
T: 0.475309 Q: -0.0048788
T: 0.522817 Q: 0.912377
T: 0.574366 Q: -0.0104209
T: 0.62839 Q: 0.963873
T: 0.683248 Q: 0.836885
T: 0.737272 Q: -0.0269418
T: 0.788822 Q: -0.0242344
T: 0.83633 Q: -0.0281804
T: 0.878353 Q: -0.0202348
T: 0.913615 Q: -0.016239
T: 0.941044 Q: -0.021002
T: 0.959806 Q: -0.0212527
T: 0.969332 Q: 2.41765
T: 0.969332 Q: -0.0164435
T: 0.959806 Q: 1.05054
T: 0.941044 Q: -0.0150219
T: 0.913615 Q: -0.017389
T: 0.878353 Q: -0.03051
T: 0.83633 Q: -0.0109289
T: 0.788822 Q: -0.00523092
T: 0.737272 Q: -0.00387685
T: 0.683248 Q: -0.00393007
Sec_Event 13800841 N50: 31
T: 0.426047 Q: -0.0335624
T: 0.337217 Q: 1.30866
T: 0.252456 Q: -0.0313236
T: 0.174341 Q: -0.0336554
T: 0.105243 Q: -0.0232326
T: 0.0472636 Q: 1.44743
T: 0.00216346 Q: -0.0259256
T: -0.0286868 Q: -0.0274466
T: -0.04435 Q: 1.33715
T: -0.04435 Q: 2.91618
T: -0.0286868 Q: -0.0183481
T: 0.00216346 Q: 1.30807
T: 0.0472636 Q: -0.0155358
T: 0.105243 Q: -0.0220752
T: 0.174341 Q: 1.15897
T: 0.252456 Q: -0.0174255
T: 0.337217 Q: 1.29479
T: 0.426047 Q: -0.0296851
T: 0.516247 Q: -0.0210892
T: 0.605077 Q: -0.0232153
T: 0.689837 Q: 2.51
T: 0.767953 Q: 1.03619
T: 0.837051 Q: 1.25841
T: 0.89503 Q: 1.59415
T: 0.94013 Q: -0.0343263
T: 0.970981 Q: 1.24298
T: 0.986644 Q: 1.23028
T: 0.986644 Q: -0.030462
T: 0.970981 Q: -0.0297068
T: 0.94013 Q: -0.0378138
T: 0.89503 Q: 1.39368
T: 0.837051 Q: 1.24859
T: 0.767953 Q: -0.0489648
T: 0.689837 Q: -0.0605034
T: 0.605077 Q: 1.37956
T: 0.516247 Q: -0.0474236
Sec_Event 14275113 N50: 28
T: 0.169507 Q: -0.0145404
T: 0.0600371 Q: -0.014404
T: -0.0444177 Q: -0.0161136
T: -0.140684 Q: -0.0221578
T: -0.225836 Q: -0.0231991
T: -0.297287 Q: -0.0281219
T: -0.352867 Q: -0.0375586
T: -0.390885 Q: -0.0392511
T: -0.410187 Q: -0.0546149
T: -0.410187 Q: -0.056224
T: -0.390885 Q: -0.0577768
T: -0.352867 Q: 1.14588
T: -0.297287 Q: -0.0538877
T: -0.225836 Q: -0.0527753
T: -0.140684 Q: 1.285
T: -0.0444177 Q: -0.0464793
T: 0.0600371 Q: -0.0492728
T: 0.169507 Q: -0.0557785
T: 0.280665 Q: -0.0499148
T: 0.390135 Q: 1.42381
T: 0.49459 Q: 1.18759
T: 0.590856 Q: 1.01429
T: 0.676008 Q: -0.0571015
T: 0.747459 Q: -0.0394729
T: 0.803038 Q: -0.0295712
T: 0.841057 Q: -0.028521
T: 0.860359 Q: 1.06999
T: 0.860359 Q: 2.12192
T: 0.841057 Q: -0.026858
T: 0.803038 Q: -0.0261788
T: 0.747459 Q: -0.0422339
T: 0.676008 Q: 1.02078
T: 0.590856 Q: 0.954455
T: 0.49459 Q: -0.0171266
T: 0.390135 Q: -0.0135871
T: 0.280665 Q: -0.0136091
Sec_Event 14275113 N50: 27
T: 0.511701 Q: -0.0178583
T: 0.434599 Q: 2.12031
T: 0.361028 Q: -0.020285
T: 0.293226 Q: -0.0324487
T: 0.233251 Q: -0.0314749
T: 0.182926 Q: 2.41099
T: 0.14378 Q: -0.0398883
T: 0.117002 Q: -0.0488761
T: 0.103407 Q: 1.44672
T: 0.103407 Q: -0.0523657
T: 0.117002 Q: -0.0563275
T: 0.14378 Q: -0.056245
T: 0.182926 Q: 1.46234
T: 0.233251 Q: -0.0562937
T: 0.293226 Q: -0.0747883
T: 0.361028 Q: 1.54786
T: 0.434599 Q: -0.0721934
T: 0.511701 Q: -0.06356
T: 0.589993 Q: 2.58496
T: 0.667095 Q: -0.0621693
T: 0.740665 Q: -0.0592116
T: 0.808468 Q: -0.0491624
T: 0.868443 Q: -0.0408326
T: 0.918768 Q: -0.0315953
T: 0.957914 Q: -0.027711
T: 0.984692 Q: -0.0291753
T: 0.998287 Q: -0.0322008
T: 0.998287 Q: -0.0353703
T: 0.984692 Q: -0.0331215
T: 0.957914 Q: -0.0347101
T: 0.918768 Q: -0.0326515
T: 0.868443 Q: -0.0281937
T: 0.808468 Q: -0.0309054
T: 0.740665 Q: -0.0237326
T: 0.667095 Q: -0.0214023
T: 0.589993 Q: -0.0193486
Sec_Event 15305293 N50: 35
T: -0.509671 Q: -0.0525778
T: -0.59938 Q: 2.24166
T: -0.684979 Q: 1.36308
T: -0.763867 Q: -0.0436904
T: -0.833648 Q: -0.0368319
T: -0.892202 Q: -0.0305626
T: -0.937748 Q: -0.0273316
T: -0.968903 Q: -0.0234693
T: -0.984722 Q: -0.027464
T: -0.984722 Q: 1.30786
T: -0.968903 Q: 0.784925
T: -0.937748 Q: 0.947089
T: -0.892202 Q: -0.00916157
T: -0.833648 Q: -0.00512241
T: -0.763867 Q: -0.00374543
T: -0.684979 Q: -0.00207969
T: -0.59938 Q: 0.971228
T: -0.509671 Q: 1.1319
T: -0.418578 Q: 1.06318
T: -0.328869 Q: -0.00402095
T: -0.24327 Q: 1.35155
T: -0.164382 Q: -0.00441938
T: -0.0946007 Q: -0.00454904
T: -0.0360475 Q: -0.00230901
T: 0.00949883 Q: 1.14579
T: 0.0406544 Q: -0.00340858
T: 0.0564724 Q: -0.0103136
T: 0.0564724 Q: 1.05404
T: 0.0406544 Q: 0.977976
T: 0.00949883 Q: -0.013569
T: -0.0360475 Q: -0.0228972
T: -0.0946007 Q: -0.0187616
T: -0.164382 Q: -0.0239285
T: -0.24327 Q: -0.0286191
T: -0.328869 Q: 1.17611
T: -0.418578 Q: 1.2766
Sec_Event 15305293 N50: 29
T: -0.503573 Q: -0.00265782
T: -0.594076 Q: -0.00264198
T: -0.680433 Q: -0.0026747
T: -0.76002 Q: -0.00630865
T: -0.830419 Q: -0.00992164
T: -0.889491 Q: -0.0159015
T: -0.935441 Q: -0.0316113
T: -0.966872 Q: -0.0289439
T: -0.98283 Q: -0.0346564
T: -0.98283 Q: -0.0330702
T: -0.966872 Q: -0.0257604
T: -0.935441 Q: -0.025849
T: -0.889491 Q: 2.20699
T: -0.830419 Q: -0.0340218
T: -0.76002 Q: -0.0288925
T: -0.680433 Q: -0.021596
T: -0.594076 Q: -0.0182452
T: -0.503573 Q: -0.0110818
T: -0.411673 Q: 1.07872
T: -0.32117 Q: 1.10253
T: -0.234813 Q: 0.946196
T: -0.155226 Q: -0.00566977
T: -0.0848268 Q: -0.00287451
T: -0.0257551 Q: -0.00454784
T: 0.0201946 Q: 1.06288
T: 0.0516261 Q: 1.08099
T: 0.0675842 Q: -0.000893906
T: 0.0675842 Q: -0.00289111
T: 0.0516261 Q: -0.00143212
T: 0.0201946 Q: -0.00144999
T: -0.0257551 Q: -0.000648851
T: -0.0848268 Q: -0.00138745
T: -0.155226 Q: -0.00247913
T: -0.234813 Q: -0.00158625
T: -0.32117 Q: -0.00419646
T: -0.411673 Q: 1.15406
Sec_Event 15305293 N50: 75
T: -0.247895 Q: -0.00333648
T: -0.358879 Q: -0.00286265
T: -0.464779 Q: -0.00567579
T: -0.562377 Q: -0.00633245
T: -0.648707 Q: 1.06651
T: -0.721147 Q: -0.00744651
T: -0.777495 Q: -0.00656896
T: -0.816039 Q: -0.00543433
T: -0.835608 Q: -0.00616667
T: -0.835608 Q: 0.880229
T: -0.816039 Q: 0.929846
T: -0.777495 Q: 0.91545
T: -0.721147 Q: -0.00304982
T: -0.648707 Q: 1.21393
T: -0.562377 Q: -0.00107809
T: -0.464779 Q: 1.04184
T: -0.358879 Q: -0.000362752
T: -0.247895 Q: 2.14821
T: -0.135199 Q: 2.57262
T: -0.0242152 Q: -0.000873641
T: 0.0816845 Q: -0.000410321
T: 0.179282 Q: -0.000725937
T: 0.265612 Q: -0.00221887
T: 0.338052 Q: 1.05096
T: 0.3944 Q: 1.05459
T: 0.432944 Q: -0.000635439
T: 0.452514 Q: -0.00289071
T: 0.452514 Q: 1.14074
T: 0.432944 Q: 1.42715
T: 0.3944 Q: 1.0434
T: 0.338052 Q: -0.00144823
T: 0.265612 Q: -0.00476135
T: 0.179282 Q: 0.990927
T: 0.0816845 Q: 1.05187
T: -0.0242152 Q: 1.76922
T: -0.135199 Q: 3.87648
Sec_Event 15305293 N50: 28
T: 0.667637 Q: -0.00384281
T: 0.624752 Q: 0.881834
T: 0.583832 Q: 1.07296
T: 0.54612 Q: -0.00158745
T: 0.512762 Q: -0.00174427
T: 0.484771 Q: 0.937703
T: 0.462998 Q: -0.00355904
T: 0.448104 Q: 0.912825
T: 0.440543 Q: -0.00326274
T: 0.440543 Q: 0.971142
T: 0.448104 Q: 1.99236
T: 0.462998 Q: -0.00240169
T: 0.484771 Q: -0.0044497
T: 0.512762 Q: -0.00491435
T: 0.54612 Q: 1.05762
T: 0.583832 Q: -0.01303
T: 0.624752 Q: -0.0128893
T: 0.667637 Q: 0.876995
T: 0.711183 Q: 1.01231
T: 0.754067 Q: -0.0157005
T: 0.794987 Q: 0.975218
T: 0.832699 Q: -0.0181194
T: 0.866057 Q: -0.0127944
T: 0.894048 Q: -0.0162435
T: 0.915821 Q: 1.9427
T: 0.930715 Q: -0.010693
T: 0.938276 Q: -0.0110152
T: 0.938276 Q: -0.0112379
T: 0.930715 Q: -0.0103111
T: 0.915821 Q: -0.0108848
T: 0.894048 Q: -0.0124234
T: 0.866057 Q: -0.0112904
T: 0.832699 Q: 0.767246
T: 0.794987 Q: -0.012134
T: 0.754067 Q: -0.00836674
T: 0.711183 Q: -0.00535206
Sec_Event 15414275 N50: 34
T: -0.645037 Q: -0.00138025
T: -0.710209 Q: -0.00343423
T: -0.772395 Q: 1.07785
T: -0.829707 Q: 1.30281
T: -0.880401 Q: 0.818778
T: -0.922939 Q: 0.881515
T: -0.956028 Q: -0.0137977
T: -0.978662 Q: -0.0161273
T: -0.990153 Q: 1.37589
T: -0.990153 Q: -0.0133559
T: -0.978662 Q: -0.0181056
T: -0.956028 Q: 1.23832
T: -0.922939 Q: 2.62355
T: -0.880401 Q: -0.0180244
T: -0.829707 Q: -0.0223033
T: -0.772395 Q: -0.0292096
T: -0.710209 Q: 1.15615
T: -0.645037 Q: -0.0454864
T: -0.57886 Q: -0.0493333
T: -0.513688 Q: -0.054072
T: -0.451502 Q: -0.0428188
T: -0.394191 Q: -0.0341645
T: -0.343496 Q: -0.0415665
T: -0.300959 Q: 1.01795
T: -0.26787 Q: -0.0241689
T: -0.245236 Q: -0.0182338
T: -0.233745 Q: -0.0136054
T: -0.233745 Q: 1.13395
T: -0.245236 Q: -0.00615996
T: -0.26787 Q: 1.00739
T: -0.300959 Q: -0.00297786
T: -0.343496 Q: -0.00188311
T: -0.394191 Q: -0.00182572
T: -0.451502 Q: -0.00116079
T: -0.513688 Q: -0.00143103
T: -0.57886 Q: -0.00145607
Sec_Event 16603552 N50: 65
T: 0.397492 Q: 1.2489
T: 0.30541 Q: 1.05757
T: 0.217546 Q: -0.0018321
T: 0.136571 Q: 1.41771
T: 0.0649436 Q: -0.00457977
T: 0.00484123 Q: -0.00270909
T: -0.0419101 Q: 1.11429
T: -0.0738899 Q: -0.00548404
T: -0.0901264 Q: 1.53136
T: -0.0901264 Q: 1.25667
T: -0.0738899 Q: -0.00858909
T: -0.0419101 Q: -0.00800673
T: 0.00484123 Q: -0.00963758
T: 0.0649436 Q: -0.0134465
T: 0.136571 Q: -0.015114
T: 0.217546 Q: -0.0169911
T: 0.30541 Q: 1.07019
T: 0.397492 Q: 0.832035
T: 0.490995 Q: 0.950676
T: 0.583077 Q: 0.900282
T: 0.670941 Q: -0.00406737
T: 0.751916 Q: 3.6671
T: 0.823543 Q: -0.00225682
T: 0.883646 Q: 2.7871
T: 0.930397 Q: -0.00133498
T: 0.962377 Q: 1.18534
T: 0.978613 Q: 1.24709
T: 0.978613 Q: -0.00103313
T: 0.962377 Q: -0.00198691
T: 0.930397 Q: -0.00123323
T: 0.883646 Q: 1.11259
T: 0.823543 Q: 2.37682
T: 0.751916 Q: 1.07451
T: 0.670941 Q: -0.00125932
T: 0.583077 Q: 2.7662
T: 0.490995 Q: -0.0043771
Sec_Event 16649022 N50: 35
T: -0.0296574 Q: -0.0167488
T: -0.144437 Q: 2.12312
T: -0.253959 Q: 1.15081
T: -0.354895 Q: -0.0149043
T: -0.444178 Q: 1.12734
T: -0.519095 Q: 1.0124
T: -0.577371 Q: -0.0270275
T: -0.617233 Q: 2.41603
T: -0.637472 Q: -0.0288597
T: -0.637472 Q: 1.20745
T: -0.617233 Q: -0.0319354
T: -0.577371 Q: -0.0397391
T: -0.519095 Q: -0.04937
T: -0.444178 Q: -0.0613033
T: -0.354895 Q: -0.0530551
T: -0.253959 Q: -0.0549777
T: -0.144437 Q: -0.043128
T: -0.0296574 Q: 1.30306
T: 0.0868932 Q: 1.45509
T: 0.201673 Q: -0.0463849
T: 0.311195 Q: 1.17084
T: 0.412131 Q: -0.0788231
T: 0.501414 Q: -0.0678476
T: 0.576331 Q: 1.09804
T: 0.634606 Q: -0.0602335
T: 0.674469 Q: 2.26764
T: 0.694708 Q: -0.0434438
T: 0.694708 Q: -0.0532553
T: 0.674469 Q: 0.970324
T: 0.634606 Q: 1.26478
T: 0.576331 Q: -0.0342925
T: 0.501414 Q: 0.962862
T: 0.412131 Q: -0.0190355
T: 0.311195 Q: -0.0155318
T: 0.201673 Q: 1.18677
T: 0.0868932 Q: -0.00911548
Sec_Event 16868770 N50: 28
T: 0.711386 Q: 2.35363
T: 0.68575 Q: -0.0325027
T: 0.66129 Q: -0.0390345
T: 0.638746 Q: -0.0440363
T: 0.618806 Q: -0.0427827
T: 0.602073 Q: -0.0407683
T: 0.589058 Q: -0.0440484
T: 0.580155 Q: -0.0457111
T: 0.575635 Q: -0.0518619
T: 0.575635 Q: 1.2094
T: 0.580155 Q: -0.0350062
T: 0.589058 Q: -0.0461508
T: 0.602073 Q: -0.0448321
T: 0.618806 Q: 1.10933
T: 0.638746 Q: -0.034215
T: 0.66129 Q: -0.0245988
T: 0.68575 Q: -0.0253202
T: 0.711386 Q: -0.0232821
T: 0.737417 Q: -0.0251287
T: 0.763052 Q: -0.0204485
T: 0.787513 Q: -0.027218
T: 0.810056 Q: 1.33096
T: 0.829997 Q: -0.0160704
T: 0.846729 Q: -0.0210695
T: 0.859744 Q: -0.021052
T: 0.868647 Q: -0.0215289
T: 0.873168 Q: -0.0184677
T: 0.873168 Q: -0.0257545
T: 0.868647 Q: -0.0214644
T: 0.859744 Q: -0.0211099
T: 0.846729 Q: -0.023036
T: 0.829997 Q: 1.22252
T: 0.810056 Q: 1.20893
T: 0.787513 Q: -0.0289718
T: 0.763052 Q: 1.16428
T: 0.737417 Q: -0.0326754
Sec_Event 17029027 N50: 47
T: -0.195658 Q: 3.98479
T: -0.30521 Q: 1.18809
T: -0.406174 Q: -0.00107297
T: -0.495483 Q: -0.000679463
T: -0.570421 Q: 2.19429
T: -0.628713 Q: -0.00310316
T: -0.668586 Q: 0.933069
T: -0.688831 Q: 1.92054
T: -0.688831 Q: 0.863228
T: -0.668586 Q: 0.953752
T: -0.628713 Q: 1.71963
T: -0.570421 Q: -0.012204
T: -0.495483 Q: 0.844053
T: -0.406174 Q: 2.93876
T: -0.30521 Q: 0.975379
T: -0.195658 Q: 1.94511
T: -0.0808454 Q: 0.96113
T: 0.035738 Q: 2.2376
T: 0.15055 Q: -0.0188808
T: 0.260103 Q: -0.0184815
T: 0.361067 Q: 0.885855
T: 0.450375 Q: -0.00828703
T: 0.525314 Q: -0.0110696
T: 0.583605 Q: -0.00590539
T: 0.623479 Q: 0.772879
T: 0.643724 Q: -0.00414914
T: 0.643724 Q: -0.00428204
T: 0.623479 Q: 0.943045
T: 0.583605 Q: 1.25328
T: 0.525314 Q: -0.00104014
T: 0.450375 Q: 1.03959
T: 0.361067 Q: 1.33292
T: 0.260103 Q: 2.4438
T: 0.15055 Q: -0.000460072
T: 0.035738 Q: 1.38285
300000/777597
Sec_Event 17152497 N50: 38
T: -0.0956894 Q: -0.0260712
T: -0.210409 Q: 1.41085
T: -0.319873 Q: -0.0312349
T: -0.420755 Q: -0.0367074
T: -0.509991 Q: -0.0407258
T: -0.584868 Q: -0.0513969
T: -0.643113 Q: -0.0514988
T: -0.682954 Q: 1.27281
T: -0.703183 Q: -0.0553457
T: -0.703183 Q: -0.0442939
T: -0.682954 Q: 1.24556
T: -0.643113 Q: 2.36976
T: -0.584868 Q: 1.17304
T: -0.509991 Q: -0.0183726
T: -0.420755 Q: -0.00997424
T: -0.319873 Q: -0.00911603
T: -0.210409 Q: -0.0165079
T: -0.0956894 Q: -0.00728701
T: 0.0207996 Q: 1.09307
T: 0.135519 Q: -0.00573087
T: 0.244983 Q: -0.00744388
T: 0.345865 Q: -0.0129172
T: 0.435101 Q: -0.00790482
T: 0.509979 Q: -0.00594827
T: 0.568223 Q: -0.00468905
T: 0.608065 Q: -0.00459555
T: 0.628293 Q: 1.23447
T: 0.628293 Q: 1.07421
T: 0.608065 Q: -0.00433977
T: 0.568223 Q: 1.06211
T: 0.509979 Q: -0.0063345
T: 0.435101 Q: -0.0121385
T: 0.345865 Q: -0.0175029
T: 0.244983 Q: -0.0233711
T: 0.135519 Q: -0.0246803
T: 0.0207996 Q: -0.0294878
Sec_Event 18289109 N50: 50
T: 0.275553 Q: 1.34283
T: 0.172473 Q: 1.22438
T: 0.0741151 Q: -0.00638406
T: -0.016532 Q: 2.90848
T: -0.096714 Q: -0.00542164
T: -0.163995 Q: 1.23346
T: -0.21633 Q: 1.30353
T: -0.252129 Q: 2.52574
T: -0.270305 Q: -0.00270692
T: -0.270305 Q: -0.00324902
T: -0.252129 Q: 2.44759
T: -0.21633 Q: -0.00381914
T: -0.163995 Q: 1.10471
T: -0.096714 Q: 2.32577
T: -0.016532 Q: -0.00570012
T: 0.0741151 Q: 2.35838
T: 0.172473 Q: 1.21535
T: 0.275553 Q: -0.00496671
T: 0.380223 Q: -0.00559396
T: 0.483303 Q: 1.04841
T: 0.581661 Q: 2.18465
T: 0.672308 Q: -0.0148857
T: 0.75249 Q: -0.0226559
T: 0.819771 Q: 0.979373
T: 0.872106 Q: -0.0360681
T: 0.907905 Q: -0.0344813
T: 0.926081 Q: -0.0307971
T: 0.926081 Q: -0.0368468
T: 0.907905 Q: 2.51135
T: 0.872106 Q: -0.0318512
T: 0.819771 Q: 1.07877
T: 0.75249 Q: 2.33083
T: 0.672308 Q: 3.40339
T: 0.581661 Q: -0.00581631
T: 0.483303 Q: 1.05714
T: 0.380223 Q: -0.00478104
Sec_Event 19008963 N50: 54
T: 0.623173 Q: -0.00942754
T: 0.567847 Q: -0.00840587
T: 0.515056 Q: 0.947302
T: 0.466403 Q: 1.30017
T: 0.423367 Q: 1.43091
T: 0.387256 Q: -0.00258726
T: 0.359167 Q: 1.26382
T: 0.339952 Q: -0.00115561
T: 0.330197 Q: -0.00264349
T: 0.330197 Q: -0.00184319
T: 0.339952 Q: 2.86442
T: 0.359167 Q: 1.39631
T: 0.387256 Q: 1.14165
T: 0.423367 Q: -0.00510082
T: 0.466403 Q: 1.21576
T: 0.515056 Q: 1.52395
T: 0.567847 Q: 1.13834
T: 0.623173 Q: 2.24101
T: 0.679352 Q: -0.00683368
T: 0.734677 Q: -0.00996543
T: 0.787468 Q: 1.30142
T: 0.836121 Q: -0.005921
T: 0.879157 Q: -0.00965068
T: 0.915268 Q: 1.19004
T: 0.943358 Q: 1.1666
T: 0.962572 Q: -0.00318393
T: 0.972327 Q: -0.0045243
T: 0.972327 Q: -0.00286572
T: 0.962572 Q: -0.00525556
T: 0.943358 Q: 1.31311
T: 0.915268 Q: 1.21245
T: 0.879157 Q: -0.00418517
T: 0.836121 Q: -0.00450909
T: 0.787468 Q: -0.00704477
T: 0.734677 Q: -0.00650561
T: 0.679352 Q: -0.0081749
Sec_Event 19008963 N50: 37
T: -0.185993 Q: 1.22441
T: -0.299126 Q: -0.0444223
T: -0.407077 Q: 1.38073
T: -0.506565 Q: -0.0638044
T: -0.594567 Q: 3.01523
T: -0.66841 Q: -0.0735767
T: -0.725849 Q: 1.40317
T: -0.76514 Q: -0.0669276
T: -0.785089 Q: 1.30441
T: -0.785089 Q: -0.0699147
T: -0.76514 Q: -0.0677957
T: -0.725849 Q: 1.05333
T: -0.66841 Q: 2.09251
T: -0.594567 Q: -0.0186984
T: -0.506565 Q: -0.0131342
T: -0.407077 Q: 1.06289
T: -0.299126 Q: 1.12332
T: -0.185993 Q: 2.27903
T: -0.0711142 Q: 1.02013
T: 0.0420193 Q: -0.014944
T: 0.14997 Q: -0.0105444
T: 0.249458 Q: 1.03334
T: 0.33746 Q: 1.5285
T: 0.411303 Q: 1.19416
T: 0.468742 Q: -0.017454
T: 0.508033 Q: -0.0176606
T: 0.527982 Q: -0.0201048
T: 0.527982 Q: 1.03259
T: 0.508033 Q: 1.14422
T: 0.468742 Q: -0.0256879
T: 0.411303 Q: -0.0293335
T: 0.33746 Q: -0.0391315
T: 0.249458 Q: -0.0482187
T: 0.14997 Q: 2.82267
T: 0.0420193 Q: -0.0446675
T: -0.0711142 Q: 1.5603
Sec_Event 19008963 N50: 39
T: 0.720305 Q: -0.0116681
T: 0.699509 Q: -0.0100112
T: 0.679666 Q: 1.01291
T: 0.661378 Q: 1.13765
T: 0.645201 Q: -0.0119163
T: 0.631628 Q: 1.03572
T: 0.621069 Q: -0.0172574
T: 0.613847 Q: -0.0142346
T: 0.61018 Q: -0.014941
T: 0.61018 Q: -0.0173506
T: 0.613847 Q: -0.0142929
T: 0.621069 Q: -0.0165632
T: 0.631628 Q: -0.0127731
T: 0.645201 Q: -0.0121354
T: 0.661378 Q: 0.976615
T: 0.679666 Q: -0.00998542
T: 0.699509 Q: -0.00509645
T: 0.720305 Q: 2.1082
T: 0.741422 Q: -0.00574651
T: 0.762218 Q: -0.0067198
T: 0.782062 Q: 0.7685
T: 0.80035 Q: -0.00263414
T: 0.816526 Q: -0.00345672
T: 0.8301 Q: -0.00153639
T: 0.840658 Q: -0.00205663
T: 0.847881 Q: 0.952511
T: 0.851548 Q: -0.00211397
T: 0.851548 Q: -0.00242799
T: 0.847881 Q: -0.00360159
T: 0.840658 Q: -0.00328963
T: 0.8301 Q: -0.00428329
T: 0.816526 Q: -0.00655392
T: 0.80035 Q: -0.00796
T: 0.782062 Q: 0.963228
T: 0.762218 Q: 0.98268
T: 0.741422 Q: 2.40338
Sec_Event 19008963 N50: 47
T: 0.499714 Q: 2.06454
T: 0.420767 Q: -0.0133764
T: 0.345436 Q: 1.24514
T: 0.276011 Q: -0.0148992
T: 0.214601 Q: 1.05938
T: 0.163072 Q: -0.0185154
T: 0.122989 Q: 1.09055
T: 0.0955707 Q: -0.0275905
T: 0.0816502 Q: -0.0215551
T: 0.0816502 Q: -0.0338791
T: 0.0955707 Q: -0.0366098
T: 0.122989 Q: -0.0319188
T: 0.163072 Q: -0.0339813
T: 0.214601 Q: 1.23236
T: 0.276011 Q: -0.0390873
T: 0.345436 Q: 2.42539
T: 0.420767 Q: 1.36716
T: 0.499714 Q: -0.0361691
T: 0.57988 Q: 0.953263
T: 0.658827 Q: -0.0192887
T: 0.734158 Q: 1.17852
T: 0.803583 Q: 3.69413
T: 0.864993 Q: -0.00844932
T: 0.916523 Q: -0.00865102
T: 0.956605 Q: -0.00733367
T: 0.984024 Q: -0.00642392
T: 0.997944 Q: -0.00580775
T: 0.997944 Q: -0.00587489
T: 0.984024 Q: -0.00990322
T: 0.956605 Q: -0.00650304
T: 0.916523 Q: -0.013445
T: 0.864993 Q: -0.00837264
T: 0.803583 Q: -0.0116288
T: 0.734158 Q: -0.00970617
T: 0.658827 Q: 0.978144
T: 0.57988 Q: -0.0127453
Sec_Event 19008963 N50: 51
T: 0.0252197 Q: -0.00261797
T: -0.0889238 Q: 1.16247
T: -0.197838 Q: 1.07286
T: -0.298214 Q: 0.998215
T: -0.387002 Q: -0.00670813
T: -0.461504 Q: -0.00626438
T: -0.519456 Q: -0.00780429
T: -0.559098 Q: -0.0139895
T: -0.579225 Q: 1.87477
T: -0.579225 Q: -0.0275145
T: -0.559098 Q: 1.93593
T: -0.519456 Q: -0.0305021
T: -0.461504 Q: 2.05536
T: -0.387002 Q: -0.0349776
T: -0.298214 Q: -0.0285426
T: -0.197838 Q: -0.0298476
T: -0.0889238 Q: -0.0348788
T: 0.0252197 Q: -0.0249697
T: 0.141124 Q: 1.25049
T: 0.255268 Q: -0.0255486
T: 0.364182 Q: -0.0307299
T: 0.464558 Q: 2.34995
T: 0.553346 Q: -0.0245899
T: 0.627848 Q: -0.0137076
T: 0.6858 Q: -0.0121241
T: 0.725442 Q: 1.20769
T: 0.745568 Q: -0.0129969
T: 0.745568 Q: 1.07501
T: 0.725442 Q: -0.00983666
T: 0.6858 Q: -0.00866992
T: 0.627848 Q: -0.00537798
T: 0.553346 Q: -0.00719001
T: 0.464558 Q: -0.0036302
T: 0.364182 Q: 0.873253
T: 0.255268 Q: 2.05624
T: 0.141124 Q: 2.13298
Sec_Event 19120212 N50: 38
T: -0.334963 Q: -0.0637864
T: -0.441302 Q: -0.0571676
T: -0.542769 Q: 1.2553
T: -0.636282 Q: 1.42571
T: -0.718998 Q: -0.0807785
T: -0.788406 Q: -0.0763875
T: -0.842396 Q: -0.0706315
T: -0.879327 Q: 1.39558
T: -0.898077 Q: 1.31375
T: -0.898077 Q: 1.3386
T: -0.879327 Q: -0.0763904
T: -0.842396 Q: 0.886138
T: -0.788406 Q: -0.0292514
T: -0.718998 Q: -0.0150325
T: -0.636282 Q: 0.919952
T: -0.542769 Q: -0.0134278
T: -0.441302 Q: 0.864679
T: -0.334963 Q: -0.00821383
T: -0.226984 Q: -0.00776113
T: -0.120645 Q: -0.00623103
T: -0.0191777 Q: 0.89428
T: 0.074335 Q: -0.0117906
T: 0.157052 Q: 1.24285
T: 0.22646 Q: 1.1315
T: 0.280449 Q: 1.34864
T: 0.31738 Q: 1.08861
T: 0.336131 Q: -0.0258023
T: 0.336131 Q: 0.89282
T: 0.31738 Q: -0.0252543
T: 0.280449 Q: 0.780227
T: 0.22646 Q: -0.0406128
T: 0.157052 Q: -0.048509
T: 0.074335 Q: -0.0443188
T: -0.0191777 Q: -0.0481422
T: -0.120645 Q: -0.0507045
T: -0.226984 Q: -0.0602288
Sec_Event 19654061 N50: 32
T: -0.723861 Q: -0.000827483
T: -0.759935 Q: -0.000266255
T: -0.794356 Q: -0.000342551
T: -0.826078 Q: -0.000332261
T: -0.854138 Q: 1.29817
T: -0.895998 Q: 1.21014
T: -0.908527 Q: -0.00048016
T: -0.914887 Q: -0.00105207
T: -0.908527 Q: 1.08881
T: -0.895998 Q: -0.000327542
T: -0.877684 Q: -0.000453354
T: -0.854138 Q: -0.000361513
T: -0.826078 Q: -0.000335229
T: -0.794356 Q: 1.14738
T: -0.759935 Q: -0.000290582
T: -0.723861 Q: -0.000760023
T: -0.687231 Q: -0.000943483
T: -0.651158 Q: 0.780007
T: -0.616737 Q: -0.000932885
T: -0.585015 Q: -0.000531735
T: -0.556955 Q: 0.942841
T: -0.533409 Q: -0.00135911
T: -0.515094 Q: -0.00115121
T: -0.502566 Q: -0.00146128
T: -0.496205 Q: -0.00121001
T: -0.496205 Q: -0.00184677
T: -0.502566 Q: -0.0016727
T: -0.515094 Q: 0.939727
T: -0.533409 Q: -0.00172496
T: -0.556955 Q: -0.00176079
T: -0.585015 Q: -0.001319
T: -0.616737 Q: -0.000862537
T: -0.651158 Q: 0.856099
T: -0.687231 Q: -0.00127661
Sec_Event 20683808 N50: 36
T: 0.495443 Q: -0.0410581
T: 0.415855 Q: 2.9063
T: 0.339914 Q: 1.47474
T: 0.269926 Q: -0.0344238
T: 0.208018 Q: 2.53185
T: 0.156071 Q: -0.0223355
T: 0.115664 Q: 1.33355
T: 0.0880235 Q: -0.0199189
T: 0.0739901 Q: -0.0226197
T: 0.0739901 Q: 1.7173
T: 0.0880235 Q: -0.0195065
T: 0.115664 Q: 1.46383
T: 0.156071 Q: -0.0146247
T: 0.208018 Q: -0.013498
T: 0.269926 Q: 1.31208
T: 0.339914 Q: -0.0174386
T: 0.415855 Q: 1.34475
T: 0.495443 Q: -0.0133889
T: 0.576258 Q: -0.0174715
T: 0.655845 Q: -0.0242358
T: 0.731786 Q: -0.0271386
T: 0.801774 Q: -0.0351955
T: 0.863682 Q: 1.01517
T: 0.915629 Q: 1.12215
T: 0.956036 Q: -0.0498
T: 0.983677 Q: -0.0451065
T: 0.99771 Q: 1.37716
T: 0.99771 Q: -0.0381442
T: 0.983677 Q: -0.0429911
T: 0.956036 Q: -0.0493669
T: 0.915629 Q: -0.0460439
T: 0.863682 Q: -0.0575372
T: 0.801774 Q: 1.73332
T: 0.731786 Q: -0.0692349
T: 0.655845 Q: -0.0671794
T: 0.576258 Q: -0.0736046
400000/777597
Sec_Event 23698074 N50: 50
T: -0.339971 Q: -0.0370845
T: -0.445979 Q: -0.0327199
T: -0.547132 Q: -0.0432253
T: -0.640354 Q: 1.29625
T: -0.722814 Q: 4.20046
T: -0.792006 Q: -0.063837
T: -0.845828 Q: 1.43215
T: -0.882644 Q: 1.50022
T: -0.901336 Q: 2.80594
T: -0.901336 Q: 2.87659
T: -0.882644 Q: -0.0521793
T: -0.845828 Q: 1.11006
T: -0.792006 Q: 1.22837
T: -0.722814 Q: 1.19389
T: -0.640354 Q: 1.33198
T: -0.547132 Q: -0.0154635
T: -0.445979 Q: 1.17255
T: -0.339971 Q: -0.0118999
T: -0.232327 Q: -0.00901123
T: -0.126319 Q: -0.00780518
T: -0.0251665 Q: 1.58137
T: 0.0680558 Q: -0.00769258
T: 0.150516 Q: 2.97322
T: 0.219708 Q: -0.0108339
T: 0.27353 Q: 1.361
T: 0.310346 Q: 1.26747
T: 0.329038 Q: 1.58002
T: 0.329038 Q: -0.0150905
T: 0.310346 Q: 0.963655
T: 0.27353 Q: -0.0181819
T: 0.219708 Q: -0.0220781
T: 0.150516 Q: 2.86245
T: 0.0680558 Q: -0.0206162
T: -0.0251665 Q: 1.22215
T: -0.126319 Q: -0.0255486
T: -0.232327 Q: 1.1584
Sec_Event 24802041 N50: 26
T: -0.0746405 Q: -0.0251475
T: -0.189478 Q: -0.0201844
T: -0.299055 Q: -0.0189516
T: -0.400041 Q: -0.0204756
T: -0.489368 Q: -0.0251945
T: -0.564323 Q: -0.0320564
T: -0.622628 Q: -0.0350755
T: -0.66251 Q: -0.0296971
T: -0.682759 Q: -0.0315715
T: -0.682759 Q: -0.0286085
T: -0.66251 Q: 1.08603
T: -0.622628 Q: -0.0256256
T: -0.564323 Q: -0.0201946
T: -0.489368 Q: -0.0140953
T: -0.400041 Q: 1.09491
T: -0.299055 Q: -0.014837
T: -0.189478 Q: -0.0088763
T: -0.0746405 Q: -0.0154923
T: 0.0419684 Q: -0.00769782
T: 0.156806 Q: -0.0117594
T: 0.266382 Q: -0.0115818
T: 0.367369 Q: -0.0157748
T: 0.456696 Q: -0.0222824
T: 0.531651 Q: 1.22867
T: 0.589956 Q: -0.0158004
T: 0.629838 Q: -0.0169916
T: 0.650087 Q: -0.0215349
T: 0.650087 Q: -0.0157851
T: 0.629838 Q: 2.0744
T: 0.589956 Q: -0.0198257
T: 0.531651 Q: -0.0224667
T: 0.456696 Q: -0.0217299
T: 0.367369 Q: 1.04399
T: 0.266382 Q: -0.0211472
T: 0.156806 Q: 1.05456
T: 0.0419684 Q: 1.21588
Sec_Event 25711860 N50: 34
T: -0.639104 Q: -0.0498917
T: -0.70575 Q: -0.0499776
T: -0.769343 Q: -0.0387767
T: -0.82795 Q: -0.0321076
T: -0.879791 Q: -0.0268117
T: -0.923291 Q: 0.827605
T: -0.957128 Q: -0.0211841
T: -0.980274 Q: 0.967674
T: -0.992026 Q: -0.0223191
T: -0.992026 Q: -0.0201313
T: -0.980274 Q: -0.0180084
T: -0.957128 Q: -0.0173476
T: -0.923291 Q: -0.0209397
T: -0.879791 Q: 2.50399
T: -0.82795 Q: -0.0222285
T: -0.769343 Q: 0.824126
T: -0.70575 Q: 0.97958
T: -0.639104 Q: -0.0276698
T: -0.57143 Q: -0.0383429
T: -0.504784 Q: -0.0355181
T: -0.441191 Q: -0.0417717
T: -0.382584 Q: -0.052724
T: -0.330742 Q: -0.0528437
T: -0.287242 Q: -0.060045
T: -0.253405 Q: -0.0620959
T: -0.230259 Q: 5.00768
T: -0.218508 Q: 1.67294
T: -0.218508 Q: -0.0591007
T: -0.230259 Q: -0.0721578
T: -0.253405 Q: -0.0577529
T: -0.287242 Q: -0.0701974
T: -0.330742 Q: 1.40967
T: -0.382584 Q: -0.0672453
T: -0.441191 Q: -0.0568307
T: -0.504784 Q: -0.0560649
T: -0.57143 Q: 1.29146
Sec_Event 26500046 N50: 32
T: 0.488266 Q: 2.48894
T: 0.407624 Q: -0.0333916
T: 0.330676 Q: -0.0424078
T: 0.259761 Q: -0.0401114
T: 0.197032 Q: -0.0410981
T: 0.144397 Q: 1.53432
T: 0.103454 Q: 1.37149
T: 0.0754474 Q: 1.29878
T: 0.061228 Q: -0.028716
T: 0.061228 Q: -0.0351422
T: 0.0754474 Q: -0.027967
T: 0.103454 Q: -0.0318755
T: 0.144397 Q: 1.157
T: 0.197032 Q: 2.61844
T: 0.259761 Q: -0.0267246
T: 0.330676 Q: -0.0179618
T: 0.407624 Q: -0.0199435
T: 0.488266 Q: -0.0211016
T: 0.570152 Q: -0.0216665
T: 0.650793 Q: -0.0194812
T: 0.727741 Q: -0.0231793
T: 0.798656 Q: -0.0233877
T: 0.861385 Q: 2.32712
T: 0.91402 Q: -0.0165772
T: 0.954963 Q: -0.0136063
T: 0.98297 Q: 1.53503
T: 0.997189 Q: -0.0144701
T: 0.997189 Q: -0.014566
T: 0.98297 Q: 1.17193
T: 0.954963 Q: -0.0146534
T: 0.91402 Q: 1.38239
T: 0.861385 Q: -0.0243584
T: 0.798656 Q: -0.0254879
T: 0.727741 Q: -0.039605
T: 0.650793 Q: -0.0462139
T: 0.570152 Q: -0.0457198
Sec_Event 27490113 N50: 25
T: -0.180294 Q: -0.00602452
T: -0.293581 Q: -0.00611632
T: -0.401677 Q: -0.00782614
T: -0.5013 Q: 1.12329
T: -0.589422 Q: -0.0105665
T: -0.663364 Q: -0.0126014
T: -0.720881 Q: -0.0208779
T: -0.760225 Q: -0.0438092
T: -0.780201 Q: -0.0481302
T: -0.780201 Q: -0.0442041
T: -0.760225 Q: -0.0524818
T: -0.720881 Q: -0.0639267
T: -0.663364 Q: -0.0732946
T: -0.589422 Q: -0.0708824
T: -0.5013 Q: -0.0570277
T: -0.401677 Q: 1.26302
T: -0.293581 Q: -0.0436389
T: -0.180294 Q: -0.0515418
T: -0.0652596 Q: -0.0411329
T: 0.0480271 Q: -0.0539467
T: 0.156124 Q: -0.0382616
T: 0.255747 Q: -0.0389569
T: 0.343868 Q: -0.0353323
T: 0.417811 Q: -0.0305347
T: 0.475328 Q: 1.19675
T: 0.514672 Q: -0.0186999
T: 0.534647 Q: 1.03694
T: 0.534647 Q: -0.0184716
T: 0.514672 Q: -0.0121836
T: 0.475328 Q: 0.965273
T: 0.417811 Q: 2.12481
T: 0.343868 Q: -0.00902627
T: 0.255747 Q: 2.03925
T: 0.156124 Q: -0.0043192
T: 0.0480271 Q: -0.00631098
T: -0.0652596 Q: -0.0034739
Sec_Event 27933505 N50: 30
T: 0.622914 Q: -0.00933489
T: 0.567525 Q: 1.05313
T: 0.514673 Q: -0.0228205
T: 0.465965 Q: -0.0259663
T: 0.42288 Q: -0.021921
T: 0.386727 Q: -0.0252981
T: 0.358605 Q: -0.0175874
T: 0.339369 Q: 0.943403
T: 0.329602 Q: 0.996585
T: 0.329602 Q: -0.0125071
T: 0.339369 Q: -0.00910224
T: 0.358605 Q: 0.908533
T: 0.386727 Q: -0.00780529
T: 0.42288 Q: -0.00808136
T: 0.465965 Q: -0.00483331
T: 0.514673 Q: 0.976162
T: 0.567525 Q: -0.00327586
T: 0.622914 Q: -0.00338908
T: 0.679158 Q: 0.905721
T: 0.734547 Q: 1.08576
T: 0.787399 Q: -0.00324563
T: 0.836107 Q: 1.15482
T: 0.879192 Q: -0.00261282
T: 0.915345 Q: -0.00402422
T: 0.943467 Q: 0.984978
T: 0.962703 Q: 0.98604
T: 0.97247 Q: 0.929841
T: 0.97247 Q: -0.00160554
T: 0.962703 Q: 0.90963
T: 0.943467 Q: -0.00274327
T: 0.915345 Q: -0.00259884
T: 0.879192 Q: -0.00400835
T: 0.836107 Q: -0.00450195
T: 0.787399 Q: -0.00352745
T: 0.734547 Q: -0.00588458
T: 0.679158 Q: 0.93544
500000/777597
Sec_Event 28743354 N50: 25
T: 0.346631 Q: -0.0076683
T: 0.24943 Q: -0.00536309
T: 0.156683 Q: -0.00528144
T: 0.071206 Q: -0.0067002
T: -0.0044025 Q: -0.00714758
T: -0.0678456 Q: -0.00809832
T: -0.117196 Q: 1.36437
T: -0.150953 Q: -0.00956387
T: -0.168092 Q: -0.0159457
T: -0.168092 Q: -0.0150991
T: -0.150953 Q: -0.0147582
T: -0.117196 Q: -0.0193856
T: -0.0678456 Q: -0.0118096
T: -0.0044025 Q: -0.0158561
T: 0.071206 Q: -0.0185776
T: 0.156683 Q: 1.33031
T: 0.24943 Q: -0.0230502
T: 0.346631 Q: -0.0235235
T: 0.445331 Q: -0.027271
T: 0.542531 Q: -0.0380621
T: 0.635279 Q: -0.0468023
T: 0.720755 Q: -0.0696176
T: 0.796364 Q: -0.057466
T: 0.859807 Q: 1.2175
T: 0.909157 Q: -0.041933
T: 0.942914 Q: -0.0359337
T: 0.960053 Q: 1.21589
T: 0.960053 Q: -0.0330638
T: 0.942914 Q: 0.944615
T: 0.909157 Q: -0.0413674
T: 0.859807 Q: 0.918292
T: 0.796364 Q: -0.0238962
T: 0.720755 Q: -0.0163472
T: 0.635279 Q: -0.0159439
T: 0.542531 Q: -0.0109486
T: 0.445331 Q: 1.13336
Sec_Event 29973013 N50: 31
T: -0.592942 Q: -0.00859919
T: -0.669489 Q: -0.00615076
T: -0.74253 Q: 0.946333
T: -0.809844 Q: -0.0038331
T: -0.869388 Q: 1.07959
T: -0.91935 Q: -0.00295253
T: -0.958215 Q: -0.00221783
T: -0.984799 Q: -0.00221746
T: -0.998296 Q: 2.44295
T: -0.998296 Q: 1.26701
T: -0.984799 Q: -0.00176785
T: -0.958215 Q: -0.00396317
T: -0.91935 Q: 2.12518
T: -0.869388 Q: -0.00216191
T: -0.809844 Q: -0.0040899
T: -0.74253 Q: 2.13655
T: -0.669489 Q: -0.00706804
T: -0.592942 Q: -0.00751584
T: -0.515214 Q: -0.00947349
T: -0.438666 Q: -0.0087627
T: -0.365626 Q: -0.00883114
T: -0.298311 Q: 2.7806
T: -0.238768 Q: 2.50618
T: -0.188805 Q: -0.00562692
T: -0.149941 Q: -0.00630262
T: -0.123356 Q: 1.16857
T: -0.109859 Q: 1.1188
T: -0.109859 Q: 2.41158
T: -0.123356 Q: 1.17793
T: -0.149941 Q: -0.0112181
T: -0.188805 Q: -0.00676847
T: -0.238768 Q: 1.06634
T: -0.298311 Q: -0.0114101
T: -0.365626 Q: 1.18227
T: -0.438666 Q: -0.010781
T: -0.515214 Q: -0.0117563
Sec_Event 30913879 N50: 32
T: 0.120388 Q: 1.50371
T: 0.00882967 Q: -0.0187846
T: -0.0976182 Q: -0.0147682
T: -0.195721 Q: -0.0174707
T: -0.282498 Q: -0.0238248
T: -0.355313 Q: -0.0187998
T: -0.411953 Q: -0.0176216
T: -0.450696 Q: -0.0205566
T: -0.470367 Q: 1.32609
T: -0.470367 Q: -0.0165345
T: -0.450696 Q: -0.0142127
T: -0.411953 Q: 1.50812
T: -0.355313 Q: 1.36842
T: -0.282498 Q: 1.3162
T: -0.195721 Q: -0.00886637
T: -0.0976182 Q: 1.24757
T: 0.00882967 Q: 1.6276
T: 0.120388 Q: -0.0112097
T: 0.233668 Q: -0.0155592
T: 0.345226 Q: -0.0115096
T: 0.451674 Q: 1.5534
T: 0.549777 Q: -0.0152617
T: 0.636554 Q: -0.0231727
T: 0.709369 Q: -0.0255027
T: 0.766008 Q: 1.18192
T: 0.804752 Q: -0.0371178
T: 0.824423 Q: -0.0308463
T: 0.824423 Q: -0.0254552
T: 0.804752 Q: 1.52756
T: 0.766008 Q: 1.29317
T: 0.709369 Q: -0.0341694
T: 0.636554 Q: -0.0341414
T: 0.549777 Q: -0.031049
T: 0.451674 Q: 1.21887
T: 0.345226 Q: -0.0285215
T: 0.233668 Q: -0.0194011
Sec_Event 31950769 N50: 46
T: -0.459263 Q: 1.08204
T: -0.554997 Q: 1.02965
T: -0.646346 Q: 2.37226
T: -0.730534 Q: 1.05673
T: -0.805002 Q: 1.11413
T: -0.867488 Q: -0.0462104
T: -0.916094 Q: -0.0582301
T: -0.949342 Q: 1.49789
T: -0.966222 Q: -0.044237
T: -0.966222 Q: -0.051571
T: -0.949342 Q: -0.0469342
T: -0.916094 Q: -0.0519112
T: -0.867488 Q: 3.07296
T: -0.805002 Q: -0.07281
T: -0.730534 Q: -0.0877869
T: -0.646346 Q: 1.56026
T: -0.554997 Q: 1.52645
T: -0.459263 Q: 1.49512
T: -0.362051 Q: 1.94309
T: -0.266317 Q: -0.0701285
T: -0.174968 Q: 1.46337
T: -0.0907808 Q: -0.0666559
T: -0.0163126 Q: -0.0608568
T: 0.0461736 Q: 1.42267
T: 0.0947793 Q: -0.0560758
T: 0.128028 Q: 1.84397
T: 0.144908 Q: -0.0494901
T: 0.144908 Q: -0.0346059
T: 0.128028 Q: 1.48989
T: 0.0947793 Q: -0.0317696
T: 0.0461736 Q: 1.08556
T: -0.0163126 Q: -0.0264336
T: -0.0907808 Q: -0.0206665
T: -0.174968 Q: -0.0149991
T: -0.266317 Q: -0.0157358
T: -0.362051 Q: -0.0173654
Sec_Event 31950769 N50: 41
T: 0.45266 Q: 0.906343
T: 0.367135 Q: 1.90596
T: 0.285528 Q: -0.00627999
T: 0.210318 Q: 1.95846
T: 0.143792 Q: 0.951027
T: 0.0879692 Q: -0.00160992
T: 0.044547 Q: -0.00117428
T: 0.0148444 Q: -0.000579803
T: -0.000235996 Q: 1.28165
T: -0.000235996 Q: -0.000312838
T: 0.0148444 Q: 1.3642
T: 0.044547 Q: 1.60928
T: 0.0879692 Q: 1.39908
T: 0.143792 Q: 1.55043
T: 0.210318 Q: -0.000686274
T: 0.285528 Q: -0.000830201
T: 0.367135 Q: -0.000679798
T: 0.45266 Q: -0.00160448
T: 0.539505 Q: -0.000338268
T: 0.62503 Q: 2.4618
T: 0.706637 Q: -0.00194942
T: 0.781846 Q: 1.35525
T: 0.848373 Q: -0.00277155
T: 0.904196 Q: -0.00504596
T: 0.947618 Q: -0.00397371
T: 0.977321 Q: 1.33545
T: 0.992401 Q: 1.16228
T: 0.992401 Q: -0.00265092
T: 0.977321 Q: 1.54548
T: 0.947618 Q: 2.78662
T: 0.904196 Q: 1.04154
T: 0.848373 Q: -0.00369894
T: 0.781846 Q: 2.43186
T: 0.706637 Q: 1.24582
T: 0.62503 Q: -0.00914298
T: 0.539505 Q: -0.0117687
Sec_Event 33391582 N50: 31
T: 0.147754 Q: -0.0316976
T: 0.037294 Q: 1.3371
T: -0.0681056 Q: -0.0380542
T: -0.165242 Q: -0.0315201
T: -0.251165 Q: 1.4425
T: -0.323262 Q: -0.0387684
T: -0.379344 Q: 1.85449
T: -0.417706 Q: -0.0474523
T: -0.437184 Q: -0.0554021
T: -0.437184 Q: 1.39383
T: -0.417706 Q: -0.0455936
T: -0.379344 Q: -0.0460748
T: -0.323262 Q: -0.0413801
T: -0.251165 Q: -0.0323908
T: -0.165242 Q: -0.0323756
T: -0.0681056 Q: -0.0281267
T: 0.037294 Q: -0.030769
T: 0.147754 Q: -0.0312119
T: 0.259918 Q: -0.028077
T: 0.370377 Q: -0.0323413
T: 0.475777 Q: 1.25544
T: 0.572914 Q: -0.0311641
T: 0.658836 Q: -0.0278987
T: 0.730934 Q: -0.0213683
T: 0.787016 Q: -0.0225903
T: 0.825378 Q: -0.0168941
T: 0.844855 Q: -0.0127121
T: 0.844855 Q: 2.65257
T: 0.825378 Q: -0.0165341
T: 0.787016 Q: 1.32148
T: 0.730934 Q: -0.0224658
T: 0.658836 Q: -0.0313924
T: 0.572914 Q: 1.3957
T: 0.475777 Q: -0.0341367
T: 0.370377 Q: -0.0326005
T: 0.259918 Q: -0.0330662
600000/777597
Sec_Event 35693673 N50: 43
T: 0.474882 Q: -0.00793785
T: 0.392339 Q: -0.00459321
T: 0.313577 Q: -0.00516332
T: 0.240989 Q: 1.23473
T: 0.176782 Q: -0.00282545
T: 0.122905 Q: -0.00190701
T: 0.0809966 Q: 1.33581
T: 0.0523295 Q: 1.47795
T: 0.0377749 Q: 2.79529
T: 0.0377749 Q: 1.28181
T: 0.0523295 Q: -0.00107505
T: 0.0809966 Q: -0.00061615
T: 0.122905 Q: 1.27074
T: 0.176782 Q: 1.2288
T: 0.240989 Q: 1.56736
T: 0.313577 Q: 1.08496
T: 0.392339 Q: -0.00137991
T: 0.474882 Q: -0.00130704
T: 0.558699 Q: 0.941048
T: 0.641243 Q: -0.00258815
T: 0.720005 Q: 0.932331
T: 0.792593 Q: -0.00668804
T: 0.8568 Q: 0.908439
T: 0.910677 Q: -0.0118399
T: 0.952585 Q: -0.00793983
T: 0.981252 Q: -0.00778244
T: 0.995807 Q: -0.0130955
T: 0.995807 Q: -0.00766032
T: 0.981252 Q: 1.18299
T: 0.952585 Q: -0.0118169
T: 0.910677 Q: -0.00872143
T: 0.8568 Q: -0.0112328
T: 0.792593 Q: -0.0131263
T: 0.720005 Q: -0.0171969
T: 0.641243 Q: -0.017913
T: 0.558699 Q: -0.00956537
Sec_Event 36531391 N50: 31
T: -0.731036 Q: -0.00450431
T: -0.762244 Q: -0.00638666
T: -0.792022 Q: -0.00630023
T: -0.819465 Q: -0.00620887
T: -0.84374 Q: 1.19995
T: -0.86411 Q: -0.00606152
T: -0.879954 Q: -0.00500138
T: -0.890792 Q: 1.00548
T: -0.896295 Q: -0.00394278
T: -0.896295 Q: -0.00495354
T: -0.890792 Q: -0.00633978
T: -0.879954 Q: -0.00535254
T: -0.86411 Q: -0.00508344
T: -0.84374 Q: -0.00607633
T: -0.819465 Q: 1.10264
T: -0.792022 Q: -0.00802736
T: -0.762244 Q: -0.00625238
T: -0.731036 Q: -0.0100093
T: -0.699347 Q: -0.011033
T: -0.668139 Q: -0.0128321
T: -0.638361 Q: -0.0171358
T: -0.610918 Q: -0.0151132
T: -0.586643 Q: -0.0158426
T: -0.566273 Q: -0.0175817
T: -0.550429 Q: 1.22459
T: -0.53959 Q: 1.06806
T: -0.534088 Q: -0.0124427
T: -0.534088 Q: -0.0113475
T: -0.53959 Q: 1.0219
T: -0.550429 Q: 1.06199
T: -0.566273 Q: -0.00800285
T: -0.586643 Q: -0.00734493
T: -0.610918 Q: -0.00593633
T: -0.638361 Q: -0.00651876
T: -0.668139 Q: -0.00623331
T: -0.699347 Q: -0.00536335
Sec_Event 36695852 N50: 46
T: 0.452591 Q: -0.0145141
T: 0.367057 Q: 1.0483
T: 0.285441 Q: -0.0081939
T: 0.210224 Q: -0.00722854
T: 0.14369 Q: 1.01891
T: 0.0878614 Q: -0.00576251
T: 0.0444345 Q: -0.00272726
T: 0.0147289 Q: -0.00158595
T: -0.00035311 Q: 1.22993
T: -0.00035311 Q: 1.0691
T: 0.0147289 Q: -0.00153382
T: 0.0444345 Q: -0.00222695
T: 0.0878614 Q: 2.64396
T: 0.14369 Q: 1.27041
T: 0.210224 Q: -0.000368084
T: 0.285441 Q: -0.00166221
T: 0.367057 Q: 1.11177
T: 0.452591 Q: -0.00202589
T: 0.539444 Q: 1.0314
T: 0.624978 Q: 1.07002
T: 0.706594 Q: 2.39368
T: 0.781812 Q: -0.00305225
T: 0.848345 Q: 1.03722
T: 0.904174 Q: 1.93571
T: 0.947601 Q: -0.0282156
T: 0.977306 Q: 1.47274
T: 0.992388 Q: 0.928204
T: 0.992388 Q: 1.438
T: 0.977306 Q: -0.0237947
T: 0.947601 Q: 1.2365
T: 0.904174 Q: 1.10934
T: 0.848345 Q: 1.99949
T: 0.781812 Q: -0.0450833
T: 0.706594 Q: 0.890284
T: 0.624978 Q: 1.87066
T: 0.539444 Q: -0.018206
Sec_Event 36727861 N50: 27
T: 0.478217 Q: 1.06618
T: 0.39614 Q: -0.00691202
T: 0.317823 Q: 1.9412
T: 0.245645 Q: 0.907175
T: 0.1818 Q: 0.853785
T: 0.128228 Q: -0.00217759
T: 0.0865561 Q: -0.00134922
T: 0.0580509 Q: 0.851533
T: 0.0435785 Q: -0.000881227
T: 0.0435785 Q: 1.21478
T: 0.0580509 Q: -0.00037088
T: 0.0865561 Q: 1.27529
T: 0.128228 Q: -0.000284439
T: 0.1818 Q: -0.00288433
T: 0.245645 Q: -0.000580371
T: 0.317823 Q: 0.941636
T: 0.478217 Q: -0.000525514
T: 0.561561 Q: -0.00165844
T: 0.643638 Q: -0.000559746
T: 0.721956 Q: -0.000748823
T: 0.794133 Q: -0.000820393
T: 0.857978 Q: -0.00136804
T: 0.911551 Q: 1.09594
T: 0.953222 Q: 1.11126
T: 0.981727 Q: -0.00298381
T: 0.9962 Q: -0.00139808
T: 0.981727 Q: -0.000799914
T: 0.953222 Q: -0.000958712
T: 0.911551 Q: 1.00361
T: 0.857978 Q: -0.00137885
T: 0.794133 Q: -0.00184532
T: 0.721956 Q: -0.00349164
T: 0.643638 Q: -0.004389
T: 0.561561 Q: -0.00523161
Sec_Event 36727861 N50: 34
T: -0.620101 Q: -0.00144445
T: -0.691128 Q: -0.00217071
T: -0.758901 Q: -0.00419896
T: -0.821361 Q: -0.00551512
T: -0.87661 Q: -0.0120521
T: -0.922969 Q: -0.0244323
T: -0.959031 Q: -0.0697508
T: -0.983698 Q: -0.0770641
T: -0.996222 Q: -0.0687278
T: -0.996222 Q: -0.0590202
T: -0.983698 Q: -0.055588
T: -0.959031 Q: -0.0632447
T: -0.922969 Q: 1.54877
T: -0.87661 Q: -0.0863191
T: -0.821361 Q: 1.93648
T: -0.758901 Q: -0.0439088
T: -0.691128 Q: -0.027287
T: -0.620101 Q: -0.0192324
T: -0.547978 Q: -0.00983035
T: -0.476951 Q: -0.00985661
T: -0.409178 Q: -0.00964879
T: -0.346718 Q: -0.00467166
T: -0.291469 Q: -0.00461204
T: -0.245109 Q: 1.20341
T: -0.209048 Q: -0.000995956
T: -0.18438 Q: -0.00134329
T: -0.171857 Q: 1.31395
T: -0.171857 Q: -0.00120574
T: -0.18438 Q: -0.000378359
T: -0.209048 Q: -0.000671516
T: -0.245109 Q: -0.000757997
T: -0.291469 Q: 1.25476
T: -0.346718 Q: -0.000327933
T: -0.409178 Q: 1.26061
T: -0.476951 Q: -0.000636559
T: -0.547978 Q: 1.00099
Sec_Event 37015801 N50: 35
T: 0.341482 Q: -0.00186146
T: 0.243808 Q: 1.04058
T: 0.150608 Q: 1.01981
T: 0.064715 Q: -0.00198609
T: -0.0112619 Q: -0.00175972
T: -0.0750141 Q: -0.00198569
T: -0.124604 Q: -0.00332136
T: -0.158526 Q: -0.00296631
T: -0.175749 Q: -0.00154363
T: -0.175749 Q: -0.00551758
T: -0.158526 Q: -0.00371596
T: -0.124604 Q: 1.19908
T: -0.0750141 Q: -0.00475647
T: -0.0112619 Q: 1.31326
T: 0.064715 Q: 1.35315
T: 0.150608 Q: 1.15479
T: 0.243808 Q: -0.00616351
T: 0.341482 Q: -0.00973453
T: 0.440663 Q: -0.0107969
T: 0.538337 Q: -0.0107289
T: 0.631536 Q: -0.016352
T: 0.717429 Q: -0.0299672
T: 0.793406 Q: -0.0395877
T: 0.857158 Q: 0.895649
T: 0.906749 Q: 0.866736
T: 0.94067 Q: -0.0373924
T: 0.957893 Q: -0.0361118
T: 0.957893 Q: -0.0284964
T: 0.94067 Q: -0.0328396
T: 0.906749 Q: -0.0389049
T: 0.857158 Q: -0.0207231
T: 0.793406 Q: 0.971907
T: 0.717429 Q: -0.00557878
T: 0.631536 Q: -0.00675729
T: 0.538337 Q: -0.00467015
T: 0.440663 Q: 1.03247
Sec_Event 37321355 N50: 33
T: 0.319151 Q: -0.00421378
T: 0.219512 Q: -0.00336726
T: 0.124437 Q: -0.00442068
T: 0.0368161 Q: 1.05694
T: -0.0406895 Q: 1.14517
T: -0.105724 Q: 0.941871
T: -0.156313 Q: 1.05955
T: -0.190917 Q: -0.00180477
T: -0.208486 Q: 0.983734
T: -0.208486 Q: 1.04623
T: -0.190917 Q: -0.00269773
T: -0.156313 Q: 1.10623
T: -0.105724 Q: 1.42608
T: -0.0406895 Q: 1.15767
T: 0.0368161 Q: -0.00203341
T: 0.124437 Q: -0.00238892
T: 0.219512 Q: 0.958166
T: 0.319151 Q: 1.12558
T: 0.420327 Q: -0.00959345
T: 0.519967 Q: 1.06592
T: 0.615041 Q: -0.00521824
T: 0.702663 Q: -0.00671093
T: 0.780168 Q: 0.89425
T: 0.845203 Q: 0.930358
T: 0.895791 Q: -0.034212
T: 0.930395 Q: -0.0445107
T: 0.947964 Q: 1.9122
T: 0.947964 Q: -0.0453865
T: 0.930395 Q: 0.813266
T: 0.895791 Q: -0.0514256
T: 0.845203 Q: 0.929587
T: 0.780168 Q: 0.865287
T: 0.702663 Q: -0.0166501
T: 0.615041 Q: 1.02125
T: 0.519967 Q: -0.0089706
T: 0.420327 Q: -0.00613273
Sec_Event 37321355 N50: 38
T: -0.690209 Q: -0.00691043
T: -0.741783 Q: 1.0143
T: -0.790995 Q: -0.00480048
T: -0.836349 Q: 1.3809
T: -0.876466 Q: -0.00246819
T: -0.910129 Q: -0.00156013
T: -0.936314 Q: -0.00197287
T: -0.954226 Q: -0.00112777
T: -0.963319 Q: 1.11118
T: -0.963319 Q: -0.000714338
T: -0.954226 Q: -0.00156374
T: -0.936314 Q: -0.00114907
T: -0.910129 Q: 1.252
T: -0.876466 Q: 1.13133
T: -0.836349 Q: 1.20494
T: -0.790995 Q: -0.00159663
T: -0.741783 Q: -0.00263827
T: -0.690209 Q: 1.06449
T: -0.637839 Q: 1.01895
T: -0.586265 Q: 0.964904
T: -0.537053 Q: -0.00756823
T: -0.491699 Q: 1.02313
T: -0.451582 Q: -0.011958
T: -0.417919 Q: -0.0148057
T: -0.391734 Q: -0.0223816
T: -0.373823 Q: 1.0626
T: -0.364729 Q: 1.68504
T: -0.364729 Q: -0.0244705
T: -0.373823 Q: 1.07148
T: -0.391734 Q: -0.0261369
T: -0.417919 Q: -0.0222006
T: -0.451582 Q: -0.0135052
T: -0.491699 Q: -0.0136517
T: -0.537053 Q: 0.947298
T: -0.586265 Q: -0.00587797
T: -0.637839 Q: 1.03254
Sec_Event 38401405 N50: 53
T: 0.346357 Q: -0.0503303
T: 0.249132 Q: 1.19313
T: 0.15636 Q: -0.0310722
T: 0.0708611 Q: 2.09931
T: -0.00476708 Q: 2.75595
T: -0.0682267 Q: 4.58903
T: -0.117589 Q: 2.78546
T: -0.151356 Q: 1.22157
T: -0.168499 Q: -0.0161738
T: -0.168499 Q: 0.708938
T: -0.151356 Q: -0.016285
T: -0.117589 Q: 0.768176
T: -0.0682267 Q: -0.018527
T: -0.00476708 Q: 1.1165
T: 0.0708611 Q: -0.0168899
T: 0.15636 Q: -0.0182579
T: 0.249132 Q: 2.32131
T: 0.346357 Q: -0.0201955
T: 0.445083 Q: -0.0170946
T: 0.542309 Q: 2.03618
T: 0.635081 Q: 1.10148
T: 0.720579 Q: -0.0244472
T: 0.796208 Q: 0.907646
T: 0.859667 Q: 0.925338
T: 0.90903 Q: 1.13319
T: 0.942796 Q: -0.0588703
T: 0.95994 Q: 1.02954
T: 0.95994 Q: -0.0564669
T: 0.942796 Q: 1.47096
T: 0.90903 Q: -0.0668902
T: 0.859667 Q: 2.83096
T: 0.796208 Q: 1.17757
T: 0.720579 Q: -0.0850502
T: 0.635081 Q: 1.25985
T: 0.542309 Q: -0.0443031
T: 0.445083 Q: 1.13891
Sec_Event 38517531 N50: 38
T: -0.105451 Q: -0.0212509
T: -0.220084 Q: -0.0223364
T: -0.329465 Q: -0.0257216
T: -0.430272 Q: 2.4365
T: -0.51944 Q: -0.033836
T: -0.594261 Q: -0.0388344
T: -0.652462 Q: -0.040514
T: -0.692273 Q: -0.0391767
T: -0.712486 Q: 0.930989
T: -0.712486 Q: -0.0237856
T: -0.692273 Q: -0.0232216
T: -0.652462 Q: 1.00799
T: -0.594261 Q: -0.0115245
T: -0.51944 Q: -0.0121619
T: -0.430272 Q: -0.00771955
T: -0.329465 Q: -0.00549519
T: -0.220084 Q: 1.47752
T: -0.105451 Q: 1.41125
T: 0.01095 Q: -0.00656342
T: 0.125583 Q: 2.24681
T: 0.234964 Q: -0.00528329
T: 0.33577 Q: -0.00488635
T: 0.424939 Q: 0.879839
T: 0.49976 Q: 0.996468
T: 0.557961 Q: -0.00210536
T: 0.597772 Q: 0.975022
T: 0.617985 Q: -0.00164809
T: 0.617985 Q: -0.00251168
T: 0.597772 Q: 2.07983
T: 0.557961 Q: 0.858028
T: 0.49976 Q: -0.0036677
T: 0.424939 Q: 0.914013
T: 0.33577 Q: -0.00980553
T: 0.234964 Q: -0.0185216
T: 0.125583 Q: -0.0220849
T: 0.01095 Q: -0.0153926
Sec_Event 39125964 N50: 41
T: -0.668402 Q: -0.00883078
T: -0.727155 Q: -0.00935105
T: -0.783217 Q: -0.00625561
T: -0.834884 Q: 1.10946
T: -0.880587 Q: 1.10214
T: -0.918935 Q: 1.25656
T: -0.948765 Q: -0.00423583
T: -0.96917 Q: 1.12713
T: -0.97953 Q: -0.00316818
T: -0.97953 Q: 1.26068
T: -0.96917 Q: 1.1292
T: -0.948765 Q: -0.00390868
T: -0.918935 Q: -0.0039115
T: -0.880587 Q: -0.00679931
T: -0.834884 Q: 1.12727
T: -0.783217 Q: -0.0073272
T: -0.727155 Q: 1.01164
T: -0.668402 Q: -0.0096109
T: -0.608742 Q: -0.0116954
T: -0.549988 Q: -0.0100195
T: -0.493926 Q: -0.0121785
T: -0.442259 Q: 1.30569
T: -0.396557 Q: 1.03983
T: -0.358208 Q: -0.0168334
T: -0.328378 Q: 1.31562
T: -0.307974 Q: 1.13668
T: -0.297614 Q: -0.0310596
T: -0.297614 Q: -0.0262209
T: -0.307974 Q: 0.870784
T: -0.328378 Q: -0.0263475
T: -0.358208 Q: -0.0267095
T: -0.396557 Q: -0.0301728
T: -0.442259 Q: -0.0265552
T: -0.493926 Q: 1.04776
T: -0.549988 Q: -0.0201584
T: -0.608742 Q: -0.0148267
700000/777597
Sec_Event 39944545 N50: 40
T: -0.352546 Q: 1.11731
T: -0.457692 Q: -0.00512993
T: -0.558022 Q: 1.1345
T: -0.650487 Q: 2.27691
T: -0.732276 Q: -0.00274904
T: -0.800906 Q: -0.00387234
T: -0.854291 Q: -0.00196675
T: -0.890808 Q: -0.00170799
T: -0.909348 Q: -0.00153041
T: -0.909348 Q: -0.00165501
T: -0.890808 Q: -0.00178332
T: -0.854291 Q: -0.00182867
T: -0.800906 Q: -0.00170021
T: -0.732276 Q: -0.00436329
T: -0.650487 Q: -0.00358448
T: -0.558022 Q: -0.00426256
T: -0.457692 Q: -0.00480055
T: -0.352546 Q: -0.00431277
T: -0.245777 Q: 3.60744
T: -0.14063 Q: -0.0048551
T: -0.0403 Q: -0.0025882
T: 0.0521645 Q: -0.00327014
T: 0.133954 Q: -0.00457808
T: 0.202584 Q: -0.00237656
T: 0.255968 Q: -0.00349503
T: 0.292485 Q: -0.00252964
T: 0.311026 Q: 1.16338
T: 0.311026 Q: -0.00197715
T: 0.292485 Q: 1.37077
T: 0.255968 Q: 1.1773
T: 0.202584 Q: 2.39619
T: 0.133954 Q: 1.18045
T: 0.0521645 Q: -0.00544385
T: -0.0403 Q: 1.1548
T: -0.14063 Q: -0.00251195
T: -0.245777 Q: 1.19638
Sec_Event 41740219 N50: 40
T: -0.398031 Q: -0.0114463
T: -0.499651 Q: 2.19995
T: -0.596616 Q: -0.0204385
T: -0.685979 Q: 1.09555
T: -0.765026 Q: 1.24777
T: -0.831354 Q: -0.0425939
T: -0.882948 Q: -0.0597868
T: -0.91824 Q: -0.0567191
T: -0.936159 Q: -0.0495028
T: -0.936159 Q: -0.0472032
T: -0.91824 Q: -0.0559342
T: -0.882948 Q: 2.87479
T: -0.831354 Q: -0.0644638
T: -0.765026 Q: -0.0698714
T: -0.685979 Q: 1.19458
T: -0.596616 Q: 1.51339
T: -0.499651 Q: -0.0347081
T: -0.398031 Q: -0.0383309
T: -0.294843 Q: -0.0409923
T: -0.193223 Q: -0.0320094
T: -0.0962579 Q: -0.0278711
T: -0.00689457 Q: -0.0267091
T: 0.0721519 Q: -0.025661
T: 0.13848 Q: -0.0197691
T: 0.190074 Q: -0.0235519
T: 0.225366 Q: -0.0193106
T: 0.243285 Q: -0.0186483
T: 0.243285 Q: -0.0141106
T: 0.225366 Q: 2.87015
T: 0.190074 Q: -0.0198541
T: 0.13848 Q: -0.00973982
T: 0.0721519 Q: -0.0122133
T: -0.00689457 Q: -0.00815117
T: -0.0962579 Q: -0.0118254
T: -0.193223 Q: -0.0103155
T: -0.294843 Q: -0.00931551
Sec_Event 41861184 N50: 34
T: -0.583498 Q: -0.0245218
T: -0.661795 Q: 1.03545
T: -0.736506 Q: -0.0182237
T: -0.805359 Q: 1.1151
T: -0.866264 Q: -0.0120459
T: -0.917369 Q: -0.0082837
T: -0.957122 Q: -0.00838434
T: -0.984314 Q: 1.21576
T: -0.99812 Q: -0.00735913
T: -0.99812 Q: -0.00669971
T: -0.984314 Q: -0.00763978
T: -0.957122 Q: -0.00637736
T: -0.917369 Q: -0.0136912
T: -0.866264 Q: -0.00673568
T: -0.805359 Q: -0.00540006
T: -0.736506 Q: 1.06143
T: -0.661795 Q: 0.965492
T: -0.583498 Q: -0.00112697
T: -0.503992 Q: -0.00177745
T: -0.425695 Q: -0.00143734
T: -0.350984 Q: 1.06976
T: -0.282131 Q: -0.00137252
T: -0.221226 Q: -0.00337187
T: -0.170121 Q: -0.00107814
T: -0.130368 Q: -0.00149481
T: -0.103176 Q: -0.00324004
T: -0.0893697 Q: -0.00283339
T: -0.0893697 Q: -0.00357812
T: -0.103176 Q: -0.00412853
T: -0.130368 Q: -0.0115227
T: -0.170121 Q: 0.943868
T: -0.221226 Q: -0.0122318
T: -0.282131 Q: 1.05621
T: -0.350984 Q: -0.0188904
T: -0.425695 Q: -0.0219526
T: -0.503992 Q: -0.0261073
Sec_Event 42115816 N50: 33
T: -0.00442326 Q: -0.0016047
T: -0.118988 Q: -0.00105325
T: -0.228304 Q: -0.00624454
T: -0.32905 Q: -0.00135458
T: -0.418165 Q: 1.13638
T: -0.492942 Q: 1.27415
T: -0.551108 Q: -0.00250268
T: -0.590896 Q: -0.00506138
T: -0.611096 Q: -0.00582589
T: -0.611096 Q: 0.931506
T: -0.590896 Q: -0.0123822
T: -0.551108 Q: -0.0166986
T: -0.492942 Q: -0.0140415
T: -0.418165 Q: -0.0142353
T: -0.32905 Q: -0.0135744
T: -0.228304 Q: -0.0139168
T: -0.118988 Q: 1.24449
T: -0.00442326 Q: -0.0216799
T: 0.111908 Q: -0.0148225
T: 0.226473 Q: -0.0144409
T: 0.335789 Q: -0.0159382
T: 0.436535 Q: -0.0189992
T: 0.525651 Q: 2.41888
T: 0.600427 Q: -0.0184567
T: 0.658593 Q: -0.0178978
T: 0.698381 Q: -0.0137286
T: 0.718582 Q: -0.0135145
T: 0.718582 Q: -0.00946605
T: 0.698381 Q: 2.26448
T: 0.658593 Q: 2.01213
T: 0.600427 Q: -0.00334664
T: 0.525651 Q: -0.00432113
T: 0.436535 Q: -0.00198205
T: 0.335789 Q: -0.0010522
T: 0.226473 Q: -0.00170849
T: 0.111908 Q: 1.25435
Sec_Event 42115816 N50: 28
T: -0.597012 Q: 2.49006
T: -0.67278 Q: -0.0637295
T: -0.745077 Q: 1.21551
T: -0.811706 Q: -0.0422171
T: -0.870643 Q: -0.0311294
T: -0.920097 Q: -0.0253133
T: -0.958566 Q: -0.0326167
T: -0.98488 Q: -0.0256309
T: -0.99824 Q: -0.0244259
T: -0.99824 Q: -0.0442256
T: -0.98488 Q: -0.0294022
T: -0.958566 Q: -0.0139305
T: -0.920097 Q: 1.6552
T: -0.870643 Q: -0.00386095
T: -0.811706 Q: 0.813543
T: -0.745077 Q: -0.00253362
T: -0.67278 Q: -0.00267821
T: -0.597012 Q: -0.00170057
T: -0.520076 Q: -0.00277657
T: -0.444308 Q: 0.743525
T: -0.372011 Q: -0.00410772
T: -0.305382 Q: 0.921443
T: -0.246445 Q: -0.00540921
T: -0.196991 Q: -0.00891941
T: -0.158522 Q: 1.09656
T: -0.132208 Q: 0.84678
T: -0.118849 Q: -0.0245123
T: -0.118849 Q: -0.0238545
T: -0.132208 Q: -0.0366507
T: -0.158522 Q: 1.11951
T: -0.196991 Q: -0.0504718
T: -0.246445 Q: -0.0464676
T: -0.305382 Q: -0.0555185
T: -0.372011 Q: -0.0598879
T: -0.444308 Q: -0.0637452
T: -0.520076 Q: 1.49679
Sec_Event 42115816 N50: 47
T: -0.518442 Q: 1.70844
T: -0.606973 Q: 2.94212
T: -0.691449 Q: -0.058537
T: -0.769302 Q: -0.0504784
T: -0.838167 Q: -0.0340112
T: -0.895952 Q: 1.42835
T: -0.9409 Q: -0.0299926
T: -0.971647 Q: -0.0246448
T: -0.987258 Q: 1.60752
T: -0.987258 Q: -0.0227816
T: -0.971647 Q: 1.88181
T: -0.9409 Q: -0.0248362
T: -0.895952 Q: -0.0170188
T: -0.838167 Q: -0.00769252
T: -0.769302 Q: -0.00838882
T: -0.691449 Q: -0.00460289
T: -0.606973 Q: -0.00411129
T: -0.518442 Q: -0.00352559
T: -0.428545 Q: 1.1198
T: -0.340014 Q: -0.00435437
T: -0.255538 Q: -0.0050115
T: -0.177685 Q: -0.00670193
T: -0.10882 Q: 1.1475
T: -0.051035 Q: -0.0100515
T: -0.00608652 Q: -0.0147077
T: 0.0246601 Q: -0.020796
T: 0.0402705 Q: -0.0225653
T: 0.0402705 Q: 1.21909
T: 0.0246601 Q: -0.048951
T: -0.00608652 Q: 1.21456
T: -0.051035 Q: 1.32739
T: -0.10882 Q: -0.0494967
T: -0.177685 Q: -0.0511599
T: -0.255538 Q: -0.0548811
T: -0.340014 Q: -0.0616068
T: -0.428545 Q: 2.84321
Sec_Event 42403055 N50: 32
T: -0.614425 Q: -0.0544529
T: -0.686672 Q: -0.05531
T: -0.755608 Q: 1.04796
T: -0.819141 Q: -0.0430318
T: -0.875338 Q: -0.0314896
T: -0.922494 Q: -0.0280395
T: -0.959174 Q: -0.0273716
T: -0.984265 Q: -0.0227554
T: -0.997004 Q: 1.15513
T: -0.997004 Q: -0.022791
T: -0.984265 Q: 3.08573
T: -0.959174 Q: 0.745993
T: -0.922494 Q: -0.00540512
T: -0.875338 Q: -0.00356757
T: -0.819141 Q: -0.00222149
T: -0.755608 Q: -0.00147747
T: -0.686672 Q: -0.00163503
T: -0.614425 Q: -0.00295326
T: -0.541065 Q: 0.966455
T: -0.468818 Q: 0.946293
T: -0.399882 Q: -0.00190408
T: -0.336349 Q: -0.00136595
T: -0.280152 Q: -0.00300685
T: -0.232996 Q: 1.01302
T: -0.196316 Q: -0.00284952
T: -0.171225 Q: -0.00482074
T: -0.158486 Q: -0.00708637
T: -0.158486 Q: -0.0111534
T: -0.171225 Q: 0.813425
T: -0.196316 Q: -0.0179542
T: -0.232996 Q: -0.0232733
T: -0.280152 Q: -0.0295293
T: -0.336349 Q: -0.0322156
T: -0.399882 Q: -0.0495065
T: -0.468818 Q: -0.0457261
T: -0.541065 Q: 2.24858
Sec_Event 43053455 N50: 32
T: 0.349994 Q: -0.00658018
T: 0.253107 Q: -0.00793117
T: 0.160659 Q: -0.00547734
T: 0.075458 Q: -0.00663129
T: 9.33921e-05 Q: -0.017886
T: -0.063145 Q: 1.25998
T: -0.112336 Q: 1.35381
T: -0.145984 Q: 1.34483
T: -0.163068 Q: -0.0161027
T: -0.163068 Q: -0.0267608
T: -0.145984 Q: -0.0250488
T: -0.112336 Q: 1.13848
T: -0.063145 Q: -0.0323258
T: 9.33921e-05 Q: -0.0361221
T: 0.075458 Q: -0.0356441
T: 0.160659 Q: -0.0458127
T: 0.253107 Q: -0.0502359
T: 0.349994 Q: -0.0435756
T: 0.448375 Q: -0.0687474
T: 0.545262 Q: 1.51446
T: 0.637711 Q: -0.0923672
T: 0.722911 Q: -0.10237
T: 0.798276 Q: -0.089167
T: 0.861514 Q: 1.83248
T: 0.910705 Q: -0.0657861
T: 0.944353 Q: -0.0591426
T: 0.961437 Q: -0.0567049
T: 0.961437 Q: -0.0611381
T: 0.944353 Q: -0.0821684
T: 0.910705 Q: -0.0723171
T: 0.861514 Q: -0.0338557
T: 0.798276 Q: -0.0188535
T: 0.722911 Q: -0.0121215
T: 0.637711 Q: -0.00996876
T: 0.545262 Q: -0.00992702
T: 0.448375 Q: -0.00825231

gestpm: TOTAL NUMBER PMT: WALL; TOP; BOTTOM; ALL  7650  1748  1748 11146
 *****************************
 * This is for SK-VI map      *
 *****************************
 findconsts: connection table file: /home/licheng/local/skofl/const//connection.super.dat
gexyz: PMT # FOR EACH SECTION       1  7650  7651  9398  9399 11146
gexyz: maxpm,nlwal     11146      7650
 findconsts: connection table1 file: /home/licheng/local/skofl/const//connection.super.dat
 findconsts: connection table2 file: /home/licheng/local/skofl/const//connection.super.sk-5.dat
 findfile: checking /home/licheng/local/skofl/const//misch3.dat
 findfile: found /home/licheng/local/skofl/const//misch3.dat
 findconsts: mis channel file: /home/licheng/local/skofl/const//misch3.dat
 findfile: checking /home/licheng/local/skofl/const//skpmt_sk5.dat
 findfile: found /home/licheng/local/skofl/const//skpmt_sk5.dat
 findconsts: pmt file: /home/licheng/local/skofl/const//skpmt_sk5.dat
gestpma: TOTAL NUMBER anti PMT: WALL; TOP; BOTTOM; ALL  1275   302   308  1885
gexyza: anti PMT # FOR EACH SECTION       1  1275  1276  1577  1578  1885
 maxpma,nlwala      1885      1275
 skbadch: log_level =            0
 findconsts: badch.090037 file: /home/licheng/local/skofl/const//badch/badch.090037
 findconsts: bad channel file: /home/licheng/local/skofl/const//badch.dat
 findconsts: badch.090037 file: /home/licheng/local/skofl/const//badch/badch.090037
 skdark: log_level =            0
 findconsts: darkr.090037.root file: /home/licheng/local/skofl/const//darkr/darkr.090037.root
 findconsts: badsub SK-I 1 file: /home/licheng/local/skofl/const//lowe/badsub.sk.r1742-3051.r3208-3608
 nbad 1 =         1851
 findconsts: badsub SK-I 2 file: /home/licheng/local/skofl/const//lowe/badsub.sk.realtim
 nbad 2 =        17511
 findconsts: badsub SK-I 3 file: /home/licheng/local/skofl/const//lowe/badsub.sk.manual.1260day
 nbad 3 =        21939
 findconsts: badsub SK-I 4 file: /home/licheng/local/skofl/const//lowe/badsub.sk.sle.1260day
 nbad 4 =        28004
 findconsts: badsub SK-I 5 file: /home/licheng/local/skofl/const//lowe/badsub.sk.manual
 nbad 5 =        28105
 findconsts: badsub SK-I 6 file: /home/licheng/local/skofl/const//lowe/badsub.sk.sle
 nbad 6 =        28105
 findconsts: badsub SK-II 1 file: /home/licheng/local/skofl/const//lowe/badsub.sk2.manual
 nbad_sk2 SK-II 1 =        27759
 findconsts: badsub SK-III 1 file: /home/licheng/local/skofl/const//lowe/badsub.sk3.manual
 nbad_sk3 SK-III 1 =         4149
 findconsts: badsub SK-IV file: /home/licheng/local/skofl/const//lowe/badsub.sk4.manual
 nbad_sk4 SK-IV =        66921
 read local badsub.sk5.manual.local
 nbad_sk5 SK-V =         2595
 read local badsub.sk6.manual.local
 nbad_sk6 SK-VI (Gd) =         7717
 findconsts: skcoverage_barrel file: /home/licheng/local/skofl/const//lowe/skcov_b_p3.dat
 findconsts: nearest neighbor file: /home/licheng/local/skofl/const//neighb.dat
 neighbsk: reading neighbor file /home/licheng/local/skofl/const//neighb.dat
 findconsts: skcoverage_sk4_final file: /home/licheng/local/skofl/const//lowe/skcov_c_p3.dat
