Output file: output/wt_090129.root input file:/disk03/lowe10/sk7/sle/lomugd.090129.root
 Id of this manager : 10
InitReadRoot: total = 10834
RUNINFO found in the rare list
SK geometry setting: 6
***** Dummy rgetvalue was called. (Remote File Access is not supported) *****
==========WT:========== 14681 13544.8 12056.7
0/10834
Sec_Event 275006 N50: 27
T: -0.146253 Q: 1.14226
T: -0.356729 Q: -0.000312566
T: -0.44602 Q: -0.000503255
T: -0.520944 Q: -0.00619154
T: -0.579225 Q: 1.23976
T: -0.619091 Q: -0.00123069
T: -0.639332 Q: -0.00147064
T: -0.639332 Q: 2.3309
T: -0.619091 Q: -0.00399723
T: -0.579225 Q: -0.00262059
T: -0.520944 Q: 0.868172
T: -0.44602 Q: -0.00329361
T: -0.356729 Q: -0.00344516
T: -0.255784 Q: 1.09679
T: -0.146253 Q: -0.00683063
T: -0.0314622 Q: -0.00568072
T: 0.085099 Q: -0.00567113
T: 0.199889 Q: 1.07245
T: 0.309421 Q: -0.002913
T: 0.410366 Q: 1.05291
T: 0.499657 Q: -0.00405153
T: 0.574581 Q: -0.00229072
T: 0.632862 Q: 0.994677
T: 0.672728 Q: -0.00204872
T: 0.692969 Q: 2.35413
T: 0.692969 Q: -0.000607713
T: 0.672728 Q: -0.000494181
T: 0.632862 Q: -0.000491198
T: 0.574581 Q: -0.00116926
T: 0.499657 Q: -0.000323495
T: 0.410366 Q: -0.000344318
T: 0.309421 Q: -0.000654806
T: 0.085099 Q: 1.12268
Sec_Event 443411 N50: 28
T: 0.438958 Q: 1.52944
T: 0.351697 Q: -0.0749666
T: 0.268434 Q: -0.061524
T: 0.191697 Q: 1.68334
T: 0.12382 Q: -0.0666492
T: 0.0668645 Q: -0.0467305
T: 0.0225608 Q: -0.0444346
T: -0.00774464 Q: 1.35247
T: -0.0231311 Q: -0.0382488
T: -0.0231311 Q: 1.32336
T: -0.00774464 Q: -0.035636
T: 0.0225608 Q: -0.0263227
T: 0.0668645 Q: -0.0206168
T: 0.12382 Q: 1.10848
T: 0.191697 Q: -0.0187383
T: 0.268434 Q: -0.0115027
T: 0.351697 Q: 1.18418
T: 0.438958 Q: 3.3292
T: 0.527566 Q: 1.35461
T: 0.614827 Q: -0.0112107
T: 0.69809 Q: -0.014963
T: 0.774827 Q: -0.0204251
T: 0.842704 Q: -0.0252809
T: 0.899659 Q: -0.0318169
T: 0.943963 Q: -0.0437992
T: 0.974269 Q: -0.0292066
T: 0.989655 Q: 1.57221
T: 0.989655 Q: 1.37922
T: 0.974269 Q: -0.0323745
T: 0.943963 Q: -0.034037
T: 0.899659 Q: -0.0340162
T: 0.842704 Q: 1.41982
T: 0.774827 Q: 1.34243
T: 0.69809 Q: -0.0714021
T: 0.614827 Q: 1.21685
T: 0.527566 Q: -0.0737747
Sec_Event 443411 N50: 39
T: 0.183427 Q: -0.000669889
T: 0.0746467 Q: -0.00212582
T: -0.0291508 Q: -0.000674781
T: -0.124811 Q: -0.000649789
T: -0.209427 Q: -0.00122797
T: -0.280429 Q: 1.14649
T: -0.335658 Q: -0.0015333
T: -0.373438 Q: -0.000623234
T: -0.392619 Q: 1.00786
T: -0.392619 Q: -0.000693489
T: -0.373438 Q: -0.00212359
T: -0.335658 Q: -0.00118129
T: -0.280429 Q: -0.000966772
T: -0.209427 Q: -0.00253887
T: -0.124811 Q: -0.00186436
T: -0.0291508 Q: -0.00183802
T: 0.0746467 Q: 1.08967
T: 0.183427 Q: 1.10585
T: 0.293886 Q: -0.00214189
T: 0.402667 Q: -0.00274933
T: 0.506465 Q: -0.00468968
T: 0.602125 Q: 2.19258
T: 0.686741 Q: 1.00193
T: 0.757743 Q: -0.00851446
T: 0.812972 Q: -0.0105184
T: 0.850751 Q: 1.96501
T: 0.869932 Q: -0.0142453
T: 0.869932 Q: -0.0119267
T: 0.850751 Q: -0.00767565
T: 0.812972 Q: 1.00855
T: 0.757743 Q: -0.00472869
T: 0.686741 Q: -0.00224959
T: 0.602125 Q: 0.952784
T: 0.506465 Q: -0.00153149
T: 0.402667 Q: -0.0014167
T: 0.293886 Q: 0.974525

gestpm: TOTAL NUMBER PMT: WALL; TOP; BOTTOM; ALL  7650  1748  1748 11146
 *****************************
 * This is for SK-VI map      *
 *****************************
 findconsts: connection table file: /home/licheng/local/skofl/const//connection.super.dat
gexyz: PMT # FOR EACH SECTION       1  7650  7651  9398  9399 11146
gexyz: maxpm,nlwal     11146      7650
 findconsts: connection table1 file: /home/licheng/local/skofl/const//connection.super.dat
 findconsts: connection table2 file: /home/licheng/local/skofl/const//connection.super.sk-5.dat
 findfile: checking /home/licheng/local/skofl/const//misch3.dat
 findfile: found /home/licheng/local/skofl/const//misch3.dat
 findconsts: mis channel file: /home/licheng/local/skofl/const//misch3.dat
 findfile: checking /home/licheng/local/skofl/const//skpmt_sk5.dat
 findfile: found /home/licheng/local/skofl/const//skpmt_sk5.dat
 findconsts: pmt file: /home/licheng/local/skofl/const//skpmt_sk5.dat
gestpma: TOTAL NUMBER anti PMT: WALL; TOP; BOTTOM; ALL  1275   302   308  1885
gexyza: anti PMT # FOR EACH SECTION       1  1275  1276  1577  1578  1885
 maxpma,nlwala      1885      1275
 skbadch: log_level =            0
 findconsts: badch.090129 file: /home/licheng/local/skofl/const//badch/badch.090129
 findconsts: bad channel file: /home/licheng/local/skofl/const//badch.dat
 findconsts: badch.090129 file: /home/licheng/local/skofl/const//badch/badch.090129
 skdark: log_level =            0
 findconsts: darkr.090129.root file: /home/licheng/local/skofl/const//darkr/darkr.090129.root
 findconsts: badsub SK-I 1 file: /home/licheng/local/skofl/const//lowe/badsub.sk.r1742-3051.r3208-3608
 nbad 1 =         1851
 findconsts: badsub SK-I 2 file: /home/licheng/local/skofl/const//lowe/badsub.sk.realtim
 nbad 2 =        17511
 findconsts: badsub SK-I 3 file: /home/licheng/local/skofl/const//lowe/badsub.sk.manual.1260day
 nbad 3 =        21939
 findconsts: badsub SK-I 4 file: /home/licheng/local/skofl/const//lowe/badsub.sk.sle.1260day
 nbad 4 =        28004
 findconsts: badsub SK-I 5 file: /home/licheng/local/skofl/const//lowe/badsub.sk.manual
 nbad 5 =        28105
 findconsts: badsub SK-I 6 file: /home/licheng/local/skofl/const//lowe/badsub.sk.sle
 nbad 6 =        28105
 findconsts: badsub SK-II 1 file: /home/licheng/local/skofl/const//lowe/badsub.sk2.manual
 nbad_sk2 SK-II 1 =        27759
 findconsts: badsub SK-III 1 file: /home/licheng/local/skofl/const//lowe/badsub.sk3.manual
 nbad_sk3 SK-III 1 =         4149
 findconsts: badsub SK-IV file: /home/licheng/local/skofl/const//lowe/badsub.sk4.manual
 nbad_sk4 SK-IV =        66921
 read local badsub.sk5.manual.local
 nbad_sk5 SK-V =         2595
 read local badsub.sk6.manual.local
 nbad_sk6 SK-VI (Gd) =         7717
 findconsts: skcoverage_barrel file: /home/licheng/local/skofl/const//lowe/skcov_b_p3.dat
 findconsts: nearest neighbor file: /home/licheng/local/skofl/const//neighb.dat
 neighbsk: reading neighbor file /home/licheng/local/skofl/const//neighb.dat
 findconsts: skcoverage_sk4_final file: /home/licheng/local/skofl/const//lowe/skcov_c_p3.dat
