Output file: output/wt_090478.root input file:/disk03/lowe10/sk7/sle/lomugd.090478.root
 Id of this manager : 10
InitReadRoot: total = 468505
RUNINFO found in the rare list
SK geometry setting: 6
***** Dummy rgetvalue was called. (Remote File Access is not supported) *****
==========WT:========== 13322.4 13796.9 12579.7
0/468505
 Incomplete 
Sec_Event 396046 N50: 44
T: 0.0979697 Q: 1.02252
T: -0.0143691 Q: 0.973986
T: -0.121561 Q: -0.00772556
T: -0.22035 Q: -0.00658275
T: -0.307734 Q: 1.1612
T: -0.381058 Q: 1.95053
T: -0.438094 Q: -0.00688681
T: -0.477109 Q: 1.03594
T: -0.496917 Q: 0.852033
T: -0.496917 Q: 1.12459
T: -0.477109 Q: -0.000826018
T: -0.438094 Q: -0.000594117
T: -0.381058 Q: -0.000292273
T: -0.307734 Q: -0.000542939
T: -0.22035 Q: -0.000325978
T: -0.121561 Q: -0.000390748
T: -0.0143691 Q: 1.16091
T: 0.212041 Q: -0.00226006
T: 0.431573 Q: -0.000506391
T: 0.530362 Q: -0.00182954
T: 0.617746 Q: -0.000921558
T: 0.691069 Q: -0.000786834
T: 0.748105 Q: -0.00125973
T: 0.78712 Q: -0.00163369
T: 0.806929 Q: 1.77411
T: 0.806929 Q: -0.00772186
T: 0.78712 Q: -0.0100434
T: 0.748105 Q: -0.0161658
T: 0.691069 Q: 1.68614
T: 0.617746 Q: -0.0163979
T: 0.530362 Q: -0.0155184
T: 0.431573 Q: -0.0107794
T: 0.32438 Q: -0.00979486
T: 0.212041 Q: -0.0113796
Sec_Event 1091397 N50: 46
T: 0.421846 Q: -0.000422709
T: 0.332519 Q: 1.38836
T: 0.247284 Q: 1.57624
T: 0.168732 Q: 1.62176
T: 0.0992477 Q: 1.43938
T: 0.0409438 Q: 1.24839
T: -0.00440864 Q: -0.000460403
T: -0.0354315 Q: -0.000375836
T: -0.0511822 Q: 0.993104
T: -0.0511822 Q: -0.000451508
T: -0.0354315 Q: -0.00114869
T: -0.00440864 Q: 1.10057
T: 0.0409438 Q: -0.00180933
T: 0.0992477 Q: -0.00132033
T: 0.168732 Q: 1.03951
T: 0.247284 Q: -0.00603147
T: 0.332519 Q: -0.00844706
T: 0.421846 Q: 0.981622
T: 0.51255 Q: -0.00944124
T: 0.601877 Q: -0.0184976
T: 0.687112 Q: -0.0264235
T: 0.765665 Q: 0.931685
T: 0.835149 Q: 1.35507
T: 0.893452 Q: 1.31994
T: 0.938805 Q: -0.0144347
T: 0.969828 Q: 0.996193
T: 0.985578 Q: 0.812042
T: 0.985578 Q: -0.0169049
T: 0.969828 Q: 0.886573
T: 0.938805 Q: -0.0127013
T: 0.893452 Q: 0.864905
T: 0.835149 Q: 1.0556
T: 0.765665 Q: 1.93422
T: 0.687112 Q: -0.000913221
T: 0.601877 Q: 1.01682
T: 0.51255 Q: 1.30969
Sec_Event 1310026 N50: 33
T: -0.570546 Q: 1.37419
T: -0.65112 Q: 1.0615
T: -0.728004 Q: -0.000717927
T: -0.861536 Q: 1.36025
T: -0.914128 Q: 1.26853
T: -0.955037 Q: -0.000395204
T: -0.997227 Q: 1.25428
T: -0.98302 Q: 1.30642
T: -0.955037 Q: -0.000325777
T: -0.861536 Q: 1.19885
T: -0.728004 Q: -0.000417521
T: -0.65112 Q: -0.000509875
T: -0.570546 Q: -0.000758537
T: -0.488728 Q: -0.00156586
T: -0.408153 Q: -0.00361122
T: -0.33127 Q: -0.00883216
T: -0.260414 Q: -0.0251754
T: -0.197738 Q: 0.593121
T: -0.145146 Q: -0.0327914
T: -0.104237 Q: -0.037198
T: -0.0762539 Q: -0.0409448
T: -0.0620464 Q: -0.0414203
T: -0.0620464 Q: -0.0294747
T: -0.0762539 Q: -0.0280524
T: -0.104237 Q: -0.0238363
T: -0.145146 Q: -0.020598
T: -0.197738 Q: 0.794752
T: -0.260414 Q: -0.0135233
T: -0.33127 Q: 0.694229
T: -0.408153 Q: 0.833861
T: -0.488728 Q: -0.00160484
Sec_Event 2159304 N50: 37
T: -0.14559 Q: -0.0448471
T: -0.259653 Q: -0.0582983
T: -0.368491 Q: -0.0438066
T: -0.468796 Q: -0.0515426
T: -0.557521 Q: -0.0730651
T: -0.63197 Q: 1.34901
T: -0.689882 Q: -0.0882312
T: -0.729495 Q: -0.0762219
T: -0.749608 Q: 1.36645
T: -0.749608 Q: -0.0549348
T: -0.729495 Q: -0.0667821
T: -0.689882 Q: -0.0649801
T: -0.63197 Q: -0.0426866
T: -0.557521 Q: 1.16373
T: -0.468796 Q: -0.0305696
T: -0.368491 Q: -0.0212512
T: -0.259653 Q: -0.0208953
T: -0.14559 Q: 1.14032
T: -0.0297677 Q: 1.20189
T: 0.0842952 Q: -0.0152777
T: 0.193133 Q: -0.0137469
T: 0.293438 Q: -0.0151726
T: 0.382163 Q: -0.0180572
T: 0.456612 Q: -0.014916
T: 0.514524 Q: 1.09685
T: 0.554137 Q: -0.0123255
T: 0.57425 Q: -0.0112893
T: 0.57425 Q: -0.00915791
T: 0.554137 Q: 1.17741
T: 0.514524 Q: -0.013986
T: 0.456612 Q: -0.0176061
T: 0.382163 Q: -0.0285623
T: 0.293438 Q: -0.0389756
T: 0.193133 Q: -0.0438978
T: 0.0842952 Q: -0.0378666
T: -0.0297677 Q: -0.0419808
Sec_Event 2192799 N50: 32
Sec_Event 2284754 N50: 30
T: -0.21207 Q: -0.0238536
T: -0.324408 Q: 1.21419
T: -0.4316 Q: -0.0268778
T: -0.530388 Q: 1.14393
T: -0.617771 Q: -0.0439871
T: -0.691094 Q: -0.0600287
T: -0.74813 Q: 2.63952
T: -0.787144 Q: 2.40242
T: -0.806952 Q: -0.0556204
T: -0.806952 Q: -0.0501486
T: -0.787144 Q: -0.0487687
T: -0.74813 Q: -0.0544677
T: -0.691094 Q: -0.0574746
T: -0.617771 Q: -0.0573845
T: -0.530388 Q: 1.2949
T: -0.4316 Q: 2.6674
T: -0.324408 Q: 1.23023
T: -0.21207 Q: 1.40721
T: -0.0979997 Q: 1.21587
T: 0.014338 Q: -0.0295216
T: 0.121529 Q: -0.0296595
T: 0.220318 Q: 1.15309
T: 0.307701 Q: -0.0387756
T: 0.381024 Q: 0.953213
T: 0.43806 Q: -0.0329386
T: 0.477074 Q: -0.0314933
T: 0.496882 Q: 1.27304
T: 0.496882 Q: -0.0263126
T: 0.477074 Q: -0.028825
T: 0.43806 Q: 1.13734
T: 0.381024 Q: 0.918657
T: 0.307701 Q: -0.0263771
T: 0.220318 Q: 1.1765
T: 0.121529 Q: -0.0299724
T: 0.014338 Q: 1.35518
T: -0.0979997 Q: -0.025202
Sec_Event 2526226 N50: 25
T: -0.579826 Q: -0.0220426
T: -0.658783 Q: 2.01514
T: -0.734123 Q: -0.0311595
T: -0.803557 Q: 0.913125
T: -0.864974 Q: -0.0300193
T: -0.91651 Q: 1.9928
T: -0.956597 Q: -0.0292613
T: -0.984019 Q: -0.0267917
T: -0.997941 Q: 0.706324
T: -0.997941 Q: 1.38897
T: -0.984019 Q: -0.0223298
T: -0.956597 Q: 1.2155
T: -0.91651 Q: -0.0276836
T: -0.864974 Q: 2.40263
T: -0.803557 Q: -0.04836
T: -0.734123 Q: -0.0581464
T: -0.658783 Q: -0.0482753
T: -0.579826 Q: -0.0611999
T: -0.499651 Q: -0.0484951
T: -0.420694 Q: -0.0411869
T: -0.345354 Q: -0.0406866
T: -0.275921 Q: -0.0433715
T: -0.214503 Q: -0.0387777
T: -0.162967 Q: -0.0393307
T: -0.12288 Q: -0.0421146
T: -0.0954584 Q: -0.0465931
T: -0.0815362 Q: -0.0501858
T: -0.0815362 Q: -0.0506473
T: -0.0954584 Q: -0.0378253
T: -0.12288 Q: 1.17814
T: -0.162967 Q: 1.01462
T: -0.214503 Q: 1.28717
T: -0.275921 Q: -0.0236288
T: -0.345354 Q: -0.0222688
T: -0.420694 Q: -0.0225193
T: -0.499651 Q: -0.0229208
Sec_Event 3074914 N50: 33
T: 0.447085 Q: -0.0268485
T: 0.360844 Q: -0.0199879
T: 0.278554 Q: -0.0151551
T: 0.202715 Q: -0.0119411
T: 0.135632 Q: -0.010637
T: 0.0793425 Q: -0.0108274
T: 0.035557 Q: -0.00787449
T: 0.00560592 Q: 0.985182
T: -0.00960063 Q: 1.01212
T: -0.00960063 Q: -0.0114973
T: 0.00560592 Q: -0.00587925
T: 0.035557 Q: -0.00295371
T: 0.0793425 Q: -0.00514669
T: 0.135632 Q: 2.42913
T: 0.202715 Q: -0.00215835
T: 0.278554 Q: 0.910931
T: 0.360844 Q: 1.98329
T: 0.447085 Q: -0.00418947
T: 0.534656 Q: -0.00391362
T: 0.620896 Q: -0.0038702
T: 0.703186 Q: 1.28667
T: 0.779025 Q: -0.007725
T: 0.846108 Q: 0.881385
T: 0.902398 Q: 1.56521
T: 0.946183 Q: -0.0423002
T: 0.976134 Q: -0.0490223
T: 0.991341 Q: 1.21366
T: 0.991341 Q: -0.0371465
T: 0.976134 Q: -0.043752
T: 0.946183 Q: -0.0368018
T: 0.902398 Q: -0.041168
T: 0.846108 Q: 1.17558
T: 0.779025 Q: -0.0783147
T: 0.703186 Q: -0.0609413
T: 0.620896 Q: -0.0397656
T: 0.534656 Q: -0.0318394
Sec_Event 3365237 N50: 40
T: 0.508746 Q: 1.18195
T: 0.431182 Q: 2.20427
T: 0.357171 Q: 1.12369
T: 0.288962 Q: -0.0264938
T: 0.228627 Q: -0.0194215
T: 0.178001 Q: 0.910645
T: 0.138621 Q: -0.0132189
T: 0.111683 Q: -0.00836525
T: 0.0980062 Q: -0.00370969
T: 0.0980062 Q: 0.885499
T: 0.111683 Q: 2.42351
T: 0.138621 Q: 2.39582
T: 0.178001 Q: -0.00105126
T: 0.228627 Q: -0.000880911
T: 0.288962 Q: -0.00170944
T: 0.357171 Q: -0.000534316
T: 0.431182 Q: 0.928148
T: 0.587507 Q: -0.000513836
T: 0.665071 Q: -0.000614445
T: 0.739082 Q: -0.000710546
T: 0.807291 Q: -0.00297349
T: 0.867625 Q: -0.00176337
T: 0.918251 Q: -0.00338554
T: 0.957632 Q: 0.732658
T: 0.98457 Q: 0.775098
T: 0.998246 Q: 1.45272
T: 0.998246 Q: -0.0414749
T: 0.98457 Q: -0.0476364
T: 0.957632 Q: -0.0464878
T: 0.918251 Q: -0.0499372
T: 0.867625 Q: 1.14797
T: 0.807291 Q: 1.33928
T: 0.739082 Q: 2.22303
T: 0.665071 Q: 2.49999
T: 0.587507 Q: -0.0707868
Sec_Event 3483990 N50: 35
T: -0.622563 Q: -0.0165216
T: -0.693049 Q: 1.16099
T: -0.760306 Q: 1.01756
T: -0.82229 Q: -0.0229712
T: -0.877118 Q: 2.01578
T: -0.923125 Q: -0.0455603
T: -0.958912 Q: -0.0409789
T: -0.983391 Q: -0.033196
T: -0.99582 Q: -0.0342641
T: -0.99582 Q: -0.0367859
T: -0.983391 Q: 1.44913
T: -0.958912 Q: -0.0410917
T: -0.923125 Q: -0.0421742
T: -0.877118 Q: -0.052555
T: -0.82229 Q: -0.0691402
T: -0.760306 Q: -0.0642187
T: -0.693049 Q: -0.0686005
T: -0.622563 Q: -0.0572775
T: -0.550989 Q: -0.0431919
T: -0.480503 Q: -0.0472397
T: -0.413246 Q: 1.24089
T: -0.351262 Q: -0.0315359
T: -0.296433 Q: -0.0303759
T: -0.250427 Q: -0.0236778
T: -0.21464 Q: 1.29273
T: -0.190161 Q: -0.0229762
T: -0.177732 Q: -0.01594
T: -0.177732 Q: -0.016572
T: -0.190161 Q: -0.0121844
T: -0.21464 Q: 1.38955
T: -0.250427 Q: 1.54107
T: -0.296433 Q: -0.0169307
T: -0.351262 Q: -0.0073194
T: -0.413246 Q: 1.15646
T: -0.480503 Q: -0.0114781
T: -0.550989 Q: 1.22528
Sec_Event 4562010 N50: 33
T: -0.0959095 Q: -0.0549115
T: -0.210627 Q: 1.29724
T: -0.320089 Q: -0.0457768
T: -0.42097 Q: -0.06546
T: -0.510205 Q: -0.0606517
T: -0.585081 Q: -0.0716365
T: -0.643325 Q: -0.0762359
T: -0.683166 Q: -0.058092
T: -0.703394 Q: 1.32112
T: -0.703394 Q: -0.0512738
T: -0.683166 Q: -0.0584237
T: -0.643325 Q: -0.0556324
T: -0.585081 Q: -0.0497606
T: -0.510205 Q: 1.11433
T: -0.42097 Q: -0.020794
T: -0.320089 Q: 1.06866
T: -0.210627 Q: -0.0203519
T: -0.0959095 Q: 1.22207
T: 0.0205777 Q: -0.0153167
T: 0.135295 Q: -0.0237069
T: 0.244757 Q: -0.0178859
T: 0.345638 Q: -0.022388
T: 0.434873 Q: -0.0259582
T: 0.509749 Q: 1.21314
T: 0.567993 Q: -0.0298193
T: 0.607834 Q: -0.0275276
T: 0.628062 Q: -0.0236267
T: 0.628062 Q: -0.0242512
T: 0.607834 Q: -0.027365
T: 0.567993 Q: 1.02925
T: 0.509749 Q: -0.0367748
T: 0.434873 Q: -0.049985
T: 0.345638 Q: -0.0487814
T: 0.244757 Q: -0.0463874
T: 0.135295 Q: -0.0537591
T: 0.0205777 Q: -0.0532487
Sec_Event 4902378 N50: 43
T: 0.287347 Q: -0.00807586
T: 0.185148 Q: -0.0119757
T: 0.0876312 Q: 1.13924
T: -0.00224118 Q: -0.00677623
T: -0.0817379 Q: -0.00360052
T: -0.148444 Q: 1.14078
T: -0.200331 Q: -0.0059162
T: -0.235825 Q: -0.00188793
T: -0.253845 Q: 1.20455
T: -0.253845 Q: 1.06512
T: -0.235825 Q: -0.00344436
T: -0.200331 Q: -0.000728363
T: -0.148444 Q: -0.00113235
T: -0.0817379 Q: -0.00135366
T: -0.00224118 Q: -0.000847013
T: 0.0876312 Q: -0.00101005
T: 0.185148 Q: -0.000785602
T: 0.287347 Q: -0.00101437
T: 0.391123 Q: -0.00128974
T: 0.493322 Q: -0.007939
T: 0.590839 Q: 1.0083
T: 0.680712 Q: -0.00249577
T: 0.760208 Q: 0.929313
T: 0.826914 Q: -0.00404039
T: 0.878802 Q: -0.00872651
T: 0.914295 Q: 2.20525
T: 0.932316 Q: -0.00615916
T: 0.932316 Q: 1.36889
T: 0.914295 Q: -0.00749289
T: 0.878802 Q: -0.00901069
T: 0.826914 Q: -0.00878503
T: 0.760208 Q: -0.00870785
T: 0.680712 Q: -0.0115546
T: 0.590839 Q: -0.0154862
T: 0.493322 Q: -0.015756
T: 0.391123 Q: -0.0150984
100000/468505
Sec_Event 5559443 N50: 26
T: 0.698013 Q: -0.0620851
T: 0.666239 Q: -0.0418655
T: 0.63592 Q: -0.0390393
T: 0.607978 Q: -0.0323879
T: 0.583262 Q: -0.0291594
T: 0.562522 Q: -0.0200161
T: 0.54639 Q: -0.0215007
T: 0.535355 Q: -0.0145607
T: 0.529752 Q: -0.00967045
T: 0.529752 Q: -0.0121398
T: 0.535355 Q: -0.00849866
T: 0.54639 Q: 1.21657
T: 0.562522 Q: -0.0100527
T: 0.583262 Q: 1.51517
T: 0.607978 Q: -0.00863433
T: 0.63592 Q: 1.27806
T: 0.666239 Q: 3.06079
T: 0.698013 Q: -0.0126876
T: 0.730278 Q: 1.14573
T: 0.762053 Q: -0.0192792
T: 0.792372 Q: 1.246
T: 0.820314 Q: -0.0460794
T: 0.84503 Q: -0.0533483
T: 0.865769 Q: -0.0617243
T: 0.881902 Q: -0.0649157
T: 0.892937 Q: 1.62236
T: 0.89854 Q: -0.0608949
T: 0.89854 Q: -0.0595883
T: 0.892937 Q: -0.0674074
T: 0.881902 Q: -0.0683384
T: 0.865769 Q: 1.65497
T: 0.84503 Q: -0.0770809
T: 0.820314 Q: -0.0919206
T: 0.792372 Q: 1.56626
T: 0.762053 Q: -0.0759078
T: 0.730278 Q: 1.69912
Sec_Event 5782894 N50: 35
T: -0.544368 Q: -0.000457907
T: -0.629161 Q: -0.00102706
T: -0.710069 Q: -0.00221655
T: -0.784634 Q: 1.93832
T: -0.850591 Q: 0.765245
T: -0.905936 Q: 0.714882
T: -0.948986 Q: 0.752462
T: -0.978434 Q: -0.013757
T: -0.993386 Q: -0.00969528
T: -0.993386 Q: 2.54183
T: -0.978434 Q: -0.0121743
T: -0.948986 Q: -0.0126116
T: -0.905936 Q: 1.25803
T: -0.850591 Q: 1.55057
T: -0.784634 Q: 0.806557
T: -0.710069 Q: -0.00801481
T: -0.629161 Q: -0.00546114
T: -0.544368 Q: 1.87224
T: -0.458268 Q: -0.00221992
T: -0.373475 Q: 1.83945
T: -0.292567 Q: 0.927026
T: -0.218001 Q: -0.000711103
T: -0.152044 Q: 0.965768
T: -0.0966998 Q: 1.12865
T: -0.0536495 Q: -0.000253837
T: -0.0242013 Q: 1.14699
T: -0.00925004 Q: 1.0828
T: -0.0242013 Q: 1.00077
T: -0.0536495 Q: -0.000240449
T: -0.0966998 Q: -0.00025554
T: -0.152044 Q: -0.00105767
T: -0.292567 Q: -0.000520904
T: -0.373475 Q: -0.000632525
T: -0.458268 Q: -0.000859182
Sec_Event 5803052 N50: 30
T: 0.0856817 Q: 1.25765
T: -0.0270395 Q: 1.23501
T: -0.134597 Q: 1.34706
T: -0.233722 Q: -0.0358527
T: -0.321404 Q: -0.0314941
T: -0.394977 Q: -0.0250929
T: -0.452207 Q: 0.686105
T: -0.491355 Q: -0.0168627
T: -0.511231 Q: -0.0145587
T: -0.511231 Q: 0.681714
T: -0.491355 Q: -0.0166278
T: -0.452207 Q: 0.602706
T: -0.394977 Q: -0.0216249
T: -0.321404 Q: 1.01098
T: -0.233722 Q: 0.757656
T: -0.134597 Q: -0.0188331
T: -0.0270395 Q: -0.0212972
T: 0.0856817 Q: -0.0189384
T: 0.200142 Q: -0.0190826
T: 0.312863 Q: -0.0248972
T: 0.42042 Q: -0.0282101
T: 0.519546 Q: 1.07993
T: 0.607227 Q: -0.0483137
T: 0.680801 Q: -0.0745787
T: 0.738031 Q: 0.9053
T: 0.777178 Q: -0.0542598
T: 0.797054 Q: -0.0513038
T: 0.797054 Q: -0.0605478
T: 0.777178 Q: -0.0587549
T: 0.738031 Q: -0.058642
T: 0.680801 Q: -0.0662694
T: 0.607227 Q: -0.0650451
T: 0.519546 Q: 2.1087
T: 0.42042 Q: -0.0488215
T: 0.312863 Q: -0.0287148
T: 0.200142 Q: 1.20153
Sec_Event 6019686 N50: 27
T: -0.140268 Q: 1.33446
T: -0.254426 Q: -0.00606325
T: -0.363355 Q: -0.0100426
T: -0.463744 Q: 2.62341
T: -0.552544 Q: 2.42407
T: -0.627055 Q: 1.36507
T: -0.685015 Q: 1.20994
T: -0.724662 Q: -0.0250215
T: -0.744791 Q: 2.04896
T: -0.744791 Q: -0.0429958
T: -0.724662 Q: -0.0457768
T: -0.685015 Q: -0.0442738
T: -0.627055 Q: -0.0363232
T: -0.552544 Q: -0.0340135
T: -0.463744 Q: -0.0251943
T: -0.363355 Q: 1.18343
T: -0.254426 Q: -0.0210566
T: -0.140268 Q: -0.0228567
T: -0.0243483 Q: -0.0197076
T: 0.0898102 Q: -0.0168514
T: 0.198739 Q: 1.42943
T: 0.299128 Q: -0.0207193
T: 0.387928 Q: 1.04265
T: 0.462439 Q: -0.0106742
T: 0.520399 Q: 1.07827
T: 0.560046 Q: 0.882335
T: 0.580175 Q: -0.0065703
T: 0.580175 Q: -0.00599518
T: 0.560046 Q: 1.18926
T: 0.520399 Q: -0.0113462
T: 0.462439 Q: -0.00717728
T: 0.387928 Q: -0.0123903
T: 0.299128 Q: -0.00811933
T: 0.198739 Q: -0.0049202
T: 0.0898102 Q: -0.0104863
T: -0.0243483 Q: -0.00632785
Sec_Event 6569969 N50: 28
T: 0.246281 Q: 1.58252
T: 0.141167 Q: -0.0536022
T: 0.0408692 Q: -0.0422692
T: -0.0515661 Q: 1.39401
T: -0.13333 Q: 1.49697
T: -0.201938 Q: -0.0561967
T: -0.255306 Q: -0.0537381
T: -0.291811 Q: 1.24238
T: -0.310346 Q: -0.0606905
T: -0.310346 Q: -0.0494779
T: -0.291811 Q: -0.0502719
T: -0.255306 Q: -0.0421053
T: -0.201938 Q: 1.67749
T: -0.13333 Q: -0.029217
T: -0.0515661 Q: 1.14957
T: 0.0408692 Q: 1.02954
T: 0.141167 Q: 1.09885
T: 0.246281 Q: -0.0191292
T: 0.353016 Q: 0.790806
T: 0.45813 Q: -0.0111792
T: 0.558428 Q: -0.0068003
T: 0.650863 Q: -0.00405271
T: 0.732627 Q: -0.00307282
T: 0.801235 Q: -0.00188698
T: 0.854603 Q: 1.00723
T: 0.891109 Q: -0.00392798
T: 0.909643 Q: -0.00146246
T: 0.909643 Q: -0.00198223
T: 0.891109 Q: -0.00156758
T: 0.854603 Q: -0.00240403
T: 0.801235 Q: -0.00255958
T: 0.732627 Q: 1.32428
T: 0.650863 Q: -0.00507727
T: 0.558428 Q: -0.00812333
T: 0.45813 Q: -0.0126772
T: 0.353016 Q: 1.0904
Sec_Event 7780200 N50: 35
T: -0.112351 Q: 1.91774
T: -0.22691 Q: -0.00591884
T: -0.336222 Q: -0.00240392
T: -0.436964 Q: -0.00434071
T: -0.526075 Q: -0.00756425
T: -0.600848 Q: -0.0088799
T: -0.659012 Q: -0.0107671
T: -0.698798 Q: -0.0161343
T: -0.718998 Q: -0.0278653
T: -0.718998 Q: -0.0356977
T: -0.698798 Q: -0.0382174
T: -0.659012 Q: -0.0388168
T: -0.600848 Q: -0.0353589
T: -0.526075 Q: -0.0330525
T: -0.436964 Q: -0.0356175
T: -0.336222 Q: -0.0271096
T: -0.22691 Q: -0.0255621
T: -0.112351 Q: -0.0512118
T: 0.00397561 Q: 2.17939
T: 0.118535 Q: -0.0251212
T: 0.227846 Q: -0.0208988
T: 0.328588 Q: -0.016299
T: 0.4177 Q: 1.9553
T: 0.492473 Q: -0.00948146
T: 0.550636 Q: -0.00662772
T: 0.590422 Q: -0.00558102
T: 0.610622 Q: -0.00684595
T: 0.610622 Q: -0.0046162
T: 0.590422 Q: -0.00564422
T: 0.550636 Q: -0.00455259
T: 0.492473 Q: 2.34009
T: 0.4177 Q: 2.56103
T: 0.328588 Q: 0.92424
T: 0.227846 Q: -0.00159778
T: 0.118535 Q: -0.00462251
T: 0.00397561 Q: 1.28383
Sec_Event 8423346 N50: 33
T: -0.374625 Q: -0.00356939
T: -0.478143 Q: -0.00632497
T: -0.576918 Q: -0.00483532
T: -0.66795 Q: -0.00628636
T: -0.748472 Q: 1.15802
T: -0.816038 Q: 0.808029
T: -0.868595 Q: -0.0216303
T: -0.904547 Q: -0.0336075
T: -0.9228 Q: -0.0433153
T: -0.9228 Q: -0.0170875
T: -0.904547 Q: -0.0163849
T: -0.868595 Q: -0.0048981
T: -0.816038 Q: -0.00306585
T: -0.748472 Q: 1.16641
T: -0.66795 Q: 1.17179
T: -0.576918 Q: 1.34942
T: -0.478143 Q: 1.29717
T: -0.374625 Q: 1.49979
T: -0.269511 Q: -0.00105202
T: -0.165993 Q: -0.000299974
T: -0.0672179 Q: 1.52403
T: 0.0238138 Q: 1.24414
T: 0.104336 Q: -0.000300068
T: 0.171902 Q: 1.68916
T: 0.22446 Q: -0.00253355
T: 0.260411 Q: -0.000670285
T: 0.278664 Q: 1.09414
T: 0.260411 Q: -0.0010123
T: 0.22446 Q: -0.00107206
T: 0.171902 Q: -0.00103833
T: 0.104336 Q: -0.00121731
T: 0.0238138 Q: -0.00122658
T: -0.0672179 Q: -0.00486874
T: -0.165993 Q: -0.00295221
T: -0.269511 Q: 1.11671
Sec_Event 8857092 N50: 39
T: -0.0737955 Q: -0.000663422
T: -0.182444 Q: 1.28622
T: -0.371145 Q: -0.00182782
T: -0.445465 Q: -0.000532392
T: -0.503276 Q: -0.00209566
T: -0.54282 Q: -0.00101785
T: -0.562898 Q: -0.00025246
T: -0.562898 Q: 0.946085
T: -0.54282 Q: -0.00207641
T: -0.503276 Q: -0.00244623
T: -0.445465 Q: -0.00413882
T: -0.371145 Q: -0.0062323
T: -0.282574 Q: -0.00653022
T: -0.182444 Q: -0.00916427
T: -0.0737955 Q: 0.824306
T: 0.040069 Q: -0.00531649
T: 0.15569 Q: -0.00829796
T: 0.269555 Q: -0.0102129
T: 0.378203 Q: -0.0101127
T: 0.478334 Q: -0.00892379
T: 0.566904 Q: -0.0132916
T: 0.641224 Q: -0.0119184
T: 0.699035 Q: -0.00834429
T: 0.738579 Q: 1.6139
T: 0.758657 Q: 2.22379
T: 0.758657 Q: -0.00109135
T: 0.738579 Q: -0.00126778
T: 0.699035 Q: 0.919942
T: 0.641224 Q: -0.000859319
T: 0.566904 Q: -0.000520199
T: 0.478334 Q: -0.000244675
T: 0.378203 Q: -0.000290067
T: 0.15569 Q: -0.0012159
Sec_Event 8918704 N50: 33
T: -0.386892 Q: -0.00693046
T: -0.489438 Q: -0.00313512
T: -0.587286 Q: -0.00559418
T: -0.677463 Q: -0.00966499
T: -0.757229 Q: -0.00905158
T: -0.824161 Q: -0.0131188
T: -0.876225 Q: -0.0302353
T: -0.911839 Q: 2.47979
T: -0.92992 Q: -0.0225449
T: -0.92992 Q: 1.37547
T: -0.911839 Q: -0.0284086
T: -0.876225 Q: -0.028261
T: -0.824161 Q: -0.0294998
T: -0.757229 Q: -0.0410652
T: -0.677463 Q: -0.0588251
T: -0.587286 Q: -0.0748151
T: -0.489438 Q: 1.39502
T: -0.386892 Q: -0.0629405
T: -0.282764 Q: -0.0665348
T: -0.180219 Q: 3.12772
T: -0.0823706 Q: -0.0485689
T: 0.00780655 Q: -0.0433754
T: 0.0875729 Q: -0.0468941
T: 0.154505 Q: -0.0506235
T: 0.206569 Q: -0.0364926
T: 0.242182 Q: -0.0396397
T: 0.260264 Q: 1.30696
T: 0.260264 Q: -0.0223933
T: 0.242182 Q: -0.0212848
T: 0.206569 Q: -0.0134975
T: 0.154505 Q: 0.90427
T: 0.0875729 Q: -0.0127165
T: 0.00780655 Q: -0.00504692
T: -0.0823706 Q: 1.09272
T: -0.180219 Q: 1.10521
T: -0.282764 Q: -0.00230636
Sec_Event 9346838 N50: 29
T: 0.0882575 Q: 1.35678
T: -0.0243862 Q: 4.09143
T: -0.13187 Q: -0.0307981
T: -0.230927 Q: -0.0284249
T: -0.318548 Q: 0.660571
T: -0.392071 Q: -0.0148274
T: -0.449262 Q: 0.989171
T: -0.488382 Q: 0.801296
T: -0.508244 Q: -0.00624615
T: -0.508244 Q: -0.00926395
T: -0.488382 Q: -0.00832555
T: -0.449262 Q: 0.870861
T: -0.392071 Q: -0.0187374
T: -0.318548 Q: -0.0239014
T: -0.230927 Q: 0.879305
T: -0.13187 Q: -0.0341708
T: -0.0243862 Q: -0.0230254
T: 0.0882575 Q: -0.0303253
T: 0.202639 Q: -0.0285396
T: 0.315283 Q: -0.0380163
T: 0.422766 Q: -0.0309
T: 0.521823 Q: -0.047643
T: 0.609444 Q: -0.0551152
T: 0.682967 Q: -0.0755964
T: 0.740158 Q: -0.0826345
T: 0.779279 Q: -0.0951931
T: 0.799141 Q: 1.3941
T: 0.799141 Q: 1.08778
T: 0.779279 Q: 1.61644
T: 0.740158 Q: -0.0836645
T: 0.682967 Q: 1.13722
T: 0.609444 Q: 1.27447
T: 0.521823 Q: -0.0511751
T: 0.422766 Q: -0.0384422
T: 0.315283 Q: -0.0331404
T: 0.202639 Q: 1.29536
Sec_Event 9436128 N50: 32
T: -0.405875 Q: -0.00976682
T: -0.506818 Q: -0.011861
T: -0.603137 Q: -0.0117062
T: -0.691905 Q: -0.00776997
T: -0.770425 Q: 1.38819
T: -0.836311 Q: -0.00836908
T: -0.887561 Q: -0.00443388
T: -0.922619 Q: -0.00343491
T: -0.940418 Q: -0.00329371
T: -0.940418 Q: -0.00336148
T: -0.922619 Q: -0.00306371
T: -0.887561 Q: -0.00470689
T: -0.836311 Q: -0.00410517
T: -0.770425 Q: -0.00535508
T: -0.691905 Q: -0.00825799
T: -0.603137 Q: -0.0114303
T: -0.506818 Q: -0.0194796
T: -0.405875 Q: -0.0182132
T: -0.303375 Q: 1.55004
T: -0.202431 Q: -0.0169289
T: -0.106113 Q: -0.0141759
T: -0.0173445 Q: -0.0129855
T: 0.0611754 Q: -0.0135256
T: 0.127061 Q: 1.38076
T: 0.178312 Q: 1.4581
T: 0.213369 Q: 1.37189
T: 0.231168 Q: -0.0123141
T: 0.231168 Q: -0.0132096
T: 0.213369 Q: -0.0168648
T: 0.178312 Q: -0.0154511
T: 0.127061 Q: -0.0103838
T: 0.0611754 Q: -0.0123066
T: -0.0173445 Q: 1.62834
T: -0.106113 Q: 1.25886
T: -0.202431 Q: 1.5467
T: -0.303375 Q: -0.00795475
Sec_Event 9544050 N50: 40
T: -0.362513 Q: -0.0643428
T: -0.466943 Q: -0.0304317
T: -0.566589 Q: 2.42484
T: -0.658423 Q: -0.0147015
T: -0.739655 Q: -0.00932612
T: -0.807817 Q: 1.41278
T: -0.860837 Q: 1.26943
T: -0.897106 Q: -0.00426127
T: -0.915519 Q: 1.0909
T: -0.915519 Q: -0.00569088
T: -0.897106 Q: -0.00454545
T: -0.860837 Q: -0.00442092
T: -0.807817 Q: -0.00508356
T: -0.739655 Q: -0.00368742
T: -0.658423 Q: -0.00139155
T: -0.566589 Q: -0.00218156
T: -0.466943 Q: 2.03684
T: -0.362513 Q: -0.00163104
T: -0.256472 Q: 1.15326
T: -0.152042 Q: -0.00116726
T: -0.0523962 Q: -0.00277048
T: 0.039438 Q: 1.04037
T: 0.12067 Q: 1.08487
T: 0.188832 Q: -0.00348934
T: 0.241852 Q: -0.00954424
T: 0.278121 Q: 2.03508
T: 0.296534 Q: 1.02997
T: 0.296534 Q: -0.01988
T: 0.278121 Q: 1.23792
T: 0.241852 Q: -0.0294666
T: 0.188832 Q: -0.039019
T: 0.12067 Q: -0.0359289
T: 0.039438 Q: -0.042151
T: -0.0523962 Q: -0.0406256
T: -0.152042 Q: -0.0527087
T: -0.256472 Q: 1.50515
200000/468505
Sec_Event 9788430 N50: 45
T: -0.555134 Q: -0.0116593
T: -0.63825 Q: -0.00737826
T: -0.717559 Q: -0.00786604
T: -0.79065 Q: -0.00677914
T: -0.855303 Q: 1.20925
T: -0.909553 Q: 1.10268
T: -0.951752 Q: 1.18525
T: -0.980618 Q: 1.12227
T: -0.995274 Q: -0.00239282
T: -0.995274 Q: -0.00192345
T: -0.980618 Q: -0.00302209
T: -0.951752 Q: 1.20095
T: -0.909553 Q: 1.27649
T: -0.855303 Q: -0.00346072
T: -0.79065 Q: 1.05303
T: -0.717559 Q: -0.00568468
T: -0.63825 Q: -0.00675827
T: -0.555134 Q: -0.00563225
T: -0.470736 Q: 1.15205
T: -0.38762 Q: -0.00422924
T: -0.308311 Q: 1.3137
T: -0.23522 Q: -0.00431714
T: -0.170567 Q: 2.8542
T: -0.116317 Q: 1.43708
T: -0.074118 Q: -0.00342094
T: -0.0452521 Q: -0.00435171
T: -0.0305965 Q: -0.00284497
T: -0.0305965 Q: -0.0103528
T: -0.0452521 Q: -0.00611213
T: -0.074118 Q: -0.00703423
T: -0.116317 Q: -0.00565448
T: -0.170567 Q: -0.00765111
T: -0.23522 Q: -0.00997082
T: -0.308311 Q: 1.2313
T: -0.38762 Q: -0.00774605
T: -0.470736 Q: 1.07934
Sec_Event 9788430 N50: 41
T: 0.630429 Q: -0.0294631
T: 0.576923 Q: 1.19408
T: 0.525868 Q: 1.24076
T: 0.478816 Q: -0.0101099
T: 0.437195 Q: 1.31023
T: 0.402272 Q: -0.00846018
T: 0.375106 Q: -0.00717882
T: 0.356523 Q: -0.00517022
T: 0.347089 Q: 2.58101
T: 0.347089 Q: -0.00657247
T: 0.356523 Q: 1.17205
T: 0.375106 Q: -0.00766565
T: 0.402272 Q: 1.12318
T: 0.437195 Q: -0.00787962
T: 0.478816 Q: -0.00710536
T: 0.525868 Q: 1.06536
T: 0.576923 Q: 1.12176
T: 0.630429 Q: -0.0113152
T: 0.684761 Q: 1.08082
T: 0.738267 Q: -0.0259188
T: 0.789322 Q: 0.946895
T: 0.836374 Q: 0.888394
T: 0.877995 Q: -0.0651934
T: 0.912918 Q: -0.052428
T: 0.940084 Q: -0.0500429
T: 0.958666 Q: -0.0499896
T: 0.968101 Q: -0.0414479
T: 0.968101 Q: -0.0413127
T: 0.958666 Q: 1.22616
T: 0.940084 Q: -0.0438328
T: 0.912918 Q: -0.0460436
T: 0.877995 Q: -0.0537814
T: 0.836374 Q: -0.0667638
T: 0.789322 Q: -0.0516176
T: 0.738267 Q: 0.941109
T: 0.684761 Q: -0.0301824
Sec_Event 9788430 N50: 47
T: 0.710402 Q: -0.0617813
T: 0.684277 Q: 1.11822
T: 0.659347 Q: 1.04811
T: 0.636373 Q: 1.40989
T: 0.61605 Q: 2.54044
T: 0.598998 Q: 2.45257
T: 0.585733 Q: 1.07721
T: 0.57666 Q: -0.0113538
T: 0.572053 Q: -0.00828795
T: 0.572053 Q: 1.11248
T: 0.57666 Q: -0.00596581
T: 0.585733 Q: -0.00530884
T: 0.598998 Q: 1.26471
T: 0.61605 Q: -0.00893001
T: 0.636373 Q: 1.17743
T: 0.659347 Q: -0.0111081
T: 0.684277 Q: -0.00758881
T: 0.710402 Q: -0.00937221
T: 0.736932 Q: -0.0115252
T: 0.763057 Q: -0.0181005
T: 0.787987 Q: -0.0234704
T: 0.810961 Q: -0.0392796
T: 0.831284 Q: 0.894875
T: 0.848336 Q: -0.0568889
T: 0.861601 Q: 1.31779
T: 0.870674 Q: 1.0685
T: 0.875281 Q: -0.0596801
T: 0.875281 Q: 1.56073
T: 0.870674 Q: -0.0573211
T: 0.861601 Q: -0.0562613
T: 0.848336 Q: -0.0627046
T: 0.831284 Q: -0.0661019
T: 0.810961 Q: 1.3217
T: 0.787987 Q: 1.15243
T: 0.763057 Q: -0.0618725
T: 0.736932 Q: 1.59313
Sec_Event 9788430 N50: 28
Sec_Event 9788430 N50: 38
Sec_Event 9788430 N50: 35
T: -0.693578 Q: -0.0058083
T: -0.743902 Q: 1.15438
T: -0.79192 Q: -0.0032843
T: -0.836174 Q: -0.00267535
T: -0.875319 Q: -0.0021172
T: -0.908166 Q: -0.0026382
T: -0.933716 Q: -0.0015975
T: -0.951193 Q: -0.00165624
T: -0.960067 Q: -0.00207534
T: -0.960067 Q: -0.00175251
T: -0.951193 Q: 1.39101
T: -0.933716 Q: 1.23534
T: -0.908166 Q: -0.00198403
T: -0.875319 Q: -0.00265462
T: -0.836174 Q: 1.04885
T: -0.79192 Q: 2.6238
T: -0.743902 Q: -0.00369276
T: -0.693578 Q: -0.010111
T: -0.642478 Q: 1.3773
T: -0.592154 Q: 1.11565
T: -0.544135 Q: -0.00880732
T: -0.499881 Q: -0.0102843
T: -0.460736 Q: -0.0135293
T: -0.427889 Q: -0.0144801
T: -0.402339 Q: -0.0187617
T: -0.384862 Q: -0.0191956
T: -0.375988 Q: -0.0218065
T: -0.375988 Q: -0.0256502
T: -0.384862 Q: -0.0260163
T: -0.402339 Q: 0.815888
T: -0.427889 Q: -0.0244757
T: -0.460736 Q: 0.795985
T: -0.499881 Q: -0.0178202
T: -0.544135 Q: -0.0111994
T: -0.592154 Q: 1.03384
T: -0.642478 Q: -0.00539537
Sec_Event 10214173 N50: 31
T: -0.16292 Q: 1.05087
T: -0.276629 Q: -0.000511898
T: -0.385128 Q: -0.00177454
T: -0.485122 Q: 1.04616
T: -0.573572 Q: 0.996769
T: -0.64779 Q: -0.00560666
T: -0.705521 Q: -0.00851658
T: -0.745012 Q: -0.0180731
T: -0.765062 Q: -0.0390788
T: -0.765062 Q: 0.947905
T: -0.745012 Q: -0.0672841
T: -0.705521 Q: -0.0784658
T: -0.64779 Q: -0.083237
T: -0.573572 Q: -0.0870925
T: -0.485122 Q: 1.38534
T: -0.385128 Q: -0.0661313
T: -0.276629 Q: -0.0799563
T: -0.16292 Q: -0.0482582
T: -0.0474573 Q: -0.0421388
T: 0.0662514 Q: -0.0463016
T: 0.174751 Q: 1.20389
T: 0.274745 Q: -0.0153518
T: 0.363194 Q: -0.00917424
T: 0.437412 Q: 1.01365
T: 0.495144 Q: 0.740089
T: 0.534634 Q: 2.06933
T: 0.554684 Q: -0.00322187
T: 0.554684 Q: -0.00264268
T: 0.534634 Q: -0.0021052
T: 0.495144 Q: -0.00207255
T: 0.437412 Q: -0.00215084
T: 0.363194 Q: -0.00274054
T: 0.274745 Q: 1.04756
T: 0.174751 Q: -0.00169241
T: 0.0662514 Q: -0.000669506
T: -0.0474573 Q: -0.000816277
Sec_Event 11764580 N50: 31
T: 0.456086 Q: -0.0127263
T: 0.371007 Q: -0.00835701
T: 0.289825 Q: -0.0149287
T: 0.215008 Q: 1.06281
T: 0.148828 Q: 0.977549
T: 0.0932962 Q: 1.15311
T: 0.0501003 Q: -0.0132256
T: 0.0205526 Q: -0.0135708
T: 0.00555088 Q: -0.0210708
T: 0.00555088 Q: -0.0182069
T: 0.0205526 Q: 1.07387
T: 0.0501003 Q: -0.0260904
T: 0.0932962 Q: 1.22562
T: 0.148828 Q: 1.3131
T: 0.215008 Q: -0.0252576
T: 0.289825 Q: -0.0286176
T: 0.371007 Q: -0.0386691
T: 0.456086 Q: -0.0376871
T: 0.542477 Q: -0.0553843
T: 0.627557 Q: -0.0642789
T: 0.708738 Q: 1.04685
T: 0.783556 Q: 1.16957
T: 0.849736 Q: 2.49468
T: 0.905267 Q: -0.0522669
T: 0.948463 Q: -0.0397201
T: 0.978011 Q: -0.0343329
T: 0.993012 Q: -0.0418031
T: 0.993012 Q: -0.038992
T: 0.978011 Q: -0.0419222
T: 0.948463 Q: -0.0564847
T: 0.905267 Q: -0.0544214
T: 0.849736 Q: -0.0301644
T: 0.783556 Q: -0.0219862
T: 0.708738 Q: -0.0153611
T: 0.627557 Q: -0.0120606
T: 0.542477 Q: 1.18642
Sec_Event 12021219 N50: 33
T: -0.262072 Q: -0.00525052
T: -0.372435 Q: -0.0056947
T: -0.477741 Q: -0.00972408
T: -0.574792 Q: 1.132
T: -0.660638 Q: -0.00904173
T: -0.732672 Q: -0.0126364
T: -0.788704 Q: -0.0133942
T: -0.827032 Q: 2.20974
T: -0.846492 Q: -0.0137966
T: -0.846492 Q: 1.26106
T: -0.827032 Q: -0.0150505
T: -0.788704 Q: 1.16724
T: -0.732672 Q: -0.0233727
T: -0.660638 Q: -0.0311985
T: -0.574792 Q: -0.02907
T: -0.477741 Q: -0.0294914
T: -0.372435 Q: 1.20527
T: -0.262072 Q: -0.0245366
T: -0.150008 Q: -0.023868
T: -0.0396458 Q: -0.018337
T: 0.0656604 Q: -0.0204522
T: 0.162711 Q: -0.0195246
T: 0.248558 Q: -0.0153235
T: 0.320591 Q: -0.0277155
T: 0.376624 Q: 1.00377
T: 0.414952 Q: -0.0205648
T: 0.434412 Q: 1.19365
T: 0.434412 Q: -0.011245
T: 0.414952 Q: 1.08727
T: 0.376624 Q: -0.0103104
T: 0.320591 Q: -0.00742174
T: 0.248558 Q: -0.00449992
T: 0.162711 Q: -0.0086223
T: 0.0656604 Q: -0.00648091
T: -0.0396458 Q: -0.00480349
T: -0.150008 Q: -0.00783067
 Incomplete 
Sec_Event 12661879 N50: 26
T: 0.307002 Q: 1.22585
T: 0.206353 Q: -0.0054866
T: 0.110314 Q: -0.000953018
T: 0.0218048 Q: -0.00211418
T: -0.0564865 Q: -0.000513954
T: -0.122181 Q: -0.00196477
T: -0.173282 Q: -0.000525455
T: -0.208237 Q: -0.00157112
T: -0.225984 Q: -0.00110391
T: -0.225984 Q: -0.00104216
T: -0.208237 Q: -0.00124675
T: -0.173282 Q: -0.00183126
T: -0.122181 Q: 1.00956
T: -0.0564865 Q: -0.0019343
T: 0.0218048 Q: -0.00139116
T: 0.110314 Q: -0.00186526
T: 0.206353 Q: -0.00455933
T: 0.307002 Q: 1.19907
T: 0.409204 Q: -0.00359799
T: 0.509854 Q: 0.965848
T: 0.605892 Q: -0.00437958
T: 0.694402 Q: -0.0068803
T: 0.772693 Q: -0.0116835
T: 0.838388 Q: -0.0255702
T: 0.889489 Q: 0.844211
T: 0.924444 Q: -0.0259954
T: 0.942191 Q: -0.0201341
T: 0.942191 Q: -0.0294557
T: 0.924444 Q: 0.952176
T: 0.889489 Q: 0.794347
T: 0.838388 Q: 1.01042
T: 0.772693 Q: 0.869199
T: 0.694402 Q: -0.00413941
T: 0.605892 Q: 0.960754
T: 0.509854 Q: -0.00278247
T: 0.409204 Q: -0.00527741
Sec_Event 12780590 N50: 33
T: -0.109319 Q: -0.0174495
T: -0.223912 Q: -0.0183618
T: -0.333255 Q: 1.27974
T: -0.434026 Q: -0.0283319
T: -0.523164 Q: -0.031651
T: -0.597959 Q: -0.0400018
T: -0.656139 Q: -0.04668
T: -0.695937 Q: -0.051724
T: -0.716143 Q: -0.0540858
T: -0.716143 Q: -0.0662439
T: -0.695937 Q: -0.0588541
T: -0.656139 Q: 1.36499
T: -0.597959 Q: -0.0620617
T: -0.523164 Q: -0.0585405
T: -0.434026 Q: -0.0530052
T: -0.333255 Q: -0.0457789
T: -0.223912 Q: -0.0405932
T: -0.109319 Q: 1.28234
T: 0.00704186 Q: 1.38489
T: 0.121635 Q: 1.38179
T: 0.230978 Q: 2.86148
T: 0.331749 Q: 1.22514
T: 0.420887 Q: -0.0515965
T: 0.495682 Q: -0.04667
T: 0.553862 Q: -0.0342329
T: 0.59366 Q: -0.0312298
T: 0.613866 Q: -0.0291648
T: 0.613866 Q: 1.41727
T: 0.59366 Q: 1.27183
T: 0.553862 Q: -0.0316287
T: 0.495682 Q: -0.0304462
T: 0.420887 Q: -0.0436981
T: 0.331749 Q: -0.0257664
T: 0.230978 Q: 1.23896
T: 0.121635 Q: -0.0179803
T: 0.00704186 Q: 2.61316
Sec_Event 13632336 N50: 46
T: -0.342285 Q: -0.0305095
T: -0.448139 Q: 1.30796
T: -0.549143 Q: -0.0486644
T: -0.642229 Q: 1.17003
T: -0.724568 Q: 1.11195
T: -0.793659 Q: -0.0728082
T: -0.847402 Q: -0.0701003
T: -0.884165 Q: 0.964487
T: -0.90283 Q: -0.0729332
T: -0.90283 Q: -0.0621365
T: -0.884165 Q: -0.0437746
T: -0.847402 Q: -0.0216147
T: -0.793659 Q: -0.0143553
T: -0.724568 Q: -0.00576206
T: -0.642229 Q: -0.00659756
T: -0.549143 Q: -0.007095
T: -0.448139 Q: -0.00297331
T: -0.342285 Q: 0.95692
T: -0.234799 Q: 1.02038
T: -0.128946 Q: -0.00518782
T: -0.0279415 Q: -0.00190974
T: 0.0651444 Q: -0.00245525
T: 0.147484 Q: -0.0025921
T: 0.216575 Q: -0.00305817
T: 0.270318 Q: 1.26493
T: 0.30708 Q: 1.04444
T: 0.325745 Q: -0.00462361
T: 0.325745 Q: 1.95511
T: 0.30708 Q: 0.790591
T: 0.270318 Q: -0.00906798
T: 0.216575 Q: -0.0102078
T: 0.147484 Q: -0.0157767
T: 0.0651444 Q: -0.0216638
T: -0.0279415 Q: -0.0237941
T: -0.128946 Q: 1.0355
T: -0.234799 Q: 2.39605
Sec_Event 13746468 N50: 39
T: 0.694405 Q: -0.015326
T: 0.661138 Q: -0.0175668
T: 0.629395 Q: 0.977231
T: 0.600141 Q: -0.0202481
T: 0.574264 Q: -0.0190646
T: 0.55255 Q: -0.0238778
T: 0.53566 Q: -0.0315812
T: 0.524107 Q: -0.0275074
T: 0.518241 Q: -0.0320406
T: 0.518241 Q: 2.47931
T: 0.524107 Q: 1.26267
T: 0.53566 Q: -0.0408245
T: 0.55255 Q: -0.0373512
T: 0.574264 Q: -0.0443751
T: 0.600141 Q: 1.1403
T: 0.629395 Q: -0.0500529
T: 0.661138 Q: 2.45471
T: 0.694405 Q: -0.0365029
T: 0.728186 Q: -0.0403461
T: 0.761452 Q: -0.0369916
T: 0.793195 Q: -0.0254225
T: 0.82245 Q: 3.20115
T: 0.848327 Q: -0.0286565
T: 0.870041 Q: -0.024955
T: 0.886931 Q: 1.04013
T: 0.898484 Q: -0.0162471
T: 0.90435 Q: -0.0193332
T: 0.90435 Q: 0.855426
T: 0.898484 Q: 1.73235
T: 0.886931 Q: -0.0195708
T: 0.870041 Q: -0.0145397
T: 0.848327 Q: -0.0152246
T: 0.82245 Q: 3.09768
T: 0.793195 Q: 1.94518
T: 0.761452 Q: -0.0158194
T: 0.728186 Q: -0.0115911
Sec_Event 13842344 N50: 28
T: -0.445838 Q: -0.0452276
T: -0.542987 Q: -0.0644146
T: -0.635685 Q: 1.58504
T: -0.721116 Q: -0.0587171
T: -0.796684 Q: -0.0488135
T: -0.860093 Q: -0.0407469
T: -0.909416 Q: 1.4379
T: -0.943155 Q: -0.0279632
T: -0.960285 Q: -0.030823
T: -0.960285 Q: -0.0279309
T: -0.943155 Q: -0.0263341
T: -0.909416 Q: -0.0309891
T: -0.860093 Q: -0.0375706
T: -0.796684 Q: -0.052831
T: -0.721116 Q: -0.0453346
T: -0.635685 Q: -0.0336148
T: -0.542987 Q: 1.24479
T: -0.445838 Q: -0.0314816
T: -0.347191 Q: -0.0250515
T: -0.250043 Q: -0.0203262
T: -0.157345 Q: -0.023466
T: -0.0719143 Q: -0.030955
T: 0.00365374 Q: 1.64036
T: 0.0670628 Q: -0.0357451
T: 0.116386 Q: -0.0366191
T: 0.150126 Q: -0.0463923
T: 0.167256 Q: -0.0375413
T: 0.167256 Q: -0.0420275
T: 0.150126 Q: -0.0491541
T: 0.116386 Q: 4.72316
T: 0.0670628 Q: 1.65698
T: 0.00365374 Q: -0.0391198
T: -0.0719143 Q: -0.0430311
T: -0.157345 Q: 1.36856
T: -0.250043 Q: 1.30136
T: -0.347191 Q: -0.046105
300000/468505
Sec_Event 15291086 N50: 31
T: 0.242899 Q: -0.00120013
T: 0.137564 Q: -0.000698927
T: 0.037055 Q: -0.000665316
T: -0.0555749 Q: -0.000316927
T: -0.137511 Q: 1.03464
T: -0.206263 Q: -0.00112712
T: -0.259743 Q: -0.000630271
T: -0.296326 Q: -0.000420082
T: -0.314899 Q: 1.3067
T: -0.314899 Q: 1.28953
T: -0.296326 Q: -0.00111225
T: -0.259743 Q: -0.00209822
T: -0.206263 Q: 2.09953
T: -0.137511 Q: -0.00309952
T: -0.0555749 Q: 2.31417
T: 0.037055 Q: 1.18976
T: 0.137564 Q: -0.00319675
T: 0.242899 Q: -0.00329766
T: 0.349859 Q: -0.00457744
T: 0.455194 Q: 1.00348
T: 0.555703 Q: 0.982812
T: 0.648333 Q: -0.0095527
T: 0.730269 Q: -0.0108664
T: 0.799021 Q: 0.838301
T: 0.852501 Q: -0.0215725
T: 0.889084 Q: 1.01347
T: 0.907657 Q: -0.0252458
T: 0.907657 Q: -0.0140387
T: 0.889084 Q: -0.00984045
T: 0.852501 Q: -0.00430257
T: 0.799021 Q: 1.07701
T: 0.730269 Q: 1.33674
T: 0.648333 Q: -0.00169357
T: 0.555703 Q: -0.000868197
T: 0.455194 Q: -0.00100643
T: 0.349859 Q: -0.000355466
Sec_Event 15291086 N50: 28
T: -0.330824 Q: 2.1785
T: -0.437431 Q: -0.00506783
T: -0.539153 Q: 1.14097
T: -0.632901 Q: -0.00415751
T: -0.715826 Q: 1.17488
T: -0.785408 Q: -0.0116926
T: -0.839533 Q: -0.00749302
T: -0.876557 Q: 1.32244
T: -0.895355 Q: 1.46792
T: -0.895355 Q: 1.30699
T: -0.876557 Q: -0.00683368
T: -0.839533 Q: -0.00917473
T: -0.785408 Q: -0.0118651
T: -0.715826 Q: -0.0148546
T: -0.632901 Q: 1.31697
T: -0.539153 Q: -0.0325245
T: -0.437431 Q: 1.10819
T: -0.330824 Q: 1.42795
T: -0.222574 Q: -0.0676227
T: -0.115967 Q: 1.57165
T: -0.014245 Q: -0.0524151
T: 0.0795029 Q: -0.045089
T: 0.162428 Q: -0.0410479
T: 0.23201 Q: -0.0458784
T: 0.286135 Q: 2.96424
T: 0.323159 Q: -0.043858
T: 0.341957 Q: -0.030497
T: 0.341957 Q: 1.12517
T: 0.323159 Q: 1.16943
T: 0.286135 Q: -0.00914804
T: 0.23201 Q: 1.07359
T: 0.162428 Q: -0.00382649
T: 0.0795029 Q: -0.00360327
T: -0.014245 Q: 1.14425
T: -0.115967 Q: -0.00315219
T: -0.222574 Q: -0.00237773
Sec_Event 15834332 N50: 38
T: -0.27142 Q: -0.0161828
T: -0.381344 Q: 1.278
T: -0.486233 Q: 1.22443
T: -0.582899 Q: 1.12524
T: -0.668405 Q: 1.05178
T: -0.740153 Q: 2.08756
T: -0.795963 Q: 1.04194
T: -0.834139 Q: -0.0470156
T: -0.853522 Q: 1.33441
T: -0.853522 Q: -0.0460894
T: -0.834139 Q: 1.96244
T: -0.795963 Q: -0.0255215
T: -0.740153 Q: -0.0170574
T: -0.668405 Q: 1.12979
T: -0.582899 Q: -0.0113571
T: -0.486233 Q: 1.16897
T: -0.381344 Q: -0.0116315
T: -0.27142 Q: -0.00428364
T: -0.1598 Q: -0.00446493
T: -0.0498751 Q: -0.00586306
T: 0.0550136 Q: -0.00751414
T: 0.15168 Q: 1.12473
T: 0.237186 Q: -0.00507417
T: 0.308934 Q: -0.00520469
T: 0.364744 Q: -0.00676071
T: 0.40292 Q: -0.00825537
T: 0.422303 Q: -0.0126847
T: 0.422303 Q: -0.00835633
T: 0.40292 Q: -0.00950484
T: 0.364744 Q: -0.00944088
T: 0.308934 Q: -0.0117438
T: 0.237186 Q: -0.0120153
T: 0.15168 Q: -0.0135418
T: 0.0550136 Q: 1.1302
T: -0.0498751 Q: 1.09727
T: -0.1598 Q: -0.0194728
Sec_Event 15910186 N50: 31
T: -0.396928 Q: -0.00438172
T: -0.498642 Q: 0.997895
T: -0.595696 Q: -0.00637739
T: -0.685142 Q: -0.0110079
T: -0.764261 Q: 0.893583
T: -0.83065 Q: 0.666061
T: -0.882291 Q: -0.0203024
T: -0.917616 Q: 0.972121
T: -0.935551 Q: -0.0137653
T: -0.935551 Q: -0.01494
T: -0.917616 Q: -0.0141718
T: -0.882291 Q: -0.00899152
T: -0.83065 Q: -0.00535813
T: -0.764261 Q: -0.00465847
T: -0.685142 Q: 0.87569
T: -0.595696 Q: -0.000832941
T: -0.498642 Q: -0.00157301
T: -0.396928 Q: 1.09411
T: -0.293645 Q: -0.000562107
T: -0.191932 Q: -0.00150463
T: -0.0948775 Q: -0.000752999
T: -0.00543191 Q: -0.000843561
T: 0.0736873 Q: 1.31369
T: 0.140076 Q: 1.04565
T: 0.191718 Q: -0.000618135
T: 0.227042 Q: -0.000642134
T: 0.244977 Q: -0.00136103
T: 0.244977 Q: -0.000615735
T: 0.227042 Q: 2.38355
T: 0.191718 Q: 0.903022
T: 0.140076 Q: -0.00103345
T: 0.0736873 Q: -0.00155705
T: -0.00543191 Q: 0.820275
T: -0.0948775 Q: 0.936299
T: -0.191932 Q: 1.97967
T: -0.293645 Q: 0.972933
Sec_Event 16674885 N50: 29
T: -0.196265 Q: -0.0294561
T: -0.309104 Q: -0.0279898
T: -0.416773 Q: -0.0349321
T: -0.516002 Q: -0.0494732
T: -0.603775 Q: 1.14021
T: -0.677425 Q: 0.987759
T: -0.734715 Q: -0.0496116
T: -0.773903 Q: -0.0460231
T: -0.7938 Q: 0.98669
T: -0.7938 Q: -0.0189374
T: -0.773903 Q: -0.00857054
T: -0.734715 Q: -0.00351145
T: -0.677425 Q: -0.0024931
T: -0.603775 Q: -0.00320699
T: -0.516002 Q: -0.00135833
T: -0.416773 Q: 1.34241
T: -0.309104 Q: -0.00034626
T: -0.196265 Q: -0.0012553
T: -0.0816858 Q: 1.01228
T: 0.031153 Q: -0.000315487
T: 0.138822 Q: -0.000961668
T: 0.238051 Q: -0.00157381
T: 0.325824 Q: -0.00160884
T: 0.399474 Q: -0.00207934
T: 0.456764 Q: -0.00167934
T: 0.495952 Q: -0.00252889
T: 0.515849 Q: -0.00300756
T: 0.515849 Q: -0.00328997
T: 0.495952 Q: -0.00538645
T: 0.456764 Q: -0.00616634
T: 0.399474 Q: -0.00642185
T: 0.325824 Q: 1.32085
T: 0.238051 Q: 1.30023
T: 0.138822 Q: 1.0497
T: 0.031153 Q: -0.0165055
T: -0.0816858 Q: -0.0283282
Sec_Event 16674885 N50: 55
T: -0.0348574 Q: 1.63702
T: -0.149665 Q: 3.1877
T: -0.259214 Q: 5.17792
T: -0.360174 Q: -0.00306824
T: -0.449479 Q: 3.30564
T: -0.524415 Q: -0.00635514
T: -0.582704 Q: -0.00703914
T: -0.622577 Q: 4.55894
T: -0.642821 Q: 1.20982
T: -0.642821 Q: 1.29453
T: -0.622577 Q: -0.0448822
T: -0.582704 Q: 1.76385
T: -0.524415 Q: -0.0544929
T: -0.449479 Q: 3.87975
T: -0.360174 Q: -0.0516321
T: -0.259214 Q: -0.0592728
T: -0.149665 Q: 1.95595
T: -0.0348574 Q: -0.0447926
T: 0.0817218 Q: 1.56414
T: 0.19653 Q: -0.052607
T: 0.306078 Q: 1.13368
T: 0.407039 Q: -0.0159549
T: 0.496344 Q: 1.32892
T: 0.571279 Q: -0.00615197
T: 0.629569 Q: 1.57208
T: 0.669441 Q: -0.00398066
T: 0.689685 Q: 3.01037
T: 0.689685 Q: -0.00339321
T: 0.669441 Q: -0.00318209
T: 0.629569 Q: -0.00331553
T: 0.571279 Q: -0.00331429
T: 0.496344 Q: 4.98915
T: 0.407039 Q: 3.69596
T: 0.306078 Q: 1.38034
T: 0.19653 Q: 1.81342
Sec_Event 16674885 N50: 50
T: 0.286255 Q: -0.0261244
T: 0.183973 Q: -0.0280106
T: 0.0863766 Q: 1.69419
T: -0.00356882 Q: 1.54625
T: -0.0831302 Q: -0.0462734
T: -0.14989 Q: 2.0866
T: -0.20182 Q: -0.0689246
T: -0.237342 Q: 1.89588
T: -0.255377 Q: -0.0745726
T: -0.255377 Q: -0.0768304
T: -0.237342 Q: -0.101476
T: -0.20182 Q: -0.100678
T: -0.14989 Q: -0.0764444
T: -0.0831302 Q: -0.0882542
T: -0.00356882 Q: -0.0685382
T: 0.0863766 Q: 2.01636
T: 0.183973 Q: 0.993765
T: 0.286255 Q: 2.3463
T: 0.390115 Q: 1.39569
T: 0.492397 Q: 2.9914
T: 0.589994 Q: 1.55191
T: 0.679939 Q: 1.72554
T: 0.759501 Q: -0.00349648
T: 0.826261 Q: -0.00293154
T: 0.878191 Q: 2.03918
T: 0.913713 Q: 1.85653
T: 0.931748 Q: -0.00195084
T: 0.931748 Q: -0.00216377
T: 0.913713 Q: -0.00283508
T: 0.878191 Q: -0.00160984
T: 0.826261 Q: -0.00236635
T: 0.759501 Q: 2.04177
T: 0.679939 Q: -0.00418402
T: 0.589994 Q: -0.00720516
T: 0.492397 Q: -0.0101538
T: 0.390115 Q: 1.36119
Sec_Event 16681255 N50: 32
T: -0.566907 Q: -0.00250858
T: -0.648098 Q: -0.00135925
T: -0.725569 Q: -0.00121024
T: -0.796967 Q: 2.58313
T: -0.860122 Q: -0.00190687
T: -0.913115 Q: -0.00173163
T: -0.954337 Q: -0.00212142
T: -0.982534 Q: -0.00220121
T: -0.99685 Q: -0.00104299
T: -0.99685 Q: -0.00169357
T: -0.982534 Q: -0.00317434
T: -0.954337 Q: -0.00132245
T: -0.913115 Q: 1.19532
T: -0.860122 Q: -0.00254378
T: -0.796967 Q: -0.00283055
T: -0.725569 Q: -0.00339144
T: -0.648098 Q: -0.006962
T: -0.566907 Q: 1.04676
T: -0.484464 Q: -0.0149188
T: -0.403274 Q: 2.96244
T: -0.325802 Q: -0.0180432
T: -0.254405 Q: -0.0148122
T: -0.19125 Q: -0.0131005
T: -0.138256 Q: -0.0121584
T: -0.0970347 Q: 1.08721
T: -0.0688375 Q: -0.00498048
T: -0.0545214 Q: -0.00688619
T: -0.0545214 Q: 1.15343
T: -0.0688375 Q: 1.25079
T: -0.0970347 Q: -0.00125546
T: -0.138256 Q: 1.06336
T: -0.19125 Q: 1.18328
T: -0.254405 Q: -0.000765762
T: -0.325802 Q: -0.000907513
T: -0.403274 Q: -0.00113517
T: -0.484464 Q: -0.00247457
Sec_Event 16808517 N50: 42
T: -0.693094 Q: 1.69714
T: -0.7436 Q: -0.0169509
T: -0.791793 Q: -0.0240974
T: -0.836207 Q: -0.0416085
T: -0.875494 Q: 0.757009
T: -0.90846 Q: 1.01097
T: -0.934103 Q: -0.0601651
T: -0.951644 Q: 1.27728
T: -0.960549 Q: -0.0545152
T: -0.960549 Q: -0.0556501
T: -0.951644 Q: -0.0579747
T: -0.934103 Q: 1.25936
T: -0.90846 Q: 1.51242
T: -0.875494 Q: 0.981488
T: -0.836207 Q: -0.0575432
T: -0.791793 Q: -0.0349265
T: -0.7436 Q: 1.88636
T: -0.693094 Q: -0.0222193
T: -0.641808 Q: -0.0109225
T: -0.591302 Q: -0.00770403
T: -0.543109 Q: 1.1105
T: -0.498695 Q: -0.00534504
T: -0.459408 Q: -0.00226408
T: -0.426442 Q: -0.00812341
T: -0.400799 Q: 2.08621
T: -0.383259 Q: 1.21918
T: -0.374353 Q: 2.18416
T: -0.374353 Q: -0.00137057
T: -0.383259 Q: -0.00218203
T: -0.400799 Q: 0.912924
T: -0.426442 Q: -0.0024704
T: -0.459408 Q: 1.95585
T: -0.498695 Q: -0.00277245
T: -0.543109 Q: -0.00420299
T: -0.591302 Q: -0.00594607
T: -0.641808 Q: 1.02233
Sec_Event 17009949 N50: 35
T: 0.0449675 Q: -0.0205185
T: -0.0687949 Q: 1.08042
T: -0.177346 Q: 0.972867
T: -0.277387 Q: -0.018925
T: -0.365878 Q: 2.01784
T: -0.440131 Q: -0.0109897
T: -0.49789 Q: -0.00890674
T: -0.537399 Q: 0.918474
T: -0.557459 Q: 1.01166
T: -0.557459 Q: -0.00559727
T: -0.537399 Q: -0.00633692
T: -0.49789 Q: -0.00596819
T: -0.440131 Q: 1.09436
T: -0.365878 Q: -0.00475171
T: -0.277387 Q: 0.990588
T: -0.177346 Q: -0.00393166
T: -0.0687949 Q: -0.00545951
T: 0.0449675 Q: 1.29117
T: 0.160485 Q: 1.08664
T: 0.274247 Q: -0.00609014
T: 0.382798 Q: -0.00534693
T: 0.482839 Q: -0.00424054
T: 0.571331 Q: -0.0071173
T: 0.645584 Q: -0.0102797
T: 0.703343 Q: 0.926161
T: 0.742852 Q: -0.0212009
T: 0.762911 Q: 0.833113
T: 0.762911 Q: 0.949883
T: 0.742852 Q: 0.994908
T: 0.703343 Q: 0.913974
T: 0.645584 Q: -0.0435639
T: 0.571331 Q: -0.0335987
T: 0.482839 Q: -0.034494
T: 0.382798 Q: -0.0255996
T: 0.274247 Q: -0.0190916
T: 0.160485 Q: -0.020738
Sec_Event 17211119 N50: 32
T: -0.722025 Q: -0.00446867
T: -0.759199 Q: -0.00416469
T: -0.79467 Q: -0.00373636
T: -0.82736 Q: -0.00283795
T: -0.856276 Q: -0.00245038
T: -0.880539 Q: -0.0022147
T: -0.899413 Q: -0.00324709
T: -0.912323 Q: -0.00180049
T: -0.918878 Q: 1.25257
T: -0.918878 Q: -0.00237246
T: -0.912323 Q: 1.3561
T: -0.899413 Q: 1.33375
T: -0.880539 Q: 2.35616
T: -0.856276 Q: -0.00272795
T: -0.82736 Q: -0.00255753
T: -0.79467 Q: -0.00410412
T: -0.759199 Q: -0.0031079
T: -0.722025 Q: 1.21669
T: -0.684278 Q: 1.29277
T: -0.647105 Q: -0.00684344
T: -0.611634 Q: -0.00881352
T: -0.578944 Q: -0.0117749
T: -0.550028 Q: 1.16609
T: -0.525765 Q: -0.0172773
T: -0.506891 Q: 1.23558
T: -0.493981 Q: -0.0122778
T: -0.487426 Q: 1.26279
T: -0.487426 Q: -0.0113573
T: -0.493981 Q: -0.00932617
T: -0.506891 Q: -0.010031
T: -0.525765 Q: -0.010329
T: -0.550028 Q: -0.00935804
T: -0.578944 Q: -0.00855439
T: -0.611634 Q: 1.1889
T: -0.647105 Q: -0.00748002
T: -0.684278 Q: -0.0053308
Sec_Event 18477474 N50: 28
T: -0.314377 Q: -0.0148009
T: -0.421998 Q: -0.0210304
T: -0.524689 Q: -0.0333257
T: -0.619329 Q: -0.0339769
T: -0.703043 Q: 5.28374
T: -0.773288 Q: 1.39177
T: -0.827928 Q: 1.38328
T: -0.865305 Q: -0.0373938
T: -0.884281 Q: -0.0374316
T: -0.884281 Q: 1.07296
T: -0.865305 Q: -0.0410867
T: -0.827928 Q: -0.0430715
T: -0.773288 Q: -0.0218606
T: -0.703043 Q: -0.0182634
T: -0.619329 Q: -0.010214
T: -0.524689 Q: -0.0133637
T: -0.421998 Q: -0.00688774
T: -0.314377 Q: -0.00790958
T: -0.205096 Q: -0.00733636
T: -0.0974752 Q: -0.00657292
T: 0.00521548 Q: 1.45205
T: 0.0998557 Q: 1.26748
T: 0.18357 Q: -0.00734568
T: 0.253814 Q: -0.0131956
T: 0.308455 Q: -0.00733165
T: 0.345831 Q: -0.0132993
T: 0.364808 Q: 1.48047
T: 0.364808 Q: 1.26391
T: 0.345831 Q: -0.0137733
T: 0.308455 Q: -0.0355588
T: 0.253814 Q: 1.23208
T: 0.18357 Q: 1.68267
T: 0.0998557 Q: -0.0176726
T: 0.00521548 Q: -0.0150385
T: -0.0974752 Q: -0.0180816
T: -0.205096 Q: -0.0190059
Sec_Event 18545677 N50: 27
T: -0.57088 Q: -0.0197585
T: -0.651397 Q: 2.69973
T: -0.728226 Q: -0.0261853
T: -0.799033 Q: -0.029301
T: -0.861664 Q: 1.39543
T: -0.914218 Q: -0.0197947
T: -0.955098 Q: -0.0200309
T: -0.983062 Q: -0.0183463
T: -0.997259 Q: 1.4171
T: -0.997259 Q: -0.0193747
T: -0.983062 Q: 1.71881
T: -0.955098 Q: 1.49074
T: -0.914218 Q: -0.0218411
T: -0.861664 Q: -0.0284337
T: -0.799033 Q: -0.0429142
T: -0.728226 Q: -0.0436214
T: -0.651397 Q: -0.0455572
T: -0.57088 Q: -0.0466176
T: -0.48912 Q: -0.0421717
T: -0.408602 Q: -0.0329392
T: -0.331773 Q: -0.029456
T: -0.260967 Q: -0.0332046
T: -0.198335 Q: -0.0294573
T: -0.145781 Q: 1.43569
T: -0.104901 Q: -0.0231691
T: -0.0769375 Q: 1.67041
T: -0.06274 Q: -0.0303334
T: -0.06274 Q: -0.0207188
T: -0.0769375 Q: -0.0198017
T: -0.104901 Q: -0.016288
T: -0.145781 Q: -0.0166738
T: -0.198335 Q: -0.0153527
T: -0.260967 Q: 2.88105
T: -0.331773 Q: -0.0168208
T: -0.408602 Q: -0.0170078
T: -0.48912 Q: -0.0153076
400000/468505
Sec_Event 19380114 N50: 42
T: -0.587312 Q: -0.00315782
T: -0.664912 Q: -0.00231976
T: -0.738957 Q: -0.00156401
T: -0.807198 Q: -0.000916038
T: -0.86756 Q: -0.00102812
T: -0.91821 Q: 1.01982
T: -0.984559 Q: -0.000674963
T: -0.998242 Q: -0.000666094
T: -0.998242 Q: -0.000686914
T: -0.984559 Q: 1.11003
T: -0.957609 Q: 1.10715
T: -0.91821 Q: -0.000636635
T: -0.86756 Q: 0.993743
T: -0.807198 Q: -0.00113814
T: -0.738957 Q: -0.00131078
T: -0.664912 Q: -0.00203341
T: -0.587312 Q: 1.03598
T: -0.508514 Q: -0.00339911
T: -0.430914 Q: 0.737393
T: -0.356869 Q: -0.00667263
T: -0.288628 Q: 1.0383
T: -0.228266 Q: -0.0128832
T: -0.177616 Q: 0.73119
T: -0.138217 Q: -0.0209769
T: -0.111267 Q: 2.01278
T: -0.0975841 Q: 3.38362
T: -0.0975841 Q: -0.025071
T: -0.111267 Q: 1.87426
T: -0.138217 Q: 2.04938
T: -0.177616 Q: -0.0299832
T: -0.228266 Q: 0.841567
T: -0.288628 Q: 0.697057
T: -0.356869 Q: 0.77289
T: -0.430914 Q: 0.881554
T: -0.508514 Q: 1.06555
Sec_Event 19775602 N50: 50
T: -0.736299 Q: 2.02258
T: -0.763044 Q: -0.00487223
T: -0.788564 Q: -0.00592549
T: -0.812083 Q: -0.00678763
T: -0.832887 Q: 2.24102
T: -0.850344 Q: 1.09872
T: -0.863922 Q: -0.00621575
T: -0.873211 Q: -0.00662698
T: -0.877927 Q: -0.00725631
T: -0.877927 Q: -0.0103052
T: -0.873211 Q: 2.48908
T: -0.863922 Q: -0.00907507
T: -0.850344 Q: -0.011255
T: -0.832887 Q: -0.0125001
T: -0.812083 Q: 1.16921
T: -0.788564 Q: 1.13453
T: -0.763044 Q: -0.017224
T: -0.736299 Q: -0.0181542
T: -0.709141 Q: -0.0197239
T: -0.682396 Q: -0.0250254
T: -0.656876 Q: -0.0259758
T: -0.633356 Q: 1.07379
T: -0.612552 Q: -0.0400911
T: -0.595096 Q: -0.0315054
T: -0.581517 Q: -0.0321469
T: -0.572228 Q: -0.0291119
T: -0.567513 Q: 1.07466
T: -0.567513 Q: -0.0311288
T: -0.572228 Q: -0.0264928
T: -0.581517 Q: 1.17909
T: -0.595096 Q: 2.45836
T: -0.612552 Q: 1.22576
T: -0.633356 Q: 3.4765
T: -0.656876 Q: -0.0130107
T: -0.682396 Q: 1.04252
T: -0.709141 Q: -0.00738923
Sec_Event 19796158 N50: 27
T: 0.185304 Q: -0.0155736
T: 0.0766198 Q: 1.11485
T: -0.0270858 Q: -0.00743411
T: -0.122661 Q: -0.00903615
T: -0.207203 Q: -0.00884768
T: -0.278142 Q: 1.20912
T: -0.333322 Q: -0.0116087
T: -0.371068 Q: 1.05849
T: -0.390232 Q: -0.00724932
T: -0.390232 Q: 0.958336
T: -0.371068 Q: -0.00582012
T: -0.333322 Q: -0.0118229
T: -0.278142 Q: -0.00782864
T: -0.207203 Q: 0.998034
T: -0.122661 Q: 2.31144
T: -0.0270858 Q: -0.00517328
T: 0.0766198 Q: 0.988624
T: 0.185304 Q: -0.00596604
T: 0.295666 Q: -0.00605547
T: 0.40435 Q: 1.09587
T: 0.508056 Q: 1.11993
T: 0.603631 Q: -0.00887691
T: 0.688173 Q: -0.0128725
T: 0.759112 Q: -0.0217568
T: 0.814292 Q: 0.816548
T: 0.852038 Q: 1.01509
T: 0.871202 Q: -0.0267676
T: 0.871202 Q: -0.0497756
T: 0.852038 Q: -0.0295424
T: 0.814292 Q: 0.838908
T: 0.759112 Q: -0.037297
T: 0.688173 Q: -0.0285751
T: 0.603631 Q: -0.0275039
T: 0.508056 Q: -0.014476
T: 0.40435 Q: -0.0133869
T: 0.295666 Q: -0.0118534
Sec_Event 20158250 N50: 31
Sec_Event 20158250 N50: 53
T: 0.558316 Q: 2.88432
T: 0.489172 Q: 1.43239
T: 0.423195 Q: -0.0636799
T: 0.362391 Q: -0.0474148
T: 0.308607 Q: 1.62076
T: 0.263476 Q: -0.0431067
T: 0.228371 Q: -0.0329827
T: 0.204357 Q: 2.28388
T: 0.192165 Q: -0.0302507
T: 0.192165 Q: -0.0228452
T: 0.204357 Q: 2.30426
T: 0.228371 Q: 2.12451
T: 0.263476 Q: -0.0167174
T: 0.308607 Q: -0.0129925
T: 0.362391 Q: 1.02559
T: 0.423195 Q: 0.996624
T: 0.489172 Q: -0.00616736
T: 0.558316 Q: 1.12274
T: 0.628527 Q: -0.00601459
T: 0.697671 Q: 3.02306
T: 0.763647 Q: -0.0083758
T: 0.824452 Q: 1.00308
T: 0.878236 Q: 0.836727
T: 0.923367 Q: 2.29196
T: 0.958472 Q: 1.04244
T: 0.982486 Q: 2.60175
T: 0.994678 Q: 0.7929
T: 0.994678 Q: -0.0293935
T: 0.982486 Q: -0.0272315
T: 0.958472 Q: -0.0270978
T: 0.923367 Q: -0.0324529
T: 0.878236 Q: -0.0479174
T: 0.824452 Q: 1.53126
T: 0.763647 Q: -0.0596376
T: 0.697671 Q: -0.0683968
T: 0.628527 Q: 2.72244
Sec_Event 20158250 N50: 55
T: 0.0469784 Q: -0.0461695
T: -0.0667407 Q: 1.34741
T: -0.17525 Q: 1.47949
T: -0.275253 Q: -0.0499925
T: -0.363711 Q: -0.0539686
T: -0.437936 Q: 1.18387
T: -0.495673 Q: -0.0360276
T: -0.535167 Q: -0.0344389
T: -0.555219 Q: 1.05773
T: -0.555219 Q: -0.0280935
T: -0.535167 Q: -0.0315241
T: -0.495673 Q: -0.0343537
T: -0.437936 Q: -0.0346102
T: -0.363711 Q: 1.21402
T: -0.275253 Q: 1.29551
T: -0.17525 Q: 1.32946
T: -0.0667407 Q: 2.8901
T: 0.0469784 Q: -0.0255186
T: 0.162452 Q: 2.89788
T: 0.276171 Q: -0.022419
T: 0.38468 Q: -0.0279615
T: 0.484683 Q: -0.0459114
T: 0.573141 Q: 1.24211
T: 0.647366 Q: -0.0701805
T: 0.705103 Q: -0.0635306
T: 0.744597 Q: 1.33888
T: 0.764649 Q: 3.67032
T: 0.764649 Q: 1.30087
T: 0.744597 Q: -0.0613747
T: 0.705103 Q: 1.24411
T: 0.647366 Q: 1.47459
T: 0.573141 Q: -0.0728012
T: 0.484683 Q: -0.0610399
T: 0.38468 Q: 3.06718
T: 0.276171 Q: -0.0507574
T: 0.162452 Q: -0.0458701
Sec_Event 20158250 N50: 47
T: -0.300826 Q: 1.14569
T: -0.409227 Q: 2.11543
T: -0.512662 Q: 1.77038
T: -0.607987 Q: -0.016635
T: -0.692308 Q: 1.05372
T: -0.763062 Q: -0.0134529
T: -0.818098 Q: -0.00808604
T: -0.855745 Q: 1.01835
T: -0.874859 Q: -0.00838558
T: -0.874859 Q: 1.16606
T: -0.855745 Q: -0.0107127
T: -0.818098 Q: 2.23535
T: -0.763062 Q: 1.05743
T: -0.692308 Q: 1.03285
T: -0.607987 Q: -0.0251429
T: -0.512662 Q: 0.994672
T: -0.409227 Q: -0.0506457
T: -0.300826 Q: -0.0416987
T: -0.190753 Q: -0.0458069
T: -0.0823525 Q: 1.41621
T: 0.0210822 Q: -0.035338
T: 0.116408 Q: -0.0488311
T: 0.200729 Q: -0.0487456
T: 0.271482 Q: -0.0447814
T: 0.326519 Q: -0.0510859
T: 0.364166 Q: -0.0507185
T: 0.38328 Q: 2.27903
T: 0.38328 Q: 1.2788
T: 0.364166 Q: 1.05784
T: 0.326519 Q: -0.0337549
T: 0.271482 Q: 1.16417
T: 0.200729 Q: -0.0169093
T: 0.116408 Q: -0.0176698
T: 0.0210822 Q: -0.0131
T: -0.0823525 Q: -0.0135291
T: -0.190753 Q: 0.825377
Sec_Event 20158250 N50: 43
T: 0.505318 Q: -0.00948772
T: 0.427223 Q: -0.00998753
T: 0.352706 Q: -0.0168486
T: 0.284032 Q: -0.0118929
T: 0.223285 Q: -0.0149781
T: 0.172313 Q: 1.12914
T: 0.132663 Q: -0.0237355
T: 0.105541 Q: -0.0299479
T: 0.0917711 Q: -0.0394739
T: 0.0917711 Q: 1.39823
T: 0.105541 Q: 1.28531
T: 0.132663 Q: -0.0393379
T: 0.172313 Q: -0.0429822
T: 0.223285 Q: 3.09927
T: 0.284032 Q: 1.41885
T: 0.352706 Q: -0.0539451
T: 0.427223 Q: -0.0715614
T: 0.505318 Q: 1.38024
T: 0.584616 Q: -0.0625512
T: 0.662711 Q: 1.56446
T: 0.737227 Q: -0.055073
T: 0.805902 Q: -0.0546155
T: 0.866649 Q: 2.46521
T: 0.917621 Q: -0.0341785
T: 0.957271 Q: 1.40281
T: 0.984393 Q: -0.0281277
T: 0.998163 Q: -0.030737
T: 0.998163 Q: 1.29581
T: 0.984393 Q: 1.90284
T: 0.957271 Q: 0.986415
T: 0.917621 Q: 2.98907
T: 0.866649 Q: -0.0295829
T: 0.805902 Q: -0.0170498
T: 0.737227 Q: 1.00807
T: 0.662711 Q: 0.914244
T: 0.584616 Q: 1.08274
Sec_Event 20158250 N50: 39
T: -0.227141 Q: -0.0450477
T: -0.338946 Q: 1.43962
T: -0.44563 Q: -0.0521984
T: -0.54395 Q: -0.0369232
T: -0.63092 Q: 1.29905
T: -0.703896 Q: -0.0167711
T: -0.760661 Q: 1.26179
T: -0.799491 Q: 2.68393
T: -0.819205 Q: 1.3748
T: -0.819205 Q: -0.0115886
T: -0.799491 Q: -0.0143182
T: -0.760661 Q: -0.0134736
T: -0.703896 Q: -0.0154482
T: -0.63092 Q: -0.0233224
T: -0.54395 Q: 1.15421
T: -0.44563 Q: -0.0379948
T: -0.338946 Q: -0.0458912
T: -0.227141 Q: -0.0366372
T: -0.11361 Q: 1.39958
T: -0.0018044 Q: 1.4025
T: 0.104879 Q: -0.0446341
T: 0.2032 Q: 1.70653
T: 0.290169 Q: -0.0453853
T: 0.363145 Q: -0.0633171
T: 0.41991 Q: 1.52754
T: 0.45874 Q: -0.0728265
T: 0.478454 Q: -0.0844229
T: 0.478454 Q: -0.0743142
T: 0.45874 Q: -0.0749683
T: 0.41991 Q: -0.0628742
T: 0.363145 Q: -0.0571352
T: 0.290169 Q: 3.01366
T: 0.2032 Q: -0.0417064
T: 0.104879 Q: -0.0450807
T: -0.0018044 Q: 1.38324
T: -0.11361 Q: 1.61124
Sec_Event 20158250 N50: 47
T: -0.449714 Q: -0.0488149
T: -0.546462 Q: -0.0355292
T: -0.638777 Q: 1.42781
T: -0.723856 Q: 1.36249
T: -0.799112 Q: 1.45031
T: -0.86226 Q: 1.34507
T: -0.91138 Q: -0.00768454
T: -0.94498 Q: -0.00695669
T: -0.962039 Q: -0.00795946
T: -0.962039 Q: 1.33359
T: -0.94498 Q: 1.50489
T: -0.91138 Q: 1.47242
T: -0.86226 Q: 1.52558
T: -0.799112 Q: -0.0103916
T: -0.723856 Q: -0.0154824
T: -0.638777 Q: 1.3328
T: -0.546462 Q: -0.0262755
T: -0.449714 Q: -0.0317263
T: -0.351474 Q: -0.0431503
T: -0.254726 Q: 1.49756
T: -0.16241 Q: 1.4769
T: -0.0773316 Q: -0.038417
T: -0.00207521 Q: -0.0484003
T: 0.0610724 Q: -0.0444907
T: 0.110193 Q: -0.0565657
T: 0.143793 Q: -0.0563304
T: 0.160852 Q: 3.55325
T: 0.160852 Q: 1.52719
T: 0.143793 Q: -0.0644212
T: 0.110193 Q: 1.77877
T: 0.0610724 Q: 1.5136
T: -0.00207521 Q: -0.0471226
T: -0.0773316 Q: -0.0440378
T: -0.16241 Q: -0.0449965
T: -0.254726 Q: 1.57019
T: -0.351474 Q: 1.50956
Sec_Event 20158250 N50: 31
T: -0.579748 Q: -0.0286487
T: -0.658719 Q: -0.0194152
T: -0.734072 Q: -0.0138044
T: -0.803518 Q: -0.00890599
T: -0.864946 Q: 1.22206
T: -0.916491 Q: 1.25024
T: -0.956586 Q: -0.00935441
T: -0.984012 Q: 1.14458
T: -0.997937 Q: 1.18439
T: -0.997937 Q: -0.00506849
T: -0.984012 Q: -0.00708165
T: -0.956586 Q: -0.00558233
T: -0.916491 Q: 0.842882
T: -0.864946 Q: 0.900946
T: -0.803518 Q: -0.00827244
T: -0.734072 Q: -0.00669267
T: -0.658719 Q: 1.02251
T: -0.579748 Q: 0.990305
T: -0.499559 Q: 1.19629
T: -0.420588 Q: -0.00662681
T: -0.345235 Q: -0.00567447
T: -0.275789 Q: -0.00679759
T: -0.21436 Q: -0.0060273
T: -0.162816 Q: -0.00771678
T: -0.122721 Q: -0.00866108
T: -0.0952947 Q: -0.01163
T: -0.08137 Q: -0.016794
T: -0.08137 Q: 1.23731
T: -0.0952947 Q: 1.43174
T: -0.122721 Q: -0.039099
T: -0.162816 Q: 1.17497
T: -0.21436 Q: 1.31771
T: -0.275789 Q: 1.3496
T: -0.345235 Q: 2.20262
T: -0.420588 Q: -0.0412687
T: -0.499559 Q: -0.0396578
Sec_Event 20158250 N50: 50
T: -0.693801 Q: 2.57715
T: -0.74404 Q: 1.18596
T: -0.791978 Q: 1.33427
T: -0.836158 Q: 1.20166
T: -0.875238 Q: -0.00888423
T: -0.908029 Q: -0.00910142
T: -0.933537 Q: 1.25579
T: -0.950985 Q: -0.00719661
T: -0.959843 Q: -0.00824507
T: -0.959843 Q: -0.00988107
T: -0.950985 Q: -0.00839138
T: -0.933537 Q: -0.00604978
T: -0.908029 Q: -0.00802307
T: -0.875238 Q: 2.435
T: -0.836158 Q: -0.00629464
T: -0.791978 Q: -0.00869606
T: -0.74404 Q: -0.00811478
T: -0.693801 Q: -0.00600406
T: -0.642786 Q: 1.14663
T: -0.592546 Q: 2.3222
T: -0.544608 Q: 1.00257
T: -0.500428 Q: 1.0784
T: -0.461349 Q: 2.46995
T: -0.428557 Q: -0.0114346
T: -0.40305 Q: -0.0136791
T: -0.385602 Q: 1.23593
T: -0.376743 Q: -0.0302842
T: -0.376743 Q: 1.2713
T: -0.385602 Q: 1.28721
T: -0.40305 Q: 1.39782
T: -0.428557 Q: 1.02197
T: -0.461349 Q: 1.17786
T: -0.500428 Q: -0.035328
T: -0.544608 Q: -0.0363417
T: -0.592546 Q: -0.0315354
T: -0.642786 Q: -0.0235812
Sec_Event 20607759 N50: 39
T: -0.740232 Q: 1.26824
T: -0.762655 Q: -0.0342734
T: -0.784051 Q: -0.0303084
T: -0.80377 Q: -0.033935
T: -0.821212 Q: -0.0401226
T: -0.835847 Q: 1.36444
T: -0.847232 Q: -0.0282828
T: -0.855019 Q: -0.0222737
T: -0.858973 Q: 1.35256
T: -0.858973 Q: 1.12864
T: -0.855019 Q: -0.0150285
T: -0.847232 Q: -0.0131976
T: -0.835847 Q: 1.18348
T: -0.821212 Q: 0.996013
T: -0.80377 Q: -0.0102847
T: -0.784051 Q: -0.00770072
T: -0.762655 Q: -0.00674725
T: -0.740232 Q: 1.33593
T: -0.717463 Q: -0.00906725
T: -0.69504 Q: -0.007484
T: -0.673644 Q: 2.48808
T: -0.653925 Q: 1.19046
T: -0.636483 Q: -0.0145858
T: -0.621847 Q: 2.76378
T: -0.610463 Q: -0.0223316
T: -0.602675 Q: -0.021527
T: -0.598722 Q: -0.0326344
T: -0.598722 Q: -0.027462
T: -0.602675 Q: -0.0343358
T: -0.610463 Q: -0.0404867
T: -0.621847 Q: -0.0465846
T: -0.636483 Q: -0.0546697
T: -0.653925 Q: -0.0474626
T: -0.673644 Q: -0.0431987
T: -0.69504 Q: -0.0475732
T: -0.717463 Q: -0.0482348
Sec_Event 20923566 N50: 38
T: 0.251468 Q: -0.0167048
T: 0.146699 Q: -0.0187699
T: 0.0467296 Q: 0.960031
T: -0.0454026 Q: -0.0132145
T: -0.126898 Q: -0.0105083
T: -0.195281 Q: -0.0104365
T: -0.248474 Q: 1.17576
T: -0.28486 Q: 2.16458
T: -0.303333 Q: -0.00364029
T: -0.303333 Q: -0.00480801
T: -0.28486 Q: -0.00185942
T: -0.248474 Q: 0.988654
T: -0.195281 Q: -0.00158405
T: -0.126898 Q: -0.000767099
T: -0.0454026 Q: -0.00148386
T: 0.0467296 Q: 0.962009
T: 0.146699 Q: -0.000953047
T: 0.251468 Q: -0.00109108
T: 0.357853 Q: -0.000593718
T: 0.462622 Q: 1.03129
T: 0.562591 Q: -0.00178413
T: 0.654723 Q: -0.00417764
T: 0.736219 Q: -0.00538573
T: 0.804602 Q: -0.00382952
T: 0.857795 Q: -0.0074092
T: 0.89418 Q: -0.018111
T: 0.912654 Q: -0.042006
T: 0.912654 Q: 1.09894
T: 0.89418 Q: 1.61151
T: 0.857795 Q: 0.987091
T: 0.804602 Q: -0.0492927
T: 0.736219 Q: -0.0466641
T: 0.654723 Q: -0.0417013
T: 0.562591 Q: -0.0418951
T: 0.462622 Q: 0.973592
T: 0.357853 Q: -0.0170673
Sec_Event 21518722 N50: 47
T: 0.0656075 Q: -0.0215949
T: -0.0476703 Q: -0.017127
T: -0.155759 Q: 1.27411
T: -0.255373 Q: -0.0170289
T: -0.343488 Q: 1.23791
T: -0.417425 Q: 1.33208
T: -0.474937 Q: -0.0195614
T: -0.514278 Q: -0.0236091
T: -0.534252 Q: -0.0204637
T: -0.534252 Q: 1.159
T: -0.514278 Q: -0.0141761
T: -0.474937 Q: -0.0165342
T: -0.417425 Q: -0.0106454
T: -0.343488 Q: -0.0125442
T: -0.255373 Q: -0.00959332
T: -0.155759 Q: -0.00832502
T: -0.0476703 Q: -0.0115344
T: 0.0656075 Q: 1.63183
T: 0.180633 Q: -0.00812635
T: 0.293911 Q: 1.56871
T: 0.401999 Q: -0.0094592
T: 0.501614 Q: -0.0143196
T: 0.589728 Q: -0.0164341
T: 0.663665 Q: -0.0317265
T: 0.721178 Q: 2.87536
T: 0.760519 Q: -0.021052
T: 0.780493 Q: 1.48777
T: 0.780493 Q: -0.0217082
T: 0.760519 Q: 2.93185
T: 0.721178 Q: 1.22072
T: 0.663665 Q: -0.0327068
T: 0.589728 Q: -0.0364208
T: 0.501614 Q: 1.17057
T: 0.401999 Q: 1.32217
T: 0.293911 Q: 1.18759
T: 0.180633 Q: -0.0204378
Sec_Event 21544867 N50: 42
T: 0.0851815 Q: -0.0370896
T: -0.0275546 Q: 1.43782
T: -0.135126 Q: -0.0386961
T: -0.234265 Q: 1.37212
T: -0.321958 Q: -0.0471762
T: -0.395541 Q: -0.0465413
T: -0.452779 Q: 1.3433
T: -0.491931 Q: -0.0411703
T: -0.51181 Q: 1.42297
T: -0.51181 Q: -0.0370311
T: -0.491931 Q: -0.0293834
T: -0.452779 Q: -0.0345938
T: -0.395541 Q: 1.34465
T: -0.321958 Q: -0.0322332
T: -0.234265 Q: -0.0290128
T: -0.135126 Q: 1.48027
T: -0.0275546 Q: -0.0186575
T: 0.0851815 Q: 1.28143
T: 0.199657 Q: -0.0158563
T: 0.312393 Q: -0.0206299
T: 0.419964 Q: 1.21448
T: 0.519103 Q: -0.0247327
T: 0.606796 Q: 1.2923
T: 0.680379 Q: -0.0513246
T: 0.737617 Q: -0.0509726
T: 0.77677 Q: 1.31269
T: 0.796648 Q: 1.27921
T: 0.796648 Q: -0.0446029
T: 0.77677 Q: 1.58989
T: 0.737617 Q: 1.41566
T: 0.680379 Q: -0.0560262
T: 0.606796 Q: 1.41931
T: 0.519103 Q: 2.86764
T: 0.419964 Q: -0.0792448
T: 0.312393 Q: -0.0512271
T: 0.199657 Q: -0.0452591
Sec_Event 21544867 N50: 31
T: -0.741169 Q: -0.0222716
T: -0.76233 Q: -0.0212203
T: -0.782521 Q: -0.0224068
T: -0.80113 Q: -0.0267026
T: -0.81759 Q: 2.19002
T: -0.831402 Q: -0.0300419
T: -0.842146 Q: -0.0264305
T: -0.849495 Q: 1.36465
T: -0.853226 Q: -0.0319667
T: -0.853226 Q: -0.0316154
T: -0.849495 Q: 1.20134
T: -0.842146 Q: -0.0430439
T: -0.831402 Q: -0.0421806
T: -0.81759 Q: -0.0384264
T: -0.80113 Q: -0.0385783
T: -0.782521 Q: -0.0357182
T: -0.76233 Q: 1.18557
T: -0.741169 Q: -0.0397175
T: -0.719682 Q: 1.48536
T: -0.698521 Q: -0.0400275
T: -0.678329 Q: 1.08106
T: -0.659721 Q: -0.0347243
T: -0.643261 Q: -0.0311895
T: -0.629449 Q: -0.0258313
T: -0.618705 Q: -0.0242645
T: -0.611356 Q: -0.0272335
T: -0.607625 Q: -0.0244951
T: -0.607625 Q: -0.0254291
T: -0.611356 Q: -0.0146933
T: -0.618705 Q: 1.26146
T: -0.629449 Q: -0.0148629
T: -0.643261 Q: 1.14137
T: -0.659721 Q: -0.0166128
T: -0.678329 Q: -0.01627
T: -0.698521 Q: -0.0137495
T: -0.719682 Q: 2.36125
Sec_Event 21544867 N50: 32
T: 0.190817 Q: -0.0152096
T: 0.0824202 Q: 1.19506
T: -0.0210113 Q: 1.25721
T: -0.116334 Q: -0.0209706
T: -0.200652 Q: 1.22424
T: -0.271404 Q: 1.46909
T: -0.326438 Q: 1.4007
T: -0.364084 Q: -0.0325773
T: -0.383198 Q: -0.028132
T: -0.383198 Q: -0.0345233
T: -0.364084 Q: -0.0392315
T: -0.326438 Q: -0.0341636
T: -0.271404 Q: -0.041515
T: -0.200652 Q: -0.0484504
T: -0.116334 Q: 1.23145
T: -0.0210113 Q: -0.0340963
T: 0.0824202 Q: -0.0300007
T: 0.190817 Q: 2.82136
T: 0.300887 Q: -0.0363005
T: 0.409284 Q: -0.0562102
T: 0.512716 Q: -0.0486592
T: 0.608039 Q: 1.50729
T: 0.692357 Q: 1.54428
T: 0.763108 Q: -0.0439824
T: 0.818143 Q: -0.0327277
T: 0.855789 Q: -0.0291375
T: 0.874902 Q: -0.0281371
T: 0.874902 Q: -0.0334709
T: 0.855789 Q: 1.51789
T: 0.818143 Q: -0.0324838
T: 0.763108 Q: 2.51816
T: 0.692357 Q: 2.34174
T: 0.608039 Q: -0.0299446
T: 0.512716 Q: 1.15004
T: 0.409284 Q: -0.0221966
T: 0.300887 Q: 1.23975
Sec_Event 21544867 N50: 27
T: 0.593402 Q: 1.22195
T: 0.531249 Q: -0.0196141
T: 0.471944 Q: -0.0112295
T: 0.417287 Q: 3.67313
T: 0.368941 Q: 1.24216
T: 0.328374 Q: 1.12709
T: 0.296818 Q: -0.0137135
T: 0.275233 Q: -0.0175417
T: 0.264274 Q: -0.0207753
T: 0.264274 Q: 2.432
T: 0.275233 Q: -0.024172
T: 0.296818 Q: -0.0277857
T: 0.328374 Q: -0.0282507
T: 0.368941 Q: -0.0470593
T: 0.417287 Q: 1.1512
T: 0.471944 Q: 1.13509
T: 0.531249 Q: -0.0484245
T: 0.593402 Q: -0.0429401
T: 0.656513 Q: -0.0474859
T: 0.718666 Q: -0.0488318
T: 0.777971 Q: -0.040386
T: 0.832627 Q: -0.0313441
T: 0.880974 Q: -0.0283815
T: 0.921541 Q: -0.0263069
T: 0.953097 Q: -0.0182195
T: 0.974682 Q: -0.022791
T: 0.985641 Q: -0.0254433
T: 0.985641 Q: -0.0199182
T: 0.974682 Q: -0.0195312
T: 0.953097 Q: 1.33763
T: 0.921541 Q: -0.0229506
T: 0.880974 Q: -0.0237239
T: 0.832627 Q: 1.02354
T: 0.777971 Q: -0.0179357
T: 0.718666 Q: -0.0161094
T: 0.656513 Q: -0.0112288
Sec_Event 21544867 N50: 39
T: 0.230422 Q: -0.0300868
T: 0.124295 Q: -0.0213242
T: 0.0230301 Q: -0.0289909
T: -0.0702964 Q: 1.1516
T: -0.152849 Q: 2.68178
T: -0.222118 Q: -0.0220456
T: -0.276 Q: 1.35812
T: -0.312858 Q: -0.0164966
T: -0.331571 Q: -0.0122161
T: -0.331571 Q: -0.0130057
T: -0.312858 Q: -0.0084951
T: -0.276 Q: -0.0102119
T: -0.222118 Q: -0.00544517
T: -0.152849 Q: -0.004674
T: -0.0702964 Q: -0.00737682
T: 0.0230301 Q: 1.22337
T: 0.124295 Q: -0.00452249
T: 0.230422 Q: -0.00411448
T: 0.338187 Q: -0.00426933
T: 0.444314 Q: 3.07799
T: 0.545579 Q: -0.0101637
T: 0.638905 Q: 2.43702
T: 0.721457 Q: -0.0162586
T: 0.790727 Q: -0.0194127
T: 0.844609 Q: 0.955308
T: 0.881467 Q: -0.0383912
T: 0.90018 Q: 1.33999
T: 0.90018 Q: -0.0374907
T: 0.881467 Q: 1.25737
T: 0.844609 Q: -0.0385492
T: 0.790727 Q: 1.42139
T: 0.721457 Q: 1.26391
T: 0.638905 Q: 1.2511
T: 0.545579 Q: 1.19049
T: 0.444314 Q: 2.6577
T: 0.338187 Q: 1.22115

gestpm: TOTAL NUMBER PMT: WALL; TOP; BOTTOM; ALL  7650  1748  1748 11146
 *****************************
 * This is for SK-VI map      *
 *****************************
 findconsts: connection table file: /home/licheng/local/skofl/const//connection.super.dat
gexyz: PMT # FOR EACH SECTION       1  7650  7651  9398  9399 11146
gexyz: maxpm,nlwal     11146      7650
 findconsts: connection table1 file: /home/licheng/local/skofl/const//connection.super.dat
 findconsts: connection table2 file: /home/licheng/local/skofl/const//connection.super.sk-5.dat
 findfile: checking /home/licheng/local/skofl/const//misch3.dat
 findfile: found /home/licheng/local/skofl/const//misch3.dat
 findconsts: mis channel file: /home/licheng/local/skofl/const//misch3.dat
 findfile: checking /home/licheng/local/skofl/const//skpmt_sk5.dat
 findfile: found /home/licheng/local/skofl/const//skpmt_sk5.dat
 findconsts: pmt file: /home/licheng/local/skofl/const//skpmt_sk5.dat
gestpma: TOTAL NUMBER anti PMT: WALL; TOP; BOTTOM; ALL  1275   302   308  1885
gexyza: anti PMT # FOR EACH SECTION       1  1275  1276  1577  1578  1885
 maxpma,nlwala      1885      1275
 skbadch: log_level =            0
 findconsts: badch.090478 file: /home/licheng/local/skofl/const//badch/badch.090478
 findconsts: bad channel file: /home/licheng/local/skofl/const//badch.dat
 findconsts: badch.090478 file: /home/licheng/local/skofl/const//badch/badch.090478
 skdark: log_level =            0
 findconsts: darkr.090478.root file: /home/licheng/local/skofl/const//darkr/darkr.090478.root
 findconsts: badsub SK-I 1 file: /home/licheng/local/skofl/const//lowe/badsub.sk.r1742-3051.r3208-3608
 nbad 1 =         1851
 findconsts: badsub SK-I 2 file: /home/licheng/local/skofl/const//lowe/badsub.sk.realtim
 nbad 2 =        17511
 findconsts: badsub SK-I 3 file: /home/licheng/local/skofl/const//lowe/badsub.sk.manual.1260day
 nbad 3 =        21939
 findconsts: badsub SK-I 4 file: /home/licheng/local/skofl/const//lowe/badsub.sk.sle.1260day
 nbad 4 =        28004
 findconsts: badsub SK-I 5 file: /home/licheng/local/skofl/const//lowe/badsub.sk.manual
 nbad 5 =        28105
 findconsts: badsub SK-I 6 file: /home/licheng/local/skofl/const//lowe/badsub.sk.sle
 nbad 6 =        28105
 findconsts: badsub SK-II 1 file: /home/licheng/local/skofl/const//lowe/badsub.sk2.manual
 nbad_sk2 SK-II 1 =        27759
 findconsts: badsub SK-III 1 file: /home/licheng/local/skofl/const//lowe/badsub.sk3.manual
 nbad_sk3 SK-III 1 =         4149
 findconsts: badsub SK-IV file: /home/licheng/local/skofl/const//lowe/badsub.sk4.manual
 nbad_sk4 SK-IV =        66921
 read local badsub.sk5.manual.local
 nbad_sk5 SK-V =         2595
 read local badsub.sk6.manual.local
 nbad_sk6 SK-VI (Gd) =         7717
 findconsts: skcoverage_barrel file: /home/licheng/local/skofl/const//lowe/skcov_b_p3.dat
 findconsts: nearest neighbor file: /home/licheng/local/skofl/const//neighb.dat
 neighbsk: reading neighbor file /home/licheng/local/skofl/const//neighb.dat
 findconsts: skcoverage_sk4_final file: /home/licheng/local/skofl/const//lowe/skcov_c_p3.dat
