Output file: output/wt_090469.root input file:/disk03/lowe10/sk7/sle/lomugd.090469.root
 Id of this manager : 10
InitReadRoot: total = 499298
RUNINFO found in the rare list
SK geometry setting: 6
***** Dummy rgetvalue was called. (Remote File Access is not supported) *****
==========WT:========== 13437.3 13815.7 12535.3
0/499298
Sec_Event 769430 N50: 34
T: 0.3784 Q: -0.0264323
T: 0.2843 Q: 1.07765
T: 0.19451 Q: 1.1704
T: 0.11176 Q: -0.0400741
T: 0.0385631 Q: -0.0260454
T: -0.0228564 Q: 1.23237
T: -0.0706323 Q: -0.0443753
T: -0.103313 Q: -0.0390544
T: -0.119905 Q: 3.96151
T: -0.119905 Q: -0.0361373
T: -0.103313 Q: -0.0347193
T: -0.0706323 Q: 2.49903
T: -0.0228564 Q: -0.026691
T: 0.0385631 Q: -0.0283664
T: 0.11176 Q: -0.0260868
T: 0.19451 Q: -0.0247263
T: 0.2843 Q: -0.0298472
T: 0.3784 Q: -0.0188206
T: 0.473951 Q: -0.0187482
T: 0.568052 Q: 1.0195
T: 0.657841 Q: -0.00793722
T: 0.740591 Q: -0.00711362
T: 0.813788 Q: -0.00470981
T: 0.875208 Q: 0.940948
T: 0.922983 Q: -0.00354331
T: 0.955664 Q: -0.00401078
T: 0.972256 Q: 1.18692
T: 0.972256 Q: 1.00309
T: 0.955664 Q: 1.30448
T: 0.922983 Q: -0.00276277
T: 0.875208 Q: -0.0037292
T: 0.813788 Q: -0.00404953
T: 0.740591 Q: 1.11066
T: 0.657841 Q: -0.00864602
T: 0.568052 Q: -0.0124367
T: 0.473951 Q: -0.0221454
Sec_Event 1162389 N50: 26
T: 0.22346 Q: 1.19306
T: 0.116908 Q: -0.0318301
T: 0.0152361 Q: 1.31903
T: -0.0784649 Q: -0.0359625
T: -0.161348 Q: -0.0356201
T: -0.230896 Q: -0.0311987
T: -0.284994 Q: 1.05009
T: -0.321999 Q: -0.0277292
T: -0.340787 Q: -0.0257483
T: -0.340787 Q: -0.0215375
T: -0.321999 Q: -0.0153321
T: -0.284994 Q: -0.0118647
T: -0.230896 Q: -0.0129791
T: -0.161348 Q: -0.0237524
T: -0.0784649 Q: -0.0061547
T: 0.0152361 Q: -0.0038869
T: 0.116908 Q: -0.00508455
T: 0.22346 Q: -0.00577822
T: 0.331657 Q: 1.12371
T: 0.43821 Q: -0.00406913
T: 0.539881 Q: -0.0043875
T: 0.633582 Q: -0.00373036
T: 0.716465 Q: -0.00411769
T: 0.786013 Q: -0.00525648
T: 0.840111 Q: -0.00271705
T: 0.877116 Q: -0.00187219
T: 0.895905 Q: 0.991942
T: 0.895905 Q: 1.03727
T: 0.877116 Q: -0.00318422
T: 0.840111 Q: -0.00218258
T: 0.786013 Q: -0.00370376
T: 0.716465 Q: -0.00475089
T: 0.633582 Q: -0.00487277
T: 0.539881 Q: 0.922664
T: 0.43821 Q: 0.799543
T: 0.331657 Q: 0.767709
Sec_Event 1439956 N50: 28
T: -0.10451 Q: 1.37014
T: -0.219152 Q: -0.0453655
T: -0.328543 Q: 1.50312
T: -0.429357 Q: -0.0504208
T: -0.518533 Q: 0.935542
T: -0.59336 Q: -0.0253225
T: -0.651565 Q: -0.0218182
T: -0.69138 Q: -0.017106
T: -0.711594 Q: -0.0164321
T: -0.711594 Q: -0.015102
T: -0.69138 Q: -0.0159406
T: -0.651565 Q: -0.0197863
T: -0.59336 Q: -0.0235982
T: -0.518533 Q: -0.0242992
T: -0.429357 Q: -0.0289979
T: -0.328543 Q: -0.0234159
T: -0.219152 Q: -0.0216857
T: -0.10451 Q: -0.0196757
T: 0.0119001 Q: -0.0148199
T: 0.126542 Q: -0.0224951
T: 0.235932 Q: -0.0217402
T: 0.336747 Q: -0.021963
T: 0.425922 Q: 1.18605
T: 0.500749 Q: 2.24242
T: 0.558955 Q: -0.0655222
T: 0.598769 Q: -0.0617563
T: 0.618984 Q: -0.0680816
T: 0.618984 Q: -0.064298
T: 0.598769 Q: 2.83342
T: 0.558955 Q: -0.0778314
T: 0.500749 Q: 1.58702
T: 0.425922 Q: 1.12785
T: 0.336747 Q: -0.0556064
T: 0.235932 Q: -0.0563165
T: 0.126542 Q: -0.0437447
T: 0.0119001 Q: -0.0487486
Sec_Event 1633831 N50: 28
T: -0.0229034 Q: -0.00186073
T: -0.137639 Q: -0.00297457
T: -0.247118 Q: -0.00290674
T: -0.348014 Q: -0.00279473
T: -0.437262 Q: -0.00423181
T: -0.51215 Q: -0.00447253
T: -0.570403 Q: -0.00448701
T: -0.61025 Q: -0.00712158
T: -0.630481 Q: 0.968195
T: -0.630481 Q: -0.00521624
T: -0.61025 Q: -0.0086905
T: -0.570403 Q: 1.32446
T: -0.51215 Q: -0.0148914
T: -0.437262 Q: 1.27862
T: -0.348014 Q: 1.1753
T: -0.247118 Q: -0.0055397
T: -0.137639 Q: -0.0048446
T: -0.0229034 Q: -0.00521964
T: 0.0936018 Q: -0.00663915
T: 0.208337 Q: 1.13307
T: 0.317816 Q: 0.988605
T: 0.418712 Q: 1.26072
T: 0.50796 Q: -0.00668856
T: 0.582848 Q: 0.955101
T: 0.641101 Q: -0.00764795
T: 0.680948 Q: -0.0119292
T: 0.701179 Q: -0.0091278
T: 0.701179 Q: -0.0106615
T: 0.680948 Q: -0.00753941
T: 0.641101 Q: -0.00942592
T: 0.582848 Q: 1.04477
T: 0.50796 Q: -0.00370968
T: 0.418712 Q: -0.0044969
T: 0.317816 Q: 1.30831
T: 0.208337 Q: 3.81045
T: 0.0936018 Q: -0.00416692
Sec_Event 1633831 N50: 29
T: -0.141246 Q: 1.10197
T: -0.255387 Q: -0.00385152
T: -0.364299 Q: -0.0169528
T: -0.464674 Q: -0.00396787
T: -0.55346 Q: -0.0145972
T: -0.62796 Q: -0.0101847
T: -0.685911 Q: -0.0115371
T: -0.725552 Q: -0.0176179
T: -0.745679 Q: -0.0179614
T: -0.745679 Q: 1.44156
T: -0.725552 Q: 1.22838
T: -0.685911 Q: -0.0220394
T: -0.62796 Q: -0.0194917
T: -0.55346 Q: 1.15215
T: -0.464674 Q: 1.12346
T: -0.364299 Q: -0.0317009
T: -0.255387 Q: -0.0294419
T: -0.141246 Q: -0.0227609
T: -0.0253434 Q: -0.0244253
T: 0.088798 Q: 1.37067
T: 0.19771 Q: -0.0286527
T: 0.298085 Q: -0.0292515
T: 0.386871 Q: -0.0223245
T: 0.461371 Q: 1.29273
T: 0.519322 Q: 1.16806
T: 0.558963 Q: -0.0255824
T: 0.57909 Q: 1.198
T: 0.57909 Q: 1.05287
T: 0.558963 Q: -0.0147054
T: 0.519322 Q: -0.00872337
T: 0.461371 Q: -0.00429382
T: 0.386871 Q: -0.00950757
T: 0.298085 Q: -0.0034789
T: 0.19771 Q: 1.20134
T: 0.088798 Q: -0.00242826
T: -0.0253434 Q: -0.00306856
Sec_Event 2706466 N50: 32
T: -0.29979 Q: -0.0324127
T: -0.408249 Q: 1.23589
T: -0.511738 Q: -0.0507387
T: -0.607115 Q: -0.0558917
T: -0.69148 Q: -0.0636517
T: -0.762271 Q: -0.0482054
T: -0.817337 Q: -0.0446999
T: -0.855004 Q: -0.0402875
T: -0.874128 Q: 1.07414
T: -0.874128 Q: 1.33159
T: -0.855004 Q: 1.05227
T: -0.817337 Q: 1.8946
T: -0.762271 Q: -0.0137024
T: -0.69148 Q: -0.00855244
T: -0.607115 Q: 1.00786
T: -0.511738 Q: -0.00605843
T: -0.408249 Q: -0.00758675
T: -0.29979 Q: -0.0052813
T: -0.189659 Q: 1.27273
T: -0.0812008 Q: 1.40978
T: 0.0222889 Q: 1.11491
T: 0.117665 Q: -0.00446634
T: 0.202031 Q: -0.00763015
T: 0.272822 Q: -0.00897541
T: 0.327888 Q: -0.0086198
T: 0.365555 Q: -0.0155347
T: 0.384679 Q: -0.0137232
T: 0.384679 Q: -0.0202566
T: 0.365555 Q: -0.0194285
T: 0.327888 Q: 1.26306
T: 0.272822 Q: 1.13056
T: 0.202031 Q: -0.0329707
T: 0.117665 Q: -0.0263542
T: 0.0222889 Q: -0.024993
T: -0.0812008 Q: 1.41965
T: -0.189659 Q: -0.0367462
Sec_Event 3329913 N50: 27
T: 0.258268 Q: -0.0324723
T: 0.153962 Q: -0.027835
T: 0.0544332 Q: -0.0284023
T: -0.0372927 Q: -0.0260068
T: -0.118429 Q: -0.0252541
T: -0.18651 Q: -0.0272483
T: -0.239468 Q: 1.12236
T: -0.275694 Q: -0.0240525
T: -0.294086 Q: -0.0205911
T: -0.294086 Q: -0.0194565
T: -0.275694 Q: -0.0209176
T: -0.239468 Q: 1.04653
T: -0.18651 Q: 1.09576
T: -0.118429 Q: 1.10141
T: -0.0372927 Q: 1.05015
T: 0.0544332 Q: 1.10862
T: 0.153962 Q: -0.013771
T: 0.258268 Q: -0.00824524
T: 0.364184 Q: -0.0136998
T: 0.468491 Q: -0.0159054
T: 0.568019 Q: 0.944729
T: 0.659745 Q: -0.0150601
T: 0.740882 Q: -0.0181116
T: 0.808963 Q: -0.0121557
T: 0.861921 Q: -0.012879
T: 0.898146 Q: 1.22312
T: 0.916538 Q: -0.0105016
T: 0.916538 Q: -0.00979204
T: 0.898146 Q: -0.00893085
T: 0.861921 Q: 0.971697
T: 0.808963 Q: -0.0125265
T: 0.740882 Q: 1.03794
T: 0.659745 Q: -0.0274547
T: 0.568019 Q: 1.05647
T: 0.468491 Q: 1.05212
T: 0.364184 Q: 1.19257
Sec_Event 4305327 N50: 28
T: 0.45085 Q: -0.0164665
T: 0.365091 Q: -0.015606
T: 0.283261 Q: 1.48225
T: 0.207846 Q: 1.52644
T: 0.141137 Q: -0.0105386
T: 0.085162 Q: 1.28327
T: 0.0416211 Q: -0.0107559
T: 0.0118374 Q: -0.00976732
T: -0.00328424 Q: -0.0117743
T: -0.00328424 Q: 1.56286
T: 0.0118374 Q: -0.014259
T: 0.0416211 Q: -0.0176678
T: 0.085162 Q: -0.0141245
T: 0.141137 Q: -0.0183396
T: 0.207846 Q: -0.0186114
T: 0.283261 Q: -0.0181377
T: 0.365091 Q: -0.0255841
T: 0.45085 Q: -0.0175059
T: 0.537932 Q: 1.44362
T: 0.62369 Q: -0.026187
T: 0.705521 Q: 2.86034
T: 0.780936 Q: -0.0238464
T: 0.847644 Q: -0.0206609
T: 0.903619 Q: -0.0123171
T: 0.94716 Q: -0.0117632
T: 0.976944 Q: 1.51958
T: 0.992065 Q: -0.0104479
T: 0.992065 Q: -0.0088461
T: 0.976944 Q: -0.00929023
T: 0.94716 Q: -0.0126959
T: 0.903619 Q: -0.0133303
T: 0.847644 Q: 1.28013
T: 0.780936 Q: -0.0190356
T: 0.705521 Q: 1.57473
T: 0.62369 Q: -0.020097
T: 0.537932 Q: 1.64445
Sec_Event 4832046 N50: 35
T: 0.550071 Q: 1.19324
T: 0.479419 Q: 1.11251
T: 0.412004 Q: -0.0105375
T: 0.349874 Q: -0.00589815
T: 0.294917 Q: 1.56557
T: 0.248803 Q: -0.00859606
T: 0.212932 Q: -0.00842724
T: 0.188395 Q: -0.00721586
T: 0.175937 Q: -0.00635319
T: 0.175937 Q: -0.0068777
T: 0.188395 Q: -0.00951271
T: 0.212932 Q: -0.00690344
T: 0.248803 Q: -0.00901655
T: 0.294917 Q: -0.0272151
T: 0.349874 Q: -0.0113521
T: 0.412004 Q: 1.14594
T: 0.479419 Q: -0.012372
T: 0.550071 Q: 0.994274
T: 0.621812 Q: 1.11101
T: 0.692464 Q: -0.0182972
T: 0.759879 Q: 1.06784
T: 0.822009 Q: -0.0118803
T: 0.876966 Q: -0.0117109
T: 0.923081 Q: -0.0073334
T: 0.958952 Q: -0.0069917
T: 0.983489 Q: -0.00649415
T: 0.995946 Q: 1.07984
T: 0.995946 Q: -0.00581947
T: 0.983489 Q: 1.28934
T: 0.958952 Q: -0.00864658
T: 0.923081 Q: -0.00772289
T: 0.876966 Q: -0.00849036
T: 0.822009 Q: 1.12369
T: 0.759879 Q: -0.0113691
T: 0.692464 Q: -0.0118463
T: 0.621812 Q: 1.12356
100000/499298
Sec_Event 5206436 N50: 29
T: -0.426644 Q: 2.28332
T: -0.52569 Q: -0.0146289
T: -0.620198 Q: -0.0150091
T: -0.707297 Q: -0.0214595
T: -0.78434 Q: -0.0286234
T: -0.848988 Q: -0.0332615
T: -0.899274 Q: -0.0270513
T: -0.933673 Q: -0.0281579
T: -0.951137 Q: -0.027128
T: -0.951137 Q: -0.0301722
T: -0.933673 Q: -0.0349124
T: -0.899274 Q: -0.00878509
T: -0.848988 Q: -0.0091399
T: -0.78434 Q: -0.00197317
T: -0.707297 Q: 1.20244
T: -0.620198 Q: -0.00121473
T: -0.52569 Q: -0.00201649
T: -0.426644 Q: -0.000853305
T: -0.326071 Q: -0.00084205
T: -0.227025 Q: -0.000591075
T: -0.132517 Q: -0.000305517
T: -0.045418 Q: -0.00259806
T: 0.0316257 Q: -0.000598853
T: 0.096273 Q: -0.000406564
T: 0.14656 Q: 1.7095
T: 0.180958 Q: 1.10536
T: 0.198422 Q: -0.000947797
T: 0.198422 Q: 1.53319
T: 0.180958 Q: 1.08888
T: 0.14656 Q: -0.00250311
T: 0.096273 Q: -0.0045433
T: 0.0316257 Q: -0.00288208
T: -0.045418 Q: 1.04455
T: -0.132517 Q: 0.98378
T: -0.227025 Q: -0.00934221
T: -0.326071 Q: -0.00724642
Sec_Event 5358802 N50: 36
T: 0.646152 Q: -0.0410679
T: 0.596843 Q: 2.55206
T: 0.549793 Q: -0.0319078
T: 0.506431 Q: -0.0376147
T: 0.468075 Q: 1.39279
T: 0.435891 Q: -0.0279636
T: 0.410856 Q: 1.11507
T: 0.393731 Q: 1.18034
T: 0.385036 Q: -0.0154544
T: 0.385036 Q: -0.0125934
T: 0.393731 Q: -0.0127234
T: 0.410856 Q: -0.00633676
T: 0.435891 Q: -0.00773714
T: 0.468075 Q: -0.00368033
T: 0.506431 Q: 2.55228
T: 0.549793 Q: -0.00394494
T: 0.596843 Q: -0.00339664
T: 0.646152 Q: -0.00631381
T: 0.696222 Q: -0.0050415
T: 0.745532 Q: -0.0074592
T: 0.792582 Q: 1.21502
T: 0.835944 Q: -0.00864333
T: 0.8743 Q: -0.00916141
T: 0.906484 Q: -0.0147832
T: 0.931519 Q: -0.0120335
T: 0.948644 Q: -0.00882715
T: 0.957338 Q: -0.0101295
T: 0.957338 Q: -0.010366
T: 0.948644 Q: -0.0101824
T: 0.931519 Q: 2.72407
T: 0.906484 Q: 1.43106
T: 0.8743 Q: -0.0144362
T: 0.835944 Q: -0.0194612
T: 0.792582 Q: 1.26843
T: 0.745532 Q: -0.0214557
T: 0.696222 Q: -0.0344487
Sec_Event 5662339 N50: 44
T: 0.635071 Q: 1.12066
T: 0.582766 Q: -0.0417548
T: 0.532857 Q: 1.25181
T: 0.48686 Q: 3.83819
T: 0.446174 Q: -0.0321209
T: 0.412034 Q: -0.0278058
T: 0.385478 Q: -0.0239034
T: 0.367313 Q: 1.21744
T: 0.35809 Q: 1.28014
T: 0.35809 Q: 1.2866
T: 0.367313 Q: -0.0185508
T: 0.385478 Q: -0.0148422
T: 0.412034 Q: -0.017288
T: 0.446174 Q: -0.0168711
T: 0.48686 Q: -0.0138951
T: 0.532857 Q: -0.0150689
T: 0.582766 Q: -0.0195767
T: 0.635071 Q: -0.0202112
T: 0.688183 Q: -0.0431337
T: 0.740488 Q: -0.0288545
T: 0.790397 Q: 1.25415
T: 0.836393 Q: 1.05305
T: 0.87708 Q: -0.0336066
T: 0.911219 Q: -0.0369372
T: 0.937775 Q: 1.57962
T: 0.955941 Q: 2.83469
T: 0.965164 Q: -0.0255904
T: 0.965164 Q: -0.0306844
T: 0.955941 Q: 3.14806
T: 0.937775 Q: -0.0298819
T: 0.911219 Q: -0.0327689
T: 0.87708 Q: 2.70503
T: 0.836393 Q: 1.61173
T: 0.790397 Q: -0.0437734
T: 0.740488 Q: -0.052084
T: 0.688183 Q: -0.0498539
Sec_Event 5662339 N50: 31
T: 0.419438 Q: 2.47784
T: 0.329829 Q: 1.39621
T: 0.244325 Q: -0.00904092
T: 0.165525 Q: 1.05921
T: 0.0958215 Q: -0.0098298
T: 0.0373336 Q: -0.010824
T: -0.00816195 Q: -0.0110129
T: -0.0392827 Q: -0.0101392
T: -0.0550832 Q: 2.37176
T: -0.0550832 Q: -0.00725689
T: -0.0392827 Q: -0.010796
T: -0.00816195 Q: -0.0100426
T: 0.0373336 Q: 1.15448
T: 0.0958215 Q: -0.0133125
T: 0.165525 Q: -0.0129106
T: 0.244325 Q: -0.0182372
T: 0.329829 Q: 1.1238
T: 0.419438 Q: -0.0192398
T: 0.510429 Q: 1.20663
T: 0.600037 Q: 1.04005
T: 0.685541 Q: 1.31426
T: 0.764341 Q: -0.0414788
T: 0.834045 Q: -0.0353215
T: 0.892533 Q: 1.33979
T: 0.938028 Q: -0.0295224
T: 0.969149 Q: 1.09357
T: 0.984949 Q: 1.38968
T: 0.984949 Q: 1.12063
T: 0.969149 Q: -0.0235699
T: 0.938028 Q: -0.0240203
T: 0.892533 Q: -0.0301426
T: 0.834045 Q: -0.0344289
T: 0.764341 Q: -0.0225481
T: 0.685541 Q: -0.0271935
T: 0.600037 Q: -0.0163087
T: 0.510429 Q: -0.0101461
Sec_Event 5663081 N50: 32
T: 0.107144 Q: -0.00491547
T: -0.00488797 Q: -0.00677636
T: -0.111788 Q: 2.14554
T: -0.210308 Q: -0.00482132
T: -0.297453 Q: -0.00456743
T: -0.370577 Q: -0.00495914
T: -0.427458 Q: -0.00591785
T: -0.466366 Q: -0.00472186
T: -0.48612 Q: -0.00973173
T: -0.48612 Q: 1.11562
T: -0.466366 Q: -0.00372853
T: -0.427458 Q: -0.0032585
T: -0.370577 Q: -0.00252355
T: -0.297453 Q: -0.00179369
T: -0.210308 Q: -0.0016121
T: -0.111788 Q: -0.00350186
T: -0.00488797 Q: -0.00228163
T: 0.107144 Q: 1.30219
T: 0.220905 Q: -0.00173627
T: 0.332937 Q: -0.00342051
T: 0.439837 Q: -0.00226535
T: 0.538357 Q: -0.00293317
T: 0.625503 Q: -0.00248042
T: 0.698627 Q: -0.00729167
T: 0.755507 Q: 1.22197
T: 0.794415 Q: 0.921405
T: 0.81417 Q: 1.11728
T: 0.81417 Q: -0.0157597
T: 0.794415 Q: -0.033709
T: 0.755507 Q: 0.95016
T: 0.698627 Q: -0.0162054
T: 0.625503 Q: 2.36875
T: 0.538357 Q: -0.0138993
T: 0.439837 Q: -0.00877456
T: 0.332937 Q: -0.0080372
T: 0.220905 Q: -0.00939627
Sec_Event 5663081 N50: 29
T: -0.41891 Q: -0.0473368
T: -0.51868 Q: 1.58473
T: -0.61388 Q: -0.0483174
T: -0.701617 Q: 1.25855
T: -0.779225 Q: 1.30328
T: -0.844345 Q: 1.23265
T: -0.895 Q: -0.0152343
T: -0.92965 Q: -0.0147481
T: -0.947242 Q: -0.0146725
T: -0.947242 Q: 2.53106
T: -0.92965 Q: 1.30214
T: -0.895 Q: -0.0146461
T: -0.844345 Q: 1.25092
T: -0.779225 Q: -0.0227351
T: -0.701617 Q: 1.25867
T: -0.61388 Q: -0.0260902
T: -0.51868 Q: -0.0215284
T: -0.41891 Q: -0.0282893
T: -0.317601 Q: -0.02286
T: -0.21783 Q: 1.51332
T: -0.12263 Q: 1.29568
T: -0.0348937 Q: -0.0231807
T: 0.042714 Q: -0.0325322
T: 0.107834 Q: -0.0360317
T: 0.158489 Q: -0.0332853
T: 0.193139 Q: -0.0401124
T: 0.210731 Q: -0.0500912
T: 0.210731 Q: 1.57518
T: 0.193139 Q: -0.0478215
T: 0.158489 Q: -0.0533713
T: 0.107834 Q: 1.36957
T: 0.042714 Q: 1.33533
T: -0.0348937 Q: -0.0429316
T: -0.12263 Q: 1.73565
T: -0.21783 Q: 1.41958
T: -0.317601 Q: -0.0422406
Sec_Event 5663081 N50: 28
T: 0.12263 Q: -0.0255369
T: 0.0111559 Q: -0.0244246
T: -0.0952118 Q: 3.40685
T: -0.193241 Q: -0.030475
T: -0.279953 Q: -0.0269587
T: -0.352713 Q: -0.0261903
T: -0.40931 Q: -0.0288566
T: -0.448024 Q: -0.0298821
T: -0.46768 Q: -0.0277363
T: -0.46768 Q: -0.0342689
T: -0.448024 Q: -0.0234588
T: -0.40931 Q: 1.59771
T: -0.352713 Q: 1.64371
T: -0.279953 Q: -0.018168
T: -0.193241 Q: 1.4834
T: -0.0952118 Q: 1.54042
T: 0.0111559 Q: -0.0150243
T: 0.12263 Q: -0.0184623
T: 0.235825 Q: -0.0140134
T: 0.347299 Q: -0.0188983
T: 0.453667 Q: -0.0173392
T: 0.551696 Q: -0.0217071
T: 0.638408 Q: -0.0345291
T: 0.711168 Q: 1.76625
T: 0.767765 Q: -0.0500928
T: 0.80648 Q: 1.32618
T: 0.826136 Q: 1.22908
T: 0.826136 Q: 1.39392
T: 0.80648 Q: 1.64311
T: 0.767765 Q: -0.0507745
T: 0.711168 Q: -0.0565446
T: 0.638408 Q: -0.061803
T: 0.551696 Q: -0.0482496
T: 0.453667 Q: -0.0482
T: 0.347299 Q: -0.0428354
T: 0.235825 Q: 1.69797
Sec_Event 6767882 N50: 41
T: -0.692678 Q: -0.0290887
T: -0.743341 Q: -0.0316009
T: -0.791682 Q: -0.0414207
T: -0.836234 Q: 1.00302
T: -0.875642 Q: -0.057747
T: -0.908709 Q: -0.0676314
T: -0.934431 Q: 1.11766
T: -0.952026 Q: -0.0641411
T: -0.960959 Q: 2.64803
T: -0.960959 Q: -0.0620082
T: -0.952026 Q: -0.0598846
T: -0.934431 Q: -0.0722521
T: -0.908709 Q: 1.391
T: -0.875642 Q: -0.0804528
T: -0.836234 Q: -0.0852136
T: -0.791682 Q: -0.0723436
T: -0.743341 Q: 1.21576
T: -0.692678 Q: -0.0517691
T: -0.641235 Q: -0.0381308
T: -0.590572 Q: -0.0329568
T: -0.542231 Q: -0.0325271
T: -0.497679 Q: -0.0240077
T: -0.458271 Q: 3.66851
T: -0.425204 Q: -0.0273687
T: -0.399482 Q: -0.0272496
T: -0.381887 Q: -0.0175139
T: -0.372954 Q: -0.0412781
T: -0.372954 Q: -0.0187148
T: -0.381887 Q: 2.61961
T: -0.399482 Q: -0.0160219
T: -0.425204 Q: 1.16299
T: -0.458271 Q: -0.0170651
T: -0.497679 Q: -0.0177345
T: -0.542231 Q: -0.0208115
T: -0.590572 Q: -0.0180588
T: -0.641235 Q: 1.14841
Sec_Event 7532067 N50: 40
T: -0.463632 Q: -0.022023
T: -0.55889 Q: -0.0129361
T: -0.649784 Q: 1.10863
T: -0.733553 Q: -0.00589767
T: -0.80765 Q: 1.14293
T: -0.869826 Q: 1.17252
T: -0.91819 Q: 1.27966
T: -0.951272 Q: -0.00221933
T: -0.968069 Q: -0.00336532
T: -0.968069 Q: -0.00283745
T: -0.951272 Q: -0.00307608
T: -0.91819 Q: -0.00256432
T: -0.869826 Q: 1.05323
T: -0.80765 Q: 1.85936
T: -0.733553 Q: -0.00192358
T: -0.649784 Q: -0.0011683
T: -0.55889 Q: 0.999193
T: -0.463632 Q: -0.00484661
T: -0.366904 Q: -0.000936736
T: -0.271646 Q: 1.04131
T: -0.180752 Q: -0.000274565
T: -0.0969835 Q: -0.00186685
T: -0.0228859 Q: -0.00116022
T: 0.0392894 Q: 0.949621
T: 0.0876532 Q: -0.00181142
T: 0.120736 Q: 1.22042
T: 0.137533 Q: -0.00155143
T: 0.137533 Q: -0.00611879
T: 0.120736 Q: -0.00514369
T: 0.0876532 Q: 1.08036
T: 0.0392894 Q: -0.00877526
T: -0.0228859 Q: 0.985821
T: -0.0969835 Q: -0.0173708
T: -0.180752 Q: -0.0197351
T: -0.271646 Q: -0.0253567
T: -0.366904 Q: -0.0236688
Sec_Event 7969643 N50: 30
T: -0.406205 Q: -0.00602392
T: -0.50712 Q: 1.10275
T: -0.603411 Q: 2.19638
T: -0.692153 Q: -0.00819682
T: -0.770651 Q: -0.0072509
T: -0.836518 Q: -0.00819378
T: -0.887753 Q: -0.00586309
T: -0.9228 Q: 0.877168
T: -0.940594 Q: -0.00423699
T: -0.940594 Q: 1.08856
T: -0.9228 Q: -0.0046859
T: -0.887753 Q: -0.0062733
T: -0.836518 Q: -0.00615582
T: -0.770651 Q: -0.00839605
T: -0.692153 Q: -0.0091754
T: -0.603411 Q: -0.0138464
T: -0.50712 Q: -0.0136097
T: -0.406205 Q: -0.0110311
T: -0.303734 Q: -0.00839994
T: -0.20282 Q: -0.0102844
T: -0.106529 Q: -0.0108715
T: -0.0177863 Q: -0.00762803
T: 0.0607111 Q: -0.00787456
T: 0.126578 Q: 1.04939
T: 0.177814 Q: -0.00437958
T: 0.212861 Q: -0.00465346
T: 0.230655 Q: -0.00774041
T: 0.230655 Q: 0.957967
T: 0.212861 Q: 1.15371
T: 0.177814 Q: -0.0038033
T: 0.126578 Q: -0.00485586
T: 0.0607111 Q: -0.00500239
T: -0.0177863 Q: 2.29724
T: -0.106529 Q: 1.09077
T: -0.20282 Q: 2.16394
T: -0.303734 Q: 0.998338
Sec_Event 7988814 N50: 26
T: 0.480268 Q: -0.0139028
T: 0.398479 Q: -0.0133904
T: 0.320438 Q: -0.0076364
T: 0.248515 Q: -0.00530295
T: 0.184895 Q: 0.964793
T: 0.131511 Q: -0.00294866
T: 0.089986 Q: -0.00207369
T: 0.0615813 Q: -0.00274595
T: 0.0471598 Q: 0.951295
T: 0.0471598 Q: -0.00104175
T: 0.0615813 Q: -0.000338504
T: 0.089986 Q: 1.02886
T: 0.131511 Q: -0.000353519
T: 0.184895 Q: -0.000776508
T: 0.248515 Q: 1.28376
T: 0.320438 Q: -0.00071143
T: 0.398479 Q: -0.000635079
T: 0.480268 Q: 1.02853
T: 0.563318 Q: -0.000791543
T: 0.645106 Q: -0.00329987
T: 0.723148 Q: -0.00184211
T: 0.795071 Q: -0.00274781
T: 0.858691 Q: -0.00279453
T: 0.912075 Q: -0.00860875
T: 0.9536 Q: -0.0236593
T: 0.982004 Q: -0.0735652
T: 0.996426 Q: 1.17961
T: 0.996426 Q: -0.0569833
T: 0.982004 Q: -0.0578649
T: 0.9536 Q: -0.0540627
T: 0.912075 Q: -0.0666402
T: 0.858691 Q: -0.071091
T: 0.795071 Q: 0.938885
T: 0.723148 Q: -0.0481604
T: 0.645106 Q: -0.0253096
T: 0.563318 Q: -0.0172891
Sec_Event 8008706 N50: 26
T: -0.66332 Q: -0.00368641
T: -0.723564 Q: 1.0971
T: -0.781048 Q: 2.00069
T: -0.834025 Q: -0.00230704
T: -0.880886 Q: -0.00220747
T: -0.920208 Q: -0.00138712
T: -0.950794 Q: -0.0019181
T: -0.971717 Q: -0.00162064
T: -0.982339 Q: -0.00191288
T: -0.982339 Q: -0.00152605
T: -0.971717 Q: 1.06329
T: -0.950794 Q: -0.00162283
T: -0.920208 Q: -0.00160845
T: -0.880886 Q: -0.00242108
T: -0.834025 Q: -0.00285822
T: -0.781048 Q: -0.00278765
T: -0.723564 Q: 0.949786
T: -0.66332 Q: -0.00569302
T: -0.602147 Q: -0.00687985
T: -0.541903 Q: -0.0108199
T: -0.484419 Q: -0.0165229
T: -0.431442 Q: -0.0315958
T: -0.38458 Q: -0.0296484
T: -0.345259 Q: 0.904453
T: -0.314672 Q: 0.765573
T: -0.29375 Q: 0.949226
T: -0.283127 Q: -0.0335337
T: -0.283127 Q: -0.02274
T: -0.29375 Q: 0.928493
T: -0.314672 Q: -0.0146109
T: -0.345259 Q: -0.0141185
T: -0.38458 Q: -0.0121609
T: -0.431442 Q: 0.905679
T: -0.484419 Q: -0.00688358
T: -0.541903 Q: -0.00520414
T: -0.602147 Q: 3.17809
200000/499298
Sec_Event 9817530 N50: 36
T: 0.225125 Q: -0.000497826
T: 0.118673 Q: 1.34479
T: 0.017098 Q: -0.00127719
T: -0.0765143 Q: 1.01575
T: -0.159319 Q: 0.915653
T: -0.228801 Q: -0.00212954
T: -0.282848 Q: -0.00349531
T: -0.319818 Q: 0.933612
T: -0.338589 Q: -0.00258493
T: -0.338589 Q: -0.00942138
T: -0.319818 Q: 2.11123
T: -0.282848 Q: -0.0110939
T: -0.228801 Q: -0.0216856
T: -0.159319 Q: 1.22387
T: -0.0765143 Q: 2.15294
T: 0.017098 Q: -0.0245805
T: 0.118673 Q: -0.0204441
T: 0.225125 Q: 1.33987
T: 0.33322 Q: -0.0300709
T: 0.439672 Q: -0.0153013
T: 0.541247 Q: -0.00837779
T: 0.634859 Q: -0.0061661
T: 0.717664 Q: -0.00589718
T: 0.787146 Q: -0.00481249
T: 0.841193 Q: -0.00249628
T: 0.878163 Q: -0.00153407
T: 0.896934 Q: -0.00228967
T: 0.896934 Q: -0.00143028
T: 0.878163 Q: 1.19662
T: 0.841193 Q: -0.00223196
T: 0.787146 Q: -0.00134584
T: 0.717664 Q: -0.00186181
T: 0.634859 Q: -0.00103399
T: 0.541247 Q: -0.000870834
T: 0.439672 Q: -0.00105119
T: 0.33322 Q: -0.00200688
Sec_Event 10511033 N50: 32
T: -0.70697 Q: -0.0171446
T: -0.7518 Q: -0.0312839
T: -0.794577 Q: -0.0567775
T: -0.833999 Q: 1.59139
T: -0.868871 Q: -0.0455648
T: -0.898132 Q: -0.0476675
T: -0.920893 Q: -0.0445073
T: -0.936462 Q: -0.0431909
T: -0.944367 Q: -0.0373944
T: -0.944367 Q: -0.0411631
T: -0.936462 Q: 1.43494
T: -0.920893 Q: -0.0405754
T: -0.898132 Q: -0.0588325
T: -0.868871 Q: 1.48097
T: -0.833999 Q: -0.0213079
T: -0.794577 Q: 0.780789
T: -0.7518 Q: -0.00423653
T: -0.70697 Q: -0.00560838
T: -0.661448 Q: -0.00222472
T: -0.616618 Q: 2.28777
T: -0.573842 Q: 0.981522
T: -0.534419 Q: -0.000747064
T: -0.499547 Q: -0.000907168
T: -0.470287 Q: -0.00091403
T: -0.447526 Q: -0.000719176
T: -0.431956 Q: -0.00126203
T: -0.424052 Q: 1.1816
T: -0.424052 Q: 1.05093
T: -0.431956 Q: -0.00135176
T: -0.447526 Q: -0.00130212
T: -0.470287 Q: -0.00151305
T: -0.499547 Q: -0.00369555
T: -0.534419 Q: -0.00688029
T: -0.573842 Q: -0.00747488
T: -0.616618 Q: 1.72563
T: -0.661448 Q: -0.0154224
Sec_Event 10970560 N50: 36
T: 0.234364 Q: 0.959065
T: 0.128483 Q: 0.947811
T: 0.0274524 Q: -0.000739213
T: -0.0656576 Q: -0.000607945
T: -0.148018 Q: 1.14441
T: -0.217127 Q: -0.00164924
T: -0.270884 Q: -0.00260475
T: -0.307656 Q: -0.0014579
T: -0.326326 Q: -0.00554881
T: -0.326326 Q: 0.880623
T: -0.307656 Q: -0.00561298
T: -0.270884 Q: 0.987816
T: -0.217127 Q: -0.0105875
T: -0.148018 Q: -0.00924665
T: -0.0656576 Q: -0.0095929
T: 0.0274524 Q: -0.0145876
T: 0.128483 Q: -0.0157355
T: 0.234364 Q: 2.11232
T: 0.341878 Q: -0.0149521
T: 0.447759 Q: -0.00971972
T: 0.548789 Q: -0.00596805
T: 0.641899 Q: -0.0038245
T: 0.72426 Q: 1.16259
T: 0.793369 Q: 0.939834
T: 0.847126 Q: 0.88529
T: 0.883898 Q: -0.00394486
T: 0.902567 Q: -0.00174265
T: 0.902567 Q: -0.00163139
T: 0.883898 Q: -0.00105637
T: 0.847126 Q: 0.925977
T: 0.793369 Q: -0.00242246
T: 0.72426 Q: -0.00271357
T: 0.641899 Q: -0.000849998
T: 0.548789 Q: -0.000972681
T: 0.447759 Q: -0.000638638
T: 0.341878 Q: -0.000685862
Sec_Event 11265575 N50: 26
T: -0.13113 Q: 2.36272
T: -0.245439 Q: -0.0251462
T: -0.35451 Q: -0.0248798
T: -0.455031 Q: -0.0227151
T: -0.543947 Q: -0.0224544
T: -0.618556 Q: -0.0178743
T: -0.676592 Q: 1.00366
T: -0.716291 Q: 1.00171
T: -0.736447 Q: -0.0118683
T: -0.736447 Q: -0.0120434
T: -0.716291 Q: -0.0120535
T: -0.676592 Q: 0.974813
T: -0.618556 Q: -0.0208034
T: -0.543947 Q: -0.0258198
T: -0.455031 Q: -0.0202041
T: -0.35451 Q: -0.0195346
T: -0.245439 Q: -0.0164738
T: -0.13113 Q: 1.06175
T: -0.0150588 Q: -0.0161499
T: 0.0992494 Q: -0.0158796
T: 0.208321 Q: 1.30059
T: 0.308842 Q: -0.0186604
T: 0.397758 Q: 2.44709
T: 0.472367 Q: -0.037321
T: 0.530403 Q: -0.0412311
T: 0.570102 Q: 1.18448
T: 0.590258 Q: -0.0668576
T: 0.590258 Q: 1.28123
T: 0.570102 Q: -0.046973
T: 0.530403 Q: -0.0357094
T: 0.472367 Q: -0.032253
T: 0.397758 Q: -0.0282987
T: 0.308842 Q: -0.0238307
T: 0.208321 Q: -0.0243621
T: 0.0992494 Q: -0.0241584
T: -0.0150588 Q: -0.0191502
Sec_Event 11485572 N50: 27
T: 0.67875 Q: -0.0104297
T: 0.639593 Q: -0.00588082
T: 0.60223 Q: -0.00727339
T: 0.567796 Q: -0.00471332
T: 0.537337 Q: 2.37394
T: 0.511779 Q: -0.00824493
T: 0.491898 Q: -0.00467745
T: 0.478299 Q: -0.00849963
T: 0.471395 Q: 2.51221
T: 0.471395 Q: 1.307
T: 0.478299 Q: 1.06086
T: 0.491898 Q: 0.979743
T: 0.511779 Q: -0.0109644
T: 0.537337 Q: -0.0168403
T: 0.567796 Q: -0.0185471
T: 0.60223 Q: -0.0181204
T: 0.639593 Q: -0.0190287
T: 0.67875 Q: -0.0184005
T: 0.718512 Q: -0.0159602
T: 0.757669 Q: 0.965135
T: 0.795032 Q: -0.0164033
T: 0.829466 Q: -0.0103628
T: 0.859925 Q: -0.00931535
T: 0.885483 Q: 1.07592
T: 0.905364 Q: -0.00785681
T: 0.918963 Q: -0.00712795
T: 0.925867 Q: -0.00726233
T: 0.925867 Q: -0.00690843
T: 0.918963 Q: 1.3386
T: 0.905364 Q: -0.0134581
T: 0.885483 Q: -0.00996525
T: 0.859925 Q: -0.00836135
T: 0.829466 Q: -0.0124911
T: 0.795032 Q: 1.30429
T: 0.757669 Q: -0.00692908
T: 0.718512 Q: 0.928257
Sec_Event 11530598 N50: 37
T: 0.541187 Q: -0.0617522
T: 0.468962 Q: -0.0557867
T: 0.400046 Q: -0.0578623
T: 0.336532 Q: -0.0494407
T: 0.280351 Q: 2.59438
T: 0.23321 Q: -0.0512333
T: 0.19654 Q: 1.34692
T: 0.171457 Q: 1.17715
T: 0.158721 Q: -0.0300505
T: 0.158721 Q: 1.19799
T: 0.171457 Q: -0.0294274
T: 0.19654 Q: 1.01073
T: 0.23321 Q: -0.017243
T: 0.280351 Q: -0.0183548
T: 0.336532 Q: -0.0162874
T: 0.400046 Q: -0.0134889
T: 0.468962 Q: -0.00912307
T: 0.541187 Q: 0.971993
T: 0.614526 Q: -0.00843609
T: 0.686751 Q: 0.903901
T: 0.755668 Q: -0.0126271
T: 0.819181 Q: -0.0138748
T: 0.875362 Q: 1.71821
T: 0.922504 Q: -0.0216114
T: 0.959173 Q: -0.018738
T: 0.984257 Q: -0.0204397
T: 0.996992 Q: 1.22174
T: 0.996992 Q: 1.20197
T: 0.984257 Q: -0.0181623
T: 0.959173 Q: -0.0225588
T: 0.922504 Q: -0.0237036
T: 0.875362 Q: -0.026113
T: 0.819181 Q: -0.0293023
T: 0.755668 Q: -0.0483631
T: 0.686751 Q: -0.0544381
T: 0.614526 Q: 1.17701
Sec_Event 11895866 N50: 34
T: -0.239554 Q: -0.000596982
T: -0.449308 Q: 1.04509
T: -0.538293 Q: -0.00153016
T: -0.61296 Q: -0.00162065
T: -0.67104 Q: -0.00238138
T: -0.71077 Q: 1.08286
T: -0.730941 Q: -0.00253301
T: -0.730941 Q: -0.00320568
T: -0.71077 Q: -0.00507628
T: -0.67104 Q: -0.00776496
T: -0.61296 Q: -0.0123051
T: -0.538293 Q: -0.0122335
T: -0.449308 Q: -0.00548293
T: -0.34871 Q: 0.823237
T: -0.239554 Q: -0.0059751
T: -0.125158 Q: -0.00840874
T: -0.00899703 Q: 0.9753
T: 0.105399 Q: -0.005876
T: 0.214555 Q: -0.00375746
T: 0.315153 Q: -0.00466708
T: 0.404138 Q: 1.88301
T: 0.478805 Q: -0.00311327
T: 0.536885 Q: -0.00222327
T: 0.576615 Q: 0.957558
T: 0.596786 Q: -0.00127169
T: 0.596786 Q: 2.07441
T: 0.576615 Q: 1.39856
T: 0.536885 Q: 2.25083
T: 0.478805 Q: -0.000885311
T: 0.404138 Q: 0.974463
T: 0.315153 Q: -0.000763391
T: 0.214555 Q: -0.000364849
T: 0.105399 Q: -0.000325325
T: -0.00899703 Q: 2.26328
Sec_Event 12180295 N50: 29
T: -0.721465 Q: -0.00738815
T: -0.758965 Q: 1.32536
T: -0.794748 Q: -0.00473457
T: -0.827725 Q: -0.0043629
T: -0.856895 Q: 1.22277
T: -0.881371 Q: -0.00461014
T: -0.900411 Q: 1.44471
T: -0.913434 Q: -0.00392025
T: -0.920047 Q: -0.00385733
T: -0.920047 Q: -0.00295179
T: -0.913434 Q: 1.25425
T: -0.900411 Q: -0.00420518
T: -0.881371 Q: 1.28883
T: -0.856895 Q: -0.00407122
T: -0.827725 Q: 1.50775
T: -0.794748 Q: -0.00346333
T: -0.758965 Q: -0.00266856
T: -0.721465 Q: -0.00379898
T: -0.683386 Q: -0.00164256
T: -0.645886 Q: -0.000652625
T: -0.610104 Q: -0.000650579
T: -0.577127 Q: -0.000776788
T: -0.547957 Q: -0.000415853
T: -0.52348 Q: 1.21616
T: -0.504441 Q: 1.47772
T: -0.491417 Q: -0.000901103
T: -0.484805 Q: -0.000449846
T: -0.484805 Q: -0.00106441
T: -0.491417 Q: 1.14772
T: -0.504441 Q: -0.00154958
T: -0.52348 Q: -0.0039695
T: -0.547957 Q: 1.01678
T: -0.577127 Q: -0.00422946
T: -0.610104 Q: -0.0057027
T: -0.645886 Q: -0.00713022
T: -0.683386 Q: -0.00823124
Sec_Event 12180295 N50: 37
T: 0.637634 Q: -0.0112065
T: 0.586005 Q: -0.00407631
T: 0.536741 Q: 0.912293
T: 0.49134 Q: -0.00216249
T: 0.451179 Q: -0.00077721
T: 0.417481 Q: -0.00156568
T: 0.391268 Q: 2.15412
T: 0.373338 Q: -0.000914726
T: 0.364234 Q: -0.000671208
T: 0.391268 Q: -0.00107468
T: 0.451179 Q: 1.12089
T: 0.49134 Q: -0.000558854
T: 0.536741 Q: -0.000356701
T: 0.586005 Q: -0.000840763
T: 0.637634 Q: 1.39767
T: 0.690059 Q: -0.00146555
T: 0.741688 Q: -0.00750948
T: 0.790952 Q: -0.00398794
T: 0.836353 Q: 0.794317
T: 0.876514 Q: 2.40014
T: 0.910212 Q: -0.0696702
T: 0.936425 Q: -0.069343
T: 0.954355 Q: 1.29226
T: 0.963459 Q: 1.24968
T: 0.963459 Q: -0.0417477
T: 0.954355 Q: 1.27454
T: 0.936425 Q: -0.0532475
T: 0.910212 Q: -0.046427
T: 0.876514 Q: -0.0539604
T: 0.836353 Q: -0.0842729
T: 0.790952 Q: -0.0498758
T: 0.741688 Q: -0.0255898
T: 0.690059 Q: -0.0142024
Sec_Event 12181869 N50: 35
T: 0.53028 Q: -0.00384753
T: 0.456192 Q: -0.0022839
T: 0.385498 Q: -0.00131249
T: 0.320345 Q: 1.04407
T: 0.262715 Q: -0.00258002
T: 0.214357 Q: -0.00793007
T: 0.176741 Q: -0.00456476
T: 0.15101 Q: 1.79929
T: 0.137947 Q: -0.0110552
T: 0.137947 Q: -0.0153537
T: 0.15101 Q: -0.0215544
T: 0.176741 Q: 1.14467
T: 0.214357 Q: 1.27971
T: 0.262715 Q: -0.0380073
T: 0.320345 Q: -0.0433894
T: 0.385498 Q: -0.044757
T: 0.456192 Q: -0.0574226
T: 0.53028 Q: -0.0533648
T: 0.605512 Q: -0.0459569
T: 0.6796 Q: -0.0406996
T: 0.750295 Q: -0.0360723
T: 0.815447 Q: 1.15592
T: 0.873077 Q: -0.0187419
T: 0.921435 Q: 2.40926
T: 0.959051 Q: -0.0142073
T: 0.984782 Q: -0.0182177
T: 0.997845 Q: -0.0144
T: 0.997845 Q: -0.0150691
T: 0.984782 Q: 0.915059
T: 0.959051 Q: -0.0116814
T: 0.921435 Q: -0.0116487
T: 0.873077 Q: 0.806967
T: 0.815447 Q: -0.00302763
T: 0.750295 Q: -0.00173474
T: 0.6796 Q: 0.978131
T: 0.605512 Q: -0.00103398
Sec_Event 12297397 N50: 27
T: 0.026649 Q: 1.01812
T: -0.0874696 Q: -0.02302
T: -0.19636 Q: -0.0243037
T: -0.296715 Q: -0.023725
T: -0.385483 Q: -0.0237684
T: -0.459969 Q: -0.0197588
T: -0.517908 Q: -0.0207957
T: -0.557541 Q: -0.0149431
T: -0.577663 Q: -0.00977257
T: -0.577663 Q: -0.0103981
T: -0.557541 Q: -0.0058682
T: -0.517908 Q: -0.00788309
T: -0.459969 Q: 1.21353
T: -0.385483 Q: 1.06947
T: -0.296715 Q: 1.0383
T: -0.19636 Q: 1.31405
T: -0.0874696 Q: -0.000995911
T: 0.026649 Q: -0.000961621
T: 0.142528 Q: -0.000890698
T: 0.256647 Q: -0.00103528
T: 0.365538 Q: -0.0033155
T: 0.465892 Q: -0.00146405
T: 0.55466 Q: -0.00464366
T: 0.629146 Q: 0.890922
T: 0.687086 Q: -0.00213872
T: 0.726718 Q: -0.00147045
T: 0.746841 Q: -0.00248843
T: 0.746841 Q: 1.26403
T: 0.726718 Q: -0.00182755
T: 0.687086 Q: 0.899454
T: 0.629146 Q: -0.00309694
T: 0.55466 Q: 0.869702
T: 0.465892 Q: 1.82493
T: 0.365538 Q: 0.793157
T: 0.256647 Q: 0.712506
T: 0.142528 Q: -0.0215618
Sec_Event 12297397 N50: 26
T: -0.0850132 Q: -0.00102929
T: -0.199804 Q: -0.000440026
T: -0.309336 Q: -0.00214875
T: -0.410282 Q: -0.000661849
T: -0.499573 Q: -0.000524598
T: -0.574497 Q: -0.00144048
T: -0.632778 Q: 0.958562
T: -0.672645 Q: -0.00161201
T: -0.692885 Q: 1.09247
T: -0.692885 Q: 0.924341
T: -0.672645 Q: 0.797388
T: -0.632778 Q: -0.00780022
T: -0.574497 Q: -0.0117004
T: -0.499573 Q: -0.0147924
T: -0.410282 Q: -0.0116747
T: -0.309336 Q: -0.0131631
T: -0.199804 Q: 1.08355
T: -0.0850132 Q: -0.00600457
T: 0.0315485 Q: -0.0124001
T: 0.146339 Q: -0.00938936
T: 0.255871 Q: 1.20992
T: 0.356817 Q: 1.09507
T: 0.446108 Q: 0.891389
T: 0.521033 Q: -0.00463751
T: 0.579313 Q: -0.00244444
T: 0.61918 Q: -0.003031
T: 0.639421 Q: -0.00183771
T: 0.639421 Q: -0.00162824
T: 0.61918 Q: -0.00240116
T: 0.579313 Q: 1.12854
T: 0.521033 Q: -0.000491778
T: 0.446108 Q: -0.00273514
T: 0.356817 Q: -0.000544816
T: 0.255871 Q: -0.00130503
T: 0.146339 Q: 1.21844
Sec_Event 12562960 N50: 37
T: -0.590671 Q: -0.00179632
T: -0.667647 Q: -0.000945991
T: -0.741096 Q: -0.00363571
T: -0.808787 Q: 1.97844
T: -0.868663 Q: 0.890824
T: -0.918905 Q: -0.00786809
T: -0.957987 Q: -0.0144499
T: -0.98472 Q: -0.0090857
T: -0.998293 Q: 1.23224
T: -0.998293 Q: 1.25037
T: -0.98472 Q: -0.00798885
T: -0.957987 Q: -0.00947633
T: -0.918905 Q: 1.17153
T: -0.868663 Q: -0.0109516
T: -0.808787 Q: 1.20079
T: -0.741096 Q: 1.22282
T: -0.667647 Q: 0.899892
T: -0.590671 Q: 1.04998
T: -0.512508 Q: 0.948361
T: -0.435533 Q: -0.013255
T: -0.362084 Q: -0.00804315
T: -0.294393 Q: -0.00445602
T: -0.234517 Q: -0.00294638
T: -0.184274 Q: -0.00517223
T: -0.145193 Q: -0.00169633
T: -0.11846 Q: -0.00113371
T: -0.104887 Q: -0.00483162
T: -0.104887 Q: -0.000593838
T: -0.11846 Q: -0.00191627
T: -0.145193 Q: -0.000874134
T: -0.184274 Q: -0.000268646
T: -0.234517 Q: -0.000309524
T: -0.294393 Q: -0.00302185
T: -0.362084 Q: 1.26301
T: -0.435533 Q: -0.00170731
T: -0.512508 Q: -0.000230676
Sec_Event 12696052 N50: 36
T: -0.0787674 Q: -0.0150341
T: -0.193589 Q: -0.042914
T: -0.30315 Q: -0.022416
T: -0.404123 Q: -0.0293769
T: -0.493438 Q: -0.0321882
T: -0.568383 Q: 1.3374
T: -0.626679 Q: -0.0404445
T: -0.666556 Q: -0.049688
T: -0.686802 Q: -0.0483302
T: -0.686802 Q: -0.0510509
T: -0.666556 Q: -0.0356908
T: -0.626679 Q: -0.0334594
T: -0.568383 Q: -0.0337012
T: -0.493438 Q: 1.24196
T: -0.404123 Q: -0.0215858
T: -0.30315 Q: -0.018724
T: -0.193589 Q: 1.50999
T: -0.0787674 Q: -0.0182866
T: 0.0378255 Q: -0.0184289
T: 0.152647 Q: 1.23945
T: 0.262209 Q: -0.0221927
T: 0.363181 Q: 1.71364
T: 0.452496 Q: -0.00767683
T: 0.527441 Q: 0.867895
T: 0.585737 Q: -0.00471216
T: 0.625614 Q: 2.25729
T: 0.64586 Q: -0.00339256
T: 0.64586 Q: -0.00326287
T: 0.625614 Q: -0.00364607
T: 0.585737 Q: -0.00340503
T: 0.527441 Q: 1.15414
T: 0.452496 Q: -0.00876891
T: 0.363181 Q: -0.0141112
T: 0.262209 Q: -0.0175467
T: 0.152647 Q: -0.0173321
T: 0.0378255 Q: 1.49614
Sec_Event 12997630 N50: 32
T: -0.468294 Q: -0.00277279
T: -0.563035 Q: -0.00501071
T: -0.653436 Q: -0.00637747
T: -0.736749 Q: -0.00606481
T: -0.810444 Q: -0.00740872
T: -0.872282 Q: -0.00248564
T: -0.920383 Q: -0.00171079
T: -0.953286 Q: -0.00165473
T: -0.969991 Q: -0.00323874
T: -0.969991 Q: -0.0018702
T: -0.953286 Q: 1.31072
T: -0.920383 Q: 1.31792
T: -0.872282 Q: 2.44251
T: -0.810444 Q: -0.00325023
T: -0.736749 Q: -0.00401841
T: -0.653436 Q: 1.10023
T: -0.563035 Q: -0.0097627
T: -0.468294 Q: 0.863572
T: -0.372092 Q: -0.0237562
T: -0.277351 Q: 2.56333
T: -0.186951 Q: -0.0125233
T: -0.103637 Q: -0.0141398
T: -0.0299421 Q: -0.00991643
T: 0.0318955 Q: -0.0132544
T: 0.0799966 Q: -0.00797372
T: 0.1129 Q: 1.27462
T: 0.129605 Q: 1.16985
T: 0.129605 Q: -0.00468267
T: 0.1129 Q: -0.0061298
T: 0.0799966 Q: 1.14463
T: 0.0318955 Q: -0.00412157
T: -0.0299421 Q: -0.0031924
T: -0.103637 Q: 1.3674
T: -0.186951 Q: -0.00311986
T: -0.277351 Q: -0.00397071
T: -0.372092 Q: -0.00407868
Sec_Event 12997630 N50: 44
T: 0.307761 Q: -0.00743798
T: 0.207174 Q: -0.00505756
T: 0.111194 Q: -0.00474635
T: 0.0227392 Q: 2.52688
T: -0.055504 Q: -0.00891804
T: -0.121158 Q: -0.00308677
T: -0.172227 Q: -0.00391721
T: -0.207161 Q: -0.00445454
T: -0.224897 Q: -0.00194187
T: -0.224897 Q: 1.25847
T: -0.207161 Q: -0.00409563
T: -0.172227 Q: 1.17963
T: -0.121158 Q: 1.55659
T: -0.055504 Q: 1.20849
T: 0.0227392 Q: -0.00232183
T: 0.111194 Q: 1.02322
T: 0.207174 Q: -0.00303
T: 0.307761 Q: 1.0942
T: 0.409901 Q: 1.09567
T: 0.510488 Q: 1.24858
T: 0.606467 Q: 1.10354
T: 0.694923 Q: 2.2134
T: 0.773166 Q: 1.03048
T: 0.83882 Q: 2.95615
T: 0.889889 Q: 3.27548
T: 0.924823 Q: 0.823905
T: 0.942559 Q: 1.725
T: 0.942559 Q: -0.0473465
T: 0.924823 Q: -0.0509518
T: 0.889889 Q: -0.0633395
T: 0.83882 Q: -0.0393445
T: 0.773166 Q: -0.0311283
T: 0.694923 Q: 1.12894
T: 0.606467 Q: -0.0184425
T: 0.510488 Q: -0.00900789
T: 0.409901 Q: -0.00845472
Sec_Event 14177390 N50: 40
T: 0.295431 Q: -0.00374872
T: 0.193856 Q: 1.011
T: 0.0969353 Q: 0.940045
T: 0.00761237 Q: -0.00444658
T: -0.0713984 Q: 0.975797
T: -0.137696 Q: 2.41866
T: -0.189267 Q: -0.00738313
T: -0.224543 Q: -0.00831463
T: -0.242453 Q: -0.00652587
T: -0.242453 Q: 0.781777
T: -0.224543 Q: -0.0106628
T: -0.189267 Q: 0.798135
T: -0.137696 Q: -0.0169699
T: -0.0713984 Q: 1.08186
T: 0.00761237 Q: -0.0239351
T: 0.0969353 Q: 1.03081
T: 0.193856 Q: -0.0317744
T: 0.295431 Q: -0.031461
T: 0.398572 Q: -0.0433556
T: 0.500146 Q: -0.0386789
T: 0.597067 Q: -0.0633584
T: 0.68639 Q: 1.10818
T: 0.765401 Q: 0.999214
T: 0.831698 Q: -0.0708446
T: 0.883269 Q: 2.48087
T: 0.918545 Q: -0.0617484
T: 0.936456 Q: 3.41877
T: 0.936456 Q: 2.06475
T: 0.918545 Q: -0.0745772
T: 0.883269 Q: 0.852198
T: 0.831698 Q: 0.980129
T: 0.765401 Q: 0.810454
T: 0.68639 Q: 0.958305
T: 0.597067 Q: -0.00627455
T: 0.500146 Q: 1.08298
T: 0.398572 Q: -0.0046104
Sec_Event 14177390 N50: 31
T: 0.399866 Q: 1.36354
T: 0.308043 Q: -0.0517916
T: 0.220427 Q: -0.0430718
T: 0.13968 Q: -0.0624111
T: 0.0682544 Q: -0.049385
T: 0.00832142 Q: 1.65809
T: -0.0382982 Q: 1.65755
T: -0.0701878 Q: -0.0542126
T: -0.0863786 Q: 0.969132
T: -0.0863786 Q: -0.0499995
T: -0.0701878 Q: -0.0552574
T: -0.0382982 Q: 1.3595
T: 0.00832142 Q: -0.0418879
T: 0.0682544 Q: -0.0308082
T: 0.13968 Q: 1.18411
T: 0.220427 Q: -0.0325309
T: 0.308043 Q: -0.0267604
T: 0.399866 Q: 1.18648
T: 0.493105 Q: -0.0274826
T: 0.584928 Q: 1.05579
T: 0.672544 Q: 2.35422
T: 0.753291 Q: -0.0563965
T: 0.824717 Q: 0.866305
T: 0.88465 Q: -0.0758856
T: 0.931269 Q: -0.0771353
T: 0.963159 Q: -0.0645915
T: 0.97935 Q: -0.0492983
T: 0.97935 Q: 1.34747
T: 0.963159 Q: 1.40655
T: 0.931269 Q: -0.0655919
T: 0.88465 Q: -0.0686258
T: 0.824717 Q: 1.30289
T: 0.753291 Q: 4.11332
T: 0.672544 Q: -0.0900164
T: 0.584928 Q: -0.0663574
T: 0.493105 Q: -0.0539111
Sec_Event 14177390 N50: 33
T: 0.173599 Q: -0.0174003
T: 0.064327 Q: -0.0123329
T: -0.0399388 Q: -0.0132459
T: -0.136031 Q: 0.981781
T: -0.221029 Q: -0.00732339
T: -0.292351 Q: 0.830619
T: -0.34783 Q: -0.00487079
T: -0.385779 Q: -0.00386814
T: -0.405047 Q: 0.906172
T: -0.405047 Q: -0.00368934
T: -0.385779 Q: -0.00197559
T: -0.34783 Q: -0.00210433
T: -0.292351 Q: -0.00221019
T: -0.221029 Q: -0.00218282
T: -0.136031 Q: -0.00322434
T: -0.0399388 Q: -0.00154288
T: 0.064327 Q: -0.00184079
T: 0.173599 Q: -0.00229188
T: 0.284556 Q: 1.00194
T: 0.393828 Q: -0.00267652
T: 0.498094 Q: -0.00238942
T: 0.594186 Q: -0.00432714
T: 0.679184 Q: 0.915784
T: 0.750506 Q: -0.00871929
T: 0.805985 Q: -0.0147263
T: 0.843934 Q: -0.0214754
T: 0.863202 Q: 0.790949
T: 0.863202 Q: -0.0547761
T: 0.843934 Q: -0.0552894
T: 0.805985 Q: -0.0598921
T: 0.750506 Q: 1.08821
T: 0.679184 Q: -0.0387813
T: 0.594186 Q: -0.0303735
T: 0.498094 Q: -0.0208733
T: 0.393828 Q: -0.0204885
T: 0.284556 Q: -0.0132103
300000/499298
Sec_Event 15027412 N50: 50
T: -0.68701 Q: -0.0496789
T: -0.739731 Q: -0.0439522
T: -0.790038 Q: -0.0444003
T: -0.8364 Q: 1.23485
T: -0.87741 Q: 2.71812
T: -0.911821 Q: 2.43459
T: -0.938588 Q: 1.26893
T: -0.956898 Q: -0.0247283
T: -0.966195 Q: -0.0346724
T: -0.966195 Q: 1.34113
T: -0.956898 Q: -0.026006
T: -0.938588 Q: 3.15856
T: -0.911821 Q: 2.07854
T: -0.87741 Q: 1.056
T: -0.8364 Q: -0.0172834
T: -0.790038 Q: 2.37796
T: -0.739731 Q: -0.0125258
T: -0.68701 Q: -0.018075
T: -0.633476 Q: -0.0104302
T: -0.580754 Q: 1.02055
T: -0.530448 Q: -0.0106998
T: -0.484086 Q: 3.92779
T: -0.443076 Q: -0.0102589
T: -0.408665 Q: -0.0119265
T: -0.381897 Q: -0.0157318
T: -0.363587 Q: 1.1249
T: -0.354291 Q: -0.0131446
T: -0.354291 Q: -0.0201399
T: -0.363587 Q: 2.47689
T: -0.381897 Q: 1.24811
T: -0.408665 Q: 1.15484
T: -0.443076 Q: 1.31494
T: -0.484086 Q: -0.0346543
T: -0.530448 Q: -0.0439035
T: -0.580754 Q: 1.31683
T: -0.633476 Q: -0.048377
Sec_Event 15300826 N50: 36
T: -0.0728214 Q: -0.0198893
T: -0.187665 Q: -0.0244312
T: -0.297247 Q: -0.0333658
T: -0.398238 Q: 1.27953
T: -0.487571 Q: -0.0400991
T: -0.562529 Q: -0.0519001
T: -0.620837 Q: -0.0679719
T: -0.660721 Q: 1.70872
T: -0.680971 Q: -0.0686626
T: -0.680971 Q: -0.069417
T: -0.660721 Q: -0.0716151
T: -0.620837 Q: -0.0720301
T: -0.562529 Q: 1.70232
T: -0.487571 Q: -0.058645
T: -0.398238 Q: -0.0536868
T: -0.297247 Q: -0.0388933
T: -0.187665 Q: -0.0491951
T: -0.0728214 Q: 1.42947
T: 0.0437935 Q: 2.94263
T: 0.158637 Q: 1.40875
T: 0.268219 Q: -0.042589
T: 0.36921 Q: -0.0409078
T: 0.458543 Q: 3.75685
T: 0.533501 Q: 1.40777
T: 0.591809 Q: -0.0254883
T: 0.631693 Q: -0.0204137
T: 0.651943 Q: -0.0173929
T: 0.651943 Q: -0.0175635
T: 0.631693 Q: 1.45996
T: 0.591809 Q: -0.0245957
T: 0.533501 Q: -0.031573
T: 0.458543 Q: 1.4388
T: 0.36921 Q: -0.0287211
T: 0.268219 Q: -0.0252679
T: 0.158637 Q: -0.0328988
T: 0.0437935 Q: -0.0261547
Sec_Event 16028660 N50: 34
T: -0.553059 Q: -0.0147811
T: -0.636504 Q: 1.93335
T: -0.716127 Q: -0.0166299
T: -0.789508 Q: 0.991044
T: -0.854417 Q: 2.00065
T: -0.908882 Q: 0.83116
T: -0.951248 Q: 1.11138
T: -0.980228 Q: -0.0408386
T: -0.994942 Q: -0.0393488
T: -0.994942 Q: 1.15585
T: -0.980228 Q: -0.0380509
T: -0.951248 Q: -0.0459037
T: -0.908882 Q: 1.37657
T: -0.854417 Q: -0.0658805
T: -0.789508 Q: 1.00142
T: -0.716127 Q: -0.0292255
T: -0.636504 Q: -0.0241866
T: -0.553059 Q: -0.0198938
T: -0.468326 Q: -0.0150086
T: -0.384881 Q: -0.0139554
T: -0.305258 Q: 0.961607
T: -0.231878 Q: 1.10439
T: -0.166969 Q: -0.0174778
T: -0.112504 Q: -0.00888922
T: -0.0701373 Q: -0.00845615
T: -0.041157 Q: -0.00844606
T: -0.0264433 Q: -0.0112387
T: -0.0264433 Q: -0.00544865
T: -0.041157 Q: -0.00497908
T: -0.0701373 Q: -0.00771405
T: -0.112504 Q: 2.38216
T: -0.166969 Q: 1.30322
T: -0.231878 Q: -0.00811824
T: -0.305258 Q: -0.00893504
T: -0.384881 Q: 1.07752
T: -0.468326 Q: -0.0104318
Sec_Event 16284326 N50: 31
T: 0.26242 Q: -0.0191177
T: 0.1584 Q: -0.0140721
T: 0.0591466 Q: 0.989552
T: -0.0323262 Q: 1.21702
T: -0.113239 Q: -0.0082994
T: -0.181132 Q: 1.76274
T: -0.233944 Q: -0.00681852
T: -0.27007 Q: -0.00810946
T: -0.288411 Q: 0.916522
T: -0.288411 Q: -0.00132414
T: -0.27007 Q: -0.0019692
T: -0.233944 Q: -0.000586672
T: -0.181132 Q: -0.000523901
T: -0.113239 Q: -0.000734573
T: -0.0323262 Q: 1.36464
T: 0.0591466 Q: 2.59874
T: 0.1584 Q: 1.58415
T: 0.26242 Q: 1.23508
T: 0.368043 Q: -0.000299368
T: 0.472062 Q: 0.973566
T: 0.571316 Q: -0.000656416
T: 0.662789 Q: -0.000476143
T: 0.743701 Q: -0.000874319
T: 0.811595 Q: -0.000977338
T: 0.864407 Q: -0.000574031
T: 0.900532 Q: 0.927597
T: 0.918874 Q: -0.000578964
T: 0.918874 Q: -0.00102378
T: 0.900532 Q: 1.29963
T: 0.864407 Q: -0.000635369
T: 0.811595 Q: -0.000561636
T: 0.743701 Q: -0.00187024
T: 0.662789 Q: -0.00134925
T: 0.571316 Q: -0.00232815
T: 0.472062 Q: 1.08015
T: 0.368043 Q: -0.0104061
Sec_Event 17477190 N50: 41
T: 0.293883 Q: -0.00324134
T: 0.192187 Q: -0.00851206
T: 0.0951509 Q: 1.1029
T: 0.00572162 Q: -0.00221628
T: -0.0733832 Q: 1.58652
T: -0.13976 Q: 1.15597
T: -0.191392 Q: -0.0031708
T: -0.22671 Q: -0.00341651
T: -0.244642 Q: 2.50403
T: -0.244642 Q: -0.00617608
T: -0.22671 Q: 2.5675
T: -0.191392 Q: -0.0068375
T: -0.13976 Q: -0.00532014
T: -0.0733832 Q: -0.00765268
T: 0.00572162 Q: -0.00557614
T: 0.0951509 Q: -0.0102049
T: 0.192187 Q: -0.0078781
T: 0.293883 Q: -0.0136431
T: 0.397147 Q: 1.09059
T: 0.498842 Q: 1.07865
T: 0.595878 Q: 1.22362
T: 0.685308 Q: -0.025313
T: 0.764412 Q: 0.918362
T: 0.830789 Q: 0.979672
T: 0.882421 Q: 0.995736
T: 0.91774 Q: -0.0414803
T: 0.935671 Q: -0.0400675
T: 0.935671 Q: -0.0285859
T: 0.91774 Q: 1.0893
T: 0.882421 Q: -0.0271251
T: 0.830789 Q: -0.0155435
T: 0.764412 Q: -0.00729535
T: 0.685308 Q: -0.00754326
T: 0.595878 Q: -0.00389093
T: 0.498842 Q: -0.0043121
T: 0.397147 Q: 1.46076
Sec_Event 17477190 N50: 37
T: 0.442185 Q: -0.0102433
T: 0.355326 Q: -0.0077957
T: 0.272447 Q: -0.00766553
T: 0.196064 Q: -0.00501562
T: 0.1285 Q: 1.21123
T: 0.0718064 Q: -0.0175787
T: 0.027707 Q: 1.31346
T: -0.00245886 Q: 1.43329
T: -0.0177745 Q: -0.0030664
T: -0.0177745 Q: -0.00493593
T: -0.00245886 Q: -0.00148844
T: 0.027707 Q: -0.0028376
T: 0.0718064 Q: -0.00327247
T: 0.1285 Q: -0.00228835
T: 0.196064 Q: -0.00316436
T: 0.272447 Q: -0.00337706
T: 0.355326 Q: -0.00278773
T: 0.442185 Q: -0.00732385
T: 0.530384 Q: 0.9623
T: 0.617243 Q: -0.00478559
T: 0.700123 Q: -0.00549541
T: 0.776506 Q: -0.0137243
T: 0.84407 Q: -0.0179766
T: 0.900763 Q: -0.0328281
T: 0.944863 Q: -0.0379662
T: 0.975029 Q: 1.41346
T: 0.990344 Q: 2.65729
T: 0.990344 Q: -0.0412708
T: 0.975029 Q: -0.0480336
T: 0.944863 Q: -0.0409523
T: 0.900763 Q: 1.57023
T: 0.84407 Q: -0.0673765
T: 0.776506 Q: 0.912057
T: 0.700123 Q: -0.0293303
T: 0.617243 Q: -0.0167266
T: 0.530384 Q: -0.00961682
Sec_Event 17477190 N50: 30
T: -0.57148 Q: -0.0100516
T: -0.651895 Q: -0.0102499
T: -0.728626 Q: -0.0123529
T: -0.799342 Q: -0.00924174
T: -0.861894 Q: 1.25643
T: -0.914381 Q: -0.00847784
T: -0.955208 Q: -0.00916393
T: -0.983136 Q: -0.00727012
T: -0.997316 Q: 2.72228
T: -0.997316 Q: -0.0059108
T: -0.983136 Q: -0.00501769
T: -0.955208 Q: 2.44461
T: -0.914381 Q: 1.2724
T: -0.861894 Q: -0.00849909
T: -0.799342 Q: 1.15221
T: -0.728626 Q: -0.00839149
T: -0.651895 Q: -0.0109179
T: -0.57148 Q: -0.00868069
T: -0.489825 Q: -0.00690118
T: -0.40941 Q: -0.00616563
T: -0.332679 Q: -0.00437673
T: -0.261963 Q: -0.00383968
T: -0.199412 Q: 1.23866
T: -0.146925 Q: 2.59141
T: -0.106097 Q: -0.00337077
T: -0.0781691 Q: 1.32532
T: -0.0639898 Q: 1.48939
T: -0.0639898 Q: -0.00469773
T: -0.0781691 Q: -0.00654942
T: -0.106097 Q: -0.00440409
T: -0.146925 Q: 1.32015
T: -0.199412 Q: -0.0146467
T: -0.261963 Q: 1.20781
T: -0.332679 Q: 1.35573
T: -0.40941 Q: 1.15255
T: -0.489825 Q: -0.00902018
Sec_Event 17604747 N50: 26
T: 0.711241 Q: 1.07284
T: 0.685533 Q: -0.00320133
T: 0.661002 Q: 1.40417
T: 0.638395 Q: 1.2328
T: 0.618397 Q: -0.00214115
T: 0.601618 Q: -0.00229872
T: 0.588565 Q: -0.00223202
T: 0.579637 Q: -0.00348085
T: 0.575104 Q: 1.18977
T: 0.575104 Q: -0.00693093
T: 0.579637 Q: -0.00566381
T: 0.588565 Q: 1.22724
T: 0.601618 Q: 1.04518
T: 0.618397 Q: 1.14556
T: 0.638395 Q: 0.957472
T: 0.661002 Q: -0.0400624
T: 0.685533 Q: -0.0421371
T: 0.711241 Q: -0.0444723
T: 0.737345 Q: 1.40801
T: 0.763054 Q: -0.0398792
T: 0.787584 Q: 1.1437
T: 0.810191 Q: -0.0320462
T: 0.830189 Q: -0.024168
T: 0.846969 Q: -0.0290634
T: 0.860021 Q: 1.42005
T: 0.868949 Q: 1.24979
T: 0.873482 Q: 2.73501
T: 0.873482 Q: -0.0226907
T: 0.868949 Q: -0.0245319
T: 0.860021 Q: 1.20823
T: 0.846969 Q: -0.0246592
T: 0.830189 Q: -0.0213649
T: 0.810191 Q: -0.0103072
T: 0.787584 Q: -0.0104446
T: 0.763054 Q: -0.00710963
T: 0.737345 Q: -0.00618968
Sec_Event 18101208 N50: 36
T: -0.61678 Q: 2.64287
T: -0.688525 Q: 1.51995
T: -0.756983 Q: -0.0681356
T: -0.820075 Q: 1.28566
T: -0.875883 Q: 1.40358
T: -0.922711 Q: -0.0330474
T: -0.959136 Q: 1.39969
T: -0.984053 Q: -0.0270292
T: -0.996704 Q: -0.0262279
T: -0.996704 Q: -0.0273433
T: -0.984053 Q: -0.0317977
T: -0.959136 Q: -0.0360367
T: -0.922711 Q: -0.0257396
T: -0.875883 Q: -0.0140043
T: -0.820075 Q: -0.0130212
T: -0.756983 Q: -0.0109191
T: -0.688525 Q: -0.00531202
T: -0.61678 Q: -0.00659491
T: -0.543929 Q: -0.0093431
T: -0.472184 Q: -0.00551971
T: -0.403726 Q: 1.1795
T: -0.340634 Q: -0.00880959
T: -0.284827 Q: -0.00652581
T: -0.237998 Q: -0.00713662
T: -0.201573 Q: 1.22343
T: -0.176656 Q: -0.00728341
T: -0.164005 Q: -0.0168963
T: -0.164005 Q: -0.0117622
T: -0.176656 Q: -0.0196085
T: -0.201573 Q: -0.0226419
T: -0.237998 Q: -0.0247626
T: -0.284827 Q: -0.0241112
T: -0.340634 Q: -0.0292005
T: -0.403726 Q: -0.042082
T: -0.472184 Q: -0.0412494
T: -0.543929 Q: -0.0605349
Sec_Event 18489960 N50: 47
T: -0.587532 Q: 1.08656
T: -0.665092 Q: -0.000330054
T: -0.739098 Q: -0.000563013
T: -0.807303 Q: -0.000554812
T: -0.867634 Q: -0.00128179
T: -0.918257 Q: -0.00280818
T: -0.957635 Q: 1.4537
T: -0.984571 Q: -0.00763827
T: -0.998247 Q: 3.13695
T: -0.998247 Q: -0.0071894
T: -0.984571 Q: -0.00663748
T: -0.957635 Q: -0.00819443
T: -0.918257 Q: 1.4137
T: -0.867634 Q: -0.0121789
T: -0.807303 Q: -0.0130404
T: -0.739098 Q: -0.0191143
T: -0.665092 Q: 0.849101
T: -0.587532 Q: 1.06482
T: -0.508776 Q: 0.892953
T: -0.431217 Q: -0.010488
T: -0.357211 Q: -0.0084061
T: -0.289006 Q: 1.82358
T: -0.228675 Q: -0.00333536
T: -0.178052 Q: 0.851357
T: -0.138674 Q: -0.00132042
T: -0.111738 Q: 1.19563
T: -0.0980619 Q: 2.56287
T: -0.0980619 Q: 1.30539
T: -0.111738 Q: -0.00108317
T: -0.138674 Q: -0.000282799
T: -0.178052 Q: 1.15665
T: -0.228675 Q: -0.000392726
T: -0.289006 Q: 1.44594
T: -0.431217 Q: -0.000423045
T: -0.508776 Q: -0.000354192
Sec_Event 18878428 N50: 33
T: 0.186768 Q: -0.0278156
T: 0.0781592 Q: -0.0366124
T: -0.0254743 Q: 1.26289
T: -0.120983 Q: -0.0339681
T: -0.205466 Q: -0.0508885
T: -0.276356 Q: 3.00772
T: -0.331498 Q: -0.037197
T: -0.369217 Q: 1.21841
T: -0.388368 Q: 2.70904
T: -0.388368 Q: -0.0411734
T: -0.369217 Q: -0.0400005
T: -0.331498 Q: -0.0449197
T: -0.276356 Q: 1.26013
T: -0.205466 Q: -0.0383629
T: -0.120983 Q: -0.0254183
T: -0.0254743 Q: 1.32966
T: 0.0781592 Q: -0.0274932
T: 0.186768 Q: 1.32941
T: 0.297053 Q: -0.0276572
T: 0.405661 Q: 2.61439
T: 0.509295 Q: -0.0320705
T: 0.604804 Q: 1.06722
T: 0.689287 Q: -0.067935
T: 0.760176 Q: -0.0504653
T: 0.815319 Q: -0.0458272
T: 0.853038 Q: -0.0445074
T: 0.872189 Q: -0.0387326
T: 0.872189 Q: 1.17037
T: 0.853038 Q: -0.0387123
T: 0.815319 Q: 1.2377
T: 0.760176 Q: 1.55972
T: 0.689287 Q: -0.0606818
T: 0.604804 Q: 1.10143
T: 0.509295 Q: -0.047293
T: 0.405661 Q: -0.0402236
T: 0.297053 Q: -0.0352213
400000/499298
Sec_Event 19681841 N50: 25
T: 0.623026 Q: -0.00120518
T: 0.567664 Q: -0.000889061
T: 0.514838 Q: -0.000969345
T: 0.466154 Q: -0.00180376
T: 0.42309 Q: -0.000921164
T: 0.386955 Q: -0.000569032
T: 0.358848 Q: 0.935298
T: 0.339621 Q: -0.00080658
T: 0.329859 Q: -0.00100828
T: 0.329859 Q: -0.00372852
T: 0.339621 Q: -0.00397297
T: 0.358848 Q: -0.00497921
T: 0.386955 Q: -0.0065913
T: 0.42309 Q: -0.0113887
T: 0.466154 Q: -0.0148952
T: 0.514838 Q: -0.0189553
T: 0.567664 Q: 1.00333
T: 0.623026 Q: -0.0504572
T: 0.679242 Q: 1.06287
T: 0.734603 Q: -0.0943734
T: 0.787429 Q: -0.0804671
T: 0.836113 Q: -0.0784997
T: 0.879177 Q: 1.22678
T: 0.915312 Q: 1.38795
T: 0.94342 Q: 1.07135
T: 0.962647 Q: -0.0480701
T: 0.972408 Q: -0.0433407
T: 0.972408 Q: 0.781804
T: 0.962647 Q: -0.104278
T: 0.94342 Q: 0.719961
T: 0.915312 Q: -0.0152517
T: 0.879177 Q: -0.00376583
T: 0.836113 Q: -0.00333922
T: 0.787429 Q: -0.00147561
T: 0.734603 Q: 1.02176
T: 0.679242 Q: -0.00341462
Sec_Event 21969209 N50: 48
T: 0.2964 Q: 1.30858
T: 0.194902 Q: 0.983749
T: 0.0980538 Q: 1.14191
T: 0.00879787 Q: -0.00229746
T: -0.0701537 Q: -0.00293482
T: -0.136402 Q: -0.00353656
T: -0.187934 Q: 1.10409
T: -0.223184 Q: 1.07462
T: -0.241081 Q: 1.01498
T: -0.241081 Q: 1.19688
T: -0.223184 Q: 0.948612
T: -0.187934 Q: -0.0141553
T: -0.136402 Q: -0.0153695
T: -0.0701537 Q: 1.17472
T: 0.00879787 Q: 3.43174
T: 0.0980538 Q: -0.0278634
T: 0.194902 Q: -0.0233697
T: 0.2964 Q: -0.0322245
T: 0.399464 Q: 0.997424
T: 0.500962 Q: -0.0413026
T: 0.597811 Q: -0.0615386
T: 0.687067 Q: -0.0753471
T: 0.766018 Q: -0.0672435
T: 0.832266 Q: -0.0561841
T: 0.883798 Q: -0.055115
T: 0.919048 Q: 1.24446
T: 0.936945 Q: 0.99076
T: 0.936945 Q: 0.864727
T: 0.919048 Q: -0.0526595
T: 0.883798 Q: -0.0199599
T: 0.832266 Q: -0.0109394
T: 0.766018 Q: 0.978014
T: 0.687067 Q: -0.00604464
T: 0.597811 Q: -0.00206345
T: 0.500962 Q: -0.0035203
T: 0.399464 Q: 0.937711
Sec_Event 21969209 N50: 40
T: 0.698807 Q: -0.0634823
T: 0.667368 Q: -0.0722
T: 0.63737 Q: 1.57541
T: 0.609724 Q: 1.3775
T: 0.585269 Q: -0.0869706
T: 0.564749 Q: 1.47721
T: 0.548788 Q: -0.0929016
T: 0.537869 Q: -0.101963
T: 0.532326 Q: -0.093041
T: 0.532326 Q: 1.63587
T: 0.537869 Q: -0.0987695
T: 0.548788 Q: -0.101015
T: 0.564749 Q: -0.0932665
T: 0.585269 Q: 1.57601
T: 0.609724 Q: -0.0855425
T: 0.63737 Q: -0.0873573
T: 0.667368 Q: -0.0711954
T: 0.698807 Q: -0.0712728
T: 0.73073 Q: -0.0587552
T: 0.762168 Q: 0.967548
T: 0.792166 Q: 2.01583
T: 0.819813 Q: 2.44308
T: 0.844268 Q: 1.04952
T: 0.864787 Q: -0.0218339
T: 0.880749 Q: -0.0150425
T: 0.891667 Q: 1.10325
T: 0.897211 Q: -0.00985453
T: 0.897211 Q: -0.0124886
T: 0.891667 Q: -0.0120073
T: 0.880749 Q: -0.0127997
T: 0.864787 Q: 1.98408
T: 0.844268 Q: -0.0210662
T: 0.819813 Q: -0.0316113
T: 0.792166 Q: -0.0325146
T: 0.762168 Q: 0.932088
T: 0.73073 Q: -0.0502284
Sec_Event 21969209 N50: 40
T: 0.475093 Q: -0.0017015
T: 0.392578 Q: 2.34983
T: 0.313844 Q: -0.000566611
T: 0.241282 Q: -0.00119587
T: 0.177097 Q: -0.000691431
T: 0.12324 Q: -0.000372526
T: 0.0813464 Q: 1.43403
T: 0.0526895 Q: -0.000396363
T: 0.03814 Q: 1.32559
T: 0.03814 Q: -0.000383937
T: 0.0526895 Q: -0.00321071
T: 0.0813464 Q: -0.000643296
T: 0.12324 Q: -0.00127792
T: 0.177097 Q: 1.15171
T: 0.241282 Q: -0.00200335
T: 0.313844 Q: -0.000929648
T: 0.392578 Q: 2.20637
T: 0.475093 Q: -0.00198219
T: 0.55888 Q: 1.24879
T: 0.641394 Q: 1.02984
T: 0.720128 Q: -0.00880119
T: 0.79269 Q: -0.0196018
T: 0.856875 Q: -0.0372119
T: 0.910732 Q: -0.052114
T: 0.952626 Q: -0.0475512
T: 0.981283 Q: 0.846611
T: 0.995832 Q: -0.0512192
T: 0.995832 Q: 1.19974
T: 0.981283 Q: -0.0507148
T: 0.952626 Q: 0.882723
T: 0.910732 Q: -0.0307459
T: 0.856875 Q: -0.011408
T: 0.79269 Q: -0.00603086
T: 0.720128 Q: -0.00518545
T: 0.641394 Q: -0.00295822
T: 0.55888 Q: -0.00155678
Sec_Event 21969209 N50: 42
T: -0.255836 Q: -0.0325403
T: -0.366478 Q: 1.01392
T: -0.472051 Q: 1.01695
T: -0.569348 Q: -0.00734219
T: -0.655412 Q: 1.10246
T: -0.727628 Q: 1.07563
T: -0.783802 Q: 1.10663
T: -0.822228 Q: -0.00220548
T: -0.841737 Q: -0.00213241
T: -0.841737 Q: 1.17298
T: -0.822228 Q: -0.00234516
T: -0.783802 Q: -0.00312713
T: -0.727628 Q: 1.18615
T: -0.655412 Q: -0.00492267
T: -0.569348 Q: -0.00631827
T: -0.472051 Q: -0.0161348
T: -0.366478 Q: -0.0220877
T: -0.255836 Q: -0.0354621
T: -0.143487 Q: -0.0303077
T: -0.0328457 Q: 1.40804
T: 0.0727275 Q: -0.0316725
T: 0.170024 Q: -0.0439088
T: 0.256088 Q: 3.76488
T: 0.328305 Q: -0.0528673
T: 0.384479 Q: 1.42523
T: 0.422904 Q: -0.0845091
T: 0.442414 Q: -0.0953996
T: 0.442414 Q: -0.0618409
T: 0.422904 Q: 1.54768
T: 0.384479 Q: 1.37469
T: 0.328305 Q: -0.0453039
T: 0.256088 Q: -0.0428746
T: 0.170024 Q: -0.0428566
T: 0.0727275 Q: 1.39069
T: -0.0328457 Q: 1.46437
T: -0.143487 Q: -0.0275024
Sec_Event 22501567 N50: 29
T: 0.370134 Q: 2.23542
T: 0.275197 Q: -0.00155294
T: 0.184609 Q: -0.000760365
T: 0.101123 Q: -0.00315074
T: 0.0272752 Q: -0.00142523
T: -0.0346905 Q: 0.905017
T: -0.0828912 Q: -0.0105504
T: -0.115863 Q: 1.14297
T: -0.132602 Q: -0.00316191
T: -0.132602 Q: 1.1116
T: -0.115863 Q: -0.00639676
T: -0.0828912 Q: -0.0142003
T: -0.0346905 Q: -0.0108999
T: 0.0272752 Q: -0.0139474
T: 0.101123 Q: -0.0162081
T: 0.184609 Q: -0.0192451
T: 0.275197 Q: 1.74901
T: 0.370134 Q: -0.0177213
T: 0.466536 Q: -0.00710079
T: 0.561473 Q: -0.00423085
T: 0.65206 Q: -0.00267428
T: 0.735547 Q: -0.00247748
T: 0.809394 Q: 1.06578
T: 0.87136 Q: -0.00268688
T: 0.919561 Q: -0.000890272
T: 0.952532 Q: -0.00225771
T: 0.969272 Q: 0.920742
T: 0.969272 Q: -0.000253374
T: 0.952532 Q: -0.00126626
T: 0.919561 Q: 1.01601
T: 0.87136 Q: -0.000985233
T: 0.809394 Q: 1.11099
T: 0.735547 Q: -0.00186841
T: 0.65206 Q: -0.00210223
T: 0.561473 Q: 1.00381
T: 0.466536 Q: -0.00235299
Sec_Event 22501567 N50: 45
T: -0.160162 Q: 2.54339
T: -0.273931 Q: 1.10933
T: -0.382489 Q: -0.0138017
T: -0.482536 Q: -0.012081
T: -0.571033 Q: 1.23797
T: -0.645291 Q: -0.0170879
T: -0.703053 Q: -0.0152815
T: -0.742565 Q: -0.0139064
T: -0.762625 Q: 1.18517
T: -0.762625 Q: 1.27419
T: -0.742565 Q: -0.014064
T: -0.703053 Q: -0.0170953
T: -0.645291 Q: 4.2358
T: -0.571033 Q: -0.021182
T: -0.482536 Q: -0.0168675
T: -0.382489 Q: 1.13358
T: -0.273931 Q: 1.39772
T: -0.160162 Q: -0.0282184
T: -0.0446371 Q: 1.45862
T: 0.0691324 Q: -0.0104077
T: 0.17769 Q: -0.0107509
T: 0.277737 Q: 2.67964
T: 0.366234 Q: -0.016477
T: 0.440492 Q: -0.0142833
T: 0.498254 Q: -0.014972
T: 0.537766 Q: -0.0177714
T: 0.557827 Q: -0.0241645
T: 0.557827 Q: 6.97485
T: 0.537766 Q: 1.4513
T: 0.498254 Q: -0.0139773
T: 0.440492 Q: 2.77683
T: 0.366234 Q: 1.46085
T: 0.277737 Q: -0.0122702
T: 0.17769 Q: -0.0161112
T: 0.0691324 Q: -0.00945095
T: -0.0446371 Q: 1.23104
Sec_Event 23665713 N50: 40
T: -0.303181 Q: -0.00763691
T: -0.41145 Q: -0.00902249
T: -0.514759 Q: -0.00926258
T: -0.609968 Q: -0.0067967
T: -0.694187 Q: -0.00556851
T: -0.764854 Q: 4.08477
T: -0.819824 Q: -0.00403508
T: -0.857425 Q: -0.00250647
T: -0.876516 Q: -0.00232426
T: -0.876516 Q: -0.00223639
T: -0.857425 Q: -0.00234304
T: -0.819824 Q: -0.0032494
T: -0.764854 Q: -0.00295423
T: -0.694187 Q: -0.00436622
T: -0.609968 Q: -0.00660212
T: -0.514759 Q: 1.91353
T: -0.41145 Q: -0.0182935
T: -0.303181 Q: -0.0140142
T: -0.193242 Q: -0.0130997
T: -0.0849732 Q: -0.0142008
T: 0.0183356 Q: -0.0134851
T: 0.113546 Q: 2.51519
T: 0.197764 Q: -0.0119602
T: 0.268431 Q: -0.0156242
T: 0.323401 Q: -0.0177664
T: 0.361002 Q: 2.18301
T: 0.380093 Q: -0.0146479
T: 0.380093 Q: 1.06711
T: 0.361002 Q: -0.0154248
T: 0.323401 Q: -0.0157306
T: 0.268431 Q: -0.00914493
T: 0.197764 Q: 1.18806
T: 0.113546 Q: -0.00846861
T: 0.0183356 Q: -0.0118167
T: -0.0849732 Q: -0.0101252
T: -0.193242 Q: 1.10331
Sec_Event 24203359 N50: 30
T: -0.189573 Q: -0.0149967
T: -0.302607 Q: -0.0116879
T: -0.410462 Q: -0.0167187
T: -0.509862 Q: -0.0201002
T: -0.597786 Q: -0.0351137
T: -0.671564 Q: -0.0269859
T: -0.728952 Q: -0.0293244
T: -0.768209 Q: -0.0308454
T: -0.788139 Q: 1.16609
T: -0.788139 Q: -0.0307145
T: -0.768209 Q: -0.0317004
T: -0.728952 Q: -0.0329625
T: -0.671564 Q: 1.23752
T: -0.597786 Q: -0.01583
T: -0.509862 Q: -0.0107513
T: -0.410462 Q: -0.0105574
T: -0.302607 Q: -0.00662765
T: -0.189573 Q: -0.0145643
T: -0.074796 Q: -0.0107617
T: 0.0382375 Q: 3.98858
T: 0.146093 Q: -0.015764
T: 0.245493 Q: -0.00800366
T: 0.333417 Q: 3.86263
T: 0.407195 Q: -0.0104928
T: 0.464583 Q: 1.40717
T: 0.503839 Q: -0.0397293
T: 0.52377 Q: -0.0122251
T: 0.52377 Q: -0.0152079
T: 0.503839 Q: -0.0151199
T: 0.464583 Q: 1.41711
T: 0.407195 Q: 1.72423
T: 0.333417 Q: -0.0184158
T: 0.245493 Q: -0.013084
T: 0.146093 Q: -0.0107579
T: 0.0382375 Q: -0.0192992
T: -0.074796 Q: 1.28775
Sec_Event 24203359 N50: 29
T: -0.183342 Q: 2.80337
T: -0.296547 Q: 1.56323
T: -0.404567 Q: 1.34387
T: -0.504118 Q: -0.00995365
T: -0.592177 Q: -0.020212
T: -0.666066 Q: 1.23155
T: -0.723542 Q: -0.0297669
T: -0.762858 Q: -0.0335768
T: -0.78282 Q: -0.0357303
T: -0.78282 Q: -0.027685
T: -0.762858 Q: -0.0341989
T: -0.723542 Q: -0.0318995
T: -0.666066 Q: -0.0295407
T: -0.592177 Q: 1.2471
T: -0.504118 Q: 1.14747
T: -0.404567 Q: 1.34597
T: -0.296547 Q: -0.0156782
T: -0.183342 Q: -0.015913
T: -0.0683895 Q: -0.0182095
T: 0.0448162 Q: -0.0128163
T: 0.152836 Q: -0.0109788
T: 0.252387 Q: -0.0120523
T: 0.340446 Q: 2.22791
T: 0.414335 Q: -0.0293574
T: 0.471811 Q: -0.0138672
T: 0.511127 Q: 1.24971
T: 0.531089 Q: -0.012772
T: 0.531089 Q: 1.15971
T: 0.511127 Q: -0.0141059
T: 0.471811 Q: 1.11319
T: 0.414335 Q: 1.33361
T: 0.340446 Q: -0.0132308
T: 0.252387 Q: -0.00991212
T: 0.152836 Q: 1.58738
T: 0.0448162 Q: 2.27166
T: -0.0683895 Q: -0.0114721

gestpm: TOTAL NUMBER PMT: WALL; TOP; BOTTOM; ALL  7650  1748  1748 11146
 *****************************
 * This is for SK-VI map      *
 *****************************
 findconsts: connection table file: /home/licheng/local/skofl/const//connection.super.dat
gexyz: PMT # FOR EACH SECTION       1  7650  7651  9398  9399 11146
gexyz: maxpm,nlwal     11146      7650
 findconsts: connection table1 file: /home/licheng/local/skofl/const//connection.super.dat
 findconsts: connection table2 file: /home/licheng/local/skofl/const//connection.super.sk-5.dat
 findfile: checking /home/licheng/local/skofl/const//misch3.dat
 findfile: found /home/licheng/local/skofl/const//misch3.dat
 findconsts: mis channel file: /home/licheng/local/skofl/const//misch3.dat
 findfile: checking /home/licheng/local/skofl/const//skpmt_sk5.dat
 findfile: found /home/licheng/local/skofl/const//skpmt_sk5.dat
 findconsts: pmt file: /home/licheng/local/skofl/const//skpmt_sk5.dat
gestpma: TOTAL NUMBER anti PMT: WALL; TOP; BOTTOM; ALL  1275   302   308  1885
gexyza: anti PMT # FOR EACH SECTION       1  1275  1276  1577  1578  1885
 maxpma,nlwala      1885      1275
 skbadch: log_level =            0
 findconsts: badch.090469 file: /home/licheng/local/skofl/const//badch/badch.090469
 findconsts: bad channel file: /home/licheng/local/skofl/const//badch.dat
 findconsts: badch.090469 file: /home/licheng/local/skofl/const//badch/badch.090469
 skdark: log_level =            0
 findconsts: darkr.090469.root file: /home/licheng/local/skofl/const//darkr/darkr.090469.root
 findconsts: badsub SK-I 1 file: /home/licheng/local/skofl/const//lowe/badsub.sk.r1742-3051.r3208-3608
 nbad 1 =         1851
 findconsts: badsub SK-I 2 file: /home/licheng/local/skofl/const//lowe/badsub.sk.realtim
 nbad 2 =        17511
 findconsts: badsub SK-I 3 file: /home/licheng/local/skofl/const//lowe/badsub.sk.manual.1260day
 nbad 3 =        21939
 findconsts: badsub SK-I 4 file: /home/licheng/local/skofl/const//lowe/badsub.sk.sle.1260day
 nbad 4 =        28004
 findconsts: badsub SK-I 5 file: /home/licheng/local/skofl/const//lowe/badsub.sk.manual
 nbad 5 =        28105
 findconsts: badsub SK-I 6 file: /home/licheng/local/skofl/const//lowe/badsub.sk.sle
 nbad 6 =        28105
 findconsts: badsub SK-II 1 file: /home/licheng/local/skofl/const//lowe/badsub.sk2.manual
 nbad_sk2 SK-II 1 =        27759
 findconsts: badsub SK-III 1 file: /home/licheng/local/skofl/const//lowe/badsub.sk3.manual
 nbad_sk3 SK-III 1 =         4149
 findconsts: badsub SK-IV file: /home/licheng/local/skofl/const//lowe/badsub.sk4.manual
 nbad_sk4 SK-IV =        66921
 read local badsub.sk5.manual.local
 nbad_sk5 SK-V =         2595
 read local badsub.sk6.manual.local
 nbad_sk6 SK-VI (Gd) =         7717
 findconsts: skcoverage_barrel file: /home/licheng/local/skofl/const//lowe/skcov_b_p3.dat
 findconsts: nearest neighbor file: /home/licheng/local/skofl/const//neighb.dat
 neighbsk: reading neighbor file /home/licheng/local/skofl/const//neighb.dat
 findconsts: skcoverage_sk4_final file: /home/licheng/local/skofl/const//lowe/skcov_c_p3.dat
