Output file: output/wt_090457.root input file:/disk03/lowe10/sk7/sle/lomugd.090457.root
 Id of this manager : 10
InitReadRoot: total = 418314
RUNINFO found in the rare list
SK geometry setting: 6
***** Dummy rgetvalue was called. (Remote File Access is not supported) *****
==========WT:========== 13437.3 13815.7 12535.3
0/418314
Sec_Event 116661 N50: 26
T: -0.303648 Q: -0.006974
T: -0.41189 Q: -0.00465559
T: -0.515174 Q: -0.00762632
T: -0.610361 Q: -0.0160437
T: -0.694558 Q: 1.04236
T: -0.765208 Q: -0.0181844
T: -0.820165 Q: -0.0399703
T: -0.857757 Q: 0.943118
T: -0.876843 Q: 1.37767
T: -0.876843 Q: 1.09221
T: -0.857757 Q: 1.15894
T: -0.820165 Q: -0.0663072
T: -0.765208 Q: -0.0724558
T: -0.694558 Q: -0.0857347
T: -0.610361 Q: -0.0791831
T: -0.515174 Q: -0.0606321
T: -0.41189 Q: -0.0479525
T: -0.303648 Q: -0.0438354
T: -0.193735 Q: -0.0420359
T: -0.085493 Q: 1.32734
T: 0.0177908 Q: -0.045753
T: 0.112978 Q: -0.0416933
T: 0.197175 Q: -0.0331917
T: 0.267825 Q: -0.0246613
T: 0.322782 Q: -0.0276512
T: 0.360374 Q: -0.0218535
T: 0.37946 Q: 1.0249
T: 0.37946 Q: 0.971098
T: 0.360374 Q: 1.19657
T: 0.322782 Q: 1.06478
T: 0.267825 Q: -0.00860837
T: 0.197175 Q: -0.00691569
T: 0.112978 Q: -0.00674845
T: 0.0177908 Q: -0.00663743
T: -0.085493 Q: 0.985964
T: -0.193735 Q: -0.00548431
Sec_Event 168787 N50: 35
T: -0.360241 Q: 1.05394
T: -0.464837 Q: -0.0137825
T: -0.564641 Q: 2.50498
T: -0.656621 Q: -0.0266521
T: -0.737983 Q: 2.21338
T: -0.806253 Q: -0.0470853
T: -0.859358 Q: -0.0440753
T: -0.895683 Q: -0.0379384
T: -0.914127 Q: 1.36102
T: -0.914127 Q: -0.0326532
T: -0.895683 Q: 2.49681
T: -0.859358 Q: -0.0391147
T: -0.806253 Q: -0.0378308
T: -0.737983 Q: -0.0277351
T: -0.656621 Q: -0.0252165
T: -0.564641 Q: 1.43817
T: -0.464837 Q: -0.0146451
T: -0.360241 Q: -0.0159716
T: -0.254031 Q: 1.19893
T: -0.149435 Q: -0.0112124
T: -0.0496304 Q: -0.00723529
T: 0.0423498 Q: -0.033709
T: 0.123711 Q: -0.00779683
T: 0.191981 Q: -0.0120485
T: 0.245086 Q: 2.41666
T: 0.281412 Q: -0.00924972
T: 0.299855 Q: -0.0233485
T: 0.299855 Q: 1.27252
T: 0.281412 Q: -0.0153263
T: 0.245086 Q: 1.37161
T: 0.191981 Q: 1.04801
T: 0.123711 Q: 1.06051
T: 0.0423498 Q: 2.39781
T: -0.0496304 Q: -0.0114789
T: -0.149435 Q: -0.0162102
T: -0.254031 Q: 1.11366
Sec_Event 168787 N50: 92
Sec_Event 1170170 N50: 55
T: 0.393451 Q: 1.09735
T: 0.300932 Q: 1.26519
T: 0.212651 Q: -0.00430875
T: 0.13129 Q: -0.00281986
T: 0.0593231 Q: -0.00306342
T: -0.0010646 Q: -0.00456376
T: -0.0480379 Q: 0.916494
T: -0.0801696 Q: 1.05652
T: -0.0964832 Q: 2.16341
T: -0.0964832 Q: 2.18473
T: -0.0801696 Q: -0.0136389
T: -0.0480379 Q: -0.020687
T: -0.0010646 Q: -0.0185874
T: 0.0593231 Q: 1.22867
T: 0.13129 Q: -0.0266066
T: 0.212651 Q: -0.0203424
T: 0.300932 Q: 0.778513
T: 0.393451 Q: -0.0135691
T: 0.487398 Q: -0.00711876
T: 0.579917 Q: 1.0463
T: 0.668198 Q: -0.0026084
T: 0.749558 Q: -0.00215975
T: 0.821525 Q: -0.00167972
T: 0.881913 Q: 2.48583
T: 0.928886 Q: 1.13136
T: 0.961018 Q: -0.000840591
T: 0.977332 Q: -0.000930849
T: 0.977332 Q: -0.000855302
T: 0.961018 Q: 1.06578
T: 0.928886 Q: 1.15555
T: 0.881913 Q: 1.00294
T: 0.821525 Q: 1.11694
T: 0.749558 Q: 1.02206
T: 0.668198 Q: -0.00159309
T: 0.579917 Q: -0.00247154
T: 0.487398 Q: 1.22913
Sec_Event 2192455 N50: 41
T: -0.688774 Q: 1.24777
T: -0.740868 Q: -0.0270324
T: -0.790575 Q: -0.0269448
T: -0.836385 Q: -0.0208385
T: -0.876906 Q: 1.17123
T: -0.910908 Q: 1.27951
T: -0.937356 Q: 2.47753
T: -0.955448 Q: -0.0133993
T: -0.964634 Q: -0.0139566
T: -0.964634 Q: -0.0133813
T: -0.955448 Q: -0.0150467
T: -0.937356 Q: 1.32961
T: -0.910908 Q: -0.0209398
T: -0.876906 Q: -0.0164504
T: -0.836385 Q: -0.00926256
T: -0.790575 Q: -0.00594913
T: -0.740868 Q: 1.08377
T: -0.688774 Q: -0.0023295
T: -0.635877 Q: 1.16914
T: -0.583784 Q: -0.00196649
T: -0.534077 Q: -0.0015896
T: -0.488267 Q: -0.00184153
T: -0.447745 Q: -0.00157081
T: -0.413744 Q: -0.000797531
T: -0.387295 Q: -0.00226623
T: -0.369203 Q: 1.12626
T: -0.360018 Q: -0.00248766
T: -0.360018 Q: -0.00433698
T: -0.369203 Q: -0.00262617
T: -0.387295 Q: 2.48047
T: -0.413744 Q: 1.24597
T: -0.447745 Q: 1.02722
T: -0.488267 Q: -0.0160141
T: -0.534077 Q: -0.0188568
T: -0.583784 Q: -0.0270174
T: -0.635877 Q: -0.0301635
Sec_Event 3009941 N50: 37
T: 0.0968004 Q: -0.0598422
T: -0.0155761 Q: -0.0485619
T: -0.122805 Q: -0.0515201
T: -0.221627 Q: -0.0446239
T: -0.30904 Q: -0.0501062
T: -0.382389 Q: -0.049172
T: -0.439444 Q: -0.0609565
T: -0.478472 Q: -0.0443798
T: -0.498287 Q: -0.0462115
T: -0.498287 Q: 2.40224
T: -0.478472 Q: 3.94392
T: -0.439444 Q: -0.0133488
T: -0.382389 Q: -0.00945376
T: -0.30904 Q: -0.0093571
T: -0.221627 Q: -0.00524851
T: -0.122805 Q: -0.00498668
T: -0.0155761 Q: -0.00417057
T: 0.0968004 Q: -0.00471128
T: 0.21091 Q: -0.00587816
T: 0.323287 Q: 1.16727
T: 0.430515 Q: -0.00424994
T: 0.529338 Q: -0.00491384
T: 0.616751 Q: -0.00587483
T: 0.6901 Q: -0.00531768
T: 0.747155 Q: 1.08015
T: 0.786183 Q: -0.00429261
T: 0.805998 Q: 1.00438
T: 0.805998 Q: 2.32586
T: 0.786183 Q: -0.00490368
T: 0.747155 Q: 1.21017
T: 0.6901 Q: 1.40952
T: 0.616751 Q: 1.33283
T: 0.529338 Q: -0.0154703
T: 0.430515 Q: -0.025717
T: 0.323287 Q: -0.0597298
T: 0.21091 Q: -0.044979
Sec_Event 3325856 N50: 33
T: -0.529845 Q: -0.0385877
T: -0.616782 Q: -0.046234
T: -0.699735 Q: -0.0596929
T: -0.776186 Q: 1.46064
T: -0.84381 Q: -0.0589961
T: -0.900554 Q: -0.0543185
T: -0.944693 Q: -0.0466356
T: -0.974885 Q: -0.0420235
T: -0.990214 Q: -0.0381598
T: -0.990214 Q: 1.48442
T: -0.974885 Q: -0.0405083
T: -0.944693 Q: 1.49966
T: -0.900554 Q: 2.72447
T: -0.84381 Q: 2.21463
T: -0.776186 Q: 1.01921
T: -0.699735 Q: 1.27081
T: -0.616782 Q: -0.0248478
T: -0.529845 Q: 1.35434
T: -0.441568 Q: -0.0211547
T: -0.354632 Q: 1.1683
T: -0.271678 Q: -0.0198816
T: -0.195228 Q: -0.020901
T: -0.127603 Q: -0.0212748
T: -0.0708596 Q: -0.0300925
T: -0.0267209 Q: -0.0269727
T: 0.00347173 Q: -0.0232465
T: 0.0188009 Q: -0.0251361
T: 0.0188009 Q: -0.0316164
T: 0.00347173 Q: -0.0287842
T: -0.0267209 Q: 1.5646
T: -0.0708596 Q: -0.0248171
T: -0.127603 Q: -0.0429867
T: -0.195228 Q: -0.0294817
T: -0.271678 Q: -0.0373933
T: -0.354632 Q: 1.42204
T: -0.441568 Q: 1.20953
Sec_Event 4196743 N50: 29
T: 0.094539 Q: 1.14866
T: -0.0179097 Q: -0.00521402
T: -0.125207 Q: 1.44534
T: -0.224093 Q: -0.00204434
T: -0.311562 Q: 1.27466
T: -0.384958 Q: -0.00532264
T: -0.44205 Q: -0.00435056
T: -0.481103 Q: 1.21787
T: -0.500931 Q: -0.0100447
T: -0.500931 Q: -0.0113656
T: -0.481103 Q: -0.0119026
T: -0.44205 Q: -0.0143876
T: -0.384958 Q: 1.25995
T: -0.311562 Q: -0.0178693
T: -0.224093 Q: 1.1659
T: -0.125207 Q: -0.0201968
T: -0.0179097 Q: -0.0210712
T: 0.094539 Q: -0.0260015
T: 0.208722 Q: -0.0251512
T: 0.321171 Q: -0.0220474
T: 0.428468 Q: -0.0256546
T: 0.527354 Q: -0.030809
T: 0.614824 Q: 1.41308
T: 0.688219 Q: -0.0194826
T: 0.745311 Q: -0.0302513
T: 0.784364 Q: -0.0176246
T: 0.804192 Q: 1.0452
T: 0.804192 Q: 2.29391
T: 0.784364 Q: -0.0138686
T: 0.745311 Q: -0.0124631
T: 0.688219 Q: -0.00718097
T: 0.614824 Q: 1.08079
T: 0.527354 Q: -0.00335358
T: 0.428468 Q: -0.00232243
T: 0.321171 Q: 1.25283
T: 0.208722 Q: -0.00367767
 Incomplete 
Sec_Event 4667540 N50: 32
T: -0.224881 Q: 2.39212
T: -0.33677 Q: 1.07441
T: -0.443533 Q: -0.0377728
T: -0.541927 Q: -0.0401333
T: -0.628961 Q: 1.12331
T: -0.701991 Q: -0.0326174
T: -0.758798 Q: 0.896829
T: -0.797657 Q: -0.0290903
T: -0.817386 Q: 0.692626
T: -0.817386 Q: 0.677224
T: -0.797657 Q: 0.790729
T: -0.758798 Q: -0.00289498
T: -0.701991 Q: -0.00203331
T: -0.628961 Q: 1.07785
T: -0.541927 Q: 1.2902
T: -0.443533 Q: 1.12481
T: -0.33677 Q: 1.17486
T: -0.111266 Q: -0.00097871
T: 0.000622798 Q: -0.000248088
T: 0.107386 Q: -0.000627851
T: 0.205779 Q: 0.930727
T: 0.292813 Q: -0.000494987
T: 0.365844 Q: -0.00309798
T: 0.422651 Q: -0.00293896
T: 0.46151 Q: 0.989923
T: 0.481239 Q: -0.00405551
T: 0.481239 Q: 0.726188
T: 0.46151 Q: -0.0141308
T: 0.422651 Q: -0.0269091
T: 0.365844 Q: -0.0289367
T: 0.292813 Q: -0.0277259
T: 0.205779 Q: -0.0283338
T: 0.107386 Q: -0.0298919
T: 0.000622798 Q: -0.0278127
T: -0.111266 Q: -0.0286117
100000/418314
Sec_Event 4690597 N50: 34
T: 0.371643 Q: -0.0464803
T: 0.276857 Q: -0.0350858
T: 0.186414 Q: -0.0307928
T: 0.10306 Q: -0.032057
T: 0.0293301 Q: -0.0290863
T: -0.032537 Q: 2.33919
T: -0.080661 Q: -0.0194206
T: -0.11358 Q: -0.0214315
T: -0.130293 Q: -0.0165707
T: -0.130293 Q: 1.15797
T: -0.11358 Q: 1.02996
T: -0.080661 Q: -0.00554697
T: -0.032537 Q: -0.00319763
T: 0.0293301 Q: -0.00607241
T: 0.10306 Q: -0.00276883
T: 0.186414 Q: -0.00347916
T: 0.276857 Q: -0.00165238
T: 0.371643 Q: -0.00188481
T: 0.467891 Q: 2.24592
T: 0.562677 Q: 1.17787
T: 0.65312 Q: -0.003123
T: 0.736474 Q: -0.00260916
T: 0.810204 Q: -0.00725178
T: 0.872071 Q: -0.0042577
T: 0.920195 Q: -0.00340035
T: 0.953114 Q: -0.00426157
T: 0.969827 Q: -0.00373418
T: 0.969827 Q: -0.00293381
T: 0.953114 Q: -0.00323684
T: 0.920195 Q: -0.00472805
T: 0.872071 Q: -0.00709539
T: 0.810204 Q: -0.00829394
T: 0.736474 Q: -0.00854657
T: 0.65312 Q: 2.33824
T: 0.562677 Q: -0.0178142
T: 0.467891 Q: -0.0376147
Sec_Event 5000907 N50: 41
T: -0.415149 Q: -0.0374334
T: -0.515264 Q: 1.3024
T: -0.610793 Q: -0.044544
T: -0.698832 Q: -0.0417172
T: -0.776708 Q: 1.30156
T: -0.842053 Q: -0.0302683
T: -0.892883 Q: 1.28167
T: -0.927653 Q: -0.0241597
T: -0.945306 Q: -0.0219226
T: -0.945306 Q: -0.0221211
T: -0.927653 Q: 1.38506
T: -0.892883 Q: 2.69486
T: -0.842053 Q: 2.65336
T: -0.776708 Q: -0.0383665
T: -0.698832 Q: -0.0414973
T: -0.610793 Q: 1.08688
T: -0.515264 Q: -0.0377972
T: -0.415149 Q: -0.0379568
T: -0.313489 Q: -0.0257274
T: -0.213374 Q: -0.0271365
T: -0.117845 Q: 1.40192
T: -0.0298058 Q: -0.0330596
T: 0.0480699 Q: -0.0303278
T: 0.113415 Q: -0.0354336
T: 0.164245 Q: -0.040512
T: 0.199015 Q: -0.0440953
T: 0.216668 Q: -0.0410906
T: 0.216668 Q: -0.0429864
T: 0.199015 Q: 1.48087
T: 0.164245 Q: -0.0362776
T: 0.113415 Q: 1.38682
T: 0.0480699 Q: 2.81352
T: -0.0298058 Q: 1.31777
T: -0.117845 Q: -0.0348327
T: -0.213374 Q: -0.0263428
T: -0.313489 Q: -0.0281256
Sec_Event 5624319 N50: 30
T: 0.714711 Q: 1.30721
T: 0.690793 Q: -0.0475849
T: 0.66797 Q: 1.37957
T: 0.646937 Q: -0.0279803
T: 0.628332 Q: -0.0223119
T: 0.61272 Q: -0.0213406
T: 0.600577 Q: -0.0108717
T: 0.59227 Q: 1.28657
T: 0.588052 Q: -0.00874209
T: 0.588052 Q: -0.00778784
T: 0.59227 Q: 1.35228
T: 0.600577 Q: -0.00611665
T: 0.61272 Q: 1.35254
T: 0.628332 Q: -0.0116657
T: 0.646937 Q: -0.00547861
T: 0.66797 Q: -0.00597294
T: 0.690793 Q: -0.0105833
T: 0.714711 Q: 1.14479
T: 0.738999 Q: -0.0204297
T: 0.762917 Q: 1.11765
T: 0.78574 Q: 1.60378
T: 0.806773 Q: -0.0295953
T: 0.825378 Q: 1.36668
T: 0.84099 Q: -0.0369067
T: 0.853133 Q: -0.0470173
T: 0.86144 Q: -0.0293813
T: 0.865658 Q: -0.0327373
T: 0.865658 Q: 4.00933
T: 0.86144 Q: -0.0380703
T: 0.853133 Q: -0.0344673
T: 0.84099 Q: -0.0406493
T: 0.825378 Q: -0.042877
T: 0.806773 Q: -0.0452665
T: 0.78574 Q: -0.049577
T: 0.762917 Q: -0.0399966
T: 0.738999 Q: 1.42564
Sec_Event 5828613 N50: 30
T: 0.455581 Q: -0.0477963
T: 0.370436 Q: -0.0418233
T: 0.289191 Q: -0.0444628
T: 0.214315 Q: -0.0370518
T: 0.148084 Q: 2.7864
T: 0.0925095 Q: -0.0470647
T: 0.0492801 Q: -0.0491128
T: 0.0197095 Q: -0.0464789
T: 0.00469611 Q: 1.70521
T: 0.00469611 Q: -0.0538342
T: 0.0197095 Q: -0.0435416
T: 0.0492801 Q: -0.0423789
T: 0.0925095 Q: -0.0431157
T: 0.148084 Q: -0.043118
T: 0.214315 Q: 2.87691
T: 0.289191 Q: 1.18317
T: 0.370436 Q: 1.0839
T: 0.455581 Q: -0.0326163
T: 0.54204 Q: -0.0297027
T: 0.627185 Q: -0.0390847
T: 0.708429 Q: 0.941648
T: 0.783305 Q: -0.0621835
T: 0.849536 Q: -0.0788204
T: 0.905111 Q: -0.0636442
T: 0.94834 Q: 0.7975
T: 0.977911 Q: 0.765795
T: 0.992924 Q: 1.63302
T: 0.992924 Q: -0.0578019
T: 0.977911 Q: -0.0544635
T: 0.94834 Q: -0.0627851
T: 0.905111 Q: -0.0781748
T: 0.849536 Q: 1.24612
T: 0.783305 Q: -0.0763742
T: 0.708429 Q: -0.0698248
T: 0.627185 Q: -0.065845
T: 0.54204 Q: -0.0492937
Sec_Event 6083257 N50: 29
T: -0.523197 Q: -0.0135967
T: -0.611072 Q: 1.06752
T: -0.694922 Q: 0.903543
T: -0.772198 Q: -0.02067
T: -0.840553 Q: -0.0232918
T: -0.897909 Q: -0.0237287
T: -0.942525 Q: -0.0203202
T: -0.973044 Q: -0.0180693
T: -0.988538 Q: -0.0176965
T: -0.988538 Q: -0.0216816
T: -0.973044 Q: -0.0184659
T: -0.942525 Q: -0.0203925
T: -0.897909 Q: 2.17726
T: -0.840553 Q: 1.10279
T: -0.772198 Q: 1.17737
T: -0.694922 Q: -0.0439115
T: -0.611072 Q: -0.0465552
T: -0.523197 Q: -0.045948
T: -0.433966 Q: -0.046144
T: -0.34609 Q: -0.0359356
T: -0.262241 Q: 1.20214
T: -0.184964 Q: -0.0346528
T: -0.11661 Q: -0.0374272
T: -0.059253 Q: -0.0292808
T: -0.0146376 Q: -0.0237736
T: 0.0158812 Q: -0.0259546
T: 0.031376 Q: 2.18587
T: 0.031376 Q: -0.0199958
T: 0.0158812 Q: 1.09851
T: -0.0146376 Q: 2.05601
T: -0.059253 Q: 1.06081
T: -0.11661 Q: -0.0166597
T: -0.184964 Q: -0.0129826
T: -0.262241 Q: -0.0135745
T: -0.34609 Q: 1.27602
T: -0.433966 Q: -0.0105313
Sec_Event 6500715 N50: 35
T: -0.734546 Q: -0.0207061
T: -0.762898 Q: 0.904852
T: -0.789951 Q: -0.0152051
T: -0.814884 Q: 0.819156
T: -0.836937 Q: -0.0173118
T: -0.855443 Q: -0.0182838
T: -0.869838 Q: -0.0188662
T: -0.879684 Q: -0.0185628
T: -0.884683 Q: -0.0199722
T: -0.884683 Q: -0.0226183
T: -0.879684 Q: 1.1925
T: -0.869838 Q: -0.0287428
T: -0.855443 Q: -0.032864
T: -0.836937 Q: -0.0331163
T: -0.814884 Q: -0.0322224
T: -0.789951 Q: -0.0346116
T: -0.762898 Q: -0.034975
T: -0.734546 Q: -0.0399476
T: -0.705757 Q: 1.09192
T: -0.677405 Q: 1.24209
T: -0.650351 Q: -0.0515658
T: -0.625419 Q: 1.53985
T: -0.603365 Q: -0.0429031
T: -0.58486 Q: -0.0415933
T: -0.570465 Q: 2.51328
T: -0.560618 Q: 1.15129
T: -0.555619 Q: 1.18074
T: -0.555619 Q: -0.0397463
T: -0.560618 Q: -0.0335034
T: -0.570465 Q: 0.964345
T: -0.58486 Q: -0.0211851
T: -0.603365 Q: -0.0258769
T: -0.625419 Q: -0.0239462
T: -0.650351 Q: 1.16282
T: -0.677405 Q: 1.26292
T: -0.705757 Q: -0.0155392
Sec_Event 6758523 N50: 41
T: -0.373782 Q: -0.00131936
T: -0.477365 Q: -0.00277913
T: -0.576202 Q: 0.938123
T: -0.667291 Q: -0.00237018
T: -0.747864 Q: -0.00289596
T: -0.815473 Q: -0.00563545
T: -0.868063 Q: -0.00754824
T: -0.904037 Q: -0.012804
T: -0.922301 Q: -0.0132482
T: -0.922301 Q: -0.0114484
T: -0.904037 Q: -0.0132854
T: -0.868063 Q: -0.0162263
T: -0.815473 Q: 1.72318
T: -0.747864 Q: 2.12105
T: -0.667291 Q: -0.016061
T: -0.576202 Q: -0.0164805
T: -0.477365 Q: -0.00981537
T: -0.373782 Q: 1.03719
T: -0.268602 Q: -0.00773507
T: -0.165019 Q: -0.00470068
T: -0.0661822 Q: -0.00400214
T: 0.0249068 Q: -0.00302219
T: 0.10548 Q: -0.00333925
T: 0.173088 Q: -0.00258852
T: 0.225679 Q: 1.00255
T: 0.261652 Q: 1.02675
T: 0.279917 Q: -0.00316271
T: 0.279917 Q: 1.0002
T: 0.261652 Q: 1.54183
T: 0.225679 Q: -0.000622187
T: 0.173088 Q: -0.000917265
T: 0.10548 Q: -0.0010692
T: 0.0249068 Q: -0.00104081
T: -0.0661822 Q: -0.000910698
T: -0.165019 Q: 1.15989
T: -0.268602 Q: 2.25666
Sec_Event 7327976 N50: 27
T: 0.669362 Q: -0.0123205
T: 0.627036 Q: -0.0109927
T: 0.586648 Q: -0.00953008
T: 0.549427 Q: -0.00726911
T: 0.516503 Q: 0.987186
T: 0.488876 Q: -0.00731349
T: 0.467387 Q: -0.00310588
T: 0.452687 Q: 0.857361
T: 0.445223 Q: -0.00515745
T: 0.445223 Q: -0.00367336
T: 0.452687 Q: 0.829727
T: 0.467387 Q: -0.00536915
T: 0.488876 Q: -0.0243074
T: 0.516503 Q: 0.936581
T: 0.549427 Q: -0.0051954
T: 0.586648 Q: -0.00735752
T: 0.627036 Q: -0.00780143
T: 0.669362 Q: -0.0106389
T: 0.712341 Q: -0.0107625
T: 0.754668 Q: -0.0130155
T: 0.795055 Q: -0.0128101
T: 0.832276 Q: -0.0106877
T: 0.8652 Q: -0.0117875
T: 0.892827 Q: -0.00980055
T: 0.914317 Q: 1.14633
T: 0.929017 Q: -0.0078182
T: 0.93648 Q: 2.35131
T: 0.93648 Q: -0.00735196
T: 0.929017 Q: 0.988781
T: 0.914317 Q: -0.00933666
T: 0.892827 Q: -0.0110784
T: 0.8652 Q: -0.0105566
T: 0.832276 Q: -0.0114794
T: 0.795055 Q: -0.0105314
T: 0.754668 Q: 0.890986
T: 0.712341 Q: 0.916631
Sec_Event 8084202 N50: 25
T: -0.365517 Q: 1.2304
T: -0.469725 Q: -0.0211621
T: -0.569159 Q: -0.0301468
T: -0.660798 Q: -0.031598
T: -0.741857 Q: -0.0331449
T: -0.809874 Q: -0.0284029
T: -0.862782 Q: 1.1569
T: -0.898973 Q: -0.0217976
T: -0.917348 Q: -0.0217135
T: -0.917348 Q: -0.0201416
T: -0.898973 Q: 1.2763
T: -0.862782 Q: -0.0231085
T: -0.809874 Q: -0.0353225
T: -0.741857 Q: -0.0382139
T: -0.660798 Q: -0.0557706
T: -0.569159 Q: 1.37163
T: -0.469725 Q: -0.0516328
T: -0.365517 Q: -0.0614505
T: -0.259701 Q: 1.66161
T: -0.155493 Q: 1.33225
T: -0.0560592 Q: -0.0458498
T: 0.0355797 Q: 1.38474
T: 0.116639 Q: -0.0544654
T: 0.184656 Q: 2.87613
T: 0.237564 Q: -0.0557861
T: 0.273755 Q: 1.35251
T: 0.29213 Q: -0.0531313
T: 0.29213 Q: 1.19461
T: 0.273755 Q: -0.0526334
T: 0.237564 Q: -0.0406145
T: 0.184656 Q: -0.0310541
T: 0.116639 Q: -0.0401888
T: 0.0355797 Q: 1.01318
T: -0.0560592 Q: -0.021234
T: -0.155493 Q: -0.0189305
T: -0.259701 Q: -0.0150285
Sec_Event 8130338 N50: 41
T: -0.388793 Q: -0.0110187
T: -0.491184 Q: 2.4227
T: -0.588884 Q: 1.21785
T: -0.678925 Q: -0.0119857
T: -0.758571 Q: -0.00741743
T: -0.825401 Q: -0.00760068
T: -0.877386 Q: 1.31338
T: -0.912946 Q: -0.00895399
T: -0.931001 Q: -0.00741952
T: -0.931001 Q: -0.00476673
T: -0.912946 Q: 1.25718
T: -0.877386 Q: 1.13185
T: -0.825401 Q: 2.18479
T: -0.758571 Q: -0.0078749
T: -0.678925 Q: -0.0110913
T: -0.588884 Q: -0.0153868
T: -0.491184 Q: 0.932025
T: -0.388793 Q: -0.0202461
T: -0.284823 Q: -0.0218443
T: -0.182432 Q: -0.0192682
T: -0.0847324 Q: 2.37953
T: 0.00530841 Q: -0.0173857
T: 0.0849542 Q: -0.013778
T: 0.151785 Q: -0.0131675
T: 0.20377 Q: -0.0151169
T: 0.23933 Q: -0.0131751
T: 0.257384 Q: -0.0110025
T: 0.257384 Q: -0.0163057
T: 0.23933 Q: -0.0124575
T: 0.20377 Q: -0.0116947
T: 0.151785 Q: 2.2293
T: 0.0849542 Q: 1.20841
T: 0.00530841 Q: -0.00980832
T: -0.0847324 Q: -0.0138272
T: -0.182432 Q: 1.29038
T: -0.284823 Q: -0.00867729
Sec_Event 8617565 N50: 36
T: -0.606803 Q: 1.08693
T: -0.68063 Q: -0.0145628
T: -0.751075 Q: -0.0119161
T: -0.815997 Q: -0.00741855
T: -0.873424 Q: 1.11921
T: -0.921611 Q: 1.27352
T: -0.959094 Q: -0.00466888
T: -0.984734 Q: 1.36893
T: -0.997751 Q: -0.00533818
T: -0.997751 Q: -0.00510093
T: -0.984734 Q: 1.35668
T: -0.959094 Q: -0.00432687
T: -0.921611 Q: -0.00431866
T: -0.873424 Q: -0.00383043
T: -0.815997 Q: -0.00457972
T: -0.751075 Q: -0.00364576
T: -0.68063 Q: -0.00297789
T: -0.606803 Q: -0.00246915
T: -0.531837 Q: 1.02077
T: -0.45801 Q: 2.5926
T: -0.387565 Q: 2.15645
T: -0.322643 Q: -0.00559501
T: -0.265216 Q: -0.00529656
T: -0.217029 Q: -0.00521396
T: -0.179546 Q: -0.00792456
T: -0.153906 Q: 1.97408
T: -0.140889 Q: -0.0187298
T: -0.140889 Q: -0.0144988
T: -0.153906 Q: 1.12037
T: -0.179546 Q: -0.0218405
T: -0.217029 Q: -0.0273393
T: -0.265216 Q: -0.0317517
T: -0.322643 Q: -0.0293434
T: -0.387565 Q: 2.94108
T: -0.45801 Q: -0.0440024
T: -0.531837 Q: -0.0316124
Sec_Event 8617565 N50: 59
T: 0.556491 Q: -0.00290741
T: 0.487009 Q: 1.11855
T: 0.42071 Q: -0.00128877
T: 0.359608 Q: -0.000935319
T: 0.305561 Q: -0.000548301
T: 0.26021 Q: -0.00086019
T: 0.224933 Q: 1.04225
T: 0.188551 Q: -0.000863761
T: 0.200802 Q: 1.06798
T: 0.26021 Q: 1.04693
T: 0.305561 Q: -0.000306281
T: 0.359608 Q: -0.000290738
T: 0.42071 Q: 1.0869
T: 0.487009 Q: -0.000504844
T: 0.556491 Q: -0.000792661
T: 0.627044 Q: -0.00370535
T: 0.696526 Q: 1.04456
T: 0.762825 Q: -0.00536904
T: 0.823927 Q: 0.775012
T: 0.877974 Q: 0.708101
T: 0.923325 Q: -0.0388918
T: 0.958602 Q: 1.42938
T: 0.982733 Q: 1.11506
T: 0.994984 Q: -0.0435015
T: 0.994984 Q: 1.178
T: 0.982733 Q: -0.0374101
T: 0.958602 Q: -0.0390592
T: 0.923325 Q: -0.0521883
T: 0.877974 Q: 0.870531
T: 0.823927 Q: -0.0336357
T: 0.762825 Q: 0.808616
T: 0.696526 Q: 1.09668
T: 0.627044 Q: 0.966469
Sec_Event 8617565 N50: 26
T: -0.661845 Q: -0.016047
T: -0.72251 Q: -0.0123026
T: -0.780397 Q: 1.00917
T: -0.833745 Q: -0.00653422
T: -0.880935 Q: -0.0057077
T: -0.920531 Q: 1.22893
T: -0.951332 Q: -0.00560873
T: -0.972401 Q: -0.003917
T: -0.983098 Q: 1.15739
T: -0.983098 Q: -0.00361591
T: -0.972401 Q: -0.00542383
T: -0.951332 Q: -0.00494497
T: -0.920531 Q: -0.00446699
T: -0.880935 Q: -0.00523994
T: -0.833745 Q: -0.00394982
T: -0.780397 Q: -0.00515637
T: -0.72251 Q: 3.14592
T: -0.661845 Q: -0.00448978
T: -0.600243 Q: 1.05582
T: -0.539578 Q: 0.989173
T: -0.481691 Q: 1.03491
T: -0.428343 Q: -0.00306096
T: -0.381154 Q: -0.00734607
T: -0.341557 Q: -0.00553723
T: -0.310756 Q: 2.44145
T: -0.289687 Q: -0.00904249
T: -0.27899 Q: -0.00983983
T: -0.27899 Q: -0.0182316
T: -0.289687 Q: -0.0193297
T: -0.310756 Q: -0.0234399
T: -0.341557 Q: -0.0258706
T: -0.381154 Q: -0.0256541
T: -0.428343 Q: -0.0279118
T: -0.481691 Q: -0.0297309
T: -0.539578 Q: -0.029731
T: -0.600243 Q: 1.08519
Sec_Event 8617565 N50: 35
T: -0.3308 Q: -0.04623
T: -0.437407 Q: -0.0570383
T: -0.539131 Q: -0.037442
T: -0.632881 Q: 1.05168
T: -0.715807 Q: -0.0137916
T: -0.78539 Q: -0.0130227
T: -0.839516 Q: -0.00897864
T: -0.876541 Q: 1.31076
T: -0.895338 Q: 1.1634
T: -0.895338 Q: -0.00887854
T: -0.876541 Q: -0.00931272
T: -0.839516 Q: 1.11305
T: -0.78539 Q: -0.0103018
T: -0.715807 Q: -0.0128314
T: -0.632881 Q: -0.0157705
T: -0.539131 Q: 0.978451
T: -0.437407 Q: 0.989685
T: -0.3308 Q: -0.0181224
T: -0.222547 Q: -0.0179936
T: -0.115939 Q: -0.0192059
T: -0.0142155 Q: 1.13756
T: 0.0795338 Q: -0.0200947
T: 0.16246 Q: -0.0203018
T: 0.232043 Q: -0.0295835
T: 0.286169 Q: -0.0321997
T: 0.323194 Q: -0.0411973
T: 0.341992 Q: 1.15904
T: 0.341992 Q: -0.0498768
T: 0.323194 Q: 1.09893
T: 0.286169 Q: -0.062404
T: 0.232043 Q: 1.24655
T: 0.16246 Q: -0.0520292
T: 0.0795338 Q: 2.75784
T: -0.0142155 Q: -0.0509888
T: -0.115939 Q: -0.0394648
T: -0.222547 Q: -0.0427396
Sec_Event 8617565 N50: 39
T: -0.36635 Q: 1.04366
T: -0.470496 Q: 1.10969
T: -0.569871 Q: -0.00402122
T: -0.661455 Q: -0.00404055
T: -0.742466 Q: 1.99793
T: -0.810442 Q: -0.0092319
T: -0.863319 Q: 2.48769
T: -0.899488 Q: 2.51843
T: -0.917852 Q: -0.00703901
T: -0.917852 Q: -0.00645098
T: -0.899488 Q: 1.27877
T: -0.863319 Q: -0.00936546
T: -0.810442 Q: -0.0109191
T: -0.742466 Q: -0.0123402
T: -0.661455 Q: -0.0177481
T: -0.569871 Q: -0.0298669
T: -0.470496 Q: -0.0543847
T: -0.36635 Q: -0.0339294
T: -0.260597 Q: 1.17835
T: -0.156451 Q: 1.14232
T: -0.0570766 Q: 1.20513
T: 0.0345078 Q: -0.0367184
T: 0.115519 Q: -0.0270433
T: 0.183495 Q: -0.0223765
T: 0.236372 Q: -0.026255
T: 0.272541 Q: -0.0184083
T: 0.290905 Q: 2.29598
T: 0.290905 Q: 1.12599
T: 0.272541 Q: -0.00819406
T: 0.236372 Q: -0.0057514
T: 0.183495 Q: 2.09988
T: 0.115519 Q: 1.16239
T: 0.0345078 Q: -0.00238385
T: -0.0570766 Q: 2.54004
T: -0.156451 Q: -0.00240836
T: -0.260597 Q: -0.00248451
200000/418314
Sec_Event 9631506 N50: 38
T: 0.257302 Q: -0.00196165
T: 0.152929 Q: -0.00336596
T: 0.0533377 Q: -0.00245748
T: -0.0384465 Q: -0.00175461
T: -0.119634 Q: -0.00228424
T: -0.187759 Q: -0.00361201
T: -0.240751 Q: -0.00518679
T: -0.276999 Q: -0.00773262
T: -0.295403 Q: -0.0124345
T: -0.295403 Q: 0.956684
T: -0.276999 Q: -0.0187937
T: -0.240751 Q: -0.0211692
T: -0.187759 Q: -0.0295175
T: -0.119634 Q: -0.022249
T: -0.0384465 Q: -0.0347747
T: 0.0533377 Q: -0.0304209
T: 0.152929 Q: -0.0330345
T: 0.257302 Q: 2.06868
T: 0.363286 Q: -0.0294834
T: 0.467659 Q: -0.0344094
T: 0.567251 Q: -0.0296943
T: 0.659035 Q: 1.43504
T: 0.740223 Q: 1.26818
T: 0.808347 Q: -0.0105131
T: 0.861339 Q: -0.00792173
T: 0.897587 Q: -0.0121671
T: 0.915991 Q: 1.26761
T: 0.915991 Q: -0.0115927
T: 0.897587 Q: -0.00604918
T: 0.861339 Q: -0.0159052
T: 0.808347 Q: 1.10847
T: 0.740223 Q: -0.00591705
T: 0.659035 Q: 1.02837
T: 0.567251 Q: -0.00378907
T: 0.467659 Q: -0.00389442
T: 0.363286 Q: 1.31512
Sec_Event 10055490 N50: 50
T: 0.702992 Q: -0.00689083
T: 0.67338 Q: -0.00787442
T: 0.645124 Q: -0.00879906
T: 0.619084 Q: -0.00861098
T: 0.59605 Q: -0.0124148
T: 0.576723 Q: -0.0164584
T: 0.561688 Q: 1.17652
T: 0.551404 Q: -0.0142595
T: 0.546183 Q: 1.26334
T: 0.546183 Q: -0.0110901
T: 0.551404 Q: -0.00934933
T: 0.561688 Q: -0.00801011
T: 0.576723 Q: -0.008972
T: 0.59605 Q: 1.31945
T: 0.619084 Q: 1.02596
T: 0.645124 Q: -0.0106372
T: 0.67338 Q: 1.44366
T: 0.702992 Q: 1.24533
T: 0.73306 Q: 1.00349
T: 0.762672 Q: -0.00472788
T: 0.790927 Q: 1.29705
T: 0.816968 Q: -0.00297339
T: 0.840002 Q: 1.32119
T: 0.859329 Q: 0.990413
T: 0.874364 Q: -0.00331865
T: 0.884648 Q: -0.00264851
T: 0.889869 Q: -0.00324255
T: 0.889869 Q: 4.73887
T: 0.884648 Q: 1.6504
T: 0.874364 Q: 1.556
T: 0.859329 Q: -0.00271107
T: 0.840002 Q: 1.20556
T: 0.816968 Q: 1.26096
T: 0.790927 Q: -0.00337156
T: 0.762672 Q: 1.29768
T: 0.73306 Q: 2.11412
Sec_Event 10464810 N50: 46
T: 0.318679 Q: -0.010345
T: 0.219 Q: -0.0110076
T: 0.123887 Q: -0.00772868
T: 0.036231 Q: 1.20991
T: -0.0413057 Q: 1.21275
T: -0.106367 Q: -0.00644091
T: -0.156975 Q: 1.23009
T: -0.191593 Q: 1.15355
T: -0.209169 Q: 2.84413
T: -0.209169 Q: -0.00811985
T: -0.191593 Q: -0.00529769
T: -0.156975 Q: -0.00681898
T: -0.106367 Q: 1.35062
T: -0.0413057 Q: 1.23605
T: 0.036231 Q: -0.00605128
T: 0.123887 Q: -0.00514789
T: 0.219 Q: -0.0145717
T: 0.318679 Q: 1.21701
T: 0.419896 Q: -0.0062471
T: 0.519575 Q: 1.16523
T: 0.614688 Q: -0.0117931
T: 0.702345 Q: -0.0242386
T: 0.779881 Q: 2.07249
T: 0.844942 Q: -0.0400516
T: 0.895551 Q: 0.988516
T: 0.930169 Q: -0.0369291
T: 0.947745 Q: 1.44099
T: 0.947745 Q: -0.0287154
T: 0.930169 Q: -0.0372301
T: 0.895551 Q: 1.0585
T: 0.844942 Q: 2.36244
T: 0.779881 Q: 1.00814
T: 0.702345 Q: -0.028729
T: 0.614688 Q: -0.0239701
T: 0.519575 Q: 2.31263
T: 0.419896 Q: 1.21455
Sec_Event 10655412 N50: 31
T: -0.64463 Q: -0.0480355
T: -0.709905 Q: 1.13392
T: -0.772189 Q: 1.26842
T: -0.829591 Q: -0.0679071
T: -0.880366 Q: -0.0532769
T: -0.922971 Q: 1.33251
T: -0.956112 Q: -0.0436952
T: -0.978782 Q: -0.0408784
T: -0.990291 Q: -0.0362838
T: -0.990291 Q: -0.0382706
T: -0.978782 Q: -0.0379765
T: -0.956112 Q: -0.0545292
T: -0.922971 Q: -0.0309801
T: -0.880366 Q: -0.016886
T: -0.829591 Q: 1.08223
T: -0.772189 Q: -0.00650824
T: -0.709905 Q: 1.08224
T: -0.64463 Q: 0.989469
T: -0.578348 Q: 1.1179
T: -0.513074 Q: -0.00330807
T: -0.450789 Q: 1.63513
T: -0.393387 Q: 1.28335
T: -0.342613 Q: -0.0043781
T: -0.300007 Q: -0.00344105
T: -0.266867 Q: -0.00452963
T: -0.244197 Q: 1.03427
T: -0.232687 Q: 1.02723
T: -0.232687 Q: -0.00669441
T: -0.244197 Q: 3.56434
T: -0.266867 Q: -0.00978909
T: -0.300007 Q: 0.980046
T: -0.342613 Q: -0.0210518
T: -0.393387 Q: -0.0215091
T: -0.450789 Q: -0.0229241
T: -0.513074 Q: -0.0306056
T: -0.578348 Q: 2.33525
Sec_Event 10655412 N50: 29
T: 0.0351502 Q: -0.0368949
T: -0.0788117 Q: -0.0351968
T: -0.187553 Q: -0.0430929
T: -0.287769 Q: 2.63984
T: -0.376416 Q: -0.042377
T: -0.4508 Q: 2.7755
T: -0.50866 Q: 1.16942
T: -0.548238 Q: 2.51221
T: -0.568333 Q: 1.20973
T: -0.568333 Q: -0.0718209
T: -0.548238 Q: -0.0600268
T: -0.50866 Q: -0.0551178
T: -0.4508 Q: -0.0361366
T: -0.376416 Q: -0.0368508
T: -0.287769 Q: -0.0272802
T: -0.187553 Q: -0.0231193
T: -0.0788117 Q: 1.01878
T: 0.0351502 Q: -0.0204949
T: 0.15087 Q: 1.00859
T: 0.264832 Q: -0.0251086
T: 0.373573 Q: -0.024952
T: 0.47379 Q: -0.0195026
T: 0.562437 Q: -0.0138321
T: 0.63682 Q: -0.0130613
T: 0.69468 Q: 1.15621
T: 0.734259 Q: 1.1494
T: 0.754353 Q: -0.0071425
T: 0.754353 Q: -0.00727934
T: 0.734259 Q: -0.00715572
T: 0.69468 Q: -0.00649441
T: 0.63682 Q: -0.0094209
T: 0.562437 Q: 0.975582
T: 0.47379 Q: 1.05812
T: 0.373573 Q: 1.46078
T: 0.264832 Q: -0.0272366
T: 0.15087 Q: -0.0380565
Sec_Event 10684658 N50: 29
T: -0.3814 Q: -0.0563066
T: -0.484387 Q: 1.22898
T: -0.582656 Q: -0.0658884
T: -0.673221 Q: -0.0690408
T: -0.75333 Q: 1.36229
T: -0.82055 Q: -0.039727
T: -0.872838 Q: -0.0331527
T: -0.908605 Q: -0.0297328
T: -0.926764 Q: -0.0313835
T: -0.926764 Q: -0.0324029
T: -0.908605 Q: -0.0292826
T: -0.872838 Q: 0.884115
T: -0.82055 Q: -0.0305847
T: -0.75333 Q: -0.0233882
T: -0.673221 Q: -0.0123983
T: -0.582656 Q: -0.00925792
T: -0.484387 Q: -0.00576634
T: -0.3814 Q: -0.00815505
T: -0.276825 Q: -0.00490393
T: -0.173838 Q: -0.010763
T: -0.0755689 Q: -0.00637339
T: 0.0149961 Q: 1.08239
T: 0.0951056 Q: -0.0127651
T: 0.162326 Q: 1.00197
T: 0.214613 Q: -0.0225151
T: 0.25038 Q: -0.037465
T: 0.26854 Q: -0.0305422
T: 0.26854 Q: 1.14025
T: 0.25038 Q: -0.0471393
T: 0.214613 Q: -0.0460105
T: 0.162326 Q: -0.0496161
T: 0.0951056 Q: -0.0457487
T: 0.0149961 Q: -0.0803863
T: -0.0755689 Q: -0.052276
T: -0.173838 Q: -0.0506825
T: -0.276825 Q: -0.0631186
Sec_Event 10864902 N50: 40
T: 0.641195 Q: -0.000622184
T: 0.590522 Q: 1.0385
T: 0.542171 Q: -0.000519658
T: 0.49761 Q: -0.000529329
T: 0.458193 Q: -0.000911751
T: 0.425119 Q: -0.000808179
T: 0.399391 Q: -0.00147223
T: 0.381793 Q: -0.000858345
T: 0.372858 Q: -0.00249842
T: 0.372858 Q: -0.00218436
T: 0.381793 Q: -0.00316506
T: 0.399391 Q: -0.00600673
T: 0.425119 Q: -0.0124677
T: 0.458193 Q: -0.0152694
T: 0.49761 Q: -0.0264375
T: 0.542171 Q: 1.16515
T: 0.590522 Q: -0.0428862
T: 0.641195 Q: 1.18579
T: 0.69265 Q: -0.0733331
T: 0.743323 Q: 1.16387
T: 0.791674 Q: -0.0847887
T: 0.836235 Q: -0.0720578
T: 0.875652 Q: -0.0626568
T: 0.908726 Q: -0.060935
T: 0.934454 Q: -0.0503446
T: 0.952052 Q: -0.0491942
T: 0.960987 Q: -0.0502241
T: 0.960987 Q: -0.0596078
T: 0.952052 Q: 0.69988
T: 0.934454 Q: 0.884334
T: 0.908726 Q: 0.873204
T: 0.875652 Q: -0.00428293
T: 0.836235 Q: 1.82433
T: 0.791674 Q: -0.00137528
T: 0.743323 Q: -0.000747306
T: 0.69265 Q: 1.1762
Sec_Event 10864902 N50: 40
T: -0.223988 Q: -0.000667235
T: -0.335909 Q: -0.00122499
T: -0.442703 Q: -0.00137413
T: -0.541126 Q: -0.00115908
T: -0.628185 Q: 1.16412
T: -0.701237 Q: -0.00275363
T: -0.758061 Q: 0.965659
T: -0.79693 Q: -0.0023817
T: -0.816665 Q: -0.00352842
T: -0.816665 Q: -0.00300855
T: -0.79693 Q: -0.0035264
T: -0.758061 Q: 2.23745
T: -0.701237 Q: -0.00519223
T: -0.628185 Q: 1.11992
T: -0.541126 Q: 1.17317
T: -0.442703 Q: -0.0195773
T: -0.335909 Q: -0.0367695
T: -0.223988 Q: -0.0389906
T: -0.11034 Q: 1.20926
T: 0.00158161 Q: -0.0295265
T: 0.108376 Q: -0.0309218
T: 0.206798 Q: -0.0377692
T: 0.293857 Q: -0.0356918
T: 0.366909 Q: -0.0298297
T: 0.423733 Q: -0.0238386
T: 0.462603 Q: 1.11933
T: 0.482338 Q: -0.0124746
T: 0.482338 Q: -0.00901952
T: 0.462603 Q: -0.00501106
T: 0.423733 Q: -0.00293704
T: 0.366909 Q: 1.02045
T: 0.293857 Q: -0.00143095
T: 0.206798 Q: 1.17608
T: 0.108376 Q: 1.09669
T: 0.00158161 Q: 1.24833
T: -0.11034 Q: 1.06559
Sec_Event 10864902 N50: 27
T: 0.206224 Q: -0.000387228
T: 0.0986666 Q: -0.00145128
T: -0.0039636 Q: 1.37505
T: -0.0985481 Q: -0.000887318
T: -0.182213 Q: -0.000550963
T: -0.252416 Q: -0.000604895
T: -0.307025 Q: -0.00202501
T: -0.344379 Q: 1.36003
T: -0.363344 Q: 2.74013
T: -0.363344 Q: -0.00202847
T: -0.344379 Q: -0.00296161
T: -0.307025 Q: -0.00391871
T: -0.252416 Q: -0.00469164
T: -0.182213 Q: 1.07724
T: -0.0985481 Q: 1.17214
T: -0.0039636 Q: -0.0106109
T: 0.0986666 Q: -0.0162526
T: 0.206224 Q: -0.0202497
T: 0.315441 Q: -0.030146
T: 0.422999 Q: -0.0247175
T: 0.525629 Q: -0.0262912
T: 0.620213 Q: 1.19845
T: 0.703878 Q: -0.0479529
T: 0.774082 Q: -0.0550597
T: 0.82869 Q: 0.963577
T: 0.866044 Q: -0.0607351
T: 0.88501 Q: -0.0388273
T: 0.88501 Q: -0.0186352
T: 0.866044 Q: -0.0107167
T: 0.82869 Q: 1.03041
T: 0.774082 Q: -0.00205993
T: 0.703878 Q: 1.33549
T: 0.620213 Q: 1.23511
T: 0.525629 Q: -0.00113794
T: 0.422999 Q: -0.000658834
T: 0.315441 Q: 1.82951
Sec_Event 11305443 N50: 37
T: 0.176341 Q: -0.00214658
T: 0.0672037 Q: -0.000777396
T: -0.0369336 Q: 0.987119
T: -0.132907 Q: -0.000676843
T: -0.2178 Q: -0.00124019
T: -0.289035 Q: -0.00260013
T: -0.344445 Q: 0.939978
T: -0.382348 Q: -0.000276913
T: -0.401591 Q: 1.25625
T: -0.401591 Q: -0.000961755
T: -0.382348 Q: -0.000512741
T: -0.344445 Q: -0.00377885
T: -0.289035 Q: 1.31872
T: -0.2178 Q: -0.000982195
T: -0.132907 Q: 1.41279
T: -0.0369336 Q: -0.00180568
T: 0.0672037 Q: -0.00116833
T: 0.176341 Q: -0.00246895
T: 0.287161 Q: 2.15964
T: 0.396298 Q: 1.35442
T: 0.500435 Q: -0.00270111
T: 0.596409 Q: -0.00268566
T: 0.681302 Q: -0.00284795
T: 0.752536 Q: -0.0038061
T: 0.807947 Q: 1.02673
T: 0.845849 Q: 1.07737
T: 0.865093 Q: -0.0046497
T: 0.865093 Q: -0.00372799
T: 0.845849 Q: -0.00411846
T: 0.807947 Q: -0.00430393
T: 0.752536 Q: 1.01037
T: 0.681302 Q: -0.00307396
T: 0.596409 Q: 1.24841
T: 0.500435 Q: 1.27563
T: 0.396298 Q: 1.02336
T: 0.287161 Q: -0.000881911
Sec_Event 11472061 N50: 29
T: -0.143592 Q: -0.00199908
T: -0.257691 Q: -0.00390637
T: -0.366564 Q: -0.00267694
T: -0.466901 Q: -0.00386449
T: -0.555655 Q: -0.00503026
T: -0.630128 Q: -0.00618105
T: -0.688058 Q: 1.0203
T: -0.727684 Q: -0.00695186
T: -0.747803 Q: -0.00717032
T: -0.747803 Q: 0.947598
T: -0.727684 Q: -0.00713632
T: -0.688058 Q: -0.0106438
T: -0.630128 Q: -0.0119619
T: -0.555655 Q: -0.0137313
T: -0.466901 Q: -0.0173325
T: -0.366564 Q: 1.02601
T: -0.257691 Q: -0.0181976
T: -0.143592 Q: 0.917543
T: -0.0277321 Q: -0.0154012
T: 0.0863674 Q: -0.0129049
T: 0.19524 Q: 2.0143
T: 0.295577 Q: -0.0155062
T: 0.384331 Q: -0.0159448
T: 0.458804 Q: -0.0165407
T: 0.516734 Q: -0.0146618
T: 0.55636 Q: -0.0135867
T: 0.576479 Q: 1.08695
T: 0.576479 Q: 1.07489
T: 0.55636 Q: -0.0064937
T: 0.516734 Q: -0.00641356
T: 0.458804 Q: 0.97339
T: 0.384331 Q: -0.00310709
T: 0.295577 Q: 1.20062
T: 0.19524 Q: 1.14289
T: 0.0863674 Q: 1.03339
T: -0.0277321 Q: 0.98862
Sec_Event 11472061 N50: 28
T: 0.651158 Q: -0.0385272
T: 0.603267 Q: -0.0483382
T: 0.55757 Q: -0.0469677
T: 0.515455 Q: -0.0523407
T: 0.478203 Q: 1.49342
T: 0.446944 Q: -0.0474795
T: 0.42263 Q: -0.0700448
T: 0.405997 Q: 1.57822
T: 0.397553 Q: -0.0605769
T: 0.397553 Q: -0.0486969
T: 0.405997 Q: 1.28494
T: 0.42263 Q: -0.0512207
T: 0.446944 Q: -0.0537671
T: 0.478203 Q: 1.59257
T: 0.515455 Q: -0.0609681
T: 0.55757 Q: 1.1976
T: 0.603267 Q: 1.57114
T: 0.651158 Q: -0.0528612
T: 0.699787 Q: -0.0629378
T: 0.747678 Q: 1.18524
T: 0.793375 Q: -0.0415697
T: 0.83549 Q: 0.999961
T: 0.872742 Q: -0.044103
T: 0.904001 Q: -0.0322578
T: 0.928316 Q: -0.0519068
T: 0.944948 Q: -0.0286886
T: 0.953392 Q: -0.0380537
T: 0.953392 Q: -0.0305375
T: 0.944948 Q: -0.0346524
T: 0.928316 Q: -0.0347212
T: 0.904001 Q: -0.0344905
T: 0.872742 Q: -0.0425791
T: 0.83549 Q: -0.0300522
T: 0.793375 Q: -0.0401683
T: 0.747678 Q: -0.0487123
T: 0.699787 Q: 1.10211
Sec_Event 11841770 N50: 52
T: -0.135589 Q: -0.0577855
T: -0.249826 Q: 3.16969
T: -0.35883 Q: 1.34591
T: -0.459289 Q: 1.3064
T: -0.54815 Q: 1.42111
T: -0.622713 Q: 1.70189
T: -0.680713 Q: 3.14871
T: -0.720387 Q: 2.79154
T: -0.74053 Q: 1.2523
T: -0.74053 Q: -0.079767
T: -0.720387 Q: -0.0792514
T: -0.680713 Q: 1.22518
T: -0.622713 Q: -0.0384031
T: -0.54815 Q: 1.16564
T: -0.459289 Q: -0.0279621
T: -0.35883 Q: -0.0151525
T: -0.249826 Q: -0.0175941
T: -0.135589 Q: -0.0126741
T: -0.0195889 Q: -0.015505
T: 0.0946485 Q: 1.11937
T: 0.203653 Q: -0.0137047
T: 0.304111 Q: -0.0156284
T: 0.392972 Q: -0.0176642
T: 0.467535 Q: -0.0204753
T: 0.525535 Q: -0.0182528
T: 0.565209 Q: 2.19384
T: 0.585353 Q: -0.00976399
T: 0.585353 Q: -0.0121728
T: 0.565209 Q: 1.06925
T: 0.525535 Q: 2.12344
T: 0.467535 Q: 1.00489
T: 0.392972 Q: 0.954098
T: 0.304111 Q: -0.0449671
T: 0.203653 Q: 2.7888
T: 0.0946485 Q: 1.69462
T: -0.0195889 Q: 1.22905
Sec_Event 11841770 N50: 27
T: -0.730204 Q: -0.00412272
T: -0.762033 Q: -0.00565373
T: -0.792404 Q: -0.0156781
T: -0.820394 Q: -0.00817493
T: -0.845153 Q: -0.010262
T: -0.865928 Q: 0.918577
T: -0.882088 Q: 0.785206
T: -0.893142 Q: -0.0421629
T: -0.898755 Q: -0.0425949
T: -0.898755 Q: -0.0506851
T: -0.893142 Q: -0.0502594
T: -0.882088 Q: -0.0667114
T: -0.865928 Q: -0.0630925
T: -0.845153 Q: -0.0629547
T: -0.820394 Q: -0.0646268
T: -0.792404 Q: -0.0705223
T: -0.762033 Q: -0.0899717
T: -0.730204 Q: -0.0775565
T: -0.697884 Q: -0.0788546
T: -0.666055 Q: 1.26405
T: -0.635684 Q: 1.08192
T: -0.607694 Q: -0.0538713
T: -0.582935 Q: 1.26908
T: -0.56216 Q: 1.07113
T: -0.546 Q: -0.0339941
T: -0.534946 Q: -0.0212915
T: -0.529333 Q: -0.0157914
T: -0.529333 Q: -0.0121196
T: -0.534946 Q: -0.0160165
T: -0.546 Q: 1.2636
T: -0.56216 Q: -0.0120311
T: -0.582935 Q: 1.25734
T: -0.607694 Q: 1.12049
T: -0.635684 Q: -0.00491809
T: -0.666055 Q: -0.00452806
T: -0.697884 Q: -0.00381797
Sec_Event 11841770 N50: 33
T: -0.18912 Q: -0.00352531
T: -0.302166 Q: -0.0064819
T: -0.410034 Q: -0.00512656
T: -0.509445 Q: -0.00987748
T: -0.597379 Q: 1.98379
T: -0.671165 Q: -0.0127542
T: -0.72856 Q: 0.965457
T: -0.767821 Q: -0.0134634
T: -0.787754 Q: -0.0145898
T: -0.787754 Q: -0.00795789
T: -0.767821 Q: -0.00872403
T: -0.72856 Q: -0.0155984
T: -0.671165 Q: -0.00367729
T: -0.597379 Q: 0.906788
T: -0.509445 Q: -0.00217381
T: -0.410034 Q: 0.970977
T: -0.302166 Q: -0.0026474
T: -0.18912 Q: -0.00195885
T: -0.0743295 Q: -0.00245318
T: 0.0387168 Q: 1.99154
T: 0.146584 Q: -0.00227073
T: 0.245996 Q: 1.07857
T: 0.33393 Q: -0.00192256
T: 0.407716 Q: -0.00156666
T: 0.465111 Q: 1.35489
T: 0.504371 Q: -0.00211388
T: 0.524305 Q: -0.00239783
T: 0.524305 Q: -0.00328495
T: 0.504371 Q: -0.00451119
T: 0.465111 Q: -0.00278673
T: 0.407716 Q: -0.00356195
T: 0.33393 Q: -0.00424438
T: 0.245996 Q: 0.913986
T: 0.146584 Q: -0.00478063
T: 0.0387168 Q: -0.0054159
T: -0.0743295 Q: -0.0112979
Sec_Event 12136746 N50: 38
T: -0.474841 Q: -0.0120332
T: -0.568839 Q: -0.00934498
T: -0.658531 Q: -0.0106809
T: -0.741191 Q: 0.751532
T: -0.814309 Q: -0.0225817
T: -0.875662 Q: 1.28242
T: -0.923386 Q: -0.0483696
T: -0.956031 Q: 1.12676
T: -0.972606 Q: -0.0395021
T: -0.972606 Q: -0.0477439
T: -0.956031 Q: 2.57193
T: -0.923386 Q: 1.26065
T: -0.875662 Q: -0.0502931
T: -0.814309 Q: -0.0655202
T: -0.741191 Q: 1.26158
T: -0.658531 Q: -0.0804526
T: -0.568839 Q: -0.0754513
T: -0.474841 Q: -0.0654072
T: -0.379392 Q: -0.0579793
T: -0.285394 Q: -0.0632369
T: -0.195702 Q: -0.0560923
T: -0.113042 Q: -0.0634882
T: -0.039924 Q: -0.0477584
T: 0.021429 Q: -0.042467
T: 0.0691531 Q: -0.0541967
T: 0.101798 Q: -0.0451907
T: 0.118373 Q: -0.0431607
T: 0.118373 Q: -0.0361793
T: 0.101798 Q: -0.0281275
T: 0.0691531 Q: 1.14461
T: 0.021429 Q: 0.934308
T: -0.039924 Q: -0.0328676
T: -0.113042 Q: -0.0141939
T: -0.195702 Q: -0.0145695
T: -0.285394 Q: -0.0145489
T: -0.379392 Q: -0.00942034
Sec_Event 12254406 N50: 27
T: 0.371076 Q: -0.022294
T: 0.276234 Q: -0.0180984
T: 0.185736 Q: -0.0242245
T: 0.102333 Q: -0.0164148
T: 0.0285583 Q: -0.0155662
T: -0.0333459 Q: -0.0161745
T: -0.0814988 Q: -0.0123096
T: -0.114437 Q: -0.0162508
T: -0.131161 Q: -0.0187202
T: -0.131161 Q: -0.015324
T: -0.114437 Q: 1.17235
T: -0.0814988 Q: -0.0260418
T: -0.0333459 Q: 2.44909
T: 0.0285583 Q: -0.0126381
T: 0.102333 Q: -0.0144565
T: 0.185736 Q: 1.09109
T: 0.276234 Q: -0.0154304
T: 0.371076 Q: -0.0129834
T: 0.467382 Q: 1.437
T: 0.562225 Q: -0.0238229
T: 0.652723 Q: -0.0199659
T: 0.736126 Q: -0.0294117
T: 0.8099 Q: -0.0407954
T: 0.871805 Q: -0.0456208
T: 0.919957 Q: -0.0363984
T: 0.952896 Q: -0.0314239
T: 0.969619 Q: -0.0387396
T: 0.969619 Q: 1.28261
T: 0.952896 Q: 1.39904
T: 0.919957 Q: 1.24704
T: 0.871805 Q: -0.0399617
T: 0.8099 Q: -0.0545156
T: 0.736126 Q: 1.48018
T: 0.652723 Q: -0.0519136
T: 0.562225 Q: -0.0306792
T: 0.467382 Q: -0.0257532
Sec_Event 12276210 N50: 38
T: -0.528564 Q: 1.0948
T: -0.615683 Q: 1.2577
T: -0.698811 Q: -0.00610143
T: -0.775423 Q: -0.00498678
T: -0.843189 Q: -0.00358197
T: -0.900053 Q: -0.00315244
T: -0.944284 Q: 1.12977
T: -0.97454 Q: 1.12016
T: -0.989902 Q: -0.00253551
T: -0.989902 Q: -0.00213247
T: -0.97454 Q: 1.13276
T: -0.944284 Q: -0.00396643
T: -0.900053 Q: -0.00414215
T: -0.843189 Q: 1.14005
T: -0.775423 Q: -0.00588106
T: -0.698811 Q: -0.00927116
T: -0.615683 Q: 2.26896
T: -0.528564 Q: -0.0153729
T: -0.4401 Q: 0.933092
T: -0.352981 Q: -0.0318483
T: -0.269853 Q: -0.0354237
T: -0.193241 Q: -0.0396782
T: -0.125475 Q: 0.783565
T: -0.0686114 Q: -0.0430434
T: -0.0243798 Q: -0.044195
T: 0.00587642 Q: -0.0461201
T: 0.0212379 Q: -0.0403688
T: 0.0212379 Q: -0.0436237
T: 0.00587642 Q: -0.0374136
T: -0.0243798 Q: -0.0359254
T: -0.0686114 Q: -0.0330562
T: -0.125475 Q: -0.0305583
T: -0.193241 Q: -0.0323689
T: -0.269853 Q: -0.0284553
T: -0.352981 Q: 2.22304
T: -0.4401 Q: -0.0178017
Sec_Event 12509213 N50: 26
T: 0.225331 Q: -0.0201137
T: 0.118892 Q: -0.0174107
T: 0.0173284 Q: -0.0174147
T: -0.0762729 Q: 1.36672
T: -0.159068 Q: 1.239
T: -0.228542 Q: -0.0261242
T: -0.282582 Q: -0.0282746
T: -0.319548 Q: -0.0225877
T: -0.338317 Q: -0.0232775
T: -0.338317 Q: -0.0294342
T: -0.319548 Q: 1.26639
T: -0.282582 Q: -0.0268674
T: -0.228542 Q: -0.0221926
T: -0.159068 Q: 1.49364
T: -0.0762729 Q: -0.0180515
T: 0.0173284 Q: -0.0242843
T: 0.118892 Q: -0.0205287
T: 0.225331 Q: -0.0207311
T: 0.333413 Q: -0.0217228
T: 0.439852 Q: -0.0348751
T: 0.541416 Q: -0.0328408
T: 0.635017 Q: 1.07539
T: 0.717812 Q: -0.055238
T: 0.787286 Q: -0.0422689
T: 0.841326 Q: -0.0377388
T: 0.878292 Q: -0.0391441
T: 0.897061 Q: -0.0357464
T: 0.897061 Q: -0.0343028
T: 0.878292 Q: -0.0357928
T: 0.841326 Q: -0.0438235
T: 0.787286 Q: -0.0463543
T: 0.717812 Q: -0.0455908
T: 0.635017 Q: 1.13745
T: 0.541416 Q: -0.0260685
T: 0.439852 Q: 1.47282
T: 0.333413 Q: -0.0244681
Sec_Event 12509213 N50: 35
T: 0.383831 Q: 1.0078
T: 0.290293 Q: -0.0125789
T: 0.20104 Q: -0.0143029
T: 0.118783 Q: -0.0112798
T: 0.0460235 Q: -0.010291
T: -0.0150293 Q: 1.31077
T: -0.0625199 Q: -0.00833015
T: -0.0950054 Q: 1.21017
T: -0.111499 Q: 1.41171
T: -0.111499 Q: -0.00766346
T: -0.0950054 Q: 2.72203
T: -0.0625199 Q: -0.0107215
T: -0.0150293 Q: -0.0139886
T: 0.0460235 Q: -0.0134554
T: 0.118783 Q: -0.0105824
T: 0.20104 Q: 1.18974
T: 0.290293 Q: -0.0118115
T: 0.383831 Q: 1.21086
T: 0.478812 Q: -0.0178344
T: 0.572351 Q: 1.23244
T: 0.661604 Q: 1.39046
T: 0.74386 Q: -0.0439175
T: 0.81662 Q: -0.0300767
T: 0.877673 Q: -0.0252258
T: 0.925163 Q: -0.0193251
T: 0.957649 Q: -0.0229738
T: 0.974142 Q: 6.56771
T: 0.974142 Q: 2.67854
T: 0.957649 Q: -0.0236942
T: 0.925163 Q: -0.022512
T: 0.877673 Q: 1.16018
T: 0.81662 Q: -0.0289307
T: 0.74386 Q: -0.0270293
T: 0.661604 Q: 1.16494
T: 0.572351 Q: -0.0209798
T: 0.478812 Q: -0.015624
Sec_Event 12509213 N50: 40
T: -0.247201 Q: 1.37118
T: -0.358214 Q: -0.00809261
T: -0.464142 Q: 1.14831
T: -0.561765 Q: 1.1481
T: -0.648118 Q: -0.0178514
T: -0.720577 Q: -0.0167835
T: -0.77694 Q: -0.0165908
T: -0.815494 Q: 1.02024
T: -0.835069 Q: -0.0145661
T: -0.835069 Q: 1.14348
T: -0.815494 Q: -0.0208164
T: -0.77694 Q: -0.0235531
T: -0.720577 Q: 1.19194
T: -0.648118 Q: 1.0411
T: -0.561765 Q: 1.10054
T: -0.464142 Q: 1.1445
T: -0.358214 Q: -0.0174675
T: -0.247201 Q: -0.0253183
T: -0.134476 Q: 2.65828
T: -0.0234623 Q: -0.01424
T: 0.0824652 Q: -0.0174976
T: 0.180089 Q: 1.10505
T: 0.266441 Q: -0.0168993
T: 0.3389 Q: 1.14113
T: 0.395263 Q: -0.0193865
T: 0.433817 Q: -0.022891
T: 0.453392 Q: -0.0187604
T: 0.453392 Q: -0.0261252
T: 0.433817 Q: 1.23548
T: 0.395263 Q: -0.0151485
T: 0.3389 Q: -0.0109805
T: 0.266441 Q: -0.0104728
T: 0.180089 Q: -0.00869024
T: 0.0824652 Q: -0.0103804
T: -0.0234623 Q: -0.0102255
T: -0.134476 Q: -0.00852362
Sec_Event 12532038 N50: 31
T: 0.0245628 Q: -0.00882053
T: -0.089592 Q: 1.15586
T: -0.198517 Q: -0.0113347
T: -0.298903 Q: -0.0119141
T: -0.3877 Q: -0.0153854
T: -0.462209 Q: -0.0249661
T: -0.520167 Q: -0.0254976
T: -0.559813 Q: -0.0336044
T: -0.579941 Q: -0.0298694
T: -0.579941 Q: -0.0413977
T: -0.559813 Q: 2.26529
T: -0.520167 Q: -0.0370208
T: -0.462209 Q: 1.05151
T: -0.3877 Q: -0.0434588
T: -0.298903 Q: -0.0380674
T: -0.198517 Q: 1.37317
T: -0.089592 Q: -0.0426214
T: 0.0245628 Q: -0.0357806
T: 0.140479 Q: -0.0401175
T: 0.254633 Q: -0.050907
T: 0.363559 Q: -0.0522829
T: 0.463945 Q: -0.0648376
T: 0.552741 Q: 1.25503
T: 0.627251 Q: -0.0634943
T: 0.685209 Q: 1.04496
T: 0.724854 Q: -0.0389188
T: 0.744983 Q: -0.0394626
T: 0.744983 Q: -0.0361634
T: 0.724854 Q: -0.0320808
T: 0.685209 Q: -0.0378365
T: 0.627251 Q: 0.850332
T: 0.552741 Q: 0.925353
T: 0.463945 Q: -0.0200258
T: 0.363559 Q: -0.0100319
T: 0.254633 Q: -0.00969291
T: 0.140479 Q: -0.0109742
Sec_Event 13085448 N50: 37
T: -0.387626 Q: -0.0354097
T: -0.490112 Q: -0.0386032
T: -0.587903 Q: -0.0447925
T: -0.678027 Q: 1.31578
T: -0.757747 Q: -0.0766026
T: -0.82464 Q: 2.66534
T: -0.876674 Q: 1.29922
T: -0.912267 Q: -0.069112
T: -0.930338 Q: -0.0738238
T: -0.930338 Q: -0.0698254
T: -0.912267 Q: -0.068034
T: -0.876674 Q: -0.0800583
T: -0.82464 Q: -0.0456361
T: -0.757747 Q: -0.0334397
T: -0.678027 Q: 1.05383
T: -0.587903 Q: -0.0156889
T: -0.490112 Q: -0.0125828
T: -0.387626 Q: 1.20981
T: -0.283559 Q: -0.0112281
T: -0.181073 Q: 1.11902
T: -0.0832818 Q: 1.21058
T: 0.00684292 Q: 1.66757
T: 0.0865629 Q: 0.756794
T: 0.153456 Q: -0.0123285
T: 0.205489 Q: 0.706303
T: 0.241082 Q: -0.00876791
T: 0.259153 Q: -0.00833976
T: 0.259153 Q: 0.865662
T: 0.241082 Q: 0.95638
T: 0.205489 Q: -0.0201893
T: 0.153456 Q: -0.0229615
T: 0.0865629 Q: -0.0244598
T: 0.00684292 Q: -0.0277883
T: -0.0832818 Q: 1.6084
T: -0.181073 Q: 1.50509
T: -0.283559 Q: 1.49267
Sec_Event 13092873 N50: 38
T: 0.10236 Q: 1.16796
T: -0.00983388 Q: -0.0378057
T: -0.116888 Q: 1.09727
T: -0.21555 Q: -0.0374761
T: -0.302822 Q: 1.16608
T: -0.376052 Q: 0.755935
T: -0.433014 Q: -0.0283703
T: -0.471979 Q: -0.0223931
T: -0.491762 Q: 0.761958
T: -0.491762 Q: 0.802488
T: -0.471979 Q: 0.872691
T: -0.433014 Q: -0.0200353
T: -0.376052 Q: -0.0252247
T: -0.302822 Q: -0.0200228
T: -0.21555 Q: -0.013299
T: -0.116888 Q: 1.97155
T: -0.00983388 Q: -0.0124752
T: 0.10236 Q: -0.0102511
T: 0.216286 Q: -0.0122939
T: 0.32848 Q: 1.00596
T: 0.435535 Q: -0.0128281
T: 0.534197 Q: 0.900839
T: 0.621468 Q: 0.887408
T: 0.694698 Q: 0.842212
T: 0.75166 Q: -0.0553862
T: 0.790625 Q: 2.24712
T: 0.810408 Q: -0.0435819
T: 0.810408 Q: -0.0463513
T: 0.790625 Q: 1.20586
T: 0.75166 Q: 1.06216
T: 0.694698 Q: 1.28236
T: 0.621468 Q: -0.0675549
T: 0.534197 Q: 1.27206
T: 0.435535 Q: -0.0521947
T: 0.32848 Q: -0.0469961
T: 0.216286 Q: -0.0367431
Sec_Event 13427751 N50: 27
T: -0.684637 Q: -0.0156804
T: -0.738186 Q: -0.00694366
T: -0.789282 Q: -0.00802366
T: -0.836371 Q: -0.00976431
T: -0.878025 Q: -0.0086389
T: -0.912976 Q: -0.0137014
T: -0.940164 Q: -0.0216852
T: -0.958761 Q: 0.713702
T: -0.968203 Q: -0.040322
T: -0.968203 Q: 0.721067
T: -0.958761 Q: -0.0480181
T: -0.940164 Q: -0.064333
T: -0.912976 Q: -0.0667604
T: -0.878025 Q: -0.0720231
T: -0.836371 Q: -0.0682322
T: -0.789282 Q: -0.06792
T: -0.738186 Q: 1.25916
T: -0.684637 Q: -0.087265
T: -0.630263 Q: -0.0784306
T: -0.576714 Q: -0.0691585
T: -0.525619 Q: -0.0725979
T: -0.478529 Q: -0.0670364
T: -0.436875 Q: -0.0645683
T: -0.401924 Q: 3.65593
T: -0.374737 Q: 2.60762
T: -0.356139 Q: -0.0503926
T: -0.346697 Q: -0.0433602
T: -0.346697 Q: 1.05945
T: -0.356139 Q: -0.0318079
T: -0.374737 Q: -0.0320908
T: -0.401924 Q: -0.0237092
T: -0.436875 Q: 0.993536
T: -0.478529 Q: -0.0170599
T: -0.525619 Q: 1.01501
T: -0.576714 Q: 1.16175
T: -0.630263 Q: -0.00688861
Sec_Event 13638290 N50: 47
T: 0.677585 Q: -0.0357478
T: 0.638021 Q: -0.0356568
T: 0.60027 Q: 2.55604
T: 0.565478 Q: -0.0357496
T: 0.534703 Q: 2.39301
T: 0.508879 Q: -0.0300516
T: 0.488792 Q: -0.0254584
T: 0.475052 Q: 1.10503
T: 0.468076 Q: -0.0219715
T: 0.468076 Q: 1.20712
T: 0.475052 Q: 1.31654
T: 0.488792 Q: -0.0161752
T: 0.508879 Q: -0.0132859
T: 0.534703 Q: -0.0157055
T: 0.565478 Q: -0.014816
T: 0.60027 Q: -0.0121746
T: 0.638021 Q: -0.0149863
T: 0.677585 Q: 1.25157
T: 0.717759 Q: 2.36681
T: 0.757322 Q: 1.04016
T: 0.795074 Q: -0.0200871
T: 0.829865 Q: 1.01474
T: 0.86064 Q: 1.00028
T: 0.886464 Q: 0.966174
T: 0.906551 Q: -0.015034
T: 0.920291 Q: -0.0137346
T: 0.927267 Q: 1.41626
T: 0.927267 Q: 3.80259
T: 0.920291 Q: 2.62551
T: 0.906551 Q: -0.0186455
T: 0.886464 Q: 1.08439
T: 0.86064 Q: -0.0181676
T: 0.829865 Q: -0.0225695
T: 0.795074 Q: 1.39313
T: 0.757322 Q: 1.31952
T: 0.717759 Q: -0.0301206
Sec_Event 13799250 N50: 34
T: -0.411966 Q: -0.0495454
T: -0.512369 Q: 1.45268
T: -0.608172 Q: 1.13747
T: -0.696465 Q: 1.27547
T: -0.774564 Q: -0.022883
T: -0.840097 Q: -0.0224696
T: -0.891073 Q: 1.05392
T: -0.925943 Q: -0.0137451
T: -0.943646 Q: -0.0142674
T: -0.943646 Q: -0.0141716
T: -0.925943 Q: -0.0146759
T: -0.891073 Q: 1.11863
T: -0.840097 Q: -0.0193071
T: -0.774564 Q: -0.0281939
T: -0.696465 Q: -0.0219482
T: -0.608172 Q: -0.017296
T: -0.512369 Q: 0.90998
T: -0.411966 Q: -0.0117901
T: -0.310015 Q: -0.0161468
T: -0.209612 Q: -0.0149774
T: -0.113809 Q: -0.0120999
T: -0.0255161 Q: -0.0132452
T: 0.0525834 Q: -0.0166312
T: 0.118117 Q: -0.0235841
T: 0.169092 Q: -0.0351257
T: 0.203962 Q: 1.20958
T: 0.221666 Q: -0.0372637
T: 0.221666 Q: -0.0439257
T: 0.203962 Q: -0.052944
T: 0.169092 Q: -0.039596
T: 0.118117 Q: 1.35969
T: 0.0525834 Q: -0.0438314
T: -0.0255161 Q: -0.0423305
T: -0.113809 Q: 1.40648
T: -0.209612 Q: -0.0463473
T: -0.310015 Q: -0.0538825
300000/418314
Sec_Event 14151577 N50: 31
T: 0.172371 Q: -0.0108088
T: 0.0630399 Q: -0.00637791
T: -0.041283 Q: -0.00586529
T: -0.137427 Q: -0.00712729
T: -0.222472 Q: -0.00803553
T: -0.293833 Q: -0.0102122
T: -0.349342 Q: -0.0135828
T: -0.387313 Q: -0.0153776
T: -0.406591 Q: 1.2849
T: -0.406591 Q: -0.0144797
T: -0.387313 Q: -0.0191975
T: -0.349342 Q: -0.0145621
T: -0.293833 Q: -0.0236487
T: -0.222472 Q: -0.0201517
T: -0.137427 Q: -0.0192856
T: -0.041283 Q: -0.0180705
T: 0.0630399 Q: -0.0153485
T: 0.172371 Q: -0.019682
T: 0.283389 Q: -0.0222845
T: 0.392721 Q: -0.0276774
T: 0.497044 Q: -0.0295809
T: 0.593188 Q: -0.0395476
T: 0.678233 Q: 1.48862
T: 0.749594 Q: 1.03058
T: 0.805103 Q: -0.0274729
T: 0.843074 Q: -0.026574
T: 0.862352 Q: -0.023641
T: 0.862352 Q: -0.0203663
T: 0.843074 Q: -0.0249457
T: 0.805103 Q: -0.0262824
T: 0.749594 Q: -0.0240594
T: 0.678233 Q: 1.31022
T: 0.593188 Q: -0.0145929
T: 0.497044 Q: -0.0100617
T: 0.392721 Q: 1.12668
T: 0.283389 Q: -0.0107965
Sec_Event 14441833 N50: 38
T: 0.364212 Q: -0.00843903
T: 0.268688 Q: 0.892646
T: 0.177541 Q: -0.0110836
T: 0.0935394 Q: 0.935912
T: 0.0192355 Q: 1.04796
T: -0.0431129 Q: -0.0199298
T: -0.0916114 Q: 1.15703
T: -0.124786 Q: 1.11123
T: -0.14163 Q: -0.0395715
T: -0.14163 Q: -0.0404259
T: -0.124786 Q: -0.0523961
T: -0.0916114 Q: -0.0474888
T: -0.0431129 Q: -0.0467463
T: 0.0192355 Q: -0.0482875
T: 0.0935394 Q: 1.41848
T: 0.177541 Q: -0.0494031
T: 0.268688 Q: -0.0439472
T: 0.364212 Q: 1.53438
T: 0.461209 Q: 0.75309
T: 0.556732 Q: 1.20496
T: 0.647879 Q: 0.981902
T: 0.731881 Q: -0.00872856
T: 0.806185 Q: -0.00641944
T: 0.868533 Q: -0.00881627
T: 0.917032 Q: -0.00340271
T: 0.950207 Q: -0.00838376
T: 0.96705 Q: 1.35139
T: 0.96705 Q: -0.00399032
T: 0.950207 Q: -0.00224771
T: 0.917032 Q: 1.15789
T: 0.868533 Q: 1.24124
T: 0.806185 Q: 0.958582
T: 0.731881 Q: 0.977442
T: 0.647879 Q: -0.00636562
T: 0.556732 Q: -0.00922239
T: 0.461209 Q: -0.00790324
Sec_Event 14441833 N50: 29
T: -0.415942 Q: -0.0532631
T: -0.515985 Q: -0.0629085
T: -0.611445 Q: 1.29642
T: -0.699421 Q: -0.0874002
T: -0.77724 Q: 1.32849
T: -0.842538 Q: 1.23995
T: -0.893332 Q: -0.0571823
T: -0.928076 Q: -0.0520623
T: -0.945716 Q: -0.0431361
T: -0.945716 Q: -0.044502
T: -0.928076 Q: 0.900078
T: -0.893332 Q: -0.0303505
T: -0.842538 Q: 0.757973
T: -0.77724 Q: -0.00945491
T: -0.699421 Q: -0.0071856
T: -0.611445 Q: -0.0072487
T: -0.515985 Q: -0.00466227
T: -0.415942 Q: -0.0031706
T: -0.314356 Q: -0.00257935
T: -0.214313 Q: -0.0043396
T: -0.118853 Q: 0.957013
T: -0.0308771 Q: 1.12333
T: 0.0469424 Q: -0.00549259
T: 0.112241 Q: -0.00804791
T: 0.163034 Q: -0.0122426
T: 0.197778 Q: -0.0220681
T: 0.215419 Q: 1.17638
T: 0.215419 Q: -0.0210728
T: 0.197778 Q: -0.0251198
T: 0.163034 Q: 1.00674
T: 0.112241 Q: 1.09121
T: 0.0469424 Q: -0.0414024
T: -0.0308771 Q: -0.0567387
T: -0.118853 Q: -0.05079
T: -0.214313 Q: 1.16249
T: -0.314356 Q: -0.0506831
Sec_Event 14456192 N50: 30
T: 0.488379 Q: 1.21477
T: 0.407754 Q: 1.02654
T: 0.330822 Q: -0.0395068
T: 0.259921 Q: -0.0383124
T: 0.197206 Q: -0.0341757
T: 0.144581 Q: -0.028757
T: 0.103647 Q: -0.0287264
T: 0.0756459 Q: -0.0241454
T: 0.0614295 Q: -0.0236875
T: 0.0614295 Q: -0.0220787
T: 0.0756459 Q: 1.12012
T: 0.103647 Q: -0.0184911
T: 0.144581 Q: -0.0226597
T: 0.197206 Q: 0.993598
T: 0.259921 Q: -0.0113671
T: 0.330822 Q: 1.09685
T: 0.407754 Q: 1.22798
T: 0.488379 Q: 1.08537
T: 0.570249 Q: -0.0125322
T: 0.650874 Q: 1.14854
T: 0.727806 Q: -0.0265799
T: 0.798707 Q: -0.0264006
T: 0.861422 Q: -0.0399543
T: 0.914047 Q: -0.0399225
T: 0.954981 Q: -0.0408994
T: 0.982982 Q: 1.39621
T: 0.997199 Q: -0.0313951
T: 0.997199 Q: 1.07153
T: 0.982982 Q: -0.0307896
T: 0.954981 Q: -0.0324028
T: 0.914047 Q: -0.0436193
T: 0.861422 Q: -0.0457627
T: 0.798707 Q: -0.0670615
T: 0.727806 Q: -0.0701971
T: 0.650874 Q: 1.04834
T: 0.570249 Q: -0.0593638
Sec_Event 14669258 N50: 49
T: 0.224126 Q: -0.000276133
T: 0.117613 Q: 1.62758
T: 0.0159798 Q: 1.25181
T: -0.0776858 Q: 1.68138
T: -0.160538 Q: 1.41784
T: -0.230059 Q: -0.000561753
T: -0.284137 Q: 1.27496
T: -0.321128 Q: 0.998702
T: -0.339909 Q: -0.000821828
T: -0.339909 Q: 1.99275
T: -0.321128 Q: 1.03719
T: -0.284137 Q: 1.88335
T: -0.230059 Q: -0.00619822
T: -0.160538 Q: 1.09153
T: -0.0776858 Q: 1.06408
T: 0.0159798 Q: 2.39584
T: 0.117613 Q: 3.53421
T: 0.224126 Q: -0.00833159
T: 0.332281 Q: -0.0121044
T: 0.438794 Q: 3.22445
T: 0.540427 Q: 2.07372
T: 0.634093 Q: -0.0139481
T: 0.716945 Q: 1.08996
T: 0.786466 Q: -0.00776096
T: 0.840544 Q: 1.00819
T: 0.877535 Q: -0.00536946
T: 0.896316 Q: 0.835625
T: 0.896316 Q: 2.33123
T: 0.877535 Q: 1.22733
T: 0.840544 Q: -0.00326959
T: 0.786466 Q: -0.00281466
T: 0.716945 Q: -0.00143493
T: 0.634093 Q: -0.00105443
T: 0.540427 Q: 0.952647
T: 0.438794 Q: -0.00127533
T: 0.332281 Q: 1.35874
Sec_Event 15140284 N50: 53
T: -0.309112 Q: 0.859393
T: -0.417042 Q: 0.980297
T: -0.520028 Q: 1.77113
T: -0.61494 Q: 0.854741
T: -0.698894 Q: 0.7857
T: -0.76934 Q: -0.035308
T: -0.824138 Q: 1.79907
T: -0.861621 Q: 1.32449
T: -0.880652 Q: -0.0287127
T: -0.880652 Q: 1.35866
T: -0.861621 Q: 0.723533
T: -0.824138 Q: 3.32915
T: -0.76934 Q: -0.00138421
T: -0.698894 Q: -0.000995088
T: -0.61494 Q: 2.22064
T: -0.417042 Q: 1.46017
T: -0.309112 Q: 1.39451
T: -0.199518 Q: 1.33038
T: -0.0915877 Q: 1.02064
T: 0.0113977 Q: -0.000321706
T: 0.10631 Q: -0.000703943
T: 0.190264 Q: -0.000235466
T: 0.26071 Q: -0.000610733
T: 0.315508 Q: 1.10526
T: 0.352991 Q: 1.01566
T: 0.372022 Q: -0.00515631
T: 0.372022 Q: -0.00247073
T: 0.352991 Q: 0.972846
T: 0.315508 Q: 3.05366
T: 0.26071 Q: 0.971695
T: 0.190264 Q: 0.82753
T: 0.10631 Q: -0.00711064
T: 0.0113977 Q: 0.867007
T: -0.0915877 Q: 0.869704
T: -0.199518 Q: -0.0146315
Sec_Event 15145832 N50: 36
T: 0.534976 Q: -0.0147408
T: 0.461681 Q: -0.0135093
T: 0.391744 Q: -0.0166588
T: 0.327289 Q: -0.0182086
T: 0.270276 Q: -0.0180348
T: 0.222436 Q: -0.0214999
T: 0.185223 Q: -0.0220876
T: 0.159768 Q: -0.0284729
T: 0.146844 Q: -0.0278531
T: 0.146844 Q: -0.0279724
T: 0.159768 Q: -0.0293329
T: 0.185223 Q: 1.14214
T: 0.222436 Q: -0.0411946
T: 0.270276 Q: -0.0368549
T: 0.327289 Q: 1.1887
T: 0.391744 Q: 1.12839
T: 0.461681 Q: 2.35067
T: 0.534976 Q: -0.0388835
T: 0.609402 Q: 1.00608
T: 0.682697 Q: -0.0382394
T: 0.752634 Q: 1.17965
T: 0.817089 Q: -0.0260938
T: 0.874102 Q: -0.0189976
T: 0.921942 Q: -0.0193527
T: 0.959155 Q: 2.88286
T: 0.98461 Q: 2.26171
T: 0.997534 Q: -0.0124936
T: 0.997534 Q: -0.0125269
T: 0.98461 Q: -0.0168818
T: 0.959155 Q: 1.11678
T: 0.921942 Q: -0.0178128
T: 0.874102 Q: -0.0171341
T: 0.817089 Q: -0.023127
T: 0.752634 Q: 0.94803
T: 0.682697 Q: 1.0036
T: 0.609402 Q: -0.0118082
Sec_Event 15250463 N50: 25
T: 0.399917 Q: -0.000993807
T: 0.3081 Q: 1.13186
T: 0.220489 Q: -0.00058144
T: 0.139747 Q: 1.13679
T: 0.0683255 Q: -0.000547012
T: 0.00839617 Q: -0.00062492
T: -0.0382206 Q: -0.000951119
T: -0.0701083 Q: -0.00101664
T: -0.0862981 Q: -0.000878527
T: -0.0862981 Q: -0.00260897
T: -0.0701083 Q: -0.00179581
T: -0.0382206 Q: -0.001779
T: 0.00839617 Q: -0.00463837
T: 0.0683255 Q: -0.00368358
T: 0.139747 Q: -0.00497648
T: 0.220489 Q: 1.10454
T: 0.3081 Q: -0.0097116
T: 0.399917 Q: -0.0177013
T: 0.49315 Q: -0.0161214
T: 0.584968 Q: -0.0191972
T: 0.672578 Q: -0.0328696
T: 0.753321 Q: -0.0516987
T: 0.824742 Q: -0.0544681
T: 0.884671 Q: -0.048818
T: 0.931288 Q: -0.0584076
T: 0.963176 Q: 0.82683
T: 0.979366 Q: 1.32279
T: 0.979366 Q: 0.764536
T: 0.963176 Q: -0.0459232
T: 0.931288 Q: -0.0146822
T: 0.884671 Q: -0.00931205
T: 0.824742 Q: 1.03
T: 0.753321 Q: -0.00498001
T: 0.672578 Q: -0.00126491
T: 0.584968 Q: -0.00179958
T: 0.49315 Q: -0.000539178
Sec_Event 15279155 N50: 35
T: 0.0200899 Q: -0.00485276
T: -0.0941394 Q: -0.00766929
T: -0.203136 Q: 1.47998
T: -0.303587 Q: -0.00540678
T: -0.392442 Q: -0.00722236
T: -0.467 Q: -0.00921071
T: -0.524996 Q: 1.28619
T: -0.564667 Q: 1.2589
T: -0.584809 Q: -0.016711
T: -0.584809 Q: -0.0267088
T: -0.564667 Q: -0.0139932
T: -0.524996 Q: 1.63162
T: -0.467 Q: -0.017858
T: -0.392442 Q: -0.0153639
T: -0.303587 Q: -0.0135425
T: -0.203136 Q: 1.44538
T: -0.0941394 Q: -0.0123596
T: 0.0200899 Q: -0.0183013
T: 0.136081 Q: -0.0139488
T: 0.250311 Q: -0.0121986
T: 0.359307 Q: -0.0137667
T: 0.459759 Q: -0.0172731
T: 0.548613 Q: -0.0189267
T: 0.623171 Q: -0.0172257
T: 0.681167 Q: 1.20124
T: 0.720838 Q: -0.0243363
T: 0.74098 Q: -0.0173604
T: 0.74098 Q: -0.0219753
T: 0.720838 Q: -0.0206174
T: 0.681167 Q: -0.0158514
T: 0.623171 Q: 2.40083
T: 0.548613 Q: -0.00824268
T: 0.459759 Q: -0.00795292
T: 0.359307 Q: 1.34726
T: 0.250311 Q: -0.00802599
T: 0.136081 Q: 2.41673
Sec_Event 15279155 N50: 29
T: -0.578799 Q: 1.3466
T: -0.657939 Q: -0.0303647
T: -0.733453 Q: -0.0286599
T: -0.803047 Q: -0.0361337
T: -0.864606 Q: -0.0353247
T: -0.916261 Q: 1.46963
T: -0.956441 Q: -0.0275197
T: -0.983926 Q: -0.0285324
T: -0.99788 Q: 1.66423
T: -0.99788 Q: -0.0237027
T: -0.983926 Q: 1.44508
T: -0.956441 Q: -0.0266137
T: -0.916261 Q: -0.0328331
T: -0.864606 Q: -0.0322202
T: -0.803047 Q: -0.0405471
T: -0.733453 Q: 1.32401
T: -0.657939 Q: -0.0543006
T: -0.578799 Q: -0.0581027
T: -0.498439 Q: -0.0478605
T: -0.4193 Q: -0.0458208
T: -0.343786 Q: -0.0401433
T: -0.274192 Q: -0.0386812
T: -0.212632 Q: -0.0337597
T: -0.160977 Q: -0.0376221
T: -0.120797 Q: 1.62927
T: -0.0933125 Q: -0.0336481
T: -0.0793581 Q: 3.08534
T: -0.0793581 Q: -0.0388459
T: -0.0933125 Q: 2.96976
T: -0.120797 Q: -0.0227498
T: -0.160977 Q: -0.0212342
T: -0.212632 Q: -0.0259128
T: -0.274192 Q: -0.0208522
T: -0.343786 Q: -0.018857
T: -0.4193 Q: 1.38154
T: -0.498439 Q: -0.0214651
Sec_Event 15305804 N50: 31
T: -0.598975 Q: -0.0164584
T: -0.674362 Q: 1.09225
T: -0.746295 Q: -0.0301152
T: -0.812588 Q: -0.0428206
T: -0.871229 Q: -0.0459173
T: -0.920433 Q: -0.0384782
T: -0.958708 Q: 1.15828
T: -0.98489 Q: -0.0346149
T: -0.998182 Q: -0.0338829
T: -0.998182 Q: -0.0324904
T: -0.98489 Q: 1.24616
T: -0.958708 Q: -0.0430605
T: -0.920433 Q: 2.72985
T: -0.871229 Q: -0.0525776
T: -0.812588 Q: -0.0387968
T: -0.746295 Q: -0.0289161
T: -0.674362 Q: -0.0211642
T: -0.598975 Q: -0.014603
T: -0.522426 Q: -0.0104594
T: -0.44704 Q: -0.0100035
T: -0.375107 Q: -0.00992832
T: -0.308813 Q: 1.01072
T: -0.250173 Q: -0.00796252
T: -0.200968 Q: -0.00594745
T: -0.162694 Q: -0.00997652
T: -0.136512 Q: -0.0043899
T: -0.123219 Q: -0.00545656
T: -0.123219 Q: -0.005692
T: -0.136512 Q: -0.00742364
T: -0.162694 Q: -0.00678712
T: -0.200968 Q: -0.00746622
T: -0.250173 Q: 1.17273
T: -0.308813 Q: -0.0117785
T: -0.375107 Q: 2.09729
T: -0.44704 Q: -0.0127949
T: -0.522426 Q: -0.0106165
Sec_Event 16705260 N50: 29
T: -0.399071 Q: -0.00338861
T: -0.500602 Q: -0.0063203
T: -0.597483 Q: -0.00610277
T: -0.686768 Q: -0.00810597
T: -0.765746 Q: -0.00857496
T: -0.832016 Q: -0.00625181
T: -0.883565 Q: -0.00755889
T: -0.918827 Q: 1.1481
T: -0.936729 Q: -0.00634267
T: -0.936729 Q: -0.0053651
T: -0.918827 Q: -0.00709537
T: -0.883565 Q: -0.00830459
T: -0.832016 Q: 1.22217
T: -0.765746 Q: -0.0143446
T: -0.686768 Q: 1.15888
T: -0.597483 Q: 1.17264
T: -0.500602 Q: -0.0344015
T: -0.399071 Q: -0.0275098
T: -0.295973 Q: -0.0244717
T: -0.194441 Q: 1.2499
T: -0.0975605 Q: -0.0203618
T: -0.00827499 Q: -0.0296557
T: 0.0707027 Q: -0.0223816
T: 0.136973 Q: 1.10398
T: 0.188522 Q: -0.014555
T: 0.223783 Q: -0.0176612
T: 0.241686 Q: -0.0116346
T: 0.241686 Q: -0.00941668
T: 0.223783 Q: 2.14046
T: 0.188522 Q: -0.00593375
T: 0.136973 Q: -0.00476874
T: 0.0707027 Q: -0.00272529
T: -0.00827499 Q: -0.0053738
T: -0.0975605 Q: -0.00400289
T: -0.194441 Q: -0.00319961
T: -0.295973 Q: 1.11776
Sec_Event 16797283 N50: 40
T: -0.160363 Q: 1.17682
T: -0.274128 Q: -0.0113756
T: -0.382682 Q: -0.0104191
T: -0.482725 Q: -0.00903811
T: -0.571218 Q: 1.16875
T: -0.645473 Q: 1.13904
T: -0.703233 Q: -0.0190067
T: -0.742744 Q: -0.0191128
T: -0.762803 Q: -0.0204555
T: -0.762803 Q: -0.0169707
T: -0.742744 Q: 1.24283
T: -0.703233 Q: -0.0253393
T: -0.645473 Q: 1.33188
T: -0.571218 Q: 1.27297
T: -0.482725 Q: 1.30834
T: -0.382682 Q: -0.023134
T: -0.274128 Q: -0.0152649
T: -0.160363 Q: -0.0132992
T: -0.0448429 Q: -0.0120829
T: 0.0689222 Q: -0.0151443
T: 0.177476 Q: -0.0132826
T: 0.277519 Q: 1.36489
T: 0.366012 Q: 1.56098
T: 0.440267 Q: 2.47927
T: 0.498027 Q: -0.0150482
T: 0.537538 Q: 2.8302
T: 0.557598 Q: 2.74963
T: 0.557598 Q: -0.0180225
T: 0.537538 Q: 1.20376
T: 0.498027 Q: 1.34975
T: 0.440267 Q: -0.00817589
T: 0.366012 Q: -0.00849273
T: 0.277519 Q: 1.17236
T: 0.177476 Q: -0.00767933
T: 0.0689222 Q: 2.85229
T: -0.0448429 Q: -0.00870426
Sec_Event 16797283 N50: 27
T: 0.131733 Q: -0.00750515
T: 0.0206108 Q: -0.00516564
T: -0.0854212 Q: -0.0055799
T: -0.183141 Q: -0.00830214
T: -0.269579 Q: 2.28643
T: -0.342109 Q: 1.1133
T: -0.398528 Q: -0.0116755
T: -0.43712 Q: -0.0103247
T: -0.456714 Q: -0.0106757
T: -0.456714 Q: 1.05415
T: -0.43712 Q: -0.0116879
T: -0.398528 Q: -0.0151237
T: -0.342109 Q: -0.0111983
T: -0.269579 Q: -0.0156677
T: -0.183141 Q: -0.0103313
T: -0.0854212 Q: -0.0125937
T: 0.0206108 Q: 0.941186
T: 0.131733 Q: 1.25407
T: 0.24457 Q: -0.0182176
T: 0.355693 Q: -0.0192275
T: 0.461725 Q: 1.06203
T: 0.559445 Q: -0.0289589
T: 0.645883 Q: -0.0348306
T: 0.718413 Q: -0.0329222
T: 0.774831 Q: -0.0183228
T: 0.813424 Q: 1.19814
T: 0.833018 Q: -0.0154817
T: 0.833018 Q: 0.873735
T: 0.813424 Q: -0.0229017
T: 0.774831 Q: -0.0214682
T: 0.718413 Q: -0.0169142
T: 0.645883 Q: -0.0170451
T: 0.559445 Q: 1.03281
T: 0.461725 Q: 0.955151
T: 0.355693 Q: -0.0068931
T: 0.24457 Q: 1.36148
Sec_Event 16797283 N50: 27
T: 0.387402 Q: -0.0165515
T: 0.294238 Q: 1.24954
T: 0.205342 Q: -0.0140641
T: 0.123416 Q: 1.55786
T: 0.0509472 Q: -0.00942578
T: -0.00986103 Q: 1.4659
T: -0.0571615 Q: -0.00979433
T: -0.0895169 Q: -0.0126826
T: -0.105944 Q: -0.015602
T: -0.105944 Q: -0.0111278
T: -0.0895169 Q: 1.37175
T: -0.0571615 Q: -0.0133758
T: -0.00986103 Q: -0.0149231
T: 0.0509472 Q: -0.0185245
T: 0.123416 Q: -0.0189067
T: 0.205342 Q: -0.0174502
T: 0.294238 Q: -0.0211363
T: 0.387402 Q: -0.030136
T: 0.482003 Q: -0.0327676
T: 0.575166 Q: 1.16351
T: 0.664062 Q: -0.0332733
T: 0.745989 Q: -0.0358095
T: 0.818457 Q: -0.0276888
T: 0.879265 Q: -0.0207482
T: 0.926566 Q: 2.77328
T: 0.958921 Q: -0.0168835
T: 0.975349 Q: -0.0164191
T: 0.975349 Q: -0.0121829
T: 0.958921 Q: -0.0197188
T: 0.926566 Q: -0.0150827
T: 0.879265 Q: -0.0234923
T: 0.818457 Q: -0.019432
T: 0.745989 Q: -0.0264703
T: 0.664062 Q: -0.0197993
T: 0.575166 Q: 1.59405
T: 0.482003 Q: -0.0177267
Sec_Event 16797283 N50: 34
T: -0.228274 Q: -0.0142793
T: -0.340038 Q: -0.018137
T: -0.446681 Q: -0.0231833
T: -0.544965 Q: 1.23783
T: -0.631901 Q: 1.45279
T: -0.70485 Q: -0.0174224
T: -0.761593 Q: 1.24732
T: -0.800408 Q: -0.0204898
T: -0.820115 Q: -0.0156598
T: -0.820115 Q: 1.27636
T: -0.800408 Q: -0.0135901
T: -0.761593 Q: -0.0133116
T: -0.70485 Q: -0.0132849
T: -0.631901 Q: -0.0118148
T: -0.544965 Q: -0.00787742
T: -0.446681 Q: -0.00488192
T: -0.340038 Q: -0.00516969
T: -0.228274 Q: 1.15616
T: -0.114787 Q: -0.0043927
T: -0.00302338 Q: -0.00393565
T: 0.10362 Q: -0.00749656
T: 0.201903 Q: -0.00684055
T: 0.28884 Q: -0.00637129
T: 0.361788 Q: 3.64314
T: 0.418532 Q: -0.0108651
T: 0.457347 Q: -0.00961692
T: 0.477054 Q: -0.0154026
T: 0.477054 Q: -0.00966588
T: 0.457347 Q: 1.1382
T: 0.418532 Q: -0.0153345
T: 0.361788 Q: 2.5438
T: 0.28884 Q: 1.22556
T: 0.201903 Q: -0.0133983
T: 0.10362 Q: -0.0160972
T: -0.00302338 Q: -0.0143925
T: -0.114787 Q: -0.0218924
Sec_Event 16797283 N50: 26
T: -0.284472 Q: -0.0233549
T: -0.393748 Q: -0.0257372
T: -0.498018 Q: 1.4773
T: -0.594114 Q: -0.0277905
T: -0.679116 Q: -0.0264625
T: -0.75044 Q: 1.59544
T: -0.805921 Q: -0.0203575
T: -0.843872 Q: -0.02112
T: -0.863141 Q: -0.0181348
T: -0.863141 Q: -0.0204764
T: -0.843872 Q: 1.40471
T: -0.805921 Q: -0.0164412
T: -0.75044 Q: -0.0161298
T: -0.679116 Q: 1.28596
T: -0.594114 Q: -0.0100761
T: -0.498018 Q: -0.0113187
T: -0.393748 Q: -0.00592745
T: -0.284472 Q: -0.0076613
T: -0.17351 Q: -0.00748286
T: -0.0642344 Q: 2.76897
T: 0.0400356 Q: -0.00602446
T: 0.136131 Q: -0.00714929
T: 0.221133 Q: -0.00858661
T: 0.292458 Q: -0.00916475
T: 0.347939 Q: -0.0110894
T: 0.38589 Q: 1.4317
T: 0.405158 Q: -0.0193597
T: 0.405158 Q: -0.01426
T: 0.38589 Q: -0.0268596
T: 0.347939 Q: -0.0201763
T: 0.292458 Q: -0.0215967
T: 0.221133 Q: 1.63599
T: 0.136131 Q: 1.43016
T: 0.0400356 Q: -0.0171917
T: -0.0642344 Q: -0.0235246
T: -0.17351 Q: -0.0203716
Sec_Event 17273276 N50: 37
T: -0.465254 Q: -0.0110562
T: -0.560334 Q: -0.0171283
T: -0.651057 Q: 2.27509
T: -0.734668 Q: 1.08715
T: -0.808627 Q: 1.29048
T: -0.870685 Q: -0.0670242
T: -0.918958 Q: 1.28331
T: -0.951979 Q: -0.0429914
T: -0.968744 Q: -0.0419663
T: -0.968744 Q: -0.0459766
T: -0.951979 Q: -0.0473013
T: -0.918958 Q: 1.30388
T: -0.870685 Q: -0.0584849
T: -0.808627 Q: -0.0553555
T: -0.734668 Q: -0.0350173
T: -0.651057 Q: -0.0212873
T: -0.560334 Q: -0.0163989
T: -0.465254 Q: 1.22362
T: -0.368709 Q: -0.0189058
T: -0.27363 Q: -0.0170064
T: -0.182906 Q: 1.18318
T: -0.0992949 Q: 3.68412
T: -0.0253365 Q: -0.00932319
T: 0.036722 Q: -0.0318238
T: 0.0849949 Q: 1.17265
T: 0.118016 Q: -0.00687027
T: 0.134781 Q: -0.00627123
T: 0.134781 Q: -0.00982085
T: 0.118016 Q: -0.00798834
T: 0.0849949 Q: 1.34476
T: 0.036722 Q: 1.04668
T: -0.0253365 Q: 1.33462
T: -0.0992949 Q: 1.34876
T: -0.182906 Q: -0.00650808
T: -0.27363 Q: -0.00922813
T: -0.368709 Q: 1.13173
Sec_Event 17273276 N50: 28
T: 0.189302 Q: -0.0107453
T: 0.0808255 Q: -0.011748
T: -0.022682 Q: -0.00959329
T: -0.118075 Q: -0.0127147
T: -0.202455 Q: -0.0143856
T: -0.273258 Q: -0.0178309
T: -0.328333 Q: -0.0136194
T: -0.366007 Q: 0.983544
T: -0.385135 Q: -0.0201194
T: -0.385135 Q: -0.0105166
T: -0.366007 Q: -0.0138177
T: -0.328333 Q: -0.0151475
T: -0.273258 Q: -0.0136068
T: -0.202455 Q: 1.10977
T: -0.118075 Q: -0.0159102
T: -0.022682 Q: -0.011753
T: 0.0808255 Q: -0.00964975
T: 0.189302 Q: 1.03706
T: 0.299453 Q: -0.00760027
T: 0.40793 Q: -0.0104181
T: 0.511437 Q: 1.77186
T: 0.60683 Q: -0.00473523
T: 0.69121 Q: 1.07023
T: 0.762013 Q: 0.886798
T: 0.817089 Q: 0.946354
T: 0.854762 Q: -0.00159915
T: 0.87389 Q: -0.00170516
T: 0.87389 Q: 0.889856
T: 0.854762 Q: -0.0014991
T: 0.817089 Q: -0.0022577
T: 0.762013 Q: -0.00382436
T: 0.69121 Q: -0.004424
T: 0.60683 Q: 0.854918
T: 0.511437 Q: 1.15556
T: 0.40793 Q: 1.066
T: 0.299453 Q: -0.00852976
Sec_Event 17673019 N50: 35
T: -0.319234 Q: -0.0125939
T: -0.426563 Q: -0.0118137
T: -0.528976 Q: 0.888213
T: -0.623359 Q: 0.972777
T: -0.706846 Q: -0.027314
T: -0.776901 Q: 1.13231
T: -0.831393 Q: -0.022716
T: -0.868668 Q: 1.03893
T: -0.887593 Q: -0.0233903
T: -0.887593 Q: 2.30376
T: -0.868668 Q: -0.0196263
T: -0.831393 Q: 1.14804
T: -0.776901 Q: -0.028897
T: -0.706846 Q: -0.0391331
T: -0.623359 Q: 1.0735
T: -0.528976 Q: 1.05816
T: -0.426563 Q: 2.38345
T: -0.319234 Q: -0.0534616
T: -0.210249 Q: -0.0354255
T: -0.10292 Q: -0.0375535
T: -0.000507735 Q: -0.0459732
T: 0.0938759 Q: -0.0505157
T: 0.177363 Q: -0.0398659
T: 0.247417 Q: 1.50349
T: 0.30191 Q: 1.16289
T: 0.339185 Q: -0.0394058
T: 0.35811 Q: -0.0451203
T: 0.35811 Q: 1.03034
T: 0.339185 Q: -0.0394488
T: 0.30191 Q: -0.034359
T: 0.247417 Q: -0.0212662
T: 0.177363 Q: -0.0284314
T: 0.0938759 Q: -0.0177089
T: -0.000507735 Q: -0.0133348
T: -0.10292 Q: -0.0138993
T: -0.210249 Q: -0.014953
Sec_Event 17673019 N50: 36
T: -0.363587 Q: 1.12393
T: -0.467938 Q: -0.0470136
T: -0.567509 Q: -0.0405234
T: -0.659273 Q: -0.0456743
T: -0.740444 Q: -0.0412262
T: -0.808554 Q: 1.26127
T: -0.861534 Q: 2.58319
T: -0.897775 Q: 1.3294
T: -0.916175 Q: 1.27941
T: -0.916175 Q: -0.0217247
T: -0.897775 Q: 1.36665
T: -0.861534 Q: -0.023389
T: -0.808554 Q: -0.0280453
T: -0.740444 Q: 1.18501
T: -0.659273 Q: 1.23151
T: -0.567509 Q: -0.0491061
T: -0.467938 Q: -0.0405986
T: -0.363587 Q: -0.0350077
T: -0.257627 Q: -0.0465713
T: -0.153276 Q: 1.22912
T: -0.0537055 Q: 1.24262
T: 0.0380591 Q: -0.0408459
T: 0.11923 Q: -0.0522043
T: 0.18734 Q: -0.0441879
T: 0.24032 Q: 2.60475
T: 0.276561 Q: 1.29201
T: 0.294961 Q: -0.06184
T: 0.294961 Q: 1.23147
T: 0.276561 Q: 1.37958
T: 0.24032 Q: 1.32431
T: 0.18734 Q: 1.17413
T: 0.11923 Q: 1.45466
T: 0.0380591 Q: -0.0340257
T: -0.0537055 Q: -0.02903
T: -0.153276 Q: -0.0358464
T: -0.257627 Q: 1.46566
Sec_Event 17738388 N50: 26
T: -0.558965 Q: -0.0571921
T: -0.641466 Q: -0.0582172
T: -0.720187 Q: -0.065331
T: -0.792736 Q: -0.0485834
T: -0.85691 Q: -0.035969
T: -0.910759 Q: -0.0296676
T: -0.952645 Q: -0.0299146
T: -0.981297 Q: -0.026748
T: -0.995845 Q: -0.0252174
T: -0.995845 Q: 1.36055
T: -0.981297 Q: 1.31315
T: -0.952645 Q: -0.0293947
T: -0.910759 Q: 2.15172
T: -0.85691 Q: -0.018953
T: -0.792736 Q: 1.19037
T: -0.720187 Q: 1.21654
T: -0.641466 Q: -0.00576974
T: -0.558965 Q: -0.00577385
T: -0.475192 Q: 1.22474
T: -0.392691 Q: -0.0058128
T: -0.31397 Q: -0.00509445
T: -0.241421 Q: 2.76981
T: -0.177247 Q: -0.00478496
T: -0.123398 Q: -0.00742433
T: -0.0815117 Q: 2.50824
T: -0.0528595 Q: -0.0106808
T: -0.0383125 Q: 1.13434
T: -0.0383125 Q: -0.0131488
T: -0.0528595 Q: 1.23238
T: -0.0815117 Q: -0.0182746
T: -0.123398 Q: -0.0210908
T: -0.177247 Q: -0.0197736
T: -0.241421 Q: -0.0250137
T: -0.31397 Q: -0.0300926
T: -0.392691 Q: -0.0355175
T: -0.475192 Q: -0.0385389
Sec_Event 18208089 N50: 45
T: 0.227366 Q: 1.26263
T: 0.12105 Q: 1.18633
T: 0.0196053 Q: 1.06221
T: -0.0738869 Q: 1.13023
T: -0.156586 Q: 1.2352
T: -0.225978 Q: -0.00463102
T: -0.279956 Q: -0.0117308
T: -0.316879 Q: -0.0104966
T: -0.335625 Q: -0.0102225
T: -0.335625 Q: 1.23545
T: -0.316879 Q: -0.0133097
T: -0.279956 Q: 1.32712
T: -0.225978 Q: 1.0655
T: -0.156586 Q: -0.0152421
T: -0.0738869 Q: -0.0167127
T: 0.0196053 Q: -0.0151113
T: 0.12105 Q: -0.0189533
T: 0.227366 Q: 2.46086
T: 0.335321 Q: 1.27441
T: 0.441636 Q: -0.0289749
T: 0.543081 Q: 1.2344
T: 0.636573 Q: -0.0440532
T: 0.719272 Q: 3.70125
T: 0.788665 Q: 1.37172
T: 0.842642 Q: 2.5041
T: 0.879565 Q: 4.76797
T: 0.898312 Q: 1.07207
T: 0.898312 Q: 0.879411
T: 0.879565 Q: -0.0392548
T: 0.842642 Q: -0.0295808
T: 0.788665 Q: 1.00043
T: 0.719272 Q: -0.011214
T: 0.636573 Q: 1.22626
T: 0.543081 Q: -0.00485796
T: 0.441636 Q: -0.00412093
T: 0.335321 Q: 0.94573
Sec_Event 18208089 N50: 30
T: 0.264163 Q: 2.51295
T: 0.160266 Q: -0.0160541
T: 0.061129 Q: 1.14364
T: -0.0302364 Q: -0.0200793
T: -0.111054 Q: -0.0172416
T: -0.178868 Q: -0.0250351
T: -0.231618 Q: -0.0318561
T: -0.267701 Q: -0.0333294
T: -0.28602 Q: -0.0299523
T: -0.28602 Q: -0.0349995
T: -0.267701 Q: -0.0355566
T: -0.231618 Q: -0.0345839
T: -0.178868 Q: 1.18876
T: -0.111054 Q: -0.0300931
T: -0.0302364 Q: -0.03963
T: 0.061129 Q: -0.0349873
T: 0.160266 Q: -0.0308358
T: 0.264163 Q: -0.0413539
T: 0.369663 Q: -0.0452981
T: 0.47356 Q: -0.0390917
T: 0.572697 Q: -0.0705122
T: 0.664062 Q: 1.49155
T: 0.74488 Q: -0.0476472
T: 0.812694 Q: -0.0393901
T: 0.865444 Q: -0.0358033
T: 0.901527 Q: -0.0323227
T: 0.919846 Q: -0.0263852
T: 0.919846 Q: -0.028363
T: 0.901527 Q: 1.36889
T: 0.865444 Q: -0.0423326
T: 0.812694 Q: -0.0412006
T: 0.74488 Q: -0.0380075
T: 0.664062 Q: -0.0370208
T: 0.572697 Q: -0.0239168
T: 0.47356 Q: -0.0204287
T: 0.369663 Q: -0.0186625
Sec_Event 18208089 N50: 37
T: -0.0524638 Q: 1.16587
T: -0.167325 Q: -0.0134176
T: -0.276925 Q: -0.0165337
T: -0.377933 Q: 1.09728
T: -0.467279 Q: -0.0162711
T: -0.54225 Q: 1.026
T: -0.600567 Q: -0.0119368
T: -0.640458 Q: -0.01331
T: -0.660711 Q: -0.0126196
T: -0.660711 Q: 1.22155
T: -0.640458 Q: -0.00903112
T: -0.600567 Q: -0.0060102
T: -0.54225 Q: -0.00608858
T: -0.467279 Q: -0.00751137
T: -0.377933 Q: 2.04436
T: -0.276925 Q: 1.62178
T: -0.167325 Q: 4.31495
T: -0.0524638 Q: -0.00295251
T: 0.0641697 Q: -0.00357998
T: 0.179031 Q: 1.12748
T: 0.288631 Q: -0.00497723
T: 0.389639 Q: 1.47911
T: 0.478985 Q: 1.14985
T: 0.553956 Q: -0.00626258
T: 0.612272 Q: -0.0110797
T: 0.652163 Q: -0.0130273
T: 0.672417 Q: -0.00966788
T: 0.672417 Q: 1.11887
T: 0.652163 Q: -0.0174783
T: 0.612272 Q: -0.0231358
T: 0.553956 Q: -0.0177864
T: 0.478985 Q: -0.0178522
T: 0.389639 Q: 1.34686
T: 0.288631 Q: -0.0111646
T: 0.179031 Q: -0.0116579
T: 0.0641697 Q: 2.25083
Sec_Event 18277498 N50: 32
T: -0.229974 Q: -0.0436474
T: -0.341674 Q: 0.92376
T: -0.448256 Q: -0.0183537
T: -0.546483 Q: -0.0148442
T: -0.63337 Q: -0.00800299
T: -0.706277 Q: -0.0046935
T: -0.762988 Q: 1.14413
T: -0.801781 Q: -0.0022559
T: -0.821477 Q: -0.00340203
T: -0.821477 Q: -0.00333965
T: -0.801781 Q: -0.0037247
T: -0.762988 Q: -0.00464696
T: -0.706277 Q: -0.00613924
T: -0.63337 Q: 2.10107
T: -0.546483 Q: 2.32599
T: -0.448256 Q: -0.0160895
T: -0.341674 Q: -0.0244973
T: -0.229974 Q: -0.0201459
T: -0.116551 Q: 1.20627
T: -0.00485184 Q: -0.0215929
T: 0.101731 Q: -0.0275731
T: 0.199958 Q: -0.0321865
T: 0.286845 Q: -0.0435506
T: 0.359751 Q: -0.0433417
T: 0.416463 Q: 1.29368
T: 0.455256 Q: 1.25037
T: 0.474951 Q: -0.0780259
T: 0.474951 Q: -0.0675135
T: 0.455256 Q: -0.0806485
T: 0.416463 Q: -0.0689664
T: 0.359751 Q: -0.0645145
T: 0.286845 Q: -0.0544433
T: 0.199958 Q: 1.32288
T: 0.101731 Q: -0.0460387
T: -0.00485184 Q: 1.56352
T: -0.116551 Q: 1.41521
Sec_Event 18277498 N50: 35
T: -0.0948878 Q: -0.000523024
T: -0.209613 Q: -0.00134364
T: -0.319083 Q: -0.00111785
T: -0.419971 Q: 2.19376
T: -0.509211 Q: 0.931757
T: -0.584093 Q: -0.00166175
T: -0.642341 Q: -0.00307885
T: -0.682185 Q: -0.00235652
T: -0.702414 Q: -0.00165409
T: -0.702414 Q: 0.860799
T: -0.682185 Q: -0.00137897
T: -0.642341 Q: -0.00192855
T: -0.584093 Q: 1.30802
T: -0.509211 Q: 1.0641
T: -0.419971 Q: -0.000877617
T: -0.319083 Q: -0.00299017
T: -0.209613 Q: 1.2266
T: -0.0948878 Q: -0.000255202
T: 0.0216075 Q: 2.30154
T: 0.136333 Q: -0.00120282
T: 0.245803 Q: -0.000541061
T: 0.346691 Q: -0.00120076
T: 0.435931 Q: -0.00141529
T: 0.510813 Q: 1.10737
T: 0.569061 Q: -0.00180856
T: 0.608904 Q: -0.000986888
T: 0.629134 Q: -0.00366234
T: 0.629134 Q: -0.00110572
T: 0.608904 Q: -0.00196573
T: 0.569061 Q: 2.13234
T: 0.510813 Q: -0.000859669
T: 0.435931 Q: -0.00144795
T: 0.346691 Q: -0.001124
T: 0.245803 Q: -0.00307692
T: 0.136333 Q: 1.23355
T: 0.0216075 Q: -0.00195585
Sec_Event 18277498 N50: 26
T: -0.626476 Q: -0.0100959
T: -0.696087 Q: -0.00918275
T: -0.762508 Q: 1.24925
T: -0.823723 Q: -0.00475422
T: -0.87787 Q: -0.00448429
T: -0.923306 Q: -0.00292505
T: -0.958648 Q: 1.14866
T: -0.982823 Q: -0.00256543
T: -0.995098 Q: -0.00357147
T: -0.995098 Q: -0.00163847
T: -0.982823 Q: -0.0035869
T: -0.958648 Q: -0.00218138
T: -0.923306 Q: -0.00326066
T: -0.87787 Q: -0.0036954
T: -0.823723 Q: 1.34392
T: -0.762508 Q: 0.970618
T: -0.696087 Q: -0.0043369
T: -0.626476 Q: -0.00336457
T: -0.555791 Q: 1.09617
T: -0.486181 Q: -0.00152455
T: -0.419759 Q: -0.00119276
T: -0.358544 Q: -0.00120791
T: -0.304397 Q: -0.00122001
T: -0.258962 Q: -0.001317
T: -0.223619 Q: -0.00144331
T: -0.199444 Q: -0.00206882
T: -0.18717 Q: -0.00166869
T: -0.18717 Q: -0.00610947
T: -0.199444 Q: -0.00385104
T: -0.223619 Q: -0.00328445
T: -0.258962 Q: -0.00462168
T: -0.304397 Q: -0.00706652
T: -0.358544 Q: 2.06748
T: -0.419759 Q: -0.00872457
T: -0.486181 Q: -0.0104055
T: -0.555791 Q: 1.15346
Sec_Event 18444239 N50: 41
T: -0.498277 Q: -0.0383589
T: -0.589454 Q: -0.0430561
T: -0.676455 Q: 1.41747
T: -0.756635 Q: -0.0709921
T: -0.827559 Q: 1.21568
T: -0.887071 Q: -0.0721768
T: -0.933363 Q: -0.0722295
T: -0.965029 Q: -0.0602992
T: -0.981106 Q: -0.0578986
T: -0.981106 Q: 1.48042
T: -0.965029 Q: 1.61249
T: -0.933363 Q: -0.0790366
T: -0.887071 Q: -0.0501974
T: -0.827559 Q: -0.0309117
T: -0.756635 Q: 2.48968
T: -0.676455 Q: -0.0178792
T: -0.589454 Q: -0.0118403
T: -0.498277 Q: -0.00890335
T: -0.405693 Q: -0.00609408
T: -0.314515 Q: -0.0135686
T: -0.227514 Q: -0.00735785
T: -0.147334 Q: 1.22129
T: -0.0764105 Q: -0.0074281
T: -0.0168985 Q: -0.00655034
T: 0.0293936 Q: -0.00871686
T: 0.0610592 Q: 1.316
T: 0.0771363 Q: -0.00845371
T: 0.0771363 Q: -0.0146945
T: 0.0610592 Q: 1.22494
T: 0.0293936 Q: 1.27934
T: -0.0168985 Q: 2.60891
T: -0.0764105 Q: -0.021488
T: -0.147334 Q: -0.0167725
T: -0.227514 Q: 1.21466
T: -0.314515 Q: -0.0368781
T: -0.405693 Q: 1.5544
Sec_Event 18551306 N50: 29
T: 0.0389513 Q: -0.00405172
T: -0.0749358 Q: -0.00471707
T: -0.183606 Q: -0.00475951
T: -0.283756 Q: 1.09008
T: -0.372345 Q: 0.978397
T: -0.446679 Q: -0.00788684
T: -0.504501 Q: -0.0122158
T: -0.544054 Q: -0.01368
T: -0.564135 Q: -0.0208157
T: -0.564135 Q: -0.0287668
T: -0.544054 Q: -0.024084
T: -0.504501 Q: -0.0278146
T: -0.446679 Q: 1.1154
T: -0.372345 Q: 1.16507
T: -0.283756 Q: -0.0252914
T: -0.183606 Q: -0.0249219
T: -0.0749358 Q: -0.0211915
T: 0.0389513 Q: -0.0234236
T: 0.154595 Q: -0.0259223
T: 0.268482 Q: 1.18469
T: 0.377152 Q: 1.26123
T: 0.477303 Q: 1.09682
T: 0.565891 Q: -0.0330322
T: 0.640226 Q: -0.0384507
T: 0.698048 Q: -0.0331254
T: 0.7376 Q: -0.0287736
T: 0.757682 Q: -0.034462
T: 0.757682 Q: -0.0343354
T: 0.7376 Q: 1.20172
T: 0.698048 Q: 0.898207
T: 0.640226 Q: -0.0113904
T: 0.565891 Q: -0.0135054
T: 0.477303 Q: 1.26269
T: 0.377152 Q: -0.00547754
T: 0.268482 Q: -0.00598275
T: 0.154595 Q: -0.00388482
400000/418314
Sec_Event 18551306 N50: 33
T: 0.643355 Q: -0.00154663
T: 0.593271 Q: -0.00207057
T: 0.545482 Q: -0.00186306
T: 0.501439 Q: 0.907872
T: 0.462481 Q: -0.0032842
T: 0.429791 Q: -0.00226686
T: 0.404363 Q: 0.744354
T: 0.386969 Q: -0.00379778
T: 0.378138 Q: -0.00444648
T: 0.378138 Q: -0.00437636
T: 0.386969 Q: -0.00538002
T: 0.404363 Q: -0.0082638
T: 0.429791 Q: 0.737101
T: 0.462481 Q: 0.672768
T: 0.501439 Q: 0.910287
T: 0.545482 Q: -0.00457172
T: 0.593271 Q: -0.0034439
T: 0.643355 Q: -0.0014851
T: 0.694211 Q: -0.00108452
T: 0.744295 Q: 0.828857
T: 0.792084 Q: 1.13539
T: 0.836127 Q: 0.985223
T: 0.875085 Q: -0.0010972
T: 0.907775 Q: -0.00100122
T: 0.933203 Q: -0.000183034
T: 0.950597 Q: -0.000484486
T: 0.959428 Q: -0.000209903
T: 0.959428 Q: -0.000564679
T: 0.950597 Q: -0.000565607
T: 0.933203 Q: 1.10514
T: 0.907775 Q: -0.00223581
T: 0.875085 Q: -0.00083321
T: 0.836127 Q: -0.000260212
T: 0.792084 Q: 0.801584
T: 0.744295 Q: -0.000873671
T: 0.694211 Q: -0.00220497
Sec_Event 19160022 N50: 38
T: -0.636265 Q: -0.0699236
T: -0.703597 Q: 1.29973
T: -0.767845 Q: -0.0797337
T: -0.827056 Q: -0.0799467
T: -0.879431 Q: 1.5283
T: -0.923379 Q: -0.0742312
T: -0.957564 Q: -0.0591457
T: -0.980948 Q: -0.0540313
T: -0.992821 Q: 1.47039
T: -0.992821 Q: -0.0541552
T: -0.980948 Q: 1.61467
T: -0.957564 Q: -0.0684527
T: -0.923379 Q: 1.14963
T: -0.879431 Q: -0.0320533
T: -0.827056 Q: 1.14402
T: -0.767845 Q: 1.10392
T: -0.703597 Q: 1.25243
T: -0.636265 Q: -0.00849033
T: -0.567894 Q: -0.0134607
T: -0.500562 Q: -0.00900373
T: -0.436315 Q: -0.00897797
T: -0.377104 Q: -0.00899939
T: -0.324729 Q: -0.014036
T: -0.280781 Q: -0.00684625
T: -0.246596 Q: 1.09062
T: -0.223211 Q: -0.0163363
T: -0.211339 Q: -0.0112184
T: -0.211339 Q: -0.0156098
T: -0.223211 Q: -0.0169378
T: -0.246596 Q: -0.0196289
T: -0.280781 Q: -0.0239123
T: -0.324729 Q: -0.0240274
T: -0.377104 Q: -0.03248
T: -0.436315 Q: 1.35507
T: -0.500562 Q: 1.33958
T: -0.567894 Q: -0.046216

gestpm: TOTAL NUMBER PMT: WALL; TOP; BOTTOM; ALL  7650  1748  1748 11146
 *****************************
 * This is for SK-VI map      *
 *****************************
 findconsts: connection table file: /home/licheng/local/skofl/const//connection.super.dat
gexyz: PMT # FOR EACH SECTION       1  7650  7651  9398  9399 11146
gexyz: maxpm,nlwal     11146      7650
 findconsts: connection table1 file: /home/licheng/local/skofl/const//connection.super.dat
 findconsts: connection table2 file: /home/licheng/local/skofl/const//connection.super.sk-5.dat
 findfile: checking /home/licheng/local/skofl/const//misch3.dat
 findfile: found /home/licheng/local/skofl/const//misch3.dat
 findconsts: mis channel file: /home/licheng/local/skofl/const//misch3.dat
 findfile: checking /home/licheng/local/skofl/const//skpmt_sk5.dat
 findfile: found /home/licheng/local/skofl/const//skpmt_sk5.dat
 findconsts: pmt file: /home/licheng/local/skofl/const//skpmt_sk5.dat
gestpma: TOTAL NUMBER anti PMT: WALL; TOP; BOTTOM; ALL  1275   302   308  1885
gexyza: anti PMT # FOR EACH SECTION       1  1275  1276  1577  1578  1885
 maxpma,nlwala      1885      1275
 skbadch: log_level =            0
 findconsts: badch.090457 file: /home/licheng/local/skofl/const//badch/badch.090457
 findconsts: bad channel file: /home/licheng/local/skofl/const//badch.dat
 findconsts: badch.090457 file: /home/licheng/local/skofl/const//badch/badch.090457
 skdark: log_level =            0
 findconsts: darkr.090457.root file: /home/licheng/local/skofl/const//darkr/darkr.090457.root
 findconsts: badsub SK-I 1 file: /home/licheng/local/skofl/const//lowe/badsub.sk.r1742-3051.r3208-3608
 nbad 1 =         1851
 findconsts: badsub SK-I 2 file: /home/licheng/local/skofl/const//lowe/badsub.sk.realtim
 nbad 2 =        17511
 findconsts: badsub SK-I 3 file: /home/licheng/local/skofl/const//lowe/badsub.sk.manual.1260day
 nbad 3 =        21939
 findconsts: badsub SK-I 4 file: /home/licheng/local/skofl/const//lowe/badsub.sk.sle.1260day
 nbad 4 =        28004
 findconsts: badsub SK-I 5 file: /home/licheng/local/skofl/const//lowe/badsub.sk.manual
 nbad 5 =        28105
 findconsts: badsub SK-I 6 file: /home/licheng/local/skofl/const//lowe/badsub.sk.sle
 nbad 6 =        28105
 findconsts: badsub SK-II 1 file: /home/licheng/local/skofl/const//lowe/badsub.sk2.manual
 nbad_sk2 SK-II 1 =        27759
 findconsts: badsub SK-III 1 file: /home/licheng/local/skofl/const//lowe/badsub.sk3.manual
 nbad_sk3 SK-III 1 =         4149
 findconsts: badsub SK-IV file: /home/licheng/local/skofl/const//lowe/badsub.sk4.manual
 nbad_sk4 SK-IV =        66921
 read local badsub.sk5.manual.local
 nbad_sk5 SK-V =         2595
 read local badsub.sk6.manual.local
 nbad_sk6 SK-VI (Gd) =         7717
 findconsts: skcoverage_barrel file: /home/licheng/local/skofl/const//lowe/skcov_b_p3.dat
 findconsts: nearest neighbor file: /home/licheng/local/skofl/const//neighb.dat
 neighbsk: reading neighbor file /home/licheng/local/skofl/const//neighb.dat
 findconsts: skcoverage_sk4_final file: /home/licheng/local/skofl/const//lowe/skcov_c_p3.dat
