Output file: output/wt_090473.root input file:/disk03/lowe10/sk7/sle/lomugd.090473.root
 Id of this manager : 10
InitReadRoot: total = 206908
RUNINFO found in the rare list
SK geometry setting: 6
***** Dummy rgetvalue was called. (Remote File Access is not supported) *****
==========WT:========== 13437.3 13815.7 12535.3
0/206908
Sec_Event 898661 N50: 28
T: -0.085281 Q: 6.86774
T: -0.20007 Q: 1.35426
T: -0.309601 Q: -0.0371217
T: -0.410545 Q: -0.0490498
T: -0.499835 Q: -0.05255
T: -0.574759 Q: -0.0407172
T: -0.633039 Q: -0.0362668
T: -0.672905 Q: 0.908125
T: -0.693145 Q: -0.0221139
T: -0.693145 Q: -0.017841
T: -0.672905 Q: -0.0140493
T: -0.633039 Q: 1.78516
T: -0.574759 Q: -0.00209226
T: -0.499835 Q: -0.00221947
T: -0.410545 Q: 0.998933
T: -0.20007 Q: -0.00150787
T: 0.0312792 Q: -0.0021382
T: 0.146068 Q: -0.00227696
T: 0.255599 Q: -0.0015638
T: 0.356543 Q: -0.0021698
T: 0.445833 Q: -0.00182027
T: 0.520757 Q: -0.00434304
T: 0.579037 Q: -0.00417292
T: 0.618903 Q: -0.0086775
T: 0.639143 Q: -0.0178963
T: 0.639143 Q: -0.0162631
T: 0.618903 Q: -0.0257112
T: 0.579037 Q: -0.0312178
T: 0.520757 Q: -0.0357079
T: 0.445833 Q: -0.0347063
T: 0.356543 Q: -0.0421436
T: 0.255599 Q: 2.18772
T: 0.146068 Q: 1.26612
T: 0.0312792 Q: 1.52593
Sec_Event 1227475 N50: 33
T: 0.219446 Q: -0.0312636
T: 0.112653 Q: -0.0369177
T: 0.0107526 Q: -0.0268094
T: -0.0831596 Q: 1.09137
T: -0.16623 Q: -0.0307556
T: -0.235934 Q: 0.970901
T: -0.290154 Q: -0.0273413
T: -0.327243 Q: -0.0153622
T: -0.346074 Q: -0.0140234
T: -0.346074 Q: 0.830899
T: -0.327243 Q: -0.00554799
T: -0.290154 Q: 0.817383
T: -0.235934 Q: 1.01559
T: -0.16623 Q: 0.883778
T: -0.0831596 Q: -0.00113658
T: 0.0107526 Q: 1.01056
T: 0.112653 Q: -0.000881559
T: 0.219446 Q: -0.0017803
T: 0.327887 Q: -0.000731319
T: 0.43468 Q: -0.00116581
T: 0.536581 Q: -0.0017825
T: 0.630493 Q: -0.00124261
T: 0.713563 Q: 1.01495
T: 0.783267 Q: -0.00316993
T: 0.837487 Q: -0.00304631
T: 0.874576 Q: -0.00171683
T: 0.893407 Q: -0.00364912
T: 0.893407 Q: -0.00157064
T: 0.874576 Q: -0.00256616
T: 0.837487 Q: -0.00365771
T: 0.783267 Q: 2.05656
T: 0.713563 Q: -0.00471875
T: 0.630493 Q: 1.83235
T: 0.536581 Q: -0.0128681
T: 0.43468 Q: 1.91742
T: 0.327887 Q: -0.0317753
Sec_Event 1628089 N50: 30
T: 0.31909 Q: -0.015281
T: 0.219446 Q: -0.0129351
T: 0.124366 Q: 1.30636
T: 0.0367402 Q: -0.0163847
T: -0.0407694 Q: 1.19791
T: -0.105808 Q: 1.28971
T: -0.156398 Q: 1.44397
T: -0.191005 Q: -0.0270885
T: -0.208575 Q: -0.0326174
T: -0.208575 Q: -0.034656
T: -0.191005 Q: -0.0504558
T: -0.156398 Q: -0.0352636
T: -0.105808 Q: 1.6624
T: -0.0407694 Q: -0.0443339
T: 0.0367402 Q: -0.0403447
T: 0.124366 Q: 1.72398
T: 0.219446 Q: -0.0515254
T: 0.31909 Q: -0.0566386
T: 0.420272 Q: -0.0527791
T: 0.519916 Q: -0.0524958
T: 0.614995 Q: 1.16213
T: 0.702621 Q: 1.07242
T: 0.780131 Q: -0.0361504
T: 0.845169 Q: -0.0245089
T: 0.89576 Q: -0.0218666
T: 0.930366 Q: -0.0217705
T: 0.947936 Q: -0.0189465
T: 0.947936 Q: -0.0236573
T: 0.930366 Q: 1.20561
T: 0.89576 Q: -0.0210951
T: 0.845169 Q: -0.0303694
T: 0.780131 Q: -0.0277045
T: 0.702621 Q: 1.04987
T: 0.614995 Q: 1.31893
T: 0.519916 Q: -0.0129831
T: 0.420272 Q: 1.07324
Sec_Event 1719192 N50: 39
T: -0.740658 Q: -0.00141261
T: -0.762523 Q: 0.906864
T: -0.783387 Q: -0.00128365
T: -0.802616 Q: -0.00138432
T: -0.819624 Q: 0.69514
T: -0.833896 Q: -0.00216696
T: -0.844997 Q: -0.00160689
T: -0.852591 Q: 0.848461
T: -0.856447 Q: 0.963323
T: -0.856447 Q: -0.00324674
T: -0.852591 Q: 1.18075
T: -0.844997 Q: -0.00323507
T: -0.833896 Q: 1.01434
T: -0.819624 Q: -0.00393831
T: -0.802616 Q: 0.927983
T: -0.783387 Q: 1.12502
T: -0.762523 Q: -0.00530314
T: -0.740658 Q: -0.0057084
T: -0.718454 Q: 1.21177
T: -0.696589 Q: 1.06398
T: -0.675725 Q: -0.00896221
T: -0.656496 Q: -0.00866649
T: -0.639488 Q: -0.0094842
T: -0.625216 Q: 1.9206
T: -0.614115 Q: -0.0114582
T: -0.606521 Q: 0.96621
T: -0.602665 Q: -0.0164332
T: -0.602665 Q: -0.00954489
T: -0.606521 Q: -0.00921904
T: -0.614115 Q: -0.00617862
T: -0.625216 Q: 2.57406
T: -0.639488 Q: -0.00435062
T: -0.656496 Q: 0.709691
T: -0.675725 Q: 0.750287
T: -0.696589 Q: 0.900173
T: -0.718454 Q: -0.00128661
Sec_Event 2022774 N50: 44
T: 0.196583 Q: -0.0100248
T: 0.0884936 Q: -0.011005
T: -0.0146442 Q: 1.16538
T: -0.109696 Q: 3.72316
T: -0.193775 Q: -0.00780967
T: -0.264325 Q: -0.00935637
T: -0.319204 Q: -0.0106243
T: -0.356743 Q: -0.0100807
T: -0.375802 Q: 1.20029
T: -0.375802 Q: -0.0131891
T: -0.356743 Q: -0.018455
T: -0.319204 Q: -0.0111622
T: -0.264325 Q: -0.010928
T: -0.193775 Q: -0.00929944
T: -0.109696 Q: 1.1382
T: -0.0146442 Q: -0.00948321
T: 0.0884936 Q: -0.0108035
T: 0.196583 Q: -0.0121378
T: 0.30634 Q: -0.0120971
T: 0.414429 Q: -0.00975519
T: 0.517567 Q: -0.0161186
T: 0.612619 Q: 1.1673
T: 0.696698 Q: 0.941747
T: 0.767248 Q: -0.0184715
T: 0.822127 Q: -0.0175077
T: 0.859666 Q: -0.0209909
T: 0.878725 Q: -0.0218996
T: 0.878725 Q: 1.19467
T: 0.859666 Q: -0.0160791
T: 0.822127 Q: -0.0155152
T: 0.767248 Q: 1.22177
T: 0.696698 Q: 1.02694
T: 0.612619 Q: -0.0214319
T: 0.517567 Q: -0.0173031
T: 0.414429 Q: 1.18192
T: 0.30634 Q: -0.0124131
Sec_Event 2615960 N50: 41
T: -0.37362 Q: 1.09249
T: -0.477215 Q: -0.00137995
T: -0.576064 Q: -0.000859923
T: -0.667164 Q: 1.12052
T: -0.747746 Q: 1.24037
T: -0.815363 Q: -0.000658424
T: -0.903938 Q: -0.000897106
T: -0.903938 Q: 1.06699
T: -0.815363 Q: -0.0009966
T: -0.747746 Q: -0.000301129
T: -0.667164 Q: -0.000533623
T: -0.576064 Q: 0.968965
T: -0.477215 Q: -0.0017897
T: -0.37362 Q: 1.81152
T: -0.268426 Q: -0.00885521
T: -0.164831 Q: 1.70516
T: -0.0659822 Q: 2.40972
T: 0.0251177 Q: 1.30566
T: 0.1057 Q: -0.00487884
T: 0.173317 Q: 0.950045
T: 0.225914 Q: 2.25434
T: 0.261892 Q: -0.00255476
T: 0.280158 Q: -0.00210657
T: 0.280158 Q: -0.00213349
T: 0.261892 Q: -0.00193025
T: 0.225914 Q: -0.00118506
T: 0.173317 Q: -0.000887744
T: 0.1057 Q: 1.30362
T: 0.0251177 Q: 4.35258
T: -0.0659822 Q: -0.00136809
T: -0.164831 Q: -0.00137381
T: -0.268426 Q: -0.00104434
Sec_Event 3068419 N50: 27
T: -0.745403 Q: -0.0113595
T: -0.753415 Q: -0.0116551
T: -0.761061 Q: -0.00871891
T: -0.768107 Q: -0.00893848
T: -0.77434 Q: -0.0137308
T: -0.77957 Q: -0.0171139
T: -0.783638 Q: -0.0196777
T: -0.78642 Q: -0.0276194
T: -0.787833 Q: 0.971927
T: -0.787833 Q: 1.0511
T: -0.78642 Q: -0.0515514
T: -0.783638 Q: -0.0636992
T: -0.77957 Q: -0.0557347
T: -0.77434 Q: -0.0586158
T: -0.768107 Q: 1.1616
T: -0.761061 Q: 1.05988
T: -0.753415 Q: -0.0673878
T: -0.745403 Q: -0.0815303
T: -0.737266 Q: -0.0706112
T: -0.729254 Q: -0.0636025
T: -0.721608 Q: 1.29485
T: -0.714562 Q: -0.061522
T: -0.708329 Q: 1.10641
T: -0.703099 Q: -0.0563253
T: -0.699031 Q: -0.0481423
T: -0.696249 Q: -0.0351863
T: -0.694836 Q: -0.0257821
T: -0.694836 Q: 1.04611
T: -0.696249 Q: -0.0201432
T: -0.699031 Q: 0.992266
T: -0.703099 Q: -0.0132081
T: -0.708329 Q: -0.0123236
T: -0.714562 Q: -0.0121355
T: -0.721608 Q: -0.00805167
T: -0.729254 Q: -0.00638352
T: -0.737266 Q: -0.0104578
Sec_Event 3337595 N50: 25
100000/206908
Sec_Event 4853911 N50: 31
T: -0.653779 Q: 0.924155
T: -0.716673 Q: -0.0524541
T: -0.776685 Q: -0.0847536
T: -0.831993 Q: -0.0685615
T: -0.880915 Q: -0.0571285
T: -0.921966 Q: -0.05514
T: -0.953898 Q: 1.29196
T: -0.975741 Q: -0.0460496
T: -0.98683 Q: 1.40943
T: -0.98683 Q: 1.34309
T: -0.975741 Q: -0.059053
T: -0.953898 Q: -0.0804047
T: -0.921966 Q: -0.0232395
T: -0.880915 Q: -0.0145649
T: -0.831993 Q: 0.868057
T: -0.776685 Q: 1.01243
T: -0.716673 Q: 0.900124
T: -0.653779 Q: 1.30919
T: -0.589915 Q: -0.0012165
T: -0.527022 Q: -0.00143238
T: -0.467009 Q: -0.0215128
T: -0.411702 Q: 1.10225
T: -0.362779 Q: -0.00111007
T: -0.321728 Q: -0.000757958
T: -0.289797 Q: -0.00229472
T: -0.267954 Q: 1.0831
T: -0.256864 Q: -0.00268537
T: -0.256864 Q: -0.00271883
T: -0.267954 Q: -0.00356429
T: -0.289797 Q: 1.02304
T: -0.321728 Q: -0.0112744
T: -0.362779 Q: -0.00669889
T: -0.411702 Q: 1.10358
T: -0.467009 Q: -0.0182003
T: -0.527022 Q: -0.0194432
T: -0.589915 Q: -0.0281268
Sec_Event 5296436 N50: 49
T: 0.428536 Q: 1.13426
T: 0.340004 Q: -0.000503083
T: 0.177673 Q: 1.53082
T: 0.108807 Q: 1.15535
T: -0.0246741 Q: 1.47683
T: -0.0246741 Q: 1.16334
T: 0.0510219 Q: -0.000308161
T: 0.177673 Q: -0.000660508
T: 0.255527 Q: -0.000237801
T: 0.340004 Q: 0.895872
T: 0.428536 Q: 0.941331
T: 0.518434 Q: 0.965534
T: 0.606967 Q: -0.00136924
T: 0.691443 Q: -0.00180197
T: 0.769297 Q: 1.14822
T: 0.838163 Q: -0.00240332
T: 0.895949 Q: -0.000857766
T: 0.940898 Q: -0.00125477
T: 0.971645 Q: 1.63712
T: 0.987255 Q: -0.000865409
T: 0.987255 Q: -0.000711887
T: 0.971645 Q: 1.12448
T: 0.940898 Q: -0.000775259
T: 0.895949 Q: 1.14207
T: 0.838163 Q: 1.04201
T: 0.769297 Q: -0.00107143
T: 0.691443 Q: -0.00204376
T: 0.606967 Q: 0.836214
T: 0.518434 Q: -0.000510224
Sec_Event 6194204 N50: 27
T: -0.37602 Q: 1.09238
T: -0.47943 Q: -0.00182899
T: -0.578102 Q: -0.00473499
T: -0.669039 Q: -0.00578675
T: -0.749477 Q: -0.00709488
T: -0.816972 Q: -0.0120509
T: -0.869475 Q: -0.0233434
T: -0.905389 Q: 0.926015
T: -0.923622 Q: -0.0443895
T: -0.923622 Q: -0.0409719
T: -0.905389 Q: -0.041674
T: -0.869475 Q: -0.0538566
T: -0.816972 Q: 1.3954
T: -0.749477 Q: -0.0695456
T: -0.669039 Q: -0.0800943
T: -0.578102 Q: -0.0864505
T: -0.47943 Q: -0.0644337
T: -0.37602 Q: 1.37287
T: -0.271016 Q: -0.0466231
T: -0.167606 Q: -0.048073
T: -0.068934 Q: -0.0485118
T: 0.0220027 Q: -0.0463446
T: 0.102441 Q: -0.030542
T: 0.169937 Q: -0.0312837
T: 0.222439 Q: -0.0275712
T: 0.258353 Q: -0.0231682
T: 0.276587 Q: 1.22722
T: 0.276587 Q: -0.0158928
T: 0.258353 Q: -0.0098744
T: 0.222439 Q: -0.00819384
T: 0.169937 Q: -0.0119551
T: 0.102441 Q: 1.17901
T: 0.0220027 Q: 1.27023
T: -0.068934 Q: -0.00290398
T: -0.167606 Q: 2.63299
T: -0.271016 Q: -0.00253365
Sec_Event 6493317 N50: 42
T: -0.117713 Q: -0.000324069
T: -0.232208 Q: -0.000326073
T: -0.341459 Q: -0.000601927
T: -0.442144 Q: 1.14182
T: -0.531206 Q: -0.000709664
T: -0.605937 Q: -0.00053065
T: -0.664068 Q: -0.00139829
T: -0.703832 Q: 0.853424
T: -0.724021 Q: 0.894053
T: -0.724021 Q: -0.00191798
T: -0.703832 Q: -0.00349882
T: -0.664068 Q: 2.33148
T: -0.605937 Q: -0.00487107
T: -0.531206 Q: 1.08507
T: -0.442144 Q: -0.00938716
T: -0.341459 Q: -0.0107533
T: -0.232208 Q: 1.1576
T: -0.117713 Q: -0.015308
T: -0.00145141 Q: -0.0123587
T: 0.113044 Q: 1.10096
T: 0.222294 Q: 0.873094
T: 0.32298 Q: -0.0154148
T: 0.412041 Q: 2.137
T: 0.486773 Q: -0.00898176
T: 0.544904 Q: 0.93255
T: 0.584668 Q: -0.00538786
T: 0.604856 Q: 0.910731
T: 0.604856 Q: -0.00250757
T: 0.584668 Q: 2.33408
T: 0.544904 Q: 2.19495
T: 0.486773 Q: -0.000574297
T: 0.412041 Q: 1.01004
T: 0.32298 Q: -0.000312169
T: 0.222294 Q: -0.000565662
T: 0.113044 Q: -0.000431055
T: -0.00145141 Q: 1.12624
Sec_Event 6493317 N50: 37
T: -0.430919 Q: -0.0384419
T: -0.529554 Q: 2.22623
T: -0.623671 Q: -0.0192619
T: -0.710409 Q: -0.00974614
T: -0.787134 Q: -0.00632543
T: -0.851513 Q: 1.30826
T: -0.901592 Q: -0.00453867
T: -0.935847 Q: -0.0043241
T: -0.953239 Q: -0.00452761
T: -0.953239 Q: -0.00409961
T: -0.935847 Q: 1.42662
T: -0.901592 Q: -0.00399115
T: -0.851513 Q: -0.00403108
T: -0.787134 Q: -0.00340134
T: -0.710409 Q: -0.00316894
T: -0.623671 Q: 1.00107
T: -0.529554 Q: 1.02879
T: -0.430919 Q: -0.0018092
T: -0.330762 Q: 2.32089
T: -0.232127 Q: 1.45666
T: -0.13801 Q: -0.00218981
T: -0.0512716 Q: -0.00292937
T: 0.025453 Q: -0.00262722
T: 0.0898325 Q: -0.00731033
T: 0.139911 Q: -0.00745554
T: 0.174167 Q: -0.00926873
T: 0.191559 Q: -0.0112688
T: 0.191559 Q: -0.0181182
T: 0.174167 Q: -0.0278204
T: 0.139911 Q: 1.12363
T: 0.0898325 Q: 1.24245
T: 0.025453 Q: -0.0354997
T: -0.0512716 Q: -0.0361286
T: -0.13801 Q: -0.0443818
T: -0.232127 Q: -0.0408659
T: -0.330762 Q: -0.0579989
Sec_Event 6493317 N50: 29
Sec_Event 6558050 N50: 44
T: -0.358328 Q: -0.00189906
T: -0.463063 Q: 1.17352
T: -0.562999 Q: 1.45791
T: -0.655101 Q: 1.09581
T: -0.736571 Q: -0.00612221
T: -0.804931 Q: 1.00758
T: -0.858106 Q: -0.00727288
T: -0.89448 Q: -0.00897013
T: -0.912948 Q: -0.00642484
T: -0.912948 Q: -0.00659121
T: -0.89448 Q: -0.00927588
T: -0.858106 Q: -0.0140938
T: -0.804931 Q: -0.0124485
T: -0.736571 Q: 1.222
T: -0.655101 Q: -0.0150892
T: -0.562999 Q: 1.14774
T: -0.463063 Q: -0.014978
T: -0.358328 Q: -0.0135983
T: -0.251978 Q: 1.12212
T: -0.147243 Q: -0.00820416
T: -0.0473066 Q: -0.00861551
T: 0.0447954 Q: -0.0073455
T: 0.126264 Q: 1.13911
T: 0.194625 Q: 1.18009
T: 0.2478 Q: -0.00649037
T: 0.284174 Q: -0.00403096
T: 0.302642 Q: 2.26667
T: 0.302642 Q: -0.00267963
T: 0.284174 Q: -0.00272381
T: 0.2478 Q: 1.47271
T: 0.194625 Q: -0.0092177
T: 0.126264 Q: -0.0017556
T: 0.0447954 Q: -0.000893467
T: -0.0473066 Q: -0.00240421
T: -0.147243 Q: 1.15822
T: -0.251978 Q: -0.00183167
Sec_Event 6558050 N50: 35
T: -0.13255 Q: 2.81095
T: -0.246837 Q: -0.0337273
T: -0.355887 Q: 1.6266
T: -0.456389 Q: -0.040714
T: -0.545287 Q: 2.27494
T: -0.619882 Q: 1.21102
T: -0.677907 Q: -0.0154875
T: -0.717598 Q: -0.013657
T: -0.73775 Q: -0.0134176
T: -0.73775 Q: 2.6646
T: -0.717598 Q: -0.0115385
T: -0.677907 Q: -0.0141741
T: -0.619882 Q: -0.0203493
T: -0.545287 Q: -0.0230264
T: -0.456389 Q: 1.30809
T: -0.355887 Q: -0.0192532
T: -0.246837 Q: 1.23679
T: -0.13255 Q: -0.0143722
T: -0.0165013 Q: 1.2239
T: 0.0977848 Q: 1.2896
T: 0.206835 Q: -0.0218867
T: 0.307337 Q: -0.0188991
T: 0.396236 Q: 1.18359
T: 0.470831 Q: -0.0436361
T: 0.528855 Q: -0.0488268
T: 0.568546 Q: 1.05859
T: 0.588698 Q: -0.0576056
T: 0.588698 Q: -0.0720671
T: 0.568546 Q: -0.0560047
T: 0.528855 Q: -0.0778831
T: 0.470831 Q: -0.051947
T: 0.396236 Q: 1.59978
T: 0.307337 Q: -0.0493178
T: 0.206835 Q: -0.0352229
T: 0.0977848 Q: -0.0398613
T: -0.0165013 Q: 2.66113
Sec_Event 7345592 N50: 52
T: -0.327033 Q: -0.0121818
T: -0.43388 Q: 2.69152
T: -0.535832 Q: -0.012579
T: -0.629791 Q: 1.06145
T: -0.712903 Q: 0.770853
T: -0.782643 Q: 0.794742
T: -0.83689 Q: -0.0217018
T: -0.873998 Q: 1.3962
T: -0.892838 Q: 1.5496
T: -0.892838 Q: -0.00794057
T: -0.873998 Q: -0.0027581
T: -0.83689 Q: 1.05833
T: -0.782643 Q: 1.02842
T: -0.712903 Q: 1.28056
T: -0.629791 Q: 1.17817
T: -0.43388 Q: 1.51942
T: -0.218538 Q: 1.27584
T: -0.111691 Q: 1.60765
T: -0.00973873 Q: -0.000403348
T: 0.167333 Q: -0.000659216
T: 0.237072 Q: 1.50888
T: 0.29132 Q: 1.67623
T: 0.328427 Q: 1.44396
T: 0.347267 Q: 1.47424
T: 0.347267 Q: -0.000782836
T: 0.328427 Q: -0.00105306
T: 0.29132 Q: 0.969183
T: 0.237072 Q: 0.98482
T: 0.167333 Q: 1.00175
T: 0.0842208 Q: -0.00492152
T: -0.00973873 Q: 0.889292
T: -0.111691 Q: 0.889297
T: -0.218538 Q: 2.00972
Sec_Event 7462881 N50: 29
T: 0.617974 Q: -0.00360471
T: 0.561386 Q: -0.0041634
T: 0.50739 Q: -0.00212231
T: 0.457627 Q: -0.00355776
T: 0.413609 Q: -0.00405205
T: 0.376673 Q: 1.01514
T: 0.347942 Q: -0.00431202
T: 0.328289 Q: -0.00591978
T: 0.318311 Q: -0.00726383
T: 0.318311 Q: -0.0128844
T: 0.328289 Q: -0.0143873
T: 0.347942 Q: -0.0205533
T: 0.376673 Q: -0.0197963
T: 0.413609 Q: -0.0198204
T: 0.457627 Q: -0.032631
T: 0.50739 Q: -0.0313114
T: 0.561386 Q: -0.0391992
T: 0.617974 Q: -0.058434
T: 0.675435 Q: -0.0759673
T: 0.732024 Q: -0.0848958
T: 0.78602 Q: -0.0886943
T: 0.835783 Q: 1.22735
T: 0.879801 Q: -0.0688059
T: 0.916736 Q: -0.0569555
T: 0.945467 Q: 3.93684
T: 0.96512 Q: -0.0511615
T: 0.975098 Q: 1.12412
T: 0.975098 Q: -0.0551864
T: 0.96512 Q: -0.0577447
T: 0.945467 Q: -0.0613423
T: 0.916736 Q: 1.37947
T: 0.879801 Q: -0.0133847
T: 0.835783 Q: 0.981994
T: 0.78602 Q: -0.00593692
T: 0.732024 Q: -0.00547296
T: 0.675435 Q: -0.00292417
Sec_Event 7835781 N50: 36
T: 0.710894 Q: 1.31085
T: 0.685013 Q: 1.07812
T: 0.660317 Q: 4.20601
T: 0.637558 Q: 1.26133
T: 0.617425 Q: -0.040159
T: 0.600533 Q: -0.0394009
T: 0.587392 Q: 3.05647
T: 0.578404 Q: -0.0488363
T: 0.57384 Q: -0.0516822
T: 0.57384 Q: -0.0446995
T: 0.578404 Q: 3.39583
T: 0.587392 Q: -0.0506554
T: 0.600533 Q: 1.42281
T: 0.617425 Q: -0.0509143
T: 0.637558 Q: -0.0476632
T: 0.660317 Q: -0.0553551
T: 0.685013 Q: 1.32387
T: 0.710894 Q: -0.0431844
T: 0.737175 Q: 1.2741
T: 0.763056 Q: -0.0379853
T: 0.787752 Q: -0.0242606
T: 0.810512 Q: -0.0237835
T: 0.830644 Q: -0.0224503
T: 0.847537 Q: 1.40789
T: 0.860677 Q: -0.0155853
T: 0.869666 Q: 1.32868
T: 0.874229 Q: -0.027434
T: 0.874229 Q: -0.0130307
T: 0.869666 Q: -0.0111302
T: 0.860677 Q: 1.04797
T: 0.847537 Q: -0.0159887
T: 0.830644 Q: -0.0151504
T: 0.810512 Q: 0.942707
T: 0.787752 Q: -0.0142956
T: 0.763056 Q: -0.0226378
T: 0.737175 Q: -0.0248536
Sec_Event 7835781 N50: 37
T: 0.0549603 Q: -0.0282336
T: -0.0585786 Q: -0.0276362
T: -0.166916 Q: 2.93839
T: -0.26676 Q: -0.030921
T: -0.355078 Q: 1.37989
T: -0.429185 Q: -0.0423139
T: -0.48683 Q: -0.0448432
T: -0.526262 Q: -0.053291
T: -0.546282 Q: -0.052832
T: -0.546282 Q: 2.70528
T: -0.526262 Q: -0.0460664
T: -0.48683 Q: -0.0411123
T: -0.429185 Q: -0.0396349
T: -0.355078 Q: -0.0296719
T: -0.26676 Q: -0.0283952
T: -0.166916 Q: 1.35556
T: -0.0585786 Q: 2.68833
T: 0.0549603 Q: -0.0231779
T: 0.170251 Q: -0.034243
T: 0.28379 Q: -0.0230034
T: 0.392127 Q: -0.0359873
T: 0.491971 Q: 1.37622
T: 0.580289 Q: 1.22327
T: 0.654396 Q: -0.0427607
T: 0.712041 Q: -0.0335399
T: 0.751473 Q: -0.0292979
T: 0.771493 Q: -0.0323618
T: 0.771493 Q: -0.0301565
T: 0.751473 Q: 1.44044
T: 0.712041 Q: -0.0370579
T: 0.654396 Q: 1.54363
T: 0.580289 Q: 1.25635
T: 0.491971 Q: -0.0457381
T: 0.392127 Q: 2.89711
T: 0.28379 Q: -0.0304101
T: 0.170251 Q: -0.0421208
Sec_Event 7835781 N50: 40
T: -0.247323 Q: -0.0125376
T: -0.358331 Q: -0.0152595
T: -0.464254 Q: -0.0216754
T: -0.561873 Q: -0.0249722
T: -0.648221 Q: 1.02361
T: -0.720677 Q: -0.0294719
T: -0.777037 Q: -0.0299492
T: -0.81559 Q: -0.0251882
T: -0.835164 Q: 1.18762
T: -0.835164 Q: -0.0265817
T: -0.81559 Q: -0.0252571
T: -0.777037 Q: 1.18164
T: -0.720677 Q: -0.0383809
T: -0.648221 Q: -0.0533297
T: -0.561873 Q: -0.0468662
T: -0.464254 Q: -0.0487898
T: -0.358331 Q: 1.15668
T: -0.247323 Q: 1.18499
T: -0.134602 Q: -0.034286
T: -0.0235944 Q: 2.59775
T: 0.0823283 Q: -0.0449055
T: 0.179947 Q: -0.0491158
T: 0.266296 Q: -0.0406703
T: 0.338751 Q: -0.0661826
T: 0.395112 Q: -0.0403971
T: 0.433664 Q: -0.0417267
T: 0.453238 Q: -0.0370108
T: 0.453238 Q: 1.33041
T: 0.433664 Q: 1.03444
T: 0.395112 Q: -0.0343549
T: 0.338751 Q: -0.0334359
T: 0.266296 Q: -0.025626
T: 0.179947 Q: -0.019809
T: 0.0823283 Q: -0.0179433
T: -0.0235944 Q: -0.0144477
T: -0.134602 Q: -0.0136086
Sec_Event 7835781 N50: 28
T: 0.322141 Q: -0.0289385
T: 0.222757 Q: 1.19348
T: 0.127926 Q: -0.0267118
T: 0.0405288 Q: 1.15448
T: -0.0367784 Q: -0.030436
T: -0.101647 Q: 1.13384
T: -0.152106 Q: -0.0322801
T: -0.186621 Q: -0.0372582
T: -0.204146 Q: -0.0416321
T: -0.204146 Q: -0.0408971
T: -0.186621 Q: -0.0429361
T: -0.152106 Q: 2.31129
T: -0.101647 Q: -0.0351981
T: -0.0367784 Q: -0.0321274
T: 0.0405288 Q: -0.0281338
T: 0.127926 Q: -0.0276801
T: 0.222757 Q: -0.0302109
T: 0.322141 Q: -0.0323384
T: 0.423059 Q: -0.0419678
T: 0.522443 Q: -0.046693
T: 0.617275 Q: -0.0316816
T: 0.704672 Q: -0.0337836
T: 0.781979 Q: 2.07445
T: 0.846847 Q: -0.0174565
T: 0.897306 Q: 1.14267
T: 0.931822 Q: -0.0144616
T: 0.949346 Q: -0.011905
T: 0.949346 Q: -0.0135616
T: 0.931822 Q: -0.0145928
T: 0.897306 Q: -0.0218654
T: 0.846847 Q: 1.17013
T: 0.781979 Q: -0.021213
T: 0.704672 Q: -0.0279274
T: 0.617275 Q: -0.0342102
T: 0.522443 Q: 1.14601
T: 0.423059 Q: -0.032971
Sec_Event 7835781 N50: 42
T: 0.0879732 Q: -0.0194394
T: -0.0246791 Q: -0.0175818
T: -0.132171 Q: -0.0214463
T: -0.231235 Q: -0.0183217
T: -0.318863 Q: -0.0186909
T: -0.392392 Q: -0.0210302
T: -0.449587 Q: -0.0150986
T: -0.488711 Q: -0.0169834
T: -0.508574 Q: -0.0187602
T: -0.508574 Q: -0.0137996
T: -0.488711 Q: 2.38235
T: -0.449587 Q: -0.012256
T: -0.392392 Q: 1.09638
T: -0.318863 Q: -0.0107132
T: -0.231235 Q: 2.51565
T: -0.132171 Q: -0.0106279
T: -0.0246791 Q: 1.16437
T: 0.0879732 Q: -0.0076345
T: 0.202363 Q: -0.0103076
T: 0.315016 Q: -0.0104267
T: 0.422507 Q: -0.0144086
T: 0.521572 Q: 2.24537
T: 0.6092 Q: -0.0204588
T: 0.682728 Q: 1.38889
T: 0.739923 Q: 0.987474
T: 0.779047 Q: -0.0576256
T: 0.798911 Q: -0.0425939
T: 0.798911 Q: -0.0593817
T: 0.779047 Q: 2.49683
T: 0.739923 Q: -0.0771791
T: 0.682728 Q: -0.055035
T: 0.6092 Q: -0.0428394
T: 0.521572 Q: 1.14209
T: 0.422507 Q: 2.27941
T: 0.315016 Q: -0.0280149
T: 0.202363 Q: 2.68988
Sec_Event 7875839 N50: 30
T: -0.398559 Q: -0.0513311
T: -0.500135 Q: -0.0602824
T: -0.597057 Q: -0.0693292
T: -0.686381 Q: -0.0923517
T: -0.765392 Q: -0.0894626
T: -0.831691 Q: 1.49847
T: -0.883262 Q: -0.0574356
T: -0.918539 Q: 1.48639
T: -0.936449 Q: 1.46158
T: -0.936449 Q: -0.0488079
T: -0.918539 Q: -0.0507659
T: -0.883262 Q: -0.0583268
T: -0.831691 Q: -0.0671612
T: -0.765392 Q: 1.01015
T: -0.686381 Q: -0.0502425
T: -0.597057 Q: -0.0347615
T: -0.500135 Q: 1.14426
T: -0.398559 Q: -0.0404937
T: -0.295417 Q: -0.029861
T: -0.193842 Q: -0.0347184
T: -0.0969199 Q: -0.0320122
T: -0.00759605 Q: -0.0341146
T: 0.0714155 Q: -0.0398455
T: 0.137714 Q: 1.40193
T: 0.189285 Q: -0.0445844
T: 0.224562 Q: -0.0522789
T: 0.242472 Q: -0.0405956
T: 0.242472 Q: 1.71992
T: 0.224562 Q: -0.0651389
T: 0.189285 Q: -0.0572705
T: 0.137714 Q: -0.0623839
T: 0.0714155 Q: 2.62005
T: -0.00759605 Q: -0.0631599
T: -0.0969199 Q: -0.0546713
T: -0.193842 Q: -0.0469103
T: -0.295417 Q: -0.0534264
Sec_Event 8038849 N50: 31
T: -0.0677055 Q: -0.0277144
T: -0.182562 Q: -0.0319175
T: -0.292156 Q: 1.41294
T: -0.393158 Q: -0.0408766
T: -0.482501 Q: -0.0580648
T: -0.557468 Q: -0.0450395
T: -0.615781 Q: 1.35295
T: -0.655671 Q: -0.0477543
T: -0.675923 Q: -0.0414178
T: -0.675923 Q: -0.0406062
T: -0.655671 Q: -0.043695
T: -0.615781 Q: 2.40633
T: -0.557468 Q: 2.92267
T: -0.482501 Q: -0.0324893
T: -0.393158 Q: -0.0190733
T: -0.292156 Q: -0.0168666
T: -0.182562 Q: -0.0241939
T: -0.0677055 Q: 1.3484
T: 0.0489223 Q: -0.0134454
T: 0.163778 Q: -0.0196586
T: 0.273373 Q: -0.0168841
T: 0.374375 Q: 1.38074
T: 0.463717 Q: -0.0252234
T: 0.538684 Q: -0.0238649
T: 0.596998 Q: -0.0260061
T: 0.636887 Q: 1.30268
T: 0.65714 Q: -0.0306937
T: 0.65714 Q: -0.0269258
T: 0.636887 Q: -0.0287337
T: 0.596998 Q: -0.0268045
T: 0.538684 Q: 1.09435
T: 0.463717 Q: -0.0321998
T: 0.374375 Q: -0.0357273
T: 0.273373 Q: -0.0364387
T: 0.163778 Q: 2.50755
T: 0.0489223 Q: -0.0254617
Sec_Event 8307168 N50: 34
T: 0.319304 Q: -0.00214602
T: 0.219677 Q: -0.00330943
T: 0.124615 Q: 1.45047
T: 0.0370053 Q: -0.0012395
T: -0.0404901 Q: 1.09117
T: -0.105517 Q: 1.5382
T: -0.156098 Q: -0.00126429
T: -0.190698 Q: -0.00331262
T: -0.208265 Q: -0.000962599
T: -0.190698 Q: 1.20524
T: -0.156098 Q: 1.2497
T: -0.105517 Q: -0.000610698
T: -0.0404901 Q: -0.00226613
T: 0.0370053 Q: -0.00189261
T: 0.124615 Q: -0.00360362
T: 0.219677 Q: -0.00178086
T: 0.319304 Q: -0.00148175
T: 0.420467 Q: 1.09851
T: 0.520093 Q: 1.22295
T: 0.615155 Q: -0.00518538
T: 0.702765 Q: 0.909063
T: 0.780261 Q: -0.00533484
T: 0.845287 Q: 0.882756
T: 0.895869 Q: -0.00866345
T: 0.930469 Q: 2.10164
T: 0.948035 Q: -0.0108626
T: 0.948035 Q: -0.00758662
T: 0.930469 Q: -0.00963738
T: 0.895869 Q: 2.56298
T: 0.845287 Q: -0.0100034
T: 0.780261 Q: -0.0145932
T: 0.702765 Q: -0.00974084
T: 0.615155 Q: -0.00773795
T: 0.520093 Q: -0.00886533
T: 0.420467 Q: -0.00352692
Sec_Event 8307168 N50: 33
T: 0.0918021 Q: -0.00138288
T: -0.0207326 Q: -0.001218
T: -0.128112 Q: -0.00281254
T: -0.227073 Q: -0.00129308
T: -0.31461 Q: -0.00174974
T: -0.388062 Q: -0.00214782
T: -0.445197 Q: -0.00215784
T: -0.48428 Q: -0.00245002
T: -0.504123 Q: -0.00281217
T: -0.504123 Q: -0.00467787
T: -0.48428 Q: -0.00409789
T: -0.445197 Q: -0.00804102
T: -0.388062 Q: -0.00692184
T: -0.31461 Q: -0.00708517
T: -0.227073 Q: -0.0129755
T: -0.128112 Q: 2.67205
T: -0.0207326 Q: -0.00748195
T: 0.0918021 Q: 1.0071
T: 0.206073 Q: -0.0102715
T: 0.318607 Q: -0.0103168
T: 0.425987 Q: -0.014322
T: 0.524948 Q: 2.33112
T: 0.612485 Q: -0.0136467
T: 0.685936 Q: -0.0103999
T: 0.743072 Q: -0.0105792
T: 0.782155 Q: -0.00872741
T: 0.801997 Q: -0.0126178
T: 0.801997 Q: -0.0107517
T: 0.782155 Q: -0.00678562
T: 0.743072 Q: -0.00548226
T: 0.685936 Q: 0.957768
T: 0.612485 Q: -0.00278644
T: 0.524948 Q: -0.00238413
T: 0.425987 Q: -0.0057387
T: 0.318607 Q: -0.00112503
T: 0.206073 Q: 2.59717
Sec_Event 8307168 N50: 37
T: -0.107408 Q: -0.00985353
T: -0.222021 Q: 1.125
T: -0.331384 Q: -0.00637448
T: -0.432173 Q: -0.00751696
T: -0.521326 Q: 1.17168
T: -0.596134 Q: -0.00918238
T: -0.654324 Q: 2.5235
T: -0.694129 Q: -0.00853058
T: -0.714338 Q: 2.67826
T: -0.714338 Q: -0.00577712
T: -0.694129 Q: -0.00420913
T: -0.654324 Q: 2.53352
T: -0.596134 Q: -0.00430294
T: -0.521326 Q: 1.29216
T: -0.432173 Q: -0.00180627
T: -0.331384 Q: -0.00236501
T: -0.222021 Q: -0.00289138
T: -0.107408 Q: -0.0030591
T: 0.0089729 Q: -0.00459465
T: 0.123586 Q: -0.00154216
T: 0.232948 Q: -0.00130504
T: 0.333737 Q: -0.00302181
T: 0.42289 Q: -0.00317501
T: 0.497699 Q: -0.002855
T: 0.555889 Q: -0.00212111
T: 0.595694 Q: 2.4425
T: 0.615903 Q: -0.00230954
T: 0.615903 Q: -0.00549543
T: 0.595694 Q: -0.00824998
T: 0.555889 Q: -0.00883537
T: 0.497699 Q: -0.00984439
T: 0.42289 Q: -0.00710142
T: 0.333737 Q: -0.0131318
T: 0.232948 Q: -0.00474659
T: 0.123586 Q: 1.36897
T: 0.0089729 Q: -0.00450964
Sec_Event 8400407 N50: 26
T: 0.506112 Q: -0.0116778
T: 0.428139 Q: -0.0171551
T: 0.353739 Q: -0.00999768
T: 0.285172 Q: 1.2856
T: 0.22452 Q: -0.00670747
T: 0.173628 Q: -0.00818884
T: 0.13404 Q: -0.00776019
T: 0.106961 Q: -0.00329075
T: 0.0932122 Q: 0.990298
T: 0.0932122 Q: 1.16521
T: 0.106961 Q: -0.00183848
T: 0.13404 Q: 1.00833
T: 0.173628 Q: -0.00241829
T: 0.22452 Q: -0.000998087
T: 0.285172 Q: -0.00249086
T: 0.353739 Q: 0.999795
T: 0.428139 Q: -0.000896836
T: 0.506112 Q: -0.000820463
T: 0.585286 Q: -0.00309428
T: 0.663258 Q: -0.00159104
T: 0.737659 Q: -0.00193144
T: 0.806226 Q: 2.13019
T: 0.866878 Q: -0.00182244
T: 0.91777 Q: 1.11407
T: 0.957358 Q: -0.00243326
T: 0.984437 Q: -0.00198875
T: 0.998186 Q: -0.00142749
T: 0.998186 Q: -0.00143137
T: 0.984437 Q: -0.00176552
T: 0.957358 Q: -0.00251136
T: 0.91777 Q: -0.00154771
T: 0.866878 Q: -0.00231599
T: 0.806226 Q: -0.00333798
T: 0.737659 Q: -0.00475076
T: 0.663258 Q: -0.00492386
T: 0.585286 Q: 0.895357
Sec_Event 8400407 N50: 26
T: 0.708225 Q: -0.00497822
T: 0.681038 Q: -0.00307808
T: 0.655096 Q: -0.00288219
T: 0.631188 Q: 0.904162
T: 0.61004 Q: -0.00285501
T: 0.592295 Q: -0.00213668
T: 0.578492 Q: -0.00103182
T: 0.56905 Q: -0.00152276
T: 0.564256 Q: -0.0013824
T: 0.564256 Q: -0.00152724
T: 0.56905 Q: -0.00170087
T: 0.578492 Q: -0.000532914
T: 0.592295 Q: -0.00339164
T: 0.61004 Q: 1.20829
T: 0.631188 Q: -0.00207964
T: 0.655096 Q: 0.979349
T: 0.681038 Q: -0.00207098
T: 0.708225 Q: -0.00265153
T: 0.735832 Q: 0.930296
T: 0.763019 Q: -0.00283696
T: 0.788961 Q: -0.00282956
T: 0.812869 Q: -0.00257811
T: 0.834017 Q: -0.00232025
T: 0.851762 Q: -0.00254589
T: 0.865566 Q: -0.00209455
T: 0.875008 Q: 1.22682
T: 0.879802 Q: 1.08947
T: 0.879802 Q: 1.19872
T: 0.875008 Q: -0.00219117
T: 0.865566 Q: -0.00315876
T: 0.851762 Q: 1.1274
T: 0.834017 Q: -0.00228483
T: 0.812869 Q: 1.16613
T: 0.788961 Q: -0.00292717
T: 0.763019 Q: -0.00355702
T: 0.735832 Q: -0.00306701
Sec_Event 8970826 N50: 36
T: 0.427731 Q: -0.0277547
T: 0.339102 Q: -0.0267474
T: 0.254533 Q: 1.24997
T: 0.176594 Q: 1.25056
T: 0.107653 Q: -0.0229796
T: 0.0498046 Q: -0.0219777
T: 0.00480652 Q: -0.0245464
T: -0.025974 Q: 2.59653
T: -0.0416016 Q: -0.030026
T: -0.0416016 Q: -0.0263261
T: -0.025974 Q: -0.0408132
T: 0.00480652 Q: -0.0313033
T: 0.0498046 Q: -0.0250887
T: 0.107653 Q: -0.0263463
T: 0.176594 Q: -0.0309015
T: 0.254533 Q: -0.0311655
T: 0.339102 Q: 2.67748
T: 0.427731 Q: -0.0257391
T: 0.517727 Q: -0.0392444
T: 0.606356 Q: -0.037348
T: 0.690924 Q: 1.53689
T: 0.768863 Q: -0.0759414
T: 0.837804 Q: -0.0859454
T: 0.895653 Q: -0.0732827
T: 0.940651 Q: -0.0550438
T: 0.971431 Q: 1.7182
T: 0.987059 Q: -0.052596
T: 0.987059 Q: -0.0534191
T: 0.971431 Q: -0.0503957
T: 0.940651 Q: -0.0568933
T: 0.895653 Q: -0.063394
T: 0.837804 Q: 1.43421
T: 0.768863 Q: 1.1679
T: 0.690924 Q: 1.45723
T: 0.606356 Q: 1.33357
T: 0.517727 Q: -0.0304368
200000/206908
Sec_Event 9740222 N50: 25
T: -0.589269 Q: 1.10594
T: -0.666506 Q: -0.00802479
T: -0.740205 Q: -0.00545471
T: -0.808127 Q: -0.00434755
T: -0.868207 Q: -0.00264475
T: -0.91862 Q: 1.00869
T: -0.957835 Q: 1.14254
T: -0.984659 Q: -0.00325722
T: -0.998278 Q: -0.00162182
T: -0.998278 Q: -0.00160366
T: -0.984659 Q: -0.00225547
T: -0.957835 Q: 1.04452
T: -0.91862 Q: -0.00242126
T: -0.868207 Q: -0.00327835
T: -0.808127 Q: -0.00535606
T: -0.740205 Q: -0.00779807
T: -0.666506 Q: -0.00775791
T: -0.589269 Q: 0.920834
T: -0.51084 Q: -0.0112344
T: -0.433602 Q: -0.00973529
T: -0.359903 Q: -0.00875433
T: -0.291982 Q: -0.00660178
T: -0.231902 Q: -0.00728631
T: -0.181489 Q: -0.00793058
T: -0.142274 Q: -0.00868726
T: -0.11545 Q: -0.00681203
T: -0.101831 Q: 1.18903
T: -0.101831 Q: -0.00566797
T: -0.11545 Q: -0.00621436
T: -0.142274 Q: 1.33886
T: -0.181489 Q: -0.0079853
T: -0.231902 Q: -0.0106407
T: -0.291982 Q: 1.2131
T: -0.359903 Q: -0.0118002
T: -0.433602 Q: 0.998544
T: -0.51084 Q: 1.00272

gestpm: TOTAL NUMBER PMT: WALL; TOP; BOTTOM; ALL  7650  1748  1748 11146
 *****************************
 * This is for SK-VI map      *
 *****************************
 findconsts: connection table file: /home/licheng/local/skofl/const//connection.super.dat
gexyz: PMT # FOR EACH SECTION       1  7650  7651  9398  9399 11146
gexyz: maxpm,nlwal     11146      7650
 findconsts: connection table1 file: /home/licheng/local/skofl/const//connection.super.dat
 findconsts: connection table2 file: /home/licheng/local/skofl/const//connection.super.sk-5.dat
 findfile: checking /home/licheng/local/skofl/const//misch3.dat
 findfile: found /home/licheng/local/skofl/const//misch3.dat
 findconsts: mis channel file: /home/licheng/local/skofl/const//misch3.dat
 findfile: checking /home/licheng/local/skofl/const//skpmt_sk5.dat
 findfile: found /home/licheng/local/skofl/const//skpmt_sk5.dat
 findconsts: pmt file: /home/licheng/local/skofl/const//skpmt_sk5.dat
gestpma: TOTAL NUMBER anti PMT: WALL; TOP; BOTTOM; ALL  1275   302   308  1885
gexyza: anti PMT # FOR EACH SECTION       1  1275  1276  1577  1578  1885
 maxpma,nlwala      1885      1275
 skbadch: log_level =            0
 findconsts: badch.090473 file: /home/licheng/local/skofl/const//badch/badch.090473
 findconsts: bad channel file: /home/licheng/local/skofl/const//badch.dat
 findconsts: badch.090473 file: /home/licheng/local/skofl/const//badch/badch.090473
 skdark: log_level =            0
 findconsts: darkr.090473.root file: /home/licheng/local/skofl/const//darkr/darkr.090473.root
 findconsts: badsub SK-I 1 file: /home/licheng/local/skofl/const//lowe/badsub.sk.r1742-3051.r3208-3608
 nbad 1 =         1851
 findconsts: badsub SK-I 2 file: /home/licheng/local/skofl/const//lowe/badsub.sk.realtim
 nbad 2 =        17511
 findconsts: badsub SK-I 3 file: /home/licheng/local/skofl/const//lowe/badsub.sk.manual.1260day
 nbad 3 =        21939
 findconsts: badsub SK-I 4 file: /home/licheng/local/skofl/const//lowe/badsub.sk.sle.1260day
 nbad 4 =        28004
 findconsts: badsub SK-I 5 file: /home/licheng/local/skofl/const//lowe/badsub.sk.manual
 nbad 5 =        28105
 findconsts: badsub SK-I 6 file: /home/licheng/local/skofl/const//lowe/badsub.sk.sle
 nbad 6 =        28105
 findconsts: badsub SK-II 1 file: /home/licheng/local/skofl/const//lowe/badsub.sk2.manual
 nbad_sk2 SK-II 1 =        27759
 findconsts: badsub SK-III 1 file: /home/licheng/local/skofl/const//lowe/badsub.sk3.manual
 nbad_sk3 SK-III 1 =         4149
 findconsts: badsub SK-IV file: /home/licheng/local/skofl/const//lowe/badsub.sk4.manual
 nbad_sk4 SK-IV =        66921
 read local badsub.sk5.manual.local
 nbad_sk5 SK-V =         2595
 read local badsub.sk6.manual.local
 nbad_sk6 SK-VI (Gd) =         7717
 findconsts: skcoverage_barrel file: /home/licheng/local/skofl/const//lowe/skcov_b_p3.dat
 findconsts: nearest neighbor file: /home/licheng/local/skofl/const//neighb.dat
 neighbsk: reading neighbor file /home/licheng/local/skofl/const//neighb.dat
 findconsts: skcoverage_sk4_final file: /home/licheng/local/skofl/const//lowe/skcov_c_p3.dat
