Output file: output/wt_090364.root input file:/disk03/lowe10/sk7/sle/lomugd.090364.root
 Id of this manager : 10
InitReadRoot: total = 240238
RUNINFO found in the rare list
SK geometry setting: 6
***** Dummy rgetvalue was called. (Remote File Access is not supported) *****
==========WT:========== 16615 14094.7 12296.1
0/240238
Sec_Event 251814 N50: 42
T: -0.145364 Q: -0.00073806
T: -0.259432 Q: -0.00125864
T: -0.368273 Q: 1.35294
T: -0.468582 Q: 1.56464
T: -0.55731 Q: 0.97478
T: -0.631762 Q: -0.0028412
T: -0.689676 Q: 1.16298
T: -0.729291 Q: -0.00643524
T: -0.749404 Q: -0.00752114
T: -0.749404 Q: -0.0109432
T: -0.729291 Q: -0.0149032
T: -0.689676 Q: 0.886995
T: -0.631762 Q: -0.0134514
T: -0.55731 Q: 0.992593
T: -0.468582 Q: -0.0123427
T: -0.368273 Q: 2.0012
T: -0.259432 Q: -0.0146124
T: -0.145364 Q: -0.00891798
T: -0.0295378 Q: -0.00834821
T: 0.0845293 Q: -0.0110642
T: 0.193371 Q: -0.00881405
T: 0.29368 Q: 2.54127
T: 0.382408 Q: 1.07708
T: 0.45686 Q: 1.00597
T: 0.514774 Q: -0.00896225
T: 0.554389 Q: -0.00536118
T: 0.574502 Q: 1.11796
T: 0.574502 Q: 1.27303
T: 0.554389 Q: 1.05609
T: 0.514774 Q: -0.00225851
T: 0.45686 Q: 1.13925
T: 0.382408 Q: 1.31482
T: 0.29368 Q: -0.00247017
T: 0.193371 Q: 1.37001
T: 0.0845293 Q: -0.00141108
T: -0.0295378 Q: -0.00134866
Sec_Event 251814 N50: 38
T: -0.611383 Q: 0.916351
T: -0.684267 Q: -0.0025396
T: -0.753813 Q: -0.00474585
T: -0.817907 Q: 0.87844
T: -0.874602 Q: -0.00588375
T: -0.922174 Q: -0.0149052
T: -0.959179 Q: -0.0352187
T: -0.984491 Q: -0.0349575
T: -0.997343 Q: -0.0216545
T: -0.997343 Q: 1.36603
T: -0.984491 Q: -0.0300585
T: -0.959179 Q: -0.0250588
T: -0.922174 Q: 1.07671
T: -0.874602 Q: -0.0338485
T: -0.817907 Q: -0.0365094
T: -0.753813 Q: -0.044086
T: -0.684267 Q: -0.0560514
T: -0.611383 Q: 1.03615
T: -0.537373 Q: -0.0247792
T: -0.464488 Q: 0.861969
T: -0.394942 Q: -0.0152453
T: -0.330848 Q: 0.836312
T: -0.274154 Q: -0.0136981
T: -0.226582 Q: 2.619
T: -0.189577 Q: -0.00405172
T: -0.164265 Q: -0.00594679
T: -0.151413 Q: 0.884337
T: -0.151413 Q: -0.00244541
T: -0.164265 Q: 0.850178
T: -0.189577 Q: -0.00219036
T: -0.226582 Q: 0.888599
T: -0.274154 Q: -0.00168237
T: -0.330848 Q: -0.00196893
T: -0.394942 Q: 2.05883
T: -0.464488 Q: 1.16985
T: -0.537373 Q: -0.00106467
Sec_Event 251814 N50: 39
T: 0.24948 Q: -0.0485431
T: 0.144578 Q: -0.0423843
T: 0.0444821 Q: 1.2018
T: -0.047767 Q: -0.0434439
T: -0.129366 Q: -0.0474751
T: -0.197836 Q: -0.0382659
T: -0.251096 Q: -0.0472316
T: -0.287528 Q: 1.29729
T: -0.306025 Q: -0.0365869
T: -0.306025 Q: -0.036052
T: -0.287528 Q: -0.0430472
T: -0.251096 Q: -0.0242254
T: -0.197836 Q: 1.26144
T: -0.129366 Q: -0.0216126
T: -0.047767 Q: 2.27571
T: 0.0444821 Q: -0.0225677
T: 0.144578 Q: -0.0174016
T: 0.24948 Q: -0.018127
T: 0.356 Q: -0.0167601
T: 0.460902 Q: 1.09682
T: 0.560998 Q: 1.29309
T: 0.653247 Q: -0.0236587
T: 0.734846 Q: 0.98287
T: 0.803316 Q: 1.03382
T: 0.856576 Q: 1.16175
T: 0.893008 Q: -0.0114487
T: 0.911505 Q: 1.0243
T: 0.911505 Q: -0.00941058
T: 0.893008 Q: -0.0119362
T: 0.856576 Q: -0.0103995
T: 0.803316 Q: -0.0133067
T: 0.734846 Q: -0.015997
T: 0.653247 Q: -0.0289153
T: 0.560998 Q: 0.934932
T: 0.460902 Q: -0.0436043
T: 0.356 Q: 2.45437
Sec_Event 251814 N50: 30
T: 0.000801089 Q: 1.28401
T: -0.113702 Q: -0.047026
T: -0.22296 Q: -0.0516663
T: -0.323653 Q: -0.053664
T: -0.412721 Q: -0.0489006
T: -0.487457 Q: -0.0664291
T: -0.545592 Q: 1.29898
T: -0.585359 Q: 1.12191
T: -0.605549 Q: -0.0531918
T: -0.605549 Q: -0.0411967
T: -0.585359 Q: 1.29851
T: -0.545592 Q: -0.0201269
T: -0.487457 Q: -0.0125597
T: -0.412721 Q: -0.00922384
T: -0.323653 Q: 1.17963
T: -0.22296 Q: -0.00902694
T: -0.113702 Q: -0.0114235
T: 0.000801089 Q: -0.00398731
T: 0.117071 Q: 1.1293
T: 0.231574 Q: -0.004622
T: 0.340832 Q: -0.0038696
T: 0.441525 Q: -0.00688441
T: 0.530593 Q: 1.16762
T: 0.605329 Q: -0.0223409
T: 0.663464 Q: -0.0225436
T: 0.703231 Q: 1.49886
T: 0.723421 Q: 1.38617
T: 0.723421 Q: 1.22826
T: 0.703231 Q: -0.0187547
T: 0.663464 Q: 1.38691
T: 0.605329 Q: 1.37781
T: 0.530593 Q: -0.0385173
T: 0.441525 Q: -0.0507775
T: 0.340832 Q: 1.38297
T: 0.231574 Q: -0.0654926
T: 0.117071 Q: 1.72894
Sec_Event 251814 N50: 30
T: -0.35573 Q: -0.0311641
T: -0.460651 Q: -0.0336482
T: -0.560765 Q: -0.0429368
T: -0.653031 Q: -0.0476212
T: -0.734646 Q: -0.0392168
T: -0.803128 Q: 2.10362
T: -0.856398 Q: -0.0310187
T: -0.892836 Q: -0.0240089
T: -0.911337 Q: -0.0254237
T: -0.911337 Q: -0.0232423
T: -0.892836 Q: 1.58347
T: -0.856398 Q: -0.018091
T: -0.803128 Q: -0.00935135
T: -0.734646 Q: 0.847146
T: -0.653031 Q: -0.00592283
T: -0.560765 Q: -0.00329711
T: -0.460651 Q: 1.0724
T: -0.35573 Q: 0.978282
T: -0.24919 Q: 1.03453
T: -0.144269 Q: -0.00203309
T: -0.0441545 Q: 0.8981
T: 0.0481115 Q: 0.841943
T: 0.129726 Q: -0.00667849
T: 0.198208 Q: -0.00416831
T: 0.251478 Q: 1.25514
T: 0.287917 Q: -0.00605596
T: 0.306417 Q: -0.00763535
T: 0.306417 Q: -0.0122992
T: 0.287917 Q: 1.07186
T: 0.251478 Q: -0.0168605
T: 0.198208 Q: 0.975125
T: 0.129726 Q: 0.911234
T: 0.0481115 Q: -0.0218886
T: -0.0441545 Q: -0.0311282
T: -0.144269 Q: -0.0242846
T: -0.24919 Q: 1.01851
Sec_Event 570264 N50: 37
T: 0.216035 Q: 1.32215
T: 0.109041 Q: -0.0123748
T: 0.00694867 Q: -0.00654852
T: -0.0871404 Q: -0.00751291
T: -0.170367 Q: -0.00783284
T: -0.240203 Q: -0.00790092
T: -0.294525 Q: -0.0117505
T: -0.331684 Q: 1.0895
T: -0.35055 Q: -0.0229226
T: -0.35055 Q: 2.16032
T: -0.331684 Q: -0.0195248
T: -0.294525 Q: 1.34418
T: -0.240203 Q: -0.0255447
T: -0.170367 Q: -0.0178176
T: -0.0871404 Q: -0.0311783
T: 0.00694867 Q: -0.0224131
T: 0.109041 Q: -0.0238461
T: 0.216035 Q: -0.0263708
T: 0.32468 Q: -0.0338732
T: 0.431674 Q: -0.0312968
T: 0.533767 Q: 1.1359
T: 0.627856 Q: -0.0406051
T: 0.711083 Q: 1.06503
T: 0.780918 Q: -0.0182509
T: 0.835241 Q: -0.016129
T: 0.872399 Q: -0.022135
T: 0.891265 Q: -0.0157546
T: 0.891265 Q: 1.44297
T: 0.872399 Q: -0.0127986
T: 0.835241 Q: -0.0140126
T: 0.780918 Q: 1.9739
T: 0.711083 Q: 2.48487
T: 0.627856 Q: 1.01299
T: 0.533767 Q: 1.18922
T: 0.431674 Q: -0.00594645
T: 0.32468 Q: -0.00595416
Sec_Event 720381 N50: 75
Sec_Event 720381 N50: 58
Sec_Event 795498 N50: 39
T: 0.459953 Q: 1.15245
T: 0.375383 Q: -0.00455635
T: 0.294687 Q: 1.16806
T: 0.220318 Q: -0.00358042
T: 0.154534 Q: -0.00434197
T: 0.0993348 Q: 1.17885
T: 0.0563975 Q: 1.33783
T: 0.0270267 Q: -0.00303857
T: 0.0121147 Q: -0.00177484
T: 0.0121147 Q: -0.00428718
T: 0.0270267 Q: -0.00247391
T: 0.0563975 Q: -0.00365094
T: 0.0993348 Q: -0.00241059
T: 0.154534 Q: -0.00292089
T: 0.220318 Q: -0.00484146
T: 0.294687 Q: -0.00279956
T: 0.375383 Q: -0.00455976
T: 0.459953 Q: -0.00694175
T: 0.545827 Q: 1.11176
T: 0.630397 Q: 1.09296
T: 0.711093 Q: 2.21154
T: 0.785463 Q: -0.0298556
T: 0.851246 Q: -0.0304125
T: 0.906445 Q: 1.16826
T: 0.949383 Q: 1.6298
T: 0.978754 Q: -0.0184704
T: 0.993665 Q: -0.0180715
T: 0.993665 Q: -0.0166616
T: 0.978754 Q: -0.0185157
T: 0.949383 Q: -0.0222627
T: 0.906445 Q: -0.024573
T: 0.851246 Q: 0.9558
T: 0.785463 Q: -0.0216372
T: 0.711093 Q: -0.0159547
T: 0.630397 Q: 1.20079
T: 0.545827 Q: -0.0104462
Sec_Event 867365 N50: 28
T: -0.631585 Q: -0.0402704
T: -0.700023 Q: -0.0462901
T: -0.765326 Q: 1.26095
T: -0.825509 Q: -0.0381701
T: -0.878744 Q: 1.50451
T: -0.923414 Q: -0.0289528
T: -0.958161 Q: 1.45647
T: -0.981929 Q: -0.0289
T: -0.993996 Q: -0.0237115
T: -0.993996 Q: -0.0247026
T: -0.981929 Q: -0.0299303
T: -0.958161 Q: -0.0319312
T: -0.923414 Q: -0.0315965
T: -0.878744 Q: -0.0327774
T: -0.825509 Q: -0.0393097
T: -0.765326 Q: 1.31916
T: -0.700023 Q: 1.27239
T: -0.631585 Q: 1.31072
T: -0.562091 Q: -0.032514
T: -0.493653 Q: -0.0213053
T: -0.428351 Q: -0.0200796
T: -0.368168 Q: 1.30486
T: -0.314932 Q: -0.0157479
T: -0.270263 Q: -0.0179173
T: -0.235516 Q: -0.0242309
T: -0.211748 Q: 1.47564
T: -0.19968 Q: -0.0190302
T: -0.19968 Q: -0.0196254
T: -0.211748 Q: -0.0194644
T: -0.235516 Q: -0.0197424
T: -0.270263 Q: -0.0205689
T: -0.314932 Q: -0.0211761
T: -0.368168 Q: -0.0197664
T: -0.428351 Q: -0.0241385
T: -0.493653 Q: 1.52702
T: -0.562091 Q: -0.0351475
Sec_Event 1058480 N50: 28
T: -0.106596 Q: -0.0190973
T: -0.221217 Q: -0.0249666
T: -0.330588 Q: -0.0239972
T: -0.431384 Q: 1.24146
T: -0.520543 Q: -0.0382363
T: -0.595357 Q: 1.15989
T: -0.653552 Q: -0.0552338
T: -0.693359 Q: -0.0606805
T: -0.71357 Q: -0.0667415
T: -0.71357 Q: 1.33811
T: -0.693359 Q: -0.0764633
T: -0.653552 Q: -0.0577812
T: -0.595357 Q: 1.19463
T: -0.520543 Q: 1.21888
T: -0.431384 Q: -0.0431056
T: -0.330588 Q: -0.0300173
T: -0.221217 Q: -0.0306952
T: -0.106596 Q: -0.0259746
T: 0.00979353 Q: -0.0195158
T: 0.124415 Q: 1.13996
T: 0.233785 Q: -0.0281906
T: 0.334581 Q: 0.586382
T: 0.423741 Q: -0.0058035
T: 0.498555 Q: -0.00429918
T: 0.556749 Q: -0.00275876
T: 0.596557 Q: -0.00257325
T: 0.616768 Q: 1.80312
T: 0.616768 Q: -0.00243418
T: 0.596557 Q: -0.00291968
T: 0.556749 Q: -0.00290165
T: 0.498555 Q: -0.00402719
T: 0.423741 Q: -0.0080942
T: 0.334581 Q: -0.0160439
T: 0.233785 Q: -0.0220782
T: 0.124415 Q: -0.0179495
T: 0.00979353 Q: -0.0206436
Sec_Event 1490634 N50: 44
T: -0.657767 Q: -0.0240485
T: -0.719575 Q: 1.2143
T: -0.778552 Q: 1.18557
T: -0.832905 Q: -0.0161362
T: -0.880983 Q: 1.19178
T: -0.921325 Q: -0.0137101
T: -0.952706 Q: -0.0135339
T: -0.974172 Q: -0.0149793
T: -0.98507 Q: 1.36754
T: -0.98507 Q: -0.00982388
T: -0.974172 Q: 1.12431
T: -0.952706 Q: -0.00971925
T: -0.921325 Q: 2.61537
T: -0.880983 Q: -0.0128567
T: -0.832905 Q: -0.0173178
T: -0.778552 Q: -0.0267464
T: -0.719575 Q: 1.28338
T: -0.657767 Q: 1.12589
T: -0.595005 Q: -0.0291723
T: -0.533197 Q: -0.032301
T: -0.47422 Q: -0.0309054
T: -0.419867 Q: 1.39255
T: -0.371789 Q: 1.35304
T: -0.331446 Q: 1.23862
T: -0.300065 Q: -0.0429992
T: -0.2786 Q: -0.034276
T: -0.267701 Q: 1.36675
T: -0.267701 Q: 2.99502
T: -0.2786 Q: -0.0355952
T: -0.300065 Q: 1.16615
T: -0.331446 Q: -0.0353436
T: -0.371789 Q: 1.41131
T: -0.419867 Q: -0.0341447
T: -0.47422 Q: -0.0323532
T: -0.533197 Q: -0.0264513
T: -0.595005 Q: -0.027765
Sec_Event 1955055 N50: 35
T: 0.705331 Q: -0.00965121
T: 0.676782 Q: -0.0121021
T: 0.64954 Q: -0.0104005
T: 0.624435 Q: -0.012596
T: 0.602228 Q: -0.0134134
T: 0.583594 Q: -0.0155181
T: 0.569099 Q: -0.0170557
T: 0.559184 Q: 0.997736
T: 0.55415 Q: -0.0134707
T: 0.55415 Q: -0.017511
T: 0.559184 Q: 0.998863
T: 0.569099 Q: 1.14325
T: 0.583594 Q: -0.00736187
T: 0.602228 Q: -0.00649509
T: 0.624435 Q: -0.00795457
T: 0.64954 Q: -0.00681591
T: 0.676782 Q: -0.00611267
T: 0.705331 Q: -0.00792838
T: 0.73432 Q: -0.00569137
T: 0.762869 Q: 1.88817
T: 0.79011 Q: 1.30557
T: 0.815216 Q: -0.00455655
T: 0.837423 Q: -0.00420143
T: 0.856057 Q: -0.00541744
T: 0.870552 Q: 1.14061
T: 0.880467 Q: -0.0036321
T: 0.885501 Q: -0.00411295
T: 0.885501 Q: 1.13308
T: 0.880467 Q: -0.0056928
T: 0.870552 Q: -0.0057649
T: 0.856057 Q: -0.00545258
T: 0.837423 Q: -0.00462662
T: 0.815216 Q: -0.00537621
T: 0.79011 Q: -0.00574676
T: 0.762869 Q: -0.00677573
T: 0.73432 Q: -0.00642673
Sec_Event 2391421 N50: 36
T: 0.670714 Q: -0.0110853
T: 0.62883 Q: -0.00865413
T: 0.588865 Q: 0.960316
T: 0.552033 Q: -0.0103576
T: 0.519453 Q: -0.0134052
T: 0.492115 Q: -0.0156651
T: 0.47085 Q: -0.0198117
T: 0.456304 Q: -0.0198163
T: 0.448919 Q: 0.961513
T: 0.448919 Q: 1.25166
T: 0.456304 Q: -0.0348611
T: 0.47085 Q: -0.034394
T: 0.492115 Q: -0.0449127
T: 0.519453 Q: -0.0755771
T: 0.552033 Q: -0.050304
T: 0.588865 Q: 1.2735
T: 0.62883 Q: -0.0601268
T: 0.670714 Q: -0.062536
T: 0.713244 Q: -0.0567896
T: 0.755128 Q: -0.0469703
T: 0.795094 Q: -0.0560104
T: 0.831926 Q: -0.0400531
T: 0.864506 Q: -0.0341457
T: 0.891844 Q: -0.0383738
T: 0.913109 Q: -0.0356592
T: 0.927655 Q: 1.18708
T: 0.93504 Q: -0.0282584
T: 0.93504 Q: -0.0314044
T: 0.927655 Q: -0.0319002
T: 0.913109 Q: 0.967001
T: 0.891844 Q: 1.01901
T: 0.864506 Q: 0.881941
T: 0.831926 Q: -0.0183386
T: 0.795094 Q: -0.0149081
T: 0.755128 Q: 1.047
T: 0.713244 Q: -0.0136961
Sec_Event 3486455 N50: 28
T: 0.39227 Q: -0.0534688
T: 0.299624 Q: -0.044215
T: 0.211222 Q: -0.0433258
T: 0.129751 Q: -0.037505
T: 0.0576849 Q: 1.15197
T: -0.00278555 Q: -0.033214
T: -0.0498232 Q: 1.18732
T: -0.0819988 Q: -0.0300168
T: -0.0983348 Q: 1.43704
T: -0.0983348 Q: -0.028181
T: -0.0819988 Q: -0.0215399
T: -0.0498232 Q: 1.06576
T: -0.00278555 Q: 1.02933
T: 0.0576849 Q: 1.06975
T: 0.129751 Q: -0.00948481
T: 0.211222 Q: -0.0104438
T: 0.299624 Q: -0.0110158
T: 0.39227 Q: -0.0141983
T: 0.486346 Q: 1.02933
T: 0.578992 Q: -0.0129634
T: 0.667394 Q: -0.0238172
T: 0.748865 Q: -0.0250691
T: 0.820931 Q: 0.840227
T: 0.881401 Q: -0.040257
T: 0.928439 Q: -0.0335473
T: 0.960615 Q: -0.026465
T: 0.976951 Q: -0.0282643
T: 0.976951 Q: 2.75398
T: 0.960615 Q: 1.37573
T: 0.928439 Q: -0.0303709
T: 0.881401 Q: -0.0340956
T: 0.820931 Q: -0.0475997
T: 0.748865 Q: -0.0630607
T: 0.667394 Q: -0.0682614
T: 0.578992 Q: 1.36439
T: 0.486346 Q: -0.0576492
Sec_Event 3636117 N50: 32
T: -0.0623094 Q: 1.34996
T: -0.177173 Q: 1.11257
T: -0.286774 Q: 1.13297
T: -0.387784 Q: -0.0315013
T: -0.477132 Q: 0.993488
T: -0.552103 Q: -0.0249704
T: -0.610421 Q: 1.98758
T: -0.650313 Q: -0.0201185
T: -0.670566 Q: 1.06826
T: -0.670566 Q: -0.0143513
T: -0.650313 Q: 0.94259
T: -0.610421 Q: -0.0145494
T: -0.552103 Q: 0.861157
T: -0.477132 Q: -0.00935527
T: -0.387784 Q: -0.00909628
T: -0.286774 Q: 0.888121
T: -0.177173 Q: -0.00408268
T: -0.0623094 Q: -0.00844924
T: 0.0543261 Q: -0.0093136
T: 0.16919 Q: -0.00806219
T: 0.278791 Q: -0.00581836
T: 0.3798 Q: 1.91567
T: 0.469148 Q: -0.0105923
T: 0.54412 Q: -0.0161395
T: 0.602438 Q: 0.910161
T: 0.64233 Q: 0.852408
T: 0.662583 Q: -0.0302664
T: 0.662583 Q: -0.0424932
T: 0.64233 Q: -0.04196
T: 0.602438 Q: -0.0404625
T: 0.54412 Q: -0.0426222
T: 0.469148 Q: -0.0451775
T: 0.3798 Q: -0.037323
T: 0.278791 Q: -0.0343923
T: 0.16919 Q: 1.21046
T: 0.0543261 Q: -0.0255526
Sec_Event 3804505 N50: 27
Sec_Event 3804505 N50: 39
Sec_Event 3889568 N50: 34
T: -0.708755 Q: -0.00232602
T: -0.752776 Q: 1.21794
T: -0.79478 Q: -0.00262946
T: -0.833491 Q: -0.00238089
T: -0.867734 Q: -0.000861874
T: -0.896466 Q: -0.000592166
T: -0.918817 Q: -0.0011369
T: -0.934105 Q: -0.00119751
T: -0.941867 Q: 2.68901
T: -0.941867 Q: 1.29811
T: -0.934105 Q: -0.00266061
T: -0.918817 Q: -0.000645971
T: -0.896466 Q: -0.000842746
T: -0.867734 Q: -0.00105683
T: -0.833491 Q: -0.00140224
T: -0.79478 Q: 1.05923
T: -0.752776 Q: 2.12091
T: -0.708755 Q: -0.00167217
T: -0.664054 Q: -0.00271851
T: -0.620033 Q: -0.00304634
T: -0.578029 Q: -0.00374041
T: -0.539318 Q: 1.06495
T: -0.505075 Q: -0.00562372
T: -0.476343 Q: -0.00492837
T: -0.453993 Q: 1.03871
T: -0.438704 Q: 0.835491
T: -0.430942 Q: 0.951921
T: -0.430942 Q: -0.00478433
T: -0.438704 Q: -0.00491834
T: -0.453993 Q: -0.00428061
T: -0.476343 Q: -0.00687851
T: -0.505075 Q: -0.00443033
T: -0.539318 Q: -0.00297102
T: -0.578029 Q: -0.00376614
T: -0.620033 Q: -0.0029392
T: -0.664054 Q: 0.8949
100000/240238
Sec_Event 6211881 N50: 44
T: -0.698096 Q: 1.79536
T: -0.746667 Q: -0.00575863
T: -0.793014 Q: -0.00813645
T: -0.835727 Q: -0.0101108
T: -0.873509 Q: -0.0125056
T: -0.905211 Q: -0.0187191
T: -0.929872 Q: 0.862261
T: -0.946741 Q: 1.20261
T: -0.955305 Q: 2.27461
T: -0.955305 Q: -0.018856
T: -0.946741 Q: -0.0183884
T: -0.929872 Q: 2.39367
T: -0.905211 Q: 1.18432
T: -0.873509 Q: 1.13069
T: -0.835727 Q: 1.05517
T: -0.793014 Q: 1.08674
T: -0.746667 Q: -0.0471776
T: -0.698096 Q: -0.0446248
T: -0.648775 Q: -0.0420192
T: -0.600203 Q: 1.35449
T: -0.553857 Q: -0.0385846
T: -0.511144 Q: -0.0366966
T: -0.473362 Q: 1.1068
T: -0.441659 Q: -0.0324952
T: -0.416999 Q: -0.0255521
T: -0.40013 Q: -0.0177065
T: -0.391566 Q: -0.0202298
T: -0.391566 Q: -0.0112572
T: -0.40013 Q: 0.97994
T: -0.416999 Q: -0.00705226
T: -0.441659 Q: -0.0054575
T: -0.473362 Q: -0.00671039
T: -0.511144 Q: 0.926441
T: -0.553857 Q: 1.20445
T: -0.600203 Q: -0.00505576
T: -0.648775 Q: 1.01475
Sec_Event 6379259 N50: 46
T: -0.00668517 Q: -0.023252
T: -0.121274 Q: -0.0238946
T: -0.230614 Q: 1.01172
T: -0.331382 Q: -0.0292699
T: -0.420516 Q: -0.0431772
T: -0.495309 Q: -0.047058
T: -0.553487 Q: -0.0614992
T: -0.593284 Q: -0.082399
T: -0.613489 Q: -0.0885442
T: -0.613489 Q: 1.20777
T: -0.593284 Q: -0.0885653
T: -0.553487 Q: 1.1122
T: -0.495309 Q: -0.0742268
T: -0.420516 Q: -0.069292
T: -0.331382 Q: 1.16872
T: -0.230614 Q: -0.0604159
T: -0.121274 Q: -0.047208
T: -0.00668517 Q: -0.0490528
T: 0.109672 Q: -0.0418834
T: 0.224261 Q: 0.709379
T: 0.3336 Q: 0.949196
T: 0.434368 Q: -0.0100206
T: 0.523503 Q: -0.00471405
T: 0.598296 Q: -0.00306683
T: 0.656474 Q: 2.16585
T: 0.69627 Q: -0.00212978
T: 0.716475 Q: 1.01121
T: 0.716475 Q: 2.5724
T: 0.69627 Q: 2.2095
T: 0.656474 Q: -0.00258531
T: 0.598296 Q: 1.14337
T: 0.523503 Q: 1.95943
T: 0.434368 Q: 0.79935
T: 0.3336 Q: -0.0154101
T: 0.224261 Q: 1.18007
T: 0.109672 Q: 1.27623
Sec_Event 6379259 N50: 40
T: -0.211446 Q: 0.976011
T: -0.323805 Q: 1.08601
T: -0.431016 Q: -0.00117249
T: -0.529823 Q: 2.15945
T: -0.617222 Q: -0.00140753
T: -0.690559 Q: 0.66415
T: -0.747605 Q: 1.5813
T: -0.786627 Q: -0.0091402
T: -0.806439 Q: -0.0249951
T: -0.806439 Q: -0.0579988
T: -0.786627 Q: 1.48048
T: -0.747605 Q: -0.0619926
T: -0.690559 Q: 0.89606
T: -0.617222 Q: 0.879462
T: -0.529823 Q: 1.01834
T: -0.431016 Q: 1.13343
T: -0.323805 Q: -0.0376262
T: -0.211446 Q: -0.0355948
T: -0.0973543 Q: 2.27509
T: 0.0150044 Q: 2.1534
T: 0.122216 Q: 1.08383
T: 0.221022 Q: -0.0180534
T: 0.308422 Q: 0.634002
T: 0.381759 Q: 1.40373
T: 0.438805 Q: -0.00456958
T: 0.477826 Q: -0.00734386
T: 0.497638 Q: -0.00520938
T: 0.497638 Q: -0.00378119
T: 0.477826 Q: -0.00342547
T: 0.438805 Q: 0.856765
T: 0.381759 Q: -0.00144523
T: 0.308422 Q: 0.903655
T: 0.221022 Q: -0.00105605
T: 0.122216 Q: -0.000821824
T: 0.0150044 Q: -0.00137303
T: -0.0973543 Q: -0.000413869
Sec_Event 6631927 N50: 35
T: 0.453524 Q: 1.1237
T: 0.368111 Q: -0.0509545
T: 0.286611 Q: -0.0442153
T: 0.2115 Q: 1.11974
T: 0.14506 Q: -0.0275571
T: 0.0893106 Q: -0.0266806
T: 0.0459452 Q: -0.027979
T: 0.0162815 Q: -0.0264837
T: 0.00122087 Q: -0.019294
T: 0.00122087 Q: -0.0192845
T: 0.0162815 Q: 1.08399
T: 0.0459452 Q: 1.27184
T: 0.0893106 Q: 1.36634
T: 0.14506 Q: -0.00996404
T: 0.2115 Q: 1.04017
T: 0.286611 Q: 1.10124
T: 0.368111 Q: -0.00662364
T: 0.453524 Q: -0.00634239
T: 0.540255 Q: -0.006634
T: 0.625668 Q: -0.00685118
T: 0.707168 Q: -0.0120356
T: 0.782279 Q: -0.0132981
T: 0.848719 Q: 0.937023
T: 0.904468 Q: -0.0402249
T: 0.947834 Q: 0.758154
T: 0.977497 Q: -0.0273424
T: 0.992558 Q: -0.0267021
T: 0.992558 Q: -0.0264373
T: 0.977497 Q: -0.0278048
T: 0.947834 Q: 1.12815
T: 0.904468 Q: 1.17925
T: 0.848719 Q: 1.23758
T: 0.782279 Q: -0.0544998
T: 0.707168 Q: -0.067039
T: 0.625668 Q: -0.0661524
T: 0.540255 Q: -0.0593003
Sec_Event 7066311 N50: 36
T: -0.672616 Q: 1.15568
T: -0.730088 Q: 1.03959
T: -0.784926 Q: 1.28275
T: -0.835466 Q: -0.00599847
T: -0.880171 Q: -0.00590177
T: -0.917682 Q: -0.00480185
T: -0.946861 Q: -0.00414297
T: -0.966821 Q: 1.23944
T: -0.976955 Q: -0.00470872
T: -0.976955 Q: 1.18077
T: -0.966821 Q: -0.00559225
T: -0.946861 Q: -0.00502383
T: -0.917682 Q: -0.00694222
T: -0.880171 Q: -0.00695495
T: -0.835466 Q: 1.29732
T: -0.784926 Q: -0.0115795
T: -0.730088 Q: -0.00987661
T: -0.672616 Q: -0.0124445
T: -0.614259 Q: 1.19114
T: -0.556787 Q: 1.21294
T: -0.501949 Q: -0.024841
T: -0.451409 Q: -0.0276767
T: -0.406705 Q: 1.27204
T: -0.369193 Q: 2.76946
T: -0.340014 Q: 2.39912
T: -0.320054 Q: -0.0394259
T: -0.309921 Q: -0.0427634
T: -0.309921 Q: -0.0380401
T: -0.320054 Q: -0.0385165
T: -0.340014 Q: -0.0438935
T: -0.369193 Q: 1.3713
T: -0.406705 Q: -0.034695
T: -0.451409 Q: -0.0305345
T: -0.501949 Q: -0.0241841
T: -0.556787 Q: -0.0251076
T: -0.614259 Q: 1.11423
Sec_Event 7066311 N50: 34
T: 0.528687 Q: -0.00478139
T: 0.454332 Q: -0.00328123
T: 0.383384 Q: -0.00307364
T: 0.317997 Q: -0.00493578
T: 0.26016 Q: -0.00489843
T: 0.211628 Q: -0.00790025
T: 0.173877 Q: 0.892866
T: 0.148054 Q: 1.17314
T: 0.134943 Q: -0.0129883
T: 0.134943 Q: 0.973521
T: 0.148054 Q: -0.0162624
T: 0.173877 Q: 1.20863
T: 0.211628 Q: -0.0284282
T: 0.26016 Q: 1.13205
T: 0.317997 Q: -0.0374468
T: 0.383384 Q: -0.0419242
T: 0.454332 Q: -0.0506506
T: 0.528687 Q: -0.0601783
T: 0.604189 Q: -0.0694016
T: 0.678543 Q: -0.0711291
T: 0.749492 Q: -0.0569717
T: 0.814878 Q: -0.056924
T: 0.872716 Q: -0.044831
T: 0.921247 Q: -0.0375584
T: 0.958998 Q: -0.0340859
T: 0.984821 Q: -0.038158
T: 0.997932 Q: 2.50723
T: 0.997932 Q: -0.0402138
T: 0.984821 Q: -0.0381017
T: 0.958998 Q: -0.0366165
T: 0.921247 Q: -0.0203004
T: 0.872716 Q: -0.00972117
T: 0.814878 Q: 1.59157
T: 0.749492 Q: 1.8878
T: 0.678543 Q: 0.886776
T: 0.604189 Q: 0.937513
Sec_Event 7104649 N50: 32
T: 0.617104 Q: 1.10688
T: 0.560307 Q: -0.0279584
T: 0.506113 Q: -0.0275259
T: 0.456167 Q: -0.0252402
T: 0.411987 Q: 1.03472
T: 0.374915 Q: -0.0228934
T: 0.346079 Q: -0.0195205
T: 0.326354 Q: -0.0217723
T: 0.316339 Q: 0.998732
T: 0.316339 Q: -0.0210917
T: 0.326354 Q: -0.0160383
T: 0.346079 Q: -0.0150801
T: 0.374915 Q: -0.0173764
T: 0.411987 Q: -0.0187181
T: 0.456167 Q: -0.0169292
T: 0.506113 Q: -0.0182172
T: 0.560307 Q: -0.0200409
T: 0.617104 Q: 2.01819
T: 0.674777 Q: 1.02759
T: 0.731573 Q: 0.883535
T: 0.785768 Q: -0.0223489
T: 0.835714 Q: -0.0219802
T: 0.879894 Q: -0.0229874
T: 0.916965 Q: -0.021262
T: 0.945802 Q: -0.0196768
T: 0.965527 Q: -0.0203154
T: 0.975542 Q: -0.0190944
T: 0.975542 Q: 0.953501
T: 0.965527 Q: -0.0182561
T: 0.945802 Q: -0.0243653
T: 0.916965 Q: -0.0251581
T: 0.879894 Q: 1.94141
T: 0.835714 Q: 0.948036
T: 0.785768 Q: -0.0362153
T: 0.731573 Q: -0.0294162
T: 0.674777 Q: -0.0351648
Sec_Event 7166190 N50: 36
T: 0.684165 Q: -0.0073562
T: 0.646949 Q: 1.95463
T: 0.611439 Q: -0.00786003
T: 0.578712 Q: -0.0066589
T: 0.549763 Q: 0.941093
T: 0.525473 Q: -0.011211
T: 0.506578 Q: -0.00347504
T: 0.493653 Q: 2.39164
T: 0.487091 Q: -0.0030805
T: 0.487091 Q: 1.14789
T: 0.493653 Q: -0.00192465
T: 0.506578 Q: -0.00190226
T: 0.525473 Q: 1.06545
T: 0.549763 Q: -0.00123992
T: 0.578712 Q: -0.00184808
T: 0.611439 Q: 2.10107
T: 0.646949 Q: -0.00293362
T: 0.684165 Q: -0.00208377
T: 0.721954 Q: -0.00210079
T: 0.75917 Q: -0.00286037
T: 0.79468 Q: -0.00246417
T: 0.827407 Q: -0.00482297
T: 0.856355 Q: -0.00142118
T: 0.880646 Q: 1.22292
T: 0.899541 Q: -0.00148304
T: 0.912466 Q: 0.964241
T: 0.919028 Q: -0.00165252
T: 0.919028 Q: -0.00213844
T: 0.912466 Q: -0.00168979
T: 0.899541 Q: -0.00167873
T: 0.880646 Q: 1.18835
T: 0.856355 Q: 1.32884
T: 0.827407 Q: 2.15341
T: 0.79468 Q: -0.00251086
T: 0.75917 Q: -0.00278784
T: 0.721954 Q: -0.00452914
Sec_Event 7761978 N50: 34
T: 0.119017 Q: 1.12188
T: 0.00740741 Q: 1.17011
T: -0.0990889 Q: -0.0230007
T: -0.197237 Q: -0.0180454
T: -0.284053 Q: -0.0143056
T: -0.356901 Q: 0.677628
T: -0.413566 Q: -0.00807863
T: -0.452328 Q: 0.812546
T: -0.472008 Q: -0.00646329
T: -0.472008 Q: -0.0093612
T: -0.452328 Q: -0.00496756
T: -0.413566 Q: -0.00688944
T: -0.356901 Q: -0.00669867
T: -0.284053 Q: -0.0055389
T: -0.197237 Q: -0.00509035
T: -0.0990889 Q: 1.21231
T: 0.00740741 Q: -0.00443635
T: 0.119017 Q: -0.00341004
T: 0.232348 Q: -0.0059536
T: 0.343957 Q: -0.00632067
T: 0.450453 Q: -0.00773099
T: 0.548601 Q: 1.00455
T: 0.635418 Q: -0.0114753
T: 0.708265 Q: -0.0136825
T: 0.764931 Q: 0.958834
T: 0.803692 Q: -0.0408279
T: 0.823372 Q: 1.04195
T: 0.823372 Q: -0.0589458
T: 0.803692 Q: 1.06676
T: 0.764931 Q: -0.0673838
T: 0.708265 Q: -0.0645485
T: 0.635418 Q: -0.0558567
T: 0.548601 Q: 3.40713
T: 0.450453 Q: 1.37345
T: 0.343957 Q: -0.0276281
T: 0.232348 Q: -0.0296849
Sec_Event 7761978 N50: 37
T: 0.0930413 Q: -0.00283116
T: -0.0194546 Q: -0.00351475
T: -0.126797 Q: -0.00398488
T: -0.225724 Q: -0.00354588
T: -0.313231 Q: -0.0048409
T: -0.386657 Q: -0.00547966
T: -0.443773 Q: -0.0047421
T: -0.482842 Q: 1.85526
T: -0.502678 Q: -0.00516437
T: -0.502678 Q: -0.00486218
T: -0.482842 Q: 0.885603
T: -0.443773 Q: 1.06021
T: -0.386657 Q: 0.919035
T: -0.313231 Q: -0.0155988
T: -0.225724 Q: 1.87068
T: -0.126797 Q: 1.11734
T: -0.0194546 Q: -0.020156
T: 0.0930413 Q: -0.0196492
T: 0.207273 Q: -0.0238475
T: 0.319769 Q: -0.0201679
T: 0.427111 Q: -0.0291906
T: 0.526038 Q: -0.0352975
T: 0.613545 Q: -0.0337877
T: 0.686971 Q: -0.0527087
T: 0.744087 Q: -0.0538572
T: 0.783156 Q: 1.14079
T: 0.802992 Q: -0.0502851
T: 0.802992 Q: -0.0483006
T: 0.783156 Q: -0.0285242
T: 0.744087 Q: 0.947625
T: 0.686971 Q: 1.15934
T: 0.613545 Q: -0.00873739
T: 0.526038 Q: 0.925362
T: 0.427111 Q: 0.98305
T: 0.319769 Q: -0.0043452
T: 0.207273 Q: 1.06924
Sec_Event 7761978 N50: 48
T: -0.555864 Q: -0.00322964
T: -0.638864 Q: -0.00278025
T: -0.718061 Q: 1.56802
T: -0.79105 Q: 1.64721
T: -0.855612 Q: 1.52056
T: -0.909786 Q: 1.66344
T: -0.951926 Q: 1.71247
T: -0.980752 Q: 1.57465
T: -0.995387 Q: 1.63689
T: -0.995387 Q: -0.00146633
T: -0.980752 Q: 1.59178
T: -0.951926 Q: 1.39983
T: -0.909786 Q: -0.000814299
T: -0.855612 Q: -0.00145858
T: -0.79105 Q: -0.00109216
T: -0.718061 Q: 1.39809
T: -0.638864 Q: -0.00193435
T: -0.555864 Q: -0.004452
T: -0.471584 Q: 1.11229
T: -0.388585 Q: -0.0144408
T: -0.309387 Q: -0.0346989
T: -0.236399 Q: -0.0380877
T: -0.171836 Q: -0.0472731
T: -0.117662 Q: 0.854546
T: -0.0755222 Q: 1.67408
T: -0.0466968 Q: 2.55496
T: -0.0320617 Q: 1.47678
T: -0.0320617 Q: -0.0357308
T: -0.0466968 Q: 0.883014
T: -0.0755222 Q: -0.029966
T: -0.117662 Q: 1.76263
T: -0.171836 Q: 3.03575
T: -0.236399 Q: 2.14621
T: -0.309387 Q: 1.49526
T: -0.388585 Q: -0.0132845
T: -0.471584 Q: -0.00759782
Sec_Event 7761978 N50: 32
Sec_Event 7850650 N50: 39
T: -0.503638 Q: -0.0372764
T: -0.594133 Q: -0.0429533
T: -0.680482 Q: 2.45031
T: -0.760062 Q: -0.046776
T: -0.830454 Q: 1.35544
T: -0.889521 Q: -0.0291588
T: -0.935466 Q: -0.0244364
T: -0.966895 Q: -0.0237221
T: -0.982851 Q: -0.0208918
T: -0.982851 Q: 1.5588
T: -0.966895 Q: -0.0237972
T: -0.935466 Q: -0.0285628
T: -0.889521 Q: 1.26741
T: -0.830454 Q: -0.0314653
T: -0.760062 Q: 1.40209
T: -0.680482 Q: -0.0502402
T: -0.594133 Q: 2.63457
T: -0.503638 Q: -0.0412231
T: -0.411748 Q: -0.0348328
T: -0.321253 Q: -0.038917
T: -0.234904 Q: -0.0370647
T: -0.155324 Q: -0.0423481
T: -0.0849315 Q: -0.0401277
T: -0.0258653 Q: -0.0381173
T: 0.0200801 Q: -0.0393118
T: 0.0515086 Q: -0.0463448
T: 0.0674653 Q: -0.0468855
T: 0.0674653 Q: -0.0393852
T: 0.0515086 Q: -0.0352901
T: 0.0200801 Q: -0.0346935
T: -0.0258653 Q: -0.0363908
T: -0.0849315 Q: -0.0332719
T: -0.155324 Q: 1.46105
T: -0.234904 Q: -0.0286099
T: -0.321253 Q: -0.0283634
T: -0.411748 Q: -0.0400695
Sec_Event 8253361 N50: 26
T: 0.110169 Q: -0.0317847
T: -0.00175869 Q: -0.011807
T: -0.108559 Q: -0.0145235
T: -0.206986 Q: 1.08247
T: -0.29405 Q: -0.0221307
T: -0.367105 Q: -0.0193071
T: -0.423933 Q: 1.06743
T: -0.462805 Q: 0.966915
T: -0.48254 Q: -0.0368121
T: -0.48254 Q: 0.992131
T: -0.462805 Q: -0.0356403
T: -0.423933 Q: 1.04194
T: -0.367105 Q: 1.09077
T: -0.29405 Q: -0.0340955
T: -0.206986 Q: -0.0378376
T: -0.108559 Q: -0.0304306
T: -0.00175869 Q: -0.039558
T: 0.110169 Q: -0.0382372
T: 0.223823 Q: -0.0387115
T: 0.33575 Q: -0.0320589
T: 0.44255 Q: 1.79585
T: 0.540978 Q: -0.0278974
T: 0.628042 Q: -0.0166938
T: 0.701097 Q: -0.0116077
T: 0.757924 Q: -0.00873583
T: 0.796796 Q: -0.00902255
T: 0.816532 Q: -0.00688952
T: 0.816532 Q: -0.00973409
T: 0.796796 Q: 0.998282
T: 0.757924 Q: 0.95763
T: 0.701097 Q: -0.0130067
T: 0.628042 Q: -0.0119505
T: 0.540978 Q: 2.0392
T: 0.44255 Q: 0.995429
T: 0.33575 Q: 1.25052
T: 0.223823 Q: -0.0104491
Sec_Event 8253361 N50: 45
T: -0.0300404 Q: 2.69539
T: -0.144823 Q: -0.0161927
T: -0.254347 Q: -0.0209055
T: -0.355284 Q: -0.0197252
T: -0.444569 Q: -0.0224976
T: -0.519488 Q: 1.13574
T: -0.577764 Q: 1.36276
T: -0.617628 Q: -0.0527097
T: -0.637867 Q: -0.0542897
T: -0.637867 Q: -0.0528189
T: -0.617628 Q: 1.19474
T: -0.577764 Q: 1.19925
T: -0.519488 Q: 2.634
T: -0.444569 Q: 1.45241
T: -0.355284 Q: -0.0402888
T: -0.254347 Q: -0.0404101
T: -0.144823 Q: 1.5861
T: -0.0300404 Q: -0.0356883
T: 0.0865125 Q: -0.0454637
T: 0.201295 Q: -0.0541928
T: 0.310819 Q: -0.0360029
T: 0.411756 Q: -0.0464454
T: 0.501041 Q: 2.18208
T: 0.57596 Q: 1.10384
T: 0.634236 Q: -0.0167762
T: 0.6741 Q: -0.0180879
T: 0.694339 Q: -0.0135162
T: 0.694339 Q: -0.0175523
T: 0.6741 Q: -0.0149427
T: 0.634236 Q: -0.0169464
T: 0.57596 Q: 1.02895
T: 0.501041 Q: -0.0180252
T: 0.411756 Q: 1.17492
T: 0.310819 Q: -0.0133011
T: 0.201295 Q: -0.0151584
T: 0.0865125 Q: -0.0354427
Sec_Event 8606064 N50: 38
T: -0.569519 Q: -0.0815204
T: -0.650269 Q: -0.0760031
T: -0.727319 Q: -0.0819134
T: -0.798329 Q: -0.084632
T: -0.861141 Q: 1.22549
T: -0.913846 Q: -0.0522534
T: -0.954844 Q: 1.19853
T: -0.982888 Q: -0.043179
T: -0.997126 Q: -0.0410087
T: -0.997126 Q: -0.0591799
T: -0.982888 Q: 0.821951
T: -0.954844 Q: -0.0212438
T: -0.913846 Q: 0.915853
T: -0.861141 Q: -0.0105393
T: -0.798329 Q: -0.00399997
T: -0.727319 Q: -0.00260846
T: -0.650269 Q: -0.00144267
T: -0.569519 Q: 1.00444
T: -0.487524 Q: -0.00205735
T: -0.406775 Q: -0.00513321
T: -0.329724 Q: 1.05015
T: -0.258715 Q: -0.00286482
T: -0.195903 Q: -0.0066114
T: -0.143197 Q: -0.0060776
T: -0.1022 Q: 0.821941
T: -0.0741556 Q: -0.0116533
T: -0.0599173 Q: 1.84744
T: -0.0599173 Q: -0.0158319
T: -0.0741556 Q: -0.0225803
T: -0.1022 Q: 0.947966
T: -0.143197 Q: -0.0299023
T: -0.195903 Q: -0.0324505
T: -0.258715 Q: -0.0416466
T: -0.329724 Q: -0.046378
T: -0.406775 Q: 2.46696
T: -0.487524 Q: -0.0569065
Sec_Event 8816077 N50: 40
T: -0.283918 Q: -0.0243735
T: -0.393222 Q: -0.0309777
T: -0.497519 Q: -0.0348567
T: -0.59364 Q: -0.0463401
T: -0.678664 Q: -0.0526118
T: -0.750007 Q: 1.07789
T: -0.805503 Q: 1.06752
T: -0.843464 Q: -0.031202
T: -0.862737 Q: 1.12341
T: -0.862737 Q: 1.11021
T: -0.843464 Q: -0.0307792
T: -0.805503 Q: -0.0373059
T: -0.750007 Q: -0.0502695
T: -0.678664 Q: 2.24204
T: -0.59364 Q: -0.0540413
T: -0.497519 Q: -0.0537512
T: -0.393222 Q: -0.0403023
T: -0.283918 Q: -0.0362761
T: -0.172927 Q: 1.1167
T: -0.0636228 Q: 1.08415
T: 0.0406743 Q: -0.0337125
T: 0.136795 Q: -0.0367024
T: 0.221819 Q: -0.0618185
T: 0.293162 Q: -0.0496237
T: 0.348657 Q: -0.052181
T: 0.386619 Q: -0.0487016
T: 0.405892 Q: 1.06275
T: 0.405892 Q: -0.043019
T: 0.386619 Q: -0.0631879
T: 0.348657 Q: 1.2713
T: 0.293162 Q: -0.0461638
T: 0.221819 Q: -0.0362735
T: 0.136795 Q: 1.10196
T: 0.0406743 Q: -0.0272104
T: -0.0636228 Q: -0.0318415
T: -0.172927 Q: 1.18716
200000/240238
Sec_Event 9227330 N50: 43
T: -0.447661 Q: -0.00547129
T: -0.544622 Q: -0.0045011
T: -0.637141 Q: -0.00190564
T: -0.722407 Q: -0.00165332
T: -0.797829 Q: -0.00105596
T: -0.861115 Q: 1.25636
T: -0.910343 Q: -0.000819811
T: -0.944018 Q: -0.000603836
T: -0.961114 Q: 1.20322
T: -0.961114 Q: 1.26243
T: -0.910343 Q: -0.00110111
T: -0.861115 Q: -0.00135051
T: -0.797829 Q: -0.00093119
T: -0.722407 Q: -0.00102263
T: -0.637141 Q: -0.00118224
T: -0.544622 Q: -0.00352953
T: -0.447661 Q: 1.07643
T: -0.349205 Q: -0.0109111
T: -0.252244 Q: 0.78825
T: -0.159725 Q: 2.15233
T: -0.0744595 Q: -0.0282348
T: 0.000962582 Q: 1.35
T: 0.0642492 Q: -0.0336992
T: 0.113477 Q: 1.29318
T: 0.147152 Q: -0.0227879
T: 0.164248 Q: 1.2868
T: 0.164248 Q: -0.018181
T: 0.147152 Q: 1.12044
T: 0.113477 Q: -0.0200359
T: 0.0642492 Q: -0.0158026
T: 0.000962582 Q: 1.39569
T: -0.0744595 Q: -0.015114
T: -0.159725 Q: -0.0162557
T: -0.252244 Q: -0.0163744
T: -0.349205 Q: 0.914637
Sec_Event 9470454 N50: 43
T: 0.241417 Q: -0.0606043
T: 0.135986 Q: -0.0563988
T: 0.0353854 Q: -0.0585907
T: -0.057329 Q: 1.30564
T: -0.13934 Q: 2.55645
T: -0.208155 Q: 1.27842
T: -0.261684 Q: 1.56801
T: -0.298299 Q: -0.0423462
T: -0.31689 Q: -0.0337294
T: -0.31689 Q: -0.0360834
T: -0.298299 Q: 1.00295
T: -0.261684 Q: -0.017004
T: -0.208155 Q: 0.890903
T: -0.13934 Q: 0.950086
T: -0.057329 Q: 1.75889
T: 0.0353854 Q: -0.00561239
T: 0.135986 Q: -0.00538115
T: 0.241417 Q: 1.01414
T: 0.348475 Q: 1.06167
T: 0.453906 Q: 0.753796
T: 0.554507 Q: 0.802439
T: 0.647221 Q: -0.00941531
T: 0.729232 Q: 0.742249
T: 0.798047 Q: 0.833528
T: 0.851575 Q: -0.0108888
T: 0.888191 Q: 1.39064
T: 0.906781 Q: -0.0103948
T: 0.906781 Q: -0.0164156
T: 0.888191 Q: 1.24843
T: 0.851575 Q: 1.27478
T: 0.798047 Q: 2.76079
T: 0.729232 Q: 1.30886
T: 0.647221 Q: 1.31446
T: 0.554507 Q: -0.0418428
T: 0.453906 Q: 0.85686
T: 0.348475 Q: -0.0491988
Sec_Event 9962197 N50: 42
T: 0.0292693 Q: -0.0317867
T: -0.0848027 Q: 1.21405
T: -0.193649 Q: -0.0423595
T: -0.293962 Q: 3.09647
T: -0.382694 Q: 0.915956
T: -0.457149 Q: -0.0296584
T: -0.515065 Q: 0.746026
T: -0.554682 Q: -0.0290437
T: -0.574796 Q: -0.015301
T: -0.574796 Q: 1.46497
T: -0.554682 Q: -0.00396898
T: -0.515065 Q: -0.00498824
T: -0.457149 Q: -0.0012105
T: -0.382694 Q: -0.000673109
T: -0.293962 Q: -0.000598879
T: -0.193649 Q: -0.000971025
T: -0.0848027 Q: -0.000516374
T: 0.0292693 Q: -0.000452101
T: 0.145101 Q: -0.000342279
T: 0.259173 Q: 1.11687
T: 0.368019 Q: 0.891755
T: 0.468332 Q: -0.000659151
T: 0.557064 Q: -0.000224804
T: 0.63152 Q: -0.0011482
T: 0.689435 Q: 0.887783
T: 0.729052 Q: 1.0113
T: 0.749166 Q: -0.000507894
T: 0.749166 Q: 1.11693
T: 0.729052 Q: 2.19197
T: 0.689435 Q: -0.000711676
T: 0.63152 Q: 0.8751
T: 0.557064 Q: 1.0962
T: 0.468332 Q: -0.00140131
T: 0.368019 Q: -0.00631626
T: 0.259173 Q: 2.27701
T: 0.145101 Q: -0.0490727
Sec_Event 10131007 N50: 48
T: -0.73132 Q: 1.4029
T: -0.762311 Q: -0.0522448
T: -0.791883 Q: -0.0538459
T: -0.819136 Q: 2.6872
T: -0.843242 Q: -0.0419503
T: -0.86347 Q: -0.0352156
T: -0.879205 Q: 2.9714
T: -0.889968 Q: -0.0397395
T: -0.895433 Q: 3.58026
T: -0.895433 Q: 1.84685
T: -0.889968 Q: -0.0403199
T: -0.879205 Q: 2.01104
T: -0.86347 Q: 0.995181
T: -0.843242 Q: -0.0105918
T: -0.819136 Q: -0.00642478
T: -0.791883 Q: 0.990176
T: -0.762311 Q: 2.23169
T: -0.73132 Q: 0.933217
T: -0.699851 Q: -0.00369642
T: -0.66886 Q: 1.0766
T: -0.639289 Q: -0.00299075
T: -0.612036 Q: -0.00465965
T: -0.587929 Q: -0.00484008
T: -0.567701 Q: 1.35053
T: -0.551966 Q: -0.0084242
T: -0.541203 Q: 1.37395
T: -0.535739 Q: -0.0136779
T: -0.535739 Q: -0.0133999
T: -0.541203 Q: -0.025558
T: -0.551966 Q: -0.0310602
T: -0.567701 Q: 1.2845
T: -0.587929 Q: 1.26983
T: -0.612036 Q: 1.29144
T: -0.639289 Q: 1.29926
T: -0.66886 Q: -0.0641955
T: -0.699851 Q: 1.37292
Sec_Event 10572316 N50: 43
T: -0.0953496 Q: -0.0030097
T: -0.210072 Q: -0.0068914
T: -0.319538 Q: 1.68918
T: -0.420423 Q: -0.00497311
T: -0.50966 Q: 0.88729
T: -0.58454 Q: -0.00159425
T: -0.642786 Q: -0.00105762
T: -0.682628 Q: 1.03051
T: -0.702857 Q: -0.00196708
T: -0.702857 Q: -0.00164074
T: -0.682628 Q: -0.0015428
T: -0.642786 Q: -0.00110634
T: -0.58454 Q: 0.968762
T: -0.50966 Q: 1.05542
T: -0.420423 Q: -0.00444999
T: -0.319538 Q: 1.73032
T: -0.210072 Q: -0.0341207
T: -0.0953496 Q: -0.0578142
T: 0.0211421 Q: 1.62138
T: 0.135864 Q: -0.0343569
T: 0.24533 Q: -0.0345554
T: 0.346215 Q: -0.0387295
T: 0.435453 Q: 1.49255
T: 0.510332 Q: -0.0535657
T: 0.568578 Q: -0.0489407
T: 0.608421 Q: 2.14118
T: 0.628649 Q: 1.06215
T: 0.628649 Q: -0.0461617
T: 0.608421 Q: -0.0340791
T: 0.568578 Q: -0.0184371
T: 0.510332 Q: 1.10948
T: 0.435453 Q: -0.00964421
T: 0.346215 Q: 0.948106
T: 0.24533 Q: -0.00650049
T: 0.135864 Q: -0.00587359
T: 0.0211421 Q: 2.35879

gestpm: TOTAL NUMBER PMT: WALL; TOP; BOTTOM; ALL  7650  1748  1748 11146
 *****************************
 * This is for SK-VI map      *
 *****************************
 findconsts: connection table file: /home/licheng/local/skofl/const//connection.super.dat
gexyz: PMT # FOR EACH SECTION       1  7650  7651  9398  9399 11146
gexyz: maxpm,nlwal     11146      7650
 findconsts: connection table1 file: /home/licheng/local/skofl/const//connection.super.dat
 findconsts: connection table2 file: /home/licheng/local/skofl/const//connection.super.sk-5.dat
 findfile: checking /home/licheng/local/skofl/const//misch3.dat
 findfile: found /home/licheng/local/skofl/const//misch3.dat
 findconsts: mis channel file: /home/licheng/local/skofl/const//misch3.dat
 findfile: checking /home/licheng/local/skofl/const//skpmt_sk5.dat
 findfile: found /home/licheng/local/skofl/const//skpmt_sk5.dat
 findconsts: pmt file: /home/licheng/local/skofl/const//skpmt_sk5.dat
gestpma: TOTAL NUMBER anti PMT: WALL; TOP; BOTTOM; ALL  1275   302   308  1885
gexyza: anti PMT # FOR EACH SECTION       1  1275  1276  1577  1578  1885
 maxpma,nlwala      1885      1275
 skbadch: log_level =            0
 findconsts: badch.090364 file: /home/licheng/local/skofl/const//badch/badch.090364
 findconsts: bad channel file: /home/licheng/local/skofl/const//badch.dat
 findconsts: badch.090364 file: /home/licheng/local/skofl/const//badch/badch.090364
 skdark: log_level =            0
 findconsts: darkr.090364.root file: /home/licheng/local/skofl/const//darkr/darkr.090364.root
 findconsts: badsub SK-I 1 file: /home/licheng/local/skofl/const//lowe/badsub.sk.r1742-3051.r3208-3608
 nbad 1 =         1851
 findconsts: badsub SK-I 2 file: /home/licheng/local/skofl/const//lowe/badsub.sk.realtim
 nbad 2 =        17511
 findconsts: badsub SK-I 3 file: /home/licheng/local/skofl/const//lowe/badsub.sk.manual.1260day
 nbad 3 =        21939
 findconsts: badsub SK-I 4 file: /home/licheng/local/skofl/const//lowe/badsub.sk.sle.1260day
 nbad 4 =        28004
 findconsts: badsub SK-I 5 file: /home/licheng/local/skofl/const//lowe/badsub.sk.manual
 nbad 5 =        28105
 findconsts: badsub SK-I 6 file: /home/licheng/local/skofl/const//lowe/badsub.sk.sle
 nbad 6 =        28105
 findconsts: badsub SK-II 1 file: /home/licheng/local/skofl/const//lowe/badsub.sk2.manual
 nbad_sk2 SK-II 1 =        27759
 findconsts: badsub SK-III 1 file: /home/licheng/local/skofl/const//lowe/badsub.sk3.manual
 nbad_sk3 SK-III 1 =         4149
 findconsts: badsub SK-IV file: /home/licheng/local/skofl/const//lowe/badsub.sk4.manual
 nbad_sk4 SK-IV =        66921
 read local badsub.sk5.manual.local
 nbad_sk5 SK-V =         2595
 read local badsub.sk6.manual.local
 nbad_sk6 SK-VI (Gd) =         7717
 findconsts: skcoverage_barrel file: /home/licheng/local/skofl/const//lowe/skcov_b_p3.dat
 findconsts: nearest neighbor file: /home/licheng/local/skofl/const//neighb.dat
 neighbsk: reading neighbor file /home/licheng/local/skofl/const//neighb.dat
 findconsts: skcoverage_sk4_final file: /home/licheng/local/skofl/const//lowe/skcov_c_p3.dat
