Output file: output/wt_090426.root input file:/disk03/lowe10/sk7/sle/lomugd.090426.root
 Id of this manager : 10
InitReadRoot: total = 664415
RUNINFO found in the rare list
SK geometry setting: 6
***** Dummy rgetvalue was called. (Remote File Access is not supported) *****
==========WT:========== 16821.8 14605.8 12695.6
0/664415
Sec_Event 14897 N50: 33
T: -0.480331 Q: 0.942554
T: -0.573692 Q: -0.00112873
T: -0.662775 Q: -0.00158437
T: -0.744875 Q: -0.00174818
T: -0.817497 Q: -0.00140191
T: -0.878433 Q: -0.00173015
T: -0.925834 Q: -0.000713084
T: -0.958258 Q: 3.04574
T: -0.97472 Q: 1.08484
T: -0.97472 Q: -0.00100104
T: -0.958258 Q: -0.00234769
T: -0.925834 Q: -0.0006663
T: -0.878433 Q: 2.36424
T: -0.817497 Q: -0.00237265
T: -0.744875 Q: -0.00210147
T: -0.662775 Q: 0.911967
T: -0.573692 Q: 1.13633
T: -0.480331 Q: -0.00149672
T: -0.385531 Q: -0.000589145
T: -0.29217 Q: -0.00057243
T: -0.203086 Q: -0.000520942
T: -0.120987 Q: -0.000573981
T: -0.048365 Q: -0.000292206
T: 0.0125717 Q: -0.00038541
T: 0.0599721 Q: 1.36723
T: 0.0923959 Q: 1.25632
T: 0.108858 Q: 1.69298
T: 0.0923959 Q: -0.000292232
T: 0.0599721 Q: 1.30158
T: 0.0125717 Q: 1.44242
T: -0.048365 Q: -0.000303356
T: -0.120987 Q: -0.00295412
T: -0.203086 Q: -0.000276363
T: -0.29217 Q: 1.23803
T: -0.385531 Q: -0.000858288
Sec_Event 1839699 N50: 29
T: -0.140219 Q: -0.0152974
T: -0.254378 Q: -0.0108873
T: -0.363308 Q: -0.0117115
T: -0.463698 Q: -0.0171273
T: -0.552498 Q: 0.917476
T: -0.62701 Q: -0.0180676
T: -0.68497 Q: 1.18472
T: -0.724618 Q: -0.0207128
T: -0.744747 Q: -0.0143236
T: -0.744747 Q: 0.870735
T: -0.724618 Q: -0.00796381
T: -0.68497 Q: -0.00539666
T: -0.62701 Q: 0.944201
T: -0.552498 Q: -0.00483847
T: -0.463698 Q: 2.13562
T: -0.363308 Q: -0.00257972
T: -0.254378 Q: -0.00123255
T: -0.140219 Q: -0.00318974
T: -0.0242985 Q: -0.00201571
T: 0.0898608 Q: 1.37586
T: 0.19879 Q: -0.00171258
T: 0.29918 Q: 0.922846
T: 0.387981 Q: -0.00238427
T: 0.462493 Q: -0.00469551
T: 0.520453 Q: 0.945708
T: 0.5601 Q: 1.00587
T: 0.580229 Q: -0.00564229
T: 0.580229 Q: -0.00604627
T: 0.5601 Q: -0.00647665
T: 0.520453 Q: -0.0108979
T: 0.462493 Q: -0.0146841
T: 0.387981 Q: -0.00820635
T: 0.29918 Q: -0.0136666
T: 0.19879 Q: -0.0114489
T: 0.0898608 Q: -0.0176918
T: -0.0242985 Q: 2.2096
Sec_Event 1876130 N50: 26
T: -0.39358 Q: -0.0024762
T: -0.495575 Q: -0.00344752
T: -0.592897 Q: -0.00263772
T: -0.68259 Q: -0.00740521
T: -0.761928 Q: -0.00626076
T: -0.828501 Q: -0.00704866
T: -0.880285 Q: -0.00664756
T: -0.915708 Q: -0.00796181
T: -0.933692 Q: -0.00582926
T: -0.933692 Q: -0.0139388
T: -0.915708 Q: -0.00718448
T: -0.880285 Q: -0.00777429
T: -0.828501 Q: 2.35658
T: -0.761928 Q: -0.0128243
T: -0.68259 Q: -0.012951
T: -0.592897 Q: -0.0230007
T: -0.495575 Q: -0.0415019
T: -0.39358 Q: -0.0490955
T: -0.290011 Q: -0.0335656
T: -0.188016 Q: -0.0382296
T: -0.0906939 Q: -0.0393057
T: -0.00100096 Q: 1.30848
T: 0.0783371 Q: -0.0282215
T: 0.14491 Q: -0.0241547
T: 0.196694 Q: -0.0187401
T: 0.232116 Q: -0.0185117
T: 0.250101 Q: 1.06146
T: 0.250101 Q: 0.953597
T: 0.232116 Q: -0.00632947
T: 0.196694 Q: 1.14719
T: 0.14491 Q: -0.00425367
T: 0.0783371 Q: -0.00281394
T: -0.00100096 Q: 0.981991
T: -0.0906939 Q: -0.00343929
T: -0.188016 Q: -0.00136906
T: -0.290011 Q: -0.00440031
Sec_Event 2177232 N50: 25
T: 0.0447054 Q: -0.0291083
T: -0.0690626 Q: 4.25862
T: -0.177619 Q: -0.0367885
T: -0.277665 Q: -0.0375402
T: -0.366161 Q: -0.043249
T: -0.440417 Q: -0.0517171
T: -0.498179 Q: 2.91844
T: -0.53769 Q: -0.0525506
T: -0.557751 Q: -0.0402214
T: -0.557751 Q: -0.0448407
T: -0.53769 Q: -0.0361559
T: -0.498179 Q: -0.0272062
T: -0.440417 Q: -0.0222362
T: -0.366161 Q: -0.0179576
T: -0.277665 Q: -0.0163555
T: -0.177619 Q: -0.016565
T: -0.0690626 Q: -0.0152994
T: 0.0447054 Q: -0.00891578
T: 0.160229 Q: -0.0114716
T: 0.273997 Q: 1.11048
T: 0.382553 Q: -0.0131119
T: 0.482599 Q: -0.0152155
T: 0.571095 Q: -0.025095
T: 0.645351 Q: -0.0151207
T: 0.703113 Q: -0.0156379
T: 0.742624 Q: -0.0169042
T: 0.762684 Q: 1.28049
T: 0.762684 Q: 2.76264
T: 0.742624 Q: 1.66354
T: 0.703113 Q: -0.0138337
T: 0.645351 Q: -0.0184396
T: 0.571095 Q: -0.0286864
T: 0.482599 Q: -0.0453785
T: 0.382553 Q: -0.0364823
T: 0.273997 Q: -0.0361397
T: 0.160229 Q: -0.0490107
Sec_Event 2177232 N50: 26
T: 0.405056 Q: -0.00590906
T: 0.313808 Q: 1.01444
T: 0.226739 Q: -0.00362238
T: 0.146497 Q: -0.00524627
T: 0.0755179 Q: -0.00339436
T: 0.0159596 Q: -0.00135603
T: -0.0303686 Q: -0.00100255
T: -0.0620589 Q: 1.04443
T: -0.0781485 Q: -0.000647405
T: -0.0781485 Q: -0.000899533
T: -0.0620589 Q: -0.00103918
T: -0.0303686 Q: -0.000277148
T: 0.0159596 Q: -0.000845031
T: 0.0755179 Q: 2.71091
T: 0.146497 Q: -0.00124939
T: 0.226739 Q: -0.000694342
T: 0.405056 Q: 1.18571
T: 0.497713 Q: -0.000591135
T: 0.588961 Q: 0.97702
T: 0.67603 Q: -0.00148095
T: 0.756273 Q: -0.00209025
T: 0.827251 Q: -0.00235529
T: 0.88681 Q: -0.00689767
T: 0.933138 Q: -0.0116114
T: 0.964828 Q: -0.0108077
T: 0.980918 Q: -0.0122782
T: 0.980918 Q: 0.812315
T: 0.964828 Q: 1.04675
T: 0.933138 Q: -0.0101386
T: 0.88681 Q: 1.06035
T: 0.827251 Q: -0.0221472
T: 0.756273 Q: -0.018323
T: 0.67603 Q: -0.0150788
T: 0.588961 Q: 0.848862
T: 0.497713 Q: -0.00705248
Sec_Event 2658798 N50: 35
T: -0.739632 Q: -0.0189152
T: -0.762803 Q: 1.17275
T: -0.784912 Q: 2.30298
T: -0.805288 Q: -0.0139349
T: -0.823311 Q: -0.0142205
T: -0.838435 Q: -0.0135606
T: -0.850199 Q: -0.0132388
T: -0.858246 Q: -0.0144268
T: -0.862331 Q: -0.0154615
T: -0.862331 Q: -0.0143798
T: -0.858246 Q: 1.20873
T: -0.850199 Q: -0.0156674
T: -0.838435 Q: 2.31995
T: -0.823311 Q: -0.0158875
T: -0.805288 Q: 2.57533
T: -0.784912 Q: 1.20786
T: -0.762803 Q: -0.021134
T: -0.739632 Q: -0.0221255
T: -0.716104 Q: 1.18027
T: -0.692934 Q: -0.0228773
T: -0.670825 Q: -0.0280703
T: -0.650449 Q: -0.0269283
T: -0.632425 Q: 1.1721
T: -0.617302 Q: -0.0319819
T: -0.605538 Q: -0.0268211
T: -0.597491 Q: 1.09023
T: -0.593405 Q: -0.0197653
T: -0.593405 Q: -0.0210871
T: -0.597491 Q: -0.0225189
T: -0.605538 Q: 1.22698
T: -0.617302 Q: -0.0176284
T: -0.632425 Q: 1.23659
T: -0.650449 Q: -0.01728
T: -0.670825 Q: -0.0205121
T: -0.692934 Q: -0.0209782
T: -0.716104 Q: 2.48862
Sec_Event 2660863 N50: 35
T: 0.65176 Q: -0.00500607
T: 0.604043 Q: -0.00163555
T: 0.558511 Q: 0.954461
T: 0.51655 Q: 2.19061
T: 0.479432 Q: 1.05366
T: 0.448287 Q: -0.00416891
T: 0.42406 Q: 0.971505
T: 0.407488 Q: -0.00457099
T: 0.399074 Q: -0.00273289
T: 0.399074 Q: -0.00695065
T: 0.407488 Q: -0.00471472
T: 0.42406 Q: -0.00397458
T: 0.448287 Q: 2.01425
T: 0.479432 Q: 0.86755
T: 0.51655 Q: 0.780954
T: 0.558511 Q: -0.018709
T: 0.604043 Q: -0.0359237
T: 0.65176 Q: 1.18763
T: 0.700213 Q: -0.0265853
T: 0.747931 Q: 1.16703
T: 0.793462 Q: -0.0318894
T: 0.835424 Q: -0.0253803
T: 0.872541 Q: -0.0189173
T: 0.903686 Q: -0.0161986
T: 0.927913 Q: -0.0160567
T: 0.944485 Q: 1.4927
T: 0.952899 Q: 2.28425
T: 0.952899 Q: -0.0138878
T: 0.944485 Q: -0.0149262
T: 0.927913 Q: -0.0141324
T: 0.903686 Q: -0.015041
T: 0.872541 Q: -0.0163088
T: 0.835424 Q: -0.0101933
T: 0.793462 Q: -0.0246187
T: 0.747931 Q: -0.00358853
T: 0.700213 Q: -0.00327463
Sec_Event 3049973 N50: 33
T: -0.0793561 Q: -0.00543306
T: -0.194175 Q: -0.00384121
T: -0.303734 Q: -0.00627693
T: -0.404704 Q: -0.00645184
T: -0.494018 Q: -0.0056005
T: -0.56896 Q: -0.00947133
T: -0.627256 Q: -0.0168866
T: -0.667132 Q: -0.0185719
T: -0.687378 Q: 1.0384
T: -0.687378 Q: 1.22465
T: -0.667132 Q: 1.22985
T: -0.627256 Q: -0.0203857
T: -0.56896 Q: 1.05046
T: -0.494018 Q: 0.987433
T: -0.404704 Q: -0.0178707
T: -0.303734 Q: -0.00933964
T: -0.194175 Q: 1.13655
T: -0.0793561 Q: -0.0157031
T: 0.0372342 Q: -0.0107069
T: 0.152053 Q: -0.0140722
T: 0.261612 Q: 0.967273
T: 0.362582 Q: -0.00762145
T: 0.451896 Q: -0.00532462
T: 0.526839 Q: -0.00355232
T: 0.585134 Q: -0.00254154
T: 0.62501 Q: -0.00157287
T: 0.645256 Q: -0.00310014
T: 0.645256 Q: -0.00357908
T: 0.62501 Q: 1.04341
T: 0.585134 Q: 2.17668
T: 0.526839 Q: -0.00343517
T: 0.451896 Q: -0.00288503
T: 0.362582 Q: -0.0056574
T: 0.261612 Q: 1.23655
T: 0.152053 Q: 1.41009
T: 0.0372342 Q: -0.0056612
Sec_Event 3049973 N50: 33
T: 0.179294 Q: -0.00498594
T: 0.0703045 Q: -0.00630679
T: -0.0336924 Q: -0.00402953
T: -0.129537 Q: -0.00545735
T: -0.214316 Q: -0.00495156
T: -0.285454 Q: -0.00649568
T: -0.340789 Q: -0.0102324
T: -0.378641 Q: -0.0255581
T: -0.397859 Q: 2.01718
T: -0.397859 Q: 1.22747
T: -0.378641 Q: -0.013956
T: -0.340789 Q: 2.09074
T: -0.285454 Q: -0.010532
T: -0.214316 Q: -0.0161924
T: -0.129537 Q: -0.0102067
T: -0.0336924 Q: -0.00931312
T: 0.0703045 Q: -0.0101356
T: 0.179294 Q: -0.0110159
T: 0.289966 Q: 1.0406
T: 0.398955 Q: 0.88518
T: 0.502952 Q: -0.0104013
T: 0.598796 Q: -0.00640623
T: 0.683576 Q: -0.00266422
T: 0.754714 Q: 0.906729
T: 0.810049 Q: -0.00269637
T: 0.847901 Q: -0.00170158
T: 0.867119 Q: -0.0020334
T: 0.867119 Q: 1.16073
T: 0.847901 Q: 1.14951
T: 0.810049 Q: -0.00197785
T: 0.754714 Q: 1.04713
T: 0.683576 Q: -0.0033842
T: 0.598796 Q: -0.00445427
T: 0.502952 Q: -0.00430006
T: 0.398955 Q: 1.23515
T: 0.289966 Q: -0.00434318
Sec_Event 3630113 N50: 55
Sec_Event 4193079 N50: 51
T: 0.713086 Q: 1.42017
T: 0.688317 Q: -0.012123
T: 0.664683 Q: -0.015078
T: 0.642901 Q: 0.920558
T: 0.623634 Q: -0.0193893
T: 0.607467 Q: 1.30653
T: 0.594892 Q: 0.970523
T: 0.586289 Q: 1.0163
T: 0.581922 Q: -0.0274087
T: 0.581922 Q: -0.0241045
T: 0.586289 Q: 3.30001
T: 0.594892 Q: 2.05766
T: 0.607467 Q: 1.24771
T: 0.623634 Q: -0.0206223
T: 0.642901 Q: 1.10682
T: 0.664683 Q: 0.848882
T: 0.688317 Q: 1.08051
T: 0.713086 Q: 1.34453
T: 0.738237 Q: -0.00861575
T: 0.763006 Q: 0.967609
T: 0.78664 Q: 1.03903
T: 0.808422 Q: -0.0042605
T: 0.827689 Q: 0.82428
T: 0.843856 Q: -0.00377865
T: 0.856431 Q: -0.00225465
T: 0.865034 Q: 1.01566
T: 0.869401 Q: -0.00301053
T: 0.869401 Q: 1.69362
T: 0.865034 Q: -0.00352252
T: 0.856431 Q: -0.00294915
T: 0.843856 Q: 0.719669
T: 0.827689 Q: 0.999193
T: 0.808422 Q: 1.80829
T: 0.78664 Q: -0.00846697
T: 0.763006 Q: 1.85906
T: 0.738237 Q: -0.00770671
Sec_Event 4195052 N50: 48
T: -0.54562 Q: -0.00172542
T: -0.630221 Q: -0.000825946
T: -0.710947 Q: -0.00100656
T: -0.785345 Q: -0.000316734
T: -0.851153 Q: 1.14375
T: -0.906373 Q: 1.30104
T: -0.978709 Q: 1.49964
T: -0.993626 Q: 1.75951
T: -0.978709 Q: -0.000516553
T: -0.949327 Q: 1.90417
T: -0.906373 Q: 1.3968
T: -0.785345 Q: 1.26669
T: -0.710947 Q: -0.000746975
T: -0.630221 Q: 0.973244
T: -0.54562 Q: 1.05519
T: -0.459713 Q: 2.17204
T: -0.375111 Q: 0.777336
T: -0.294385 Q: -0.00645845
T: -0.219988 Q: -0.00579317
T: -0.154179 Q: 1.65489
T: -0.0989595 Q: 1.77775
T: -0.056006 Q: 1.04615
T: -0.0266242 Q: -0.0135393
T: -0.0117066 Q: -0.00915671
T: -0.0117066 Q: -0.0119053
T: -0.0266242 Q: -0.0122566
T: -0.056006 Q: 0.657007
T: -0.0989595 Q: -0.0223251
T: -0.154179 Q: -0.0248132
T: -0.219988 Q: -0.0217222
T: -0.294385 Q: 0.79977
T: -0.375111 Q: 0.742755
T: -0.459713 Q: 1.96518
100000/664415
Sec_Event 6024670 N50: 39
T: -0.597824 Q: 0.923144
T: -0.673435 Q: -0.00708251
T: -0.745582 Q: -0.00619944
T: -0.812072 Q: -0.00429311
T: -0.870887 Q: 1.12725
T: -0.920238 Q: -0.00300329
T: -0.958627 Q: -0.00256239
T: -0.984886 Q: 1.38618
T: -0.998218 Q: 1.23019
T: -0.998218 Q: -0.00193974
T: -0.984886 Q: -0.00340224
T: -0.958627 Q: 1.14432
T: -0.920238 Q: 1.08654
T: -0.870887 Q: 1.08085
T: -0.812072 Q: 1.08234
T: -0.745582 Q: 1.08524
T: -0.673435 Q: 0.944508
T: -0.597824 Q: -0.00798305
T: -0.521047 Q: -0.01218
T: -0.445437 Q: -0.0135796
T: -0.37329 Q: 2.19222
T: -0.306799 Q: 0.906092
T: -0.247985 Q: -0.0267075
T: -0.198634 Q: -0.0354888
T: -0.160245 Q: -0.0390843
T: -0.133986 Q: -0.0450271
T: -0.120654 Q: 1.21115
T: -0.120654 Q: -0.044579
T: -0.133986 Q: -0.0494588
T: -0.160245 Q: -0.0532053
T: -0.198634 Q: 1.22925
T: -0.247985 Q: -0.0470243
T: -0.306799 Q: -0.0370774
T: -0.37329 Q: -0.0331545
T: -0.445437 Q: -0.0270439
T: -0.521047 Q: -0.0210376
Sec_Event 6237338 N50: 36
T: -0.407889 Q: -0.0269871
T: -0.508655 Q: 1.06604
T: -0.604804 Q: -0.0156024
T: -0.693417 Q: -0.0106052
T: -0.771799 Q: -0.00801988
T: -0.837569 Q: -0.00584737
T: -0.888729 Q: -0.00562473
T: -0.923725 Q: 1.61103
T: -0.941493 Q: 1.44486
T: -0.941493 Q: -0.00398472
T: -0.923725 Q: -0.00420932
T: -0.888729 Q: -0.00547053
T: -0.837569 Q: -0.00654677
T: -0.771799 Q: -0.00861046
T: -0.693417 Q: -0.0122719
T: -0.604804 Q: -0.0218067
T: -0.508655 Q: 1.08878
T: -0.407889 Q: -0.0334517
T: -0.305568 Q: -0.0389634
T: -0.204802 Q: -0.0376797
T: -0.108652 Q: -0.0368013
T: -0.0200403 Q: -0.0493172
T: 0.0583418 Q: 1.58003
T: 0.124112 Q: 1.51211
T: 0.175272 Q: -0.0611246
T: 0.210268 Q: 1.47316
T: 0.228036 Q: -0.0568067
T: 0.228036 Q: -0.0513669
T: 0.210268 Q: -0.0565212
T: 0.175272 Q: 1.51056
T: 0.124112 Q: 1.43844
T: 0.0583418 Q: -0.0503632
T: -0.0200403 Q: -0.0341816
T: -0.108652 Q: -0.0390192
T: -0.204802 Q: -0.0306574
T: -0.305568 Q: -0.0286531
Sec_Event 6679350 N50: 40
T: 0.68567 Q: -0.0301153
T: 0.649011 Q: 0.967712
T: 0.614031 Q: -0.0199702
T: 0.581794 Q: 1.97543
T: 0.553279 Q: -0.0217974
T: 0.529351 Q: -0.0252745
T: 0.510739 Q: -0.0224386
T: 0.498007 Q: 1.03221
T: 0.491544 Q: 0.922993
T: 0.491544 Q: -0.0138875
T: 0.498007 Q: 1.04464
T: 0.510739 Q: -0.015835
T: 0.529351 Q: 1.26887
T: 0.553279 Q: -0.0144188
T: 0.581794 Q: -0.0205893
T: 0.614031 Q: 1.17605
T: 0.649011 Q: -0.0189828
T: 0.68567 Q: -0.0174657
T: 0.722894 Q: -0.0172681
T: 0.759553 Q: -0.0182282
T: 0.794533 Q: -0.0202128
T: 0.82677 Q: -0.0152072
T: 0.855286 Q: -0.0143965
T: 0.879213 Q: -0.0169604
T: 0.897825 Q: 1.18912
T: 0.910557 Q: -0.014031
T: 0.917021 Q: -0.0161571
T: 0.917021 Q: -0.0125327
T: 0.910557 Q: 1.12557
T: 0.897825 Q: -0.014452
T: 0.879213 Q: 1.02071
T: 0.855286 Q: 3.29766
T: 0.82677 Q: 1.19727
T: 0.794533 Q: 0.921808
T: 0.759553 Q: -0.0208081
T: 0.722894 Q: -0.024568
Sec_Event 6816333 N50: 38
T: 0.135926 Q: -0.0386041
T: 0.0249716 Q: -0.0408083
T: -0.0809001 Q: 1.22051
T: -0.178472 Q: 1.19065
T: -0.264779 Q: 4.08859
T: -0.3372 Q: 1.60984
T: -0.393533 Q: 1.27123
T: -0.432067 Q: -0.0631096
T: -0.451631 Q: 1.42021
T: -0.451631 Q: -0.06812
T: -0.432067 Q: 2.51805
T: -0.393533 Q: 1.40548
T: -0.3372 Q: -0.0365084
T: -0.264779 Q: -0.0435568
T: -0.178472 Q: -0.0271873
T: -0.0809001 Q: 2.67952
T: 0.0249716 Q: 1.05652
T: 0.135926 Q: -0.0216777
T: 0.248592 Q: 1.09307
T: 0.359547 Q: -0.0224324
T: 0.465419 Q: -0.0328783
T: 0.56299 Q: 1.33524
T: 0.649298 Q: 0.968818
T: 0.721718 Q: -0.00518484
T: 0.778051 Q: 3.41699
T: 0.816585 Q: 2.48625
T: 0.83615 Q: 2.64664
T: 0.83615 Q: -0.00470865
T: 0.816585 Q: -0.00641252
T: 0.778051 Q: 0.972262
T: 0.721718 Q: -0.00662905
T: 0.649298 Q: 1.0833
T: 0.56299 Q: -0.0145884
T: 0.465419 Q: -0.0201172
T: 0.359547 Q: 0.826825
T: 0.248592 Q: 2.83311
Sec_Event 6936977 N50: 47
T: -0.0857748 Q: -0.00584436
T: -0.200561 Q: -0.00612372
T: -0.310089 Q: -0.00577901
T: -0.411031 Q: 0.87167
T: -0.500319 Q: -0.00223135
T: -0.57524 Q: -0.00140525
T: -0.633519 Q: -0.000592128
T: -0.673384 Q: -0.00139418
T: -0.693624 Q: 1.09186
T: -0.693624 Q: -0.000814711
T: -0.673384 Q: 1.1228
T: -0.633519 Q: -0.00094905
T: -0.57524 Q: -0.00125882
T: -0.500319 Q: -0.0021357
T: -0.411031 Q: -0.00409279
T: -0.310089 Q: -0.00635884
T: -0.200561 Q: -0.0240997
T: -0.0857748 Q: 1.20186
T: 0.0307825 Q: -0.0145702
T: 0.145569 Q: -0.0196689
T: 0.255097 Q: -0.0191475
T: 0.356039 Q: -0.0259136
T: 0.445327 Q: 1.1117
T: 0.520248 Q: -0.0246659
T: 0.578527 Q: -0.0287405
T: 0.618392 Q: 1.30556
T: 0.638632 Q: 1.22941
T: 0.638632 Q: 1.12268
T: 0.618392 Q: 1.33463
T: 0.578527 Q: -0.0166758
T: 0.520248 Q: -0.00965141
T: 0.445327 Q: -0.00874561
T: 0.356039 Q: 1.34086
T: 0.255097 Q: 1.52767
T: 0.145569 Q: -0.00616981
T: 0.0307825 Q: 1.21279
Sec_Event 7015533 N50: 27
T: -0.360499 Q: -0.0197547
T: -0.465076 Q: -0.0340848
T: -0.564863 Q: -0.031579
T: -0.656826 Q: -0.0342215
T: -0.738173 Q: -0.034379
T: -0.806431 Q: 1.08965
T: -0.859526 Q: 3.54173
T: -0.895846 Q: -0.0194268
T: -0.914285 Q: -0.0188097
T: -0.914285 Q: -0.0185816
T: -0.895846 Q: -0.017394
T: -0.859526 Q: 1.16516
T: -0.806431 Q: -0.026975
T: -0.738173 Q: -0.023616
T: -0.656826 Q: 1.14193
T: -0.564863 Q: 1.07664
T: -0.465076 Q: 1.1055
T: -0.360499 Q: -0.0161447
T: -0.254309 Q: -0.0159999
T: -0.149731 Q: 2.29296
T: -0.0499448 Q: -0.012442
T: 0.0420189 Q: 1.17822
T: 0.123366 Q: -0.0160494
T: 0.191623 Q: 1.06649
T: 0.244719 Q: -0.0190442
T: 0.281038 Q: -0.0224814
T: 0.299478 Q: -0.0242508
T: 0.299478 Q: 1.06992
T: 0.281038 Q: -0.0335828
T: 0.244719 Q: -0.0259992
T: 0.191623 Q: -0.0223256
T: 0.123366 Q: -0.0206097
T: 0.0420189 Q: -0.021162
T: -0.0499448 Q: 1.23057
T: -0.149731 Q: -0.022223
T: -0.254309 Q: -0.0257462
Sec_Event 7174208 N50: 37
T: 0.329786 Q: 1.08832
T: 0.231064 Q: -0.0170432
T: 0.136866 Q: -0.0151836
T: 0.0500519 Q: -0.0136241
T: -0.0267395 Q: -0.010962
T: -0.0911751 Q: -0.0087079
T: -0.141297 Q: -0.00624247
T: -0.175583 Q: -0.00482557
T: -0.19299 Q: 2.12213
T: -0.19299 Q: -0.00651986
T: -0.175583 Q: 1.29374
T: -0.141297 Q: -0.0018252
T: -0.0911751 Q: -0.00285467
T: -0.0267395 Q: -0.0016559
T: 0.0500519 Q: 1.17485
T: 0.136866 Q: -0.00127631
T: 0.231064 Q: -0.00113295
T: 0.329786 Q: -0.000772749
T: 0.43003 Q: -0.00153037
T: 0.528751 Q: -0.00217888
T: 0.622949 Q: -0.0013013
T: 0.709763 Q: -0.00339001
T: 0.786555 Q: -0.00712898
T: 0.85099 Q: 1.13799
T: 0.901112 Q: -0.0084788
T: 0.935398 Q: -0.00821066
T: 0.952805 Q: -0.00698379
T: 0.952805 Q: -0.00583152
T: 0.935398 Q: -0.00991111
T: 0.901112 Q: 1.3065
T: 0.85099 Q: 0.993755
T: 0.786555 Q: -0.0117125
T: 0.709763 Q: -0.0185904
T: 0.622949 Q: -0.0223913
T: 0.528751 Q: 1.256
T: 0.43003 Q: -0.0202088
Sec_Event 7787138 N50: 34
T: -0.333618 Q: -0.00655644
T: -0.440044 Q: -0.00744389
T: -0.541595 Q: -0.0030311
T: -0.635185 Q: -0.0052537
T: -0.71797 Q: -0.00746459
T: -0.787434 Q: -0.0126041
T: -0.841468 Q: 3.14707
T: -0.87843 Q: -0.0239388
T: -0.897196 Q: 0.834469
T: -0.897196 Q: -0.0205756
T: -0.87843 Q: -0.0235541
T: -0.841468 Q: -0.0236007
T: -0.787434 Q: -0.021867
T: -0.71797 Q: 1.05785
T: -0.635185 Q: 2.21479
T: -0.541595 Q: -0.00786217
T: -0.440044 Q: -0.00680173
T: -0.333618 Q: -0.00650625
T: -0.22555 Q: -0.00808066
T: -0.119124 Q: -0.00720009
T: -0.0175734 Q: 1.1584
T: 0.0760162 Q: 1.17804
T: 0.158801 Q: 1.30412
T: 0.228266 Q: -0.00333206
T: 0.2823 Q: -0.00324377
T: 0.319261 Q: -0.00335122
T: 0.338027 Q: 1.25353
T: 0.338027 Q: -0.00273185
T: 0.319261 Q: -0.00225817
T: 0.2823 Q: 1.13899
T: 0.228266 Q: -0.00741604
T: 0.158801 Q: 2.4735
T: 0.0760162 Q: 2.25983
T: -0.0175734 Q: -0.00191259
T: -0.119124 Q: -0.00192556
T: -0.22555 Q: -0.00236257
Sec_Event 7787138 N50: 41
T: -0.517166 Q: -0.0102173
T: -0.605871 Q: 1.28695
T: -0.690512 Q: 1.15661
T: -0.768519 Q: -0.0171282
T: -0.837519 Q: -0.0213465
T: -0.895417 Q: -0.041985
T: -0.940454 Q: 1.01434
T: -0.971261 Q: 0.966483
T: -0.986902 Q: 1.41768
T: -0.986902 Q: -0.0334656
T: -0.971261 Q: 1.53187
T: -0.940454 Q: -0.0392109
T: -0.895417 Q: 3.43072
T: -0.837519 Q: -0.0323302
T: -0.768519 Q: -0.0160997
T: -0.690512 Q: -0.0128762
T: -0.605871 Q: -0.00780209
T: -0.517166 Q: 1.30517
T: -0.427092 Q: -0.0068839
T: -0.338387 Q: -0.0127103
T: -0.253745 Q: -0.003649
T: -0.175739 Q: -0.0032493
T: -0.106739 Q: -0.0027052
T: -0.0488403 Q: -0.00244344
T: -0.00380344 Q: -0.00264285
T: 0.0270036 Q: -0.00163276
T: 0.0426447 Q: -0.00132548
T: 0.0426447 Q: -0.00248352
T: 0.0270036 Q: 1.23812
T: -0.00380344 Q: -0.00240785
T: -0.0488403 Q: -0.00170896
T: -0.106739 Q: 1.35265
T: -0.175739 Q: -0.0028236
T: -0.253745 Q: 1.14162
T: -0.338387 Q: -0.00950672
T: -0.427092 Q: -0.00420543
Sec_Event 7947959 N50: 33
Sec_Event 7947959 N50: 28
T: 0.49377 Q: -0.00767398
T: 0.413935 Q: 0.988818
T: 0.337757 Q: 1.07477
T: 0.267552 Q: 1.14068
T: 0.205451 Q: -0.010177
T: 0.153342 Q: 2.26136
T: 0.112809 Q: -0.0105507
T: 0.0850821 Q: -0.0132738
T: 0.071005 Q: 1.15811
T: 0.071005 Q: -0.0244838
T: 0.0850821 Q: -0.0287052
T: 0.112809 Q: 1.25276
T: 0.153342 Q: 1.26225
T: 0.205451 Q: -0.0372625
T: 0.267552 Q: -0.0392605
T: 0.337757 Q: -0.0418879
T: 0.413935 Q: -0.0434383
T: 0.49377 Q: -0.0469946
T: 0.574837 Q: 1.14892
T: 0.654673 Q: -0.0410411
T: 0.73085 Q: 2.3369
T: 0.801056 Q: -0.0194928
T: 0.863157 Q: -0.0159262
T: 0.915266 Q: -0.0127046
T: 0.955799 Q: 1.12833
T: 0.983526 Q: -0.0120127
T: 0.997603 Q: 2.77573
T: 0.997603 Q: 1.3895
T: 0.983526 Q: -0.0102541
T: 0.955799 Q: -0.0122263
T: 0.915266 Q: -0.0131032
T: 0.863157 Q: -0.0164256
T: 0.801056 Q: 2.22774
T: 0.73085 Q: -0.0148413
T: 0.654673 Q: -0.00839025
T: 0.574837 Q: -0.00887446
Sec_Event 8395799 N50: 36
T: -0.5532 Q: -0.0113277
T: -0.636623 Q: -0.00605792
T: -0.716225 Q: 1.17132
T: -0.789586 Q: 1.14963
T: -0.854477 Q: -0.00228905
T: -0.908928 Q: 2.37807
T: -0.951283 Q: 1.24986
T: -0.980255 Q: -0.00149603
T: -0.994965 Q: -0.00182273
T: -0.994965 Q: 1.34312
T: -0.980255 Q: 3.03881
T: -0.951283 Q: 1.59977
T: -0.908928 Q: -0.00275892
T: -0.854477 Q: -0.00317707
T: -0.789586 Q: -0.00327803
T: -0.716225 Q: -0.00653431
T: -0.636623 Q: -0.00732997
T: -0.5532 Q: 1.9763
T: -0.46849 Q: -0.0128256
T: -0.385067 Q: -0.0129183
T: -0.305466 Q: 2.65675
T: -0.232105 Q: -0.0128464
T: -0.167213 Q: 1.39089
T: -0.112763 Q: -0.0128902
T: -0.0704079 Q: -0.0130248
T: -0.0414353 Q: -0.0134578
T: -0.0267256 Q: -0.0101717
T: -0.0267256 Q: -0.0153528
T: -0.0414353 Q: -0.00997516
T: -0.0704079 Q: -0.0137846
T: -0.112763 Q: -0.0134424
T: -0.167213 Q: -0.00991599
T: -0.232105 Q: -0.0123147
T: -0.305466 Q: -0.0122754
T: -0.385067 Q: -0.0137508
T: -0.46849 Q: -0.0165948
Sec_Event 9190786 N50: 27
T: 0.599377 Q: 1.4361
T: 0.538521 Q: 1.20389
T: 0.480453 Q: -0.0107087
T: 0.426937 Q: -0.0122456
T: 0.379599 Q: -0.00995434
T: 0.339878 Q: -0.0141358
T: 0.30898 Q: -0.0198269
T: 0.287845 Q: -0.0300425
T: 0.277114 Q: -0.0349591
T: 0.277114 Q: -0.0386315
T: 0.287845 Q: -0.0391529
T: 0.30898 Q: 1.30526
T: 0.339878 Q: -0.0525676
T: 0.379599 Q: 1.29558
T: 0.426937 Q: -0.0754664
T: 0.480453 Q: -0.0891546
T: 0.538521 Q: -0.0925651
T: 0.599377 Q: -0.0999875
T: 0.661173 Q: 2.94101
T: 0.722029 Q: -0.0878897
T: 0.780097 Q: -0.0869061
T: 0.833613 Q: -0.056291
T: 0.880951 Q: 1.54446
T: 0.920672 Q: 1.33719
T: 0.95157 Q: -0.0429573
T: 0.972705 Q: -0.0450975
T: 0.983436 Q: 1.78236
T: 0.983436 Q: -0.0503589
T: 0.972705 Q: -0.0386063
T: 0.95157 Q: 0.924665
T: 0.920672 Q: -0.0155846
T: 0.880951 Q: -0.00702267
T: 0.833613 Q: -0.00491795
T: 0.780097 Q: -0.003981
T: 0.722029 Q: -0.00463637
T: 0.661173 Q: -0.0053757
200000/664415
Sec_Event 9857443 N50: 33
T: -0.45042 Q: 1.23655
T: -0.547094 Q: -0.000609742
T: -0.639339 Q: -0.00179896
T: -0.724353 Q: -0.00131142
T: -0.799552 Q: -0.0019783
T: -0.862652 Q: -0.00386841
T: -0.911734 Q: -0.00570903
T: -0.945309 Q: 0.817632
T: -0.962355 Q: -0.0227375
T: -0.962355 Q: 1.21118
T: -0.945309 Q: -0.0204164
T: -0.911734 Q: -0.0233924
T: -0.862652 Q: -0.0314574
T: -0.799552 Q: -0.0339458
T: -0.724353 Q: 1.14585
T: -0.639339 Q: -0.0415612
T: -0.547094 Q: -0.0346757
T: -0.45042 Q: -0.0271525
T: -0.352254 Q: 1.05392
T: -0.25558 Q: -0.0185762
T: -0.163334 Q: -0.0148183
T: -0.0783206 Q: -0.0115912
T: -0.00312143 Q: -0.00975551
T: 0.0599782 Q: 0.889196
T: 0.109061 Q: -0.0119668
T: 0.142636 Q: -0.00348904
T: 0.159682 Q: 1.89367
T: 0.159682 Q: -0.00216846
T: 0.142636 Q: -0.00553344
T: 0.109061 Q: 1.12346
T: 0.0599782 Q: -0.00102252
T: -0.00312143 Q: 1.13727
T: -0.0783206 Q: -0.000335845
T: -0.163334 Q: 1.17075
T: -0.25558 Q: 1.33112
T: -0.352254 Q: -0.000889292
Sec_Event 9857443 N50: 31
T: -0.69798 Q: 0.838095
T: -0.746597 Q: -0.0250541
T: -0.792988 Q: -0.0247974
T: -0.835741 Q: 1.96225
T: -0.873559 Q: 0.812485
T: -0.905292 Q: 0.649831
T: -0.929976 Q: 0.842467
T: -0.946861 Q: -0.0152994
T: -0.955433 Q: -0.0123377
T: -0.955433 Q: -0.019776
T: -0.946861 Q: 1.8587
T: -0.929976 Q: 1.63388
T: -0.905292 Q: -0.0232217
T: -0.873559 Q: -0.0295882
T: -0.835741 Q: -0.0294595
T: -0.792988 Q: -0.0306916
T: -0.746597 Q: -0.0330548
T: -0.69798 Q: -0.0367764
T: -0.648612 Q: -0.0481084
T: -0.599995 Q: -0.046972
T: -0.553604 Q: -0.0529449
T: -0.510851 Q: -0.056633
T: -0.473033 Q: -0.0525341
T: -0.4413 Q: -0.0551942
T: -0.416616 Q: -0.0546554
T: -0.399732 Q: 1.13883
T: -0.391159 Q: 1.26193
T: -0.391159 Q: 1.21368
T: -0.399732 Q: -0.0640958
T: -0.416616 Q: -0.0500072
T: -0.4413 Q: 1.10794
T: -0.473033 Q: -0.0363526
T: -0.510851 Q: -0.0407857
T: -0.553604 Q: -0.0369634
T: -0.599995 Q: -0.0289989
T: -0.648612 Q: -0.0334053
Sec_Event 9857443 N50: 25
T: -0.299073 Q: 0.965262
T: -0.407571 Q: -0.0049926
T: -0.511099 Q: -0.00675345
T: -0.60651 Q: -0.00712916
T: -0.690906 Q: -0.0120665
T: -0.761723 Q: -0.0154743
T: -0.816809 Q: -0.0179232
T: -0.85449 Q: -0.0142911
T: -0.873621 Q: 0.891978
T: -0.873621 Q: -0.00826416
T: -0.85449 Q: -0.00770138
T: -0.816809 Q: -0.00419662
T: -0.761723 Q: 0.916336
T: -0.690906 Q: 1.01995
T: -0.60651 Q: -0.00147062
T: -0.511099 Q: -0.00136955
T: -0.407571 Q: 0.867608
T: -0.299073 Q: 1.0222
T: -0.188901 Q: -0.000882971
T: -0.0804036 Q: -0.000494189
T: 0.0231239 Q: -0.002025
T: 0.118535 Q: -0.000472737
T: 0.202932 Q: -0.00101581
T: 0.273749 Q: -0.00306512
T: 0.328835 Q: 0.965232
T: 0.366515 Q: -0.00119435
T: 0.385647 Q: 0.933355
T: 0.385647 Q: -0.00408053
T: 0.366515 Q: -0.00157697
T: 0.328835 Q: -0.00353189
T: 0.273749 Q: -0.00367158
T: 0.202932 Q: 1.9338
T: 0.118535 Q: -0.0030506
T: 0.0231239 Q: -0.00396498
T: -0.0804036 Q: -0.00305169
T: -0.188901 Q: 0.871476
Sec_Event 10098172 N50: 36
T: 0.372568 Q: 1.20337
T: 0.277875 Q: 1.08834
T: 0.18752 Q: 2.27061
T: 0.104249 Q: 2.25017
T: 0.0305907 Q: -0.0168439
T: -0.0312157 Q: -0.0153152
T: -0.0792925 Q: -0.0197173
T: -0.112179 Q: -0.0146227
T: -0.128876 Q: -0.0170814
T: -0.128876 Q: -0.019404
T: -0.112179 Q: -0.0231997
T: -0.0792925 Q: -0.0206427
T: -0.0312157 Q: -0.0219066
T: 0.0305907 Q: -0.0269123
T: 0.104249 Q: -0.0300798
T: 0.18752 Q: -0.0389657
T: 0.277875 Q: -0.0346555
T: 0.372568 Q: -0.0402431
T: 0.468721 Q: -0.0425153
T: 0.563414 Q: 1.16978
T: 0.653769 Q: 1.00476
T: 0.737041 Q: 1.25815
T: 0.810699 Q: -0.0717995
T: 0.872505 Q: -0.0550388
T: 0.920582 Q: -0.0431453
T: 0.953468 Q: -0.0390015
T: 0.970165 Q: -0.0434393
T: 0.970165 Q: -0.0372032
T: 0.953468 Q: -0.0424029
T: 0.920582 Q: 0.78762
T: 0.872505 Q: -0.062999
T: 0.810699 Q: -0.033095
T: 0.737041 Q: 0.896661
T: 0.653769 Q: -0.0160416
T: 0.563414 Q: -0.00907287
T: 0.468721 Q: -0.0113259
Sec_Event 10575482 N50: 27
T: -0.00650026 Q: -0.0171822
T: -0.121087 Q: -0.0127426
T: -0.230425 Q: -0.0163969
T: -0.331191 Q: -0.0127058
T: -0.420324 Q: -0.0257815
T: -0.495116 Q: -0.0314314
T: -0.553293 Q: 2.4242
T: -0.593089 Q: 0.985515
T: -0.613294 Q: -0.0543424
T: -0.613294 Q: -0.0561732
T: -0.593089 Q: -0.0631726
T: -0.553293 Q: -0.0682328
T: -0.495116 Q: 1.11268
T: -0.420324 Q: -0.0532567
T: -0.331191 Q: -0.0414021
T: -0.230425 Q: -0.0491571
T: -0.121087 Q: -0.0344892
T: -0.00650026 Q: -0.0470993
T: 0.109855 Q: -0.0436625
T: 0.224442 Q: -0.0297511
T: 0.333779 Q: -0.0361194
T: 0.434546 Q: -0.0261076
T: 0.523679 Q: -0.0148082
T: 0.59847 Q: -0.00954212
T: 0.656647 Q: -0.00936221
T: 0.696443 Q: 1.14799
T: 0.716648 Q: -0.0062379
T: 0.716648 Q: -0.00619667
T: 0.696443 Q: -0.00631181
T: 0.656647 Q: -0.0067264
T: 0.59847 Q: 1.11011
T: 0.523679 Q: -0.0133855
T: 0.434546 Q: -0.0149349
T: 0.333779 Q: 1.12708
T: 0.224442 Q: 1.04339
T: 0.109855 Q: 1.04941
Sec_Event 10643738 N50: 25
T: 0.560895 Q: 0.913749
T: 0.492232 Q: 1.12326
T: 0.426715 Q: -0.0212599
T: 0.366334 Q: -0.0130229
T: 0.312924 Q: -0.0193211
T: 0.268108 Q: -0.00820576
T: 0.233247 Q: 0.92786
T: 0.2094 Q: -0.00891506
T: 0.197293 Q: -0.00416353
T: 0.197293 Q: -0.00607484
T: 0.2094 Q: -0.00335489
T: 0.233247 Q: -0.00238498
T: 0.268108 Q: 1.02591
T: 0.312924 Q: -0.00203507
T: 0.366334 Q: 1.2778
T: 0.426715 Q: -0.00338286
T: 0.492232 Q: -0.00210269
T: 0.560895 Q: -0.00307342
T: 0.630617 Q: -0.00504372
T: 0.69928 Q: -0.00319884
T: 0.764797 Q: -0.00689068
T: 0.825178 Q: -0.0079604
T: 0.878588 Q: -0.0127323
T: 0.923405 Q: -0.020123
T: 0.958266 Q: -0.0128154
T: 0.982112 Q: -0.0119331
T: 0.994219 Q: 1.38889
T: 0.994219 Q: -0.012606
T: 0.982112 Q: -0.0153925
T: 0.958266 Q: -0.0156049
T: 0.923405 Q: -0.0167686
T: 0.878588 Q: 1.07872
T: 0.825178 Q: -0.0194314
T: 0.764797 Q: -0.0321779
T: 0.69928 Q: 1.34494
T: 0.630617 Q: -0.0290603
Sec_Event 10643738 N50: 52
T: -0.369207 Q: -0.0472968
T: -0.473138 Q: -0.0469722
T: -0.572308 Q: -0.0525392
T: -0.663704 Q: 2.25047
T: -0.744548 Q: 1.11672
T: -0.812385 Q: -0.0246747
T: -0.865152 Q: -0.0223757
T: -0.901247 Q: -0.0178465
T: -0.919573 Q: 2.64923
T: -0.919573 Q: 2.10953
T: -0.901247 Q: 1.08436
T: -0.865152 Q: -0.0196491
T: -0.812385 Q: 1.15264
T: -0.744548 Q: -0.0225448
T: -0.663704 Q: -0.0200397
T: -0.572308 Q: -0.0145376
T: -0.473138 Q: 2.9955
T: -0.369207 Q: -0.00974646
T: -0.263672 Q: -0.00806178
T: -0.159741 Q: -0.00928882
T: -0.0605704 Q: -0.008617
T: 0.0308254 Q: -0.0160179
T: 0.11167 Q: 0.987383
T: 0.179506 Q: 0.999225
T: 0.232273 Q: -0.0233453
T: 0.268368 Q: 0.87811
T: 0.286694 Q: -0.0291414
T: 0.286694 Q: -0.0334634
T: 0.268368 Q: 2.51983
T: 0.232273 Q: 2.29503
T: 0.179506 Q: -0.0375996
T: 0.11167 Q: 1.38723
T: 0.0308254 Q: -0.0376415
T: -0.0605704 Q: -0.0423577
T: -0.159741 Q: 1.31529
T: -0.263672 Q: -0.0515308
Sec_Event 10643738 N50: 30
T: -0.139185 Q: -0.0383811
T: -0.253362 Q: 1.34795
T: -0.362309 Q: 1.13713
T: -0.462714 Q: 1.53398
T: -0.551528 Q: -0.0481019
T: -0.626052 Q: -0.0462346
T: -0.684022 Q: -0.0483906
T: -0.723675 Q: 1.09923
T: -0.743807 Q: -0.0357444
T: -0.743807 Q: -0.0344473
T: -0.723675 Q: -0.032748
T: -0.684022 Q: -0.0346597
T: -0.626052 Q: -0.0368212
T: -0.551528 Q: -0.037436
T: -0.462714 Q: -0.03517
T: -0.362309 Q: -0.0215937
T: -0.253362 Q: 1.14114
T: -0.139185 Q: -0.015998
T: -0.0232464 Q: 1.06195
T: 0.0909308 Q: -0.0260318
T: 0.199877 Q: -0.0252943
T: 0.300283 Q: -0.028484
T: 0.389097 Q: -0.0314849
T: 0.463621 Q: -0.0377608
T: 0.52159 Q: 2.25603
T: 0.561244 Q: -0.0416584
T: 0.581376 Q: -0.0469701
T: 0.581376 Q: -0.042667
T: 0.561244 Q: -0.044287
T: 0.52159 Q: -0.0664637
T: 0.463621 Q: -0.0504379
T: 0.389097 Q: -0.0555045
T: 0.300283 Q: 1.36859
T: 0.199877 Q: -0.0423778
T: 0.0909308 Q: -0.0393414
T: -0.0232464 Q: -0.0352196
Sec_Event 10786634 N50: 33
T: 0.550629 Q: 1.06518
T: 0.480078 Q: -0.0213047
T: 0.412759 Q: -0.0182028
T: 0.350717 Q: -0.0209242
T: 0.295838 Q: -0.0236338
T: 0.249789 Q: 1.33546
T: 0.21397 Q: -0.0336525
T: 0.189468 Q: -0.0370831
T: 0.177028 Q: -0.0347662
T: 0.177028 Q: -0.0473677
T: 0.189468 Q: 1.33092
T: 0.21397 Q: -0.0393198
T: 0.249789 Q: -0.0541098
T: 0.295838 Q: 1.5431
T: 0.350717 Q: -0.0655582
T: 0.412759 Q: 1.55118
T: 0.480078 Q: -0.0713025
T: 0.550629 Q: -0.0860324
T: 0.622268 Q: -0.0774851
T: 0.692819 Q: -0.0762712
T: 0.760138 Q: -0.0872316
T: 0.82218 Q: -0.0799106
T: 0.877059 Q: -0.0571605
T: 0.923108 Q: -0.0526309
T: 0.958928 Q: -0.0469778
T: 0.98343 Q: -0.0474351
T: 0.99587 Q: -0.0501772
T: 0.99587 Q: -0.0508152
T: 0.98343 Q: 1.60325
T: 0.958928 Q: -0.0466471
T: 0.923108 Q: 2.35991
T: 0.877059 Q: -0.0418272
T: 0.82218 Q: -0.0232262
T: 0.760138 Q: -0.0201734
T: 0.692819 Q: 1.12109
T: 0.622268 Q: -0.0183741
Sec_Event 12783759 N50: 35
T: 0.636618 Q: -0.0765457
T: 0.58472 Q: 2.326
T: 0.5352 Q: -0.0569199
T: 0.489561 Q: -0.0781774
T: 0.449192 Q: -0.0700786
T: 0.415318 Q: -0.0729342
T: 0.388968 Q: -0.0549825
T: 0.370944 Q: -0.0552153
T: 0.361793 Q: -0.066922
T: 0.361793 Q: -0.0447613
T: 0.370944 Q: 2.64648
T: 0.388968 Q: 1.17374
T: 0.415318 Q: 1.174
T: 0.449192 Q: -0.0406781
T: 0.489561 Q: 1.07523
T: 0.5352 Q: -0.0307638
T: 0.58472 Q: 1.0878
T: 0.636618 Q: -0.0260698
T: 0.689317 Q: -0.0259556
T: 0.741215 Q: 3.06228
T: 0.790735 Q: -0.0222648
T: 0.836374 Q: -0.0221938
T: 0.876743 Q: 1.01698
T: 0.910617 Q: -0.024176
T: 0.936967 Q: -0.0295838
T: 0.954991 Q: -0.0319676
T: 0.964142 Q: -0.0351052
T: 0.964142 Q: -0.0254215
T: 0.954991 Q: -0.0399133
T: 0.936967 Q: -0.0367839
T: 0.910617 Q: -0.0463191
T: 0.876743 Q: -0.0416578
T: 0.836374 Q: -0.051626
T: 0.790735 Q: 2.48819
T: 0.741215 Q: 1.08508
T: 0.689317 Q: -0.0677701
Sec_Event 13221202 N50: 40
T: 0.696017 Q: -0.0457378
T: 0.66341 Q: 1.00356
T: 0.632296 Q: 2.11831
T: 0.603622 Q: 0.984911
T: 0.578258 Q: -0.0337486
T: 0.556975 Q: 1.98449
T: 0.540419 Q: -0.0246822
T: 0.529095 Q: 2.15915
T: 0.523345 Q: -0.0253104
T: 0.523345 Q: -0.0165278
T: 0.529095 Q: 0.948061
T: 0.540419 Q: -0.0123278
T: 0.556975 Q: -0.013448
T: 0.578258 Q: 1.97287
T: 0.603622 Q: 0.922192
T: 0.632296 Q: 2.10267
T: 0.66341 Q: 0.95759
T: 0.696017 Q: -0.0122924
T: 0.729128 Q: 0.921783
T: 0.761735 Q: 1.01232
T: 0.792849 Q: -0.0220119
T: 0.821523 Q: -0.0241923
T: 0.846888 Q: -0.0273041
T: 0.868171 Q: -0.0218574
T: 0.884726 Q: -0.0276703
T: 0.89605 Q: -0.029297
T: 0.9018 Q: -0.0271835
T: 0.9018 Q: -0.0304224
T: 0.89605 Q: -0.0302879
T: 0.884726 Q: -0.0348874
T: 0.868171 Q: -0.0271197
T: 0.846888 Q: -0.0339333
T: 0.821523 Q: -0.0451202
T: 0.792849 Q: -0.0439911
T: 0.761735 Q: 1.07021
T: 0.729128 Q: -0.0477229
Sec_Event 13490569 N50: 29
T: 0.611902 Q: -0.00362288
T: 0.553879 Q: -0.00445821
T: 0.498514 Q: -0.00667236
T: 0.447489 Q: 0.754654
T: 0.402355 Q: 1.15447
T: 0.364483 Q: 0.864465
T: 0.335024 Q: -0.017088
T: 0.314873 Q: -0.0208857
T: 0.304642 Q: 0.642636
T: 0.304642 Q: -0.0314445
T: 0.314873 Q: -0.0296281
T: 0.335024 Q: 1.10591
T: 0.364483 Q: 0.776301
T: 0.402355 Q: -0.0217147
T: 0.447489 Q: -0.0145788
T: 0.498514 Q: -0.00982829
T: 0.553879 Q: -0.006045
T: 0.611902 Q: -0.00494041
T: 0.67082 Q: 1.05345
T: 0.728844 Q: -0.00268754
T: 0.784209 Q: 2.15907
T: 0.835233 Q: 1.11196
T: 0.880367 Q: -0.00123474
T: 0.918239 Q: -0.000758653
T: 0.947698 Q: -0.00128783
T: 0.967849 Q: -0.00117221
T: 0.97808 Q: -0.00114231
T: 0.97808 Q: -0.00103172
T: 0.967849 Q: -0.00123984
T: 0.947698 Q: -0.00163097
T: 0.918239 Q: -0.000831868
T: 0.880367 Q: 1.51776
T: 0.835233 Q: -0.00216159
T: 0.784209 Q: -0.00482914
T: 0.728844 Q: 1.10746
T: 0.67082 Q: -0.00281763
300000/664415
Sec_Event 14089024 N50: 30
T: 0.432903 Q: 1.09604
T: 0.344898 Q: -0.00715377
T: 0.260925 Q: -0.00422717
T: 0.183535 Q: -0.00291372
T: 0.115079 Q: -0.00286159
T: 0.0576379 Q: -0.00209169
T: 0.0129567 Q: 1.15915
T: -0.017607 Q: 1.24704
T: -0.0331247 Q: -0.00507118
T: -0.0331247 Q: -0.0014259
T: -0.017607 Q: 1.14404
T: 0.0129567 Q: -0.00447029
T: 0.0576379 Q: -0.00449612
T: 0.115079 Q: 1.14536
T: 0.183535 Q: 1.46373
T: 0.260925 Q: -0.00447777
T: 0.344898 Q: 1.20101
T: 0.432903 Q: 2.2367
T: 0.522265 Q: -0.00404227
T: 0.61027 Q: -0.0109935
T: 0.694243 Q: -0.00912835
T: 0.771633 Q: -0.0148464
T: 0.840089 Q: 1.14208
T: 0.89753 Q: 1.075
T: 0.942211 Q: -0.0121624
T: 0.972775 Q: -0.0141143
T: 0.988293 Q: 1.39315
T: 0.988293 Q: 1.3346
T: 0.972775 Q: -0.0121995
T: 0.942211 Q: 1.18843
T: 0.89753 Q: -0.0120445
T: 0.840089 Q: -0.0183114
T: 0.771633 Q: 0.925151
T: 0.694243 Q: 0.945181
T: 0.61027 Q: -0.0324525
T: 0.522265 Q: -0.00991369
Sec_Event 16033339 N50: 38
T: -0.0574351 Q: -0.0229283
T: -0.1723 Q: -0.0391719
T: -0.281903 Q: -0.02735
T: -0.382914 Q: -0.0345559
T: -0.472263 Q: -0.037958
T: -0.547236 Q: 1.50362
T: -0.605554 Q: -0.0576857
T: -0.645447 Q: -0.0586702
T: -0.6657 Q: -0.0610929
T: -0.6657 Q: 1.27628
T: -0.645447 Q: -0.0509341
T: -0.605554 Q: -0.0430029
T: -0.547236 Q: 1.29952
T: -0.472263 Q: -0.030165
T: -0.382914 Q: -0.0271432
T: -0.281903 Q: -0.0283777
T: -0.1723 Q: -0.025844
T: -0.0574351 Q: -0.0195396
T: 0.059202 Q: 1.395
T: 0.174067 Q: -0.0235398
T: 0.28367 Q: -0.0175208
T: 0.384681 Q: -0.02207
T: 0.47403 Q: 1.02499
T: 0.549003 Q: -0.0183791
T: 0.607321 Q: 1.17935
T: 0.647214 Q: -0.0135267
T: 0.667467 Q: 1.10881
T: 0.667467 Q: -0.0118301
T: 0.647214 Q: 1.07261
T: 0.607321 Q: -0.0167052
T: 0.549003 Q: 1.94628
T: 0.47403 Q: -0.034995
T: 0.384681 Q: 1.00354
T: 0.28367 Q: -0.0268488
T: 0.174067 Q: -0.033548
T: 0.059202 Q: -0.0305317
Sec_Event 16033339 N50: 30
T: 0.117061 Q: -0.0365636
T: 0.00537991 Q: 1.21216
T: -0.101185 Q: -0.0275506
T: -0.199396 Q: -0.0351439
T: -0.286268 Q: -0.0276333
T: -0.359163 Q: -0.0336863
T: -0.415865 Q: -0.0287552
T: -0.454651 Q: -0.0267643
T: -0.474343 Q: -0.022238
T: -0.474343 Q: -0.024743
T: -0.454651 Q: 1.13708
T: -0.415865 Q: -0.0187315
T: -0.359163 Q: -0.0111703
T: -0.286268 Q: -0.00962331
T: -0.199396 Q: -0.0116879
T: -0.101185 Q: -0.00869513
T: 0.00537991 Q: -0.00730071
T: 0.117061 Q: 1.42922
T: 0.230465 Q: 0.993733
T: 0.342146 Q: -0.01175
T: 0.448711 Q: -0.00838057
T: 0.546921 Q: -0.0102865
T: 0.633794 Q: 1.397
T: 0.706689 Q: -0.00938476
T: 0.763391 Q: 1.13454
T: 0.802177 Q: -0.007751
T: 0.821869 Q: 1.27377
T: 0.821869 Q: -0.00733631
T: 0.802177 Q: -0.0105109
T: 0.763391 Q: -0.0110718
T: 0.706689 Q: 1.22282
T: 0.633794 Q: -0.0171068
T: 0.546921 Q: 1.11707
T: 0.448711 Q: -0.0347604
T: 0.342146 Q: 2.50324
T: 0.230465 Q: -0.0284237
Sec_Event 16440151 N50: 25
T: -0.115562 Q: -0.00800327
T: -0.230084 Q: 1.08869
T: -0.339359 Q: -0.0127903
T: -0.440068 Q: -0.00880996
T: -0.52915 Q: -0.0117605
T: -0.603899 Q: 1.15233
T: -0.662043 Q: -0.00906473
T: -0.701816 Q: 1.08071
T: -0.722009 Q: 1.1975
T: -0.722009 Q: -0.0104225
T: -0.701816 Q: 1.0908
T: -0.662043 Q: -0.00420685
T: -0.603899 Q: -0.00263833
T: -0.52915 Q: -0.0029244
T: -0.440068 Q: -0.00209635
T: -0.339359 Q: 1.1326
T: -0.230084 Q: -0.00266466
T: -0.115562 Q: -0.00123741
T: 0.000726666 Q: -0.000861555
T: 0.115248 Q: -0.00258691
T: 0.224524 Q: -0.00159927
T: 0.325233 Q: -0.00117319
T: 0.414315 Q: -0.0017635
T: 0.489064 Q: -0.00388578
T: 0.547208 Q: -0.00452953
T: 0.586981 Q: -0.00406489
T: 0.607174 Q: -0.0057176
T: 0.607174 Q: 0.984721
T: 0.586981 Q: -0.0060945
T: 0.547208 Q: -0.00887454
T: 0.489064 Q: -0.0066044
T: 0.414315 Q: -0.00810291
T: 0.325233 Q: -0.0106678
T: 0.224524 Q: -0.0073358
T: 0.115248 Q: -0.00934398
T: 0.000726666 Q: -0.00977543
Sec_Event 17319565 N50: 32
T: 0.534343 Q: -0.00557096
T: 0.460941 Q: -0.0124167
T: 0.390901 Q: -0.014027
T: 0.326351 Q: 1.70415
T: 0.269254 Q: -0.0135669
T: 0.221344 Q: -0.0103553
T: 0.184076 Q: -0.0139444
T: 0.158584 Q: 1.23476
T: 0.145641 Q: -0.00911025
T: 0.145641 Q: -0.0152798
T: 0.158584 Q: -0.0087545
T: 0.184076 Q: 2.42331
T: 0.221344 Q: 0.797809
T: 0.269254 Q: -0.00819182
T: 0.326351 Q: -0.00595139
T: 0.390901 Q: -0.00631162
T: 0.460941 Q: -0.00636443
T: 0.534343 Q: 0.95586
T: 0.608878 Q: -0.00334556
T: 0.682281 Q: -0.00341089
T: 0.752321 Q: -0.00212389
T: 0.816871 Q: -0.00135299
T: 0.873968 Q: -0.000786017
T: 0.921878 Q: 1.16642
T: 0.959146 Q: -0.00216069
T: 0.984638 Q: -0.000482558
T: 0.997581 Q: -0.00228743
T: 0.997581 Q: -0.000612411
T: 0.984638 Q: -0.0012301
T: 0.959146 Q: -0.00112393
T: 0.921878 Q: -0.000860167
T: 0.873968 Q: -0.00127929
T: 0.816871 Q: -0.00184908
T: 0.752321 Q: -0.00127067
T: 0.682281 Q: -0.00245001
T: 0.608878 Q: 1.14499
Sec_Event 17319565 N50: 30
T: 0.474494 Q: 1.35216
T: 0.391897 Q: -0.0124898
T: 0.313083 Q: -0.014233
T: 0.240448 Q: -0.0123065
T: 0.176199 Q: 1.4776
T: 0.122287 Q: -0.0124739
T: 0.0803515 Q: 1.28446
T: 0.0516657 Q: -0.0089215
T: 0.0371016 Q: 1.33238
T: 0.0371016 Q: -0.00834764
T: 0.0516657 Q: -0.00630976
T: 0.0803515 Q: -0.00887107
T: 0.122287 Q: 1.03147
T: 0.176199 Q: 1.05085
T: 0.240448 Q: -0.0104152
T: 0.313083 Q: -0.00997758
T: 0.391897 Q: -0.00938522
T: 0.474494 Q: -0.0072227
T: 0.558366 Q: -0.00900683
T: 0.640964 Q: -0.00767265
T: 0.719777 Q: -0.00599106
T: 0.792412 Q: -0.0046284
T: 0.856661 Q: -0.00389049
T: 0.910573 Q: -0.00385498
T: 0.952509 Q: -0.00340257
T: 0.981195 Q: 2.44926
T: 0.995759 Q: -0.00391454
T: 0.995759 Q: -0.0032685
T: 0.981195 Q: -0.00259516
T: 0.952509 Q: -0.00265133
T: 0.910573 Q: 1.23648
T: 0.856661 Q: -0.00578999
T: 0.792412 Q: -0.00538989
T: 0.719777 Q: 2.00863
T: 0.640964 Q: 0.890088
T: 0.558366 Q: -0.0148159
Sec_Event 17576245 N50: 40
T: -0.218955 Q: -0.00482228
T: -0.331056 Q: -0.00658602
T: -0.438022 Q: -0.00852456
T: -0.536603 Q: 1.24216
T: -0.623802 Q: -0.0122117
T: -0.696971 Q: -0.0213428
T: -0.753886 Q: 0.984177
T: -0.792819 Q: 0.985514
T: -0.812585 Q: 0.835766
T: -0.812585 Q: -0.0238166
T: -0.792819 Q: -0.0193041
T: -0.753886 Q: -0.0141417
T: -0.696971 Q: 1.08064
T: -0.623802 Q: -0.00843925
T: -0.536603 Q: -0.0132124
T: -0.438022 Q: -0.00464127
T: -0.331056 Q: -0.0036043
T: -0.218955 Q: 0.930273
T: -0.105124 Q: 1.02059
T: 0.00697696 Q: -0.00606933
T: 0.113943 Q: -0.00385344
T: 0.212523 Q: -0.00310713
T: 0.299722 Q: 3.27871
T: 0.372891 Q: -0.0031215
T: 0.429807 Q: -0.00377424
T: 0.468739 Q: -0.00404343
T: 0.488506 Q: -0.00456218
T: 0.488506 Q: 2.14239
T: 0.468739 Q: -0.00433896
T: 0.429807 Q: -0.00413045
T: 0.372891 Q: -0.00366982
T: 0.299722 Q: -0.00534034
T: 0.212523 Q: -0.00387396
T: 0.113943 Q: 0.970523
T: 0.00697696 Q: -0.00676461
T: -0.105124 Q: -0.0127704
Sec_Event 17576245 N50: 32
T: 0.0153842 Q: -0.0143617
T: -0.0989191 Q: -0.0204869
T: -0.207986 Q: 1.17324
T: -0.308503 Q: -0.0235398
T: -0.397415 Q: -0.0226478
T: -0.472021 Q: 1.17546
T: -0.530054 Q: -0.0256991
T: -0.569751 Q: 2.30294
T: -0.589906 Q: -0.0188151
T: -0.589906 Q: 1.14343
T: -0.569751 Q: -0.0145319
T: -0.530054 Q: -0.0108617
T: -0.472021 Q: -0.0127276
T: -0.397415 Q: -0.00759372
T: -0.308503 Q: -0.00566049
T: -0.207986 Q: -0.0045179
T: -0.0989191 Q: -0.00479945
T: 0.0153842 Q: 1.00573
T: 0.131451 Q: -0.00679096
T: 0.245754 Q: 1.31634
T: 0.354821 Q: -0.00408869
T: 0.455337 Q: -0.00514239
T: 0.54425 Q: -0.00527081
T: 0.618856 Q: -0.00627755
T: 0.676889 Q: 1.27234
T: 0.716586 Q: -0.00715262
T: 0.736741 Q: 1.40066
T: 0.736741 Q: -0.00769785
T: 0.716586 Q: -0.0108693
T: 0.676889 Q: -0.00686747
T: 0.618856 Q: -0.015326
T: 0.54425 Q: -0.0126164
T: 0.455337 Q: -0.0160061
T: 0.354821 Q: -0.0179725
T: 0.245754 Q: -0.0213024
T: 0.131451 Q: -0.0265162
Sec_Event 18686538 N50: 27
400000/664415
Sec_Event 18994250 N50: 33
T: 0.0419822 Q: -0.0302049
T: -0.071843 Q: 1.07958
T: -0.180454 Q: -0.0301062
T: -0.28055 Q: -0.038418
T: -0.36909 Q: -0.0343263
T: -0.443384 Q: -0.0376375
T: -0.501175 Q: 1.10735
T: -0.540706 Q: 1.04101
T: -0.560777 Q: 0.961393
T: -0.560777 Q: -0.028968
T: -0.540706 Q: -0.0222379
T: -0.501175 Q: -0.0261399
T: -0.443384 Q: -0.0240895
T: -0.36909 Q: 1.02607
T: -0.28055 Q: 1.04476
T: -0.180454 Q: 2.34594
T: -0.071843 Q: -0.0169653
T: 0.0419822 Q: 1.05664
T: 0.157563 Q: 0.934866
T: 0.271389 Q: -0.0157466
T: 0.379999 Q: 1.16449
T: 0.480096 Q: -0.0211312
T: 0.568636 Q: -0.0264884
T: 0.64293 Q: 0.924004
T: 0.700721 Q: -0.0468529
T: 0.740252 Q: 1.3181
T: 0.760322 Q: -0.0455886
T: 0.760322 Q: -0.036917
T: 0.740252 Q: -0.0410756
T: 0.700721 Q: -0.0625343
T: 0.64293 Q: -0.0465185
T: 0.568636 Q: 1.27294
T: 0.480096 Q: 1.45042
T: 0.379999 Q: -0.0405506
T: 0.271389 Q: -0.0331706
T: 0.157563 Q: -0.0317461
Sec_Event 19675820 N50: 25
T: -0.109973 Q: -0.0253762
T: -0.224559 Q: -0.0315015
T: -0.333895 Q: -0.0291174
T: -0.43466 Q: -0.0527332
T: -0.523792 Q: -0.0539512
T: -0.598583 Q: -0.0582461
T: -0.65676 Q: -0.0564715
T: -0.696555 Q: -0.0613684
T: -0.716759 Q: -0.0447535
T: -0.716759 Q: -0.0506498
T: -0.696555 Q: -0.0537133
T: -0.65676 Q: 1.05801
T: -0.598583 Q: -0.0585983
T: -0.523792 Q: -0.0591485
T: -0.43466 Q: -0.0521842
T: -0.333895 Q: -0.0371328
T: -0.224559 Q: -0.0306241
T: -0.109973 Q: -0.0372209
T: 0.00638058 Q: -0.0500386
T: 0.120966 Q: 1.11577
T: 0.230303 Q: -0.0428712
T: 0.331068 Q: 2.45565
T: 0.4202 Q: 4.73102
T: 0.494991 Q: 5.84192
T: 0.553167 Q: -0.0424853
T: 0.592963 Q: -0.0314009
T: 0.613167 Q: -0.0411432
T: 0.613167 Q: -0.0327498
T: 0.592963 Q: -0.0372778
T: 0.553167 Q: -0.0401245
T: 0.494991 Q: -0.0401177
T: 0.4202 Q: -0.0374096
T: 0.331068 Q: -0.0447644
T: 0.230303 Q: -0.0409805
T: 0.120966 Q: -0.0297445
T: 0.00638058 Q: -0.0347638
Sec_Event 19827802 N50: 52
T: -0.677534 Q: 1.20311
T: -0.733451 Q: -0.0132736
T: -0.786807 Q: 2.20782
T: -0.835979 Q: 2.34529
T: -0.879475 Q: 1.09895
T: -0.915973 Q: 1.14706
T: -0.944363 Q: -0.00646014
T: -0.963783 Q: 2.49382
T: -0.973642 Q: 0.962387
T: -0.973642 Q: 1.23564
T: -0.963783 Q: 0.912574
T: -0.944363 Q: 4.37115
T: -0.915973 Q: -0.00529015
T: -0.879475 Q: 1.88492
T: -0.835979 Q: 0.943552
T: -0.786807 Q: -0.00634206
T: -0.733451 Q: -0.00649194
T: -0.677534 Q: -0.00947089
T: -0.620754 Q: 0.88755
T: -0.564837 Q: 1.90075
T: -0.511481 Q: -0.0140398
T: -0.462308 Q: -0.0204148
T: -0.418812 Q: -0.0286646
T: -0.382315 Q: 0.98876
T: -0.353925 Q: 2.15627
T: -0.334505 Q: 1.38916
T: -0.324645 Q: 1.19606
T: -0.324645 Q: -0.0386715
T: -0.334505 Q: -0.045329
T: -0.353925 Q: 2.61559
T: -0.382315 Q: -0.0445162
T: -0.418812 Q: 5.7032
T: -0.462308 Q: -0.0394365
T: -0.511481 Q: 0.965232
T: -0.564837 Q: -0.028061
T: -0.620754 Q: 0.979183
Sec_Event 20055256 N50: 29
T: -0.60172 Q: 0.944564
T: -0.676566 Q: 1.57908
T: -0.747984 Q: 2.39116
T: -0.813803 Q: 1.14304
T: -0.872024 Q: 1.10989
T: -0.958877 Q: -0.00183752
T: -0.984871 Q: -0.000712259
T: -0.998069 Q: -0.000972639
T: -0.998069 Q: -0.000674506
T: -0.984871 Q: -0.000319932
T: -0.958877 Q: -0.000333059
T: -0.920876 Q: 1.13508
T: -0.872024 Q: -0.000791293
T: -0.813803 Q: -0.00116139
T: -0.747984 Q: 1.0212
T: -0.676566 Q: 1.05553
T: -0.60172 Q: -0.00211885
T: -0.525718 Q: 0.924644
T: -0.450872 Q: -0.00489856
T: -0.379454 Q: -0.0071014
T: -0.313635 Q: -0.00902102
T: -0.255414 Q: -0.0108259
T: -0.206561 Q: -0.0121548
T: -0.168561 Q: -0.0152202
T: -0.142567 Q: 1.32348
T: -0.129369 Q: -0.0198371
T: -0.129369 Q: 0.642549
T: -0.142567 Q: 0.581527
T: -0.168561 Q: -0.0221732
T: -0.206561 Q: 0.604705
T: -0.255414 Q: -0.0210644
T: -0.313635 Q: -0.0247494
T: -0.379454 Q: -0.0114589
T: -0.450872 Q: -0.00520467
T: -0.525718 Q: -0.00376733
Sec_Event 23555731 N50: 41
T: 0.44344 Q: -0.0655364
T: 0.356738 Q: -0.050714
T: 0.274009 Q: -0.0488704
T: 0.197765 Q: -0.048039
T: 0.130323 Q: 3.2993
T: 0.0737324 Q: -0.054939
T: 0.0297128 Q: 1.57067
T: -0.000398302 Q: -0.0546544
T: -0.0156861 Q: 3.26562
T: -0.0156861 Q: 1.42892
T: -0.000398302 Q: -0.0620112
T: 0.0297128 Q: 1.46546
T: 0.0737324 Q: 1.60202
T: 0.130323 Q: 1.61327
T: 0.197765 Q: -0.0558782
T: 0.274009 Q: -0.041021
T: 0.356738 Q: -0.0416001
T: 0.44344 Q: 1.25484
T: 0.531479 Q: -0.0339532
T: 0.618181 Q: -0.0417403
T: 0.70091 Q: -0.0324877
T: 0.777154 Q: -0.0307361
T: 0.844596 Q: -0.0196136
T: 0.901187 Q: 2.9619
T: 0.945206 Q: 1.49816
T: 0.975317 Q: 1.35752
T: 0.990605 Q: 3.21766
T: 0.990605 Q: -0.0148943
T: 0.975317 Q: -0.0171303
T: 0.945206 Q: -0.0187806
T: 0.901187 Q: -0.020503
T: 0.844596 Q: -0.0244885
T: 0.777154 Q: 1.41722
T: 0.70091 Q: -0.0385371
T: 0.618181 Q: 1.41357
T: 0.531479 Q: 1.22666
Sec_Event 23555731 N50: 40
T: -0.672396 Q: -0.0472074
T: -0.729936 Q: 1.22147
T: -0.784839 Q: 1.2208
T: -0.835438 Q: -0.0280241
T: -0.880196 Q: 2.62573
T: -0.917752 Q: -0.0285408
T: -0.946966 Q: 1.18553
T: -0.966949 Q: 1.23676
T: -0.977095 Q: -0.0193155
T: -0.977095 Q: 1.2041
T: -0.966949 Q: -0.0196498
T: -0.946966 Q: -0.0163046
T: -0.917752 Q: -0.0141179
T: -0.880196 Q: 0.855278
T: -0.835438 Q: -0.014216
T: -0.784839 Q: -0.0154834
T: -0.729936 Q: -0.0205704
T: -0.672396 Q: 0.945952
T: -0.613969 Q: -0.0296157
T: -0.55643 Q: -0.0192879
T: -0.501527 Q: 3.30399
T: -0.450927 Q: -0.028809
T: -0.40617 Q: 1.07345
T: -0.368614 Q: 1.15053
T: -0.3394 Q: -0.0349143
T: -0.319417 Q: -0.0349444
T: -0.309271 Q: 1.24291
T: -0.309271 Q: -0.0453824
T: -0.319417 Q: -0.0465546
T: -0.3394 Q: -0.0493601
T: -0.368614 Q: -0.0505375
T: -0.40617 Q: -0.0550878
T: -0.450927 Q: 1.23951
T: -0.501527 Q: -0.0561403
T: -0.55643 Q: -0.0594256
T: -0.613969 Q: -0.0586204
500000/664415
Sec_Event 23735327 N50: 39
T: 0.329286 Q: -0.0367303
T: 0.230521 Q: -0.0365648
T: 0.13628 Q: -0.0317268
T: 0.049428 Q: -0.0350098
T: -0.0273975 Q: 1.3895
T: -0.0918618 Q: 0.998199
T: -0.142006 Q: -0.0216458
T: -0.176307 Q: -0.0178203
T: -0.193722 Q: -0.0229354
T: -0.193722 Q: 1.12819
T: -0.176307 Q: -0.010713
T: -0.142006 Q: 1.00381
T: -0.0918618 Q: -0.00465018
T: -0.0273975 Q: -0.00346339
T: 0.049428 Q: -0.0038202
T: 0.13628 Q: 0.992055
T: 0.230521 Q: -0.00276509
T: 0.329286 Q: 1.17842
T: 0.429574 Q: -0.00269962
T: 0.528339 Q: -0.00255643
T: 0.62258 Q: -0.00355138
T: 0.709432 Q: 0.853802
T: 0.786258 Q: -0.00714322
T: 0.850722 Q: 0.823956
T: 0.900866 Q: -0.0269987
T: 0.935167 Q: -0.0634747
T: 0.952582 Q: -0.0474871
T: 0.952582 Q: -0.0359729
T: 0.935167 Q: -0.0417553
T: 0.900866 Q: 1.17218
T: 0.850722 Q: -0.0556346
T: 0.786258 Q: 1.49713
T: 0.709432 Q: 2.41622
T: 0.62258 Q: -0.0797747
T: 0.528339 Q: 1.1909
T: 0.429574 Q: -0.0670045
Sec_Event 23750933 N50: 31
T: -0.368571 Q: -0.00475557
T: -0.472551 Q: -0.00327484
T: -0.571767 Q: 2.16981
T: -0.663204 Q: -0.0010008
T: -0.744086 Q: -0.000617785
T: -0.811954 Q: -0.0006786
T: -0.864745 Q: -0.000411611
T: -0.900857 Q: 1.12416
T: -0.919191 Q: -0.000787906
T: -0.900857 Q: -0.000322219
T: -0.864745 Q: -0.000358808
T: -0.811954 Q: -0.000327082
T: -0.744086 Q: 1.10116
T: -0.663204 Q: -0.000606167
T: -0.571767 Q: -0.00172728
T: -0.472551 Q: 1.25281
T: -0.368571 Q: 1.25804
T: -0.262988 Q: -0.00334593
T: -0.159009 Q: -0.00364483
T: -0.0597927 Q: 1.35732
T: 0.0316451 Q: -0.00613039
T: 0.112527 Q: 1.17395
T: 0.180394 Q: -0.00438491
T: 0.233186 Q: -0.00359622
T: 0.269298 Q: -0.00262487
T: 0.287632 Q: -0.00628818
T: 0.287632 Q: -0.00235372
T: 0.269298 Q: 1.36247
T: 0.233186 Q: -0.00475189
T: 0.180394 Q: -0.00470687
T: 0.112527 Q: -0.00362008
T: 0.0316451 Q: -0.00550194
T: -0.0597927 Q: -0.00425938
T: -0.159009 Q: 1.24972
T: -0.262988 Q: -0.00559076
Sec_Event 23920699 N50: 39
T: 0.444256 Q: -0.0355327
T: 0.357658 Q: -0.0257501
T: 0.275026 Q: -0.0265117
T: 0.198872 Q: -0.0238049
T: 0.13151 Q: -0.0210066
T: 0.074987 Q: -0.0237861
T: 0.0310197 Q: -0.0168843
T: 0.000944228 Q: 1.21414
T: -0.0143255 Q: 1.29714
T: -0.0143255 Q: 1.14968
T: 0.000944228 Q: -0.0109887
T: 0.0310197 Q: 2.46495
T: 0.074987 Q: 1.0966
T: 0.13151 Q: 1.38116
T: 0.198872 Q: 2.28795
T: 0.275026 Q: -0.014251
T: 0.357658 Q: 1.11938
T: 0.444256 Q: 1.09008
T: 0.532191 Q: -0.0114269
T: 0.61879 Q: -0.0150541
T: 0.701421 Q: 1.13951
T: 0.777575 Q: -0.0181001
T: 0.844937 Q: -0.0188596
T: 0.90146 Q: -0.0128675
T: 0.945428 Q: -0.0114641
T: 0.975503 Q: -0.0119692
T: 0.990773 Q: -0.0152098
T: 0.990773 Q: -0.0116973
T: 0.975503 Q: -0.0118333
T: 0.945428 Q: -0.0107958
T: 0.90146 Q: -0.0144806
T: 0.844937 Q: -0.0185544
T: 0.777575 Q: -0.0257769
T: 0.701421 Q: -0.0350607
T: 0.61879 Q: 1.18833
T: 0.532191 Q: -0.0327763
Sec_Event 23920699 N50: 31
T: 0.424939 Q: 3.11911
T: 0.335978 Q: 1.19065
T: 0.251092 Q: -0.00598898
T: 0.17286 Q: -0.0125649
T: 0.103661 Q: -0.00580744
T: 0.0455951 Q: 1.45148
T: 0.000428193 Q: -0.0119644
T: -0.0304678 Q: -0.00928663
T: -0.0461541 Q: 1.37489
T: -0.0461541 Q: -0.0110604
T: -0.0304678 Q: -0.0128813
T: 0.000428193 Q: -0.01547
T: 0.0455951 Q: -0.0121237
T: 0.103661 Q: 1.17274
T: 0.17286 Q: 1.17489
T: 0.251092 Q: -0.0202159
T: 0.335978 Q: -0.029815
T: 0.424939 Q: 1.4445
T: 0.515273 Q: -0.0274421
T: 0.604235 Q: -0.0306861
T: 0.689121 Q: -0.030024
T: 0.767352 Q: 2.45225
T: 0.836552 Q: -0.0186707
T: 0.894618 Q: -0.0141944
T: 0.939785 Q: -0.0132377
T: 0.970681 Q: 1.51177
T: 0.986367 Q: -0.0131055
T: 0.986367 Q: 1.34203
T: 0.970681 Q: 1.49796
T: 0.939785 Q: -0.0102787
T: 0.894618 Q: -0.0147894
T: 0.836552 Q: -0.0136756
T: 0.767352 Q: -0.0198113
T: 0.689121 Q: -0.0151849
T: 0.604235 Q: 1.11202
T: 0.515273 Q: -0.00864582
Sec_Event 23920699 N50: 77
T: -0.21486 Q: 1.11551
T: -0.327103 Q: 1.59454
T: -0.434204 Q: -0.0256841
T: -0.532909 Q: -0.035468
T: -0.620219 Q: -0.0322322
T: -0.693481 Q: -0.0366567
T: -0.750468 Q: -0.0396272
T: -0.78945 Q: 1.18717
T: -0.809242 Q: -0.029046
T: -0.809242 Q: 1.23482
T: -0.78945 Q: 1.13523
T: -0.750468 Q: -0.0314873
T: -0.693481 Q: 1.28847
T: -0.620219 Q: 1.04811
T: -0.532909 Q: -0.0239692
T: -0.434204 Q: -0.0190251
T: -0.327103 Q: 1.32335
T: -0.21486 Q: -0.0138564
T: -0.100885 Q: 2.43146
T: 0.0113585 Q: 1.39755
T: 0.11846 Q: 1.11378
T: 0.217165 Q: -0.0162173
T: 0.304475 Q: -0.0147898
T: 0.377736 Q: 1.09813
T: 0.434724 Q: -0.0232298
T: 0.473706 Q: 1.04415
T: 0.493497 Q: 2.35973
T: 0.493497 Q: 2.57601
T: 0.473706 Q: 1.1782
T: 0.434724 Q: -0.0275906
T: 0.377736 Q: -0.0217427
T: 0.304475 Q: 1.04046
T: 0.217165 Q: 1.44113
T: 0.11846 Q: -0.0207841
T: 0.0113585 Q: -0.0208771
T: -0.100885 Q: 2.79063
Sec_Event 23920699 N50: 30
T: 0.248885 Q: -0.0103789
T: 0.143944 Q: -0.00983016
T: 0.0438096 Q: -0.016782
T: -0.0484743 Q: -0.0125696
T: -0.130104 Q: -0.0141126
T: -0.1986 Q: 1.15351
T: -0.25188 Q: -0.0185718
T: -0.288326 Q: -0.0336106
T: -0.30683 Q: 1.05243
T: -0.30683 Q: -0.0190834
T: -0.288326 Q: -0.0235798
T: -0.25188 Q: -0.0273604
T: -0.1986 Q: 2.65099
T: -0.130104 Q: -0.0267559
T: -0.0484743 Q: -0.0229872
T: 0.0438096 Q: 1.39365
T: 0.143944 Q: -0.0264497
T: 0.248885 Q: -0.041895
T: 0.355445 Q: -0.0366175
T: 0.460387 Q: -0.0304616
T: 0.56052 Q: -0.0327909
T: 0.652804 Q: -0.0228796
T: 0.734434 Q: 0.992673
T: 0.80293 Q: 0.996432
T: 0.85621 Q: -0.0085832
T: 0.892656 Q: -0.00922726
T: 0.91116 Q: -0.0104984
T: 0.91116 Q: 1.22011
T: 0.892656 Q: 0.877932
T: 0.85621 Q: 0.955166
T: 0.80293 Q: -0.0111705
T: 0.734434 Q: 1.0803
T: 0.652804 Q: -0.0117885
T: 0.56052 Q: 2.34524
T: 0.460387 Q: -0.0144813
T: 0.355445 Q: -0.0155867
Sec_Event 23920699 N50: 32
T: 0.614814 Q: -0.0237741
T: 0.557473 Q: -0.0169852
T: 0.502759 Q: -0.0180571
T: 0.452335 Q: -0.0198421
T: 0.407732 Q: -0.0355582
T: 0.370306 Q: 0.930795
T: 0.341193 Q: -0.0247318
T: 0.321279 Q: 1.01133
T: 0.311168 Q: -0.0220408
T: 0.311168 Q: 1.02329
T: 0.321279 Q: 1.09713
T: 0.341193 Q: -0.0269009
T: 0.370306 Q: 0.948409
T: 0.407732 Q: -0.031034
T: 0.452335 Q: -0.0239515
T: 0.502759 Q: -0.0354176
T: 0.557473 Q: 2.36581
T: 0.614814 Q: -0.0290624
T: 0.673039 Q: -0.0399166
T: 0.730379 Q: -0.0252061
T: 0.785093 Q: -0.0209552
T: 0.835517 Q: -0.0229277
T: 0.88012 Q: -0.0162699
T: 0.917546 Q: 2.05474
T: 0.946659 Q: -0.0114748
T: 0.966573 Q: 1.0508
T: 0.976684 Q: -0.0122978
T: 0.976684 Q: 1.22858
T: 0.966573 Q: 1.00928
T: 0.946659 Q: -0.0122498
T: 0.917546 Q: -0.0137032
T: 0.88012 Q: -0.0145452
T: 0.835517 Q: 1.05182
T: 0.785093 Q: -0.020385
T: 0.730379 Q: 2.39017
T: 0.673039 Q: -0.018896
Sec_Event 23920699 N50: 32
T: -0.0300902 Q: -0.01838
T: -0.144873 Q: -0.0161934
T: -0.254397 Q: 1.37187
T: -0.355335 Q: -0.0159584
T: -0.44462 Q: 1.33387
T: -0.519539 Q: -0.020694
T: -0.577816 Q: -0.0317298
T: -0.617679 Q: -0.0385636
T: -0.637918 Q: -0.0446506
T: -0.637918 Q: -0.0436507
T: -0.617679 Q: -0.0475864
T: -0.577816 Q: -0.0379471
T: -0.519539 Q: -0.0370704
T: -0.44462 Q: 2.71166
T: -0.355335 Q: -0.030533
T: -0.254397 Q: 3.24434
T: -0.144873 Q: 1.33481
T: -0.0300902 Q: -0.0317836
T: 0.086463 Q: -0.0199711
T: 0.201246 Q: -0.0247317
T: 0.31077 Q: 1.25442
T: 0.411708 Q: -0.0359234
T: 0.500993 Q: 2.73694
T: 0.575912 Q: -0.0291212
T: 0.634188 Q: 1.39477
T: 0.674052 Q: -0.0245261
T: 0.694291 Q: -0.0226158
T: 0.694291 Q: -0.019093
T: 0.674052 Q: -0.0224918
T: 0.634188 Q: -0.0211532
T: 0.575912 Q: -0.0199373
T: 0.500993 Q: -0.0190632
T: 0.411708 Q: -0.0144886
T: 0.31077 Q: 1.21031
T: 0.201246 Q: 1.46663
T: 0.086463 Q: -0.00886688
Sec_Event 23920699 N50: 27
T: -0.392327 Q: 1.13683
T: -0.494426 Q: -0.0282494
T: -0.591849 Q: -0.0390463
T: -0.681633 Q: 1.26946
T: -0.761052 Q: 1.0169
T: -0.827693 Q: -0.041887
T: -0.87953 Q: 1.22988
T: -0.914989 Q: -0.0289882
T: -0.932992 Q: -0.0242898
T: -0.932992 Q: 1.09317
T: -0.914989 Q: 1.13905
T: -0.87953 Q: -0.0339042
T: -0.827693 Q: 1.10236
T: -0.761052 Q: -0.0461628
T: -0.681633 Q: -0.0461107
T: -0.591849 Q: -0.0411408
T: -0.494426 Q: -0.0398054
T: -0.392327 Q: -0.0304757
T: -0.288653 Q: -0.0262928
T: -0.186554 Q: -0.0214411
T: -0.0891315 Q: 2.63857
T: 0.000653158 Q: -0.0267724
T: 0.0800723 Q: -0.0236633
T: 0.146713 Q: -0.0320161
T: 0.19855 Q: 3.64465
T: 0.234009 Q: -0.0317846
T: 0.252012 Q: -0.0237013
T: 0.252012 Q: -0.0390888
T: 0.234009 Q: -0.0240333
T: 0.19855 Q: -0.0282606
T: 0.146713 Q: 1.11526
T: 0.0800723 Q: -0.0276038
T: 0.000653158 Q: -0.0169891
T: -0.0891315 Q: -0.019148
T: -0.186554 Q: -0.0234638
T: -0.288653 Q: -0.0189088
Sec_Event 24689053 N50: 36
T: 0.320588 Q: -0.0217217
T: 0.221071 Q: 2.82295
T: 0.126113 Q: 2.62833
T: 0.0385992 Q: 1.22067
T: -0.0388113 Q: -0.0186367
T: -0.103766 Q: 0.73613
T: -0.154293 Q: -0.0182804
T: -0.188854 Q: -0.0280652
T: -0.206402 Q: -0.016992
T: -0.206402 Q: -0.0195463
T: -0.188854 Q: 0.594532
T: -0.154293 Q: -0.0250212
T: -0.103766 Q: 1.38908
T: -0.0388113 Q: 0.845618
T: 0.0385992 Q: -0.0347488
T: 0.126113 Q: -0.034091
T: 0.221071 Q: -0.034067
T: 0.320588 Q: -0.0425114
T: 0.42164 Q: -0.0432503
T: 0.521157 Q: -0.0441344
T: 0.616115 Q: -0.0744798
T: 0.703629 Q: -0.106735
T: 0.78104 Q: 1.08906
T: 0.845995 Q: -0.0777937
T: 0.896521 Q: -0.0629981
T: 0.931083 Q: -0.0596102
T: 0.94863 Q: 1.21329
T: 0.94863 Q: -0.0602676
T: 0.931083 Q: -0.0564989
T: 0.896521 Q: -0.0759624
T: 0.845995 Q: -0.0760354
T: 0.78104 Q: 2.55889
T: 0.703629 Q: 1.25034
T: 0.616115 Q: -0.0225386
T: 0.521157 Q: -0.018225
T: 0.42164 Q: 1.10398
Sec_Event 27332766 N50: 33
T: 0.467057 Q: -0.00105929
T: 0.383439 Q: -0.00080207
T: 0.303652 Q: 1.0324
T: 0.23012 Q: 2.5703
T: 0.165077 Q: 1.13018
T: 0.110499 Q: 0.928842
T: 0.0680455 Q: -0.00257315
T: 0.0390054 Q: -0.000857964
T: 0.0242613 Q: 1.95227
T: 0.0242613 Q: 0.987077
T: 0.0390054 Q: 1.01027
T: 0.0680455 Q: -0.00238268
T: 0.110499 Q: -0.00388672
T: 0.165077 Q: -0.00491693
T: 0.23012 Q: -0.00450194
T: 0.303652 Q: 0.901896
T: 0.383439 Q: -0.0106882
T: 0.467057 Q: -0.012473
T: 0.551965 Q: -0.0216642
T: 0.635583 Q: -0.0206457
T: 0.71537 Q: -0.0351646
T: 0.788902 Q: -0.051341
T: 0.853945 Q: -0.078344
T: 0.908523 Q: -0.0711403
T: 0.950977 Q: 1.21854
T: 0.980017 Q: 1.07991
T: 0.994761 Q: -0.0588193
T: 0.994761 Q: 0.717442
T: 0.980017 Q: -0.07814
T: 0.950977 Q: -0.04323
T: 0.908523 Q: -0.0153438
T: 0.853945 Q: -0.00676765
T: 0.788902 Q: 0.805996
T: 0.71537 Q: 0.808368
T: 0.635583 Q: -0.00246969
T: 0.551965 Q: -0.00215273
Sec_Event 27453578 N50: 39
T: -0.154998 Q: -0.0144282
T: -0.268877 Q: 1.15704
T: -0.377539 Q: -0.0164056
T: -0.477682 Q: 2.25142
T: -0.566264 Q: 1.09745
T: -0.640593 Q: 1.14629
T: -0.698411 Q: -0.0220503
T: -0.737961 Q: 1.16756
T: -0.758041 Q: 2.32211
T: -0.758041 Q: -0.0162811
T: -0.737961 Q: -0.0175793
T: -0.698411 Q: -0.0182514
T: -0.640593 Q: 1.16704
T: -0.566264 Q: -0.017559
T: -0.477682 Q: 1.29285
T: -0.377539 Q: -0.0159396
T: -0.268877 Q: -0.0125893
T: -0.154998 Q: -0.0102276
T: -0.0393627 Q: 1.33073
T: 0.0745161 Q: -0.00923288
T: 0.183178 Q: -0.0127985
T: 0.283321 Q: -0.0139824
T: 0.371903 Q: 1.47878
T: 0.446232 Q: -0.0156398
T: 0.50405 Q: -0.0143617
T: 0.5436 Q: 1.13524
T: 0.56368 Q: -0.0181596
T: 0.56368 Q: -0.0225861
T: 0.5436 Q: -0.0179009
T: 0.50405 Q: -0.0238302
T: 0.446232 Q: 1.08956
T: 0.371903 Q: -0.0191512
T: 0.283321 Q: -0.0127853
T: 0.183178 Q: -0.0140756
T: 0.0745161 Q: -0.0109235
T: -0.0393627 Q: -0.0161893
Sec_Event 28073465 N50: 41
T: -0.00448512 Q: 1.43831
T: -0.11905 Q: -0.0266205
T: -0.228367 Q: -0.0260587
T: -0.329114 Q: -0.0340584
T: -0.41823 Q: -0.0236956
T: -0.493007 Q: -0.0181501
T: -0.551173 Q: -0.0147543
T: -0.590961 Q: -0.0153558
T: -0.611162 Q: -0.0123609
T: -0.611162 Q: -0.0129079
T: -0.590961 Q: -0.0147662
T: -0.551173 Q: -0.0140137
T: -0.493007 Q: 1.01404
T: -0.41823 Q: -0.0208906
T: -0.329114 Q: 1.20095
T: -0.228367 Q: -0.0150918
T: -0.11905 Q: -0.0152087
T: -0.00448512 Q: -0.0160116
T: 0.111847 Q: 1.21509
T: 0.226412 Q: 1.19769
T: 0.335729 Q: 1.12288
T: 0.436476 Q: 3.54682
T: 0.525592 Q: -0.028281
T: 0.600369 Q: 1.29322
T: 0.658535 Q: -0.0473918
T: 0.698323 Q: -0.0598485
T: 0.718524 Q: 0.998427
T: 0.718524 Q: -0.061302
T: 0.698323 Q: -0.0707386
T: 0.658535 Q: 1.1282
T: 0.600369 Q: -0.0519694
T: 0.525592 Q: -0.0447902
T: 0.436476 Q: -0.0435408
T: 0.335729 Q: 2.71962
T: 0.226412 Q: -0.034948
T: 0.111847 Q: -0.0288224
600000/664415
Sec_Event 28673067 N50: 32
T: 0.332917 Q: -0.0409368
T: 0.234472 Q: 1.18165
T: 0.140538 Q: 2.42074
T: 0.0539667 Q: 1.30633
T: -0.0226096 Q: -0.0296925
T: -0.0868648 Q: -0.0255055
T: -0.136846 Q: -0.023929
T: -0.171036 Q: -0.0224272
T: -0.188394 Q: -0.0266436
T: -0.188394 Q: 1.1039
T: -0.171036 Q: 1.13496
T: -0.136846 Q: -0.0107967
T: -0.0868648 Q: -0.00951022
T: -0.0226096 Q: -0.00763129
T: 0.0539667 Q: -0.0104494
T: 0.140538 Q: -0.00864679
T: 0.234472 Q: 1.07928
T: 0.332917 Q: -0.0069842
T: 0.43288 Q: -0.00656868
T: 0.531325 Q: -0.0128404
T: 0.62526 Q: -0.0108212
T: 0.711831 Q: 1.8444
T: 0.788407 Q: -0.0153397
T: 0.852662 Q: 1.0462
T: 0.902644 Q: 1.02996
T: 0.936833 Q: -0.0122362
T: 0.954192 Q: 1.05147
T: 0.954192 Q: -0.0131516
T: 0.936833 Q: -0.011267
T: 0.902644 Q: -0.0144651
T: 0.852662 Q: -0.0174861
T: 0.788407 Q: 1.05025
T: 0.711831 Q: -0.0289986
T: 0.62526 Q: -0.036434
T: 0.531325 Q: -0.043711
T: 0.43288 Q: -0.0368508
Sec_Event 28850256 N50: 32
T: -0.702093 Q: -0.011541
T: -0.749033 Q: -0.00953178
T: -0.793822 Q: -0.0059627
T: -0.835101 Q: -0.00546657
T: -0.871614 Q: -0.00415416
T: -0.902252 Q: -0.00321112
T: -0.926084 Q: -0.00234073
T: -0.942386 Q: 0.629197
T: -0.950662 Q: -0.0030974
T: -0.950662 Q: -0.00410213
T: -0.942386 Q: -0.00347773
T: -0.926084 Q: -0.00425182
T: -0.902252 Q: -0.00419145
T: -0.871614 Q: -0.00645528
T: -0.835101 Q: 1.2021
T: -0.793822 Q: 1.1412
T: -0.749033 Q: -0.0101303
T: -0.702093 Q: -0.0150025
T: -0.654429 Q: -0.0198194
T: -0.607489 Q: 1.00283
T: -0.562699 Q: -0.0250319
T: -0.52142 Q: 0.932837
T: -0.484908 Q: 0.88468
T: -0.45427 Q: 0.895469
T: -0.430438 Q: -0.0406067
T: -0.414136 Q: -0.0406219
T: -0.405859 Q: -0.044781
T: -0.405859 Q: 1.14645
T: -0.414136 Q: -0.0371449
T: -0.430438 Q: -0.0348747
T: -0.45427 Q: -0.030806
T: -0.484908 Q: 1.11058
T: -0.52142 Q: -0.0261543
T: -0.562699 Q: -0.0253012
T: -0.607489 Q: 0.980928
T: -0.654429 Q: -0.0160959
Sec_Event 29590349 N50: 28
T: -0.474874 Q: -0.00630655
T: -0.568869 Q: -0.00871632
T: -0.658557 Q: -0.00986648
T: -0.741214 Q: -0.00987128
T: -0.814329 Q: 1.03947
T: -0.875679 Q: -0.00770455
T: -0.923401 Q: -0.00613229
T: -0.956045 Q: 1.10789
T: -0.972619 Q: 2.07208
T: -0.972619 Q: -0.00673493
T: -0.956045 Q: -0.00543973
T: -0.923401 Q: 0.78424
T: -0.875679 Q: -0.00288324
T: -0.814329 Q: -0.00313946
T: -0.741214 Q: -0.00143664
T: -0.658557 Q: -0.00363628
T: -0.568869 Q: -0.00136967
T: -0.474874 Q: -0.000507582
T: -0.37943 Q: -0.000558216
T: -0.285436 Q: -0.000349909
T: -0.195748 Q: -0.000281555
T: -0.11309 Q: -0.000554271
T: 0.0213745 Q: -0.000821967
T: 0.0690966 Q: -0.000272462
T: 0.10174 Q: -0.000570583
T: 0.118314 Q: 0.923218
T: 0.10174 Q: -0.0011584
T: 0.0690966 Q: -0.000814282
T: 0.0213745 Q: -0.00216682
T: -0.0399759 Q: -0.0012138
T: -0.11309 Q: 0.988663
T: -0.195748 Q: -0.00229564
T: -0.285436 Q: 0.890716
T: -0.37943 Q: -0.0051955
Sec_Event 30150774 N50: 29
T: -0.20694 Q: -0.00431996
T: -0.319447 Q: -0.00623017
T: -0.426799 Q: -0.0106773
T: -0.525736 Q: -0.00986159
T: -0.613251 Q: -0.0106195
T: -0.686684 Q: -0.0120198
T: -0.743806 Q: 1.10108
T: -0.782879 Q: 1.07483
T: -0.802717 Q: -0.0103947
T: -0.802717 Q: -0.0101182
T: -0.782879 Q: -0.0114565
T: -0.743806 Q: -0.013324
T: -0.686684 Q: -0.0169395
T: -0.613251 Q: -0.0207867
T: -0.525736 Q: 2.25469
T: -0.426799 Q: -0.0204341
T: -0.319447 Q: -0.0206986
T: -0.20694 Q: -0.021472
T: -0.0926977 Q: -0.0230467
T: 0.019809 Q: -0.0155876
T: 0.127162 Q: -0.0173849
T: 0.226098 Q: 1.20146
T: 0.313613 Q: 1.05111
T: 0.387047 Q: 1.09274
T: 0.444168 Q: 2.23883
T: 0.483241 Q: -0.0265797
T: 0.503079 Q: -0.0258414
T: 0.503079 Q: 1.08148
T: 0.483241 Q: 0.961115
T: 0.444168 Q: -0.0116208
T: 0.387047 Q: -0.00929328
T: 0.313613 Q: -0.0104143
T: 0.226098 Q: -0.00689277
T: 0.127162 Q: 1.10342
T: 0.019809 Q: -0.00702979
T: -0.0926977 Q: 1.16084
Sec_Event 30543900 N50: 33
T: -0.0168701 Q: 0.992061
T: -0.131557 Q: -0.0015656
T: -0.24099 Q: -0.00121856
T: -0.341845 Q: -0.000898739
T: -0.431055 Q: -0.000715667
T: -0.505912 Q: -0.000635185
T: -0.56414 Q: -0.00190695
T: -0.603971 Q: -0.00166522
T: -0.624193 Q: -0.00022133
T: -0.624193 Q: -0.0010438
T: -0.603971 Q: -0.000410767
T: -0.56414 Q: -0.000343062
T: -0.505912 Q: 1.09574
T: -0.341845 Q: 1.53877
T: -0.24099 Q: 0.974421
T: -0.131557 Q: -0.000602865
T: 0.0995863 Q: -0.000585758
T: 0.323707 Q: 1.09385
T: 0.424561 Q: 1.02376
T: 0.513772 Q: 1.27721
T: 0.588628 Q: -0.000361189
T: 0.646857 Q: -0.00319745
T: 0.686687 Q: -0.000494
T: 0.706909 Q: 1.09072
T: 0.706909 Q: -0.00100946
T: 0.686687 Q: -0.000826759
T: 0.646857 Q: -0.00102714
T: 0.588628 Q: -0.00209903
T: 0.513772 Q: -0.00105862
T: 0.424561 Q: 0.95307
T: 0.323707 Q: -0.00136452
T: 0.214273 Q: -0.000801647
T: 0.0995863 Q: 2.52639
Sec_Event 30970860 N50: 33
T: -0.63178 Q: -0.000624737
T: -0.700173 Q: 1.2962
T: -0.765432 Q: 1.65107
T: -0.958139 Q: 1.77454
T: -0.981891 Q: -0.000643573
T: -0.99395 Q: -0.000793835
T: -0.923415 Q: 1.53674
T: -0.878775 Q: -0.00052327
T: -0.825575 Q: 1.3945
T: -0.765432 Q: -0.000698061
T: -0.63178 Q: -0.00102127
T: -0.562333 Q: -0.00146395
T: -0.493941 Q: -0.00157645
T: -0.428681 Q: -0.00305727
T: -0.368538 Q: 0.851161
T: -0.315338 Q: 1.67372
T: -0.270699 Q: -0.036339
T: -0.235975 Q: 0.833804
T: -0.212222 Q: -0.0495902
T: -0.200163 Q: 0.866974
T: -0.200163 Q: -0.0356024
T: -0.212222 Q: -0.0325584
T: -0.235975 Q: 0.793863
T: -0.270699 Q: -0.0211178
T: -0.315338 Q: 0.595505
T: -0.368538 Q: -0.00570136
T: -0.428681 Q: -0.00375306
T: -0.493941 Q: -0.00159421
T: -0.562333 Q: 1.29529
Sec_Event 31097745 N50: 31
T: -0.369233 Q: -0.00701124
T: -0.473163 Q: 1.09194
T: -0.572331 Q: -0.00881901
T: -0.663725 Q: 1.13087
T: -0.744568 Q: -0.0270813
T: -0.812403 Q: 1.16653
T: -0.865169 Q: -0.0273705
T: -0.901263 Q: -0.0329657
T: -0.919589 Q: 1.27424
T: -0.919589 Q: -0.0236587
T: -0.901263 Q: -0.0234016
T: -0.865169 Q: -0.0285763
T: -0.812403 Q: -0.036993
T: -0.744568 Q: -0.0431746
T: -0.663725 Q: -0.0612582
T: -0.572331 Q: -0.0513944
T: -0.473163 Q: -0.0525545
T: -0.369233 Q: 1.1804
T: -0.263701 Q: -0.0485544
T: -0.159771 Q: -0.034624
T: -0.0606029 Q: -0.0391814
T: 0.0307911 Q: -0.0343487
T: 0.111634 Q: 4.02189
T: 0.179469 Q: -0.0332626
T: 0.232235 Q: 1.1209
T: 0.26833 Q: -0.0459265
T: 0.286655 Q: 1.12878
T: 0.286655 Q: -0.0183149
T: 0.26833 Q: -0.0189241
T: 0.232235 Q: -0.0147446
T: 0.179469 Q: 1.2266
T: 0.111634 Q: -0.0109979
T: 0.0307911 Q: -0.00945093
T: -0.0606029 Q: -0.0106049
T: -0.159771 Q: -0.00645721
T: -0.263701 Q: 1.00044
Sec_Event 31441732 N50: 34
T: -0.153573 Q: 1.1821
T: -0.267481 Q: -0.00143447
T: -0.37617 Q: -0.00321996
T: -0.476339 Q: -0.0022176
T: -0.564944 Q: -0.0046734
T: -0.639292 Q: -0.00624776
T: -0.697125 Q: 1.05851
T: -0.736685 Q: -0.00937833
T: -0.75677 Q: 2.1112
T: -0.75677 Q: -0.0205566
T: -0.736685 Q: 0.929811
T: -0.697125 Q: 3.19479
T: -0.639292 Q: 1.01889
T: -0.564944 Q: -0.0208226
T: -0.476339 Q: -0.0153073
T: -0.37617 Q: -0.0152961
T: -0.267481 Q: -0.0173137
T: -0.153573 Q: -0.0147517
T: -0.0379077 Q: 2.01235
T: 0.0760003 Q: -0.0143579
T: 0.18469 Q: -0.0124379
T: 0.284859 Q: -0.013441
T: 0.373464 Q: -0.0114189
T: 0.447812 Q: -0.016467
T: 0.505644 Q: -0.00802808
T: 0.545204 Q: -0.00876208
T: 0.565289 Q: 0.974011
T: 0.565289 Q: -0.0125695
T: 0.545204 Q: -0.00525586
T: 0.505644 Q: -0.00450073
T: 0.447812 Q: 1.44582
T: 0.373464 Q: -0.00491259
T: 0.284859 Q: 1.2427
T: 0.18469 Q: 1.18581
T: 0.0760003 Q: -0.00157141
T: -0.0379077 Q: 1.19464

gestpm: TOTAL NUMBER PMT: WALL; TOP; BOTTOM; ALL  7650  1748  1748 11146
 *****************************
 * This is for SK-VI map      *
 *****************************
 findconsts: connection table file: /home/licheng/local/skofl/const//connection.super.dat
gexyz: PMT # FOR EACH SECTION       1  7650  7651  9398  9399 11146
gexyz: maxpm,nlwal     11146      7650
 findconsts: connection table1 file: /home/licheng/local/skofl/const//connection.super.dat
 findconsts: connection table2 file: /home/licheng/local/skofl/const//connection.super.sk-5.dat
 findfile: checking /home/licheng/local/skofl/const//misch3.dat
 findfile: found /home/licheng/local/skofl/const//misch3.dat
 findconsts: mis channel file: /home/licheng/local/skofl/const//misch3.dat
 findfile: checking /home/licheng/local/skofl/const//skpmt_sk5.dat
 findfile: found /home/licheng/local/skofl/const//skpmt_sk5.dat
 findconsts: pmt file: /home/licheng/local/skofl/const//skpmt_sk5.dat
gestpma: TOTAL NUMBER anti PMT: WALL; TOP; BOTTOM; ALL  1275   302   308  1885
gexyza: anti PMT # FOR EACH SECTION       1  1275  1276  1577  1578  1885
 maxpma,nlwala      1885      1275
 skbadch: log_level =            0
 findconsts: badch.090426 file: /home/licheng/local/skofl/const//badch/badch.090426
 findconsts: bad channel file: /home/licheng/local/skofl/const//badch.dat
 findconsts: badch.090426 file: /home/licheng/local/skofl/const//badch/badch.090426
 skdark: log_level =            0
 findconsts: darkr.090426.root file: /home/licheng/local/skofl/const//darkr/darkr.090426.root
 findconsts: badsub SK-I 1 file: /home/licheng/local/skofl/const//lowe/badsub.sk.r1742-3051.r3208-3608
 nbad 1 =         1851
 findconsts: badsub SK-I 2 file: /home/licheng/local/skofl/const//lowe/badsub.sk.realtim
 nbad 2 =        17511
 findconsts: badsub SK-I 3 file: /home/licheng/local/skofl/const//lowe/badsub.sk.manual.1260day
 nbad 3 =        21939
 findconsts: badsub SK-I 4 file: /home/licheng/local/skofl/const//lowe/badsub.sk.sle.1260day
 nbad 4 =        28004
 findconsts: badsub SK-I 5 file: /home/licheng/local/skofl/const//lowe/badsub.sk.manual
 nbad 5 =        28105
 findconsts: badsub SK-I 6 file: /home/licheng/local/skofl/const//lowe/badsub.sk.sle
 nbad 6 =        28105
 findconsts: badsub SK-II 1 file: /home/licheng/local/skofl/const//lowe/badsub.sk2.manual
 nbad_sk2 SK-II 1 =        27759
 findconsts: badsub SK-III 1 file: /home/licheng/local/skofl/const//lowe/badsub.sk3.manual
 nbad_sk3 SK-III 1 =         4149
 findconsts: badsub SK-IV file: /home/licheng/local/skofl/const//lowe/badsub.sk4.manual
 nbad_sk4 SK-IV =        66921
 read local badsub.sk5.manual.local
 nbad_sk5 SK-V =         2595
 read local badsub.sk6.manual.local
 nbad_sk6 SK-VI (Gd) =         7717
 findconsts: skcoverage_barrel file: /home/licheng/local/skofl/const//lowe/skcov_b_p3.dat
 findconsts: nearest neighbor file: /home/licheng/local/skofl/const//neighb.dat
 neighbsk: reading neighbor file /home/licheng/local/skofl/const//neighb.dat
 findconsts: skcoverage_sk4_final file: /home/licheng/local/skofl/const//lowe/skcov_c_p3.dat
