Output file: output/wt_090594.root input file:/disk03/lowe10/sk7/sle/lomugd.090594.root
 Id of this manager : 10
InitReadRoot: total = 194789
RUNINFO found in the rare list
SK geometry setting: 6
***** Dummy rgetvalue was called. (Remote File Access is not supported) *****
==========WT:========== 0 0 0
0/194789
Sec_Event 505962 N50: 30
T: -0.680661 Q: -0.00736123
T: -0.735554 Q: -0.0103569
T: -0.787933 Q: inf
T: -0.836206 Q: -0.0321362
T: -0.878906 Q: -0.0508768
T: -0.914735 Q: -0.0458678
T: -0.942605 Q: -0.0448264
T: -0.96167 Q: -0.0379845
T: -0.971349 Q: -0.0377624
T: -0.971349 Q: -0.0354177
T: -0.96167 Q: -0.0391902
T: -0.942605 Q: -0.0395902
T: -0.914735 Q: inf
T: -0.878906 Q: -0.0499354
T: -0.836206 Q: -0.0541013
T: -0.787933 Q: -0.0557622
T: -0.735554 Q: -0.0540928
T: -0.680661 Q: -0.0429472
T: -0.62492 Q: -0.0233786
T: -0.570026 Q: inf
T: -0.517647 Q: -0.0143733
T: -0.469375 Q: -0.0139805
T: -0.426675 Q: -0.0114469
T: -0.390846 Q: -0.0100364
T: -0.362976 Q: -0.00833984
T: -0.343911 Q: -0.00661119
T: -0.334232 Q: -0.00362146
T: -0.334232 Q: -0.0046402
T: -0.343911 Q: -0.00381161
T: -0.362976 Q: -0.00612455
T: -0.390846 Q: -0.00360592
T: -0.426675 Q: -0.00559074
T: -0.469375 Q: -0.00616514
T: -0.517647 Q: inf
T: -0.570026 Q: inf
T: -0.62492 Q: -0.00673023
Sec_Event 1318665 N50: 30
T: 0.562196 Q: -0.0270076
T: 0.493778 Q: -0.0212176
T: 0.428494 Q: -0.0131221
T: 0.368328 Q: inf
T: 0.315108 Q: -0.00701584
T: 0.270452 Q: -0.00752078
T: 0.235715 Q: inf
T: 0.211953 Q: -0.0025137
T: 0.19989 Q: -0.00553412
T: 0.19989 Q: -0.00190163
T: 0.211953 Q: -0.00118428
T: 0.235715 Q: -0.00407244
T: 0.270452 Q: inf
T: 0.315108 Q: -0.00174074
T: 0.368328 Q: -0.00128499
T: 0.428494 Q: -0.000503679
T: 0.493778 Q: inf
T: 0.562196 Q: -0.00234315
T: 0.63167 Q: -0.000918556
T: 0.700088 Q: -0.00233779
T: 0.765372 Q: -0.0039977
T: 0.825538 Q: -0.00792693
T: 0.878757 Q: -0.00650309
T: 0.923414 Q: inf
T: 0.958151 Q: -0.00965154
T: 0.981912 Q: -0.0105951
T: 0.993976 Q: -0.00883734
T: 0.993976 Q: inf
T: 0.981912 Q: inf
T: 0.958151 Q: -0.0100861
T: 0.923414 Q: inf
T: 0.878757 Q: -0.0173798
T: 0.825538 Q: inf
T: 0.765372 Q: inf
T: 0.700088 Q: -0.026446
T: 0.63167 Q: -0.022298
Sec_Event 2651249 N50: 27
T: -0.461937 Q: -0.0441005
T: -0.557381 Q: -0.0372565
T: -0.648452 Q: -0.0305544
T: -0.732384 Q: inf
T: -0.806626 Q: -0.016821
T: -0.868923 Q: inf
T: -0.917381 Q: -0.00844339
T: -0.950528 Q: -0.00977918
T: -0.967358 Q: -0.00812943
T: -0.967358 Q: -0.00957478
T: -0.950528 Q: -0.0101934
T: -0.917381 Q: -0.0132538
T: -0.868923 Q: -0.0173316
T: -0.806626 Q: inf
T: -0.732384 Q: -0.0199387
T: -0.648452 Q: -0.0245189
T: -0.557381 Q: -0.0305215
T: -0.461937 Q: -0.0323565
T: -0.36502 Q: -0.0319238
T: -0.269576 Q: -0.0300765
T: -0.178505 Q: inf
T: -0.094573 Q: -0.0450973
T: -0.0203308 Q: -0.0368055
T: 0.0419658 Q: -0.0462434
T: 0.0904239 Q: inf
T: 0.123571 Q: -0.0637106
T: 0.140401 Q: -0.0580233
T: 0.140401 Q: -0.0515354
T: 0.123571 Q: inf
T: 0.0904239 Q: -0.05189
T: 0.0419658 Q: inf
T: -0.0203308 Q: -0.0562195
T: -0.094573 Q: -0.053929
T: -0.178505 Q: inf
T: -0.269576 Q: -0.047411
T: -0.36502 Q: inf
Sec_Event 3171838 N50: 34
T: -0.123865 Q: -0.00420673
T: -0.238279 Q: -0.00463891
T: -0.347452 Q: -0.00338029
T: -0.448066 Q: inf
T: -0.537065 Q: inf
T: -0.611743 Q: -0.0107352
T: -0.669833 Q: -0.0072823
T: -0.709569 Q: inf
T: -0.729743 Q: -0.00915602
T: -0.729743 Q: inf
T: -0.709569 Q: -0.0121523
T: -0.669833 Q: inf
T: -0.611743 Q: inf
T: -0.537065 Q: -0.00683459
T: -0.448066 Q: -0.00472934
T: -0.347452 Q: -0.00488158
T: -0.238279 Q: -0.00420235
T: -0.123865 Q: inf
T: -0.00768514 Q: inf
T: 0.106729 Q: -0.00274466
T: 0.215902 Q: -0.00700151
T: 0.316516 Q: inf
T: 0.405515 Q: -0.0076947
T: 0.480194 Q: -0.00366832
T: 0.538283 Q: -0.00455418
T: 0.578019 Q: inf
T: 0.598193 Q: inf
T: 0.598193 Q: -0.00572317
T: 0.578019 Q: -0.00615833
T: 0.538283 Q: inf
T: 0.480194 Q: -0.00372182
T: 0.405515 Q: -0.00548119
T: 0.316516 Q: -0.00532319
T: 0.215902 Q: -0.00321738
T: 0.106729 Q: -0.00272771
T: -0.00768514 Q: -0.0022091
Sec_Event 3538132 N50: 35
T: -0.677562 Q: -0.0167011
T: -0.73347 Q: -0.0190179
T: -0.786817 Q: inf
T: -0.835982 Q: inf
T: -0.879471 Q: -0.016322
T: -0.915962 Q: inf
T: -0.944347 Q: -0.0206015
T: -0.963764 Q: -0.0197092
T: -0.973622 Q: -0.0217405
T: -0.973622 Q: -0.0194127
T: -0.963764 Q: -0.023506
T: -0.944347 Q: inf
T: -0.915962 Q: inf
T: -0.879471 Q: inf
T: -0.835982 Q: -0.0327156
T: -0.786817 Q: inf
T: -0.73347 Q: inf
T: -0.677562 Q: inf
T: -0.620791 Q: -0.0458182
T: -0.564883 Q: -0.0472348
T: -0.511536 Q: inf
T: -0.462372 Q: -0.0565149
T: -0.418883 Q: -0.0544589
T: -0.382391 Q: -0.0530331
T: -0.354006 Q: -0.0456794
T: -0.334589 Q: -0.0455149
T: -0.324731 Q: -0.0373467
T: -0.324731 Q: -0.0355654
T: -0.334589 Q: -0.0330196
T: -0.354006 Q: -0.0355498
T: -0.382391 Q: -0.0305282
T: -0.418883 Q: -0.0299842
T: -0.462372 Q: -0.0223197
T: -0.511536 Q: inf
T: -0.564883 Q: -0.0200902
T: -0.620791 Q: -0.0170673
Sec_Event 3538132 N50: 32
Sec_Event 3693959 N50: 36
T: -0.0595523 Q: -0.00793344
T: -0.174417 Q: -0.0135353
T: -0.28402 Q: inf
T: -0.385031 Q: -0.0153417
T: -0.47438 Q: inf
T: -0.549353 Q: -0.0126342
T: -0.607671 Q: -0.0194793
T: -0.647563 Q: inf
T: -0.667817 Q: -0.0344774
T: -0.667817 Q: -0.0454501
T: -0.647563 Q: -0.0393334
T: -0.607671 Q: inf
T: -0.549353 Q: -0.0329327
T: -0.47438 Q: -0.0397856
T: -0.385031 Q: -0.032175
T: -0.28402 Q: inf
T: -0.174417 Q: -0.0266393
T: -0.0595523 Q: inf
T: 0.0570847 Q: inf
T: 0.17195 Q: -0.0356894
T: 0.281553 Q: -0.0262378
T: 0.382563 Q: -0.03161
T: 0.471912 Q: inf
T: 0.546885 Q: inf
T: 0.605204 Q: -0.0100903
T: 0.645096 Q: -0.0087686
T: 0.66535 Q: inf
T: 0.66535 Q: -0.00897394
T: 0.645096 Q: -0.00863801
T: 0.605204 Q: -0.0119178
T: 0.546885 Q: -0.00844374
T: 0.471912 Q: inf
T: 0.382563 Q: inf
T: 0.281553 Q: inf
T: 0.17195 Q: -0.00639604
T: 0.0570847 Q: -0.00705195
Sec_Event 3693959 N50: 35
T: 0.648328 Q: -0.00547424
T: 0.59963 Q: inf
T: 0.553163 Q: inf
T: 0.510339 Q: inf
T: 0.472459 Q: -0.00834442
T: 0.440673 Q: inf
T: 0.415949 Q: -0.00631914
T: 0.399036 Q: inf
T: 0.390449 Q: inf
T: 0.390449 Q: -0.0169301
T: 0.399036 Q: inf
T: 0.415949 Q: -0.0172901
T: 0.440673 Q: -0.0196289
T: 0.472459 Q: -0.023032
T: 0.510339 Q: -0.0179228
T: 0.553163 Q: inf
T: 0.59963 Q: -0.0163166
T: 0.648328 Q: inf
T: 0.697778 Q: -0.010662
T: 0.746475 Q: inf
T: 0.792943 Q: -0.0062764
T: 0.835767 Q: inf
T: 0.873647 Q: -0.00503998
T: 0.905432 Q: -0.0044609
T: 0.930157 Q: inf
T: 0.94707 Q: -0.00280009
T: 0.955656 Q: -0.00475186
T: 0.955656 Q: inf
T: 0.94707 Q: inf
T: 0.930157 Q: -0.00363602
T: 0.905432 Q: -0.00344675
T: 0.873647 Q: -0.00618935
T: 0.835767 Q: -0.00411599
T: 0.792943 Q: -0.0048591
T: 0.746475 Q: -0.00474767
T: 0.697778 Q: -0.00466495
Sec_Event 3804590 N50: 29
Sec_Event 3804590 N50: 33
T: 0.548941 Q: -0.00233202
T: 0.478086 Q: -0.00382822
T: 0.410477 Q: inf
T: 0.348169 Q: -0.0104634
T: 0.293054 Q: -0.0128397
T: 0.246806 Q: -0.0158953
T: 0.210833 Q: -0.0149223
T: 0.186225 Q: -0.0198544
T: 0.173731 Q: inf
T: 0.173731 Q: -0.016405
T: 0.186225 Q: -0.0200699
T: 0.210833 Q: -0.0187606
T: 0.246806 Q: -0.0170317
T: 0.293054 Q: inf
T: 0.348169 Q: -0.0120286
T: 0.410477 Q: -0.00695269
T: 0.478086 Q: inf
T: 0.548941 Q: inf
T: 0.620888 Q: -0.0013817
T: 0.691743 Q: inf
T: 0.759352 Q: inf
T: 0.82166 Q: inf
T: 0.876776 Q: inf
T: 0.923023 Q: inf
T: 0.958996 Q: -0.000346892
T: 0.983604 Q: -0.000603559
T: 0.996098 Q: -0.000304541
T: 0.983604 Q: -0.000302021
T: 0.958996 Q: -0.00065538
T: 0.923023 Q: -0.000271208
T: 0.876776 Q: -0.000607335
T: 0.82166 Q: inf
T: 0.759352 Q: -0.00104312
T: 0.691743 Q: -0.000538782
T: 0.620888 Q: -0.00222875
Sec_Event 4001333 N50: 78
T: -0.470633 Q: inf
T: -0.565111 Q: inf
T: -0.65526 Q: inf
T: -0.738342 Q: -0.0213183
T: -0.811833 Q: inf
T: -0.873499 Q: inf
T: -0.921466 Q: inf
T: -0.954278 Q: inf
T: -0.970937 Q: -0.018364
T: -0.970937 Q: inf
T: -0.954278 Q: -0.015435
T: -0.921466 Q: -0.0158865
T: -0.873499 Q: -0.0201292
T: -0.811833 Q: -0.0211404
T: -0.738342 Q: inf
T: -0.65526 Q: -0.0273479
T: -0.565111 Q: -0.0216294
T: -0.470633 Q: inf
T: -0.374698 Q: -0.0129848
T: -0.28022 Q: inf
T: -0.190071 Q: -0.0100732
T: -0.106989 Q: inf
T: -0.0334982 Q: inf
T: 0.0281677 Q: -0.00908568
T: 0.0761352 Q: inf
T: 0.108947 Q: inf
T: 0.125606 Q: inf
T: 0.125606 Q: inf
T: 0.108947 Q: -0.00543442
T: 0.0761352 Q: -0.00600967
T: 0.0281677 Q: inf
T: -0.0334982 Q: inf
T: -0.106989 Q: -0.00515526
T: -0.190071 Q: inf
T: -0.28022 Q: inf
T: -0.374698 Q: inf
Sec_Event 4001333 N50: 31
T: -0.0505522 Q: -0.0128425
T: -0.165411 Q: -0.0102592
T: -0.275008 Q: -0.0111439
T: -0.376013 Q: -0.0129668
T: -0.465358 Q: inf
T: -0.540327 Q: -0.0165126
T: -0.598642 Q: -0.0189945
T: -0.638532 Q: -0.0168017
T: -0.658785 Q: -0.019042
T: -0.658785 Q: -0.0288162
T: -0.638532 Q: -0.0123117
T: -0.598642 Q: -0.0148681
T: -0.540327 Q: -0.00839386
T: -0.465358 Q: -0.0115056
T: -0.376013 Q: -0.00626708
T: -0.275008 Q: -0.00570959
T: -0.165411 Q: -0.00556168
T: -0.0505522 Q: -0.0057917
T: 0.0660786 Q: inf
T: 0.180938 Q: inf
T: 0.290535 Q: -0.00987484
T: 0.39154 Q: -0.00684388
T: 0.480884 Q: inf
T: 0.555853 Q: inf
T: 0.614168 Q: -0.0108382
T: 0.654059 Q: -0.0182365
T: 0.674311 Q: -0.015735
T: 0.674311 Q: -0.0218176
T: 0.654059 Q: inf
T: 0.614168 Q: -0.0280921
T: 0.555853 Q: -0.0179584
T: 0.480884 Q: -0.0132434
T: 0.39154 Q: -0.0188888
T: 0.290535 Q: inf
T: 0.180938 Q: inf
T: 0.0660786 Q: -0.0122068
Sec_Event 4001333 N50: 28
T: -0.57508 Q: -0.0367427
T: -0.654873 Q: -0.0326905
T: -0.731011 Q: inf
T: -0.801179 Q: -0.0279616
T: -0.863247 Q: -0.0232542
T: -0.915328 Q: -0.0168899
T: -0.95584 Q: inf
T: -0.983552 Q: -0.0145522
T: -0.997622 Q: -0.0139655
T: -0.997622 Q: -0.0177267
T: -0.983552 Q: -0.0148186
T: -0.95584 Q: inf
T: -0.915328 Q: -0.0203353
T: -0.863247 Q: -0.0204874
T: -0.801179 Q: -0.0227112
T: -0.731011 Q: -0.019586
T: -0.654873 Q: -0.0143436
T: -0.57508 Q: -0.0135898
T: -0.494056 Q: -0.01581
T: -0.414264 Q: -0.0090089
T: -0.338126 Q: -0.00838764
T: -0.267957 Q: -0.00585195
T: -0.205889 Q: inf
T: -0.153808 Q: -0.00910618
T: -0.113296 Q: -0.0100944
T: -0.0855847 Q: -0.00653597
T: -0.071515 Q: inf
T: -0.071515 Q: -0.0122257
T: -0.0855847 Q: -0.00900462
T: -0.113296 Q: -0.0123778
T: -0.153808 Q: -0.0100455
T: -0.205889 Q: -0.0188835
T: -0.267957 Q: inf
T: -0.338126 Q: -0.0180386
T: -0.414264 Q: inf
T: -0.494056 Q: -0.0325795
Sec_Event 4001333 N50: 32
T: -0.461785 Q: -0.0190134
T: -0.557246 Q: -0.0218706
T: -0.648333 Q: inf
T: -0.732279 Q: -0.0352499
T: -0.806534 Q: inf
T: -0.868842 Q: -0.0248785
T: -0.917308 Q: inf
T: -0.950461 Q: inf
T: -0.967294 Q: inf
T: -0.967294 Q: inf
T: -0.950461 Q: inf
T: -0.917308 Q: -0.0232753
T: -0.868842 Q: -0.0272007
T: -0.806534 Q: inf
T: -0.732279 Q: inf
T: -0.648333 Q: inf
T: -0.557246 Q: inf
T: -0.461785 Q: -0.0421
T: -0.364852 Q: -0.0366593
T: -0.269392 Q: inf
T: -0.178304 Q: -0.0344976
T: -0.094358 Q: inf
T: -0.020103 Q: -0.0290196
T: 0.0422044 Q: -0.0270201
T: 0.0906709 Q: -0.029363
T: 0.123824 Q: -0.0308236
T: 0.140656 Q: -0.0260936
T: 0.140656 Q: inf
T: 0.123824 Q: -0.0254048
T: 0.0906709 Q: -0.020436
T: 0.0422044 Q: -0.0265186
T: -0.020103 Q: -0.0207353
T: -0.094358 Q: -0.0209231
T: -0.178304 Q: -0.0144813
T: -0.269392 Q: -0.0156953
T: -0.364852 Q: -0.0176187
Sec_Event 4001333 N50: 26
Sec_Event 4940675 N50: 40
T: -0.00126578 Q: inf
T: -0.115794 Q: -0.0129821
T: -0.225076 Q: -0.0160927
T: -0.32579 Q: -0.0141177
T: -0.414877 Q: -0.0210134
T: -0.48963 Q: -0.0247903
T: -0.547777 Q: -0.0318556
T: -0.587553 Q: -0.029348
T: -0.607747 Q: -0.0270117
T: -0.607747 Q: inf
T: -0.587553 Q: -0.0306621
T: -0.547777 Q: -0.0280873
T: -0.48963 Q: -0.0274029
T: -0.414877 Q: -0.0221753
T: -0.32579 Q: inf
T: -0.225076 Q: inf
T: -0.115794 Q: -0.0231063
T: -0.00126578 Q: -0.0212914
T: 0.115029 Q: inf
T: 0.229557 Q: -0.0183637
T: 0.338839 Q: -0.0208176
T: 0.439553 Q: -0.0197765
T: 0.52864 Q: -0.02209
T: 0.603393 Q: inf
T: 0.661541 Q: -0.0279735
T: 0.701316 Q: -0.019078
T: 0.721511 Q: -0.0194993
T: 0.721511 Q: -0.0194933
T: 0.701316 Q: inf
T: 0.661541 Q: -0.0177765
T: 0.603393 Q: -0.0172213
T: 0.52864 Q: inf
T: 0.439553 Q: -0.0197322
T: 0.338839 Q: -0.0181735
T: 0.229557 Q: inf
T: 0.115029 Q: -0.0148695
Sec_Event 5043979 N50: 41
T: -0.214368 Q: -0.0150743
T: -0.326628 Q: -0.00359954
T: -0.433746 Q: inf
T: -0.532466 Q: -0.000870904
T: -0.619788 Q: inf
T: -0.693061 Q: -0.000973021
T: -0.789044 Q: inf
T: -0.808839 Q: inf
T: -0.789044 Q: inf
T: -0.750057 Q: inf
T: -0.693061 Q: -0.000301567
T: -0.619788 Q: inf
T: -0.532466 Q: inf
T: -0.433746 Q: inf
T: -0.326628 Q: inf
T: -0.214368 Q: -0.0094131
T: -0.100376 Q: inf
T: 0.0118837 Q: inf
T: 0.119001 Q: -0.0132748
T: 0.217721 Q: -0.00903821
T: 0.305044 Q: -0.012053
T: 0.378316 Q: -0.00990999
T: 0.435312 Q: -0.012511
T: 0.4743 Q: -0.016368
T: 0.494094 Q: inf
T: 0.494094 Q: inf
T: 0.4743 Q: inf
T: 0.435312 Q: inf
T: 0.378316 Q: -0.0213453
T: 0.305044 Q: -0.0185027
T: 0.217721 Q: -0.0232032
T: 0.119001 Q: -0.0185601
T: 0.0118837 Q: -0.0178439
T: -0.100376 Q: -0.0240702
Sec_Event 5297425 N50: 43
T: -0.141876 Q: -0.0111083
T: -0.256006 Q: inf
T: -0.364908 Q: -0.0133665
T: -0.465272 Q: -0.0186672
T: -0.55405 Q: -0.0188939
T: -0.628543 Q: -0.0249616
T: -0.686488 Q: inf
T: -0.726125 Q: -0.0197956
T: -0.74625 Q: -0.024288
T: -0.74625 Q: -0.016909
T: -0.726125 Q: -0.0152615
T: -0.686488 Q: -0.0139327
T: -0.628543 Q: -0.0150048
T: -0.55405 Q: -0.00910207
T: -0.465272 Q: inf
T: -0.364908 Q: -0.00853973
T: -0.256006 Q: inf
T: -0.141876 Q: -0.00682602
T: -0.0259847 Q: -0.00453691
T: 0.0881455 Q: -0.00585594
T: 0.197047 Q: -0.00607322
T: 0.297412 Q: -0.0141701
T: 0.386189 Q: inf
T: 0.460683 Q: -0.00908921
T: 0.518628 Q: -0.0145834
T: 0.558265 Q: inf
T: 0.578389 Q: -0.00976589
T: 0.578389 Q: -0.0141524
T: 0.558265 Q: -0.0198632
T: 0.518628 Q: -0.0131249
T: 0.460683 Q: -0.0173919
T: 0.386189 Q: inf
T: 0.297412 Q: inf
T: 0.197047 Q: -0.0171133
T: 0.0881455 Q: -0.0110342
T: -0.0259847 Q: inf
Sec_Event 5504032 N50: 46
T: 0.583578 Q: -0.0024363
T: 0.519366 Q: inf
T: 0.458095 Q: inf
T: 0.401628 Q: inf
T: 0.351679 Q: inf
T: 0.309768 Q: -0.0123964
T: 0.277166 Q: inf
T: 0.254865 Q: inf
T: 0.243543 Q: -0.00525697
T: 0.243543 Q: -0.00345177
T: 0.254865 Q: -0.00322354
T: 0.277166 Q: -0.00263286
T: 0.309768 Q: -0.00266628
T: 0.351679 Q: -0.00152006
T: 0.401628 Q: -0.00187428
T: 0.458095 Q: -0.00243105
T: 0.519366 Q: inf
T: 0.583578 Q: inf
T: 0.648781 Q: inf
T: 0.712994 Q: inf
T: 0.774264 Q: inf
T: 0.830732 Q: -0.00025314
T: 0.88068 Q: -0.00108544
T: 0.922592 Q: -0.000292476
T: 0.955193 Q: inf
T: 0.977494 Q: -0.000303063
T: 0.988816 Q: inf
T: 0.988816 Q: inf
T: 0.977494 Q: inf
T: 0.955193 Q: -0.000335601
T: 0.922592 Q: inf
T: 0.88068 Q: -0.000828951
T: 0.830732 Q: inf
T: 0.774264 Q: -0.000978735
T: 0.712994 Q: inf
T: 0.648781 Q: -0.00243723
100000/194789
Sec_Event 6105600 N50: 33
T: -0.292038 Q: -0.0290422
T: -0.400918 Q: -0.0304625
T: -0.50481 Q: -0.0326875
T: -0.600558 Q: inf
T: -0.685251 Q: -0.0377839
T: -0.756317 Q: -0.027749
T: -0.811597 Q: inf
T: -0.849411 Q: -0.0220047
T: -0.868609 Q: -0.0203966
T: -0.868609 Q: -0.0223689
T: -0.849411 Q: -0.017683
T: -0.811597 Q: inf
T: -0.756317 Q: -0.00319042
T: -0.685251 Q: -0.00275215
T: -0.600558 Q: -0.00156611
T: -0.50481 Q: -0.00130374
T: -0.400918 Q: inf
T: -0.292038 Q: -0.00285449
T: -0.181479 Q: -0.000622476
T: -0.0725991 Q: -0.00195389
T: 0.0312928 Q: -0.00176316
T: 0.12704 Q: -0.00101503
T: 0.211734 Q: -0.00307723
T: 0.2828 Q: inf
T: 0.33808 Q: -0.00235739
T: 0.375893 Q: inf
T: 0.395092 Q: -0.00490661
T: 0.395092 Q: -0.00905593
T: 0.375893 Q: -0.0116033
T: 0.33808 Q: inf
T: 0.2828 Q: -0.0114613
T: 0.211734 Q: inf
T: 0.12704 Q: -0.0161026
T: 0.0312928 Q: -0.01972
T: -0.0725991 Q: inf
T: -0.181479 Q: -0.0197265
Sec_Event 6327087 N50: 31
T: 0.102986 Q: inf
T: -0.00918693 Q: -0.0100043
T: -0.116222 Q: inf
T: -0.214865 Q: inf
T: -0.302121 Q: -0.0043282
T: -0.375337 Q: -0.00623468
T: -0.432289 Q: -0.00617942
T: -0.471246 Q: -0.00255997
T: -0.491025 Q: -0.00535423
T: -0.491025 Q: -0.00417204
T: -0.471246 Q: -0.00411074
T: -0.432289 Q: -0.00295025
T: -0.375337 Q: -0.00317285
T: -0.302121 Q: -0.0023859
T: -0.214865 Q: -0.00266453
T: -0.116222 Q: -0.00404754
T: -0.00918693 Q: inf
T: 0.102986 Q: -0.00294632
T: 0.21689 Q: -0.00528758
T: 0.329064 Q: -0.00305556
T: 0.436098 Q: -0.00686964
T: 0.534742 Q: -0.00502566
T: 0.621997 Q: inf
T: 0.695213 Q: -0.00629992
T: 0.752165 Q: inf
T: 0.791123 Q: -0.0125184
T: 0.810902 Q: -0.0100487
T: 0.810902 Q: -0.0121898
T: 0.791123 Q: -0.0125012
T: 0.752165 Q: -0.0125531
T: 0.695213 Q: -0.00915937
T: 0.621997 Q: -0.0104878
T: 0.534742 Q: -0.00954176
T: 0.436098 Q: -0.00762429
T: 0.329064 Q: -0.00447116
T: 0.21689 Q: -0.00691489
Sec_Event 6415422 N50: 36
T: -0.674853 Q: inf
T: -0.731626 Q: inf
T: -0.785797 Q: -0.00765847
T: -0.835722 Q: inf
T: -0.879883 Q: -0.00432323
T: -0.916939 Q: -0.00443269
T: -0.945763 Q: -0.00304845
T: -0.96548 Q: -0.00259279
T: -0.975491 Q: -0.00367423
T: -0.975491 Q: inf
T: -0.96548 Q: inf
T: -0.945763 Q: inf
T: -0.916939 Q: inf
T: -0.879883 Q: inf
T: -0.835722 Q: inf
T: -0.785797 Q: -0.00803471
T: -0.731626 Q: -0.00805771
T: -0.674853 Q: -0.00968327
T: -0.617205 Q: -0.0136572
T: -0.560432 Q: -0.0147279
T: -0.506261 Q: -0.0168559
T: -0.456336 Q: inf
T: -0.412175 Q: inf
T: -0.375119 Q: inf
T: -0.346295 Q: inf
T: -0.326578 Q: -0.025599
T: -0.316568 Q: inf
T: -0.316568 Q: -0.0283189
T: -0.326578 Q: -0.0257221
T: -0.346295 Q: -0.0258969
T: -0.375119 Q: inf
T: -0.412175 Q: -0.0207466
T: -0.456336 Q: -0.0216281
T: -0.506261 Q: inf
T: -0.560432 Q: -0.0177387
T: -0.617205 Q: -0.0159711
Sec_Event 6415422 N50: 30
T: -0.227241 Q: -0.00544518
T: -0.339043 Q: -0.00922327
T: -0.445723 Q: inf
T: -0.54404 Q: -0.00534151
T: -0.631006 Q: inf
T: -0.70398 Q: -0.0025122
T: -0.760743 Q: -0.00305979
T: -0.799572 Q: -0.00203585
T: -0.819285 Q: inf
T: -0.819285 Q: -0.00196788
T: -0.799572 Q: -0.00209288
T: -0.760743 Q: inf
T: -0.70398 Q: -0.00249247
T: -0.631006 Q: -0.00397912
T: -0.54404 Q: -0.00544821
T: -0.445723 Q: -0.00957464
T: -0.339043 Q: inf
T: -0.227241 Q: -0.00869346
T: -0.113714 Q: -0.00876027
T: -0.001912 Q: -0.0121544
T: 0.104768 Q: -0.0100024
T: 0.203085 Q: -0.00806843
T: 0.290052 Q: -0.00923256
T: 0.363025 Q: -0.00906594
T: 0.419789 Q: -0.0125325
T: 0.458617 Q: inf
T: 0.478331 Q: -0.0110455
T: 0.478331 Q: -0.0118969
T: 0.458617 Q: -0.0154758
T: 0.419789 Q: -0.00908112
T: 0.363025 Q: -0.0109409
T: 0.290052 Q: -0.00737186
T: 0.203085 Q: -0.00930559
T: 0.104768 Q: inf
T: -0.001912 Q: -0.00672492
T: -0.113714 Q: -0.0137341
Sec_Event 6415422 N50: 25
Sec_Event 6415422 N50: 32
T: -0.342048 Q: -0.0235893
T: -0.447917 Q: -0.0312204
T: -0.548937 Q: -0.0187833
T: -0.642037 Q: inf
T: -0.724388 Q: -0.00717948
T: -0.79349 Q: inf
T: -0.847241 Q: -0.00388037
T: -0.884009 Q: inf
T: -0.902677 Q: -0.00356887
T: -0.902677 Q: -0.00555473
T: -0.884009 Q: -0.00546348
T: -0.847241 Q: inf
T: -0.79349 Q: inf
T: -0.724388 Q: -0.00868387
T: -0.642037 Q: inf
T: -0.548937 Q: inf
T: -0.447917 Q: inf
T: -0.342048 Q: -0.0203558
T: -0.234545 Q: -0.0213255
T: -0.128676 Q: -0.0197744
T: -0.0276566 Q: -0.0195966
T: 0.0654434 Q: -0.024288
T: 0.147795 Q: -0.0281183
T: 0.216897 Q: -0.029921
T: 0.270648 Q: -0.0250299
T: 0.307416 Q: -0.0308348
T: 0.326083 Q: -0.035675
T: 0.326083 Q: inf
T: 0.307416 Q: inf
T: 0.270648 Q: -0.0264017
T: 0.216897 Q: -0.0218192
T: 0.147795 Q: inf
T: 0.0654434 Q: -0.0216775
T: -0.0276566 Q: -0.0240243
T: -0.128676 Q: inf
T: -0.234545 Q: inf
Sec_Event 6415422 N50: 26
T: -0.47099 Q: -0.020996
T: -0.565427 Q: -0.0144947
T: -0.655538 Q: -0.0118666
T: -0.738585 Q: inf
T: -0.812044 Q: inf
T: -0.873683 Q: -0.00415555
T: -0.92163 Q: -0.00336503
T: -0.954428 Q: -0.00244868
T: -0.97108 Q: -0.00354293
T: -0.97108 Q: -0.00343308
T: -0.954428 Q: -0.00310805
T: -0.92163 Q: -0.00421003
T: -0.873683 Q: -0.00499592
T: -0.812044 Q: inf
T: -0.738585 Q: inf
T: -0.655538 Q: inf
T: -0.565427 Q: -0.0139166
T: -0.47099 Q: -0.0267711
T: -0.375095 Q: inf
T: -0.280658 Q: -0.0320856
T: -0.190547 Q: inf
T: -0.1075 Q: -0.028035
T: -0.0340412 Q: -0.0374397
T: 0.0275984 Q: -0.0296439
T: 0.0755455 Q: -0.0294166
T: 0.108343 Q: inf
T: 0.124995 Q: -0.0265576
T: 0.124995 Q: -0.020524
T: 0.108343 Q: inf
T: 0.0755455 Q: -0.0250911
T: 0.0275984 Q: inf
T: -0.0340412 Q: inf
T: -0.1075 Q: -0.0206726
T: -0.190547 Q: -0.0248754
T: -0.280658 Q: inf
T: -0.375095 Q: -0.0253959
Sec_Event 8436439 N50: 29
T: -0.0896101 Q: -0.0271183
T: -0.204373 Q: -0.0258752
T: -0.313879 Q: -0.0211454
T: -0.414799 Q: -0.0292967
T: -0.504069 Q: -0.0303524
T: -0.578975 Q: -0.040328
T: -0.637242 Q: -0.0488591
T: -0.677099 Q: -0.0533339
T: -0.697335 Q: inf
T: -0.697335 Q: -0.0621966
T: -0.677099 Q: -0.061391
T: -0.637242 Q: inf
T: -0.578975 Q: -0.0358981
T: -0.504069 Q: -0.0281194
T: -0.414799 Q: -0.0221638
T: -0.313879 Q: -0.02809
T: -0.204373 Q: -0.0179055
T: -0.0896101 Q: -0.0267861
T: 0.0269233 Q: -0.016843
T: 0.141686 Q: -0.0213109
T: 0.251192 Q: -0.0167574
T: 0.352113 Q: -0.011467
T: 0.441382 Q: -0.00562985
T: 0.516289 Q: -0.00345166
T: 0.574555 Q: -0.00260598
T: 0.614412 Q: inf
T: 0.634648 Q: inf
T: 0.634648 Q: -0.00199727
T: 0.614412 Q: inf
T: 0.574555 Q: -0.00261266
T: 0.516289 Q: inf
T: 0.441382 Q: -0.00536309
T: 0.352113 Q: inf
T: 0.251192 Q: -0.0204877
T: 0.141686 Q: -0.0161813
T: 0.0269233 Q: -0.0158151
Sec_Event 8436439 N50: 26
T: 0.164431 Q: -0.0219084
T: 0.0547214 Q: -0.0249365
T: -0.0499627 Q: -0.0239879
T: -0.14644 Q: inf
T: -0.231779 Q: -0.0308181
T: -0.303388 Q: -0.0272333
T: -0.359089 Q: inf
T: -0.397191 Q: inf
T: -0.416536 Q: -0.0385407
T: -0.416536 Q: -0.027407
T: -0.397191 Q: inf
T: -0.359089 Q: -0.0296338
T: -0.303388 Q: -0.0223884
T: -0.231779 Q: -0.0183545
T: -0.14644 Q: inf
T: -0.0499627 Q: inf
T: 0.0547214 Q: -0.0192757
T: 0.164431 Q: -0.0144546
T: 0.275834 Q: inf
T: 0.385544 Q: -0.010446
T: 0.490228 Q: -0.00418803
T: 0.586706 Q: -0.00498958
T: 0.672045 Q: -0.00123126
T: 0.743653 Q: -0.00132854
T: 0.799354 Q: -0.000806574
T: 0.837456 Q: inf
T: 0.856801 Q: inf
T: 0.856801 Q: -0.000849488
T: 0.837456 Q: -0.000868537
T: 0.799354 Q: -0.000737468
T: 0.743653 Q: -0.00136627
T: 0.672045 Q: -0.00132769
T: 0.586706 Q: -0.00215844
T: 0.490228 Q: -0.00438872
T: 0.385544 Q: -0.00805238
T: 0.275834 Q: inf
Sec_Event 8801314 N50: 29
T: -0.0822255 Q: inf
T: -0.197031 Q: inf
T: -0.306577 Q: -0.0160223
T: -0.407536 Q: -0.0154072
T: -0.496839 Q: -0.0207404
T: -0.571773 Q: inf
T: -0.630061 Q: -0.0101617
T: -0.669932 Q: -0.00906233
T: -0.690176 Q: -0.00872792
T: -0.690176 Q: -0.00836405
T: -0.669932 Q: -0.00875711
T: -0.630061 Q: -0.00935769
T: -0.571773 Q: inf
T: -0.496839 Q: inf
T: -0.407536 Q: -0.00745016
T: -0.306577 Q: -0.00802362
T: -0.197031 Q: -0.00794287
T: -0.0822255 Q: inf
T: 0.0343511 Q: inf
T: 0.149157 Q: -0.00853162
T: 0.258703 Q: -0.00945799
T: 0.359661 Q: -0.00919134
T: 0.448964 Q: -0.0112272
T: 0.523898 Q: -0.0119969
T: 0.582186 Q: -0.0182182
T: 0.622058 Q: -0.0230155
T: 0.642301 Q: -0.018571
T: 0.642301 Q: -0.0260275
T: 0.622058 Q: -0.0303719
T: 0.582186 Q: -0.0249562
T: 0.523898 Q: -0.0203983
T: 0.448964 Q: inf
T: 0.359661 Q: -0.0144539
T: 0.258703 Q: -0.0154162
T: 0.149157 Q: inf
T: 0.0343511 Q: -0.013538
Sec_Event 9508178 N50: 27
T: -0.384487 Q: -0.0479109
T: -0.487227 Q: -0.0546436
T: -0.58526 Q: -0.0420613
T: -0.675609 Q: -0.0269743
T: -0.755526 Q: -0.0185011
T: -0.822585 Q: -0.0150366
T: -0.874747 Q: -0.0129026
T: -0.910429 Q: inf
T: -0.928545 Q: -0.0114632
T: -0.928545 Q: inf
T: -0.910429 Q: -0.0119458
T: -0.874747 Q: -0.0131065
T: -0.822585 Q: -0.0152843
T: -0.755526 Q: inf
T: -0.675609 Q: inf
T: -0.58526 Q: -0.00916909
T: -0.487227 Q: -0.00845005
T: -0.384487 Q: -0.00634114
T: -0.280162 Q: -0.00575367
T: -0.177422 Q: -0.00737227
T: -0.0793884 Q: inf
T: 0.0109597 Q: -0.00880399
T: 0.0908773 Q: -0.0118587
T: 0.157936 Q: inf
T: 0.210099 Q: -0.0289036
T: 0.24578 Q: -0.0309402
T: 0.263896 Q: -0.0368042
T: 0.263896 Q: -0.0419943
T: 0.24578 Q: inf
T: 0.210099 Q: -0.0437771
T: 0.157936 Q: inf
T: 0.0908773 Q: -0.0461506
T: 0.0109597 Q: -0.0476637
T: -0.0793884 Q: -0.0405463
T: -0.177422 Q: inf
T: -0.280162 Q: -0.0470104
Sec_Event 9590690 N50: 39
T: -0.360835 Q: -0.00393764
T: -0.465388 Q: -0.00344523
T: -0.565151 Q: inf
T: -0.657093 Q: -0.00762262
T: -0.738421 Q: inf
T: -0.806663 Q: -0.00916869
T: -0.859746 Q: -0.0146116
T: -0.896056 Q: -0.0172538
T: -0.914492 Q: -0.0202219
T: -0.914492 Q: -0.00983721
T: -0.896056 Q: -0.00602039
T: -0.859746 Q: -0.00580706
T: -0.806663 Q: -0.00307941
T: -0.738421 Q: -0.00216887
T: -0.657093 Q: inf
T: -0.565151 Q: -0.00258163
T: -0.465388 Q: -0.000726517
T: -0.360835 Q: inf
T: -0.150117 Q: -0.000601959
T: -0.0503539 Q: -0.000239224
T: 0.0415883 Q: -0.000981822
T: 0.122916 Q: inf
T: 0.244241 Q: inf
T: 0.280551 Q: -0.001339
T: 0.298987 Q: -0.00081419
T: 0.280551 Q: -0.000437458
T: 0.244241 Q: inf
T: 0.191158 Q: -0.000572586
T: 0.122916 Q: inf
T: 0.0415883 Q: inf
T: -0.0503539 Q: -0.000999514
T: -0.150117 Q: -0.00191153
T: -0.25467 Q: -0.0011498
Sec_Event 10386800 N50: 35
T: -0.173333 Q: -0.0235448
T: -0.286797 Q: inf
T: -0.395063 Q: -0.0304755
T: -0.494842 Q: -0.027125
T: -0.583101 Q: inf
T: -0.657159 Q: inf
T: -0.714766 Q: -0.0123425
T: -0.754172 Q: -0.0116406
T: -0.774179 Q: -0.0098432
T: -0.774179 Q: -0.00890824
T: -0.754172 Q: inf
T: -0.714766 Q: -0.0106312
T: -0.657159 Q: inf
T: -0.583101 Q: -0.0104558
T: -0.494842 Q: -0.00809621
T: -0.395063 Q: -0.00686866
T: -0.286797 Q: -0.00461965
T: -0.173333 Q: -0.00734361
T: -0.0581192 Q: -0.0072512
T: 0.0553447 Q: -0.00676744
T: 0.163611 Q: -0.0045528
T: 0.263389 Q: -0.00660745
T: 0.351648 Q: inf
T: 0.425707 Q: -0.00897636
T: 0.483314 Q: inf
T: 0.522719 Q: inf
T: 0.542726 Q: -0.0209152
T: 0.542726 Q: -0.029464
T: 0.522719 Q: inf
T: 0.483314 Q: -0.02411
T: 0.425707 Q: inf
T: 0.351648 Q: -0.0291834
T: 0.263389 Q: inf
T: 0.163611 Q: -0.023196
T: 0.0553447 Q: -0.0232134
T: -0.0581192 Q: -0.0300301
Sec_Event 10774703 N50: 32
T: 0.0599144 Q: -0.0466475
T: -0.0535059 Q: -0.0424142
T: -0.16173 Q: inf
T: -0.26147 Q: inf
T: -0.349696 Q: -0.0337024
T: -0.423726 Q: -0.026931
T: -0.481311 Q: -0.0195424
T: -0.520701 Q: -0.0167354
T: -0.5407 Q: -0.0161296
T: -0.5407 Q: -0.0127388
T: -0.520701 Q: -0.0131036
T: -0.481311 Q: -0.0100684
T: -0.423726 Q: -0.010001
T: -0.349696 Q: -0.00635304
T: -0.26147 Q: inf
T: -0.16173 Q: inf
T: -0.0535059 Q: -0.00766652
T: 0.0599144 Q: -0.00503853
T: 0.175084 Q: -0.0030575
T: 0.288505 Q: -0.00263475
T: 0.396729 Q: -0.00282385
T: 0.496469 Q: -0.00651731
T: 0.584695 Q: -0.00651934
T: 0.658724 Q: -0.0126367
T: 0.716309 Q: inf
T: 0.7557 Q: inf
T: 0.775699 Q: -0.0427138
T: 0.775699 Q: -0.0458711
T: 0.7557 Q: inf
T: 0.716309 Q: -0.0505711
T: 0.658724 Q: inf
T: 0.584695 Q: -0.0607115
T: 0.496469 Q: -0.0633352
T: 0.396729 Q: -0.0470704
T: 0.288505 Q: -0.0414704
T: 0.175084 Q: inf

gestpm: TOTAL NUMBER PMT: WALL; TOP; BOTTOM; ALL  7650  1748  1748 11146
 *****************************
 * This is for SK-VI map      *
 *****************************
 findconsts: connection table file: /home/licheng/local/skofl/const//connection.super.dat
gexyz: PMT # FOR EACH SECTION       1  7650  7651  9398  9399 11146
gexyz: maxpm,nlwal     11146      7650
 findconsts: connection table1 file: /home/licheng/local/skofl/const//connection.super.dat
 findconsts: connection table2 file: /home/licheng/local/skofl/const//connection.super.sk-5.dat
 findfile: checking /home/licheng/local/skofl/const//misch3.dat
 findfile: found /home/licheng/local/skofl/const//misch3.dat
 findconsts: mis channel file: /home/licheng/local/skofl/const//misch3.dat
 findfile: checking /home/licheng/local/skofl/const//skpmt_sk5.dat
 findfile: found /home/licheng/local/skofl/const//skpmt_sk5.dat
 findconsts: pmt file: /home/licheng/local/skofl/const//skpmt_sk5.dat
gestpma: TOTAL NUMBER anti PMT: WALL; TOP; BOTTOM; ALL  1275   302   308  1885
gexyza: anti PMT # FOR EACH SECTION       1  1275  1276  1577  1578  1885
 maxpma,nlwala      1885      1275
 skbadch: log_level =            0
 findconsts: badch.090594 file: /home/licheng/local/skofl/const//badch/badch.090594
 findconsts: bad channel file: /home/licheng/local/skofl/const//badch.dat
 findconsts: badch.090594 file: /home/licheng/local/skofl/const//badch/badch.090594
 skdark: log_level =            0
 findconsts: darkr.090594.root file: /home/licheng/local/skofl/const//darkr/darkr.090594.root
 findconsts: badsub SK-I 1 file: /home/licheng/local/skofl/const//lowe/badsub.sk.r1742-3051.r3208-3608
 nbad 1 =         1851
 findconsts: badsub SK-I 2 file: /home/licheng/local/skofl/const//lowe/badsub.sk.realtim
 nbad 2 =        17511
 findconsts: badsub SK-I 3 file: /home/licheng/local/skofl/const//lowe/badsub.sk.manual.1260day
 nbad 3 =        21939
 findconsts: badsub SK-I 4 file: /home/licheng/local/skofl/const//lowe/badsub.sk.sle.1260day
 nbad 4 =        28004
 findconsts: badsub SK-I 5 file: /home/licheng/local/skofl/const//lowe/badsub.sk.manual
 nbad 5 =        28105
 findconsts: badsub SK-I 6 file: /home/licheng/local/skofl/const//lowe/badsub.sk.sle
 nbad 6 =        28105
 findconsts: badsub SK-II 1 file: /home/licheng/local/skofl/const//lowe/badsub.sk2.manual
 nbad_sk2 SK-II 1 =        27759
 findconsts: badsub SK-III 1 file: /home/licheng/local/skofl/const//lowe/badsub.sk3.manual
 nbad_sk3 SK-III 1 =         4149
 findconsts: badsub SK-IV file: /home/licheng/local/skofl/const//lowe/badsub.sk4.manual
 nbad_sk4 SK-IV =        66921
 read local badsub.sk5.manual.local
 nbad_sk5 SK-V =         2595
 read local badsub.sk6.manual.local
 nbad_sk6 SK-VI (Gd) =         7717
 findconsts: skcoverage_barrel file: /home/licheng/local/skofl/const//lowe/skcov_b_p3.dat
 findconsts: nearest neighbor file: /home/licheng/local/skofl/const//neighb.dat
 neighbsk: reading neighbor file /home/licheng/local/skofl/const//neighb.dat
 findconsts: skcoverage_sk4_final file: /home/licheng/local/skofl/const//lowe/skcov_c_p3.dat
