Output file: output/wt_090461.root input file:/disk03/lowe10/sk7/sle/lomugd.090461.root
 Id of this manager : 10
InitReadRoot: total = 368081
RUNINFO found in the rare list
SK geometry setting: 6
***** Dummy rgetvalue was called. (Remote File Access is not supported) *****
==========WT:========== 13437.3 13815.7 12535.3
0/368081
Sec_Event 243418 N50: 39
T: 0.46328 Q: -0.043022
T: 0.379153 Q: 2.6758
T: 0.29888 Q: 1.17629
T: 0.224901 Q: -0.0229672
T: 0.159462 Q: -0.02234
T: 0.104552 Q: -0.0214079
T: 0.0618397 Q: 1.28295
T: 0.0326228 Q: -0.0157949
T: 0.017789 Q: 1.07872
T: 0.017789 Q: -0.0162658
T: 0.0326228 Q: 1.21775
T: 0.0618397 Q: 2.77778
T: 0.104552 Q: -0.00667029
T: 0.159462 Q: -0.00460932
T: 0.224901 Q: 2.48544
T: 0.29888 Q: 1.0575
T: 0.379153 Q: -0.00625314
T: 0.46328 Q: -0.00712607
T: 0.548704 Q: 1.31633
T: 0.632831 Q: -0.00601426
T: 0.713104 Q: -0.00888707
T: 0.787084 Q: 1.16386
T: 0.852523 Q: -0.0207484
T: 0.907432 Q: 0.840848
T: 0.950145 Q: -0.0630579
T: 0.979362 Q: -0.033535
T: 0.994195 Q: -0.0310366
T: 0.994195 Q: 1.22005
T: 0.979362 Q: -0.0428992
T: 0.950145 Q: 1.51099
T: 0.907432 Q: 1.40781
T: 0.852523 Q: 1.19213
T: 0.787084 Q: 2.83053
T: 0.713104 Q: -0.0690728
T: 0.632831 Q: 2.38683
T: 0.548704 Q: -0.0425888
Sec_Event 550181 N50: 39
T: 0.0843714 Q: 1.30499
T: -0.0283887 Q: 2.55683
T: -0.135983 Q: -0.0232546
T: -0.235143 Q: -0.0301649
T: -0.322854 Q: 0.924832
T: -0.396453 Q: -0.0126562
T: -0.453703 Q: 1.03364
T: -0.492864 Q: -0.0082762
T: -0.512747 Q: -0.00737531
T: -0.512747 Q: 1.17557
T: -0.492864 Q: -0.0055858
T: -0.453703 Q: 1.09177
T: -0.396453 Q: -0.00412225
T: -0.322854 Q: -0.00373683
T: -0.235143 Q: -0.00244678
T: -0.135983 Q: -0.00186549
T: -0.0283887 Q: -0.00464226
T: 0.0843714 Q: 1.60363
T: 0.198871 Q: 1.4014
T: 0.311631 Q: -0.00237302
T: 0.419226 Q: -0.00402693
T: 0.518385 Q: -0.00465642
T: 0.606097 Q: 2.36491
T: 0.679696 Q: -0.00535429
T: 0.736946 Q: -0.0117399
T: 0.776107 Q: -0.0229013
T: 0.795989 Q: -0.0368938
T: 0.795989 Q: -0.0537063
T: 0.776107 Q: -0.050333
T: 0.736946 Q: -0.0659524
T: 0.679696 Q: -0.0615401
T: 0.606097 Q: -0.0481369
T: 0.518385 Q: 1.23552
T: 0.419226 Q: -0.0361727
T: 0.311631 Q: -0.0281813
T: 0.198871 Q: 2.49607
Sec_Event 1369101 N50: 28
T: -0.685243 Q: -0.0182288
T: -0.738582 Q: -0.015865
T: -0.789478 Q: 1.17317
T: -0.836384 Q: 1.26175
T: -0.877875 Q: -0.00797516
T: -0.912689 Q: -0.00728635
T: -0.939771 Q: -0.00616499
T: -0.958295 Q: -0.0056639
T: -0.9677 Q: 1.28778
T: -0.9677 Q: -0.00514656
T: -0.958295 Q: -0.00547884
T: -0.939771 Q: -0.00604062
T: -0.912689 Q: -0.00556706
T: -0.877875 Q: -0.00659585
T: -0.836384 Q: 1.26914
T: -0.789478 Q: -0.00898569
T: -0.738582 Q: -0.00841644
T: -0.685243 Q: -0.0105493
T: -0.63108 Q: 1.0475
T: -0.577741 Q: -0.0159994
T: -0.526845 Q: 1.10779
T: -0.479939 Q: -0.0246613
T: -0.438448 Q: -0.0314159
T: -0.403633 Q: -0.0328918
T: -0.376552 Q: -0.0358038
T: -0.358028 Q: -0.0366516
T: -0.348622 Q: -0.0400432
T: -0.348622 Q: -0.0416404
T: -0.358028 Q: -0.0442475
T: -0.376552 Q: 1.10482
T: -0.403633 Q: -0.0511761
T: -0.438448 Q: 0.939894
T: -0.479939 Q: -0.0396208
T: -0.526845 Q: -0.0335135
T: -0.577741 Q: -0.0293757
T: -0.63108 Q: 1.13645
Sec_Event 1390934 N50: 26
T: 0.365093 Q: -0.00769636
T: 0.269657 Q: 2.59225
T: 0.178592 Q: -0.00878877
T: 0.0946663 Q: 1.06348
T: 0.0204297 Q: 1.30932
T: -0.0418622 Q: -0.00992942
T: -0.0903167 Q: 1.14509
T: -0.123462 Q: 1.17048
T: -0.14029 Q: -0.0245882
T: -0.14029 Q: -0.0225626
T: -0.123462 Q: -0.0244729
T: -0.0903167 Q: -0.0265349
T: -0.0418622 Q: -0.0305337
T: 0.0204297 Q: -0.0341199
T: 0.0946663 Q: -0.0282556
T: 0.178592 Q: 1.46576
T: 0.269657 Q: -0.0339311
T: 0.365093 Q: -0.030318
T: 0.462002 Q: -0.0308122
T: 0.557439 Q: -0.0247941
T: 0.648504 Q: -0.0165382
T: 0.732429 Q: -0.00930462
T: 0.806666 Q: 1.4289
T: 0.868958 Q: -0.00509747
T: 0.917412 Q: 1.33094
T: 0.950557 Q: -0.00503899
T: 0.967385 Q: -0.00509932
T: 0.967385 Q: 1.14341
T: 0.950557 Q: -0.00487316
T: 0.917412 Q: -0.00456001
T: 0.868958 Q: -0.00745689
T: 0.806666 Q: -0.00916173
T: 0.732429 Q: -0.011398
T: 0.648504 Q: -0.00951056
T: 0.557439 Q: -0.00975758
T: 0.462002 Q: -0.0094087
Sec_Event 1644371 N50: 32
T: -0.217448 Q: 0.971747
T: -0.329602 Q: 0.916266
T: -0.436618 Q: 0.841623
T: -0.535244 Q: 0.823507
T: -0.622485 Q: -0.00888096
T: -0.695688 Q: 1.70248
T: -0.75263 Q: -0.00895479
T: -0.791581 Q: -0.00572432
T: -0.811357 Q: -0.00347472
T: -0.811357 Q: -0.00213135
T: -0.791581 Q: -0.00134487
T: -0.75263 Q: -0.000713008
T: -0.695688 Q: -0.000458808
T: -0.622485 Q: -0.000498948
T: -0.535244 Q: -0.00026783
T: -0.436618 Q: -0.000294804
T: -0.217448 Q: 1.27241
T: 0.00859075 Q: 1.4233
T: 0.214234 Q: 1.2864
T: 0.374677 Q: -0.000319406
T: 0.431619 Q: 1.05925
T: 0.47057 Q: -0.000674008
T: 0.490346 Q: -0.000283893
T: 0.490346 Q: 1.04664
T: 0.47057 Q: -0.0047595
T: 0.431619 Q: -0.00169468
T: 0.374677 Q: -0.00232038
T: 0.301474 Q: -0.00286034
T: 0.214234 Q: 0.971307
T: 0.115607 Q: 0.89594
T: 0.00859075 Q: 0.766138
T: -0.103563 Q: -0.00717656
Sec_Event 2628921 N50: 30
T: 0.139086 Q: 0.689731
T: 0.0282606 Q: -0.0308456
T: -0.0774878 Q: 2.48316
T: -0.174946 Q: -0.0340782
T: -0.261153 Q: 1.53942
T: -0.333489 Q: -0.0439116
T: -0.389756 Q: -0.046168
T: -0.428246 Q: -0.0385499
T: -0.447787 Q: -0.0462729
T: -0.447787 Q: -0.0354702
T: -0.428246 Q: -0.046364
T: -0.389756 Q: -0.0356283
T: -0.333489 Q: -0.0234976
T: -0.261153 Q: -0.0256084
T: -0.174946 Q: -0.0222133
T: -0.0774878 Q: -0.0156773
T: 0.0282606 Q: -0.0138095
T: 0.139086 Q: -0.0174233
T: 0.251621 Q: -0.0107075
T: 0.362446 Q: -0.00368908
T: 0.468195 Q: 1.0374
T: 0.565653 Q: -0.00211309
T: 0.65186 Q: 1.02308
T: 0.724196 Q: -0.000540026
T: 0.780463 Q: -0.000925118
T: 0.818953 Q: -0.000806793
T: 0.838494 Q: -0.000587482
T: 0.780463 Q: -0.000797715
T: 0.65186 Q: -0.00122964
T: 0.565653 Q: -0.00103469
T: 0.468195 Q: -0.00244616
T: 0.362446 Q: -0.00356156
T: 0.251621 Q: -0.0125003
Sec_Event 2962920 N50: 41
T: -0.365836 Q: 1.05392
T: -0.47002 Q: 1.01007
T: -0.569432 Q: 3.19065
T: -0.66105 Q: -0.016308
T: -0.742091 Q: -0.0107711
T: -0.810092 Q: -0.00836155
T: -0.862988 Q: -0.00716036
T: -0.89917 Q: -0.00568338
T: -0.917541 Q: -0.00532289
T: -0.917541 Q: -0.00680162
T: -0.89917 Q: -0.0101374
T: -0.862988 Q: 2.3343
T: -0.810092 Q: 2.33239
T: -0.742091 Q: -0.0119526
T: -0.66105 Q: -0.0145339
T: -0.569432 Q: 0.929176
T: -0.47002 Q: -0.0399463
T: -0.365836 Q: -0.0384917
T: -0.260045 Q: -0.0353846
T: -0.15586 Q: 2.38147
T: -0.056449 Q: 2.58574
T: 0.0351691 Q: 1.17867
T: 0.11621 Q: -0.0402259
T: 0.184211 Q: 1.156
T: 0.237107 Q: -0.0457515
T: 0.27329 Q: -0.0457966
T: 0.29166 Q: 1.13697
T: 0.29166 Q: -0.0453306
T: 0.27329 Q: -0.0495931
T: 0.237107 Q: 1.32744
T: 0.184211 Q: -0.0379684
T: 0.11621 Q: 1.42397
T: 0.0351691 Q: 1.18155
T: -0.056449 Q: -0.0233195
T: -0.15586 Q: -0.0247437
T: -0.260045 Q: 2.25922
Sec_Event 2964620 N50: 30
T: -0.217013 Q: -0.0262047
T: -0.329182 Q: -0.0196865
T: -0.436213 Q: -0.0309419
T: -0.534853 Q: -0.0436991
T: -0.622105 Q: -0.0347704
T: -0.695318 Q: 1.33567
T: -0.752268 Q: 1.5385
T: -0.791224 Q: 1.42781
T: -0.811002 Q: -0.0263655
T: -0.811002 Q: -0.0305781
T: -0.791224 Q: -0.028617
T: -0.752268 Q: -0.0258921
T: -0.695318 Q: -0.0180705
T: -0.622105 Q: 2.8128
T: -0.534853 Q: -0.00906767
T: -0.436213 Q: -0.00734151
T: -0.329182 Q: -0.00609826
T: -0.217013 Q: -0.00667976
T: -0.103114 Q: -0.0118681
T: 0.00905545 Q: -0.00935907
T: 0.116086 Q: -0.010325
T: 0.214726 Q: 1.28561
T: 0.301978 Q: -0.00683511
T: 0.375191 Q: -0.00947555
T: 0.432141 Q: 2.37755
T: 0.471097 Q: 2.65661
T: 0.490875 Q: -0.0176309
T: 0.490875 Q: -0.01564
T: 0.471097 Q: -0.0168081
T: 0.432141 Q: -0.0207207
T: 0.375191 Q: 4.12191
T: 0.301978 Q: -0.0196972
T: 0.214726 Q: -0.0177441
T: 0.116086 Q: -0.0235737
T: 0.00905545 Q: -0.0198599
T: -0.103114 Q: -0.0162547
Sec_Event 4266464 N50: 29
T: -0.198162 Q: 1.15885
T: -0.310944 Q: -0.00572532
T: -0.418559 Q: 1.42014
T: -0.517737 Q: -0.00833542
T: -0.605466 Q: -0.0127299
T: -0.679079 Q: -0.0098731
T: -0.73634 Q: -0.015857
T: -0.775508 Q: -0.023533
T: -0.795395 Q: -0.0272124
T: -0.795395 Q: -0.0338383
T: -0.775508 Q: -0.0356233
T: -0.73634 Q: 1.01763
T: -0.679079 Q: 1.05892
T: -0.605466 Q: 1.21476
T: -0.517737 Q: -0.0204782
T: -0.418559 Q: -0.0158903
T: -0.310944 Q: -0.0231563
T: -0.198162 Q: -0.0135092
T: -0.0836407 Q: -0.0146962
T: 0.0291409 Q: -0.0131249
T: 0.136756 Q: -0.0134924
T: 0.235934 Q: -0.0129292
T: 0.323663 Q: -0.0160429
T: 0.397276 Q: -0.0118967
T: 0.454537 Q: 1.16929
T: 0.493705 Q: -0.00841876
T: 0.513592 Q: -0.00858363
T: 0.513592 Q: -0.00677969
T: 0.493705 Q: -0.007353
T: 0.454537 Q: -0.00654025
T: 0.397276 Q: -0.00793656
T: 0.323663 Q: -0.00634405
T: 0.235934 Q: 1.07361
T: 0.136756 Q: 1.08226
T: 0.0291409 Q: -0.00405567
T: -0.0836407 Q: 1.08894
Sec_Event 4589720 N50: 38
T: -0.191571 Q: -0.00328199
T: -0.304548 Q: -0.00316136
T: -0.412349 Q: 1.03037
T: -0.511698 Q: 1.1402
T: -0.599579 Q: 1.04009
T: -0.673319 Q: -0.00120226
T: -0.730678 Q: 1.1051
T: -0.769915 Q: -0.000538209
T: -0.789835 Q: -0.000323177
T: -0.789835 Q: 1.21776
T: -0.769915 Q: 1.31808
T: -0.730678 Q: -0.00040729
T: -0.673319 Q: 2.45929
T: -0.599579 Q: 1.15685
T: -0.511698 Q: -0.000334556
T: -0.412349 Q: -0.00053383
T: -0.304548 Q: 2.50405
T: -0.0768522 Q: -0.00032131
T: 0.0361242 Q: 1.25706
T: 0.143925 Q: -0.000377612
T: 0.331155 Q: -0.000582896
T: 0.404895 Q: -0.000318651
T: 0.462255 Q: -0.000282311
T: 0.501491 Q: 1.00864
T: 0.521412 Q: -0.000245173
T: 0.521412 Q: -0.00193949
T: 0.501491 Q: -0.00110615
T: 0.462255 Q: -0.00121775
T: 0.404895 Q: -0.00169842
T: 0.331155 Q: 1.06936
T: 0.243275 Q: 0.93823
T: 0.143925 Q: 1.11666
T: 0.0361242 Q: 1.93339
T: -0.0768522 Q: -0.00378446
100000/368081
Sec_Event 5108663 N50: 45
T: 0.644796 Q: -0.0467396
T: 0.59511 Q: 1.18218
T: 0.5477 Q: 1.25655
T: 0.504007 Q: 1.35164
T: 0.465357 Q: -0.0504764
T: 0.432927 Q: -0.0488328
T: 0.407701 Q: 2.47206
T: 0.390445 Q: -0.0382135
T: 0.381684 Q: -0.0339141
T: 0.381684 Q: 1.25651
T: 0.390445 Q: 1.12825
T: 0.407701 Q: -0.0219838
T: 0.432927 Q: 0.943277
T: 0.465357 Q: -0.0153116
T: 0.504007 Q: -0.00893016
T: 0.5477 Q: 0.870601
T: 0.59511 Q: -0.0272946
T: 0.644796 Q: 2.20582
T: 0.695249 Q: -0.00848779
T: 0.744935 Q: -0.00592408
T: 0.792345 Q: 3.1027
T: 0.836039 Q: 1.03701
T: 0.874688 Q: -0.0130617
T: 0.907118 Q: -0.0145866
T: 0.932345 Q: 1.68223
T: 0.9496 Q: -0.0177093
T: 0.958361 Q: 1.9708
T: 0.958361 Q: -0.0203649
T: 0.9496 Q: 1.09843
T: 0.932345 Q: 1.37651
T: 0.907118 Q: -0.0200462
T: 0.874688 Q: -0.0320661
T: 0.836039 Q: -0.0302001
T: 0.792345 Q: -0.0342034
T: 0.744935 Q: -0.0410535
T: 0.695249 Q: -0.0523894
Sec_Event 5505572 N50: 31
T: -0.0725707 Q: -0.00547124
T: -0.187415 Q: 1.13177
T: -0.296998 Q: -0.00847216
T: -0.39799 Q: -0.0129405
T: -0.487322 Q: -0.0100287
T: -0.562282 Q: 1.16565
T: -0.620589 Q: -0.00881267
T: -0.660474 Q: 1.03032
T: -0.680724 Q: -0.00812947
T: -0.680724 Q: -0.00792798
T: -0.660474 Q: -0.00872345
T: -0.620589 Q: -0.00907012
T: -0.562282 Q: -0.0128016
T: -0.487322 Q: -0.0224904
T: -0.39799 Q: 0.908622
T: -0.296998 Q: -0.0489031
T: -0.187415 Q: 1.36973
T: -0.0725707 Q: 1.51423
T: 0.044045 Q: -0.0370634
T: 0.158889 Q: -0.0449445
T: 0.268472 Q: 1.37498
T: 0.369464 Q: -0.055534
T: 0.458797 Q: -0.0597387
T: 0.533756 Q: -0.0826842
T: 0.592064 Q: -0.0784272
T: 0.631949 Q: -0.0736839
T: 0.652199 Q: -0.0743231
T: 0.652199 Q: 1.37961
T: 0.631949 Q: 0.996684
T: 0.592064 Q: -0.0236914
T: 0.533756 Q: -0.0175466
T: 0.458797 Q: 1.07812
T: 0.369464 Q: -0.00767029
T: 0.268472 Q: -0.00775476
T: 0.158889 Q: -0.00560817
T: 0.044045 Q: -0.00893009
Sec_Event 5505572 N50: 51
Sec_Event 5505572 N50: 38
T: -0.255858 Q: 1.23484
T: -0.366499 Q: -0.0155581
T: -0.472071 Q: -0.0114424
T: -0.569367 Q: -0.00936375
T: -0.65543 Q: 1.30726
T: -0.727646 Q: 1.57622
T: -0.78382 Q: -0.00464394
T: -0.822245 Q: -0.00482678
T: -0.841754 Q: -0.00485334
T: -0.841754 Q: 1.45127
T: -0.822245 Q: -0.00410477
T: -0.78382 Q: -0.00454004
T: -0.727646 Q: -0.00564393
T: -0.65543 Q: -0.00805466
T: -0.569367 Q: -0.0123581
T: -0.472071 Q: -0.021111
T: -0.366499 Q: 1.11272
T: -0.255858 Q: 2.14862
T: -0.14351 Q: -0.0499365
T: -0.0328693 Q: -0.0577384
T: 0.072703 Q: -0.0517896
T: 0.169999 Q: 1.7318
T: 0.256062 Q: -0.0682776
T: 0.328278 Q: -0.0683558
T: 0.384452 Q: 1.49367
T: 0.422877 Q: -0.0737524
T: 0.442386 Q: -0.0814085
T: 0.442386 Q: -0.0587985
T: 0.422877 Q: 3.11243
T: 0.384452 Q: -0.0323765
T: 0.328278 Q: -0.0282094
T: 0.256062 Q: -0.0167787
T: 0.169999 Q: 1.60713
T: 0.072703 Q: 1.48304
T: -0.0328693 Q: -0.0115395
T: -0.14351 Q: -0.0163083
Sec_Event 5883229 N50: 35
T: -0.156568 Q: -0.0135472
T: -0.270415 Q: -0.0177073
T: -0.379045 Q: 1.28465
T: -0.47916 Q: 2.33858
T: -0.567717 Q: -0.0242946
T: -0.642025 Q: -0.0205888
T: -0.699826 Q: -0.019881
T: -0.739364 Q: -0.0175886
T: -0.759438 Q: -0.0185309
T: -0.759438 Q: -0.0178399
T: -0.739364 Q: -0.018924
T: -0.699826 Q: -0.0273782
T: -0.642025 Q: -0.0234941
T: -0.567717 Q: -0.0255745
T: -0.47916 Q: 1.1892
T: -0.379045 Q: 1.30628
T: -0.270415 Q: -0.0176163
T: -0.156568 Q: -0.0157264
T: -0.040966 Q: -0.0218343
T: 0.0728801 Q: -0.0141601
T: 0.181511 Q: -0.0155407
T: 0.281626 Q: -0.0160908
T: 0.370182 Q: -0.0274774
T: 0.44449 Q: 1.19293
T: 0.502291 Q: -0.0328251
T: 0.54183 Q: -0.0268479
T: 0.561904 Q: -0.0348047
T: 0.561904 Q: -0.0323284
T: 0.54183 Q: 1.1107
T: 0.502291 Q: -0.0247832
T: 0.44449 Q: 1.00065
T: 0.370182 Q: 1.36856
T: 0.281626 Q: -0.0173533
T: 0.181511 Q: 1.29097
T: 0.0728801 Q: -0.0116624
T: -0.040966 Q: -0.0118219
Sec_Event 6102694 N50: 46
T: 0.431184 Q: 1.3423
T: 0.342971 Q: -0.0445253
T: 0.258799 Q: -0.0389429
T: 0.181225 Q: 1.24125
T: 0.112608 Q: -0.0443884
T: 0.0550304 Q: -0.0482979
T: 0.0102433 Q: -0.0446235
T: -0.0203929 Q: -0.043794
T: -0.0359473 Q: 1.29793
T: -0.0359473 Q: -0.0338339
T: -0.0203929 Q: -0.0309116
T: 0.0102433 Q: 1.19988
T: 0.0550304 Q: 1.10852
T: 0.112608 Q: -0.0212815
T: 0.181225 Q: -0.0255164
T: 0.258799 Q: 1.10513
T: 0.342971 Q: 1.071
T: 0.431184 Q: -0.0184728
T: 0.520758 Q: 0.978521
T: 0.608972 Q: -0.0303765
T: 0.693144 Q: -0.023074
T: 0.770717 Q: -0.0381085
T: 0.839335 Q: 2.24943
T: 0.896912 Q: -0.0490579
T: 0.941699 Q: -0.042261
T: 0.972336 Q: 1.19381
T: 0.98789 Q: -0.0361534
T: 0.98789 Q: -0.0355564
T: 0.972336 Q: -0.0364229
T: 0.941699 Q: 1.41431
T: 0.896912 Q: -0.0471585
T: 0.839335 Q: -0.0569833
T: 0.770717 Q: -0.06158
T: 0.693144 Q: -0.0761952
T: 0.608972 Q: -0.0776615
T: 0.520758 Q: -0.0618681
Sec_Event 6102694 N50: 44
T: 0.645947 Q: 0.846132
T: 0.59658 Q: -0.00452188
T: 0.549475 Q: 2.02651
T: 0.506062 Q: -0.00249246
T: 0.467662 Q: 0.940307
T: 0.43544 Q: -0.00598947
T: 0.410376 Q: 1.13972
T: 0.393231 Q: 1.11532
T: 0.384526 Q: -0.00143339
T: 0.384526 Q: -0.00340296
T: 0.393231 Q: 0.988721
T: 0.410376 Q: -0.00193826
T: 0.43544 Q: -0.00230644
T: 0.467662 Q: 1.12366
T: 0.506062 Q: -0.00330547
T: 0.549475 Q: -0.00552827
T: 0.59658 Q: -0.0048559
T: 0.645947 Q: -0.00832088
T: 0.696075 Q: 1.00714
T: 0.745441 Q: 2.76589
T: 0.792547 Q: -0.0337447
T: 0.835959 Q: -0.0653874
T: 0.874359 Q: -0.0389365
T: 0.906581 Q: 2.44536
T: 0.931645 Q: -0.0349677
T: 0.94879 Q: -0.0303289
T: 0.957495 Q: 2.5718
T: 0.957495 Q: -0.0297168
T: 0.94879 Q: 1.07948
T: 0.931645 Q: -0.0344504
T: 0.906581 Q: 1.31232
T: 0.874359 Q: 0.796354
T: 0.835959 Q: 0.75042
T: 0.792547 Q: -0.0291097
T: 0.745441 Q: -0.0202981
T: 0.696075 Q: 0.833156
Sec_Event 6751092 N50: 33
T: 0.176694 Q: -0.0422903
T: 0.0675742 Q: -0.0604916
T: -0.0365464 Q: -0.0557929
T: -0.132504 Q: 3.02097
T: -0.217384 Q: -0.0653243
T: -0.288607 Q: -0.0732229
T: -0.344008 Q: -0.0585875
T: -0.381905 Q: -0.0737992
T: -0.401146 Q: -0.0935611
T: -0.401146 Q: -0.0670527
T: -0.381905 Q: -0.0525927
T: -0.344008 Q: -0.0470542
T: -0.288607 Q: -0.0330701
T: -0.217384 Q: 2.2308
T: -0.132504 Q: -0.0258601
T: -0.0365464 Q: -0.0253954
T: 0.0675742 Q: -0.0229783
T: 0.176694 Q: -0.0124465
T: 0.287496 Q: 0.731555
T: 0.396616 Q: -0.00567613
T: 0.500736 Q: 0.894503
T: 0.596695 Q: -0.00602707
T: 0.681574 Q: -0.000827348
T: 0.752797 Q: -0.000578108
T: 0.808199 Q: -0.000546266
T: 0.846095 Q: -0.00026279
T: 0.865336 Q: -0.000544467
T: 0.865336 Q: -0.000471693
T: 0.846095 Q: -0.000897458
T: 0.752797 Q: 1.38025
T: 0.681574 Q: -0.00092229
T: 0.596695 Q: -0.00117347
T: 0.500736 Q: 1.00168
T: 0.396616 Q: -0.00433849
T: 0.287496 Q: -0.00984183
Sec_Event 7049680 N50: 32
T: 0.530208 Q: 1.08227
T: 0.456107 Q: 1.02051
T: 0.385401 Q: -0.00428462
T: 0.320238 Q: -0.00604421
T: 0.262598 Q: 1.14328
T: 0.214232 Q: -0.00562108
T: 0.17661 Q: -0.005787
T: 0.150875 Q: -0.0112904
T: 0.137809 Q: 1.07843
T: 0.137809 Q: -0.00825818
T: 0.150875 Q: 1.14613
T: 0.17661 Q: -0.0128834
T: 0.214232 Q: -0.0160484
T: 0.262598 Q: -0.0164355
T: 0.320238 Q: -0.0195011
T: 0.385401 Q: 1.22667
T: 0.456107 Q: -0.0281403
T: 0.530208 Q: -0.0372794
T: 0.605451 Q: 3.77646
T: 0.679552 Q: -0.0447796
T: 0.750258 Q: 2.74298
T: 0.815421 Q: -0.038418
T: 0.873061 Q: -0.0356712
T: 0.921427 Q: 1.18743
T: 0.959049 Q: -0.0215251
T: 0.984784 Q: -0.0234788
T: 0.99785 Q: -0.0225781
T: 0.99785 Q: -0.0233524
T: 0.984784 Q: -0.0274391
T: 0.959049 Q: -0.0237109
T: 0.921427 Q: 1.97071
T: 0.873061 Q: -0.0277967
T: 0.815421 Q: 1.03076
T: 0.750258 Q: -0.0120474
T: 0.679552 Q: -0.00869113
T: 0.605451 Q: -0.00991086
Sec_Event 7049680 N50: 33
T: 0.730127 Q: 1.0804
T: 0.715845 Q: -0.00991855
T: 0.702218 Q: -0.00793937
T: 0.689659 Q: -0.0136518
T: 0.678549 Q: -0.013066
T: 0.669228 Q: 1.27323
T: 0.661977 Q: -0.0155606
T: 0.657016 Q: 1.2173
T: 0.654498 Q: -0.0194713
T: 0.654498 Q: 2.56648
T: 0.657016 Q: -0.0239003
T: 0.661977 Q: 1.3042
T: 0.669228 Q: -0.0352189
T: 0.678549 Q: 1.04685
T: 0.689659 Q: -0.0432032
T: 0.702218 Q: 1.19298
T: 0.715845 Q: -0.041137
T: 0.730127 Q: 1.30851
T: 0.744629 Q: -0.0473092
T: 0.758911 Q: 3.80708
T: 0.772539 Q: -0.0404672
T: 0.785098 Q: 1.55985
T: 0.796207 Q: -0.0361444
T: 0.805529 Q: -0.0423417
T: 0.81278 Q: 1.24221
T: 0.81774 Q: -0.0357883
T: 0.820258 Q: -0.0330864
T: 0.820258 Q: 1.07484
T: 0.81774 Q: -0.0304649
T: 0.81278 Q: 1.40948
T: 0.805529 Q: -0.0184937
T: 0.796207 Q: 0.915681
T: 0.785098 Q: -0.0276704
T: 0.772539 Q: -0.0152484
T: 0.758911 Q: -0.0129
T: 0.744629 Q: -0.0104796
Sec_Event 7148669 N50: 39
T: -0.245548 Q: 1.28287
T: -0.35663 Q: 1.441
T: -0.462623 Q: 1.20202
T: -0.560307 Q: 1.12807
T: -0.646714 Q: 1.08488
T: -0.719218 Q: -0.0202009
T: -0.775616 Q: 1.14842
T: -0.814194 Q: 2.52366
T: -0.833781 Q: -0.0178018
T: -0.833781 Q: 1.28842
T: -0.814194 Q: -0.0211568
T: -0.775616 Q: -0.0234737
T: -0.719218 Q: -0.0280671
T: -0.646714 Q: -0.0365942
T: -0.560307 Q: 1.1824
T: -0.462623 Q: -0.0448923
T: -0.35663 Q: -0.042058
T: -0.245548 Q: -0.0407451
T: -0.132752 Q: -0.0359752
T: -0.0216697 Q: -0.0369666
T: 0.0843237 Q: 2.68988
T: 0.182008 Q: -0.0400093
T: 0.268414 Q: -0.0387604
T: 0.340918 Q: -0.0401096
T: 0.397316 Q: -0.0423638
T: 0.435894 Q: 1.24623
T: 0.455481 Q: 1.38236
T: 0.455481 Q: 2.69169
T: 0.435894 Q: 1.24575
T: 0.397316 Q: -0.0196098
T: 0.340918 Q: -0.0247621
T: 0.268414 Q: -0.0129077
T: 0.182008 Q: -0.0145545
T: 0.0843237 Q: -0.0082401
T: -0.0216697 Q: -0.00773693
T: -0.132752 Q: -0.00778417
Sec_Event 7243552 N50: 37
T: -0.737976 Q: 2.24842
T: -0.763026 Q: -0.0275767
T: -0.786928 Q: -0.0266958
T: -0.808957 Q: -0.0326601
T: -0.828442 Q: 1.47353
T: -0.844792 Q: -0.0189819
T: -0.85751 Q: -0.0178934
T: -0.86621 Q: -0.0168713
T: -0.870627 Q: -0.014504
T: -0.870627 Q: -0.0119524
T: -0.86621 Q: 1.13281
T: -0.85751 Q: 0.951873
T: -0.844792 Q: -0.00793738
T: -0.828442 Q: -0.0127778
T: -0.808957 Q: -0.00687216
T: -0.786928 Q: -0.00755855
T: -0.763026 Q: -0.00747169
T: -0.737976 Q: 1.217
T: -0.71254 Q: 0.984643
T: -0.68749 Q: 1.21423
T: -0.663588 Q: 1.11775
T: -0.641559 Q: 1.20396
T: -0.622074 Q: -0.0111136
T: -0.605724 Q: -0.0139713
T: -0.593006 Q: -0.0203642
T: -0.584306 Q: 1.11539
T: -0.579889 Q: -0.024759
T: -0.579889 Q: 1.43663
T: -0.584306 Q: -0.0351327
T: -0.593006 Q: 2.57132
T: -0.605724 Q: 1.18015
T: -0.622074 Q: -0.0415254
T: -0.641559 Q: -0.0398226
T: -0.663588 Q: 1.19605
T: -0.68749 Q: -0.0443815
T: -0.71254 Q: 1.29758
 Incomplete 
Sec_Event 7825502 N50: 34
T: -0.535944 Q: -0.00493504
T: -0.621996 Q: 1.85489
T: -0.704106 Q: -0.0047205
T: -0.779779 Q: -0.00271281
T: -0.846715 Q: -0.00189374
T: -0.902882 Q: 1.10191
T: -0.946571 Q: 1.25564
T: -0.976457 Q: 1.14962
T: -0.99163 Q: -0.00136865
T: -0.99163 Q: -0.00117387
T: -0.976457 Q: 1.1619
T: -0.946571 Q: 1.07634
T: -0.902882 Q: -0.00161313
T: -0.846715 Q: 0.948639
T: -0.779779 Q: -0.00235483
T: -0.704106 Q: -0.00432063
T: -0.621996 Q: -0.00487809
T: -0.535944 Q: -0.00559068
T: -0.448565 Q: 1.09946
T: -0.362513 Q: -0.00399042
T: -0.280403 Q: -0.00293915
T: -0.204731 Q: -0.00340722
T: -0.137794 Q: 1.18825
T: -0.0816278 Q: -0.00268688
T: -0.0379381 Q: 1.0354
T: -0.00805263 Q: -0.00264106
T: 0.00712063 Q: -0.00449851
T: 0.00712063 Q: -0.00222944
T: -0.00805263 Q: -0.00365666
T: -0.0379381 Q: -0.00198997
T: -0.0816278 Q: 0.969602
T: -0.137794 Q: -0.00242704
T: -0.204731 Q: -0.0023119
T: -0.280403 Q: -0.00353603
T: -0.362513 Q: -0.00342235
T: -0.448565 Q: -0.00364469
Sec_Event 8127690 N50: 36
T: -0.178187 Q: -0.00549465
T: -0.291528 Q: 1.06757
T: -0.399678 Q: 1.13603
T: -0.499348 Q: -0.00576024
T: -0.587512 Q: -0.00516253
T: -0.661491 Q: 2.32294
T: -0.719036 Q: -0.00302397
T: -0.758399 Q: -0.00204446
T: -0.778384 Q: 1.08189
T: -0.778384 Q: -0.00207884
T: -0.758399 Q: -0.00393893
T: -0.719036 Q: -0.00183241
T: -0.661491 Q: 1.12878
T: -0.587512 Q: 1.28361
T: -0.499348 Q: 1.0846
T: -0.399678 Q: 1.18436
T: -0.291528 Q: 1.22353
T: -0.178187 Q: -0.000777716
T: -0.0630971 Q: 1.48619
T: 0.0502444 Q: 1.38863
T: 0.158394 Q: 2.97393
T: 0.258064 Q: 1.45368
T: 0.346228 Q: 1.49467
T: 0.420207 Q: 1.8768
T: 0.477752 Q: 2.71684
T: 0.517115 Q: 2.84338
T: 0.5371 Q: -0.00572411
T: 0.5371 Q: -0.00358666
T: 0.517115 Q: -0.00398772
T: 0.477752 Q: -0.00437218
T: 0.420207 Q: 1.05339
T: 0.346228 Q: 1.12611
T: 0.258064 Q: -0.00631882
T: 0.158394 Q: -0.00411465
T: 0.0502444 Q: -0.00681388
T: -0.0630971 Q: 1.20429
Sec_Event 8127690 N50: 38
T: 0.578811 Q: 2.10164
T: 0.513629 Q: -0.0014779
T: 0.451433 Q: 1.10044
T: 0.394113 Q: 1.18984
T: 0.343411 Q: 1.01857
T: 0.300867 Q: -0.00303962
T: 0.267773 Q: -0.00311883
T: 0.245135 Q: -0.00175414
T: 0.233642 Q: 2.03249
T: 0.233642 Q: 0.965276
T: 0.245135 Q: -0.0025516
T: 0.267773 Q: -0.00364443
T: 0.300867 Q: 0.954468
T: 0.343411 Q: -0.00803305
T: 0.394113 Q: -0.00783293
T: 0.451433 Q: -0.0124111
T: 0.513629 Q: -0.0162001
T: 0.578811 Q: -0.0235132
T: 0.644998 Q: -0.0340041
T: 0.71018 Q: 0.863003
T: 0.772376 Q: 2.05169
T: 0.829695 Q: 2.38847
T: 0.880398 Q: -0.0722587
T: 0.922942 Q: -0.0597193
T: 0.956036 Q: -0.0489452
T: 0.978673 Q: -0.0505906
T: 0.990167 Q: -0.0478294
T: 0.990167 Q: -0.0500217
T: 0.978673 Q: 1.39681
T: 0.956036 Q: 0.734197
T: 0.922942 Q: -0.033124
T: 0.880398 Q: -0.0206482
T: 0.829695 Q: -0.0070983
T: 0.772376 Q: 1.05334
T: 0.71018 Q: -0.00439365
T: 0.644998 Q: -0.00357182
Sec_Event 8599748 N50: 33
T: -0.136619 Q: -0.00299167
T: -0.250839 Q: 1.23324
T: -0.359827 Q: 1.16777
T: -0.460271 Q: 0.922688
T: -0.549119 Q: -0.00546009
T: -0.623671 Q: -0.00368039
T: -0.681662 Q: 0.91713
T: -0.72133 Q: -0.00501126
T: -0.741471 Q: 1.07371
T: -0.741471 Q: -0.00398629
T: -0.72133 Q: 1.05343
T: -0.681662 Q: 1.09384
T: -0.623671 Q: -0.00342517
T: -0.549119 Q: -0.00235615
T: -0.460271 Q: -0.00439833
T: -0.359827 Q: 2.18086
T: -0.250839 Q: -0.00122515
T: -0.136619 Q: -0.0011263
T: -0.0206364 Q: 1.00182
T: 0.093584 Q: -0.00103723
T: 0.202572 Q: -0.000697889
T: 0.303016 Q: 1.40786
T: 0.391863 Q: 1.27727
T: 0.466415 Q: -0.00226458
T: 0.524407 Q: -0.00128445
T: 0.564075 Q: -0.000958826
T: 0.584215 Q: -0.000925764
T: 0.584215 Q: 2.48897
T: 0.564075 Q: -0.00129507
T: 0.524407 Q: 1.16041
T: 0.466415 Q: -0.00163973
T: 0.391863 Q: -0.00165565
T: 0.303016 Q: 1.09113
T: 0.202572 Q: -0.00236589
T: 0.093584 Q: -0.00245004
T: -0.0206364 Q: -0.00196244
Sec_Event 8599748 N50: 27
T: -0.322781 Q: 0.946883
T: -0.429893 Q: 2.18946
T: -0.532098 Q: -0.00266012
T: -0.626291 Q: -0.00337462
T: -0.709609 Q: -0.00430955
T: -0.779522 Q: -0.00572223
T: -0.833904 Q: -0.00912009
T: -0.871103 Q: -0.0163733
T: -0.88999 Q: -0.036726
T: -0.88999 Q: -0.040609
T: -0.871103 Q: -0.0424335
T: -0.833904 Q: 1.01463
T: -0.779522 Q: 0.818927
T: -0.709609 Q: -0.0459402
T: -0.626291 Q: -0.0275981
T: -0.532098 Q: -0.0301094
T: -0.429893 Q: -0.0264516
T: -0.322781 Q: 0.827021
T: -0.214017 Q: 0.853151
T: -0.106905 Q: -0.0145189
T: -0.00470028 Q: 0.888026
T: 0.0894923 Q: -0.00972583
T: 0.172811 Q: -0.00794787
T: 0.242723 Q: 1.03572
T: 0.297105 Q: -0.00512597
T: 0.334305 Q: 0.715769
T: 0.353191 Q: 0.865662
T: 0.353191 Q: 0.908153
T: 0.334305 Q: -0.00242941
T: 0.297105 Q: 0.866004
T: 0.242723 Q: 0.861627
T: 0.172811 Q: -0.00149388
T: 0.0894923 Q: -0.0012093
T: -0.00470028 Q: -0.00120372
T: -0.106905 Q: -0.000996095
T: -0.214017 Q: -0.00325809
Sec_Event 9097322 N50: 33
T: 0.352865 Q: -0.00717947
T: 0.256249 Q: -0.0234066
T: 0.164059 Q: 0.851958
T: 0.0790958 Q: -0.0331286
T: 0.00394159 Q: -0.0291557
T: -0.0591203 Q: -0.0247473
T: -0.108174 Q: -0.0249509
T: -0.141728 Q: 1.11692
T: -0.158764 Q: -0.0227965
T: -0.158764 Q: -0.013539
T: -0.141728 Q: 1.09417
T: -0.108174 Q: 1.06383
T: -0.0591203 Q: -0.00602442
T: 0.00394159 Q: -0.00421892
T: 0.0790958 Q: 0.70579
T: 0.164059 Q: -0.00332104
T: 0.256249 Q: -0.00336073
T: 0.352865 Q: 2.43453
T: 0.450972 Q: -0.00216805
T: 0.547589 Q: 0.926351
T: 0.639779 Q: 0.999326
T: 0.724742 Q: -0.00157634
T: 0.862958 Q: 1.18908
T: 0.912011 Q: -0.00029612
T: 0.945566 Q: 1.44397
T: 0.962602 Q: -0.000396314
T: 0.945566 Q: 1.48692
T: 0.912011 Q: -0.000297765
T: 0.862958 Q: -0.000322031
T: 0.799896 Q: -0.00353167
T: 0.724742 Q: -0.000961339
T: 0.639779 Q: 1.20361
T: 0.547589 Q: -0.00218801
T: 0.450972 Q: 0.917581
Sec_Event 9228017 N50: 43
T: 0.391572 Q: -0.0101787
T: 0.298851 Q: 0.914127
T: 0.210378 Q: 1.84429
T: 0.12884 Q: -0.032223
T: 0.0567164 Q: -0.0371035
T: -0.00380279 Q: -0.0348877
T: -0.0508784 Q: -0.037379
T: -0.08308 Q: -0.0432119
T: -0.0994292 Q: 1.24307
T: -0.0994292 Q: -0.0577839
T: -0.08308 Q: -0.0502217
T: -0.0508784 Q: -0.0556272
T: -0.00380279 Q: 2.94907
T: 0.0567164 Q: 2.68529
T: 0.12884 Q: -0.0470329
T: 0.210378 Q: 0.770051
T: 0.298851 Q: 0.832777
T: 0.391572 Q: -0.0147685
T: 0.485723 Q: -0.00850556
T: 0.578444 Q: 0.994192
T: 0.666917 Q: -0.00259782
T: 0.748454 Q: -0.00243141
T: 0.820578 Q: -0.00269768
T: 0.881097 Q: 1.18624
T: 0.928173 Q: -0.00103966
T: 0.960375 Q: -0.00153656
T: 0.976724 Q: 1.04448
T: 0.976724 Q: -0.00151196
T: 0.960375 Q: 1.1505
T: 0.928173 Q: 1.22646
T: 0.881097 Q: -0.00180317
T: 0.820578 Q: 1.28914
T: 0.748454 Q: 1.01287
T: 0.666917 Q: -0.00409458
T: 0.578444 Q: 0.915793
T: 0.485723 Q: -0.00525441
Sec_Event 9252621 N50: 34
T: -0.190656 Q: -0.0274595
T: -0.303658 Q: -0.035847
T: -0.411484 Q: -0.0388172
T: -0.510857 Q: -0.041516
T: -0.598758 Q: -0.0569434
T: -0.672515 Q: 1.29801
T: -0.729888 Q: -0.085393
T: -0.769133 Q: -0.0863099
T: -0.789059 Q: -0.0819896
T: -0.789059 Q: -0.0715357
T: -0.769133 Q: -0.073024
T: -0.729888 Q: 1.31814
T: -0.672515 Q: -0.0769875
T: -0.598758 Q: -0.0547854
T: -0.510857 Q: -0.043048
T: -0.411484 Q: -0.0491558
T: -0.303658 Q: -0.0331483
T: -0.190656 Q: 1.54814
T: -0.0759098 Q: -0.031879
T: 0.0370928 Q: 1.19582
T: 0.144919 Q: -0.0275174
T: 0.244292 Q: 0.831135
T: 0.332192 Q: 0.790629
T: 0.405949 Q: 1.85726
T: 0.463322 Q: -0.0112541
T: 0.502568 Q: -0.00958487
T: 0.522493 Q: -0.00768525
T: 0.522493 Q: -0.00890617
T: 0.502568 Q: -0.00996522
T: 0.463322 Q: -0.0128121
T: 0.405949 Q: 0.920094
T: 0.332192 Q: 0.674609
T: 0.244292 Q: -0.0308974
T: 0.144919 Q: -0.0315377
T: 0.0370928 Q: 2.85677
T: -0.0759098 Q: 1.09719
200000/368081
Sec_Event 9989544 N50: 28
T: 0.284569 Q: -0.0293807
T: 0.182159 Q: -0.0304799
T: 0.0844411 Q: -0.0336792
T: -0.00561659 Q: -0.0294368
T: -0.0852773 Q: -0.0349631
T: -0.152121 Q: -0.0296167
T: -0.204115 Q: -0.0320984
T: -0.239682 Q: -0.029905
T: -0.25774 Q: -0.0330454
T: -0.25774 Q: -0.0235925
T: -0.239682 Q: 1.34865
T: -0.204115 Q: -0.0215106
T: -0.152121 Q: -0.0229201
T: -0.0852773 Q: -0.0172523
T: -0.00561659 Q: 0.969064
T: 0.0844411 Q: -0.0194065
T: 0.182159 Q: -0.0113292
T: 0.284569 Q: -0.0146148
T: 0.388559 Q: -0.0220674
T: 0.490969 Q: -0.0182425
T: 0.588687 Q: 0.918677
T: 0.678745 Q: 3.68375
T: 0.758405 Q: -0.00659963
T: 0.825249 Q: -0.00563764
T: 0.877244 Q: 0.982255
T: 0.91281 Q: -0.00423507
T: 0.930868 Q: -0.00392886
T: 0.930868 Q: -0.00583964
T: 0.91281 Q: -0.00449819
T: 0.877244 Q: 0.967425
T: 0.825249 Q: -0.0044111
T: 0.758405 Q: -0.00750271
T: 0.678745 Q: -0.00935072
T: 0.588687 Q: -0.0191497
T: 0.490969 Q: 0.865434
T: 0.388559 Q: 0.864873
Sec_Event 9989544 N50: 28
T: 0.54235 Q: -0.0250884
T: 0.470328 Q: -0.0304273
T: 0.401605 Q: 1.56413
T: 0.33827 Q: -0.0305994
T: 0.282247 Q: -0.037975
T: 0.235238 Q: -0.0344154
T: 0.198671 Q: -0.0339507
T: 0.173658 Q: 1.46571
T: 0.160959 Q: -0.0574491
T: 0.160959 Q: -0.0220569
T: 0.173658 Q: 1.42021
T: 0.198671 Q: -0.0225935
T: 0.235238 Q: -0.0189368
T: 0.282247 Q: -0.0151695
T: 0.33827 Q: 1.1954
T: 0.401605 Q: -0.0137737
T: 0.470328 Q: -0.0157811
T: 0.54235 Q: -0.0142077
T: 0.615483 Q: 1.01552
T: 0.687505 Q: -0.007306
T: 0.756227 Q: -0.00759278
T: 0.819562 Q: -0.00719268
T: 0.875585 Q: -0.00558327
T: 0.922595 Q: 1.49675
T: 0.959161 Q: -0.00545168
T: 0.984174 Q: -0.00596579
T: 0.996873 Q: -0.0040089
T: 0.996873 Q: -0.00331092
T: 0.984174 Q: -0.00592475
T: 0.959161 Q: 1.10184
T: 0.922595 Q: -0.00359221
T: 0.875585 Q: -0.00505367
T: 0.819562 Q: -0.00629213
T: 0.756227 Q: 1.16973
T: 0.687505 Q: -0.0114853
T: 0.615483 Q: -0.0176731
Sec_Event 9996964 N50: 27
T: -0.553938 Q: -0.0373996
T: -0.637244 Q: -0.0322901
T: -0.716734 Q: -0.0495162
T: -0.789993 Q: 1.1141
T: -0.854793 Q: -0.0738728
T: -0.909168 Q: -0.0636475
T: -0.951463 Q: -0.0526484
T: -0.980395 Q: 1.28642
T: -0.995085 Q: 1.26592
T: -0.995085 Q: -0.0538681
T: -0.980395 Q: -0.0533269
T: -0.951463 Q: -0.0539017
T: -0.909168 Q: -0.0718171
T: -0.854793 Q: 2.28451
T: -0.789993 Q: -0.0712413
T: -0.716734 Q: -0.0430648
T: -0.637244 Q: -0.031003
T: -0.553938 Q: -0.0265546
T: -0.469347 Q: -0.0360324
T: -0.38604 Q: -0.0246664
T: -0.306551 Q: 1.13272
T: -0.233292 Q: 1.02171
T: -0.168491 Q: -0.0242592
T: -0.114117 Q: -0.0231471
T: -0.0718214 Q: -0.0207505
T: -0.0428895 Q: -0.027843
T: -0.0282003 Q: -0.0253178
T: -0.0282003 Q: -0.0231033
T: -0.0428895 Q: -0.0238859
T: -0.0718214 Q: -0.023912
T: -0.114117 Q: -0.0228931
T: -0.168491 Q: -0.0233172
T: -0.233292 Q: 2.22864
T: -0.306551 Q: 1.25062
T: -0.38604 Q: -0.0246157
T: -0.469347 Q: -0.0282522
Sec_Event 9996964 N50: 41
T: 0.425895 Q: 0.754187
T: 0.337047 Q: -0.00746057
T: 0.252269 Q: 0.646003
T: 0.174138 Q: -0.0157036
T: 0.105026 Q: 0.665868
T: 0.047035 Q: -0.0196199
T: 0.00192568 Q: 1.98744
T: -0.0289309 Q: -0.0229341
T: -0.0445972 Q: 2.66258
T: -0.0445972 Q: -0.0465263
T: -0.0289309 Q: -0.019265
T: 0.00192568 Q: -0.0224505
T: 0.047035 Q: 0.527735
T: 0.105026 Q: 2.28396
T: 0.174138 Q: -0.0154156
T: 0.252269 Q: 0.712156
T: 0.337047 Q: 1.49839
T: 0.425895 Q: -0.00249402
T: 0.516114 Q: -0.00292566
T: 0.604962 Q: 0.808128
T: 0.689739 Q: -0.000514365
T: 0.767871 Q: -0.000553833
T: 0.836982 Q: 1.09953
T: 0.894974 Q: -0.000313413
T: 0.940083 Q: -0.000272519
T: 0.97094 Q: 1.20071
T: 0.986606 Q: -0.000482223
T: 0.97094 Q: 1.14281
T: 0.894974 Q: 1.32092
T: 0.836982 Q: 1.0788
T: 0.767871 Q: -0.000744596
T: 0.689739 Q: 0.897514
T: 0.604962 Q: 1.11026
T: 0.516114 Q: 0.675098
Sec_Event 10136461 N50: 36
T: -0.387416 Q: -0.00216928
T: -0.489919 Q: 1.22441
T: -0.587727 Q: 2.01732
T: -0.677866 Q: -0.00402406
T: -0.7576 Q: 0.969688
T: -0.824504 Q: -0.0135016
T: -0.876546 Q: -0.0227213
T: -0.912145 Q: 0.860685
T: -0.930219 Q: 0.915678
T: -0.930219 Q: -0.0589974
T: -0.912145 Q: -0.0672178
T: -0.876546 Q: -0.0674586
T: -0.824504 Q: 1.02967
T: -0.7576 Q: 1.16567
T: -0.677866 Q: 3.58937
T: -0.587727 Q: -0.0312951
T: -0.489919 Q: 1.35917
T: -0.387416 Q: -0.020175
T: -0.283332 Q: -0.0272206
T: -0.180829 Q: -0.0184204
T: -0.0830218 Q: -0.0150277
T: 0.00711788 Q: 1.71681
T: 0.0868511 Q: 2.4789
T: 0.153755 Q: -0.0086791
T: 0.205797 Q: -0.00443031
T: 0.241396 Q: -0.0053004
T: 0.25947 Q: 1.17987
T: 0.25947 Q: 1.19823
T: 0.241396 Q: 1.56017
T: 0.205797 Q: -0.00324571
T: 0.153755 Q: -0.00205262
T: 0.0868511 Q: -0.00176458
T: 0.00711788 Q: 1.07779
T: -0.0830218 Q: 1.19216
T: -0.180829 Q: -0.00222536
T: -0.283332 Q: -0.00273825
Sec_Event 10302341 N50: 29
T: -0.541867 Q: 2.67605
T: -0.627038 Q: -0.0182849
T: -0.708308 Q: -0.0214948
T: -0.783206 Q: 1.31389
T: -0.849457 Q: 1.28113
T: -0.905049 Q: -0.0137871
T: -0.948292 Q: -0.0143453
T: -0.977871 Q: 1.30793
T: -0.992889 Q: -0.0125466
T: -0.992889 Q: 2.79481
T: -0.977871 Q: -0.0128692
T: -0.948292 Q: -0.0150723
T: -0.905049 Q: 1.45698
T: -0.849457 Q: 1.363
T: -0.783206 Q: -0.0235635
T: -0.708308 Q: -0.0296928
T: -0.627038 Q: -0.0309758
T: -0.541867 Q: 1.31116
T: -0.455382 Q: -0.0224159
T: -0.370211 Q: 1.32354
T: -0.288941 Q: -0.0268166
T: -0.214043 Q: -0.022445
T: -0.147791 Q: -0.0177368
T: -0.0921997 Q: 1.63217
T: -0.0489572 Q: -0.0181889
T: -0.0193775 Q: -0.0201524
T: -0.00435952 Q: -0.0105311
T: -0.00435952 Q: -0.0160461
T: -0.0193775 Q: 1.39508
T: -0.0489572 Q: -0.0110497
T: -0.0921997 Q: -0.00956868
T: -0.147791 Q: -0.0114153
T: -0.214043 Q: -0.0108811
T: -0.288941 Q: -0.0113376
T: -0.370211 Q: -0.0134129
T: -0.455382 Q: 1.41271
Sec_Event 10574506 N50: 45
T: -0.00107486 Q: -0.0240141
T: -0.115601 Q: -0.0209795
T: -0.22488 Q: -0.0208373
T: -0.325593 Q: 1.22235
T: -0.414678 Q: 2.52266
T: -0.489429 Q: 2.68213
T: -0.547576 Q: -0.0256931
T: -0.58735 Q: 2.34061
T: -0.607544 Q: 1.01892
T: -0.607544 Q: 1.06821
T: -0.58735 Q: -0.00878132
T: -0.547576 Q: -0.00721228
T: -0.489429 Q: 1.22986
T: -0.414678 Q: -0.00365734
T: -0.325593 Q: -0.00419997
T: -0.22488 Q: -0.00221002
T: -0.115601 Q: 1.1163
T: -0.00107486 Q: 1.57364
T: 0.115218 Q: 2.75129
T: 0.229744 Q: -0.00525678
T: 0.339023 Q: -0.0041401
T: 0.439736 Q: 2.40743
T: 0.528821 Q: -0.00526562
T: 0.603572 Q: 2.18589
T: 0.661719 Q: 1.92303
T: 0.701493 Q: -0.0165055
T: 0.721687 Q: -0.0161553
T: 0.721687 Q: -0.0193784
T: 0.701493 Q: -0.0236375
T: 0.661719 Q: -0.0224235
T: 0.603572 Q: 2.54379
T: 0.528821 Q: -0.0249731
T: 0.439736 Q: 1.29099
T: 0.339023 Q: -0.0243527
T: 0.229744 Q: -0.0231803
T: 0.115218 Q: 2.76911
Sec_Event 10611615 N50: 26
T: -0.528783 Q: -0.0372147
T: -0.615871 Q: -0.0411151
T: -0.69897 Q: -0.0493062
T: -0.775554 Q: -0.0709427
T: -0.843296 Q: -0.077511
T: -0.900139 Q: -0.0596761
T: -0.944355 Q: -0.0496254
T: -0.9746 Q: -0.0497554
T: -0.989956 Q: -0.0495206
T: -0.989956 Q: 2.96285
T: -0.9746 Q: -0.0467535
T: -0.944355 Q: -0.0624546
T: -0.900139 Q: 1.54761
T: -0.843296 Q: -0.073074
T: -0.775554 Q: -0.066376
T: -0.69897 Q: 1.37245
T: -0.615871 Q: -0.0351064
T: -0.528783 Q: 1.20406
T: -0.440352 Q: -0.0364473
T: -0.353264 Q: -0.0231066
T: -0.270166 Q: -0.0247004
T: -0.193582 Q: -0.0269498
T: -0.125839 Q: 1.29303
T: -0.0689965 Q: 1.18142
T: -0.0247808 Q: -0.0303889
T: 0.00546458 Q: -0.0316015
T: 0.0208205 Q: -0.0278697
T: 0.0208205 Q: -0.0271022
T: 0.00546458 Q: -0.0311042
T: -0.0247808 Q: -0.0469679
T: -0.0689965 Q: 1.25948
T: -0.125839 Q: -0.0325032
T: -0.193582 Q: 1.46093
T: -0.270166 Q: 1.59631
T: -0.353264 Q: 1.34696
T: -0.440352 Q: 1.26139
Sec_Event 10611615 N50: 34
T: -0.276064 Q: -0.0140836
T: -0.385763 Q: -0.016841
T: -0.490436 Q: -0.0266849
T: -0.586904 Q: 1.38769
T: -0.672234 Q: -0.0298626
T: -0.743835 Q: -0.0492994
T: -0.79953 Q: -0.0698455
T: -0.837628 Q: 2.69992
T: -0.856971 Q: -0.0735779
T: -0.856971 Q: -0.0753249
T: -0.837628 Q: -0.0681985
T: -0.79953 Q: 1.46967
T: -0.743835 Q: -0.0797726
T: -0.672234 Q: 1.25471
T: -0.586904 Q: 1.63853
T: -0.490436 Q: -0.0448194
T: -0.385763 Q: -0.0435142
T: -0.276064 Q: 1.28629
T: -0.164673 Q: -0.0521572
T: -0.0549743 Q: 1.34377
T: 0.049699 Q: 1.37261
T: 0.146167 Q: -0.0274831
T: 0.231497 Q: 0.712779
T: 0.303098 Q: 0.841696
T: 0.358793 Q: 1.57098
T: 0.396891 Q: -0.0138076
T: 0.416234 Q: -0.00792473
T: 0.416234 Q: -0.00985277
T: 0.396891 Q: 1.02695
T: 0.358793 Q: -0.01301
T: 0.303098 Q: -0.0120649
T: 0.231497 Q: 1.21658
T: 0.146167 Q: 2.8071
T: 0.049699 Q: -0.011241
T: -0.0549743 Q: -0.0130702
T: -0.164673 Q: 1.19446
Sec_Event 10611615 N50: 25
T: 0.283578 Q: -0.0114625
T: 0.181094 Q: -0.0117585
T: 0.0833042 Q: 1.02228
T: -0.0068192 Q: -0.0187082
T: -0.086538 Q: 1.36645
T: -0.15343 Q: -0.0167867
T: -0.205463 Q: -0.0199644
T: -0.241055 Q: -0.0219892
T: -0.259126 Q: 1.16107
T: -0.259126 Q: -0.023679
T: -0.241055 Q: -0.0328589
T: -0.205463 Q: 1.06635
T: -0.15343 Q: 1.10596
T: -0.086538 Q: -0.0424116
T: -0.0068192 Q: -0.0257564
T: 0.0833042 Q: 1.15577
T: 0.181094 Q: -0.0259703
T: 0.283578 Q: 0.646121
T: 0.387644 Q: -0.0100364
T: 0.490128 Q: -0.00547946
T: 0.587918 Q: -0.00272716
T: 0.678041 Q: -0.00218186
T: 0.75776 Q: -0.000662747
T: 0.824652 Q: -0.00174106
T: 0.876685 Q: 1.01071
T: 0.912277 Q: 1.14965
T: 0.930348 Q: 1.17726
T: 0.930348 Q: -0.00162115
T: 0.912277 Q: -0.00108004
T: 0.876685 Q: -0.00118193
T: 0.824652 Q: -0.00169233
T: 0.75776 Q: -0.00129286
T: 0.678041 Q: -0.00315705
T: 0.587918 Q: -0.00333425
T: 0.490128 Q: -0.0063517
T: 0.387644 Q: -0.00918401
Sec_Event 10611615 N50: 33
T: -0.497577 Q: -0.0138065
T: -0.588843 Q: -0.0162703
T: -0.675927 Q: -0.0177948
T: -0.756185 Q: -0.0269063
T: -0.827177 Q: -0.0289081
T: -0.886747 Q: -0.0625939
T: -0.933083 Q: -0.0611674
T: -0.96478 Q: -0.044334
T: -0.980872 Q: 1.35197
T: -0.980872 Q: -0.0498646
T: -0.96478 Q: -0.0475705
T: -0.933083 Q: -0.0530746
T: -0.886747 Q: -0.0606967
T: -0.827177 Q: -0.0730001
T: -0.756185 Q: -0.0688421
T: -0.675927 Q: -0.0485091
T: -0.588843 Q: -0.0395473
T: -0.497577 Q: -0.0299049
T: -0.404903 Q: 1.07924
T: -0.313638 Q: 4.10568
T: -0.226553 Q: -0.0228441
T: -0.146295 Q: 1.1081
T: -0.075303 Q: -0.0179624
T: -0.0157336 Q: 1.39145
T: 0.0306032 Q: -0.018538
T: 0.0622995 Q: -0.0163918
T: 0.0783921 Q: 2.21544
T: 0.0783921 Q: -0.00870514
T: 0.0622995 Q: -0.0095819
T: 0.0306032 Q: -0.0132616
T: -0.0157336 Q: -0.00823724
T: -0.075303 Q: 1.37355
T: -0.146295 Q: -0.0126608
T: -0.226553 Q: -0.0105977
T: -0.313638 Q: -0.0101684
T: -0.404903 Q: -0.00959728
Sec_Event 10611615 N50: 34
T: 0.177823 Q: 1.41856
T: 0.0687601 Q: -0.0162622
T: -0.0353069 Q: -0.0235294
T: -0.131216 Q: -0.012437
T: -0.216052 Q: -0.0159049
T: -0.287238 Q: 1.02181
T: -0.342611 Q: 1.14942
T: -0.380488 Q: -0.0168206
T: -0.399719 Q: 1.25446
T: -0.399719 Q: -0.0200873
T: -0.380488 Q: -0.0124127
T: -0.342611 Q: -0.0120462
T: -0.287238 Q: -0.0104959
T: -0.216052 Q: 1.00447
T: -0.131216 Q: 1.14806
T: -0.0353069 Q: -0.00916322
T: 0.0687601 Q: -0.00809476
T: 0.177823 Q: 1.1444
T: 0.288569 Q: -0.012265
T: 0.397633 Q: 0.759701
T: 0.5017 Q: -0.00806964
T: 0.597608 Q: -0.00376769
T: 0.682445 Q: -0.00244767
T: 0.753631 Q: 1.98512
T: 0.809004 Q: 1.26689
T: 0.846881 Q: -0.00108507
T: 0.866112 Q: -0.00141296
T: 0.866112 Q: -0.00111409
T: 0.846881 Q: -0.00115249
T: 0.809004 Q: -0.00104602
T: 0.753631 Q: -0.00208745
T: 0.682445 Q: -0.00171843
T: 0.597608 Q: 1.16914
T: 0.5017 Q: -0.00605852
T: 0.397633 Q: 0.890986
T: 0.288569 Q: -0.0227959
Sec_Event 11152531 N50: 256
T: -0.0708192 Q: 2.44249
T: -0.185668 Q: 1.21681
T: -0.295256 Q: 13.1426
T: -0.396252 Q: 10.9833
T: -0.485589 Q: 6.95603
T: -0.560551 Q: 5.2063
T: -0.618861 Q: -0.0596126
T: -0.658748 Q: 7.65107
T: -0.678999 Q: 2.84384
T: -0.678999 Q: 3.08869
T: -0.658748 Q: 1.38828
T: -0.618861 Q: 5.502
T: -0.560551 Q: 8.16167
T: -0.485589 Q: 8.2631
T: -0.396252 Q: 3.70367
T: -0.295256 Q: 3.80065
T: -0.185668 Q: 8.69792
T: -0.0708192 Q: 8.59113
T: 0.0458014 Q: 2.77443
T: 0.16065 Q: 5.96364
T: 0.270238 Q: 3.87491
T: 0.371234 Q: 4.94746
T: 0.460571 Q: 13.1626
T: 0.535533 Q: 9.6596
T: 0.593844 Q: 5.7449
T: 0.63373 Q: 3.84139
T: 0.653981 Q: 5.31007
T: 0.653981 Q: 13.1249
T: 0.63373 Q: 6.7558
T: 0.593844 Q: 4.35299
T: 0.535533 Q: 3.3258
T: 0.460571 Q: 5.92614
T: 0.371234 Q: 5.86009
T: 0.270238 Q: 9.95174
T: 0.16065 Q: 10.5191
T: 0.0458014 Q: 11.5765
Sec_Event 11777336 N50: 39
T: -0.332493 Q: -0.0521275
T: -0.438992 Q: -0.0324814
T: -0.540612 Q: -0.0148726
T: -0.634266 Q: 1.15471
T: -0.717107 Q: 1.16133
T: -0.786619 Q: 4.07666
T: -0.84069 Q: -0.00482011
T: -0.877677 Q: -0.00406468
T: -0.896456 Q: 1.26684
T: -0.896456 Q: -0.00491835
T: -0.877677 Q: -0.00345742
T: -0.84069 Q: -0.00659026
T: -0.786619 Q: -0.00671892
T: -0.717107 Q: 1.21921
T: -0.634266 Q: 1.31339
T: -0.540612 Q: 1.11194
T: -0.438992 Q: -0.00880216
T: -0.332493 Q: -0.00763152
T: -0.224351 Q: -0.0074234
T: -0.117852 Q: -0.0112059
T: -0.0162321 Q: -0.0186298
T: 0.0774215 Q: -0.011891
T: 0.160263 Q: 1.49082
T: 0.229775 Q: -0.0157401
T: 0.283846 Q: -0.0188815
T: 0.320833 Q: -0.0195993
T: 0.339611 Q: -0.0220034
T: 0.339611 Q: -0.0340852
T: 0.320833 Q: -0.0373381
T: 0.283846 Q: -0.0292821
T: 0.229775 Q: -0.0335028
T: 0.160263 Q: -0.0374395
T: 0.0774215 Q: -0.0546486
T: -0.0162321 Q: 1.34002
T: -0.117852 Q: -0.0407866
T: -0.224351 Q: -0.0366035
Sec_Event 12632822 N50: 28
T: 0.552413 Q: -0.0107392
T: 0.482185 Q: -0.0110789
T: 0.415175 Q: -0.0159112
T: 0.353417 Q: -0.0123251
T: 0.298789 Q: 1.07843
T: 0.252951 Q: -0.0202106
T: 0.217295 Q: -0.0184445
T: 0.192905 Q: -0.0264712
T: 0.180522 Q: 1.20282
T: 0.180522 Q: -0.0306553
T: 0.192905 Q: 1.51601
T: 0.217295 Q: -0.036104
T: 0.252951 Q: -0.0444913
T: 0.298789 Q: -0.0364938
T: 0.353417 Q: -0.0336977
T: 0.415175 Q: -0.0313824
T: 0.482185 Q: 1.18416
T: 0.552413 Q: -0.0194483
T: 0.623725 Q: -0.0119713
T: 0.693953 Q: -0.010519
T: 0.760964 Q: 1.34818
T: 0.822721 Q: 1.05479
T: 0.877349 Q: -0.00367488
T: 0.923187 Q: -0.00397175
T: 0.958843 Q: -0.00360985
T: 0.983233 Q: -0.0049444
T: 0.995616 Q: -0.00340229
T: 0.995616 Q: -0.0019193
T: 0.983233 Q: -0.00304804
T: 0.958843 Q: -0.00923923
T: 0.923187 Q: -0.00344481
T: 0.877349 Q: 0.979357
T: 0.822721 Q: 1.22484
T: 0.760964 Q: -0.00694722
T: 0.693953 Q: -0.00632168
T: 0.623725 Q: -0.00707122
Sec_Event 12632822 N50: 34
T: 0.181366 Q: -0.00170451
T: 0.0724806 Q: -0.00413934
T: -0.0314168 Q: -0.00158202
T: -0.127169 Q: 1.24012
T: -0.211867 Q: -0.00118748
T: -0.282937 Q: -0.0023219
T: -0.33822 Q: -0.002146
T: -0.376035 Q: -0.00301707
T: -0.395235 Q: -0.00341376
T: -0.395235 Q: -0.00342374
T: -0.376035 Q: -0.00364286
T: -0.33822 Q: 1.00952
T: -0.282937 Q: 1.43863
T: -0.211867 Q: 1.47185
T: -0.127169 Q: -0.00753954
T: -0.0314168 Q: 1.16298
T: 0.0724806 Q: -0.00701788
T: 0.181366 Q: -0.0129907
T: 0.291931 Q: 1.00031
T: 0.400817 Q: -0.00989156
T: 0.504714 Q: -0.0101313
T: 0.600467 Q: 1.24705
T: 0.685165 Q: -0.0083832
T: 0.756235 Q: -0.0057779
T: 0.811517 Q: -0.00539587
T: 0.849333 Q: -0.00423343
T: 0.868532 Q: -0.0100931
T: 0.868532 Q: -0.00691957
T: 0.849333 Q: -0.00470349
T: 0.811517 Q: -0.00475652
T: 0.756235 Q: -0.00549435
T: 0.685165 Q: -0.0047534
T: 0.600467 Q: -0.00290026
T: 0.504714 Q: 1.11838
T: 0.400817 Q: -0.00462623
T: 0.291931 Q: -0.00254243
Sec_Event 12632822 N50: 40
T: 0.436203 Q: 1.38238
T: 0.348602 Q: -0.0371916
T: 0.265014 Q: -0.040072
T: 0.187978 Q: -0.0408572
T: 0.119837 Q: 1.24775
T: 0.0626588 Q: -0.043789
T: 0.0181825 Q: -0.0450752
T: -0.0122411 Q: 1.69543
T: -0.0276876 Q: -0.0534083
T: -0.0276876 Q: 2.6355
T: -0.0122411 Q: -0.0386179
T: 0.0181825 Q: 2.51413
T: 0.0626588 Q: -0.0381632
T: 0.119837 Q: 1.32916
T: 0.187978 Q: -0.0296718
T: 0.265014 Q: -0.030738
T: 0.348602 Q: -0.0339506
T: 0.436203 Q: -0.0259078
T: 0.525156 Q: -0.0181916
T: 0.612757 Q: 1.25757
T: 0.696345 Q: 2.13521
T: 0.77338 Q: 1.38688
T: 0.841522 Q: -0.00756366
T: 0.8987 Q: -0.00587624
T: 0.943176 Q: -0.00499039
T: 0.9736 Q: -0.0046408
T: 0.989046 Q: -0.00603091
T: 0.989046 Q: -0.00693411
T: 0.9736 Q: -0.00510321
T: 0.943176 Q: 1.13794
T: 0.8987 Q: -0.00620596
T: 0.841522 Q: -0.0077004
T: 0.77338 Q: 1.3306
T: 0.696345 Q: -0.0152425
T: 0.612757 Q: -0.0225263
T: 0.525156 Q: -0.0301449
Sec_Event 12632822 N50: 31
T: -0.0733658 Q: -0.0500771
T: -0.188207 Q: -0.0447698
T: -0.297788 Q: -0.0403347
T: -0.398778 Q: -0.0470865
T: -0.488109 Q: -0.0603378
T: -0.563066 Q: -0.0551115
T: -0.621373 Q: -0.0529037
T: -0.661257 Q: 1.10436
T: -0.681507 Q: -0.0527363
T: -0.681507 Q: -0.0416889
T: -0.661257 Q: -0.0426552
T: -0.621373 Q: 1.00245
T: -0.563066 Q: -0.0147959
T: -0.488109 Q: -0.0114808
T: -0.398778 Q: 1.20327
T: -0.297788 Q: -0.00418347
T: -0.188207 Q: -0.00755377
T: -0.0733658 Q: -0.00321377
T: 0.0432474 Q: -0.00800059
T: 0.158089 Q: -0.00644675
T: 0.267669 Q: -0.00640121
T: 0.368659 Q: 1.21535
T: 0.45799 Q: 0.974294
T: 0.532948 Q: 1.23202
T: 0.591255 Q: -0.0125255
T: 0.631139 Q: 2.54447
T: 0.651388 Q: -0.0094118
T: 0.651388 Q: 1.07844
T: 0.631139 Q: -0.0125846
T: 0.591255 Q: 1.13716
T: 0.532948 Q: -0.0177722
T: 0.45799 Q: -0.0236679
T: 0.368659 Q: -0.038828
T: 0.267669 Q: -0.0429753
T: 0.158089 Q: -0.0354734
T: 0.0432474 Q: 1.09697
Sec_Event 12632822 N50: 42
T: -0.620845 Q: 1.01669
T: -0.69171 Q: -0.0598724
T: -0.759327 Q: -0.0597992
T: -0.821644 Q: -0.050817
T: -0.876767 Q: -0.0405985
T: -0.92302 Q: 1.09671
T: -0.958998 Q: -0.0343536
T: -0.983609 Q: -0.0291101
T: -0.996104 Q: -0.0277727
T: -0.996104 Q: -0.027562
T: -0.983609 Q: 1.11833
T: -0.958998 Q: -0.0394988
T: -0.92302 Q: -0.023952
T: -0.876767 Q: -0.0145762
T: -0.821644 Q: -0.00937734
T: -0.759327 Q: 1.07874
T: -0.69171 Q: 1.96019
T: -0.620845 Q: -0.0084586
T: -0.548888 Q: 0.903889
T: -0.478024 Q: -0.00395839
T: -0.410406 Q: -0.00397315
T: -0.34809 Q: -0.00500335
T: -0.292967 Q: -0.00474603
T: -0.246714 Q: -0.00378301
T: -0.210735 Q: -0.0041075
T: -0.186124 Q: -0.00902383
T: -0.173629 Q: -0.00703612
T: -0.173629 Q: 0.903595
T: -0.186124 Q: -0.00850143
T: -0.210735 Q: 0.966673
T: -0.246714 Q: -0.0180637
T: -0.292967 Q: -0.0190955
T: -0.34809 Q: -0.0194631
T: -0.410406 Q: 2.1403
T: -0.478024 Q: -0.0333803
T: -0.548888 Q: -0.035928
Sec_Event 13925228 N50: 46
T: 0.349114 Q: -0.00572365
T: 0.252144 Q: 2.21866
T: 0.159618 Q: -0.00890327
T: 0.0743442 Q: -0.00959401
T: -0.00108442 Q: 1.24838
T: -0.0643766 Q: -0.0118384
T: -0.113609 Q: -0.0110155
T: -0.147286 Q: -0.0129782
T: -0.164384 Q: 1.36831
T: -0.164384 Q: -0.0118835
T: -0.147286 Q: -0.0182665
T: -0.113609 Q: 1.27861
T: -0.0643766 Q: -0.016698
T: -0.00108442 Q: -0.0146685
T: 0.0743442 Q: -0.012312
T: 0.159618 Q: -0.0160221
T: 0.252144 Q: 0.667669
T: 0.349114 Q: -0.00706492
T: 0.447579 Q: -0.00305419
T: 0.544548 Q: -0.00174476
T: 0.637075 Q: -0.000822218
T: 0.722348 Q: -0.000737053
T: 0.797777 Q: -0.000306757
T: 0.861069 Q: -0.00114049
T: 0.943979 Q: 0.996674
T: 0.961077 Q: -0.000642667
T: 0.943979 Q: -0.000432675
T: 0.910302 Q: 1.0348
T: 0.861069 Q: -0.000315391
T: 0.797777 Q: 1.03833
T: 0.722348 Q: -0.00204309
T: 0.637075 Q: -0.000964957
T: 0.544548 Q: -0.00230133
T: 0.447579 Q: -0.00378073
Sec_Event 14504605 N50: 35
T: -0.00787298 Q: -0.0540251
T: -0.122475 Q: 2.9637
T: -0.231826 Q: 1.43015
T: -0.332605 Q: -0.0606097
T: -0.421749 Q: -0.0881525
T: -0.49655 Q: -0.0769018
T: -0.554735 Q: -0.0774699
T: -0.594536 Q: -0.0717135
T: -0.614743 Q: 1.40222
T: -0.614743 Q: 2.78783
T: -0.594536 Q: -0.067066
T: -0.554735 Q: -0.0548267
T: -0.49655 Q: 1.45139
T: -0.421749 Q: 1.07475
T: -0.332605 Q: 0.986825
T: -0.231826 Q: 1.12117
T: -0.122475 Q: -0.034479
T: -0.00787298 Q: 1.19339
T: 0.108497 Q: 0.963398
T: 0.223098 Q: 0.878239
T: 0.33245 Q: 1.08848
T: 0.433229 Q: -0.0221719
T: 0.522373 Q: 1.06585
T: 0.597174 Q: 1.16659
T: 0.655359 Q: 2.47919
T: 0.695159 Q: -0.0167942
T: 0.715367 Q: -0.0186928
T: 0.715367 Q: -0.0207486
T: 0.695159 Q: -0.01825
T: 0.655359 Q: -0.0175162
T: 0.597174 Q: -0.0270481
T: 0.522373 Q: -0.0378683
T: 0.433229 Q: -0.059503
T: 0.33245 Q: 1.38401
T: 0.223098 Q: 1.50282
T: 0.108497 Q: -0.0591986
300000/368081
Sec_Event 14660518 N50: 37
T: -0.449842 Q: -0.0166818
T: -0.546577 Q: 1.32328
T: -0.63888 Q: 1.11311
T: -0.723946 Q: 2.24738
T: -0.799192 Q: -0.0618804
T: -0.862331 Q: -0.0575015
T: -0.911445 Q: 1.2378
T: -0.94504 Q: -0.0536223
T: -0.962097 Q: -0.0379927
T: -0.962097 Q: -0.0399138
T: -0.94504 Q: -0.0435063
T: -0.911445 Q: -0.045484
T: -0.862331 Q: -0.0528648
T: -0.799192 Q: -0.0565606
T: -0.723946 Q: 2.30465
T: -0.63888 Q: 3.95861
T: -0.546577 Q: 2.70634
T: -0.449842 Q: -0.0257197
T: -0.351616 Q: 1.11424
T: -0.254881 Q: -0.0202235
T: -0.162578 Q: -0.0164525
T: -0.0775116 Q: 1.13817
T: -0.00226565 Q: -0.0155712
T: 0.0608732 Q: -0.0135786
T: 0.109987 Q: 2.14292
T: 0.143582 Q: -0.0132813
T: 0.160639 Q: 1.34924
T: 0.160639 Q: -0.0154505
T: 0.143582 Q: -0.0127863
T: 0.109987 Q: -0.0154973
T: 0.0608732 Q: -0.0145429
T: -0.00226565 Q: -0.0118346
T: -0.0775116 Q: -0.0154251
T: -0.162578 Q: 1.17358
T: -0.254881 Q: -0.0165522
T: -0.351616 Q: -0.017586
Sec_Event 14850990 N50: 31
T: -0.596997 Q: -0.0222995
T: -0.672768 Q: 1.16157
T: -0.745068 Q: -0.0365255
T: -0.811699 Q: 1.12771
T: -0.870639 Q: -0.0740725
T: -0.920095 Q: 1.54419
T: -0.958565 Q: -0.0492446
T: -0.984879 Q: -0.0489531
T: -0.99824 Q: -0.0473316
T: -0.99824 Q: -0.05097
T: -0.984879 Q: -0.0588607
T: -0.958565 Q: -0.066717
T: -0.920095 Q: -0.0315573
T: -0.870639 Q: 1.09367
T: -0.811699 Q: -0.0133473
T: -0.745068 Q: 2.80225
T: -0.672768 Q: 1.19007
T: -0.596997 Q: -0.00294192
T: -0.520057 Q: -0.00338888
T: -0.444286 Q: -0.0031065
T: -0.371986 Q: -0.00348283
T: -0.305355 Q: 1.22606
T: -0.246415 Q: -0.000994775
T: -0.196959 Q: 1.51914
T: -0.158489 Q: -0.00267604
T: -0.132174 Q: -0.00187127
T: -0.118814 Q: -0.00178291
T: -0.118814 Q: -0.00619283
T: -0.132174 Q: -0.00219011
T: -0.158489 Q: -0.00237385
T: -0.196959 Q: -0.00306357
T: -0.246415 Q: 1.29493
T: -0.305355 Q: -0.0045226
T: -0.371986 Q: -0.0110284
T: -0.444286 Q: -0.0140155
T: -0.520057 Q: -0.016352
 Incomplete 
Sec_Event 15799008 N50: 30
T: -0.318819 Q: -0.000894777
T: -0.426192 Q: -0.00164417
T: -0.525147 Q: -0.000969713
T: -0.612678 Q: 1.13081
T: -0.686125 Q: -0.00247843
T: -0.743257 Q: 1.41264
T: -0.782337 Q: -0.001465
T: -0.802179 Q: 1.05285
T: -0.802179 Q: -0.0021616
T: -0.782337 Q: -0.00222947
T: -0.743257 Q: -0.00313858
T: -0.686125 Q: -0.00454799
T: -0.612678 Q: 1.30318
T: -0.525147 Q: -0.00641067
T: -0.426192 Q: 1.4312
T: -0.318819 Q: -0.00674597
T: -0.206292 Q: 1.17534
T: -0.0920282 Q: -0.00719299
T: 0.0204995 Q: 1.04465
T: 0.127872 Q: -0.00718384
T: 0.226827 Q: -0.00516649
T: 0.314358 Q: -0.00701362
T: 0.387805 Q: 1.01098
T: 0.444937 Q: -0.00469205
T: 0.484018 Q: -0.0060339
T: 0.503859 Q: -0.00220564
T: 0.503859 Q: -0.00411368
T: 0.484018 Q: 2.38141
T: 0.444937 Q: 1.1502
T: 0.387805 Q: -0.000991301
T: 0.314358 Q: -0.00262211
T: 0.226827 Q: -0.000583088
T: 0.127872 Q: -0.00424703
T: 0.0204995 Q: -0.00190002
T: -0.0920282 Q: -0.00344009
Sec_Event 15923961 N50: 44
T: -0.344816 Q: 1.30697
T: -0.450498 Q: 1.3245
T: -0.551339 Q: -0.0419618
T: -0.644274 Q: -0.0268078
T: -0.72648 Q: -0.0220473
T: -0.795459 Q: 1.2521
T: -0.849115 Q: -0.0122253
T: -0.885818 Q: -0.00869524
T: -0.904453 Q: -0.00922881
T: -0.904453 Q: -0.0091892
T: -0.885818 Q: -0.00997928
T: -0.849115 Q: 1.08716
T: -0.795459 Q: -0.0135736
T: -0.72648 Q: 1.25353
T: -0.644274 Q: -0.0241519
T: -0.551339 Q: -0.0344665
T: -0.450498 Q: 2.81256
T: -0.344816 Q: -0.0342802
T: -0.237504 Q: 1.26551
T: -0.131822 Q: 1.31923
T: -0.0309814 Q: 1.43053
T: 0.0619538 Q: -0.03155
T: 0.14416 Q: -0.034014
T: 0.213139 Q: 1.35112
T: 0.266795 Q: -0.0483614
T: 0.303498 Q: 2.77258
T: 0.322133 Q: 1.12122
T: 0.322133 Q: 2.42656
T: 0.303498 Q: -0.0452379
T: 0.266795 Q: -0.0356988
T: 0.213139 Q: 1.30488
T: 0.14416 Q: -0.0351669
T: 0.0619538 Q: -0.0275092
T: -0.0309814 Q: -0.0317399
T: -0.131822 Q: 1.19745
T: -0.237504 Q: -0.0279884
Sec_Event 16744010 N50: 43
Sec_Event 16744010 N50: 57
T: -0.0313688 Q: 1.65569
T: -0.146159 Q: 1.35507
T: -0.25569 Q: 2.35677
T: -0.356634 Q: 0.903022
T: -0.445925 Q: -0.0325074
T: -0.520849 Q: 1.96172
T: -0.579129 Q: 1.02844
T: -0.618995 Q: 2.35085
T: -0.639236 Q: -0.0148747
T: -0.639236 Q: 1.02595
T: -0.618995 Q: -0.0131816
T: -0.579129 Q: -0.0116992
T: -0.520849 Q: 0.94441
T: -0.445925 Q: 0.961052
T: -0.356634 Q: -0.00409258
T: -0.25569 Q: 1.92831
T: -0.146159 Q: -0.00282025
T: -0.0313688 Q: -0.00225259
T: 0.0851918 Q: 0.900354
T: 0.199982 Q: -0.00279401
T: 0.309513 Q: 1.03357
T: 0.410457 Q: -0.00502044
T: 0.499748 Q: 0.973972
T: 0.574672 Q: 0.855869
T: 0.632952 Q: 0.798387
T: 0.672818 Q: 1.78802
T: 0.693059 Q: -0.0600391
T: 0.693059 Q: -0.0617639
T: 0.672818 Q: 1.48946
T: 0.632952 Q: -0.0876798
T: 0.574672 Q: -0.0798196
T: 0.499748 Q: 1.24445
T: 0.410457 Q: -0.0665677
T: 0.309513 Q: -0.0624378
T: 0.199982 Q: -0.0544727
T: 0.0851918 Q: 1.31396
Sec_Event 16763957 N50: 33
T: 0.450819 Q: -0.0303292
T: 0.365056 Q: -0.0336981
T: 0.283222 Q: -0.0316986
T: 0.207804 Q: -0.0311959
T: 0.141092 Q: -0.0275296
T: 0.0851144 Q: -0.0239005
T: 0.0415715 Q: -0.0295678
T: 0.0117864 Q: -0.0273654
T: -0.0033359 Q: -0.019487
T: -0.0033359 Q: 0.988381
T: 0.0117864 Q: -0.0149363
T: 0.0415715 Q: -0.0125231
T: 0.0851144 Q: 2.18104
T: 0.141092 Q: -0.0133665
T: 0.207804 Q: -0.00846704
T: 0.283222 Q: -0.0043379
T: 0.365056 Q: -0.0056743
T: 0.450819 Q: -0.00562152
T: 0.537905 Q: 2.08337
T: 0.623668 Q: 1.10216
T: 0.705502 Q: -0.00597979
T: 0.78092 Q: -0.00406493
T: 0.847632 Q: -0.00338648
T: 0.903609 Q: 2.49764
T: 0.947152 Q: 0.954334
T: 0.976937 Q: -0.00205041
T: 0.99206 Q: -0.00240575
T: 0.99206 Q: -0.00227169
T: 0.976937 Q: 1.13283
T: 0.947152 Q: -0.00312071
T: 0.903609 Q: -0.00329134
T: 0.847632 Q: -0.00395762
T: 0.78092 Q: -0.00414697
T: 0.705502 Q: -0.0076438
T: 0.623668 Q: -0.00923537
T: 0.537905 Q: 1.15062
Sec_Event 16763957 N50: 49
T: 0.255915 Q: 0.917803
T: 0.151447 Q: -0.0471046
T: 0.0517647 Q: 2.79588
T: -0.0401029 Q: -0.0396447
T: -0.121365 Q: -0.0442441
T: -0.189551 Q: 1.42484
T: -0.242591 Q: -0.0491003
T: -0.278872 Q: 1.36338
T: -0.297293 Q: 1.36017
T: -0.297293 Q: -0.056453
T: -0.278872 Q: -0.0532768
T: -0.242591 Q: -0.052093
T: -0.189551 Q: -0.0451469
T: -0.121365 Q: 2.73154
T: -0.0401029 Q: 1.23847
T: 0.0517647 Q: 1.49296
T: 0.151447 Q: 2.50091
T: 0.255915 Q: -0.0241822
T: 0.361995 Q: 0.843256
T: 0.466462 Q: 2.22593
T: 0.566145 Q: 2.38702
T: 0.658012 Q: 2.71275
T: 0.739274 Q: 1.16858
T: 0.807461 Q: -0.00402832
T: 0.8605 Q: 1.19114
T: 0.896782 Q: -0.00250584
T: 0.915202 Q: 1.22268
T: 0.915202 Q: -0.00221991
T: 0.896782 Q: 1.37239
T: 0.8605 Q: 1.25475
T: 0.807461 Q: 4.07592
T: 0.739274 Q: 1.33585
T: 0.658012 Q: -0.00802423
T: 0.566145 Q: 1.02674
T: 0.466462 Q: 1.07128
T: 0.361995 Q: 1.90897
Sec_Event 16763957 N50: 31
T: 0.468575 Q: 1.35354
T: 0.385163 Q: 1.58159
T: 0.305573 Q: 1.72458
T: 0.232222 Q: -0.00220305
T: 0.167339 Q: -0.00308389
T: 0.112896 Q: -0.00189983
T: 0.0705469 Q: 1.70236
T: 0.0415783 Q: 1.60078
T: 0.0268706 Q: -0.00249078
T: 0.0268706 Q: -0.00358875
T: 0.0415783 Q: -0.00571846
T: 0.0705469 Q: -0.00261961
T: 0.112896 Q: 1.26391
T: 0.167339 Q: 1.62229
T: 0.232222 Q: -0.0080613
T: 0.305573 Q: 1.40886
T: 0.385163 Q: -0.00822197
T: 0.468575 Q: 2.76232
T: 0.553273 Q: 1.36619
T: 0.636685 Q: -0.010091
T: 0.716275 Q: -0.00683076
T: 0.789626 Q: -0.00677672
T: 0.854509 Q: -0.00388501
T: 0.908952 Q: -0.00428234
T: 0.951301 Q: -0.00287564
T: 0.980269 Q: 1.83466
T: 0.994977 Q: -0.00258669
T: 0.994977 Q: -0.00240024
T: 0.980269 Q: -0.00456997
T: 0.951301 Q: -0.00231611
T: 0.908952 Q: -0.00398647
T: 0.854509 Q: -0.00362921
T: 0.789626 Q: -0.00306638
T: 0.716275 Q: -0.00769892
T: 0.636685 Q: -0.0028554
T: 0.553273 Q: -0.00263899
Sec_Event 16763957 N50: 59
Sec_Event 16763957 N50: 40
T: -0.0559858 Q: 0.960036
T: -0.17085 Q: 1.2228
T: -0.280453 Q: -0.00281556
T: -0.381463 Q: -0.00332351
T: -0.470812 Q: -0.00471385
T: -0.545785 Q: -0.00569746
T: -0.604103 Q: -0.00837457
T: -0.643995 Q: 0.910182
T: -0.664249 Q: 0.911618
T: -0.664249 Q: -0.0168123
T: -0.643995 Q: -0.0238638
T: -0.604103 Q: -0.0304451
T: -0.545785 Q: -0.024357
T: -0.470812 Q: -0.0232767
T: -0.381463 Q: -0.0243203
T: -0.280453 Q: -0.0259877
T: -0.17085 Q: -0.0190156
T: -0.0559858 Q: -0.0282995
T: 0.0606508 Q: 1.21491
T: 0.175515 Q: -0.0257017
T: 0.285118 Q: 1.10769
T: 0.386128 Q: -0.0134181
T: 0.475477 Q: -0.0132645
T: 0.550449 Q: -0.00804057
T: 0.608768 Q: 1.21725
T: 0.64866 Q: -0.00669166
T: 0.668914 Q: -0.00675878
T: 0.668914 Q: 1.02111
T: 0.64866 Q: 1.14179
T: 0.608768 Q: -0.00353642
T: 0.550449 Q: 2.22652
T: 0.475477 Q: 1.27985
T: 0.386128 Q: -0.00214009
T: 0.285118 Q: -0.00234024
T: 0.175515 Q: -0.00196493
T: 0.0606508 Q: -0.00254189
Sec_Event 17069967 N50: 35
T: 0.308288 Q: 1.27179
T: 0.207743 Q: -0.00890832
T: 0.111805 Q: -0.00738081
T: 0.0233875 Q: -0.00646389
T: -0.0548222 Q: 1.26571
T: -0.120448 Q: -0.00891386
T: -0.171496 Q: -0.0101072
T: -0.206414 Q: -0.0148791
T: -0.224143 Q: -0.0159121
T: -0.224143 Q: -0.0173559
T: -0.206414 Q: -0.0322391
T: -0.171496 Q: 1.09386
T: -0.120448 Q: 1.20082
T: -0.0548222 Q: -0.0257611
T: 0.0233875 Q: -0.0252457
T: 0.111805 Q: -0.0239594
T: 0.207743 Q: -0.0226591
T: 0.308288 Q: -0.033142
T: 0.410383 Q: -0.0297328
T: 0.510928 Q: -0.036435
T: 0.606866 Q: -0.051777
T: 0.695283 Q: 1.15008
T: 0.773493 Q: -0.0545721
T: 0.839119 Q: 1.12403
T: 0.890167 Q: -0.0301183
T: 0.925085 Q: -0.0393365
T: 0.942814 Q: -0.0329518
T: 0.942814 Q: 1.17469
T: 0.925085 Q: 1.46822
T: 0.890167 Q: 1.17387
T: 0.839119 Q: -0.0433664
T: 0.773493 Q: 0.994941
T: 0.695283 Q: -0.0146307
T: 0.606866 Q: -0.01069
T: 0.510928 Q: 2.54979
T: 0.410383 Q: 1.59089
Sec_Event 17069967 N50: 37
T: 0.0196941 Q: -0.0137511
T: -0.0945416 Q: -0.0262271
T: -0.203544 Q: -0.0275099
T: -0.304001 Q: -0.0258285
T: -0.392861 Q: 2.39009
T: -0.467423 Q: -0.0303063
T: -0.525422 Q: -0.0325668
T: -0.565096 Q: -0.0331316
T: -0.585238 Q: -0.0293986
T: -0.585238 Q: -0.0291964
T: -0.565096 Q: -0.0319694
T: -0.525422 Q: -0.0357688
T: -0.467423 Q: -0.0392564
T: -0.392861 Q: -0.0441652
T: -0.304001 Q: 1.21784
T: -0.203544 Q: -0.0358558
T: -0.0945416 Q: -0.0363917
T: 0.0196941 Q: 1.48473
T: 0.135692 Q: 1.15646
T: 0.249928 Q: -0.0407468
T: 0.35893 Q: 1.46925
T: 0.459387 Q: -0.0444569
T: 0.548247 Q: 1.0657
T: 0.622809 Q: -0.0535272
T: 0.680808 Q: -0.0493491
T: 0.720482 Q: -0.0444518
T: 0.740625 Q: -0.0384015
T: 0.740625 Q: -0.0514112
T: 0.720482 Q: 1.18513
T: 0.680808 Q: -0.0439634
T: 0.622809 Q: 1.02152
T: 0.548247 Q: 0.995415
T: 0.459387 Q: -0.0296586
T: 0.35893 Q: -0.020567
T: 0.249928 Q: -0.018568
T: 0.135692 Q: -0.0198319
Sec_Event 17545717 N50: 31
T: -0.334329 Q: 1.15664
T: -0.440709 Q: -0.0198184
T: -0.542215 Q: -0.0260584
T: -0.635764 Q: 1.04404
T: -0.718513 Q: -0.0464702
T: -0.787948 Q: -0.0594805
T: -0.841959 Q: -0.0642769
T: -0.878904 Q: 1.1283
T: -0.897662 Q: 1.0415
T: -0.897662 Q: -0.051888
T: -0.878904 Q: -0.0619981
T: -0.841959 Q: -0.0500851
T: -0.787948 Q: -0.0268614
T: -0.718513 Q: 1.04955
T: -0.635764 Q: -0.0169203
T: -0.542215 Q: 1.33975
T: -0.440709 Q: 1.40096
T: -0.334329 Q: -0.0117932
T: -0.226308 Q: -0.00789744
T: -0.119928 Q: -0.00523823
T: -0.018421 Q: -0.00641025
T: 0.0751281 Q: 1.12092
T: 0.157877 Q: -0.00707035
T: 0.227312 Q: 0.612954
T: 0.281322 Q: 0.575344
T: 0.318268 Q: 0.953673
T: 0.337025 Q: -0.00426942
T: 0.337025 Q: -0.0056001
T: 0.318268 Q: -0.00929721
T: 0.281322 Q: -0.00807133
T: 0.227312 Q: -0.00912191
T: 0.157877 Q: -0.00917618
T: 0.0751281 Q: 1.38239
T: -0.018421 Q: 2.32496
T: -0.119928 Q: 1.09824
T: -0.226308 Q: 1.10653
Sec_Event 17668681 N50: 37
T: -0.610997 Q: -0.0184322
T: -0.683962 Q: 1.05794
T: -0.753585 Q: 1.01958
T: -0.817749 Q: -0.0822651
T: -0.874506 Q: -0.092595
T: -0.92213 Q: -0.0851912
T: -0.959176 Q: 1.34447
T: -0.984516 Q: 1.43458
T: -0.997382 Q: -0.0673264
T: -0.997382 Q: 1.34361
T: -0.984516 Q: -0.0992612
T: -0.959176 Q: 1.71139
T: -0.92213 Q: -0.0249416
T: -0.874506 Q: -0.00554392
T: -0.817749 Q: -0.00630082
T: -0.753585 Q: -0.00427384
T: -0.683962 Q: 1.02871
T: -0.610997 Q: 1.18406
T: -0.536907 Q: -0.000747596
T: -0.463942 Q: -0.00154196
T: -0.394319 Q: 0.995342
T: -0.330155 Q: -0.000346089
T: -0.273398 Q: -0.000998023
T: -0.225774 Q: -0.000537842
T: -0.188728 Q: 1.16278
T: -0.163388 Q: -0.000537889
T: -0.150522 Q: -0.00123298
T: -0.150522 Q: 3.556
T: -0.163388 Q: 1.15611
T: -0.188728 Q: 1.24544
T: -0.225774 Q: 0.958794
T: -0.273398 Q: 0.941759
T: -0.330155 Q: -0.00398055
T: -0.394319 Q: -0.00435438
T: -0.463942 Q: -0.0132871
T: -0.536907 Q: 0.928662

gestpm: TOTAL NUMBER PMT: WALL; TOP; BOTTOM; ALL  7650  1748  1748 11146
 *****************************
 * This is for SK-VI map      *
 *****************************
 findconsts: connection table file: /home/licheng/local/skofl/const//connection.super.dat
gexyz: PMT # FOR EACH SECTION       1  7650  7651  9398  9399 11146
gexyz: maxpm,nlwal     11146      7650
 findconsts: connection table1 file: /home/licheng/local/skofl/const//connection.super.dat
 findconsts: connection table2 file: /home/licheng/local/skofl/const//connection.super.sk-5.dat
 findfile: checking /home/licheng/local/skofl/const//misch3.dat
 findfile: found /home/licheng/local/skofl/const//misch3.dat
 findconsts: mis channel file: /home/licheng/local/skofl/const//misch3.dat
 findfile: checking /home/licheng/local/skofl/const//skpmt_sk5.dat
 findfile: found /home/licheng/local/skofl/const//skpmt_sk5.dat
 findconsts: pmt file: /home/licheng/local/skofl/const//skpmt_sk5.dat
gestpma: TOTAL NUMBER anti PMT: WALL; TOP; BOTTOM; ALL  1275   302   308  1885
gexyza: anti PMT # FOR EACH SECTION       1  1275  1276  1577  1578  1885
 maxpma,nlwala      1885      1275
 skbadch: log_level =            0
 findconsts: badch.090461 file: /home/licheng/local/skofl/const//badch/badch.090461
 findconsts: bad channel file: /home/licheng/local/skofl/const//badch.dat
 findconsts: badch.090461 file: /home/licheng/local/skofl/const//badch/badch.090461
 skdark: log_level =            0
 findconsts: darkr.090461.root file: /home/licheng/local/skofl/const//darkr/darkr.090461.root
 findconsts: badsub SK-I 1 file: /home/licheng/local/skofl/const//lowe/badsub.sk.r1742-3051.r3208-3608
 nbad 1 =         1851
 findconsts: badsub SK-I 2 file: /home/licheng/local/skofl/const//lowe/badsub.sk.realtim
 nbad 2 =        17511
 findconsts: badsub SK-I 3 file: /home/licheng/local/skofl/const//lowe/badsub.sk.manual.1260day
 nbad 3 =        21939
 findconsts: badsub SK-I 4 file: /home/licheng/local/skofl/const//lowe/badsub.sk.sle.1260day
 nbad 4 =        28004
 findconsts: badsub SK-I 5 file: /home/licheng/local/skofl/const//lowe/badsub.sk.manual
 nbad 5 =        28105
 findconsts: badsub SK-I 6 file: /home/licheng/local/skofl/const//lowe/badsub.sk.sle
 nbad 6 =        28105
 findconsts: badsub SK-II 1 file: /home/licheng/local/skofl/const//lowe/badsub.sk2.manual
 nbad_sk2 SK-II 1 =        27759
 findconsts: badsub SK-III 1 file: /home/licheng/local/skofl/const//lowe/badsub.sk3.manual
 nbad_sk3 SK-III 1 =         4149
 findconsts: badsub SK-IV file: /home/licheng/local/skofl/const//lowe/badsub.sk4.manual
 nbad_sk4 SK-IV =        66921
 read local badsub.sk5.manual.local
 nbad_sk5 SK-V =         2595
 read local badsub.sk6.manual.local
 nbad_sk6 SK-VI (Gd) =         7717
 findconsts: skcoverage_barrel file: /home/licheng/local/skofl/const//lowe/skcov_b_p3.dat
 findconsts: nearest neighbor file: /home/licheng/local/skofl/const//neighb.dat
 neighbsk: reading neighbor file /home/licheng/local/skofl/const//neighb.dat
 findconsts: skcoverage_sk4_final file: /home/licheng/local/skofl/const//lowe/skcov_c_p3.dat
