Output file: output/wt_090442.root input file:/disk03/lowe10/sk7/sle/lomugd.090442.root
 Id of this manager : 10
InitReadRoot: total = 360392
RUNINFO found in the rare list
SK geometry setting: 6
***** Dummy rgetvalue was called. (Remote File Access is not supported) *****
==========WT:========== 16821.8 14605.8 12695.6
0/360392
Sec_Event 262551 N50: 34
T: 0.0865538 Q: -0.00688887
T: -0.0261413 Q: -0.00788606
T: -0.133674 Q: 0.974605
T: -0.232776 Q: -0.00764197
T: -0.320437 Q: -0.00709843
T: -0.393994 Q: -0.0129398
T: -0.451211 Q: 0.986194
T: -0.490349 Q: 1.0983
T: -0.51022 Q: -0.0279905
T: -0.51022 Q: -0.029727
T: -0.490349 Q: -0.0366293
T: -0.451211 Q: -0.0406721
T: -0.393994 Q: 0.96903
T: -0.320437 Q: -0.0365584
T: -0.232776 Q: -0.0346126
T: -0.133674 Q: -0.0361443
T: -0.0261413 Q: -0.0363824
T: 0.0865538 Q: -0.0419094
T: 0.200987 Q: -0.0293952
T: 0.313682 Q: 0.940362
T: 0.421215 Q: -0.0259287
T: 0.520317 Q: -0.0193548
T: 0.607979 Q: 2.007
T: 0.681535 Q: 1.00708
T: 0.738752 Q: 1.08112
T: 0.77789 Q: -0.0058664
T: 0.797762 Q: 1.30824
T: 0.797762 Q: -0.00435839
T: 0.77789 Q: -0.00539888
T: 0.738752 Q: 1.03029
T: 0.681535 Q: 1.85545
T: 0.607979 Q: 0.971852
T: 0.520317 Q: -0.00802543
T: 0.421215 Q: -0.00651147
T: 0.313682 Q: -0.00688787
T: 0.200987 Q: -0.00715515
Sec_Event 262551 N50: 33
T: -0.071131 Q: -0.0339066
T: -0.185979 Q: -0.0438286
T: -0.295566 Q: 1.21622
T: -0.396562 Q: -0.0436413
T: -0.485897 Q: -0.0552527
T: -0.560859 Q: -0.0588564
T: -0.619169 Q: -0.0672516
T: -0.659055 Q: -0.0720438
T: -0.679306 Q: 2.80163
T: -0.679306 Q: -0.057374
T: -0.659055 Q: 2.15444
T: -0.619169 Q: 1.18556
T: -0.560859 Q: -0.0344011
T: -0.485897 Q: -0.025836
T: -0.396562 Q: -0.02204
T: -0.295566 Q: -0.0201794
T: -0.185979 Q: -0.0195211
T: -0.071131 Q: -0.0145189
T: 0.0454888 Q: 0.956459
T: 0.160337 Q: -0.0196712
T: 0.269924 Q: -0.0295749
T: 0.370919 Q: -0.0175444
T: 0.460255 Q: -0.0197627
T: 0.535217 Q: -0.0210479
T: 0.593527 Q: -0.0189894
T: 0.633413 Q: 1.02847
T: 0.653664 Q: -0.0122371
T: 0.653664 Q: 1.20971
T: 0.633413 Q: 0.967797
T: 0.593527 Q: 1.02753
T: 0.535217 Q: -0.0219549
T: 0.460255 Q: -0.0287166
T: 0.370919 Q: -0.0341463
T: 0.269924 Q: -0.0344737
T: 0.160337 Q: 1.18161
T: 0.0454888 Q: -0.0646357
Sec_Event 262551 N50: 29
T: -0.464759 Q: 1.29669
T: -0.559893 Q: -0.0550964
T: -0.650669 Q: 1.18284
T: -0.734328 Q: 3.5659
T: -0.808329 Q: 1.19854
T: -0.870423 Q: -0.0491149
T: -0.918724 Q: -0.0412123
T: -0.951764 Q: 1.15515
T: -0.968538 Q: 1.23334
T: -0.968538 Q: -0.0366337
T: -0.951764 Q: 1.30829
T: -0.918724 Q: 1.19442
T: -0.870423 Q: -0.0468276
T: -0.808329 Q: -0.0392062
T: -0.734328 Q: -0.0188077
T: -0.650669 Q: 1.02034
T: -0.559893 Q: 1.29348
T: -0.464759 Q: -0.0137787
T: -0.368157 Q: -0.00916163
T: -0.273024 Q: 1.01917
T: -0.182248 Q: 1.11776
T: -0.0985885 Q: -0.0116433
T: -0.0245874 Q: -0.0122601
T: 0.0375068 Q: 0.965641
T: 0.0858075 Q: -0.0195685
T: 0.118847 Q: -0.0303838
T: 0.135622 Q: -0.0198466
T: 0.135622 Q: -0.0233371
T: 0.118847 Q: -0.0369658
T: 0.0858075 Q: -0.0278091
T: 0.0375068 Q: -0.0381313
T: -0.0245874 Q: -0.0301503
T: -0.0985885 Q: -0.0412086
T: -0.182248 Q: -0.0339974
T: -0.273024 Q: -0.0470939
T: -0.368157 Q: 1.2612
Sec_Event 296834 N50: 39
T: 0.671448 Q: -0.00133566
T: 0.629805 Q: -0.00174647
T: 0.590071 Q: 2.51232
T: 0.553451 Q: 1.07534
T: 0.521059 Q: 1.50147
T: 0.493879 Q: -0.000570291
T: 0.472737 Q: -0.000285765
T: 0.458275 Q: -0.000277933
T: 0.450932 Q: -0.000691706
T: 0.458275 Q: 2.20524
T: 0.472737 Q: -0.000676834
T: 0.493879 Q: -0.000255499
T: 0.521059 Q: -0.000413141
T: 0.553451 Q: -0.00125134
T: 0.590071 Q: -0.00250817
T: 0.629805 Q: -0.00160275
T: 0.671448 Q: -0.00247052
T: 0.713732 Q: -0.00255793
T: 0.755374 Q: -0.00345372
T: 0.795109 Q: -0.00225463
T: 0.831729 Q: -0.00179559
T: 0.86412 Q: 0.899213
T: 0.8913 Q: -0.00220781
T: 0.912443 Q: -0.00130824
T: 0.926905 Q: 0.978677
T: 0.934248 Q: -0.00161221
T: 0.934248 Q: -0.00156669
T: 0.926905 Q: -0.00104864
T: 0.912443 Q: 2.1783
T: 0.8913 Q: 1.00223
T: 0.86412 Q: -0.00225699
T: 0.831729 Q: 1.22254
T: 0.795109 Q: 1.10466
T: 0.755374 Q: -0.00160204
T: 0.713732 Q: -0.00186796
Sec_Event 774324 N50: 29
T: -0.744483 Q: 2.29492
T: -0.747691 Q: 1.03218
T: -0.750751 Q: -0.00060081
T: -0.753572 Q: 0.86747
T: -0.756067 Q: -0.00175755
T: -0.75816 Q: -0.00288381
T: -0.759789 Q: 0.856003
T: -0.760902 Q: 0.915227
T: -0.761468 Q: -0.0151446
T: -0.761468 Q: 2.58776
T: -0.760902 Q: -0.0223593
T: -0.759789 Q: 0.937758
T: -0.75816 Q: -0.0371127
T: -0.756067 Q: -0.0368218
T: -0.753572 Q: -0.0440184
T: -0.750751 Q: -0.0519039
T: -0.747691 Q: -0.0495763
T: -0.744483 Q: 1.16594
T: -0.741227 Q: -0.0501836
T: -0.738019 Q: -0.0510897
T: -0.734959 Q: 1.16775
T: -0.732138 Q: -0.0487081
T: -0.729643 Q: -0.0461975
T: -0.72755 Q: -0.0427146
T: -0.725922 Q: -0.0372373
T: -0.724808 Q: -0.0367669
T: -0.724242 Q: 0.87419
T: -0.724242 Q: 0.769748
T: -0.724808 Q: 0.865918
T: -0.725922 Q: -0.009933
T: -0.72755 Q: 0.938771
T: -0.729643 Q: -0.00206185
T: -0.732138 Q: -0.00729525
T: -0.734959 Q: -0.00163005
T: -0.738019 Q: -0.000892868
T: -0.741227 Q: 1.6228
Sec_Event 1078154 N50: 40
T: 0.11918 Q: 1.01086
T: 0.00757685 Q: -0.027743
T: -0.0989138 Q: 0.953266
T: -0.197056 Q: -0.0151067
T: -0.283868 Q: -0.0159747
T: -0.356712 Q: -0.00940865
T: -0.413374 Q: -0.00656128
T: -0.452134 Q: 0.79102
T: -0.471812 Q: -0.00337543
T: -0.471812 Q: -0.000653637
T: -0.452134 Q: -0.00226579
T: -0.413374 Q: 1.93548
T: -0.356712 Q: -0.00150281
T: -0.283868 Q: -0.000416701
T: -0.197056 Q: 1.39234
T: -0.0989138 Q: 1.26059
T: 0.00757685 Q: -0.00102709
T: 0.11918 Q: -0.00203755
T: 0.344108 Q: -0.000472326
T: 0.548741 Q: -0.000716068
T: 0.635553 Q: -0.000244093
T: 0.708397 Q: 0.84471
T: 0.765059 Q: -0.00133691
T: 0.803819 Q: -0.00324304
T: 0.823498 Q: -0.00649617
T: 0.823498 Q: -0.0113483
T: 0.803819 Q: -0.0108227
T: 0.765059 Q: 1.20375
T: 0.708397 Q: -0.0135114
T: 0.635553 Q: -0.0170363
T: 0.548741 Q: -0.0257092
T: 0.450599 Q: 2.04125
T: 0.344108 Q: -0.0236257
T: 0.232505 Q: 0.838499
Sec_Event 1078154 N50: 33
T: 0.276609 Q: 3.10801
T: 0.173606 Q: -0.0130746
T: 0.0753223 Q: -0.0172017
T: -0.0152567 Q: -0.0120063
T: -0.0953785 Q: 0.886716
T: -0.162609 Q: -0.0065062
T: -0.214905 Q: 0.942733
T: -0.250677 Q: -0.00424862
T: -0.268839 Q: -0.0046193
T: -0.268839 Q: -0.00318837
T: -0.250677 Q: -0.00441872
T: -0.214905 Q: -0.00221797
T: -0.162609 Q: -0.00118483
T: -0.0953785 Q: 1.1685
T: -0.0152567 Q: 1.10153
T: 0.0753223 Q: 2.49825
T: 0.173606 Q: -0.00105367
T: 0.276609 Q: -0.00094517
T: 0.381201 Q: 0.991284
T: 0.484203 Q: -0.00107615
T: 0.582487 Q: -0.00163698
T: 0.673066 Q: -0.00240796
T: 0.753188 Q: 1.17725
T: 0.820418 Q: 1.01343
T: 0.872714 Q: -0.00675594
T: 0.908487 Q: -0.00697597
T: 0.926649 Q: 2.34909
T: 0.926649 Q: 1.02115
T: 0.908487 Q: -0.00694148
T: 0.872714 Q: -0.00847465
T: 0.820418 Q: -0.0115958
T: 0.753188 Q: -0.013644
T: 0.673066 Q: 0.856363
T: 0.582487 Q: -0.0221716
T: 0.484203 Q: 1.1627
T: 0.381201 Q: -0.0242601
Sec_Event 1098101 N50: 42
T: -0.327333 Q: -0.0049588
T: -0.434161 Q: 1.1607
T: -0.536095 Q: -0.00301421
T: -0.630038 Q: -0.00776245
T: -0.713136 Q: -0.00774377
T: -0.782863 Q: -0.0101799
T: -0.837101 Q: -0.0155539
T: -0.874202 Q: 1.04699
T: -0.893038 Q: 1.84413
T: -0.893038 Q: 1.1594
T: -0.874202 Q: 0.874182
T: -0.837101 Q: 0.965277
T: -0.782863 Q: -0.018742
T: -0.713136 Q: 1.09795
T: -0.630038 Q: 0.961181
T: -0.536095 Q: 1.30567
T: -0.434161 Q: 1.081
T: -0.327333 Q: 1.01655
T: -0.218857 Q: -0.00542477
T: -0.11203 Q: -0.00514989
T: -0.0100955 Q: 1.0463
T: 0.0838474 Q: -0.006479
T: 0.166945 Q: 1.16453
T: 0.236672 Q: -0.00353933
T: 0.29091 Q: 1.0028
T: 0.328011 Q: 0.987343
T: 0.346847 Q: -0.00288243
T: 0.346847 Q: -0.0110205
T: 0.328011 Q: -0.00292495
T: 0.29091 Q: 1.13108
T: 0.236672 Q: 1.01372
T: 0.166945 Q: -0.00381595
T: 0.0838474 Q: 1.20359
T: -0.0100955 Q: -0.0076937
T: -0.11203 Q: 0.974367
T: -0.218857 Q: -0.00203695
Sec_Event 1501605 N50: 57
T: 0.311688 Q: -0.00326347
T: 0.211424 Q: -0.00243714
T: 0.115752 Q: -0.00372084
T: 0.0275811 Q: -0.00535976
T: -0.0504109 Q: -0.00493402
T: -0.115854 Q: 1.4054
T: -0.16676 Q: -0.00636624
T: -0.201581 Q: 1.49476
T: -0.219261 Q: -0.0110577
T: -0.219261 Q: -0.0109115
T: -0.201581 Q: -0.0113644
T: -0.16676 Q: -0.0163555
T: -0.115854 Q: -0.0161766
T: -0.0504109 Q: 1.24975
T: 0.0275811 Q: 1.32387
T: 0.115752 Q: 2.52211
T: 0.211424 Q: -0.020216
T: 0.311688 Q: -0.023258
T: 0.4135 Q: -0.027581
T: 0.513764 Q: 1.42916
T: 0.609435 Q: 1.1906
T: 0.697607 Q: 2.22354
T: 0.775599 Q: 1.45917
T: 0.841042 Q: 2.78429
T: 0.891947 Q: -0.0462261
T: 0.926769 Q: 1.27394
T: 0.944448 Q: 2.32072
T: 0.944448 Q: 1.31974
T: 0.926769 Q: -0.0417986
T: 0.891947 Q: 0.839113
T: 0.841042 Q: 1.00084
T: 0.775599 Q: 0.875718
T: 0.697607 Q: -0.00975963
T: 0.609435 Q: 1.25561
T: 0.513764 Q: -0.00442718
T: 0.4135 Q: 1.20704
Sec_Event 1501605 N50: 41
Sec_Event 1501605 N50: 50
T: -0.257189 Q: -0.00408653
T: -0.367771 Q: -0.0036463
T: -0.473287 Q: 1.1251
T: -0.570531 Q: -0.00485336
T: -0.656549 Q: -0.00497022
T: -0.728726 Q: 1.18284
T: -0.78487 Q: 1.10307
T: -0.823275 Q: -0.00393797
T: -0.842773 Q: 1.16429
T: -0.842773 Q: 1.33377
T: -0.823275 Q: 2.35436
T: -0.78487 Q: -0.00465771
T: -0.728726 Q: -0.00555499
T: -0.656549 Q: -0.0112231
T: -0.570531 Q: 1.21565
T: -0.473287 Q: -0.0169192
T: -0.367771 Q: -0.0126312
T: -0.257189 Q: -0.015484
T: -0.144902 Q: 4.09212
T: -0.0343197 Q: -0.021343
T: 0.0711963 Q: 1.13043
T: 0.16844 Q: 1.19759
T: 0.254458 Q: -0.0111541
T: 0.326635 Q: -0.0106817
T: 0.382779 Q: -0.00953526
T: 0.421184 Q: -0.0167345
T: 0.440682 Q: -0.00644244
T: 0.440682 Q: 1.0903
T: 0.421184 Q: 1.34223
T: 0.382779 Q: 1.09152
T: 0.326635 Q: 1.18458
T: 0.254458 Q: 1.37095
T: 0.16844 Q: 1.42389
T: 0.0711963 Q: -0.00408937
T: -0.0343197 Q: 1.28621
T: -0.144902 Q: 1.21435
Sec_Event 1501605 N50: 52
Sec_Event 1501605 N50: 46
T: 0.153245 Q: -0.0157764
T: 0.0430251 Q: -0.0109943
T: -0.0621453 Q: -0.011522
T: -0.159071 Q: -0.0124276
T: -0.244807 Q: 1.19759
T: -0.316747 Q: -0.0131042
T: -0.372708 Q: -0.0159468
T: -0.410986 Q: -0.00756232
T: -0.430421 Q: 1.2326
T: -0.430421 Q: 3.65903
T: -0.410986 Q: 1.36513
T: -0.372708 Q: -0.00636668
T: -0.316747 Q: -0.00461994
T: -0.244807 Q: 1.20778
T: -0.159071 Q: 1.38434
T: -0.0621453 Q: -0.00520564
T: 0.0430251 Q: -0.00372114
T: 0.153245 Q: -0.00512669
T: 0.265165 Q: -0.00601954
T: 0.375385 Q: -0.00431915
T: 0.480555 Q: -0.00903742
T: 0.577481 Q: 1.23325
T: 0.663216 Q: 1.2691
T: 0.735157 Q: 1.1273
T: 0.791117 Q: -0.0251844
T: 0.829396 Q: 1.16293
T: 0.848831 Q: -0.0476633
T: 0.848831 Q: -0.0417155
T: 0.829396 Q: -0.0477725
T: 0.791117 Q: 0.95742
T: 0.735157 Q: -0.0406506
T: 0.663216 Q: -0.0288132
T: 0.577481 Q: -0.0243091
T: 0.480555 Q: -0.0184889
T: 0.375385 Q: 1.12309
T: 0.265165 Q: -0.0118818
Sec_Event 1501605 N50: 32
T: -0.0621674 Q: 1.99524
T: -0.177031 Q: -0.00761043
T: -0.286633 Q: -0.00715735
T: -0.387642 Q: -0.0152777
T: -0.47699 Q: -0.00802301
T: -0.551962 Q: -0.00642656
T: -0.61028 Q: -0.00611296
T: -0.650171 Q: -0.00596225
T: -0.670425 Q: -0.00455499
T: -0.670425 Q: 1.06299
T: -0.650171 Q: 1.98395
T: -0.61028 Q: -0.00396404
T: -0.551962 Q: -0.0031512
T: -0.47699 Q: -0.0024854
T: -0.387642 Q: -0.00243151
T: -0.286633 Q: -0.00223295
T: -0.177031 Q: -0.00163521
T: -0.0621674 Q: 1.18883
T: 0.0544682 Q: -0.00248568
T: 0.169332 Q: 0.971907
T: 0.278933 Q: -0.00189371
T: 0.379943 Q: 1.0356
T: 0.469291 Q: -0.00404851
T: 0.544263 Q: -0.00307117
T: 0.602581 Q: -0.0076282
T: 0.642472 Q: 0.99354
T: 0.662726 Q: 0.949896
T: 0.662726 Q: -0.00705745
T: 0.642472 Q: -0.00735338
T: 0.602581 Q: 1.12092
T: 0.544263 Q: 2.15815
T: 0.469291 Q: -0.00807492
T: 0.379943 Q: -0.00980309
T: 0.278933 Q: -0.00857117
T: 0.169332 Q: -0.00625093
T: 0.0544682 Q: -0.00805393
Sec_Event 2111568 N50: 37
T: -0.471537 Q: -0.0132684
T: -0.565912 Q: 1.24178
T: -0.655964 Q: 1.56584
T: -0.738956 Q: -0.0252882
T: -0.812367 Q: 1.24869
T: -0.873966 Q: -0.0497008
T: -0.921882 Q: 1.29891
T: -0.954658 Q: -0.0593567
T: -0.971299 Q: -0.0567582
T: -0.971299 Q: -0.0594225
T: -0.954658 Q: -0.0549127
T: -0.921882 Q: -0.0625828
T: -0.873966 Q: 1.59131
T: -0.812367 Q: -0.0846576
T: -0.738956 Q: -0.0856939
T: -0.655964 Q: -0.0566779
T: -0.565912 Q: -0.0516221
T: -0.471537 Q: -0.0337783
T: -0.375705 Q: -0.0422356
T: -0.28133 Q: -0.0313719
T: -0.191278 Q: 1.33385
T: -0.108286 Q: -0.0277986
T: -0.0348751 Q: -0.0266153
T: 0.026724 Q: 1.32113
T: 0.0746396 Q: 3.44775
T: 0.107416 Q: -0.0205909
T: 0.124057 Q: -0.0163504
T: 0.124057 Q: 1.28293
T: 0.107416 Q: -0.0108431
T: 0.0746396 Q: -0.0106529
T: 0.026724 Q: -0.0137452
T: -0.0348751 Q: -0.0117599
T: -0.108286 Q: -0.0109337
T: -0.191278 Q: 1.68083
T: -0.28133 Q: -0.0121696
T: -0.375705 Q: 1.5555
Sec_Event 2111568 N50: 33
Sec_Event 2111568 N50: 39
T: 0.0617239 Q: -0.0137471
T: -0.0516518 Q: 1.57482
T: -0.159834 Q: 2.02349
T: -0.259535 Q: -0.0237076
T: -0.347725 Q: -0.0281822
T: -0.421726 Q: 1.56364
T: -0.479288 Q: -0.0399486
T: -0.518663 Q: 1.61753
T: -0.538655 Q: -0.0563674
T: -0.538655 Q: -0.0583589
T: -0.518663 Q: -0.0655757
T: -0.479288 Q: 1.82299
T: -0.421726 Q: -0.0563604
T: -0.347725 Q: -0.0524273
T: -0.259535 Q: 1.69941
T: -0.159834 Q: -0.0757772
T: -0.0516518 Q: -0.0513147
T: 0.0617239 Q: 2.26056
T: 0.176849 Q: -0.0403196
T: 0.290224 Q: -0.0546671
T: 0.398406 Q: -0.0250964
T: 0.498107 Q: -0.0156196
T: 0.586298 Q: -0.00902249
T: 0.660299 Q: 1.69049
T: 0.717861 Q: -0.00544934
T: 0.757236 Q: -0.00547856
T: 0.777227 Q: 5.40855
T: 0.777227 Q: -0.00780246
T: 0.757236 Q: -0.00568514
T: 0.717861 Q: -0.00496906
T: 0.660299 Q: -0.00628984
T: 0.586298 Q: -0.00832455
T: 0.498107 Q: 1.16623
T: 0.398406 Q: 1.40784
T: 0.290224 Q: -0.0127923
T: 0.176849 Q: 2.10858
Sec_Event 2111568 N50: 36
T: 0.603963 Q: 1.16439
T: 0.544125 Q: -0.011602
T: 0.487029 Q: -0.0107786
T: 0.434408 Q: -0.0140664
T: 0.387863 Q: -0.0163822
T: 0.348806 Q: -0.0214726
T: 0.318426 Q: 1.2229
T: 0.297644 Q: -0.0191425
T: 0.287093 Q: -0.0263918
T: 0.287093 Q: -0.0200531
T: 0.297644 Q: -0.0258662
T: 0.318426 Q: -0.0255847
T: 0.348806 Q: -0.0229063
T: 0.387863 Q: -0.0260248
T: 0.434408 Q: 1.20636
T: 0.487029 Q: 3.5049
T: 0.544125 Q: -0.0181653
T: 0.603963 Q: 1.11697
T: 0.664724 Q: -0.0112847
T: 0.724562 Q: 2.54947
T: 0.781658 Q: -0.00636196
T: 0.834279 Q: 1.08411
T: 0.880825 Q: -0.00295512
T: 0.919881 Q: 1.66094
T: 0.950261 Q: -0.0027346
T: 0.971043 Q: -0.00300158
T: 0.981594 Q: 1.34583
T: 0.981594 Q: -0.00281568
T: 0.971043 Q: -0.00331265
T: 0.950261 Q: 1.43967
T: 0.919881 Q: -0.00283247
T: 0.880825 Q: -0.00435323
T: 0.834279 Q: -0.00371673
T: 0.781658 Q: -0.00515911
T: 0.724562 Q: -0.00927191
T: 0.664724 Q: -0.00767578
Sec_Event 2111568 N50: 37
T: 0.263195 Q: -0.00338391
T: 0.15923 Q: -0.00199141
T: 0.0600277 Q: -0.00229644
T: -0.0313975 Q: -0.00360737
T: -0.112268 Q: 1.11924
T: -0.180126 Q: -0.00245152
T: -0.23291 Q: -0.00495826
T: -0.269017 Q: 1.56903
T: -0.287349 Q: 1.22168
T: -0.287349 Q: 1.46118
T: -0.269017 Q: -0.00747976
T: -0.23291 Q: -0.00981814
T: -0.180126 Q: -0.0113601
T: -0.112268 Q: 1.1181
T: -0.0313975 Q: -0.0105163
T: 0.0600277 Q: -0.00997304
T: 0.15923 Q: -0.0125941
T: 0.263195 Q: -0.0132455
T: 0.368763 Q: -0.00665954
T: 0.472728 Q: -0.00382819
T: 0.57193 Q: -0.00164801
T: 0.663355 Q: -0.00169218
T: 0.744226 Q: 2.56802
T: 0.812084 Q: 3.86699
T: 0.864868 Q: -0.000608836
T: 0.900975 Q: 3.06903
T: 0.919307 Q: -0.00109565
T: 0.900975 Q: -0.000733185
T: 0.864868 Q: -0.00043219
T: 0.812084 Q: 1.04485
T: 0.744226 Q: -0.00279022
T: 0.663355 Q: -0.000989608
T: 0.57193 Q: -0.00124162
T: 0.472728 Q: -0.00357603
T: 0.368763 Q: 1.17857
Sec_Event 2111568 N50: 48
T: 0.415302 Q: -0.00619723
T: 0.325214 Q: -0.00563918
T: 0.239253 Q: 1.06737
T: 0.160031 Q: -0.00825777
T: 0.0899554 Q: 3.44684
T: 0.0311547 Q: -0.00862981
T: -0.0145841 Q: -0.011967
T: -0.0458713 Q: 0.994522
T: -0.0617562 Q: -0.0199581
T: -0.0617562 Q: 2.38106
T: -0.0458713 Q: -0.0166493
T: -0.0145841 Q: -0.018756
T: 0.0311547 Q: -0.0227842
T: 0.0899554 Q: -0.0263798
T: 0.160031 Q: -0.0208168
T: 0.239253 Q: 2.73979
T: 0.325214 Q: 0.824725
T: 0.415302 Q: 0.790978
T: 0.50678 Q: -0.0131882
T: 0.596867 Q: -0.00787032
T: 0.682828 Q: -0.00392192
T: 0.76205 Q: 1.90637
T: 0.832126 Q: 1.98028
T: 0.890927 Q: -0.00241105
T: 0.936666 Q: -0.00229941
T: 0.967953 Q: -0.00170939
T: 0.983838 Q: 1.01431
T: 0.983838 Q: -0.00174623
T: 0.967953 Q: 2.07671
T: 0.936666 Q: -0.00152223
T: 0.890927 Q: 0.835829
T: 0.832126 Q: -0.00238258
T: 0.76205 Q: -0.00326616
T: 0.682828 Q: -0.00404542
T: 0.596867 Q: -0.00807549
T: 0.50678 Q: 2.19701
Sec_Event 2217825 N50: 31
T: 0.224659 Q: -0.00301549
T: 0.118179 Q: -0.00326489
T: 0.0165762 Q: -0.00336489
T: -0.077061 Q: -0.00608572
T: -0.159888 Q: -0.00754159
T: -0.229388 Q: -0.00685761
T: -0.28345 Q: -0.00714508
T: -0.32043 Q: 2.26218
T: -0.339205 Q: -0.0125564
T: -0.339205 Q: 1.07259
T: -0.32043 Q: -0.0150142
T: -0.28345 Q: -0.013519
T: -0.229388 Q: -0.0151791
T: -0.159888 Q: 0.959127
T: -0.077061 Q: -0.0224095
T: 0.0165762 Q: -0.0132306
T: 0.118179 Q: -0.0208253
T: 0.224659 Q: -0.0206579
T: 0.332782 Q: -0.0215238
T: 0.439262 Q: -0.0202894
T: 0.540864 Q: 1.16836
T: 0.634502 Q: -0.023206
T: 0.717329 Q: 1.013
T: 0.786829 Q: 1.21895
T: 0.84089 Q: -0.0162477
T: 0.87787 Q: -0.0104929
T: 0.896646 Q: -0.0104381
T: 0.896646 Q: -0.00841872
T: 0.87787 Q: -0.00799394
T: 0.84089 Q: 1.21879
T: 0.786829 Q: 1.07381
T: 0.717329 Q: -0.0125916
T: 0.634502 Q: 0.981075
T: 0.540864 Q: -0.0044338
T: 0.439262 Q: -0.00336044
T: 0.332782 Q: -0.00448543
Sec_Event 2935908 N50: 25
T: -0.34483 Q: -0.0291018
T: -0.450511 Q: -0.0345206
T: -0.551351 Q: -0.044224
T: -0.644285 Q: -0.0596188
T: -0.726491 Q: -0.0575758
T: -0.795469 Q: -0.0555716
T: -0.849125 Q: -0.04986
T: -0.885827 Q: -0.0355449
T: -0.904462 Q: 1.32741
T: -0.904462 Q: -0.0423232
T: -0.885827 Q: -0.0352899
T: -0.849125 Q: -0.0416535
T: -0.795469 Q: -0.0503004
T: -0.726491 Q: 0.991118
T: -0.644285 Q: -0.0228975
T: -0.551351 Q: -0.0169288
T: -0.450511 Q: -0.0151629
T: -0.34483 Q: -0.0197662
T: -0.237519 Q: -0.0215217
T: -0.131838 Q: -0.0126222
T: -0.030998 Q: -0.0119242
T: 0.0619364 Q: 1.32865
T: 0.144142 Q: -0.0197249
T: 0.21312 Q: -0.0146742
T: 0.266776 Q: 1.27375
T: 0.303478 Q: -0.0214635
T: 0.322113 Q: -0.0190511
T: 0.322113 Q: -0.0357578
T: 0.303478 Q: 1.16051
T: 0.266776 Q: 2.4364
T: 0.21312 Q: -0.0267378
T: 0.144142 Q: -0.0249767
T: 0.0619364 Q: -0.0230246
T: -0.030998 Q: -0.0250687
T: -0.131838 Q: -0.0299745
T: -0.237519 Q: -0.028259
Sec_Event 2935908 N50: 34
T: 0.378776 Q: 1.27818
T: 0.284715 Q: -0.021676
T: 0.194963 Q: -0.020421
T: 0.112246 Q: 1.1775
T: 0.0390794 Q: -0.0224068
T: -0.0223148 Q: -0.0230997
T: -0.0700711 Q: -0.0258086
T: -0.102738 Q: -0.0187464
T: -0.119324 Q: 1.29194
T: -0.119324 Q: -0.0211315
T: -0.102738 Q: 1.14753
T: -0.0700711 Q: -0.0173541
T: -0.0223148 Q: 1.18865
T: 0.0390794 Q: 1.09236
T: 0.112246 Q: -0.0162522
T: 0.194963 Q: -0.0191764
T: 0.284715 Q: -0.0140594
T: 0.378776 Q: 1.3214
T: 0.474289 Q: -0.0124471
T: 0.56835 Q: -0.0127095
T: 0.658103 Q: -0.0109447
T: 0.740819 Q: -0.00776438
T: 0.813986 Q: 1.16262
T: 0.87538 Q: -0.00854027
T: 0.923136 Q: -0.00391899
T: 0.955804 Q: 0.976339
T: 0.972389 Q: 1.03067
T: 0.972389 Q: -0.00409916
T: 0.955804 Q: -0.00330628
T: 0.923136 Q: -0.00396082
T: 0.87538 Q: -0.00419479
T: 0.813986 Q: -0.00595385
T: 0.740819 Q: -0.00828138
T: 0.658103 Q: -0.0101086
T: 0.56835 Q: -0.0150961
T: 0.474289 Q: 0.935803
Sec_Event 2993006 N50: 47
T: -0.421527 Q: -0.000838645
T: -0.521054 Q: 1.08004
T: -0.616022 Q: -0.000630587
T: -0.703546 Q: -0.00127128
T: -0.780964 Q: -0.00138013
T: -0.845926 Q: -0.002974
T: -0.896458 Q: -0.010509
T: -0.931023 Q: -0.0178874
T: -0.948573 Q: -0.00920385
T: -0.948573 Q: 1.12993
T: -0.931023 Q: 1.11266
T: -0.896458 Q: 2.2732
T: -0.845926 Q: -0.0123447
T: -0.780964 Q: 2.20709
T: -0.703546 Q: 1.08406
T: -0.616022 Q: 1.04963
T: -0.521054 Q: 1.06297
T: -0.421527 Q: 1.12123
T: -0.320464 Q: -0.0449485
T: -0.220936 Q: 0.927878
T: -0.125968 Q: 1.04756
T: -0.0384449 Q: 1.02964
T: 0.0389739 Q: 1.04426
T: 0.103936 Q: 4.20366
T: 0.154467 Q: -0.0154666
T: 0.189033 Q: 0.926494
T: 0.206582 Q: -0.00909099
T: 0.206582 Q: -0.0042868
T: 0.189033 Q: -0.00425534
T: 0.154467 Q: -0.00322471
T: 0.103936 Q: 0.934455
T: 0.0389739 Q: -0.000724088
T: -0.0384449 Q: -0.000809973
T: -0.125968 Q: -0.000965303
T: -0.220936 Q: -0.000222476
T: -0.320464 Q: -0.000565829
Sec_Event 4183236 N50: 39
T: 0.612858 Q: -0.00456499
T: 0.555058 Q: -0.00361955
T: 0.499906 Q: -0.00273708
T: 0.449077 Q: -0.00266591
T: 0.404117 Q: -0.00139025
T: 0.36639 Q: 1.20705
T: 0.337044 Q: 1.34543
T: 0.316971 Q: 1.20554
T: 0.306779 Q: -0.0010899
T: 0.316971 Q: -0.00170478
T: 0.337044 Q: -0.000293956
T: 0.36639 Q: -0.00178801
T: 0.404117 Q: -0.00060529
T: 0.449077 Q: -0.000725989
T: 0.499906 Q: -0.0013181
T: 0.555058 Q: -0.00171039
T: 0.612858 Q: -0.00212591
T: 0.67155 Q: 0.983062
T: 0.72935 Q: 0.765002
T: 0.784502 Q: -0.013859
T: 0.83533 Q: -0.0233342
T: 0.880291 Q: -0.04793
T: 0.918017 Q: -0.0981165
T: 0.947363 Q: 2.58274
T: 0.967437 Q: -0.0560209
T: 0.977629 Q: -0.0469487
T: 0.977629 Q: 1.21303
T: 0.967437 Q: -0.054991
T: 0.947363 Q: -0.0519123
T: 0.918017 Q: 1.42353
T: 0.880291 Q: -0.0992765
T: 0.83533 Q: 0.663843
T: 0.784502 Q: 0.850331
T: 0.72935 Q: 0.83407
T: 0.67155 Q: 0.851573
Sec_Event 4593389 N50: 47
T: 0.579163 Q: -0.00441862
T: 0.514053 Q: 2.60669
T: 0.451925 Q: 0.646346
T: 0.394667 Q: -0.0104887
T: 0.34402 Q: 0.757658
T: 0.301522 Q: 0.593579
T: 0.268464 Q: -0.0160993
T: 0.245852 Q: 1.5941
T: 0.234371 Q: 0.580076
T: 0.234371 Q: 0.905238
T: 0.245852 Q: -0.014302
T: 0.268464 Q: 1.00161
T: 0.301522 Q: -0.0151831
T: 0.34402 Q: -0.0179221
T: 0.394667 Q: -0.0130077
T: 0.451925 Q: 1.50298
T: 0.514053 Q: -0.00381137
T: 0.579163 Q: 1.01588
T: 0.645278 Q: 0.986967
T: 0.710389 Q: 1.12961
T: 0.772517 Q: -0.00167628
T: 0.829775 Q: -0.00070004
T: 0.880422 Q: 1.27088
T: 0.92292 Q: 1.3047
T: 0.955977 Q: -0.000527242
T: 0.97859 Q: -0.00137612
T: 0.990071 Q: -0.000579669
T: 0.990071 Q: -0.000576626
T: 0.97859 Q: -0.000630036
T: 0.955977 Q: 2.46361
T: 0.92292 Q: -0.00063442
T: 0.880422 Q: 1.25059
T: 0.829775 Q: -0.00109899
T: 0.772517 Q: 1.00183
T: 0.710389 Q: 0.913499
T: 0.645278 Q: -0.00315574
100000/360392
Sec_Event 5896468 N50: 31
T: -0.631658 Q: 1.00942
T: -0.700079 Q: -0.00613393
T: -0.765365 Q: -0.00418812
T: -0.825534 Q: -0.00384288
T: -0.878756 Q: -0.0032811
T: -0.923414 Q: 1.06348
T: -0.958152 Q: 1.35492
T: -0.981915 Q: -0.0027799
T: -0.993979 Q: -0.00232785
T: -0.993979 Q: -0.00215218
T: -0.981915 Q: -0.00185421
T: -0.958152 Q: -0.00215537
T: -0.923414 Q: -0.0021986
T: -0.878756 Q: -0.00279002
T: -0.825534 Q: -0.00515927
T: -0.765365 Q: 1.16133
T: -0.700079 Q: -0.00620454
T: -0.631658 Q: -0.00723336
T: -0.562181 Q: -0.0128216
T: -0.49376 Q: -0.0173959
T: -0.428474 Q: -0.0215277
T: -0.368305 Q: -0.0290535
T: -0.315083 Q: -0.0352673
T: -0.270425 Q: 1.15999
T: -0.235686 Q: 0.801852
T: -0.211924 Q: 1.31803
T: -0.19986 Q: -0.0441647
T: -0.19986 Q: -0.0448291
T: -0.211924 Q: 0.860675
T: -0.235686 Q: -0.0425002
T: -0.270425 Q: 3.79327
T: -0.315083 Q: -0.0339625
T: -0.368305 Q: -0.0245059
T: -0.428474 Q: -0.0208012
T: -0.49376 Q: 3.03927
T: -0.562181 Q: -0.0107439
Sec_Event 6907630 N50: 33
T: -0.298441 Q: 1.49766
T: -0.406973 Q: -0.00792074
T: -0.510534 Q: 0.911877
T: -0.605976 Q: 0.996852
T: -0.6904 Q: 2.24589
T: -0.76124 Q: -0.00163513
T: -0.816343 Q: 1.97058
T: -0.854036 Q: -0.000316609
T: -0.873173 Q: -0.00098061
T: -0.873173 Q: 1.01668
T: -0.854036 Q: -0.000690528
T: -0.816343 Q: 1.03854
T: -0.76124 Q: 1.87629
T: -0.6904 Q: -0.00137494
T: -0.605976 Q: -0.00298141
T: -0.510534 Q: -0.0057769
T: -0.406973 Q: 0.94861
T: -0.298441 Q: 1.49669
T: -0.188234 Q: -0.014605
T: -0.0797008 Q: 1.20225
T: 0.02386 Q: -0.0135771
T: 0.119302 Q: 1.18115
T: 0.203726 Q: -0.0181645
T: 0.274565 Q: 1.11811
T: 0.329669 Q: -0.0195188
T: 0.367362 Q: -0.0230274
T: 0.386499 Q: -0.0199152
T: 0.386499 Q: -0.0275212
T: 0.367362 Q: -0.0220407
T: 0.329669 Q: -0.0264367
T: 0.274565 Q: -0.0256372
T: 0.203726 Q: 2.31536
T: 0.119302 Q: -0.0281397
T: 0.02386 Q: 1.42971
T: -0.0797008 Q: -0.0232768
T: -0.188234 Q: -0.0223278
Sec_Event 7111672 N50: 43
T: -0.388472 Q: -0.00649253
T: -0.490889 Q: -0.00703358
T: -0.588614 Q: -0.0111512
T: -0.678678 Q: 1.11872
T: -0.758344 Q: -0.0191539
T: -0.825192 Q: -0.0273924
T: -0.87719 Q: -0.0323863
T: -0.912759 Q: -0.0305246
T: -0.930818 Q: 0.777358
T: -0.930818 Q: -0.0264167
T: -0.912759 Q: 1.81465
T: -0.87719 Q: -0.0135024
T: -0.825192 Q: -0.00684564
T: -0.758344 Q: -0.00485147
T: -0.678678 Q: -0.00326235
T: -0.588614 Q: -0.000959153
T: -0.490889 Q: 1.17171
T: -0.388472 Q: 1.06096
T: -0.284475 Q: -0.0013876
T: -0.182058 Q: -0.000927704
T: -0.0843326 Q: 1.41549
T: 0.00573134 Q: 2.49815
T: 0.0853976 Q: -0.00192405
T: 0.152246 Q: 1.14676
T: 0.204244 Q: -0.00166975
T: 0.239813 Q: -0.00276394
T: 0.257872 Q: 1.21929
T: 0.257872 Q: -0.00114505
T: 0.239813 Q: 1.2226
T: 0.204244 Q: -0.00394314
T: 0.152246 Q: -0.00221884
T: 0.0853976 Q: -0.00827426
T: 0.00573134 Q: -0.00221146
T: -0.0843326 Q: 1.13207
T: -0.182058 Q: 1.09535
T: -0.284475 Q: 2.25362
Sec_Event 7190471 N50: 26
T: -0.657266 Q: -0.00657861
T: -0.719213 Q: -0.0080942
T: -0.778321 Q: -0.0165039
T: -0.832795 Q: -0.0125423
T: -0.880981 Q: -0.0225835
T: -0.921413 Q: 1.40471
T: -0.952864 Q: -0.0206121
T: -0.974377 Q: -0.0174057
T: -0.9853 Q: 1.37858
T: -0.9853 Q: -0.0197221
T: -0.974377 Q: 1.14075
T: -0.952864 Q: -0.0242157
T: -0.921413 Q: -0.0243617
T: -0.880981 Q: -0.0269638
T: -0.832795 Q: -0.0346668
T: -0.778321 Q: -0.0416554
T: -0.719213 Q: 1.14661
T: -0.657266 Q: -0.0464047
T: -0.594365 Q: -0.0420808
T: -0.532419 Q: -0.0430111
T: -0.473311 Q: -0.0494155
T: -0.418836 Q: 1.16664
T: -0.370651 Q: -0.0281819
T: -0.330219 Q: -0.0273747
T: -0.298768 Q: -0.0173976
T: -0.277254 Q: -0.0152757
T: -0.266331 Q: -0.015848
T: -0.266331 Q: -0.010701
T: -0.277254 Q: -0.0128517
T: -0.298768 Q: -0.00911088
T: -0.330219 Q: 1.05465
T: -0.370651 Q: 1.04775
T: -0.418836 Q: 1.14752
T: -0.473311 Q: -0.00599633
T: -0.532419 Q: -0.007842
T: -0.594365 Q: -0.00873259
Sec_Event 7476596 N50: 25
T: 0.591329 Q: 1.29578
T: 0.528734 Q: -0.019005
T: 0.469007 Q: -0.0246767
T: 0.413963 Q: -0.0227184
T: 0.365273 Q: -0.033401
T: 0.324417 Q: -0.0252122
T: 0.292637 Q: -0.0316796
T: 0.270898 Q: -0.0518618
T: 0.259861 Q: -0.02536
T: 0.259861 Q: -0.0274039
T: 0.270898 Q: 1.39991
T: 0.292637 Q: -0.0250316
T: 0.324417 Q: -0.0285918
T: 0.365273 Q: -0.0297975
T: 0.413963 Q: 1.39391
T: 0.469007 Q: -0.022946
T: 0.528734 Q: -0.0186877
T: 0.591329 Q: 1.03087
T: 0.654889 Q: -0.0220968
T: 0.717483 Q: -0.0163178
T: 0.77721 Q: 1.28103
T: 0.832255 Q: -0.00808977
T: 0.880945 Q: -0.00645626
T: 0.921801 Q: -0.00651658
T: 0.953581 Q: 1.38867
T: 0.97532 Q: -0.00466913
T: 0.986357 Q: 1.24601
T: 0.986357 Q: 1.42417
T: 0.97532 Q: -0.00584949
T: 0.953581 Q: -0.0060279
T: 0.921801 Q: -0.00558739
T: 0.880945 Q: -0.00862453
T: 0.832255 Q: -0.00935079
T: 0.77721 Q: -0.010691
T: 0.717483 Q: 1.03945
T: 0.654889 Q: -0.0171491
Sec_Event 8460468 N50: 38
T: -0.487404 Q: 0.916306
T: -0.579922 Q: -0.00967234
T: -0.668203 Q: -0.00733237
T: -0.749562 Q: 1.0346
T: -0.821529 Q: 1.00653
T: -0.881916 Q: 1.10187
T: -0.928889 Q: 0.959307
T: -0.96102 Q: 1.04159
T: -0.977334 Q: -0.00255001
T: -0.977334 Q: -0.00218081
T: -0.96102 Q: 0.998753
T: -0.928889 Q: -0.00261146
T: -0.881916 Q: -0.00347538
T: -0.821529 Q: -0.003877
T: -0.749562 Q: -0.0046492
T: -0.668203 Q: -0.00828789
T: -0.579922 Q: 0.936296
T: -0.487404 Q: -0.0180305
T: -0.393458 Q: -0.0266306
T: -0.300939 Q: 0.787947
T: -0.212659 Q: -0.0399073
T: -0.131299 Q: -0.0376619
T: -0.0593326 Q: 2.40628
T: 0.00105465 Q: 1.22052
T: 0.0480276 Q: -0.0524269
T: 0.080159 Q: -0.0458117
T: 0.0964725 Q: -0.037903
T: 0.0964725 Q: -0.0394016
T: 0.080159 Q: -0.0415456
T: 0.0480276 Q: -0.0375227
T: 0.00105465 Q: -0.0332735
T: -0.0593326 Q: -0.0352656
T: -0.131299 Q: -0.034499
T: -0.212659 Q: -0.0266472
T: -0.300939 Q: -0.0230648
T: -0.393458 Q: -0.018277
Sec_Event 8749405 N50: 34
T: 0.513768 Q: -0.0187676
T: 0.436991 Q: 1.44983
T: 0.363732 Q: 3.31065
T: 0.296215 Q: -0.0120081
T: 0.236494 Q: -0.0159072
T: 0.186381 Q: -0.0258178
T: 0.147401 Q: -0.0167168
T: 0.120736 Q: -0.0163326
T: 0.107199 Q: 1.49509
T: 0.107199 Q: -0.015395
T: 0.120736 Q: -0.012984
T: 0.147401 Q: 1.66553
T: 0.186381 Q: -0.0133149
T: 0.236494 Q: 1.43284
T: 0.296215 Q: -0.0111246
T: 0.363732 Q: -0.0149051
T: 0.436991 Q: 1.42349
T: 0.513768 Q: 1.85841
T: 0.591729 Q: -0.0182655
T: 0.668505 Q: -0.0209459
T: 0.741765 Q: -0.0244457
T: 0.809281 Q: -0.0215921
T: 0.869003 Q: -0.018474
T: 0.919115 Q: -0.0103494
T: 0.958096 Q: -0.00930755
T: 0.98476 Q: 3.21975
T: 0.998298 Q: -0.0101659
T: 0.998298 Q: -0.0090873
T: 0.98476 Q: -0.0109471
T: 0.958096 Q: -0.00965217
T: 0.919115 Q: 1.34685
T: 0.869003 Q: -0.01372
T: 0.809281 Q: -0.0163159
T: 0.741765 Q: -0.0198211
T: 0.668505 Q: 1.42588
T: 0.591729 Q: -0.0314103
Sec_Event 8800414 N50: 30
Sec_Event 8800414 N50: 37
T: 0.268217 Q: -0.0167906
T: 0.164607 Q: 1.23934
T: 0.0657431 Q: -0.0229026
T: -0.02537 Q: -0.0192725
T: -0.105964 Q: 1.22351
T: -0.173591 Q: -0.0282965
T: -0.226195 Q: -0.0397795
T: -0.262178 Q: 1.37961
T: -0.280448 Q: -0.0379855
T: -0.280448 Q: -0.0371909
T: -0.262178 Q: -0.040314
T: -0.226195 Q: -0.0415709
T: -0.173591 Q: -0.0474854
T: -0.105964 Q: 1.77339
T: -0.02537 Q: 1.39382
T: 0.0657431 Q: -0.0463056
T: 0.164607 Q: 1.38274
T: 0.268217 Q: -0.0428716
T: 0.373425 Q: -0.0364293
T: 0.477035 Q: -0.0439551
T: 0.575898 Q: -0.0376888
T: 0.667011 Q: 1.21994
T: 0.747606 Q: -0.0196397
T: 0.815232 Q: 1.35023
T: 0.867837 Q: 1.25786
T: 0.90382 Q: -0.0121699
T: 0.922089 Q: -0.0102113
T: 0.922089 Q: -0.0115512
T: 0.90382 Q: 1.55927
T: 0.867837 Q: -0.0125581
T: 0.815232 Q: -0.0177754
T: 0.747606 Q: -0.0236537
T: 0.667011 Q: 1.21793
T: 0.575898 Q: 1.28216
T: 0.477035 Q: 1.31542
T: 0.373425 Q: 1.13869
Sec_Event 8800414 N50: 29
T: -0.0424415 Q: -0.0130478
T: -0.15728 Q: -0.014481
T: -0.266859 Q: 1.08346
T: -0.367846 Q: -0.0171147
T: -0.457175 Q: 2.29227
T: -0.532131 Q: -0.0222163
T: -0.590436 Q: -0.0414203
T: -0.630319 Q: -0.041986
T: -0.650569 Q: -0.0464595
T: -0.650569 Q: -0.0460173
T: -0.630319 Q: -0.0460366
T: -0.590436 Q: -0.0456309
T: -0.532131 Q: 1.00641
T: -0.457175 Q: -0.0422771
T: -0.367846 Q: -0.0362972
T: -0.266859 Q: -0.0315138
T: -0.15728 Q: -0.0353861
T: -0.0424415 Q: -0.0368969
T: 0.0741691 Q: -0.0292781
T: 0.189008 Q: -0.0340594
T: 0.298586 Q: -0.0340993
T: 0.399574 Q: -0.0325626
T: 0.488903 Q: 0.814891
T: 0.563859 Q: -0.0292082
T: 0.622164 Q: 1.01592
T: 0.662047 Q: -0.0174777
T: 0.682296 Q: -0.0190312
T: 0.682296 Q: -0.0149431
T: 0.662047 Q: -0.0237458
T: 0.622164 Q: -0.0180682
T: 0.563859 Q: -0.0266753
T: 0.488903 Q: -0.0179596
T: 0.399574 Q: -0.020135
T: 0.298586 Q: 0.968465
T: 0.189008 Q: -0.0133371
T: 0.0741691 Q: -0.0105779
Sec_Event 9169321 N50: 26
T: -0.643225 Q: -0.0215305
T: -0.708853 Q: -0.0240452
T: -0.771475 Q: 1.10238
T: -0.829187 Q: -0.0164925
T: -0.880236 Q: -0.012874
T: -0.923072 Q: 2.45382
T: -0.956392 Q: -0.00889042
T: -0.979184 Q: -0.00860925
T: -0.990756 Q: -0.00755512
T: -0.990756 Q: -0.010586
T: -0.979184 Q: -0.00844457
T: -0.956392 Q: 1.09172
T: -0.923072 Q: -0.00991914
T: -0.880236 Q: -0.00984643
T: -0.829187 Q: -0.015447
T: -0.771475 Q: -0.0176644
T: -0.708853 Q: 1.12844
T: -0.643225 Q: -0.0194165
T: -0.576585 Q: -0.0184151
T: -0.510957 Q: -0.0186113
T: -0.448335 Q: 1.19439
T: -0.390623 Q: 1.05808
T: -0.339574 Q: -0.0196226
T: -0.296738 Q: -0.0196665
T: -0.263418 Q: -0.0131279
T: -0.240625 Q: -0.0140937
T: -0.229053 Q: -0.0164624
T: -0.229053 Q: 1.02777
T: -0.240625 Q: -0.0110505
T: -0.263418 Q: -0.012431
T: -0.296738 Q: -0.0160298
T: -0.339574 Q: -0.0136987
T: -0.390623 Q: 1.02523
T: -0.448335 Q: -0.0187359
T: -0.510957 Q: -0.0213129
T: -0.576585 Q: -0.025103
200000/360392
Sec_Event 9609452 N50: 35
T: 0.349515 Q: 2.14104
T: 0.252583 Q: -0.0145647
T: 0.160092 Q: 1.34906
T: 0.0748519 Q: -0.019127
T: -0.000547565 Q: -0.0138544
T: -0.0638152 Q: -0.0180242
T: -0.113029 Q: 2.37095
T: -0.146693 Q: 2.51077
T: -0.163784 Q: -0.0154468
T: -0.163784 Q: -0.0110786
T: -0.146693 Q: -0.0135873
T: -0.113029 Q: 2.18064
T: -0.0638152 Q: -0.0170448
T: -0.000547565 Q: 2.42787
T: 0.0748519 Q: -0.0117577
T: 0.160092 Q: -0.0121429
T: 0.252583 Q: -0.0120176
T: 0.349515 Q: -0.0132611
T: 0.447942 Q: -0.00780202
T: 0.544874 Q: -0.00786045
T: 0.637365 Q: 0.851927
T: 0.722605 Q: -0.00181691
T: 0.798005 Q: -0.00103502
T: 0.861272 Q: -0.000983121
T: 0.910486 Q: -0.000800343
T: 0.94415 Q: -0.000769303
T: 0.961241 Q: 1.26729
T: 0.961241 Q: 2.97473
T: 0.94415 Q: 1.14883
T: 0.910486 Q: -0.000977406
T: 0.861272 Q: -0.000639345
T: 0.798005 Q: -0.00136302
T: 0.722605 Q: -0.00179732
T: 0.637365 Q: -0.00338257
T: 0.544874 Q: -0.0038193
T: 0.447942 Q: -0.00877616
Sec_Event 9609452 N50: 25
T: -0.706763 Q: -0.048803
T: -0.751686 Q: 2.50724
T: -0.79455 Q: -0.0639219
T: -0.834054 Q: -0.0579624
T: -0.868998 Q: -0.0598372
T: -0.898319 Q: -0.0672062
T: -0.921127 Q: 2.81924
T: -0.936728 Q: -0.0690382
T: -0.944649 Q: -0.0691132
T: -0.944649 Q: -0.0629299
T: -0.936728 Q: -0.0625742
T: -0.921127 Q: -0.0682768
T: -0.898319 Q: -0.0707763
T: -0.868998 Q: -0.0801458
T: -0.834054 Q: -0.0685836
T: -0.79455 Q: 1.2514
T: -0.751686 Q: -0.0558995
T: -0.706763 Q: 1.43912
T: -0.661148 Q: 1.44909
T: -0.616226 Q: -0.0401365
T: -0.573361 Q: -0.0351725
T: -0.533857 Q: -0.0293455
T: -0.498914 Q: -0.0319602
T: -0.469593 Q: -0.0376942
T: -0.446785 Q: -0.0263742
T: -0.431184 Q: -0.0306073
T: -0.423263 Q: 1.28424
T: -0.423263 Q: 1.272
T: -0.431184 Q: -0.0236493
T: -0.446785 Q: 1.37773
T: -0.469593 Q: -0.031545
T: -0.498914 Q: -0.0273759
T: -0.533857 Q: -0.0294875
T: -0.573361 Q: 1.34006
T: -0.616226 Q: -0.0389147
T: -0.661148 Q: -0.0348194
Sec_Event 9609452 N50: 32
T: -0.102429 Q: -0.0129715
T: -0.21709 Q: -0.0174638
T: -0.326499 Q: -0.0195071
T: -0.427331 Q: -0.0140962
T: -0.516522 Q: -0.031145
T: -0.591362 Q: -0.0268157
T: -0.649577 Q: -0.0364685
T: -0.689399 Q: -0.0430563
T: -0.709617 Q: 1.15712
T: -0.709617 Q: -0.0540101
T: -0.689399 Q: -0.04942
T: -0.649577 Q: -0.0432102
T: -0.591362 Q: 1.10537
T: -0.516522 Q: 2.21547
T: -0.427331 Q: -0.0293612
T: -0.326499 Q: -0.0185571
T: -0.21709 Q: 1.11811
T: -0.102429 Q: -0.0228611
T: 0.0140019 Q: -0.0139687
T: 0.128664 Q: -0.0172719
T: 0.238073 Q: -0.0120994
T: 0.338904 Q: 2.00267
T: 0.428095 Q: 0.80123
T: 0.502935 Q: 1.75351
T: 0.561151 Q: -0.00147899
T: 0.600972 Q: 0.908065
T: 0.62119 Q: -0.00127062
T: 0.62119 Q: 1.08374
T: 0.600972 Q: -0.000907774
T: 0.561151 Q: -0.00153913
T: 0.502935 Q: -0.00146954
T: 0.428095 Q: 1.06427
T: 0.338904 Q: -0.0060478
T: 0.238073 Q: -0.0112264
T: 0.128664 Q: 0.572047
T: 0.0140019 Q: 1.13744
Sec_Event 9938722 N50: 27
T: -0.281112 Q: -0.0236653
T: -0.39056 Q: 1.25636
T: -0.494993 Q: -0.0237653
T: -0.591239 Q: -0.0285068
T: -0.676374 Q: -0.0442952
T: -0.74781 Q: 2.59044
T: -0.803378 Q: -0.0486917
T: -0.841389 Q: -0.0562097
T: -0.860687 Q: -0.0549704
T: -0.860687 Q: -0.0424882
T: -0.841389 Q: 0.951413
T: -0.803378 Q: -0.0442268
T: -0.74781 Q: -0.0250056
T: -0.676374 Q: -0.0167176
T: -0.591239 Q: -0.0179541
T: -0.494993 Q: -0.0140739
T: -0.39056 Q: -0.0115441
T: -0.281112 Q: -0.00974301
T: -0.169977 Q: -0.0112017
T: -0.0605298 Q: -0.00899301
T: 0.0439034 Q: -0.00725316
T: 0.14015 Q: -0.00854401
T: 0.225284 Q: -0.0128872
T: 0.296721 Q: -0.0130989
T: 0.352289 Q: -0.0115543
T: 0.390299 Q: 1.19144
T: 0.409598 Q: 2.47327
T: 0.409598 Q: 1.43131
T: 0.390299 Q: 1.18661
T: 0.352289 Q: -0.0143647
T: 0.296721 Q: -0.0144926
T: 0.225284 Q: -0.0166642
T: 0.14015 Q: 1.32586
T: 0.0439034 Q: 1.11681
T: -0.0605298 Q: -0.0202532
T: -0.169977 Q: -0.0203235
 Incomplete 
Sec_Event 10872035 N50: 36
T: 0.570707 Q: -0.00622232
T: 0.50392 Q: -0.00495287
T: 0.440193 Q: -0.0090203
T: 0.381461 Q: 1.10872
T: 0.32951 Q: -0.0175099
T: 0.285918 Q: -0.0197949
T: 0.252009 Q: -0.0230198
T: 0.228814 Q: -0.0236614
T: 0.217038 Q: 1.78711
T: 0.217038 Q: -0.0256431
T: 0.228814 Q: -0.0270442
T: 0.252009 Q: -0.0230707
T: 0.285918 Q: 0.824515
T: 0.32951 Q: 0.900556
T: 0.381461 Q: -0.017916
T: 0.440193 Q: -0.00811058
T: 0.50392 Q: 2.11048
T: 0.570707 Q: -0.00424225
T: 0.638524 Q: 1.116
T: 0.705311 Q: -0.00131235
T: 0.769039 Q: 1.13518
T: 0.82777 Q: -0.00183746
T: 0.879721 Q: 1.10865
T: 0.923313 Q: -0.00171559
T: 0.957222 Q: 1.17678
T: 0.980417 Q: 1.67063
T: 0.992193 Q: -0.00141076
T: 0.980417 Q: 1.46472
T: 0.957222 Q: -0.00153754
T: 0.923313 Q: 1.45002
T: 0.879721 Q: -0.000725866
T: 0.82777 Q: 1.10688
T: 0.769039 Q: 1.01568
T: 0.705311 Q: -0.00380286
T: 0.638524 Q: -0.00171612
Sec_Event 10954961 N50: 31
T: -0.6069 Q: -0.0104547
T: -0.680707 Q: -0.0186652
T: -0.751133 Q: -0.0222378
T: -0.816038 Q: -0.0266141
T: -0.87345 Q: 1.06597
T: -0.921624 Q: 0.904743
T: -0.959097 Q: -0.0642996
T: -0.98473 Q: 1.36573
T: -0.997744 Q: -0.053405
T: -0.997744 Q: 1.59823
T: -0.98473 Q: -0.0488427
T: -0.959097 Q: 1.4962
T: -0.921624 Q: 2.81018
T: -0.87345 Q: -0.0680522
T: -0.816038 Q: -0.0856771
T: -0.751133 Q: 1.1331
T: -0.680707 Q: -0.0674404
T: -0.6069 Q: 1.32535
T: -0.531954 Q: -0.0372192
T: -0.458147 Q: 1.28005
T: -0.387721 Q: -0.040274
T: -0.322816 Q: -0.0217929
T: -0.265404 Q: 1.1769
T: -0.21723 Q: -0.0233354
T: -0.179757 Q: -0.0162323
T: -0.154124 Q: -0.0137259
T: -0.14111 Q: -0.0159159
T: -0.14111 Q: -0.0124871
T: -0.154124 Q: 1.41396
T: -0.179757 Q: -0.0153127
T: -0.21723 Q: -0.00902177
T: -0.265404 Q: 1.15702
T: -0.322816 Q: -0.00831563
T: -0.387721 Q: -0.00972909
T: -0.458147 Q: -0.00837883
T: -0.531954 Q: -0.012742
Sec_Event 11172025 N50: 25
T: -0.500853 Q: 0.995624
T: -0.591704 Q: 0.826615
T: -0.678393 Q: -0.00826426
T: -0.758287 Q: -0.0112116
T: -0.828957 Q: 1.47532
T: -0.888256 Q: -0.0206211
T: -0.934382 Q: -0.0427195
T: -0.965934 Q: -0.0538069
T: -0.981954 Q: -0.0387496
T: -0.981954 Q: 1.23226
T: -0.965934 Q: -0.0405725
T: -0.934382 Q: -0.0405773
T: -0.888256 Q: -0.0441583
T: -0.828957 Q: -0.0647558
T: -0.758287 Q: -0.0784913
T: -0.678393 Q: -0.079927
T: -0.591704 Q: 1.26347
T: -0.500853 Q: -0.070553
T: -0.4086 Q: -0.0598059
T: -0.317748 Q: -0.0563608
T: -0.231059 Q: -0.0457267
T: -0.151165 Q: -0.0611858
T: -0.0804956 Q: -0.048259
T: -0.0211965 Q: 1.25578
T: 0.0249299 Q: -0.0430553
T: 0.0564823 Q: -0.034928
T: 0.0725019 Q: 0.991762
T: 0.0725019 Q: -0.0252797
T: 0.0564823 Q: -0.0274518
T: 0.0249299 Q: -0.0167797
T: -0.0211965 Q: -0.0164735
T: -0.0804956 Q: -0.0119747
T: -0.151165 Q: -0.0115655
T: -0.231059 Q: -0.00957777
T: -0.317748 Q: 0.85889
T: -0.4086 Q: -0.00754572
Sec_Event 11881672 N50: 38
T: -0.378753 Q: -0.0110728
T: -0.481949 Q: 1.20316
T: -0.580417 Q: -0.017748
T: -0.671166 Q: -0.0227224
T: -0.751438 Q: -0.0371403
T: -0.818795 Q: -0.0356045
T: -0.871189 Q: 1.35957
T: -0.907028 Q: -0.0354339
T: -0.925225 Q: -0.0288994
T: -0.925225 Q: -0.033251
T: -0.907028 Q: 1.08502
T: -0.871189 Q: -0.0363368
T: -0.818795 Q: -0.035438
T: -0.751438 Q: -0.0330404
T: -0.671166 Q: -0.0165452
T: -0.580417 Q: 1.10976
T: -0.481949 Q: -0.013086
T: -0.378753 Q: -0.00843934
T: -0.273965 Q: -0.00651582
T: -0.170769 Q: -0.00734852
T: -0.0723009 Q: -0.0109089
T: 0.0184481 Q: -0.00687069
T: 0.0987202 Q: 1.47557
T: 0.166077 Q: -0.0145609
T: 0.218471 Q: 1.1122
T: 0.25431 Q: -0.00733376
T: 0.272506 Q: -0.00836328
T: 0.272506 Q: -0.00714587
T: 0.25431 Q: 1.28936
T: 0.218471 Q: -0.00949659
T: 0.166077 Q: 1.20304
T: 0.0987202 Q: -0.0140809
T: 0.0184481 Q: -0.00975795
T: -0.0723009 Q: -0.00974208
T: -0.170769 Q: -0.00905334
T: -0.273965 Q: -0.0116595
Sec_Event 12419437 N50: 48
T: -0.114686 Q: -0.00388344
T: -0.229218 Q: -0.0039748
T: -0.338503 Q: -0.00298267
T: -0.439221 Q: -0.00716781
T: -0.528312 Q: -0.00583317
T: -0.603067 Q: 1.81685
T: -0.661217 Q: -0.00545423
T: -0.700993 Q: 0.927954
T: -0.721189 Q: 1.17566
T: -0.721189 Q: -0.00463251
T: -0.700993 Q: -0.00613198
T: -0.661217 Q: 1.10445
T: -0.603067 Q: 1.01731
T: -0.528312 Q: 2.01114
T: -0.439221 Q: 1.08805
T: -0.338503 Q: -0.0403743
T: -0.229218 Q: -0.0611449
T: -0.114686 Q: -0.044078
T: 0.0016136 Q: -0.0490809
T: 0.116146 Q: 1.273
T: 0.225431 Q: -0.0594196
T: 0.326149 Q: -0.0558447
T: 0.41524 Q: -0.0708277
T: 0.489995 Q: -0.0756034
T: 0.548145 Q: -0.0675892
T: 0.587922 Q: 1.06564
T: 0.608117 Q: 0.87461
T: 0.608117 Q: 1.16065
T: 0.587922 Q: 1.7881
T: 0.548145 Q: -0.0134362
T: 0.489995 Q: 1.96376
T: 0.41524 Q: -0.00862718
T: 0.326149 Q: 0.975952
T: 0.225431 Q: -0.00552063
T: 0.116146 Q: 0.897264
T: 0.0016136 Q: 0.874994
Sec_Event 12419437 N50: 49
Sec_Event 12419437 N50: 43
T: -0.714567 Q: -0.00406736
T: -0.755791 Q: -0.00306894
T: -0.795126 Q: -0.00372314
T: -0.831377 Q: -0.00243916
T: -0.863443 Q: -0.00233776
T: -0.89035 Q: -0.00235079
T: -0.91128 Q: 1.98051
T: -0.925596 Q: -0.00202121
T: -0.932865 Q: -0.00177815
T: -0.932865 Q: 1.03652
T: -0.925596 Q: -0.00240239
T: -0.91128 Q: 1.07641
T: -0.89035 Q: 0.810738
T: -0.863443 Q: -0.00303121
T: -0.831377 Q: 1.0071
T: -0.795126 Q: -0.00415977
T: -0.755791 Q: -0.00480912
T: -0.714567 Q: -0.00895055
T: -0.672708 Q: -0.00718648
T: -0.631485 Q: 2.06832
T: -0.59215 Q: 0.941718
T: -0.555898 Q: -0.0130848
T: -0.523832 Q: 0.774475
T: -0.496926 Q: -0.0230813
T: -0.475996 Q: -0.0277062
T: -0.461679 Q: -0.0284204
T: -0.45441 Q: 0.821927
T: -0.45441 Q: -0.0274184
T: -0.461679 Q: 0.917571
T: -0.475996 Q: 0.825272
T: -0.496926 Q: -0.0184673
T: -0.523832 Q: -0.0139001
T: -0.555898 Q: 1.64889
T: -0.59215 Q: 1.0097
T: -0.631485 Q: -0.00666277
T: -0.672708 Q: 0.944231
Sec_Event 12419437 N50: 33
T: -0.176749 Q: 1.38407
T: -0.290127 Q: 3.71172
T: -0.398311 Q: -0.0266688
T: -0.498015 Q: -0.0144792
T: -0.586207 Q: -0.0102598
T: -0.66021 Q: -0.00850566
T: -0.717773 Q: -0.00613576
T: -0.757149 Q: -0.00469865
T: -0.777141 Q: -0.00324755
T: -0.777141 Q: -0.00417987
T: -0.757149 Q: -0.00344395
T: -0.717773 Q: -0.00355541
T: -0.66021 Q: -0.00358608
T: -0.586207 Q: 1.20881
T: -0.498015 Q: -0.00157121
T: -0.398311 Q: 1.2159
T: -0.290127 Q: -0.000785168
T: -0.176749 Q: -0.000745046
T: -0.0616216 Q: 1.31483
T: 0.0517567 Q: -0.000331527
T: 0.159941 Q: 1.33691
T: 0.259644 Q: 1.26538
T: 0.347837 Q: 1.33351
T: 0.421839 Q: -0.00184008
T: 0.479403 Q: 1.14807
T: 0.518779 Q: -0.00502663
T: 0.53877 Q: 1.17964
T: 0.53877 Q: 1.22522
T: 0.518779 Q: 1.94989
T: 0.479403 Q: 1.00957
T: 0.421839 Q: -0.030906
T: 0.347837 Q: -0.0321986
T: 0.259644 Q: -0.0382868
T: 0.159941 Q: 1.17659
T: 0.0517567 Q: 2.51416
T: -0.0616216 Q: -0.0325001
Sec_Event 12419437 N50: 32
T: -0.481965 Q: -0.00280054
T: -0.575133 Q: -0.00311929
T: -0.664033 Q: -0.00396623
T: -0.745964 Q: 0.934324
T: -0.818436 Q: 0.966578
T: -0.879247 Q: 1.3379
T: -0.926549 Q: -0.00221794
T: -0.958906 Q: -0.00214116
T: -0.975334 Q: -0.00244424
T: -0.975334 Q: 1.76834
T: -0.958906 Q: -0.00221848
T: -0.926549 Q: -0.00233423
T: -0.879247 Q: -0.0026928
T: -0.818436 Q: -0.00347087
T: -0.745964 Q: -0.00534994
T: -0.664033 Q: -0.00583814
T: -0.575133 Q: -0.0104187
T: -0.481965 Q: -0.0174923
T: -0.387359 Q: 0.834748
T: -0.294191 Q: -0.0515991
T: -0.205291 Q: -0.0555566
T: -0.123361 Q: -0.0493781
T: -0.0508887 Q: -0.0493075
T: 0.00992244 Q: -0.0598731
T: 0.0572251 Q: 1.22242
T: 0.0895821 Q: -0.0437386
T: 0.10601 Q: -0.0310097
T: 0.10601 Q: -0.0267231
T: 0.0895821 Q: -0.0249367
T: 0.0572251 Q: -0.0170929
T: 0.00992244 Q: 0.968441
T: -0.0508887 Q: -0.010533
T: -0.123361 Q: 0.881352
T: -0.205291 Q: 2.44312
T: -0.294191 Q: 0.935801
T: -0.387359 Q: 1.70042
Sec_Event 12419437 N50: 32
T: -0.0481935 Q: 1.21803
T: -0.156294 Q: -0.00121766
T: -0.255921 Q: -0.000529146
T: -0.344045 Q: 1.0771
T: -0.417991 Q: -0.000246458
T: -0.47551 Q: -0.00109184
T: -0.514855 Q: -0.000532977
T: -0.534832 Q: -0.00121509
T: -0.514855 Q: -0.000237575
T: -0.47551 Q: -0.000331156
T: -0.417991 Q: 2.47423
T: -0.344045 Q: -0.00124545
T: -0.156294 Q: -0.000549861
T: -0.0481935 Q: -0.000415441
T: 0.180136 Q: -0.00205841
T: 0.293427 Q: -0.000249162
T: 0.401528 Q: -0.00103679
T: 0.501154 Q: -0.000307092
T: 0.589278 Q: -0.000604105
T: 0.663224 Q: 0.930004
T: 0.720743 Q: 1.37544
T: 0.760089 Q: -0.00119039
T: 0.780065 Q: 1.22502
T: 0.780065 Q: -0.000903828
T: 0.760089 Q: 2.17806
T: 0.720743 Q: 2.42252
T: 0.663224 Q: 1.74394
T: 0.589278 Q: 2.29282
T: 0.501154 Q: -0.00154056
T: 0.401528 Q: -0.00341051
T: 0.293427 Q: 1.09166
T: 0.180136 Q: 2.46501
Sec_Event 12892780 N50: 29
T: -0.249403 Q: -0.0477919
T: -0.360324 Q: 2.45165
T: -0.466162 Q: -0.0580512
T: -0.563704 Q: -0.0505749
T: -0.649985 Q: 1.13805
T: -0.722383 Q: -0.0961594
T: -0.778698 Q: -0.092698
T: -0.81722 Q: 1.32767
T: -0.836779 Q: -0.0815333
T: -0.836779 Q: 1.36935
T: -0.81722 Q: -0.100267
T: -0.778698 Q: 2.316
T: -0.722383 Q: 2.69577
T: -0.649985 Q: -0.0454368
T: -0.563704 Q: -0.0434141
T: -0.466162 Q: -0.0250425
T: -0.360324 Q: -0.0258779
T: -0.249403 Q: -0.0231652
T: -0.136772 Q: 1.1591
T: -0.0258518 Q: -0.0182239
T: 0.0799871 Q: -0.0294356
T: 0.177529 Q: -0.0206505
T: 0.263809 Q: -0.0127755
T: 0.336207 Q: 0.91668
T: 0.392523 Q: 2.21971
T: 0.431045 Q: 0.938024
T: 0.450603 Q: -0.00238205
T: 0.450603 Q: 0.863196
T: 0.431045 Q: -0.00334834
T: 0.392523 Q: -0.0035731
T: 0.336207 Q: -0.00809436
T: 0.263809 Q: 0.901483
T: 0.177529 Q: -0.0263203
T: 0.0799871 Q: -0.0452341
T: -0.0258518 Q: -0.0313229
T: -0.136772 Q: -0.0329385
Sec_Event 12989321 N50: 36
T: -0.199035 Q: 0.911344
T: -0.31179 Q: -0.0141563
T: -0.41938 Q: -0.014454
T: -0.518535 Q: -0.018859
T: -0.606243 Q: -0.0249278
T: -0.679839 Q: -0.0311728
T: -0.737086 Q: 0.988408
T: -0.776245 Q: -0.062772
T: -0.796127 Q: -0.0673885
T: -0.796127 Q: -0.0558511
T: -0.776245 Q: -0.059104
T: -0.737086 Q: -0.0675656
T: -0.679839 Q: -0.0645533
T: -0.606243 Q: -0.0677466
T: -0.518535 Q: -0.063334
T: -0.41938 Q: 1.04542
T: -0.31179 Q: -0.039604
T: -0.199035 Q: 1.19502
T: -0.0845405 Q: 1.07772
T: 0.0282146 Q: 1.16093
T: 0.135804 Q: -0.0409171
T: 0.234959 Q: 0.725619
T: 0.322667 Q: -0.0314253
T: 0.396263 Q: 0.678115
T: 0.45351 Q: 1.60109
T: 0.49267 Q: 0.894311
T: 0.512551 Q: -0.0142042
T: 0.512551 Q: -0.0129307
T: 0.49267 Q: -0.0128614
T: 0.45351 Q: 0.859097
T: 0.396263 Q: -0.0141645
T: 0.322667 Q: -0.0133318
T: 0.234959 Q: 1.17436
T: 0.135804 Q: 0.891382
T: 0.0282146 Q: 1.13893
T: -0.0845405 Q: -0.0300259
Sec_Event 13185740 N50: 29
T: -0.0158034 Q: -0.0132854
T: -0.130481 Q: -0.014059
T: -0.239906 Q: -0.0154212
T: -0.340752 Q: -0.0160698
T: -0.429955 Q: -0.0178198
T: -0.504806 Q: -0.0211298
T: -0.563029 Q: 1.19667
T: -0.602857 Q: 2.69484
T: -0.623077 Q: 1.27707
T: -0.623077 Q: -0.0164623
T: -0.602857 Q: -0.0185801
T: -0.563029 Q: -0.0189895
T: -0.504806 Q: -0.0229036
T: -0.429955 Q: -0.0297648
T: -0.340752 Q: 0.919298
T: -0.239906 Q: 1.2904
T: -0.130481 Q: 1.17696
T: -0.0158034 Q: -0.035168
T: 0.100644 Q: -0.0304749
T: 0.215321 Q: -0.0277969
T: 0.324746 Q: -0.0404318
T: 0.425592 Q: -0.0496719
T: 0.514795 Q: 2.43619
T: 0.589646 Q: -0.0557637
T: 0.64787 Q: 1.21607
T: 0.687697 Q: -0.0578009
T: 0.707918 Q: -0.0570993
T: 0.707918 Q: -0.0504122
T: 0.687697 Q: -0.0570186
T: 0.64787 Q: -0.0500627
T: 0.589646 Q: -0.0346644
T: 0.514795 Q: -0.0291936
T: 0.425592 Q: 2.20074
T: 0.324746 Q: -0.0159203
T: 0.215321 Q: -0.0164782
T: 0.100644 Q: -0.0151547
Sec_Event 13213176 N50: 41
T: 0.600741 Q: -0.0298698
T: 0.540186 Q: 1.27067
T: 0.482404 Q: 2.08173
T: 0.429152 Q: -0.0481607
T: 0.382048 Q: -0.0482595
T: 0.342524 Q: -0.0512061
T: 0.311779 Q: -0.057723
T: 0.290748 Q: -0.0464938
T: 0.28007 Q: 1.18706
T: 0.28007 Q: 1.44763
T: 0.290748 Q: -0.0456948
T: 0.311779 Q: -0.0425924
T: 0.342524 Q: -0.05094
T: 0.382048 Q: -0.0352074
T: 0.429152 Q: -0.0321801
T: 0.482404 Q: 1.2284
T: 0.540186 Q: 0.973545
T: 0.600741 Q: -0.0195944
T: 0.662231 Q: 1.23314
T: 0.722787 Q: 1.14836
T: 0.780568 Q: 1.82515
T: 0.83382 Q: -0.0123874
T: 0.880924 Q: -0.00939745
T: 0.920448 Q: -0.00987412
T: 0.951193 Q: -0.00835141
T: 0.972224 Q: -0.0116808
T: 0.982902 Q: -0.0126132
T: 0.982902 Q: 2.7691
T: 0.972224 Q: 1.47442
T: 0.951193 Q: 1.30527
T: 0.920448 Q: -0.00929909
T: 0.880924 Q: -0.0105012
T: 0.83382 Q: 1.28021
T: 0.780568 Q: -0.0193767
T: 0.722787 Q: -0.0245569
T: 0.662231 Q: 1.33078
Sec_Event 14001615 N50: 34
T: -0.382452 Q: 1.05639
T: -0.485355 Q: -0.00066681
T: -0.583544 Q: -0.000939638
T: -0.674035 Q: 3.70517
T: -0.75408 Q: 1.21656
T: -0.821245 Q: -0.00579888
T: -0.87349 Q: 0.844136
T: -0.909228 Q: 0.974928
T: -0.927373 Q: -0.0442017
T: -0.927373 Q: 0.864643
T: -0.909228 Q: -0.0469466
T: -0.87349 Q: -0.0402357
T: -0.821245 Q: -0.0484943
T: -0.75408 Q: 0.888876
T: -0.674035 Q: 0.966728
T: -0.583544 Q: 2.21531
T: -0.485355 Q: -0.0271732
T: -0.382452 Q: -0.031941
T: -0.277961 Q: 1.00687
T: -0.175058 Q: -0.0154055
T: -0.0768694 Q: -0.0191401
T: 0.013622 Q: 0.947847
T: 0.0936664 Q: -0.0113099
T: 0.160832 Q: -0.00746014
T: 0.213077 Q: 1.07006
T: 0.248815 Q: -0.00453782
T: 0.266959 Q: -0.00328226
T: 0.266959 Q: -0.00209505
T: 0.248815 Q: 0.907173
T: 0.213077 Q: -0.00201668
T: 0.160832 Q: -0.000924037
T: 0.0936664 Q: -0.000949251
T: 0.013622 Q: -0.000908558
T: -0.0768694 Q: 0.954221
T: -0.175058 Q: -0.000320581
T: -0.277961 Q: -0.000886781
Sec_Event 14129991 N50: 38
T: 0.171527 Q: -0.040597
T: 0.0621543 Q: -0.0435214
T: -0.0422076 Q: -0.0372214
T: -0.138388 Q: -0.0402933
T: -0.223465 Q: -0.0312057
T: -0.294853 Q: 0.79538
T: -0.350382 Q: -0.01495
T: -0.388367 Q: -0.0126879
T: -0.407652 Q: -0.0110797
T: -0.407652 Q: -0.00831187
T: -0.388367 Q: -0.00827055
T: -0.350382 Q: -0.0075445
T: -0.294853 Q: -0.00540441
T: -0.223465 Q: -0.00525968
T: -0.138388 Q: -0.00481846
T: -0.0422076 Q: -0.00373312
T: 0.0621543 Q: 1.19522
T: 0.171527 Q: -0.00307004
T: 0.282586 Q: -0.00665735
T: 0.391959 Q: 1.22533
T: 0.496321 Q: -0.0104241
T: 0.592501 Q: -0.00803634
T: 0.677578 Q: -0.0126226
T: 0.748966 Q: -0.0154118
T: 0.804496 Q: 2.11598
T: 0.84248 Q: -0.0671727
T: 0.861766 Q: -0.0566783
T: 0.861766 Q: -0.0687332
T: 0.84248 Q: -0.0714676
T: 0.804496 Q: -0.0776397
T: 0.748966 Q: 1.0819
T: 0.677578 Q: 1.423
T: 0.592501 Q: -0.0991785
T: 0.496321 Q: -0.0559261
T: 0.391959 Q: -0.0513523
T: 0.282586 Q: -0.0409957
Sec_Event 14129991 N50: 43
T: -0.559018 Q: -0.0131539
T: -0.64151 Q: 1.09344
T: -0.720223 Q: 1.29237
T: -0.792765 Q: -0.00508304
T: -0.856933 Q: 1.00549
T: -0.910775 Q: 1.08709
T: -0.952657 Q: -0.00222218
T: -0.981307 Q: 1.40848
T: -0.995852 Q: 1.04808
T: -0.995852 Q: -0.00228028
T: -0.981307 Q: -0.00121237
T: -0.952657 Q: 1.01425
T: -0.910775 Q: -0.00385816
T: -0.856933 Q: 0.846978
T: -0.792765 Q: 0.954728
T: -0.720223 Q: 3.52185
T: -0.64151 Q: -0.000918933
T: -0.559018 Q: -0.000331823
T: -0.475254 Q: 2.15331
T: -0.392762 Q: 1.12927
T: -0.314049 Q: -0.00335326
T: -0.241507 Q: -0.000681317
T: -0.17734 Q: -0.0013094
T: -0.123497 Q: -0.00156703
T: -0.081615 Q: -0.00453471
T: -0.0529659 Q: 1.71752
T: -0.0384203 Q: -0.00829965
T: -0.0384203 Q: -0.00816275
T: -0.0529659 Q: -0.0109478
T: -0.081615 Q: 0.989233
T: -0.123497 Q: 1.2299
T: -0.17734 Q: -0.0223344
T: -0.241507 Q: -0.023735
T: -0.314049 Q: -0.0324344
T: -0.392762 Q: -0.0337043
T: -0.475254 Q: -0.0202482
300000/360392
Sec_Event 14353222 N50: 39
T: 0.188513 Q: 1.02359
T: 0.0799952 Q: -0.0158322
T: -0.0235516 Q: -0.0148759
T: -0.118981 Q: 1.109
T: -0.203393 Q: -0.0386532
T: -0.274223 Q: 1.04089
T: -0.329319 Q: -0.0359183
T: -0.367007 Q: -0.0360763
T: -0.386142 Q: 1.02017
T: -0.386142 Q: 1.08706
T: -0.367007 Q: -0.0428972
T: -0.329319 Q: -0.044873
T: -0.274223 Q: -0.042801
T: -0.203393 Q: 1.24188
T: -0.118981 Q: -0.0480573
T: -0.0235516 Q: -0.0413021
T: 0.0799952 Q: -0.0472688
T: 0.188513 Q: 0.557994
T: 0.298706 Q: -0.00894208
T: 0.407224 Q: -0.00390841
T: 0.510771 Q: 1.20228
T: 0.6062 Q: -0.00315056
T: 0.690612 Q: 0.970058
T: 0.761442 Q: -0.000266313
T: 0.816538 Q: -0.000783681
T: 0.854226 Q: -0.000267064
T: 0.873361 Q: 1.02137
T: 0.873361 Q: -0.000575799
T: 0.816538 Q: -0.00152704
T: 0.761442 Q: -0.00078281
T: 0.690612 Q: -0.000860727
T: 0.6062 Q: -0.000932857
T: 0.510771 Q: -0.00228387
T: 0.407224 Q: 1.01756
T: 0.298706 Q: -0.00854342
Sec_Event 14473685 N50: 34
T: 0.568638 Q: -0.0390114
T: 0.50145 Q: -0.0318491
T: 0.437339 Q: -0.0356955
T: 0.378255 Q: -0.0346576
T: 0.325991 Q: -0.0285189
T: 0.282137 Q: 1.20438
T: 0.248025 Q: 2.25917
T: 0.22469 Q: -0.0216467
T: 0.212843 Q: 1.12146
T: 0.212843 Q: 1.21009
T: 0.22469 Q: 1.32285
T: 0.248025 Q: -0.0123286
T: 0.282137 Q: 1.0964
T: 0.325991 Q: -0.013023
T: 0.378255 Q: -0.0147278
T: 0.437339 Q: -0.0152131
T: 0.50145 Q: -0.0155345
T: 0.568638 Q: -0.0184264
T: 0.636863 Q: -0.0327408
T: 0.704052 Q: 2.78496
T: 0.768162 Q: -0.0241583
T: 0.827247 Q: -0.0247857
T: 0.87951 Q: -0.0242957
T: 0.923364 Q: -0.0221632
T: 0.957477 Q: 1.2401
T: 0.980811 Q: -0.0224697
T: 0.992658 Q: -0.0156002
T: 0.992658 Q: 1.05584
T: 0.980811 Q: -0.0206288
T: 0.957477 Q: -0.0181767
T: 0.923364 Q: 1.51396
T: 0.87951 Q: -0.0245075
T: 0.827247 Q: 1.35301
T: 0.768162 Q: -0.0362044
T: 0.704052 Q: -0.0388721
T: 0.636863 Q: -0.0372714
Sec_Event 16709787 N50: 39
T: -0.448567 Q: 1.05107
T: -0.545434 Q: -0.00109158
T: -0.637863 Q: -0.00176079
T: -0.723046 Q: -0.000921678
T: -0.798396 Q: 1.05764
T: -0.861621 Q: 2.52075
T: -0.910802 Q: -0.00113563
T: -0.944443 Q: 1.2545
T: -0.961523 Q: -0.000616981
T: -0.961523 Q: -0.000937306
T: -0.944443 Q: -0.00079667
T: -0.910802 Q: 1.03428
T: -0.861621 Q: -0.00112477
T: -0.798396 Q: -0.000976055
T: -0.723046 Q: -0.000874163
T: -0.637863 Q: -0.00141969
T: -0.545434 Q: -0.00287541
T: -0.448567 Q: -0.00505229
T: -0.350205 Q: -0.0131487
T: -0.253338 Q: 1.58446
T: -0.160909 Q: -0.0395832
T: -0.0757255 Q: 0.643253
T: -0.00037639 Q: 0.911498
T: 0.062849 Q: -0.0271551
T: 0.11203 Q: -0.0275349
T: 0.145671 Q: 2.0428
T: 0.162752 Q: -0.0139658
T: 0.162752 Q: -0.0127701
T: 0.145671 Q: -0.00794711
T: 0.11203 Q: -0.00881991
T: 0.062849 Q: 0.86619
T: -0.00037639 Q: 1.89036
T: -0.0757255 Q: -0.00675
T: -0.160909 Q: -0.0032353
T: -0.253338 Q: 1.15191
T: -0.350205 Q: -0.00161647
Sec_Event 16839433 N50: 31
T: -0.720812 Q: -0.0481907
T: -0.758688 Q: -0.0462016
T: -0.794828 Q: -0.0452015
T: -0.828135 Q: -0.0467359
T: -0.857597 Q: -0.0450656
T: -0.882319 Q: -0.0376765
T: -0.901548 Q: -0.033169
T: -0.914702 Q: 2.14139
T: -0.921381 Q: -0.0342722
T: -0.921381 Q: 1.1095
T: -0.914702 Q: 1.06083
T: -0.901548 Q: -0.033827
T: -0.882319 Q: 0.606551
T: -0.857597 Q: -0.0109989
T: -0.828135 Q: -0.00696105
T: -0.794828 Q: 0.84054
T: -0.758688 Q: -0.00230923
T: -0.720812 Q: 0.795636
T: -0.682353 Q: 0.891109
T: -0.644477 Q: -0.00206402
T: -0.608337 Q: -0.00152242
T: -0.57503 Q: -0.00152973
T: -0.545568 Q: 1.92954
T: -0.520846 Q: -0.00103913
T: -0.501617 Q: -0.0017856
T: -0.488463 Q: 1.03506
T: -0.481784 Q: 0.848031
T: -0.481784 Q: -0.00112279
T: -0.488463 Q: 0.805075
T: -0.501617 Q: -0.00439302
T: -0.520846 Q: -0.0076812
T: -0.545568 Q: 1.80414
T: -0.57503 Q: -0.0128391
T: -0.608337 Q: -0.0191689
T: -0.644477 Q: 0.87835
T: -0.682353 Q: 1.96838

gestpm: TOTAL NUMBER PMT: WALL; TOP; BOTTOM; ALL  7650  1748  1748 11146
 *****************************
 * This is for SK-VI map      *
 *****************************
 findconsts: connection table file: /home/licheng/local/skofl/const//connection.super.dat
gexyz: PMT # FOR EACH SECTION       1  7650  7651  9398  9399 11146
gexyz: maxpm,nlwal     11146      7650
 findconsts: connection table1 file: /home/licheng/local/skofl/const//connection.super.dat
 findconsts: connection table2 file: /home/licheng/local/skofl/const//connection.super.sk-5.dat
 findfile: checking /home/licheng/local/skofl/const//misch3.dat
 findfile: found /home/licheng/local/skofl/const//misch3.dat
 findconsts: mis channel file: /home/licheng/local/skofl/const//misch3.dat
 findfile: checking /home/licheng/local/skofl/const//skpmt_sk5.dat
 findfile: found /home/licheng/local/skofl/const//skpmt_sk5.dat
 findconsts: pmt file: /home/licheng/local/skofl/const//skpmt_sk5.dat
gestpma: TOTAL NUMBER anti PMT: WALL; TOP; BOTTOM; ALL  1275   302   308  1885
gexyza: anti PMT # FOR EACH SECTION       1  1275  1276  1577  1578  1885
 maxpma,nlwala      1885      1275
 skbadch: log_level =            0
 findconsts: badch.090442 file: /home/licheng/local/skofl/const//badch/badch.090442
 findconsts: bad channel file: /home/licheng/local/skofl/const//badch.dat
 findconsts: badch.090442 file: /home/licheng/local/skofl/const//badch/badch.090442
 skdark: log_level =            0
 findconsts: darkr.090442.root file: /home/licheng/local/skofl/const//darkr/darkr.090442.root
 findconsts: badsub SK-I 1 file: /home/licheng/local/skofl/const//lowe/badsub.sk.r1742-3051.r3208-3608
 nbad 1 =         1851
 findconsts: badsub SK-I 2 file: /home/licheng/local/skofl/const//lowe/badsub.sk.realtim
 nbad 2 =        17511
 findconsts: badsub SK-I 3 file: /home/licheng/local/skofl/const//lowe/badsub.sk.manual.1260day
 nbad 3 =        21939
 findconsts: badsub SK-I 4 file: /home/licheng/local/skofl/const//lowe/badsub.sk.sle.1260day
 nbad 4 =        28004
 findconsts: badsub SK-I 5 file: /home/licheng/local/skofl/const//lowe/badsub.sk.manual
 nbad 5 =        28105
 findconsts: badsub SK-I 6 file: /home/licheng/local/skofl/const//lowe/badsub.sk.sle
 nbad 6 =        28105
 findconsts: badsub SK-II 1 file: /home/licheng/local/skofl/const//lowe/badsub.sk2.manual
 nbad_sk2 SK-II 1 =        27759
 findconsts: badsub SK-III 1 file: /home/licheng/local/skofl/const//lowe/badsub.sk3.manual
 nbad_sk3 SK-III 1 =         4149
 findconsts: badsub SK-IV file: /home/licheng/local/skofl/const//lowe/badsub.sk4.manual
 nbad_sk4 SK-IV =        66921
 read local badsub.sk5.manual.local
 nbad_sk5 SK-V =         2595
 read local badsub.sk6.manual.local
 nbad_sk6 SK-VI (Gd) =         7717
 findconsts: skcoverage_barrel file: /home/licheng/local/skofl/const//lowe/skcov_b_p3.dat
 findconsts: nearest neighbor file: /home/licheng/local/skofl/const//neighb.dat
 neighbsk: reading neighbor file /home/licheng/local/skofl/const//neighb.dat
 findconsts: skcoverage_sk4_final file: /home/licheng/local/skofl/const//lowe/skcov_c_p3.dat
