Output file: output/wt_090467.root input file:/disk03/lowe10/sk7/sle/lomugd.090467.root
 Id of this manager : 10
InitReadRoot: total = 490372
RUNINFO found in the rare list
SK geometry setting: 6
***** Dummy rgetvalue was called. (Remote File Access is not supported) *****
==========WT:========== 13437.3 13815.7 12535.3
0/490372
Sec_Event 303765 N50: 27
T: 0.496383 Q: -0.00529064
T: 0.416936 Q: -0.0042036
T: 0.341129 Q: 2.246
T: 0.271264 Q: -0.00628998
T: 0.209465 Q: -0.00612899
T: 0.15761 Q: -0.00468115
T: 0.117274 Q: -0.00416882
T: 0.0896819 Q: -0.00553815
T: 0.0756732 Q: 1.35028
T: 0.0756732 Q: -0.00685913
T: 0.0896819 Q: 2.90156
T: 0.117274 Q: -0.00567977
T: 0.15761 Q: -0.00719073
T: 0.209465 Q: -0.00780417
T: 0.271264 Q: 0.8031
T: 0.341129 Q: -0.00877635
T: 0.416936 Q: -0.00784331
T: 0.496383 Q: -0.00429344
T: 0.577056 Q: -0.00195363
T: 0.656503 Q: 1.23648
T: 0.732311 Q: -0.00273317
T: 0.802175 Q: -0.000390813
T: 0.863974 Q: -0.000714431
T: 0.91583 Q: -0.00084409
T: 0.956166 Q: -0.000649507
T: 0.983758 Q: 1.29704
T: 0.997766 Q: -0.000318502
T: 0.997766 Q: 1.50727
T: 0.983758 Q: 1.37636
T: 0.956166 Q: -0.000352222
T: 0.91583 Q: -0.000750872
T: 0.863974 Q: -0.000668406
T: 0.802175 Q: -0.00060317
T: 0.732311 Q: -0.00130034
T: 0.656503 Q: -0.00246545
T: 0.577056 Q: -0.001866
Sec_Event 703859 N50: 46
T: -0.690278 Q: 1.18696
T: -0.741827 Q: -0.00225177
T: -0.791015 Q: 2.2887
T: -0.836346 Q: -0.00123924
T: -0.876445 Q: -0.0010444
T: -0.910091 Q: -0.0011482
T: -0.936263 Q: -0.000705345
T: -0.954166 Q: -0.000662226
T: -0.963256 Q: 2.41917
T: -0.963256 Q: 1.34913
T: -0.954166 Q: -0.00151001
T: -0.936263 Q: -0.00099668
T: -0.910091 Q: -0.00071158
T: -0.876445 Q: 1.31454
T: -0.836346 Q: -0.000792419
T: -0.791015 Q: -0.000788226
T: -0.741827 Q: -0.000945047
T: -0.690278 Q: 1.28101
T: -0.637933 Q: -0.000772431
T: -0.586384 Q: -0.000534722
T: -0.537196 Q: 1.53959
T: -0.491865 Q: 1.63889
T: -0.451766 Q: 1.35304
T: -0.41812 Q: 1.16434
T: -0.391948 Q: -0.000354229
T: -0.374045 Q: -0.00109353
T: -0.364955 Q: -0.00100264
T: -0.364955 Q: 0.941503
T: -0.374045 Q: -0.00208363
T: -0.391948 Q: -0.00226956
T: -0.41812 Q: -0.00408256
T: -0.451766 Q: 1.13119
T: -0.491865 Q: -0.0068855
T: -0.537196 Q: 0.818707
T: -0.586384 Q: -0.00370129
T: -0.637933 Q: -0.0031096
Sec_Event 780487 N50: 47
T: -0.512433 Q: -0.00960646
T: -0.601775 Q: 1.08081
T: -0.687025 Q: -0.0145486
T: -0.765591 Q: -0.0126118
T: -0.835088 Q: -0.0112716
T: -0.893402 Q: -0.00993596
T: -0.938762 Q: -0.00936882
T: -0.96979 Q: -0.0112421
T: -0.985544 Q: 3.04371
T: -0.985544 Q: -0.00944518
T: -0.96979 Q: 1.2676
T: -0.938762 Q: 1.32536
T: -0.893402 Q: -0.00835732
T: -0.835088 Q: -0.0127449
T: -0.765591 Q: -0.00951063
T: -0.687025 Q: 1.23436
T: -0.601775 Q: -0.00705594
T: -0.512433 Q: -0.00343995
T: -0.421712 Q: -0.00335105
T: -0.33237 Q: -0.00449842
T: -0.24712 Q: 1.10543
T: -0.168554 Q: -0.00379729
T: -0.0990574 Q: 1.32565
T: -0.0407432 Q: -0.00160275
T: 0.00461714 Q: -0.0019345
T: 0.0356455 Q: 1.13851
T: 0.051399 Q: 2.43776
T: 0.051399 Q: -0.00311928
T: 0.0356455 Q: -0.0198577
T: 0.00461714 Q: 1.24576
T: -0.0407432 Q: 2.69329
T: -0.0990574 Q: -0.00556565
T: -0.168554 Q: 1.17096
T: -0.24712 Q: -0.0055914
T: -0.33237 Q: 1.06186
T: -0.421712 Q: -0.00700584
Sec_Event 887229 N50: 54
T: -0.400514 Q: 0.99377
T: -0.501922 Q: 0.972714
T: -0.598685 Q: 1.09914
T: -0.687862 Q: 0.896965
T: -0.766743 Q: 0.901467
T: -0.832933 Q: -0.0479448
T: -0.884419 Q: -0.0358502
T: -0.919638 Q: 0.780838
T: -0.937519 Q: 2.87121
T: -0.937519 Q: 0.756084
T: -0.919638 Q: 1.65894
T: -0.884419 Q: 0.805469
T: -0.832933 Q: 1.90821
T: -0.766743 Q: 1.02526
T: -0.687862 Q: -0.00506927
T: -0.598685 Q: -0.0048648
T: -0.501922 Q: -0.00247376
T: -0.400514 Q: -0.00274102
T: -0.297541 Q: 1.19956
T: -0.196133 Q: 1.11977
T: -0.0993706 Q: 1.47924
T: -0.0101937 Q: -0.00146815
T: 0.0686879 Q: -0.00143779
T: 0.134877 Q: -0.00108961
T: 0.186364 Q: 1.10207
T: 0.221582 Q: -0.00258072
T: 0.239463 Q: 1.05817
T: 0.239463 Q: 3.01502
T: 0.221582 Q: 0.989635
T: 0.186364 Q: -0.00689461
T: 0.134877 Q: -0.00516601
T: 0.0686879 Q: -0.0105141
T: -0.0101937 Q: -0.00771976
T: -0.0993706 Q: 0.999763
T: -0.196133 Q: 0.866355
T: -0.297541 Q: 3.05
Sec_Event 1277153 N50: 29
T: 0.151736 Q: -0.00195503
T: 0.0414492 Q: -0.00446008
T: -0.0637849 Q: 0.937317
T: -0.160769 Q: 1.02136
T: -0.246557 Q: 1.00291
T: -0.318541 Q: -0.0056641
T: -0.374535 Q: -0.010162
T: -0.412837 Q: 1.15752
T: -0.432283 Q: -0.0147894
T: -0.432283 Q: 1.06445
T: -0.412837 Q: -0.0212706
T: -0.374535 Q: 2.19963
T: -0.318541 Q: -0.0269176
T: -0.246557 Q: -0.0357729
T: -0.160769 Q: -0.0339977
T: -0.0637849 Q: 1.16816
T: 0.0414492 Q: 1.19457
T: 0.151736 Q: -0.0327994
T: 0.263723 Q: -0.043582
T: 0.37401 Q: -0.0566794
T: 0.479244 Q: -0.0504084
T: 0.576228 Q: -0.0620158
T: 0.662015 Q: -0.0571814
T: 0.734 Q: -0.0497875
T: 0.789994 Q: -0.0491156
T: 0.828296 Q: 1.44691
T: 0.847742 Q: -0.049955
T: 0.847742 Q: -0.0337018
T: 0.828296 Q: -0.0358406
T: 0.789994 Q: -0.0201889
T: 0.734 Q: -0.0133506
T: 0.662015 Q: -0.00639562
T: 0.576228 Q: -0.00530539
T: 0.479244 Q: -0.00368371
T: 0.37401 Q: 1.33335
T: 0.263723 Q: -0.00666542
Sec_Event 1709446 N50: 32
T: 0.219015 Q: -0.0392001
T: 0.112196 Q: -0.0395283
T: 0.0102709 Q: -0.0417726
T: -0.0836639 Q: -0.0444581
T: -0.166754 Q: 1.41111
T: -0.236475 Q: 1.14845
T: -0.290708 Q: -0.0287078
T: -0.327806 Q: -0.0270536
T: -0.346641 Q: 1.01178
T: -0.346641 Q: 1.08939
T: -0.327806 Q: 1.28708
T: -0.290708 Q: -0.0108393
T: -0.236475 Q: -0.0130328
T: -0.166754 Q: 1.81641
T: -0.0836639 Q: -0.00377878
T: 0.0102709 Q: -0.00370874
T: 0.112196 Q: 1.39266
T: 0.219015 Q: 0.947498
T: 0.327481 Q: -0.0084815
T: 0.4343 Q: -0.0054397
T: 0.536225 Q: -0.00738851
T: 0.63016 Q: 0.999764
T: 0.71325 Q: 1.06566
T: 0.782971 Q: 1.02809
T: 0.837204 Q: 1.09823
T: 0.874302 Q: -0.00578025
T: 0.893137 Q: -0.00646899
T: 0.893137 Q: -0.00515725
T: 0.874302 Q: -0.00705858
T: 0.837204 Q: -0.00745222
T: 0.782971 Q: -0.0115633
T: 0.71325 Q: -0.0144702
T: 0.63016 Q: 2.07815
T: 0.536225 Q: -0.0291242
T: 0.4343 Q: -0.0441755
T: 0.327481 Q: -0.0306692
Sec_Event 2452913 N50: 29
T: 0.624463 Q: -0.00748763
T: 0.569457 Q: 2.21465
T: 0.51697 Q: -0.0133546
T: 0.468597 Q: -0.0148904
T: 0.425809 Q: 0.926874
T: 0.389906 Q: -0.0172507
T: 0.361978 Q: -0.0219852
T: 0.342875 Q: -0.024535
T: 0.333176 Q: -0.0263549
T: 0.333176 Q: -0.0265681
T: 0.342875 Q: -0.0283284
T: 0.361978 Q: -0.0275889
T: 0.389906 Q: 1.17545
T: 0.425809 Q: -0.0244222
T: 0.468597 Q: -0.0237734
T: 0.51697 Q: 0.820721
T: 0.569457 Q: -0.0140545
T: 0.624463 Q: -0.00794173
T: 0.680319 Q: -0.00905654
T: 0.735326 Q: -0.00539955
T: 0.787813 Q: -0.0040456
T: 0.836185 Q: 1.11083
T: 0.878973 Q: -0.00301774
T: 0.914876 Q: -0.00262599
T: 0.942804 Q: 1.18115
T: 0.961908 Q: -0.00222705
T: 0.971607 Q: -0.00155631
T: 0.971607 Q: -0.00224001
T: 0.961908 Q: -0.00370297
T: 0.942804 Q: -0.00229153
T: 0.914876 Q: -0.00320855
T: 0.878973 Q: -0.00238564
T: 0.836185 Q: -0.00320396
T: 0.787813 Q: -0.00374924
T: 0.735326 Q: 1.327
T: 0.680319 Q: -0.00729264
Sec_Event 2518370 N50: 31
T: -0.667197 Q: 0.907109
T: -0.726309 Q: -0.00512386
T: -0.782713 Q: 2.63058
T: -0.834696 Q: -0.0117248
T: -0.880677 Q: -0.0234969
T: -0.91926 Q: 1.06768
T: -0.949272 Q: -0.0229501
T: -0.969801 Q: 1.1145
T: -0.980224 Q: -0.0211799
T: -0.980224 Q: -0.0239703
T: -0.969801 Q: -0.0234421
T: -0.949272 Q: -0.0226092
T: -0.91926 Q: -0.0265106
T: -0.880677 Q: -0.035358
T: -0.834696 Q: 2.36438
T: -0.782713 Q: -0.0325415
T: -0.726309 Q: -0.0355591
T: -0.667197 Q: -0.0233366
T: -0.607172 Q: 0.841043
T: -0.54806 Q: -0.0168292
T: -0.491656 Q: 0.978088
T: -0.439673 Q: 0.85084
T: -0.393692 Q: -0.00678915
T: -0.355109 Q: -0.00444397
T: -0.325097 Q: -0.00342265
T: -0.304568 Q: -0.00239261
T: -0.294145 Q: -0.001865
T: -0.294145 Q: -0.00257685
T: -0.304568 Q: 0.91254
T: -0.325097 Q: -0.00194118
T: -0.355109 Q: -0.00374712
T: -0.393692 Q: 1.23532
T: -0.439673 Q: -0.0023403
T: -0.491656 Q: -0.00260168
T: -0.54806 Q: -0.00193227
T: -0.607172 Q: -0.00389956
Sec_Event 2875340 N50: 38
T: 0.6884 Q: -0.00292904
T: 0.65277 Q: -0.00260631
T: 0.618772 Q: -0.0033315
T: 0.58744 Q: 1.15607
T: 0.559725 Q: -0.00383891
T: 0.536469 Q: 1.11973
T: 0.518379 Q: -0.00439321
T: 0.506005 Q: -0.00476273
T: 0.499723 Q: -0.00949072
T: 0.499723 Q: -0.00605168
T: 0.506005 Q: -0.00942193
T: 0.518379 Q: -0.0127232
T: 0.536469 Q: -0.0232376
T: 0.559725 Q: 2.47478
T: 0.58744 Q: 1.30315
T: 0.618772 Q: 2.76148
T: 0.65277 Q: -0.0590014
T: 0.6884 Q: -0.0546973
T: 0.724579 Q: -0.0655549
T: 0.760209 Q: -0.0623232
T: 0.794206 Q: -0.061656
T: 0.825539 Q: -0.0549819
T: 0.853254 Q: -0.0488253
T: 0.87651 Q: -0.0475085
T: 0.894599 Q: -0.0442879
T: 0.906973 Q: -0.0424711
T: 0.913256 Q: -0.04416
T: 0.913256 Q: -0.050203
T: 0.906973 Q: -0.0508311
T: 0.894599 Q: -0.0419561
T: 0.87651 Q: 1.96532
T: 0.853254 Q: 2.92703
T: 0.825539 Q: -0.0144157
T: 0.794206 Q: 0.990678
T: 0.760209 Q: 1.07364
T: 0.724579 Q: -0.00463497
Sec_Event 2875340 N50: 40
T: 0.36599 Q: -0.0076268
T: 0.270642 Q: 0.94716
T: 0.179661 Q: -0.00833816
T: 0.0958132 Q: -0.0142699
T: 0.0216453 Q: -0.0129345
T: -0.0405889 Q: -0.0118977
T: -0.0889986 Q: 1.00399
T: -0.122113 Q: -0.0134901
T: -0.138925 Q: -0.0196283
T: -0.138925 Q: -0.0201359
T: -0.122113 Q: 1.09756
T: -0.0889986 Q: -0.021611
T: -0.0405889 Q: 1.18359
T: 0.0216453 Q: -0.0272139
T: 0.0958132 Q: -0.0275498
T: 0.179661 Q: 1.02607
T: 0.270642 Q: 2.40237
T: 0.36599 Q: 1.09516
T: 0.462809 Q: -0.0333847
T: 0.558158 Q: -0.0423785
T: 0.649138 Q: 0.975557
T: 0.732986 Q: 1.06314
T: 0.807154 Q: -0.014585
T: 0.869388 Q: 1.03619
T: 0.917798 Q: -0.0107639
T: 0.950912 Q: 1.09186
T: 0.967725 Q: -0.0103454
T: 0.967725 Q: -0.00680588
T: 0.950912 Q: 1.40444
T: 0.917798 Q: 1.29613
T: 0.869388 Q: -0.0104559
T: 0.807154 Q: -0.0135352
T: 0.732986 Q: -0.0141557
T: 0.649138 Q: -0.00945071
T: 0.558158 Q: 0.930311
T: 0.462809 Q: -0.0256122
Sec_Event 3201102 N50: 37
T: -0.156244 Q: -0.041864
T: -0.270097 Q: -0.0416068
T: -0.378734 Q: 2.83048
T: -0.478855 Q: -0.0409313
T: -0.567417 Q: -0.0282554
T: -0.641729 Q: -0.0218657
T: -0.699534 Q: 1.38956
T: -0.739074 Q: -0.0161234
T: -0.75915 Q: -0.0148586
T: -0.75915 Q: -0.0131768
T: -0.739074 Q: 1.17862
T: -0.699534 Q: -0.0123906
T: -0.641729 Q: -0.0104475
T: -0.567417 Q: 0.954134
T: -0.478855 Q: -0.00416682
T: -0.378734 Q: -0.00806274
T: -0.270097 Q: -0.0033172
T: -0.156244 Q: 1.05101
T: -0.0406348 Q: 1.02951
T: 0.0732182 Q: 2.07797
T: 0.181855 Q: 1.00203
T: 0.281976 Q: -0.00401128
T: 0.370538 Q: -0.00513113
T: 0.44485 Q: 0.868988
T: 0.502655 Q: -0.0122311
T: 0.542195 Q: -0.0233791
T: 0.562271 Q: 0.929028
T: 0.562271 Q: -0.0428447
T: 0.542195 Q: -0.045502
T: 0.502655 Q: -0.0465117
T: 0.44485 Q: -0.0426848
T: 0.370538 Q: 1.19746
T: 0.281976 Q: -0.0445083
T: 0.181855 Q: -0.0389239
T: 0.0732182 Q: -0.0368975
T: -0.0406348 Q: -0.0437731
Sec_Event 3201102 N50: 41
T: 0.0872781 Q: -0.0175319
T: -0.0253952 Q: 1.0126
T: -0.132907 Q: -0.0218819
T: -0.23199 Q: -0.0216462
T: -0.319634 Q: -0.0263812
T: -0.393177 Q: -0.0309667
T: -0.450382 Q: -0.0330494
T: -0.489513 Q: -0.0360379
T: -0.509381 Q: -0.0396244
T: -0.509381 Q: -0.0331427
T: -0.489513 Q: -0.0347137
T: -0.450382 Q: -0.0396469
T: -0.393177 Q: 1.41385
T: -0.319634 Q: -0.0425875
T: -0.23199 Q: 1.40786
T: -0.132907 Q: 1.32886
T: -0.0253952 Q: 2.49888
T: 0.0872781 Q: -0.0403977
T: 0.20169 Q: 1.46304
T: 0.314363 Q: -0.0452665
T: 0.421874 Q: -0.0515221
T: 0.520958 Q: -0.0632594
T: 0.608602 Q: 2.58424
T: 0.682144 Q: -0.0595024
T: 0.73935 Q: -0.0508241
T: 0.778481 Q: 1.21829
T: 0.798348 Q: -0.0417414
T: 0.798348 Q: 2.70995
T: 0.778481 Q: -0.0427254
T: 0.73935 Q: -0.039892
T: 0.682144 Q: 0.994168
T: 0.608602 Q: -0.0527778
T: 0.520958 Q: -0.0317305
T: 0.421874 Q: 1.99707
T: 0.314363 Q: 0.985101
T: 0.20169 Q: 0.997359
Sec_Event 3438951 N50: 43
T: -0.659444 Q: -0.000985228
T: -0.720787 Q: -0.00225289
T: -0.779319 Q: -0.00215043
T: -0.833262 Q: -0.00334635
T: -0.880978 Q: -0.00770308
T: -0.921016 Q: -0.00395221
T: -0.95216 Q: 1.15266
T: -0.973464 Q: 1.39733
T: -0.984281 Q: -0.00672147
T: -0.984281 Q: -0.00439349
T: -0.973464 Q: 2.86004
T: -0.95216 Q: -0.00549569
T: -0.921016 Q: 1.23842
T: -0.880978 Q: -0.00787931
T: -0.833262 Q: -0.00795331
T: -0.779319 Q: -0.0132253
T: -0.720787 Q: -0.0122715
T: -0.659444 Q: -0.0160616
T: -0.597156 Q: -0.0204715
T: -0.535814 Q: 1.1124
T: -0.477282 Q: 0.938749
T: -0.423338 Q: -0.0119794
T: -0.375622 Q: -0.0107941
T: -0.335584 Q: -0.00809212
T: -0.30444 Q: -0.00689326
T: -0.283136 Q: 1.00756
T: -0.27232 Q: -0.0040372
T: -0.27232 Q: -0.00199456
T: -0.283136 Q: 1.23669
T: -0.30444 Q: 1.32822
T: -0.335584 Q: -0.000662785
T: -0.375622 Q: -0.000730698
T: -0.423338 Q: -0.00167705
T: -0.477282 Q: -0.000282026
T: -0.535814 Q: -0.00327169
T: -0.597156 Q: -0.00110913
Sec_Event 3574716 N50: 36
T: 0.241937 Q: -0.00141143
T: 0.13654 Q: -0.00853185
T: 0.0359707 Q: -0.000792606
T: -0.0567141 Q: -0.00126546
T: -0.138699 Q: -0.00122231
T: -0.207492 Q: -0.00154014
T: -0.261003 Q: 1.23678
T: -0.297607 Q: 1.33442
T: -0.316192 Q: -0.00099466
T: -0.316192 Q: -0.00810258
T: -0.297607 Q: 1.32644
T: -0.261003 Q: 1.34149
T: -0.207492 Q: -0.0023423
T: -0.138699 Q: 1.29863
T: -0.0567141 Q: -0.00343466
T: 0.0359707 Q: 0.997821
T: 0.13654 Q: 1.10478
T: 0.241937 Q: 1.23695
T: 0.34896 Q: 1.01776
T: 0.454357 Q: -0.010382
T: 0.554926 Q: 0.967527
T: 0.647611 Q: -0.0170793
T: 0.729596 Q: 1.0594
T: 0.798389 Q: 1.15813
T: 0.851901 Q: -0.0124582
T: 0.888505 Q: -0.00817434
T: 0.907089 Q: -0.00940381
T: 0.907089 Q: 1.06332
T: 0.888505 Q: -0.0113869
T: 0.851901 Q: -0.00943895
T: 0.798389 Q: -0.00411685
T: 0.729596 Q: -0.00486681
T: 0.647611 Q: -0.00273251
T: 0.554926 Q: -0.00218218
T: 0.454357 Q: -0.0021645
T: 0.34896 Q: -0.00192331
100000/490372
Sec_Event 4589454 N50: 28
T: -0.333068 Q: -0.000258972
T: -0.43953 Q: -0.000631457
T: -0.541115 Q: 0.839072
T: -0.634736 Q: -0.000576962
T: -0.717548 Q: 0.794773
T: -0.787036 Q: -0.00336939
T: -0.841088 Q: 0.800023
T: -0.878062 Q: -0.00661219
T: -0.896834 Q: -0.0252212
T: -0.896834 Q: -0.0235681
T: -0.878062 Q: -0.0279373
T: -0.841088 Q: -0.0319533
T: -0.787036 Q: -0.0320664
T: -0.717548 Q: -0.0373507
T: -0.634736 Q: -0.0338455
T: -0.541115 Q: -0.0194211
T: -0.43953 Q: -0.0220782
T: -0.333068 Q: -0.0204487
T: -0.224964 Q: -0.0138589
T: -0.118502 Q: -0.0114189
T: -0.0169176 Q: -0.00920786
T: 0.0767033 Q: -0.00798725
T: 0.159516 Q: -0.0121374
T: 0.229004 Q: 0.782391
T: 0.283056 Q: -0.0061989
T: 0.32003 Q: -0.00356401
T: 0.338802 Q: -0.00187992
T: 0.338802 Q: -0.00319744
T: 0.32003 Q: 1.09419
T: 0.283056 Q: -0.00143462
T: 0.229004 Q: -0.000859636
T: 0.159516 Q: -0.000419192
T: 0.0767033 Q: -0.000234788
T: -0.0169176 Q: -0.000512893
T: -0.118502 Q: -0.000615341
T: -0.224964 Q: -0.000548237
Sec_Event 5056164 N50: 35
T: 0.250856 Q: -0.00416734
T: 0.146046 Q: -0.00410337
T: 0.0460378 Q: -0.00597624
T: -0.0461305 Q: -0.00312976
T: -0.127658 Q: -0.00418825
T: -0.196068 Q: -0.00374161
T: -0.249281 Q: 1.23297
T: -0.285681 Q: 1.26088
T: -0.304162 Q: -0.00864243
T: -0.304162 Q: -0.00498397
T: -0.285681 Q: 1.2799
T: -0.249281 Q: -0.0047595
T: -0.196068 Q: 1.1746
T: -0.127658 Q: -0.00625269
T: -0.0461305 Q: -0.00549501
T: 0.0460378 Q: -0.00711869
T: 0.146046 Q: -0.00947891
T: 0.250856 Q: -0.0123162
T: 0.357283 Q: -0.0120862
T: 0.462093 Q: 1.19465
T: 0.562101 Q: -0.015554
T: 0.654269 Q: -0.0213646
T: 0.735797 Q: 2.35092
T: 0.804207 Q: 0.981549
T: 0.85742 Q: -0.0281387
T: 0.89382 Q: 1.21099
T: 0.912301 Q: -0.021295
T: 0.912301 Q: -0.0229095
T: 0.89382 Q: 0.954223
T: 0.85742 Q: -0.0250883
T: 0.804207 Q: -0.0222478
T: 0.735797 Q: -0.0136235
T: 0.654269 Q: -0.00791022
T: 0.562101 Q: -0.00466829
T: 0.462093 Q: -0.00727452
T: 0.357283 Q: -0.00606326
Sec_Event 5546565 N50: 37
T: 0.211032 Q: -0.00422058
T: 0.103748 Q: -0.00399583
T: 0.00137877 Q: 1.26571
T: -0.0929654 Q: 1.36442
T: -0.176418 Q: -0.00659106
T: -0.246443 Q: -0.0151207
T: -0.300912 Q: -0.0133672
T: -0.338172 Q: 2.32851
T: -0.357089 Q: 3.83967
T: -0.357089 Q: 1.41567
T: -0.338172 Q: -0.0401555
T: -0.300912 Q: -0.0394735
T: -0.246443 Q: -0.0379437
T: -0.176418 Q: -0.0367335
T: -0.0929654 Q: -0.0336085
T: 0.00137877 Q: -0.0376305
T: 0.103748 Q: 0.798984
T: 0.211032 Q: -0.0340458
T: 0.319972 Q: 0.991578
T: 0.427256 Q: 0.917458
T: 0.529626 Q: -0.00229759
T: 0.62397 Q: 1.16248
T: 0.707422 Q: -0.00123871
T: 0.777447 Q: 1.41548
T: 0.831917 Q: -0.00081839
T: 0.869176 Q: 2.5404
T: 0.888093 Q: -0.00397602
T: 0.831917 Q: 1.36461
T: 0.777447 Q: 1.22398
T: 0.707422 Q: -0.000953542
T: 0.62397 Q: 1.12238
T: 0.529626 Q: 1.20968
T: 0.427256 Q: -0.00504292
T: 0.319972 Q: 1.02235
Sec_Event 6692600 N50: 29
T: -0.613397 Q: -0.00257725
T: -0.685861 Q: 0.774738
T: -0.755004 Q: 0.827982
T: -0.818727 Q: -0.00420499
T: -0.875094 Q: -0.00469259
T: -0.922391 Q: 0.707389
T: -0.959181 Q: -0.0179618
T: -0.984347 Q: -0.0290581
T: -0.997125 Q: -0.0295694
T: -0.997125 Q: 1.04577
T: -0.984347 Q: -0.020189
T: -0.959181 Q: 1.08007
T: -0.922391 Q: 1.12099
T: -0.875094 Q: 1.12915
T: -0.818727 Q: -0.034972
T: -0.755004 Q: 2.29809
T: -0.685861 Q: -0.0516554
T: -0.613397 Q: -0.0571813
T: -0.539816 Q: 1.14226
T: -0.467353 Q: -0.0560367
T: -0.398209 Q: -0.0461327
T: -0.334486 Q: -0.0495652
T: -0.27812 Q: -0.0483754
T: -0.230823 Q: -0.0454972
T: -0.194032 Q: 2.12641
T: -0.168866 Q: -0.037104
T: -0.156089 Q: -0.0280538
T: -0.156089 Q: -0.0277278
T: -0.168866 Q: 0.85668
T: -0.194032 Q: -0.0143069
T: -0.230823 Q: -0.00967324
T: -0.27812 Q: -0.0115985
T: -0.334486 Q: -0.00462947
T: -0.398209 Q: -0.00390371
T: -0.467353 Q: 0.672486
T: -0.539816 Q: -0.00374848
Sec_Event 6883732 N50: 41
T: -0.729028 Q: -0.0642477
T: -0.761706 Q: 1.34811
T: -0.792887 Q: -0.051977
T: -0.821624 Q: -0.0511502
T: -0.847043 Q: -0.0481929
T: -0.868372 Q: 1.37839
T: -0.884963 Q: 2.5488
T: -0.896312 Q: 1.43892
T: -0.902074 Q: 1.45091
T: -0.902074 Q: 1.00954
T: -0.896312 Q: -0.0287655
T: -0.884963 Q: -0.0259806
T: -0.868372 Q: 0.889223
T: -0.847043 Q: -0.0197703
T: -0.821624 Q: -0.015981
T: -0.792887 Q: 1.12156
T: -0.761706 Q: -0.0101854
T: -0.729028 Q: 2.28951
T: -0.695846 Q: -0.012607
T: -0.663168 Q: 1.07911
T: -0.631987 Q: 1.08234
T: -0.60325 Q: 1.03038
T: -0.577831 Q: 1.24945
T: -0.556502 Q: -0.0191865
T: -0.539911 Q: 1.24892
T: -0.528562 Q: -0.0215025
T: -0.5228 Q: -0.0276404
T: -0.5228 Q: -0.0362768
T: -0.528562 Q: -0.0447103
T: -0.539911 Q: -0.0410544
T: -0.556502 Q: 4.16485
T: -0.577831 Q: -0.0524451
T: -0.60325 Q: -0.0564031
T: -0.631987 Q: -0.061692
T: -0.663168 Q: 1.52551
T: -0.695846 Q: 5.79763
Sec_Event 7013044 N50: 40
T: 0.607935 Q: -0.00203029
T: 0.548997 Q: 2.42418
T: 0.492758 Q: -0.00192676
T: 0.440929 Q: 2.09994
T: 0.395083 Q: -0.00179403
T: 0.356613 Q: 1.17119
T: 0.32669 Q: -0.00321465
T: 0.306221 Q: -0.00414088
T: 0.295828 Q: -0.0047826
T: 0.295828 Q: 0.83283
T: 0.306221 Q: -0.0124066
T: 0.32669 Q: 0.861629
T: 0.356613 Q: 0.826397
T: 0.395083 Q: -0.0149341
T: 0.440929 Q: 1.89561
T: 0.492758 Q: -0.0100817
T: 0.548997 Q: -0.00735853
T: 0.607935 Q: -0.0081095
T: 0.667782 Q: -0.00319465
T: 0.726721 Q: -0.00401156
T: 0.782959 Q: 0.926991
T: 0.834789 Q: -0.00205054
T: 0.880634 Q: -0.00143556
T: 0.919104 Q: 0.987604
T: 0.949028 Q: 1.02478
T: 0.969497 Q: -0.000852971
T: 0.979889 Q: -0.000763301
T: 0.979889 Q: -0.00122106
T: 0.969497 Q: 0.98033
T: 0.949028 Q: -0.00121733
T: 0.919104 Q: -0.000597283
T: 0.880634 Q: 2.80315
T: 0.834789 Q: -0.00129346
T: 0.782959 Q: 1.2377
T: 0.726721 Q: -0.00138069
T: 0.667782 Q: 1.50197
Sec_Event 7271047 N50: 47
T: -0.715023 Q: -0.0051175
T: -0.756015 Q: -0.00365651
T: -0.79513 Q: -0.00380023
T: -0.831178 Q: -0.00258805
T: -0.863065 Q: -0.0030041
T: -0.889821 Q: -0.00385215
T: -0.910633 Q: -0.00193894
T: -0.92487 Q: -0.00202063
T: -0.932098 Q: -0.00223537
T: -0.932098 Q: -0.00268352
T: -0.92487 Q: -0.0021572
T: -0.910633 Q: 1.19653
T: -0.889821 Q: -0.00143695
T: -0.863065 Q: 3.90921
T: -0.831178 Q: 2.90988
T: -0.79513 Q: 5.15843
T: -0.756015 Q: -0.00328044
T: -0.715023 Q: 1.06035
T: -0.673398 Q: 1.36148
T: -0.632405 Q: 2.77325
T: -0.593291 Q: -0.00111374
T: -0.557243 Q: -0.00124672
T: -0.525356 Q: 3.32018
T: -0.4986 Q: 3.23037
T: -0.477788 Q: 1.59548
T: -0.463551 Q: 1.37223
T: -0.456323 Q: 1.15905
T: -0.463551 Q: 1.12599
T: -0.477788 Q: -0.00328843
T: -0.4986 Q: -0.00138615
T: -0.525356 Q: -0.00149852
T: -0.557243 Q: -0.00167471
T: -0.593291 Q: -0.00888434
T: -0.632405 Q: -0.00346246
T: -0.673398 Q: 1.25168
Sec_Event 7979586 N50: 37
T: 0.347568 Q: 2.58651
T: 0.250454 Q: -0.014155
T: 0.15779 Q: -0.0146616
T: 0.0723896 Q: 1.37354
T: -0.0031512 Q: -0.0152916
T: -0.0665375 Q: -0.0121331
T: -0.115843 Q: -0.0170446
T: -0.14957 Q: -0.0181116
T: -0.166694 Q: -0.0221353
T: -0.166694 Q: -0.0166081
T: -0.14957 Q: -0.0173189
T: -0.115843 Q: 1.23851
T: -0.0665375 Q: -0.019508
T: -0.0031512 Q: 1.30518
T: 0.0723896 Q: 1.30834
T: 0.15779 Q: -0.0228851
T: 0.250454 Q: -0.0198867
T: 0.347568 Q: -0.0275456
T: 0.446179 Q: 1.11061
T: 0.543293 Q: -0.0334684
T: 0.635957 Q: -0.0413554
T: 0.721357 Q: 1.04908
T: 0.796898 Q: -0.0345324
T: 0.860284 Q: -0.0297309
T: 0.90959 Q: 1.09429
T: 0.943317 Q: 1.04396
T: 0.960441 Q: 1.08309
T: 0.960441 Q: -0.0207483
T: 0.943317 Q: -0.0240592
T: 0.90959 Q: -0.0290193
T: 0.860284 Q: 1.06868
T: 0.796898 Q: 1.24403
T: 0.721357 Q: -0.0296779
T: 0.635957 Q: -0.0301701
T: 0.543293 Q: 3.64655
T: 0.446179 Q: -0.0146911
Sec_Event 7984987 N50: 42
T: -0.107199 Q: 2.23726
T: -0.221814 Q: 1.77828
T: -0.331178 Q: 1.09216
T: -0.431969 Q: -0.00277976
T: -0.521124 Q: 1.28561
T: -0.595934 Q: -0.00250697
T: -0.654125 Q: -0.00161822
T: -0.693931 Q: 0.881824
T: -0.71414 Q: -0.00101606
T: -0.71414 Q: -0.00141983
T: -0.693931 Q: 0.931334
T: -0.654125 Q: 0.864231
T: -0.595934 Q: -0.00315991
T: -0.521124 Q: -0.00281405
T: -0.431969 Q: 1.0588
T: -0.331178 Q: 1.08502
T: -0.221814 Q: -0.00451862
T: -0.107199 Q: -0.00452706
T: 0.00918448 Q: -0.00389503
T: 0.1238 Q: 0.955036
T: 0.233164 Q: 0.965279
T: 0.333955 Q: -0.00620887
T: 0.42311 Q: -0.0040287
T: 0.497919 Q: -0.00477549
T: 0.556111 Q: -0.00672516
T: 0.595916 Q: 2.44578
T: 0.616126 Q: 1.01135
T: 0.616126 Q: 2.55125
T: 0.595916 Q: -0.00693548
T: 0.556111 Q: -0.00298218
T: 0.497919 Q: -0.00317992
T: 0.42311 Q: -0.00315953
T: 0.333955 Q: 1.08108
T: 0.233164 Q: 1.10998
T: 0.1238 Q: 2.46813
T: 0.00918448 Q: -0.00403116
Sec_Event 9067743 N50: 66
T: 0.387864 Q: 1.03847
T: 0.29475 Q: 1.02417
T: 0.2059 Q: 1.944
T: 0.124017 Q: -0.00467682
T: 0.0515861 Q: -0.00336008
T: -0.00919023 Q: 0.983495
T: -0.0564659 Q: 1.13125
T: -0.0888043 Q: -0.00137792
T: -0.105223 Q: -0.00134885
T: -0.105223 Q: 1.25019
T: -0.0888043 Q: -0.000927506
T: -0.0564659 Q: -0.000937568
T: -0.00919023 Q: -0.00062019
T: 0.0515861 Q: 2.62805
T: 0.124017 Q: 1.52624
T: 0.29475 Q: 3.16826
T: 0.387864 Q: 1.38455
T: 0.482416 Q: -0.00117263
T: 0.57553 Q: -0.00202379
T: 0.66438 Q: -0.000794332
T: 0.746263 Q: -0.00285243
T: 0.818694 Q: -0.0025694
T: 0.87947 Q: -0.00890932
T: 0.926746 Q: -0.013759
T: 0.959084 Q: 1.45996
T: 0.975503 Q: -0.0279046
T: 0.975503 Q: 2.63213
T: 0.959084 Q: -0.0394233
T: 0.926746 Q: 0.717335
T: 0.87947 Q: -0.039367
T: 0.818694 Q: 1.08631
T: 0.746263 Q: 2.27306
T: 0.66438 Q: 1.1285
T: 0.57553 Q: -0.0291588
T: 0.482416 Q: -0.015705
200000/490372
Sec_Event 10976381 N50: 45
T: -0.324375 Q: 1.1171
T: -0.431388 Q: 0.952211
T: -0.533499 Q: -0.018684
T: -0.627605 Q: -0.0198541
T: -0.710846 Q: -0.0201802
T: -0.780694 Q: 2.06897
T: -0.835026 Q: -0.0116723
T: -0.872191 Q: 1.26079
T: -0.891061 Q: -0.00900048
T: -0.891061 Q: 0.90953
T: -0.872191 Q: 1.97343
T: -0.835026 Q: 1.79304
T: -0.780694 Q: 0.853067
T: -0.710846 Q: -0.00243839
T: -0.627605 Q: 1.00614
T: -0.533499 Q: 1.05546
T: -0.431388 Q: -0.000940027
T: -0.324375 Q: -0.000685775
T: -0.215711 Q: -0.00110777
T: -0.108698 Q: 3.35005
T: -0.00658707 Q: 4.53972
T: 0.0875187 Q: -0.000941435
T: 0.17076 Q: -0.000978319
T: 0.240608 Q: 1.0445
T: 0.29494 Q: -0.00103819
T: 0.332105 Q: -0.00172367
T: 0.350975 Q: -0.00239739
T: 0.350975 Q: -0.00506417
T: 0.332105 Q: -0.00316739
T: 0.29494 Q: -0.00491822
T: 0.240608 Q: 0.939786
T: 0.17076 Q: -0.00557593
T: 0.0875187 Q: 1.13605
T: -0.00658707 Q: 1.05758
T: -0.108698 Q: -0.0117159
T: -0.215711 Q: 1.05841
Sec_Event 11420788 N50: 29
T: 0.303322 Q: 0.897139
T: 0.202374 Q: -0.044074
T: 0.106051 Q: 1.25195
T: 0.0172797 Q: 1.60094
T: -0.0612435 Q: -0.0515732
T: -0.127132 Q: -0.0454296
T: -0.178385 Q: -0.0551945
T: -0.213443 Q: 1.31779
T: -0.231243 Q: -0.0474155
T: -0.231243 Q: -0.0568887
T: -0.213443 Q: -0.0516389
T: -0.178385 Q: -0.0435828
T: -0.127132 Q: -0.0389934
T: -0.0612435 Q: -0.0365998
T: 0.0172797 Q: -0.0345742
T: 0.106051 Q: 1.40704
T: 0.202374 Q: -0.0459676
T: 0.303322 Q: 1.16597
T: 0.405827 Q: -0.0260038
T: 0.506774 Q: -0.0227379
T: 0.603097 Q: 1.11459
T: 0.691869 Q: -0.0139654
T: 0.770392 Q: -0.00975096
T: 0.836281 Q: -0.00725512
T: 0.887533 Q: 1.05337
T: 0.922592 Q: -0.00442898
T: 0.940392 Q: 2.54937
T: 0.940392 Q: -0.00709195
T: 0.922592 Q: -0.00440439
T: 0.887533 Q: -0.00512029
T: 0.836281 Q: -0.01316
T: 0.770392 Q: -0.0094375
T: 0.691869 Q: -0.011105
T: 0.603097 Q: -0.0171649
T: 0.506774 Q: 1.05212
T: 0.405827 Q: -0.0432702
Sec_Event 11533899 N50: 33
T: 0.176802 Q: -0.039551
T: 0.0676882 Q: -0.0326011
T: -0.0364272 Q: 1.75903
T: -0.132381 Q: -0.0293095
T: -0.217256 Q: -0.026704
T: -0.288475 Q: -0.0256593
T: -0.343874 Q: 1.44238
T: -0.381769 Q: -0.0320942
T: -0.401009 Q: -0.0231184
T: -0.401009 Q: -0.017178
T: -0.381769 Q: -0.0138216
T: -0.343874 Q: -0.0210041
T: -0.288475 Q: 1.51657
T: -0.217256 Q: -0.00853839
T: -0.132381 Q: -0.0154771
T: -0.0364272 Q: 1.63815
T: 0.0676882 Q: -0.00967259
T: 0.176802 Q: -0.00833075
T: 0.2876 Q: -0.0130833
T: 0.396714 Q: -0.0146176
T: 0.500829 Q: 1.66728
T: 0.596783 Q: 1.57982
T: 0.681658 Q: -0.0135754
T: 0.752877 Q: -0.0155049
T: 0.808276 Q: -0.0192487
T: 0.846171 Q: -0.0162842
T: 0.865411 Q: -0.0148064
T: 0.865411 Q: -0.0140456
T: 0.846171 Q: -0.0151779
T: 0.808276 Q: -0.0162015
T: 0.752877 Q: 1.38658
T: 0.681658 Q: 1.30876
T: 0.596783 Q: -0.0338014
T: 0.500829 Q: 1.35522
T: 0.396714 Q: -0.0399416
T: 0.2876 Q: -0.0381641
Sec_Event 11748234 N50: 28
T: -0.511488 Q: 1.18503
T: -0.600957 Q: -0.0357768
T: -0.686326 Q: -0.0224998
T: -0.765003 Q: -0.0175676
T: -0.834597 Q: 1.23563
T: -0.892993 Q: -0.0100895
T: -0.938417 Q: -0.00978242
T: -0.969489 Q: -0.00855194
T: -0.985265 Q: 1.45632
T: -0.985265 Q: -0.00905952
T: -0.969489 Q: -0.00695112
T: -0.938417 Q: 1.327
T: -0.892993 Q: -0.00958083
T: -0.834597 Q: 2.36893
T: -0.765003 Q: -0.0174699
T: -0.686326 Q: -0.0154666
T: -0.600957 Q: -0.0210661
T: -0.511488 Q: -0.0215195
T: -0.42064 Q: -0.0222207
T: -0.331172 Q: -0.0223962
T: -0.245802 Q: -0.0205471
T: -0.167125 Q: -0.0267757
T: -0.0975314 Q: -0.030394
T: -0.0391352 Q: -0.036201
T: 0.00628896 Q: 1.42639
T: 0.0373609 Q: -0.0417683
T: 0.0531366 Q: -0.0663128
T: 0.0531366 Q: -0.0444079
T: 0.0373609 Q: -0.0474341
T: 0.00628896 Q: -0.0417404
T: -0.0391352 Q: -0.0505438
T: -0.0975314 Q: -0.0478536
T: -0.167125 Q: -0.0476612
T: -0.245802 Q: -0.0570331
T: -0.331172 Q: -0.0593432
T: -0.42064 Q: -0.0580619
Sec_Event 12509045 N50: 33
T: -0.125459 Q: -0.0281575
T: -0.239851 Q: -0.0238303
T: -0.349002 Q: -0.0182758
T: -0.449597 Q: -0.0203894
T: -0.538578 Q: 0.998752
T: -0.613242 Q: 1.19077
T: -0.671321 Q: -0.029033
T: -0.711049 Q: 0.967016
T: -0.731219 Q: -0.0247869
T: -0.731219 Q: -0.0339695
T: -0.711049 Q: -0.0198632
T: -0.671321 Q: -0.0118091
T: -0.613242 Q: -0.00851594
T: -0.538578 Q: -0.00637873
T: -0.449597 Q: -0.00414208
T: -0.349002 Q: -0.00460459
T: -0.239851 Q: -0.00957934
T: -0.125459 Q: 1.06355
T: -0.00930199 Q: -0.00235746
T: 0.10509 Q: 1.06243
T: 0.214242 Q: -0.00612761
T: 0.314836 Q: -0.00580229
T: 0.403818 Q: 2.19024
T: 0.478482 Q: 1.10405
T: 0.53656 Q: -0.01054
T: 0.576288 Q: 1.99523
T: 0.596458 Q: -0.00948097
T: 0.596458 Q: -0.0108265
T: 0.576288 Q: -0.0141982
T: 0.53656 Q: 1.01799
T: 0.478482 Q: -0.0161013
T: 0.403818 Q: -0.0148685
T: 0.314836 Q: -0.0165902
T: 0.214242 Q: -0.0209008
T: 0.10509 Q: -0.016802
T: -0.00930199 Q: -0.0152767
Sec_Event 12609302 N50: 28
T: -0.657457 Q: 1.04838
T: -0.719351 Q: -0.00674935
T: -0.778409 Q: 2.7602
T: -0.832837 Q: -0.00459213
T: -0.880982 Q: -0.00440485
T: -0.92138 Q: -0.00289687
T: -0.952804 Q: -0.00247637
T: -0.974299 Q: -0.00215115
T: -0.985213 Q: -0.0022304
T: -0.985213 Q: -0.00330264
T: -0.974299 Q: -0.00224366
T: -0.952804 Q: -0.00258925
T: -0.92138 Q: -0.00297572
T: -0.880982 Q: -0.00309367
T: -0.832837 Q: 2.60777
T: -0.778409 Q: 1.34705
T: -0.719351 Q: 1.24343
T: -0.657457 Q: -0.00766637
T: -0.594609 Q: -0.011729
T: -0.532716 Q: -0.0113756
T: -0.473658 Q: 1.40425
T: -0.41923 Q: -0.0188455
T: -0.371085 Q: 1.11832
T: -0.330687 Q: -0.011686
T: -0.299263 Q: -0.013959
T: -0.277768 Q: -0.014275
T: -0.266854 Q: 1.48917
T: -0.266854 Q: -0.0124466
T: -0.277768 Q: -0.0131816
T: -0.299263 Q: -0.0161753
T: -0.330687 Q: -0.0162631
T: -0.371085 Q: -0.0149141
T: -0.41923 Q: 1.17415
T: -0.473658 Q: -0.014328
T: -0.532716 Q: -0.01875
T: -0.594609 Q: -0.00967028
Sec_Event 12687529 N50: 44
T: 0.112024 Q: -0.00211044
T: 0.000161653 Q: 1.05172
T: -0.106576 Q: -0.000731688
T: -0.204946 Q: -0.000687549
T: -0.291959 Q: 1.34672
T: -0.364972 Q: -0.00135117
T: -0.421766 Q: -0.00241126
T: -0.460615 Q: 0.849783
T: -0.480339 Q: -0.0064963
T: -0.480339 Q: -0.01467
T: -0.460615 Q: 0.861546
T: -0.421766 Q: -0.0201994
T: -0.364972 Q: -0.026847
T: -0.291959 Q: -0.033068
T: -0.204946 Q: 1.19615
T: -0.106576 Q: -0.0299474
T: 0.000161653 Q: -0.0318893
T: 0.112024 Q: 1.07941
T: 0.225612 Q: 1.15624
T: 0.337474 Q: -0.0499047
T: 0.444211 Q: -0.0361084
T: 0.542581 Q: 1.04282
T: 0.629594 Q: -0.0208294
T: 0.702607 Q: 1.06814
T: 0.759401 Q: 1.23969
T: 0.79825 Q: 1.06702
T: 0.817975 Q: -0.0133729
T: 0.817975 Q: -0.0113138
T: 0.79825 Q: 0.893095
T: 0.759401 Q: 0.734499
T: 0.702607 Q: -0.00204263
T: 0.629594 Q: -0.00483217
T: 0.542581 Q: 0.905011
T: 0.444211 Q: -0.00117377
T: 0.337474 Q: -0.00187636
T: 0.225612 Q: 1.01094
Sec_Event 13218174 N50: 25
Sec_Event 13642614 N50: 45
T: 0.169293 Q: -0.0237363
T: 0.0598131 Q: -0.0269033
T: -0.0446514 Q: 1.34774
T: -0.140926 Q: 2.45754
T: -0.226087 Q: 3.38443
T: -0.297545 Q: -0.0181201
T: -0.353129 Q: -0.0185025
T: -0.391151 Q: 1.11832
T: -0.410455 Q: -0.0132386
T: -0.410455 Q: 1.09384
T: -0.391151 Q: -0.00331597
T: -0.353129 Q: -0.00507607
T: -0.297545 Q: -0.00236255
T: -0.226087 Q: -0.00192849
T: -0.140926 Q: 0.982164
T: -0.0446514 Q: -0.00147698
T: 0.0598131 Q: 1.25587
T: 0.169293 Q: -0.00114957
T: 0.280462 Q: -0.00277144
T: 0.389942 Q: 2.85549
T: 0.494406 Q: 2.32351
T: 0.590681 Q: 1.25047
T: 0.675842 Q: 1.02452
T: 0.7473 Q: 1.19729
T: 0.802884 Q: 1.04973
T: 0.840906 Q: 1.04962
T: 0.86021 Q: -0.0100347
T: 0.86021 Q: 1.09532
T: 0.840906 Q: 2.35105
T: 0.802884 Q: -0.00784772
T: 0.7473 Q: -0.00947827
T: 0.675842 Q: -0.0111871
T: 0.590681 Q: -0.0190073
T: 0.494406 Q: -0.0350779
T: 0.389942 Q: 1.24489
T: 0.280462 Q: 1.04791
Sec_Event 13642614 N50: 32
T: -0.11706 Q: -0.00711614
T: -0.231564 Q: -0.00877855
T: -0.340822 Q: 1.02724
T: -0.441515 Q: -0.0123478
T: -0.530583 Q: -0.016177
T: -0.605319 Q: 0.919198
T: -0.663454 Q: -0.0121946
T: -0.703221 Q: -0.0111228
T: -0.723411 Q: -0.00867834
T: -0.723411 Q: -0.0107068
T: -0.703221 Q: -0.00791713
T: -0.663454 Q: -0.00422366
T: -0.605319 Q: 0.878472
T: -0.530583 Q: -0.00550274
T: -0.441515 Q: 1.13405
T: -0.340822 Q: -0.00148883
T: -0.231564 Q: -0.00263871
T: -0.11706 Q: -0.00179574
T: -0.000790569 Q: 1.09652
T: 0.113713 Q: -0.00158299
T: 0.222971 Q: -0.00151285
T: 0.323664 Q: -0.00476142
T: 0.412732 Q: 0.918025
T: 0.487468 Q: -0.00285334
T: 0.545603 Q: 1.11567
T: 0.58537 Q: -0.00549637
T: 0.60556 Q: -0.00368581
T: 0.60556 Q: -0.00343161
T: 0.58537 Q: -0.0045332
T: 0.545603 Q: 2.27802
T: 0.487468 Q: -0.00757725
T: 0.412732 Q: -0.0058656
T: 0.323664 Q: -0.00640021
T: 0.222971 Q: 2.08965
T: 0.113713 Q: -0.0130246
T: -0.000790569 Q: -0.00898238
Sec_Event 13642614 N50: 31
T: -0.681219 Q: -0.00666649
T: -0.735927 Q: -0.00354599
T: -0.788128 Q: -0.00406517
T: -0.836238 Q: -0.00537827
T: -0.878793 Q: -0.00629227
T: -0.914501 Q: -0.0142795
T: -0.942277 Q: -0.0325798
T: -0.961277 Q: -0.0444682
T: -0.970923 Q: -0.0350881
T: -0.970923 Q: -0.0312213
T: -0.961277 Q: -0.035824
T: -0.942277 Q: 1.4054
T: -0.914501 Q: -0.0413897
T: -0.878793 Q: -0.0504689
T: -0.836238 Q: -0.0495783
T: -0.788128 Q: -0.0644965
T: -0.735927 Q: -0.0714586
T: -0.681219 Q: -0.0784073
T: -0.625667 Q: -0.0600869
T: -0.570959 Q: -0.0538525
T: -0.518757 Q: -0.0351053
T: -0.470648 Q: -0.0364315
T: -0.428093 Q: -0.0214277
T: -0.392385 Q: 0.892843
T: -0.364609 Q: 0.973561
T: -0.345609 Q: -0.0141919
T: -0.335962 Q: 1.09436
T: -0.335962 Q: 0.994603
T: -0.345609 Q: -0.00401951
T: -0.364609 Q: 1.2068
T: -0.392385 Q: -0.00309465
T: -0.428093 Q: -0.00385998
T: -0.470648 Q: -0.00331232
T: -0.518757 Q: -0.00127016
T: -0.570959 Q: -0.00156542
T: -0.625667 Q: -0.00499974
Sec_Event 14132650 N50: 39
T: -0.148486 Q: -0.0194021
T: -0.262494 Q: 1.10213
T: -0.37128 Q: 0.837129
T: -0.471537 Q: 0.898459
T: -0.560219 Q: -0.00979756
T: -0.634633 Q: 2.24454
T: -0.692517 Q: 1.0576
T: -0.732111 Q: 1.20839
T: -0.752214 Q: 1.18791
T: -0.752214 Q: 2.82125
T: -0.732111 Q: 1.13059
T: -0.692517 Q: -0.00489025
T: -0.634633 Q: -0.00963976
T: -0.560219 Q: -0.0124559
T: -0.471537 Q: -0.015861
T: -0.37128 Q: -0.0295165
T: -0.262494 Q: 1.24297
T: -0.148486 Q: -0.0328743
T: -0.0327187 Q: 1.16685
T: 0.0812896 Q: -0.0460027
T: 0.190075 Q: -0.0589401
T: 0.290332 Q: -0.0480886
T: 0.379015 Q: -0.0553922
T: 0.453429 Q: 1.48392
T: 0.511312 Q: -0.0825209
T: 0.550907 Q: 1.11743
T: 0.57101 Q: -0.0789389
T: 0.57101 Q: 1.29014
T: 0.550907 Q: 1.16339
T: 0.511312 Q: -0.0617573
T: 0.453429 Q: -0.0504026
T: 0.379015 Q: -0.0371325
T: 0.290332 Q: 2.3425
T: 0.190075 Q: -0.0243702
T: 0.0812896 Q: -0.023612
T: -0.0327187 Q: -0.0267164
300000/490372
Sec_Event 14387246 N50: 26
T: -0.398752 Q: -0.044332
T: -0.500311 Q: 1.08875
T: -0.597217 Q: -0.0361781
T: -0.686527 Q: -0.0281888
T: -0.765526 Q: -0.0206652
T: -0.831813 Q: 1.1815
T: -0.883376 Q: -0.0158027
T: -0.918647 Q: -0.0123198
T: -0.936555 Q: -0.0126547
T: -0.936555 Q: -0.0116043
T: -0.918647 Q: -0.0118369
T: -0.883376 Q: -0.0130165
T: -0.831813 Q: -0.019343
T: -0.765526 Q: -0.0285844
T: -0.686527 Q: -0.0323552
T: -0.597217 Q: -0.0372076
T: -0.500311 Q: -0.0360028
T: -0.398752 Q: -0.0435169
T: -0.295627 Q: 1.12871
T: -0.194068 Q: -0.0349746
T: -0.0971614 Q: -0.0355391
T: -0.00785207 Q: -0.0351032
T: 0.0711467 Q: 1.19353
T: 0.137435 Q: -0.0396977
T: 0.188997 Q: -0.0483486
T: 0.224268 Q: -0.0604102
T: 0.242176 Q: -0.0574978
T: 0.242176 Q: -0.0708343
T: 0.224268 Q: -0.0751794
T: 0.188997 Q: 1.27302
T: 0.137435 Q: -0.0487227
T: 0.0711467 Q: 1.15473
T: -0.00785207 Q: -0.0382314
T: -0.0971614 Q: -0.0360945
T: -0.194068 Q: -0.0484731
T: -0.295627 Q: -0.0361522
Sec_Event 14658840 N50: 25
T: 0.412743 Q: -0.000664048
T: 0.236121 Q: 1.19881
T: 0.156641 Q: -0.000299539
T: 0.0863374 Q: -0.00028676
T: 0.0273452 Q: -0.000260278
T: -0.0185425 Q: 0.866395
T: -0.0499316 Q: -0.000741901
T: -0.0658682 Q: 0.919563
T: -0.0658682 Q: -0.00154943
T: -0.0499316 Q: -0.00153625
T: -0.0185425 Q: -0.00454274
T: 0.0273452 Q: -0.00533076
T: 0.0863374 Q: -0.0131019
T: 0.156641 Q: 0.842153
T: 0.236121 Q: 0.817736
T: 0.322362 Q: 0.743057
T: 0.412743 Q: -0.021675
T: 0.504519 Q: -0.026129
T: 0.5949 Q: -0.0354134
T: 0.681141 Q: -0.0533454
T: 0.760621 Q: -0.0632395
T: 0.830925 Q: 1.14077
T: 0.889917 Q: -0.0552242
T: 0.935805 Q: 1.39206
T: 0.967194 Q: -0.0550978
T: 0.983131 Q: -0.0499029
T: 0.983131 Q: -0.0789881
T: 0.967194 Q: -0.0172975
T: 0.935805 Q: -0.0041906
T: 0.889917 Q: -0.00258105
T: 0.830925 Q: 0.936418
T: 0.760621 Q: -0.000546029
T: 0.681141 Q: -0.000293266
T: 0.5949 Q: -0.000378268
T: 0.504519 Q: 1.09515
Sec_Event 14658840 N50: 32
T: -0.550514 Q: -0.0166963
T: -0.634359 Q: -0.00971681
T: -0.714363 Q: 1.03322
T: -0.788095 Q: -0.00381878
T: -0.853315 Q: -0.00390862
T: -0.908041 Q: -0.00315958
T: -0.950611 Q: -0.00229966
T: -0.97973 Q: -0.00180838
T: -0.994514 Q: -0.00370679
T: -0.994514 Q: -0.00214167
T: -0.97973 Q: -0.00168137
T: -0.950611 Q: -0.00242983
T: -0.908041 Q: -0.00269116
T: -0.853315 Q: -0.00387648
T: -0.788095 Q: -0.00437505
T: -0.714363 Q: 1.1315
T: -0.634359 Q: -0.00974809
T: -0.550514 Q: -0.017529
T: -0.465375 Q: -0.021223
T: -0.38153 Q: 2.13818
T: -0.301526 Q: -0.0341172
T: -0.227794 Q: -0.0336549
T: -0.162574 Q: -0.0380506
T: -0.107847 Q: 1.15347
T: -0.0652782 Q: -0.0569214
T: -0.036159 Q: -0.0505674
T: -0.0213749 Q: -0.0611859
T: -0.0213749 Q: 1.48406
T: -0.036159 Q: 1.35565
T: -0.0652782 Q: 1.39887
T: -0.107847 Q: -0.0537566
T: -0.162574 Q: 1.16527
T: -0.227794 Q: -0.0352718
T: -0.301526 Q: 0.796818
T: -0.38153 Q: 0.981215
T: -0.465375 Q: 0.897487
Sec_Event 15087108 N50: 49
T: -0.568205 Q: -0.0101642
T: -0.649177 Q: -0.0119807
T: -0.72644 Q: 1.04763
T: -0.797646 Q: -0.0403514
T: -0.860631 Q: 1.06848
T: -0.913481 Q: -0.0532652
T: -0.954592 Q: -0.050735
T: -0.982713 Q: -0.0511389
T: -0.996991 Q: -0.0374812
T: -0.996991 Q: 0.858471
T: -0.982713 Q: 1.01148
T: -0.954592 Q: 1.44802
T: -0.913481 Q: -0.0412323
T: -0.860631 Q: 0.964016
T: -0.797646 Q: -0.013243
T: -0.72644 Q: -0.0099129
T: -0.649177 Q: 1.08963
T: -0.568205 Q: -0.00949965
T: -0.485984 Q: 1.56717
T: -0.405012 Q: -0.00286542
T: -0.32775 Q: -0.00175175
T: -0.256544 Q: -0.00182364
T: -0.193559 Q: -0.00220314
T: -0.140708 Q: -0.00186995
T: -0.0995978 Q: 1.41556
T: -0.0714765 Q: 1.43919
T: -0.057199 Q: 4.46649
T: -0.057199 Q: 1.72534
T: -0.0714765 Q: 2.82947
T: -0.0995978 Q: 3.12243
T: -0.140708 Q: 2.63088
T: -0.193559 Q: 2.60214
T: -0.256544 Q: -0.00331652
T: -0.32775 Q: 1.28586
T: -0.405012 Q: -0.00767731
T: -0.485984 Q: 1.29865
Sec_Event 15207440 N50: 37
T: -0.407314 Q: -0.00324351
T: -0.508131 Q: 1.07484
T: -0.604329 Q: -0.00541855
T: -0.692986 Q: -0.00764217
T: -0.771407 Q: -0.00743266
T: -0.837211 Q: 1.75087
T: -0.888397 Q: 0.793375
T: -0.92341 Q: 1.15851
T: -0.941187 Q: 2.48139
T: -0.941187 Q: 1.22059
T: -0.92341 Q: -0.0195305
T: -0.888397 Q: -0.0262783
T: -0.837211 Q: 1.12929
T: -0.771407 Q: -0.0374096
T: -0.692986 Q: -0.0394596
T: -0.604329 Q: -0.0370884
T: -0.508131 Q: 1.07502
T: -0.407314 Q: 1.08161
T: -0.304942 Q: 1.02855
T: -0.204126 Q: -0.0147213
T: -0.107928 Q: -0.0186056
T: -0.0192709 Q: -0.0196724
T: 0.0591506 Q: -0.0127317
T: 0.124954 Q: 1.16822
T: 0.17614 Q: -0.00765173
T: 0.211153 Q: 3.23404
T: 0.22893 Q: -0.00592799
T: 0.22893 Q: -0.00669463
T: 0.211153 Q: 0.923397
T: 0.17614 Q: -0.00604907
T: 0.124954 Q: -0.00325186
T: 0.0591506 Q: -0.00301504
T: -0.0192709 Q: 2.42893
T: -0.107928 Q: -0.00243291
T: -0.204126 Q: -0.00239167
T: -0.304942 Q: 1.17636
Sec_Event 15435749 N50: 25
Sec_Event 15452846 N50: 40
T: 0.402842 Q: 1.04445
T: 0.311348 Q: -0.00059612
T: 0.224044 Q: -0.00141314
T: 0.143585 Q: 0.971939
T: 0.0724152 Q: 1.26046
T: 0.0126963 Q: -0.000285255
T: -0.0337567 Q: 1.12325
T: -0.0816655 Q: -0.00166114
T: -0.0816655 Q: 1.97606
T: -0.0655325 Q: -0.000650415
T: -0.0337567 Q: -0.00079764
T: 0.0126963 Q: 0.865338
T: 0.0724152 Q: -0.0014639
T: 0.143585 Q: -0.00171713
T: 0.224044 Q: -0.00338587
T: 0.311348 Q: -0.00420827
T: 0.402842 Q: 1.74926
T: 0.495748 Q: 1.85437
T: 0.587243 Q: 0.851801
T: 0.674546 Q: 1.02451
T: 0.755005 Q: -0.0151576
T: 0.826175 Q: 1.01309
T: 0.885894 Q: 0.968667
T: 0.932347 Q: -0.0079873
T: 0.964123 Q: 0.973339
T: 0.980256 Q: -0.00677663
T: 0.980256 Q: 1.40786
T: 0.964123 Q: -0.00897456
T: 0.932347 Q: -0.00830554
T: 0.885894 Q: -0.00511533
T: 0.826175 Q: 0.802525
T: 0.755005 Q: -0.00181299
T: 0.674546 Q: -0.00264053
T: 0.587243 Q: -0.000266983
T: 0.495748 Q: -0.0005673
Sec_Event 15452846 N50: 49
T: -0.636602 Q: 0.783948
T: -0.703854 Q: 0.839551
T: -0.768024 Q: 0.915008
T: -0.827164 Q: -0.00590354
T: -0.879476 Q: -0.0056343
T: -0.923371 Q: -0.0156197
T: -0.957515 Q: -0.0177207
T: -0.980871 Q: 0.82876
T: -0.992729 Q: -0.0308791
T: -0.992729 Q: 0.725654
T: -0.980871 Q: -0.0326962
T: -0.957515 Q: 2.90494
T: -0.923371 Q: -0.0265952
T: -0.879476 Q: -0.0341436
T: -0.827164 Q: -0.0391887
T: -0.768024 Q: 2.44345
T: -0.703854 Q: -0.0627477
T: -0.636602 Q: -0.0799037
T: -0.568314 Q: -0.0711857
T: -0.501063 Q: -0.088114
T: -0.436892 Q: -0.0682842
T: -0.377752 Q: -0.0547587
T: -0.32544 Q: -0.0546816
T: -0.281545 Q: 1.36944
T: -0.247401 Q: -0.0456749
T: -0.224045 Q: 1.29624
T: -0.212187 Q: -0.0509461
T: -0.212187 Q: -0.0296091
T: -0.224045 Q: 1.09375
T: -0.247401 Q: -0.0218343
T: -0.281545 Q: -0.0182261
T: -0.32544 Q: -0.0130226
T: -0.377752 Q: -0.00926947
T: -0.436892 Q: 0.945434
T: -0.501063 Q: 0.915423
T: -0.568314 Q: -0.00536462
Sec_Event 15452846 N50: 34
T: 0.180748 Q: 1.11126
T: 0.0718307 Q: 1.23436
T: -0.0320965 Q: 1.22493
T: -0.127876 Q: -0.0013407
T: -0.212599 Q: -0.00104694
T: -0.283689 Q: -0.000499309
T: -0.338987 Q: 1.98046
T: -0.376814 Q: -0.000263918
T: -0.396019 Q: -0.00108086
T: -0.396019 Q: -0.000240999
T: -0.376814 Q: -0.000517675
T: -0.283689 Q: -0.000256093
T: -0.212599 Q: -0.0012354
T: -0.127876 Q: -0.000474736
T: -0.0320965 Q: 0.88755
T: 0.0718307 Q: -0.00061742
T: 0.291345 Q: -0.000639716
T: 0.400261 Q: -0.00109214
T: 0.504189 Q: 0.829683
T: 0.599968 Q: -0.000588319
T: 0.684691 Q: 2.44719
T: 0.755781 Q: -0.0020877
T: 0.81108 Q: -0.00211839
T: 0.848906 Q: -0.0043724
T: 0.868111 Q: -0.00355654
T: 0.868111 Q: -0.00572208
T: 0.848906 Q: -0.00477261
T: 0.81108 Q: 0.769728
T: 0.755781 Q: -0.00442337
T: 0.684691 Q: 1.11595
T: 0.599968 Q: 1.04559
T: 0.504189 Q: -0.00266309
T: 0.400261 Q: -0.00237117
T: 0.291345 Q: 1.01401
Sec_Event 15889997 N50: 33
T: 0.524696 Q: -0.0496189
T: 0.449681 Q: 1.31151
T: 0.378102 Q: 1.41817
T: 0.312135 Q: 1.3558
T: 0.253784 Q: 1.53186
T: 0.204821 Q: 1.48225
T: 0.166735 Q: -0.0217066
T: 0.140682 Q: 1.23928
T: 0.127455 Q: 1.23644
T: 0.127455 Q: -0.00852116
T: 0.140682 Q: -0.0110944
T: 0.166735 Q: 1.38473
T: 0.204821 Q: -0.00634185
T: 0.253784 Q: 1.40163
T: 0.312135 Q: -0.00530739
T: 0.378102 Q: -0.00789547
T: 0.449681 Q: -0.00475709
T: 0.524696 Q: 2.57336
T: 0.600868 Q: 1.14256
T: 0.675883 Q: -0.00915188
T: 0.747461 Q: -0.0123411
T: 0.813428 Q: -0.0213739
T: 0.87178 Q: -0.0215318
T: 0.920742 Q: -0.0405064
T: 0.958828 Q: -0.0331328
T: 0.984881 Q: -0.0229253
T: 0.998108 Q: -0.0248017
T: 0.998108 Q: -0.0241297
T: 0.984881 Q: 1.58933
T: 0.958828 Q: -0.0260313
T: 0.920742 Q: 1.28643
T: 0.87178 Q: 3.0569
T: 0.813428 Q: -0.0447933
T: 0.747461 Q: -0.0479283
T: 0.675883 Q: -0.047795
T: 0.600868 Q: -0.0566435
Sec_Event 16035520 N50: 31
T: -0.377648 Q: -0.00206137
T: -0.48093 Q: -0.00124315
T: -0.579481 Q: -0.00154147
T: -0.670307 Q: -0.0027396
T: -0.750646 Q: 0.864875
T: -0.818059 Q: -0.00608107
T: -0.870497 Q: -0.0144179
T: -0.906367 Q: -0.0333493
T: -0.924578 Q: 1.22192
T: -0.924578 Q: 1.13561
T: -0.906367 Q: -0.0233101
T: -0.870497 Q: -0.028075
T: -0.818059 Q: 2.47604
T: -0.750646 Q: -0.037879
T: -0.670307 Q: -0.0506547
T: -0.579481 Q: 1.32533
T: -0.48093 Q: 1.43295
T: -0.377648 Q: 1.28268
T: -0.272772 Q: -0.0494999
T: -0.169489 Q: -0.040673
T: -0.0709382 Q: -0.0337564
T: 0.019887 Q: -0.0429566
T: 0.100227 Q: -0.0334638
T: 0.167639 Q: -0.0372011
T: 0.220077 Q: -0.0302978
T: 0.255947 Q: -0.0248411
T: 0.274159 Q: -0.0264011
T: 0.274159 Q: -0.01335
T: 0.255947 Q: -0.00715783
T: 0.220077 Q: -0.0104573
T: 0.167639 Q: 0.991205
T: 0.100227 Q: -0.00350668
T: 0.019887 Q: -0.00308233
T: -0.0709382 Q: -0.00433959
T: -0.169489 Q: -0.00360785
T: -0.272772 Q: 0.917477
Sec_Event 16449206 N50: 27
T: -0.307976 Q: -0.00820142
T: -0.415971 Q: 1.17723
T: -0.519019 Q: -0.0161317
T: -0.613989 Q: 0.928134
T: -0.697994 Q: 0.993576
T: -0.768484 Q: -0.013318
T: -0.823314 Q: -0.0115465
T: -0.860821 Q: -0.00982408
T: -0.879863 Q: -0.010824
T: -0.879863 Q: -0.00852403
T: -0.860821 Q: -0.00876152
T: -0.823314 Q: 1.01622
T: -0.768484 Q: 1.03324
T: -0.697994 Q: -0.00217427
T: -0.613989 Q: 1.03501
T: -0.519019 Q: -0.00148006
T: -0.415971 Q: 1.14645
T: -0.307976 Q: -0.00117857
T: -0.198314 Q: -0.00196046
T: -0.0903185 Q: 1.17077
T: 0.0127297 Q: 1.37738
T: 0.107699 Q: 1.28719
T: 0.191705 Q: -0.00106052
T: 0.262194 Q: -0.00127207
T: 0.317025 Q: -0.00246037
T: 0.354531 Q: -0.00142867
T: 0.373574 Q: -0.00178433
T: 0.373574 Q: -0.0047987
T: 0.354531 Q: -0.00352166
T: 0.317025 Q: -0.00267947
T: 0.262194 Q: -0.00323156
T: 0.191705 Q: -0.0050787
T: 0.107699 Q: -0.00536113
T: 0.0127297 Q: -0.00543251
T: -0.0903185 Q: 2.15968
T: -0.198314 Q: 1.08476
Sec_Event 16929865 N50: 32
T: 0.46177 Q: -0.0287319
T: 0.377441 Q: -0.0242253
T: 0.296976 Q: 2.2039
T: 0.222819 Q: 6.65352
T: 0.157223 Q: -0.0244572
T: 0.102181 Q: -0.0409286
T: 0.0593664 Q: 1.14015
T: 0.0300794 Q: -0.0229656
T: 0.01521 Q: -0.0255596
T: 0.01521 Q: -0.0211075
T: 0.0300794 Q: -0.0213097
T: 0.0593664 Q: 1.16144
T: 0.102181 Q: -0.0220427
T: 0.157223 Q: -0.0213346
T: 0.222819 Q: 1.41469
T: 0.296976 Q: 1.07913
T: 0.377441 Q: -0.019645
T: 0.46177 Q: 1.31115
T: 0.547399 Q: 2.28273
T: 0.631727 Q: -0.0246141
T: 0.712193 Q: -0.0224149
T: 0.78635 Q: -0.0219853
T: 0.851946 Q: -0.0233591
T: 0.906987 Q: -0.013988
T: 0.949802 Q: -0.0135174
T: 0.979089 Q: -0.0109803
T: 0.993959 Q: 1.37156
T: 0.993959 Q: 2.47842
T: 0.979089 Q: -0.01154
T: 0.949802 Q: -0.0150904
T: 0.906987 Q: -0.0160732
T: 0.851946 Q: 2.43827
T: 0.78635 Q: -0.0207613
T: 0.712193 Q: -0.0225031
T: 0.631727 Q: -0.0207198
T: 0.547399 Q: -0.0268649
Sec_Event 16929865 N50: 28
T: 0.287195 Q: 4.38537
T: 0.184984 Q: -0.0176951
T: 0.0874556 Q: -0.0136697
T: -0.00242695 Q: -0.0157567
T: -0.0819328 Q: 1.27688
T: -0.148646 Q: -0.013934
T: -0.20054 Q: 1.51085
T: -0.236037 Q: -0.011563
T: -0.25406 Q: -0.0160074
T: -0.25406 Q: -0.010793
T: -0.236037 Q: -0.017125
T: -0.20054 Q: -0.0119719
T: -0.148646 Q: 3.05989
T: -0.0819328 Q: -0.013317
T: -0.00242695 Q: -0.0163284
T: 0.0874556 Q: -0.0122542
T: 0.184984 Q: -0.0179198
T: 0.287195 Q: -0.0214378
T: 0.390982 Q: -0.0205098
T: 0.493193 Q: -0.0241528
T: 0.590721 Q: -0.0319275
T: 0.680604 Q: -0.0312882
T: 0.760109 Q: -0.029623
T: 0.826823 Q: -0.0228418
T: 0.878717 Q: -0.0226778
T: 0.914214 Q: -0.0230898
T: 0.932236 Q: 3.09905
T: 0.932236 Q: -0.0214995
T: 0.914214 Q: 1.29775
T: 0.878717 Q: -0.0229269
T: 0.826823 Q: 1.37006
T: 0.760109 Q: 1.09002
T: 0.680604 Q: -0.028944
T: 0.590721 Q: 1.11677
T: 0.493193 Q: 1.17213
T: 0.390982 Q: 1.34845
Sec_Event 17112801 N50: 56
T: -0.000791746 Q: 1.09439
T: -0.115314 Q: -0.0195521
T: -0.224591 Q: 2.33441
T: -0.3253 Q: -0.0146685
T: -0.414383 Q: -0.0233727
T: -0.489132 Q: -0.0247253
T: -0.547277 Q: -0.0253251
T: -0.58705 Q: 1.22101
T: -0.607243 Q: 1.29165
T: -0.607243 Q: -0.0277362
T: -0.58705 Q: -0.0324841
T: -0.547277 Q: -0.0338723
T: -0.489132 Q: -0.0445092
T: -0.414383 Q: 1.10435
T: -0.3253 Q: -0.0438224
T: -0.224591 Q: 1.48864
T: -0.115314 Q: -0.0437918
T: -0.000791746 Q: -0.0364934
T: 0.115498 Q: -0.0404813
T: 0.23002 Q: 1.32899
T: 0.339296 Q: -0.0441351
T: 0.440006 Q: -0.0521029
T: 0.529088 Q: 4.19564
T: 0.603838 Q: -0.0607552
T: 0.661982 Q: -0.0661366
T: 0.701756 Q: -0.0434417
T: 0.721949 Q: -0.0391172
T: 0.721949 Q: 1.37733
T: 0.701756 Q: -0.0471241
T: 0.661982 Q: -0.0345944
T: 0.603838 Q: 0.97276
T: 0.529088 Q: -0.0181237
T: 0.440006 Q: 0.991991
T: 0.339296 Q: -0.0116798
T: 0.23002 Q: -0.00960345
T: 0.115498 Q: 1.17145
Sec_Event 18203556 N50: 35
T: 0.567582 Q: 1.2499
T: 0.50019 Q: 1.10335
T: 0.435885 Q: -0.0144823
T: 0.376621 Q: -0.0112082
T: 0.3242 Q: -0.0149343
T: 0.280212 Q: -0.0178539
T: 0.245997 Q: -0.0134921
T: 0.222591 Q: -0.0170924
T: 0.210708 Q: -0.0223267
T: 0.210708 Q: -0.0279617
T: 0.222591 Q: -0.0240551
T: 0.245997 Q: -0.028066
T: 0.280212 Q: 1.17151
T: 0.3242 Q: -0.0287428
T: 0.376621 Q: 1.05756
T: 0.435885 Q: -0.0381164
T: 0.50019 Q: -0.0491924
T: 0.567582 Q: -0.0527175
T: 0.636014 Q: -0.0639382
T: 0.703406 Q: -0.0649125
T: 0.767711 Q: 2.50794
T: 0.826975 Q: -0.0550067
T: 0.879397 Q: -0.0502452
T: 0.923384 Q: -0.0439446
T: 0.9576 Q: -0.0387923
T: 0.981005 Q: -0.0347653
T: 0.992888 Q: -0.0338822
T: 0.992888 Q: -0.0402549
T: 0.981005 Q: -0.048292
T: 0.9576 Q: -0.0496676
T: 0.923384 Q: -0.041958
T: 0.879397 Q: -0.0369781
T: 0.826975 Q: -0.0301238
T: 0.767711 Q: -0.0219637
T: 0.703406 Q: 2.91303
T: 0.636014 Q: 1.01305
Sec_Event 18713418 N50: 31
T: -0.146433 Q: 1.41363
T: -0.26048 Q: -0.00103046
T: -0.369303 Q: -0.000675812
T: -0.469594 Q: -0.00430756
T: -0.558307 Q: -0.00148745
T: -0.632746 Q: 0.974653
T: -0.690649 Q: 0.960651
T: -0.730258 Q: 2.0926
T: -0.750367 Q: -0.01003
T: -0.750367 Q: 0.721199
T: -0.730258 Q: -0.0198284
T: -0.690649 Q: -0.0218978
T: -0.632746 Q: -0.0247058
T: -0.558307 Q: -0.0190937
T: -0.469594 Q: 0.916748
T: -0.369303 Q: 0.988091
T: -0.26048 Q: -0.0164623
T: -0.146433 Q: 1.08459
T: -0.0306263 Q: -0.017111
T: 0.0834209 Q: -0.0118492
T: 0.192243 Q: 2.38054
T: 0.292535 Q: -0.0102818
T: 0.381248 Q: -0.00535208
T: 0.455687 Q: -0.00492767
T: 0.51359 Q: -0.00321506
T: 0.553198 Q: 1.88242
T: 0.573308 Q: -0.00256525
T: 0.573308 Q: -0.00183839
T: 0.553198 Q: -0.00194575
T: 0.51359 Q: 1.08582
T: 0.455687 Q: 1.04522
T: 0.381248 Q: 1.42587
T: 0.292535 Q: 1.04967
T: 0.192243 Q: -0.00096599
T: 0.0834209 Q: 1.35498
T: -0.0306263 Q: -0.00189874
Sec_Event 18778069 N50: 35
T: 0.277881 Q: 1.49296
T: 0.174971 Q: -0.0315425
T: 0.0767768 Q: 2.74106
T: -0.0137199 Q: -0.0380802
T: -0.0937689 Q: -0.0319963
T: -0.160938 Q: -0.0371049
T: -0.213186 Q: -0.0391117
T: -0.248926 Q: 0.924967
T: -0.267072 Q: -0.0385314
T: -0.267072 Q: -0.0333669
T: -0.248926 Q: -0.0314103
T: -0.213186 Q: 1.29497
T: -0.160938 Q: 1.47555
T: -0.0937689 Q: -0.0268215
T: -0.0137199 Q: -0.022232
T: 0.0767768 Q: -0.0200531
T: 0.174971 Q: -0.0285638
T: 0.277881 Q: -0.022591
T: 0.382377 Q: -0.0250306
T: 0.485286 Q: -0.0284916
T: 0.583481 Q: -0.0378153
T: 0.673978 Q: -0.0690764
T: 0.754027 Q: -0.0616028
T: 0.821196 Q: 0.9751
T: 0.873444 Q: 1.22703
T: 0.909184 Q: 1.53828
T: 0.92733 Q: -0.0402308
T: 0.92733 Q: -0.0472053
T: 0.909184 Q: -0.0415269
T: 0.873444 Q: 1.5788
T: 0.821196 Q: -0.0527923
T: 0.754027 Q: 1.57963
T: 0.673978 Q: -0.0779228
T: 0.583481 Q: 1.36502
T: 0.485286 Q: -0.0640245
T: 0.382377 Q: -0.0456836
400000/490372
Sec_Event 19205872 N50: 41
T: -0.37322 Q: -0.00767335
T: -0.476846 Q: -0.00743164
T: -0.575724 Q: 1.00453
T: -0.666851 Q: -0.00721978
T: -0.747458 Q: -0.0052028
T: -0.815094 Q: -0.00418065
T: -0.867707 Q: 0.983541
T: -0.903695 Q: -0.00380275
T: -0.921968 Q: 1.22427
T: -0.921968 Q: 1.26558
T: -0.903695 Q: -0.0026915
T: -0.867707 Q: -0.00539018
T: -0.815094 Q: 1.10698
T: -0.747458 Q: 1.14491
T: -0.666851 Q: 1.0669
T: -0.575724 Q: -0.00364478
T: -0.476846 Q: -0.00442256
T: -0.37322 Q: -0.00233189
T: -0.267996 Q: -0.00236168
T: -0.16437 Q: -0.00262996
T: -0.0654912 Q: -0.00341176
T: 0.0256357 Q: 1.18588
T: 0.106242 Q: 1.20146
T: 0.173879 Q: 3.86162
T: 0.226491 Q: -0.00328313
T: 0.26248 Q: 2.14308
T: 0.280752 Q: -0.00173235
T: 0.280752 Q: 1.22884
T: 0.26248 Q: 1.09946
T: 0.226491 Q: -0.00423494
T: 0.173879 Q: -0.0277625
T: 0.106242 Q: 1.15992
T: 0.0256357 Q: -0.00824548
T: -0.0654912 Q: 1.07848
T: -0.16437 Q: 1.05133
T: -0.267996 Q: -0.00736819
Sec_Event 19205872 N50: 33
T: 0.6789 Q: -0.0495108
T: 0.639795 Q: -0.0503586
T: 0.602481 Q: 1.11032
T: 0.568093 Q: -0.0581363
T: 0.537675 Q: -0.0534972
T: 0.512151 Q: -0.0555078
T: 0.492297 Q: 1.32974
T: 0.478716 Q: -0.0619522
T: 0.471821 Q: -0.0625946
T: 0.471821 Q: 1.41234
T: 0.478716 Q: -0.0703006
T: 0.492297 Q: 1.47006
T: 0.512151 Q: -0.0665442
T: 0.537675 Q: 1.46017
T: 0.568093 Q: -0.0664539
T: 0.602481 Q: -0.0619874
T: 0.639795 Q: 1.14771
T: 0.6789 Q: -0.0575828
T: 0.718608 Q: -0.0505388
T: 0.757713 Q: 2.12084
T: 0.795026 Q: 1.01114
T: 0.829414 Q: -0.0404514
T: 0.859832 Q: -0.0460205
T: 0.885356 Q: 0.878376
T: 0.90521 Q: -0.0363002
T: 0.918791 Q: -0.0374178
T: 0.925687 Q: 0.957048
T: 0.925687 Q: -0.0329729
T: 0.918791 Q: -0.033709
T: 0.90521 Q: -0.0353196
T: 0.885356 Q: -0.029923
T: 0.859832 Q: -0.0352902
T: 0.829414 Q: -0.0348249
T: 0.795026 Q: 1.16655
T: 0.757713 Q: 0.993881
T: 0.718608 Q: -0.0444062
Sec_Event 19205872 N50: 40
T: -0.551609 Q: -0.0120337
T: -0.635283 Q: -0.0080003
T: -0.715123 Q: -0.00587924
T: -0.788705 Q: -0.00416172
T: -0.853791 Q: -0.0026344
T: -0.908405 Q: -0.00304657
T: -0.950888 Q: 2.43989
T: -0.979947 Q: -0.00552829
T: -0.994701 Q: 1.2153
T: -0.994701 Q: 2.68776
T: -0.979947 Q: -0.00378832
T: -0.950888 Q: -0.00184234
T: -0.908405 Q: 1.31433
T: -0.853791 Q: 2.5098
T: -0.788705 Q: -0.00403583
T: -0.715123 Q: 1.4508
T: -0.635283 Q: 2.32758
T: -0.551609 Q: -0.00524668
T: -0.466645 Q: -0.00526586
T: -0.382971 Q: -0.00519516
T: -0.303131 Q: -0.0096039
T: -0.229549 Q: -0.00796806
T: -0.164463 Q: -0.00908494
T: -0.109849 Q: 1.06997
T: -0.0673666 Q: 1.29893
T: -0.038307 Q: -0.0170271
T: -0.0235531 Q: -0.021267
T: -0.0235531 Q: 3.72096
T: -0.038307 Q: -0.0370622
T: -0.0673666 Q: -0.034306
T: -0.109849 Q: -0.0406808
T: -0.164463 Q: -0.044046
T: -0.229549 Q: 1.25253
T: -0.303131 Q: 0.847035
T: -0.382971 Q: -0.0326286
T: -0.466645 Q: 0.843688
Sec_Event 19787862 N50: 43
T: -0.567347 Q: -0.0225019
T: -0.648463 Q: 1.04215
T: -0.725864 Q: -0.011957
T: -0.797197 Q: 3.46128
T: -0.860295 Q: -0.00513618
T: -0.91324 Q: -0.00387087
T: -0.954424 Q: -0.00384463
T: -0.982595 Q: -0.0034665
T: -0.996898 Q: 1.15324
T: -0.996898 Q: 1.04615
T: -0.982595 Q: -0.00559303
T: -0.954424 Q: -0.00567513
T: -0.91324 Q: 0.717982
T: -0.860295 Q: -0.00204204
T: -0.797197 Q: 2.08358
T: -0.725864 Q: -0.00119842
T: -0.648463 Q: -0.000975375
T: -0.567347 Q: -0.000548193
T: -0.403862 Q: 0.96685
T: -0.326461 Q: -0.000382645
T: -0.255129 Q: 1.19823
T: -0.192031 Q: 1.45412
T: -0.139086 Q: -0.000382485
T: -0.0979017 Q: 2.01358
T: -0.0697302 Q: -0.000502317
T: -0.0554271 Q: -0.00218443
T: -0.0554271 Q: 0.90585
T: -0.0697302 Q: 0.869711
T: -0.0979017 Q: -0.00452369
T: -0.139086 Q: 0.901119
T: -0.192031 Q: -0.0108405
T: -0.255129 Q: 0.868432
T: -0.326461 Q: 0.967418
T: -0.403862 Q: -0.0237045
T: -0.484979 Q: -0.0235727
Sec_Event 19787862 N50: 30
T: -0.511252 Q: -0.0390023
T: -0.600751 Q: 1.29317
T: -0.686151 Q: -0.0381363
T: -0.764855 Q: -0.0285867
T: -0.834474 Q: -0.0256635
T: -0.892891 Q: -0.0192436
T: -0.938331 Q: -0.016365
T: -0.969414 Q: -0.0201255
T: -0.985195 Q: -0.0155164
T: -0.985195 Q: -0.0160215
T: -0.969414 Q: -0.0140684
T: -0.938331 Q: -0.0146713
T: -0.892891 Q: 1.24127
T: -0.834474 Q: -0.028527
T: -0.764855 Q: -0.0315777
T: -0.686151 Q: 1.25399
T: -0.600751 Q: -0.0324696
T: -0.511252 Q: -0.0297593
T: -0.420371 Q: 1.38734
T: -0.330872 Q: 4.10491
T: -0.245472 Q: -0.031413
T: -0.166767 Q: -0.0298471
T: -0.0971489 Q: -0.0289415
T: -0.0387322 Q: -0.02745
T: 0.00670796 Q: -0.0318045
T: 0.0377909 Q: -0.0320344
T: 0.0535721 Q: -0.0346993
T: 0.0535721 Q: -0.0438837
T: 0.0377909 Q: -0.0296974
T: 0.00670796 Q: -0.0429028
T: -0.0387322 Q: -0.0427319
T: -0.0971489 Q: -0.037266
T: -0.166767 Q: 1.44006
T: -0.245472 Q: -0.0360626
T: -0.330872 Q: 1.29491
T: -0.420371 Q: -0.0376064
Sec_Event 20502439 N50: 45
T: 0.566068 Q: 2.16167
T: 0.498385 Q: 0.965553
T: 0.433803 Q: -0.0318904
T: 0.374284 Q: 0.957285
T: 0.321636 Q: 0.897617
T: 0.277459 Q: 1.03879
T: 0.243096 Q: -0.0102301
T: 0.21959 Q: 0.774355
T: 0.207656 Q: -0.00539039
T: 0.207656 Q: 2.51248
T: 0.21959 Q: -0.00511473
T: 0.243096 Q: -0.00183704
T: 0.277459 Q: -0.0010307
T: 0.321636 Q: 0.828539
T: 0.374284 Q: -0.000490479
T: 0.433803 Q: -0.000786523
T: 0.498385 Q: 2.1705
T: 0.566068 Q: -0.00103537
T: 0.634795 Q: -0.00125732
T: 0.702478 Q: 1.22069
T: 0.76706 Q: 1.08167
T: 0.826579 Q: 1.75366
T: 0.879227 Q: 0.859513
T: 0.923404 Q: -0.00325745
T: 0.957767 Q: -0.00923914
T: 0.981273 Q: -0.0485906
T: 0.993208 Q: 1.15097
T: 0.993208 Q: 2.55119
T: 0.981273 Q: -0.0417826
T: 0.957767 Q: 1.3596
T: 0.923404 Q: -0.047923
T: 0.879227 Q: -0.060332
T: 0.826579 Q: -0.0701081
T: 0.76706 Q: 2.26327
T: 0.702478 Q: -0.0864871
T: 0.634795 Q: -0.0849275
Sec_Event 20749764 N50: 27
T: 0.181952 Q: -0.007941
T: 0.0730962 Q: -0.0066399
T: -0.0307729 Q: -0.00525231
T: -0.126499 Q: -0.00763712
T: -0.211174 Q: -0.010824
T: -0.282225 Q: -0.0071462
T: -0.337492 Q: -0.00632731
T: -0.375297 Q: -0.00892174
T: -0.394492 Q: -0.00494243
T: -0.394492 Q: -0.0132067
T: -0.375297 Q: 1.0885
T: -0.337492 Q: 0.930183
T: -0.282225 Q: -0.00755558
T: -0.211174 Q: -0.00725756
T: -0.126499 Q: -0.00664314
T: -0.0307729 Q: -0.0100838
T: 0.0730962 Q: -0.00720546
T: 0.181952 Q: -0.00705979
T: 0.292487 Q: -0.00805093
T: 0.401343 Q: 1.92938
T: 0.505212 Q: -0.0100726
T: 0.600938 Q: 0.928601
T: 0.685613 Q: -0.0200424
T: 0.756664 Q: -0.0338524
T: 0.811931 Q: -0.0243345
T: 0.849737 Q: 0.883664
T: 0.868931 Q: -0.0199704
T: 0.868931 Q: -0.0208185
T: 0.849737 Q: 0.93031
T: 0.811931 Q: -0.019971
T: 0.756664 Q: -0.0197214
T: 0.685613 Q: 0.876709
T: 0.600938 Q: -0.0120351
T: 0.505212 Q: 1.14934
T: 0.401343 Q: 1.11819
T: 0.292487 Q: 1.15533
Sec_Event 21253135 N50: 36
Sec_Event 21253135 N50: 32
T: 0.578186 Q: -0.00381749
T: 0.512878 Q: -0.00170749
T: 0.450562 Q: -0.00324567
T: 0.393132 Q: 0.766644
T: 0.342332 Q: 0.821661
T: 0.299705 Q: -0.00885087
T: 0.266548 Q: 0.798001
T: 0.243867 Q: -0.0160948
T: 0.232351 Q: 0.953546
T: 0.232351 Q: -0.0261971
T: 0.243867 Q: -0.0367315
T: 0.266548 Q: 1.02394
T: 0.299705 Q: 2.52926
T: 0.342332 Q: -0.0530645
T: 0.393132 Q: -0.0544407
T: 0.450562 Q: -0.0613729
T: 0.512878 Q: -0.055242
T: 0.578186 Q: 1.33411
T: 0.644501 Q: -0.0477969
T: 0.709808 Q: -0.0364527
T: 0.772124 Q: -0.0263528
T: 0.829554 Q: -0.0263857
T: 0.880354 Q: -0.0160002
T: 0.922981 Q: -0.0154443
T: 0.956138 Q: -0.0131339
T: 0.978819 Q: -0.0118153
T: 0.990335 Q: -0.0150957
T: 0.990335 Q: -0.0163828
T: 0.978819 Q: 1.57929
T: 0.956138 Q: -0.0117257
T: 0.922981 Q: -0.00420635
T: 0.880354 Q: 0.853789
T: 0.829554 Q: -0.00452371
T: 0.772124 Q: -0.00133074
T: 0.709808 Q: 0.768706
T: 0.644501 Q: 2.0466
Sec_Event 22230596 N50: 28
T: -0.261663 Q: -0.00511193
T: -0.372044 Q: -0.00233745
T: -0.477368 Q: -0.00418309
T: -0.574435 Q: -0.00722721
T: -0.660296 Q: 0.989911
T: -0.732342 Q: -0.015027
T: -0.788383 Q: 0.928931
T: -0.826718 Q: -0.031882
T: -0.846181 Q: -0.0501139
T: -0.846181 Q: -0.056821
T: -0.826718 Q: -0.0419459
T: -0.788383 Q: -0.0509506
T: -0.732342 Q: -0.0537301
T: -0.660296 Q: -0.0528707
T: -0.574435 Q: -0.0425619
T: -0.477368 Q: -0.040186
T: -0.372044 Q: 1.40347
T: -0.261663 Q: 1.20144
T: -0.149579 Q: -0.0221419
T: -0.0391986 Q: 0.984103
T: 0.0661254 Q: -0.0229629
T: 0.163193 Q: -0.0302573
T: 0.249054 Q: -0.0227027
T: 0.321099 Q: 1.09811
T: 0.377141 Q: -0.0145155
T: 0.415476 Q: -0.0128675
T: 0.434939 Q: 1.20811
T: 0.434939 Q: -0.00784664
T: 0.415476 Q: -0.00664961
T: 0.377141 Q: -0.00547845
T: 0.321099 Q: -0.00388218
T: 0.249054 Q: 0.974896
T: 0.163193 Q: -0.00264875
T: 0.0661254 Q: -0.00424893
T: -0.0391986 Q: -0.00214474
T: -0.149579 Q: -0.0219826
Sec_Event 22454519 N50: 40
T: 0.481566 Q: 0.975845
T: 0.399962 Q: 1.19322
T: 0.322096 Q: 0.895321
T: 0.250334 Q: -0.0103604
T: 0.186857 Q: 0.86516
T: 0.133594 Q: 1.2471
T: 0.0921625 Q: -0.0335531
T: 0.0638216 Q: 0.951429
T: 0.0494326 Q: -0.0213354
T: 0.0494326 Q: -0.0299975
T: 0.0638216 Q: -0.0300263
T: 0.0921625 Q: 1.13456
T: 0.133594 Q: 1.1882
T: 0.186857 Q: -0.0467636
T: 0.250334 Q: -0.0438625
T: 0.322096 Q: 1.27424
T: 0.399962 Q: 0.91432
T: 0.481566 Q: -0.0274358
T: 0.564429 Q: -0.0156966
T: 0.646033 Q: -0.00987875
T: 0.723899 Q: 1.04502
T: 0.795661 Q: 1.19958
T: 0.859138 Q: 1.20681
T: 0.912401 Q: 1.96947
T: 0.953833 Q: -0.00280247
T: 0.982174 Q: -0.0022989
T: 0.996563 Q: -0.00306193
T: 0.996563 Q: 1.36145
T: 0.982174 Q: -0.00237764
T: 0.953833 Q: 1.09836
T: 0.912401 Q: 0.880403
T: 0.859138 Q: 1.25151
T: 0.795661 Q: -0.00415613
T: 0.723899 Q: 0.885969
T: 0.646033 Q: -0.00456281
T: 0.564429 Q: 1.76461
Sec_Event 22454519 N50: 29
T: 0.0788742 Q: -0.0633742
T: -0.0340452 Q: -0.0558774
T: -0.141792 Q: -0.0566508
T: -0.241091 Q: -0.0583929
T: -0.328927 Q: -0.0683154
T: -0.40263 Q: 1.53592
T: -0.459961 Q: -0.0938755
T: -0.499177 Q: 1.78473
T: -0.519088 Q: -0.078245
T: -0.519088 Q: 1.52183
T: -0.499177 Q: -0.0689351
T: -0.459961 Q: 1.37422
T: -0.40263 Q: -0.048301
T: -0.328927 Q: 1.24718
T: -0.241091 Q: -0.0337364
T: -0.141792 Q: 1.64386
T: -0.0340452 Q: 1.22549
T: 0.0788742 Q: -0.0225975
T: 0.193536 Q: -0.0223868
T: 0.306455 Q: -0.0226106
T: 0.414201 Q: -0.025924
T: 0.513501 Q: -0.015619
T: 0.601337 Q: -0.012238
T: 0.67504 Q: -0.00743419
T: 0.73237 Q: -0.00821954
T: 0.771587 Q: 2.78255
T: 0.791498 Q: -0.00647569
T: 0.791498 Q: -0.00726355
T: 0.771587 Q: 1.3928
T: 0.73237 Q: -0.00652171
T: 0.67504 Q: 1.20205
T: 0.601337 Q: -0.010708
T: 0.513501 Q: 1.25732
T: 0.414201 Q: -0.03385
T: 0.306455 Q: 0.937247
T: 0.193536 Q: -0.045295
Sec_Event 22550410 N50: 26
T: 0.511356 Q: -0.0156318
T: 0.4342 Q: -0.0229215
T: 0.360578 Q: -0.0215022
T: 0.292728 Q: -0.0246267
T: 0.232711 Q: 0.860572
T: 0.18235 Q: -0.0268021
T: 0.143177 Q: 1.5114
T: 0.116381 Q: -0.0262605
T: 0.102776 Q: -0.0188643
T: 0.102776 Q: -0.0254888
T: 0.116381 Q: -0.0189699
T: 0.143177 Q: -0.0131325
T: 0.18235 Q: 1.16331
T: 0.232711 Q: -0.0128328
T: 0.292728 Q: 1.15741
T: 0.360578 Q: 1.11944
T: 0.4342 Q: -0.00831973
T: 0.511356 Q: -0.00863219
T: 0.589703 Q: 0.9829
T: 0.66686 Q: -0.00501841
T: 0.740482 Q: -0.00601459
T: 0.808332 Q: 1.25503
T: 0.868349 Q: -0.00500894
T: 0.918709 Q: -0.00161879
T: 0.957883 Q: -0.0027219
T: 0.984679 Q: -0.00154409
T: 0.998284 Q: -0.00168379
T: 0.998284 Q: 1.31191
T: 0.984679 Q: -0.00156973
T: 0.957883 Q: -0.00187421
T: 0.918709 Q: 1.18946
T: 0.868349 Q: -0.00244745
T: 0.808332 Q: -0.00299955
T: 0.740482 Q: -0.00434449
T: 0.66686 Q: -0.00454879
T: 0.589703 Q: -0.00804433
Sec_Event 22550410 N50: 40
T: -0.193654 Q: -0.0661242
T: -0.30657 Q: 1.24416
T: -0.414313 Q: -0.048035
T: -0.51361 Q: 1.10975
T: -0.601443 Q: 1.02928
T: -0.675144 Q: -0.0330185
T: -0.732472 Q: -0.0260197
T: -0.771688 Q: -0.0249861
T: -0.791598 Q: -0.0224476
T: -0.791598 Q: -0.0210421
T: -0.771688 Q: -0.0250036
T: -0.732472 Q: 2.17868
T: -0.675144 Q: 3.31343
T: -0.601443 Q: -0.0288167
T: -0.51361 Q: -0.0232308
T: -0.414313 Q: 0.851006
T: -0.30657 Q: 1.15229
T: -0.193654 Q: 0.967956
T: -0.0789964 Q: -0.0130253
T: 0.0339195 Q: -0.0134498
T: 0.141663 Q: -0.0160439
T: 0.240959 Q: -0.0247673
T: 0.328792 Q: 1.22557
T: 0.402493 Q: 1.07348
T: 0.459822 Q: -0.0460881
T: 0.499037 Q: -0.0426684
T: 0.518947 Q: -0.0465981
T: 0.518947 Q: 1.09418
T: 0.499037 Q: -0.0615852
T: 0.459822 Q: -0.053621
T: 0.402493 Q: -0.0555176
T: 0.328792 Q: -0.053516
T: 0.240959 Q: 1.23661
T: 0.141663 Q: -0.042741
T: 0.0339195 Q: -0.0440554
T: -0.0789964 Q: -0.0488637
Sec_Event 22550410 N50: 31
T: 0.464685 Q: 1.10618
T: 0.380747 Q: -0.000940719
T: 0.300654 Q: -0.00242784
T: 0.22684 Q: -0.000696849
T: 0.161548 Q: 1.04319
T: 0.106761 Q: -0.00123927
T: 0.0641449 Q: 0.863611
T: 0.0349935 Q: -0.00317588
T: 0.0201929 Q: -0.0100564
T: 0.0201929 Q: 0.885406
T: 0.0349935 Q: -0.0125459
T: 0.0641449 Q: -0.0197146
T: 0.106761 Q: -0.0186898
T: 0.161548 Q: -0.0288162
T: 0.22684 Q: -0.0314472
T: 0.300654 Q: -0.0440088
T: 0.380747 Q: -0.0466855
T: 0.464685 Q: -0.0710903
T: 0.549918 Q: -0.0624636
T: 0.633856 Q: -0.0649781
T: 0.713949 Q: -0.0485767
T: 0.787763 Q: 1.35656
T: 0.853055 Q: -0.027012
T: 0.907842 Q: 1.19491
T: 0.950458 Q: -0.0194001
T: 0.97961 Q: -0.0169103
T: 0.99441 Q: -0.0170119
T: 0.99441 Q: 1.59342
T: 0.97961 Q: 0.81508
T: 0.950458 Q: -0.00846003
T: 0.907842 Q: 0.929125
T: 0.853055 Q: 0.907823
T: 0.787763 Q: 0.898481
T: 0.713949 Q: -0.000712513
T: 0.633856 Q: 1.18291
T: 0.549918 Q: -0.000650689
 Incomplete 
Sec_Event 23532697 N50: 36
T: -0.409711 Q: -0.0374617
T: -0.510316 Q: 4.24147
T: -0.606311 Q: 1.35882
T: -0.694781 Q: -0.0448985
T: -0.773038 Q: -0.0340247
T: -0.838702 Q: -0.0314943
T: -0.889781 Q: -0.0275249
T: -0.92472 Q: -0.0270892
T: -0.942459 Q: -0.0214627
T: -0.942459 Q: -0.0188325
T: -0.92472 Q: 1.23712
T: -0.889781 Q: 1.07732
T: -0.838702 Q: -0.0238276
T: -0.773038 Q: -0.0128795
T: -0.694781 Q: 1.41902
T: -0.606311 Q: 1.22011
T: -0.510316 Q: 2.53095
T: -0.409711 Q: 2.35531
T: -0.307555 Q: 1.28444
T: -0.206951 Q: 1.20518
T: -0.110955 Q: -0.00664546
T: -0.0224853 Q: -0.00536397
T: 0.055771 Q: 3.73205
T: 0.121436 Q: 1.4299
T: 0.172514 Q: -0.00911277
T: 0.207453 Q: -0.0135477
T: 0.225193 Q: -0.0117242
T: 0.225193 Q: -0.0231818
T: 0.207453 Q: 2.417
T: 0.172514 Q: -0.0274397
T: 0.121436 Q: 1.43175
T: 0.055771 Q: -0.0263108
T: -0.0224853 Q: -0.0302635
T: -0.110955 Q: -0.02549
T: -0.206951 Q: 1.37814
T: -0.307555 Q: -0.032425

gestpm: TOTAL NUMBER PMT: WALL; TOP; BOTTOM; ALL  7650  1748  1748 11146
 *****************************
 * This is for SK-VI map      *
 *****************************
 findconsts: connection table file: /home/licheng/local/skofl/const//connection.super.dat
gexyz: PMT # FOR EACH SECTION       1  7650  7651  9398  9399 11146
gexyz: maxpm,nlwal     11146      7650
 findconsts: connection table1 file: /home/licheng/local/skofl/const//connection.super.dat
 findconsts: connection table2 file: /home/licheng/local/skofl/const//connection.super.sk-5.dat
 findfile: checking /home/licheng/local/skofl/const//misch3.dat
 findfile: found /home/licheng/local/skofl/const//misch3.dat
 findconsts: mis channel file: /home/licheng/local/skofl/const//misch3.dat
 findfile: checking /home/licheng/local/skofl/const//skpmt_sk5.dat
 findfile: found /home/licheng/local/skofl/const//skpmt_sk5.dat
 findconsts: pmt file: /home/licheng/local/skofl/const//skpmt_sk5.dat
gestpma: TOTAL NUMBER anti PMT: WALL; TOP; BOTTOM; ALL  1275   302   308  1885
gexyza: anti PMT # FOR EACH SECTION       1  1275  1276  1577  1578  1885
 maxpma,nlwala      1885      1275
 skbadch: log_level =            0
 findconsts: badch.090467 file: /home/licheng/local/skofl/const//badch/badch.090467
 findconsts: bad channel file: /home/licheng/local/skofl/const//badch.dat
 findconsts: badch.090467 file: /home/licheng/local/skofl/const//badch/badch.090467
 skdark: log_level =            0
 findconsts: darkr.090467.root file: /home/licheng/local/skofl/const//darkr/darkr.090467.root
 findconsts: badsub SK-I 1 file: /home/licheng/local/skofl/const//lowe/badsub.sk.r1742-3051.r3208-3608
 nbad 1 =         1851
 findconsts: badsub SK-I 2 file: /home/licheng/local/skofl/const//lowe/badsub.sk.realtim
 nbad 2 =        17511
 findconsts: badsub SK-I 3 file: /home/licheng/local/skofl/const//lowe/badsub.sk.manual.1260day
 nbad 3 =        21939
 findconsts: badsub SK-I 4 file: /home/licheng/local/skofl/const//lowe/badsub.sk.sle.1260day
 nbad 4 =        28004
 findconsts: badsub SK-I 5 file: /home/licheng/local/skofl/const//lowe/badsub.sk.manual
 nbad 5 =        28105
 findconsts: badsub SK-I 6 file: /home/licheng/local/skofl/const//lowe/badsub.sk.sle
 nbad 6 =        28105
 findconsts: badsub SK-II 1 file: /home/licheng/local/skofl/const//lowe/badsub.sk2.manual
 nbad_sk2 SK-II 1 =        27759
 findconsts: badsub SK-III 1 file: /home/licheng/local/skofl/const//lowe/badsub.sk3.manual
 nbad_sk3 SK-III 1 =         4149
 findconsts: badsub SK-IV file: /home/licheng/local/skofl/const//lowe/badsub.sk4.manual
 nbad_sk4 SK-IV =        66921
 read local badsub.sk5.manual.local
 nbad_sk5 SK-V =         2595
 read local badsub.sk6.manual.local
 nbad_sk6 SK-VI (Gd) =         7717
 findconsts: skcoverage_barrel file: /home/licheng/local/skofl/const//lowe/skcov_b_p3.dat
 findconsts: nearest neighbor file: /home/licheng/local/skofl/const//neighb.dat
 neighbsk: reading neighbor file /home/licheng/local/skofl/const//neighb.dat
 findconsts: skcoverage_sk4_final file: /home/licheng/local/skofl/const//lowe/skcov_c_p3.dat
