Output file: output/wt_090444.root input file:/disk03/lowe10/sk7/sle/lomugd.090444.root
 Id of this manager : 10
InitReadRoot: total = 565143
RUNINFO found in the rare list
SK geometry setting: 6
***** Dummy rgetvalue was called. (Remote File Access is not supported) *****
==========WT:========== 16821.8 14605.8 12695.6
0/565143
Sec_Event 673499 N50: 30
T: 0.71751 Q: -0.0251544
T: 0.695113 Q: -0.0189678
T: 0.673742 Q: -0.00969673
T: 0.654046 Q: 0.85144
T: 0.636624 Q: 0.846615
T: 0.622005 Q: 0.982029
T: 0.610634 Q: -0.0032962
T: 0.602856 Q: -0.00288703
T: 0.598906 Q: 1.16575
T: 0.598906 Q: -0.00177654
T: 0.602856 Q: -0.00114066
T: 0.610634 Q: -0.00191654
T: 0.622005 Q: -0.00156805
T: 0.636624 Q: 1.38177
T: 0.654046 Q: -0.00247937
T: 0.673742 Q: -0.00310974
T: 0.695113 Q: 0.936281
T: 0.71751 Q: -0.0057734
T: 0.740252 Q: -0.00749565
T: 0.762649 Q: -0.0188405
T: 0.78402 Q: -0.025574
T: 0.803716 Q: -0.0463285
T: 0.821138 Q: -0.0605049
T: 0.835757 Q: -0.0721193
T: 0.847128 Q: -0.075712
T: 0.854906 Q: -0.0574686
T: 0.858855 Q: 2.31647
T: 0.858855 Q: -0.0608217
T: 0.854906 Q: -0.061757
T: 0.847128 Q: -0.070846
T: 0.835757 Q: -0.069765
T: 0.821138 Q: -0.0638385
T: 0.803716 Q: 3.83661
T: 0.78402 Q: -0.0675382
T: 0.762649 Q: -0.0574294
T: 0.740252 Q: -0.0402029
Sec_Event 828101 N50: 25
T: -0.420354 Q: -0.010413
T: -0.519991 Q: -0.0160658
T: -0.615063 Q: -0.026019
T: -0.702682 Q: -0.0238108
T: -0.780186 Q: -0.0327234
T: -0.845219 Q: 0.927037
T: -0.895806 Q: -0.0379671
T: -0.930409 Q: -0.039135
T: -0.947978 Q: -0.0404925
T: -0.947978 Q: -0.0441051
T: -0.930409 Q: -0.0402247
T: -0.895806 Q: -0.0261874
T: -0.845219 Q: -0.0122523
T: -0.780186 Q: 1.37654
T: -0.702682 Q: -0.00564747
T: -0.615063 Q: -0.00320598
T: -0.519991 Q: 1.14997
T: -0.420354 Q: 1.26977
T: -0.31918 Q: -0.00198789
T: -0.219543 Q: -0.00260677
T: -0.124471 Q: -0.00353642
T: -0.036852 Q: 1.20924
T: 0.0406516 Q: -0.00204208
T: 0.105685 Q: -0.00646648
T: 0.156272 Q: -0.0024922
T: 0.190875 Q: -0.00271152
T: 0.208444 Q: -0.00209995
T: 0.208444 Q: 1.37049
T: 0.190875 Q: -0.00403495
T: 0.156272 Q: -0.00643676
T: 0.105685 Q: -0.00413
T: 0.0406516 Q: 1.30026
T: -0.036852 Q: -0.0128249
T: -0.124471 Q: -0.00667452
T: -0.219543 Q: -0.00736451
T: -0.31918 Q: -0.0158994
Sec_Event 828101 N50: 26
T: 0.553123 Q: -0.0181576
T: 0.483024 Q: 1.42078
T: 0.416136 Q: -0.0373178
T: 0.354492 Q: -0.0122307
T: 0.299964 Q: -0.0122918
T: 0.25421 Q: -0.0112366
T: 0.21862 Q: -0.00988139
T: 0.194275 Q: -0.00991043
T: 0.181915 Q: -0.0137736
T: 0.181915 Q: -0.00981352
T: 0.194275 Q: -0.00746368
T: 0.21862 Q: 1.21977
T: 0.25421 Q: -0.00995731
T: 0.299964 Q: 1.32383
T: 0.354492 Q: -0.0156405
T: 0.416136 Q: -0.0121265
T: 0.483024 Q: -0.0142917
T: 0.553123 Q: 1.66158
T: 0.624303 Q: -0.0293743
T: 0.694402 Q: -0.0195351
T: 0.76129 Q: -0.0175465
T: 0.822934 Q: 1.18601
T: 0.877461 Q: 1.19658
T: 0.923215 Q: -0.0140891
T: 0.958806 Q: -0.0147007
T: 0.983151 Q: -0.0111167
T: 0.995511 Q: -0.010137
T: 0.995511 Q: -0.00950498
T: 0.983151 Q: -0.01165
T: 0.958806 Q: -0.0107515
T: 0.923215 Q: -0.0118766
T: 0.877461 Q: 1.34668
T: 0.822934 Q: -0.0162344
T: 0.76129 Q: 1.23414
T: 0.694402 Q: -0.0178882
T: 0.624303 Q: -0.0207615
Sec_Event 1903306 N50: 36
T: 0.0156674 Q: -0.0280452
T: -0.0986315 Q: 2.55058
T: -0.207694 Q: 1.35254
T: -0.308207 Q: -0.0234665
T: -0.397116 Q: -0.0386087
T: -0.471719 Q: -0.0395497
T: -0.52975 Q: -0.0334101
T: -0.569446 Q: 2.38571
T: -0.5896 Q: 1.27363
T: -0.5896 Q: -0.0334927
T: -0.569446 Q: -0.0382854
T: -0.52975 Q: -0.0371954
T: -0.471719 Q: -0.0455139
T: -0.397116 Q: 2.49931
T: -0.308207 Q: -0.0270934
T: -0.207694 Q: 1.17988
T: -0.0986315 Q: -0.0187927
T: 0.0156674 Q: -0.0217511
T: 0.13173 Q: -0.0199989
T: 0.246029 Q: 1.08965
T: 0.355091 Q: 1.28534
T: 0.455604 Q: -0.0371449
T: 0.544513 Q: -0.0321667
T: 0.619116 Q: 1.38038
T: 0.677147 Q: 1.19097
T: 0.716843 Q: 1.24033
T: 0.736997 Q: 1.26813
T: 0.736997 Q: 1.32102
T: 0.716843 Q: 1.37172
T: 0.677147 Q: -0.0338551
T: 0.619116 Q: -0.0354908
T: 0.544513 Q: 2.19603
T: 0.455604 Q: 1.41724
T: 0.355091 Q: -0.0314271
T: 0.246029 Q: -0.0277655
T: 0.13173 Q: 1.1833
Sec_Event 2135698 N50: 39
T: -0.706424 Q: 1.03515
T: -0.751497 Q: 2.61236
T: -0.794506 Q: 1.6722
T: -0.834143 Q: 1.96384
T: -0.869204 Q: -0.00471804
T: -0.898624 Q: -0.00442361
T: -0.921509 Q: -0.00405537
T: -0.937162 Q: 1.10084
T: -0.94511 Q: -0.00544846
T: -0.94511 Q: 1.08185
T: -0.937162 Q: 1.13062
T: -0.921509 Q: 2.43131
T: -0.898624 Q: 1.28927
T: -0.869204 Q: 2.39504
T: -0.834143 Q: 1.2144
T: -0.794506 Q: -0.00603025
T: -0.751497 Q: -0.00704012
T: -0.706424 Q: 1.23607
T: -0.660654 Q: 1.02718
T: -0.615581 Q: 2.36586
T: -0.572572 Q: -0.0135899
T: -0.532935 Q: 0.98102
T: -0.497874 Q: -0.00953624
T: -0.468454 Q: -0.0113896
T: -0.445569 Q: -0.00641321
T: -0.429916 Q: -0.00301157
T: -0.421968 Q: -0.00285902
T: -0.421968 Q: -0.00274796
T: -0.429916 Q: 0.964914
T: -0.445569 Q: -0.00144583
T: -0.468454 Q: -0.00236198
T: -0.497874 Q: 1.00878
T: -0.532935 Q: -0.000856638
T: -0.572572 Q: -0.00099459
T: -0.615581 Q: -0.000646105
T: -0.660654 Q: 0.986516
Sec_Event 2574914 N50: 33
T: 0.0866765 Q: -0.0114803
T: -0.0260149 Q: -0.010725
T: -0.133544 Q: -0.0158039
T: -0.232643 Q: -0.0190868
T: -0.320301 Q: -0.0250471
T: -0.393855 Q: -0.0292863
T: -0.45107 Q: -0.0346855
T: -0.490208 Q: -0.0461776
T: -0.510078 Q: -0.0522871
T: -0.510078 Q: -0.0483435
T: -0.490208 Q: 1.1569
T: -0.45107 Q: 4.75999
T: -0.393855 Q: -0.0553862
T: -0.320301 Q: 1.14563
T: -0.232643 Q: 2.8982
T: -0.133544 Q: -0.0383241
T: -0.0260149 Q: 1.28317
T: 0.0866765 Q: 1.12964
T: 0.201106 Q: 1.71013
T: 0.313798 Q: 0.73969
T: 0.421327 Q: -0.00195346
T: 0.520426 Q: -0.0023589
T: 0.608084 Q: 1.87116
T: 0.681638 Q: -0.000621773
T: 0.738853 Q: -0.000506498
T: 0.777991 Q: -0.000567011
T: 0.797861 Q: -0.000737269
T: 0.797861 Q: -0.000528022
T: 0.777991 Q: -0.000234759
T: 0.738853 Q: -0.00048486
T: 0.681638 Q: -0.00100992
T: 0.608084 Q: -0.000822185
T: 0.520426 Q: -0.00163498
T: 0.421327 Q: -0.00344305
T: 0.313798 Q: -0.00549403
T: 0.201106 Q: -0.0154135
Sec_Event 2686516 N50: 51
T: 0.0382828 Q: 1.23277
T: -0.0756176 Q: -0.00582379
T: -0.1843 Q: 2.0646
T: -0.284463 Q: 1.22495
T: -0.373061 Q: -0.00468258
T: -0.447405 Q: -0.00324407
T: -0.505233 Q: 0.918477
T: -0.544791 Q: 0.953002
T: -0.564874 Q: 1.13976
T: -0.564874 Q: 1.05561
T: -0.544791 Q: -0.00258434
T: -0.505233 Q: -0.00294968
T: -0.447405 Q: -0.0034257
T: -0.373061 Q: 0.867775
T: -0.284463 Q: -0.0064169
T: -0.1843 Q: 1.37653
T: -0.0756176 Q: 1.33723
T: 0.0382828 Q: 1.31924
T: 0.15394 Q: -0.00758162
T: 0.267841 Q: -0.0141989
T: 0.376523 Q: -0.011344
T: 0.476686 Q: 1.19741
T: 0.565285 Q: 1.14297
T: 0.639628 Q: -0.0184238
T: 0.697457 Q: -0.0238294
T: 0.737014 Q: -0.0256305
T: 0.757098 Q: 0.912177
T: 0.757098 Q: -0.0305597
T: 0.737014 Q: -0.0194935
T: 0.697457 Q: 2.19643
T: 0.639628 Q: -0.0139982
T: 0.565285 Q: -0.0103443
T: 0.476686 Q: 1.18618
T: 0.376523 Q: -0.00911926
T: 0.267841 Q: -0.00776302
T: 0.15394 Q: 1.13875
Sec_Event 3414495 N50: 27
T: 0.393186 Q: -0.000796651
T: 0.300638 Q: -0.000828698
T: 0.21233 Q: -0.000562822
T: 0.130945 Q: -0.000285702
T: 0.0589553 Q: -0.000771636
T: -0.00145102 Q: -0.000661222
T: -0.0484388 Q: -0.000644114
T: -0.0805803 Q: 1.36274
T: -0.096899 Q: -0.00275571
T: -0.0805803 Q: -0.000836957
T: -0.0484388 Q: -0.000566138
T: -0.00145102 Q: -0.00133807
T: 0.0589553 Q: -0.000560746
T: 0.130945 Q: -0.00129283
T: 0.21233 Q: 1.08261
T: 0.300638 Q: -0.00232962
T: 0.393186 Q: 0.922489
T: 0.487161 Q: 1.14922
T: 0.579709 Q: -0.00683578
T: 0.668018 Q: 1.05029
T: 0.749403 Q: -0.0185664
T: 0.821392 Q: 0.791063
T: 0.881798 Q: -0.032887
T: 0.928786 Q: -0.0256473
T: 0.960928 Q: -0.0306294
T: 0.977246 Q: 0.937612
T: 0.977246 Q: -0.0255953
T: 0.960928 Q: 0.742441
T: 0.928786 Q: -0.0359606
T: 0.881798 Q: -0.0120916
T: 0.821392 Q: -0.00580492
T: 0.749403 Q: -0.00414315
T: 0.668018 Q: -0.00194989
T: 0.579709 Q: 1.17503
T: 0.487161 Q: -0.00142941
Sec_Event 3480600 N50: 30
T: 0.630946 Q: 1.10725
T: 0.577572 Q: -0.00123485
T: 0.526644 Q: -0.00124244
T: 0.479707 Q: -0.00099247
T: 0.43819 Q: 1.09796
T: 0.403353 Q: 1.2203
T: 0.376254 Q: -0.000913376
T: 0.357717 Q: -0.00125901
T: 0.348306 Q: -0.00145762
T: 0.348306 Q: -0.00178748
T: 0.357717 Q: -0.00198532
T: 0.376254 Q: -0.0034548
T: 0.403353 Q: 0.940938
T: 0.43819 Q: -0.00609752
T: 0.479707 Q: 1.04356
T: 0.526644 Q: -0.010196
T: 0.577572 Q: -0.0158385
T: 0.630946 Q: -0.0308559
T: 0.685143 Q: -0.047396
T: 0.738517 Q: 0.916398
T: 0.789446 Q: -0.0653609
T: 0.836382 Q: 1.07031
T: 0.8779 Q: 1.11004
T: 0.912737 Q: -0.0517799
T: 0.939835 Q: -0.0419632
T: 0.958372 Q: -0.0388416
T: 0.967783 Q: -0.0447405
T: 0.967783 Q: 1.33278
T: 0.958372 Q: 1.27774
T: 0.939835 Q: -0.0750745
T: 0.912737 Q: -0.036859
T: 0.8779 Q: -0.0165642
T: 0.836382 Q: -0.00905964
T: 0.789446 Q: -0.00810694
T: 0.738517 Q: 1.0307
T: 0.685143 Q: 0.90951
Sec_Event 3638147 N50: 35
T: 0.575606 Q: 0.938913
T: 0.509783 Q: 1.13544
T: 0.446975 Q: -0.0153408
T: 0.389092 Q: 1.00863
T: 0.33789 Q: -0.0137643
T: 0.294928 Q: 1.07244
T: 0.261508 Q: -0.0295809
T: 0.238648 Q: -0.0257651
T: 0.227042 Q: 1.02708
T: 0.227042 Q: -0.036062
T: 0.238648 Q: -0.036572
T: 0.261508 Q: -0.0358298
T: 0.294928 Q: 1.17121
T: 0.33789 Q: -0.0502754
T: 0.389092 Q: 1.15596
T: 0.446975 Q: 3.09767
T: 0.509783 Q: 1.2446
T: 0.575606 Q: -0.0413613
T: 0.642444 Q: -0.0459478
T: 0.708267 Q: -0.0336217
T: 0.771074 Q: 1.17919
T: 0.828958 Q: 1.20096
T: 0.880159 Q: -0.0204807
T: 0.923122 Q: -0.0156646
T: 0.956541 Q: -0.0132112
T: 0.979401 Q: -0.0122458
T: 0.991008 Q: -0.0192421
T: 0.991008 Q: -0.0152773
T: 0.979401 Q: -0.0146272
T: 0.956541 Q: 0.984646
T: 0.923122 Q: -0.0184527
T: 0.880159 Q: -0.0173527
T: 0.828958 Q: 0.849371
T: 0.771074 Q: 0.903882
T: 0.708267 Q: -0.0139411
T: 0.642444 Q: -0.00995982
Sec_Event 3890771 N50: 36
T: 0.0132542 Q: -0.0129564
T: -0.101081 Q: -0.0107701
T: -0.210178 Q: 2.86245
T: -0.310723 Q: -0.0143428
T: -0.39966 Q: -0.00911652
T: -0.474287 Q: -0.0153731
T: -0.532337 Q: -0.0149738
T: -0.572045 Q: 1.20676
T: -0.592205 Q: -0.0188623
T: -0.592205 Q: -0.014705
T: -0.572045 Q: 1.162
T: -0.532337 Q: -0.0193884
T: -0.474287 Q: -0.011809
T: -0.39966 Q: 3.56337
T: -0.310723 Q: 1.34681
T: -0.210178 Q: 1.24715
T: -0.101081 Q: 3.80523
T: 0.0132542 Q: -0.0164
T: 0.129353 Q: -0.0176985
T: 0.243688 Q: -0.0121682
T: 0.352786 Q: -0.013737
T: 0.453331 Q: -0.0194728
T: 0.542268 Q: 1.65303
T: 0.616895 Q: 1.19948
T: 0.674944 Q: 1.13817
T: 0.714652 Q: -0.0225366
T: 0.734813 Q: 1.45782
T: 0.734813 Q: -0.0153022
T: 0.714652 Q: 1.33723
T: 0.674944 Q: -0.01694
T: 0.616895 Q: -0.0154294
T: 0.542268 Q: -0.016191
T: 0.453331 Q: -0.0109786
T: 0.352786 Q: 1.11622
T: 0.243688 Q: -0.00826017
T: 0.129353 Q: -0.00642639
100000/565143
Sec_Event 4864325 N50: 31
T: 0.723212 Q: 1.22441
T: 0.704182 Q: -0.00136495
T: 0.686023 Q: -0.00150734
T: 0.669287 Q: -0.00169895
T: 0.654484 Q: -0.00219676
T: 0.642063 Q: -0.00228982
T: 0.6324 Q: -0.00133142
T: 0.625791 Q: 1.00436
T: 0.622436 Q: 1.07103
T: 0.622436 Q: -0.00182817
T: 0.625791 Q: 0.980709
T: 0.6324 Q: -0.00468733
T: 0.642063 Q: -0.00147453
T: 0.654484 Q: -0.00172421
T: 0.669287 Q: -0.0012843
T: 0.686023 Q: -0.00145555
T: 0.704182 Q: -0.00153781
T: 0.723212 Q: -0.00120818
T: 0.742537 Q: -0.00107158
T: 0.761567 Q: -0.0012749
T: 0.779726 Q: -0.00174118
T: 0.796461 Q: 1.03911
T: 0.811265 Q: 0.959756
T: 0.823686 Q: -0.000566331
T: 0.833348 Q: -0.00129862
T: 0.839958 Q: -0.00083015
T: 0.843313 Q: -0.00077771
T: 0.843313 Q: -0.000539488
T: 0.839958 Q: -0.000741938
T: 0.833348 Q: -0.00107393
T: 0.823686 Q: -0.000534178
T: 0.811265 Q: -0.000995787
T: 0.796461 Q: -0.000581585
T: 0.779726 Q: 1.00339
T: 0.761567 Q: -0.00266374
T: 0.742537 Q: 1.00281
Sec_Event 4864325 N50: 30
T: 0.465627 Q: -0.00141031
T: 0.381816 Q: -0.00291824
T: 0.301844 Q: -0.00151028
T: 0.228142 Q: -0.0020198
T: 0.162948 Q: 1.21243
T: 0.108244 Q: 1.55749
T: 0.0656924 Q: 1.20053
T: 0.036585 Q: -0.0019096
T: 0.0218069 Q: -0.00172458
T: 0.0218069 Q: -0.00186004
T: 0.036585 Q: -0.00146927
T: 0.0656924 Q: -0.00177856
T: 0.108244 Q: -0.00297415
T: 0.162948 Q: 1.18852
T: 0.228142 Q: -0.00323881
T: 0.301844 Q: 1.11926
T: 0.381816 Q: -0.00461696
T: 0.465627 Q: 1.10251
T: 0.550731 Q: 1.1907
T: 0.634542 Q: -0.00125778
T: 0.714514 Q: -0.00116117
T: 0.788216 Q: -0.000556878
T: 0.85341 Q: -0.00064219
T: 0.908114 Q: -0.000251163
T: 0.950666 Q: -0.000915625
T: 0.979773 Q: -0.000299265
T: 0.994551 Q: 1.35774
T: 0.994551 Q: 1.50978
T: 0.950666 Q: 2.4898
T: 0.908114 Q: -0.000289134
T: 0.85341 Q: 0.896056
T: 0.788216 Q: -0.000535035
T: 0.714514 Q: -0.00124369
T: 0.634542 Q: -0.00168979
T: 0.550731 Q: -0.00208353
 Incomplete 
Sec_Event 5099213 N50: 42
T: 0.433268 Q: -0.0104285
T: 0.345307 Q: 1.08523
T: 0.261377 Q: -0.00797546
T: 0.184026 Q: -0.0134304
T: 0.115605 Q: -0.0108133
T: 0.0581925 Q: 1.22954
T: 0.0135338 Q: -0.00985506
T: -0.0170145 Q: -0.00988657
T: -0.0325243 Q: -0.0094414
T: -0.0325243 Q: -0.0151295
T: -0.0170145 Q: 1.10509
T: 0.0135338 Q: -0.0132703
T: 0.0581925 Q: -0.0199168
T: 0.115605 Q: -0.0240027
T: 0.184026 Q: 1.03017
T: 0.261377 Q: 1.12314
T: 0.345307 Q: -0.025588
T: 0.433268 Q: 1.08917
T: 0.522585 Q: -0.0355644
T: 0.610546 Q: 1.11854
T: 0.694476 Q: -0.0615222
T: 0.771827 Q: 2.03414
T: 0.840249 Q: -0.0572192
T: 0.897661 Q: -0.0562529
T: 0.942319 Q: -0.0470922
T: 0.972868 Q: -0.0401855
T: 0.988377 Q: -0.0407974
T: 0.988377 Q: -0.0434113
T: 0.972868 Q: -0.0393051
T: 0.942319 Q: -0.0536952
T: 0.897661 Q: 0.995919
T: 0.840249 Q: 0.854326
T: 0.771827 Q: 1.03967
T: 0.694476 Q: 1.90735
T: 0.610546 Q: -0.0171757
T: 0.522585 Q: -0.0104329
Sec_Event 8149908 N50: 33
T: -0.571998 Q: -0.0370644
T: -0.652324 Q: -0.0521552
T: -0.72897 Q: -0.0590352
T: -0.799608 Q: -0.0548857
T: -0.862091 Q: -0.0450284
T: -0.91452 Q: 1.36544
T: -0.955302 Q: -0.0366105
T: -0.983199 Q: -0.0321148
T: -0.997363 Q: 1.38796
T: -0.997363 Q: -0.0272267
T: -0.983199 Q: 0.898673
T: -0.955302 Q: -0.0404465
T: -0.91452 Q: 1.06911
T: -0.862091 Q: -0.0104666
T: -0.799608 Q: -0.00675501
T: -0.72897 Q: -0.00417086
T: -0.652324 Q: -0.00377115
T: -0.571998 Q: -0.00278525
T: -0.490433 Q: -0.00227717
T: -0.410107 Q: -0.00171265
T: -0.33346 Q: -0.00320662
T: -0.262823 Q: -0.00145908
T: -0.20034 Q: -0.0020264
T: -0.147911 Q: 1.15744
T: -0.107128 Q: -0.00325335
T: -0.0792313 Q: 1.01075
T: -0.0650676 Q: 1.28022
T: -0.0650676 Q: -0.00763094
T: -0.0792313 Q: 1.2143
T: -0.107128 Q: 1.18134
T: -0.147911 Q: -0.011226
T: -0.20034 Q: -0.0123055
T: -0.262823 Q: -0.0167619
T: -0.33346 Q: 1.28305
T: -0.410107 Q: -0.0260749
T: -0.490433 Q: -0.033749
Sec_Event 8150121 N50: 37
T: -0.510937 Q: 1.22224
T: -0.600478 Q: 1.53605
T: -0.685918 Q: 2.71634
T: -0.764659 Q: -0.0117006
T: -0.83431 Q: -0.0125205
T: -0.892754 Q: -0.0105502
T: -0.938215 Q: -0.00969001
T: -0.969313 Q: 2.9932
T: -0.985101 Q: -0.0100663
T: -0.985101 Q: -0.00777997
T: -0.969313 Q: -0.0083665
T: -0.938215 Q: -0.00863815
T: -0.892754 Q: 1.33792
T: -0.83431 Q: -0.0136994
T: -0.764659 Q: -0.0190488
T: -0.685918 Q: -0.0230186
T: -0.600478 Q: -0.0296046
T: -0.510937 Q: 1.3004
T: -0.420014 Q: -0.02031
T: -0.330473 Q: -0.0287434
T: -0.245033 Q: -0.0210377
T: -0.166292 Q: 1.51673
T: -0.0966412 Q: -0.0125167
T: -0.0381972 Q: 2.78486
T: 0.00726418 Q: -0.010171
T: 0.0383616 Q: -0.0129871
T: 0.0541501 Q: -0.00966744
T: 0.0541501 Q: -0.00549444
T: 0.0383616 Q: -0.00696366
T: 0.00726418 Q: -0.00465248
T: -0.0381972 Q: 1.30812
T: -0.0966412 Q: -0.00331188
T: -0.166292 Q: -0.00375297
T: -0.245033 Q: -0.00657234
T: -0.330473 Q: -0.00514711
T: -0.420014 Q: -0.0062342
Sec_Event 8284192 N50: 43
T: -0.206137 Q: -0.0441426
T: -0.31867 Q: -0.0457699
T: -0.426047 Q: 1.13192
T: -0.525006 Q: -0.0544094
T: -0.612541 Q: 1.04234
T: -0.685992 Q: -0.0745916
T: -0.743126 Q: -0.0801881
T: -0.782208 Q: -0.0687658
T: -0.802051 Q: -0.0582034
T: -0.802051 Q: -0.0603036
T: -0.782208 Q: 1.20278
T: -0.743126 Q: -0.0649001
T: -0.685992 Q: 2.18
T: -0.612541 Q: -0.0521039
T: -0.525006 Q: -0.0336213
T: -0.426047 Q: -0.0352114
T: -0.31867 Q: 0.989469
T: -0.206137 Q: 0.983552
T: -0.0918683 Q: -0.0236194
T: 0.0206643 Q: -0.0296953
T: 0.128042 Q: 1.21462
T: 0.227001 Q: -0.0241808
T: 0.314536 Q: -0.030276
T: 0.387986 Q: -0.0264334
T: 0.445121 Q: -0.0268689
T: 0.484203 Q: 0.683283
T: 0.504045 Q: -0.0272838
T: 0.504045 Q: -0.0250645
T: 0.484203 Q: -0.0227882
T: 0.445121 Q: -0.0271433
T: 0.387986 Q: 1.00656
T: 0.314536 Q: 0.701225
T: 0.227001 Q: -0.0468878
T: 0.128042 Q: -0.0412703
T: 0.0206643 Q: -0.0493824
T: -0.0918683 Q: -0.0343047
Sec_Event 8296241 N50: 40
T: 0.212808 Q: -0.0433579
T: 0.105626 Q: -0.0357579
T: 0.00335409 Q: -0.0346877
T: -0.0909002 Q: -0.0376146
T: -0.174273 Q: 2.43077
T: -0.244231 Q: -0.0365942
T: -0.298649 Q: -0.0381985
T: -0.335873 Q: -0.0362596
T: -0.354772 Q: 1.08573
T: -0.354772 Q: 1.2431
T: -0.335873 Q: -0.0234603
T: -0.298649 Q: -0.018576
T: -0.244231 Q: 1.10469
T: -0.174273 Q: -0.0114732
T: -0.0909002 Q: -0.012404
T: 0.00335409 Q: 2.22235
T: 0.105626 Q: 0.834352
T: 0.212808 Q: -0.00797455
T: 0.321643 Q: -0.0108966
T: 0.428825 Q: 1.98031
T: 0.531097 Q: 0.931401
T: 0.625351 Q: -0.0159081
T: 0.708724 Q: -0.019896
T: 0.778682 Q: -0.0414269
T: 0.8331 Q: 0.658814
T: 0.870324 Q: -0.0386274
T: 0.889223 Q: -0.0485081
T: 0.889223 Q: 1.29509
T: 0.870324 Q: -0.0457508
T: 0.8331 Q: -0.051259
T: 0.778682 Q: -0.0561995
T: 0.708724 Q: -0.0712885
T: 0.625351 Q: -0.0785083
T: 0.531097 Q: -0.0692511
T: 0.428825 Q: -0.0533584
T: 0.321643 Q: -0.044593
Sec_Event 8378846 N50: 42
T: -0.184252 Q: -0.00120215
T: -0.297433 Q: -0.000207289
T: -0.405429 Q: -0.000500242
T: -0.504959 Q: 0.995468
T: -0.592998 Q: -0.00138071
T: -0.666872 Q: 1.98973
T: -0.724335 Q: 0.700184
T: -0.763643 Q: 0.669992
T: -0.7836 Q: 0.608845
T: -0.7836 Q: -0.0378002
T: -0.763643 Q: 0.61688
T: -0.724335 Q: -0.0590684
T: -0.666872 Q: -0.0555183
T: -0.592998 Q: -0.0495663
T: -0.504959 Q: -0.0470282
T: -0.405429 Q: -0.0392625
T: -0.297433 Q: 1.32574
T: -0.184252 Q: -0.037005
T: -0.0693248 Q: -0.0317631
T: 0.0438563 Q: -0.0280201
T: 0.151852 Q: 0.733319
T: 0.251382 Q: -0.0105699
T: 0.339421 Q: -0.00512141
T: 0.413295 Q: 0.638472
T: 0.470759 Q: -0.00115173
T: 0.510066 Q: -0.00153811
T: 0.530023 Q: 0.934558
T: 0.530023 Q: -0.00129938
T: 0.510066 Q: 0.965764
T: 0.470759 Q: -0.000917983
T: 0.413295 Q: -0.000578212
T: 0.339421 Q: -0.00057121
T: 0.251382 Q: -0.000491786
T: 0.151852 Q: 1.09472
T: 0.0438563 Q: 0.891729
T: -0.0693248 Q: -0.000228238
Sec_Event 9190505 N50: 44
T: 0.71091 Q: -0.0606127
T: 0.685036 Q: 1.13404
T: 0.660347 Q: -0.0568928
T: 0.637594 Q: 1.12319
T: 0.617468 Q: -0.0441905
T: 0.60058 Q: 1.19875
T: 0.587444 Q: 3.42012
T: 0.578458 Q: 2.3389
T: 0.573895 Q: 1.0369
T: 0.573895 Q: 1.01094
T: 0.578458 Q: -0.0129888
T: 0.587444 Q: 2.91851
T: 0.60058 Q: -0.00847564
T: 0.617468 Q: 1.01132
T: 0.637594 Q: -0.00695433
T: 0.660347 Q: -0.0106964
T: 0.685036 Q: 1.0569
T: 0.71091 Q: -0.0112824
T: 0.737183 Q: 1.01335
T: 0.763056 Q: -0.014251
T: 0.787745 Q: 0.950721
T: 0.810498 Q: -0.0187589
T: 0.830624 Q: -0.0273711
T: 0.847512 Q: -0.0339795
T: 0.860649 Q: 0.978797
T: 0.869635 Q: -0.0394353
T: 0.874197 Q: -0.0596573
T: 0.874197 Q: 0.910008
T: 0.869635 Q: -0.0507971
T: 0.860649 Q: 3.75381
T: 0.847512 Q: 2.50663
T: 0.830624 Q: -0.0675818
T: 0.810498 Q: 2.37459
T: 0.787745 Q: 1.37822
T: 0.763056 Q: -0.064287
T: 0.737183 Q: -0.0598278
Sec_Event 9271924 N50: 27
T: 0.366118 Q: -0.0381746
T: 0.270782 Q: 2.15685
T: 0.179813 Q: -0.0288471
T: 0.0959765 Q: -0.0282201
T: 0.0218184 Q: -0.0270411
T: -0.0404076 Q: -0.0280779
T: -0.0888109 Q: -0.0276572
T: -0.121921 Q: -0.0237261
T: -0.138731 Q: -0.0201898
T: -0.138731 Q: -0.0161408
T: -0.121921 Q: 0.943778
T: -0.0888109 Q: -0.0101237
T: -0.0404076 Q: -0.00874028
T: 0.0218184 Q: -0.0085686
T: 0.0959765 Q: -0.00502982
T: 0.179813 Q: -0.00673361
T: 0.270782 Q: -0.00653129
T: 0.366118 Q: -0.00607456
T: 0.462924 Q: -0.0059759
T: 0.55826 Q: 0.822716
T: 0.649228 Q: -0.00662254
T: 0.733065 Q: 0.831722
T: 0.807223 Q: -0.0143623
T: 0.869449 Q: -0.0231532
T: 0.917853 Q: -0.052774
T: 0.950962 Q: -0.0627164
T: 0.967773 Q: -0.0504553
T: 0.967773 Q: -0.0422904
T: 0.950962 Q: -0.0407616
T: 0.917853 Q: -0.0585942
T: 0.869449 Q: -0.0569096
T: 0.807223 Q: 0.958646
T: 0.733065 Q: -0.0966391
T: 0.649228 Q: -0.0764486
T: 0.55826 Q: -0.0527126
T: 0.462924 Q: -0.0445694
200000/565143
Sec_Event 9698376 N50: 27
T: -0.482828 Q: 0.936746
T: -0.575894 Q: -0.0204521
T: -0.664697 Q: -0.0322157
T: -0.746538 Q: 0.877734
T: -0.81893 Q: -0.0411857
T: -0.879675 Q: 0.851145
T: -0.926925 Q: -0.0338745
T: -0.959247 Q: 1.30893
T: -0.975657 Q: -0.0256903
T: -0.975657 Q: -0.029715
T: -0.959247 Q: -0.0336524
T: -0.926925 Q: -0.028101
T: -0.879675 Q: -0.0195226
T: -0.81893 Q: 0.91537
T: -0.746538 Q: -0.00538747
T: -0.664697 Q: -0.00479167
T: -0.575894 Q: -0.00317327
T: -0.482828 Q: -0.0029649
T: -0.388327 Q: -0.00354636
T: -0.295261 Q: -0.00502119
T: -0.206458 Q: -0.00156366
T: -0.124618 Q: -0.00304579
T: -0.0522253 Q: -0.0034573
T: 0.00851921 Q: -0.00504065
T: 0.05577 Q: -0.00189651
T: 0.0880915 Q: 1.07322
T: 0.104502 Q: -0.0043109
T: 0.104502 Q: 0.958974
T: 0.0880915 Q: -0.00229532
T: 0.05577 Q: -0.0035724
T: 0.00851921 Q: -0.00644105
T: -0.0522253 Q: -0.00424304
T: -0.124618 Q: -0.00800248
T: -0.206458 Q: -0.00880179
T: -0.295261 Q: 1.15861
T: -0.388327 Q: -0.015914
Sec_Event 9825438 N50: 38
T: -0.028691 Q: -0.0291224
T: -0.143465 Q: 1.13184
T: -0.252981 Q: 2.41204
T: -0.353912 Q: -0.0374404
T: -0.44319 Q: 1.18225
T: -0.518104 Q: 1.21694
T: -0.576376 Q: 2.89654
T: -0.616237 Q: 1.12064
T: -0.636475 Q: -0.0825932
T: -0.636475 Q: -0.0896469
T: -0.616237 Q: -0.0803875
T: -0.576376 Q: 1.25278
T: -0.518104 Q: 1.30019
T: -0.44319 Q: -0.0541994
T: -0.353912 Q: 1.26116
T: -0.252981 Q: 1.54508
T: -0.143465 Q: 1.44871
T: -0.028691 Q: 1.42371
T: 0.0878537 Q: 1.48922
T: 0.202628 Q: -0.0482765
T: 0.312144 Q: -0.0496706
T: 0.413075 Q: 0.887812
T: 0.502353 Q: 2.29843
T: 0.577267 Q: 1.15618
T: 0.635539 Q: 1.04389
T: 0.6754 Q: 2.36528
T: 0.695637 Q: 1.22686
T: 0.695637 Q: -0.00797452
T: 0.6754 Q: -0.00894604
T: 0.635539 Q: -0.00772366
T: 0.577267 Q: 1.17955
T: 0.502353 Q: -0.013596
T: 0.413075 Q: -0.0212837
T: 0.312144 Q: -0.0170629
T: 0.202628 Q: 3.98448
T: 0.0878537 Q: -0.0276829
Sec_Event 10564965 N50: 34
Sec_Event 10564965 N50: 67
T: -0.257732 Q: -0.00331608
T: -0.36829 Q: -0.00459747
T: -0.473783 Q: 1.51267
T: -0.571006 Q: -0.00848875
T: -0.657005 Q: -0.00900867
T: -0.729166 Q: -0.0186234
T: -0.785298 Q: -0.0179192
T: -0.823694 Q: 1.34487
T: -0.843188 Q: 3.066
T: -0.843188 Q: 1.54661
T: -0.823694 Q: -0.0368428
T: -0.785298 Q: 1.41704
T: -0.729166 Q: 4.38932
T: -0.657005 Q: 1.45492
T: -0.571006 Q: 1.64313
T: -0.473783 Q: -0.0219341
T: -0.36829 Q: -0.0256334
T: -0.257732 Q: 1.55609
T: -0.145469 Q: -0.0157575
T: -0.0349114 Q: -0.0135018
T: 0.0705816 Q: -0.0110225
T: 0.167804 Q: -0.020215
T: 0.253803 Q: 1.54659
T: 0.325965 Q: 1.40703
T: 0.382096 Q: 1.658
T: 0.420493 Q: 1.52666
T: 0.439987 Q: 1.4962
T: 0.439987 Q: 6.3139
T: 0.420493 Q: -0.00801575
T: 0.382096 Q: 1.69816
T: 0.325965 Q: -0.00875667
T: 0.253803 Q: -0.00462621
T: 0.167804 Q: 1.92433
T: 0.0705816 Q: -0.00404083
T: -0.0349114 Q: 1.65926
T: -0.145469 Q: -0.00593756
Sec_Event 10564965 N50: 36
T: -0.531998 Q: 1.04405
T: -0.618624 Q: -0.0294735
T: -0.701283 Q: 1.15273
T: -0.777461 Q: -0.0326602
T: -0.844845 Q: -0.0323115
T: -0.901386 Q: -0.0261016
T: -0.945368 Q: -0.023741
T: -0.975453 Q: -0.0196908
T: -0.990728 Q: -0.0184433
T: -0.990728 Q: 1.28474
T: -0.975453 Q: 1.1424
T: -0.945368 Q: -0.027505
T: -0.901386 Q: -0.0247735
T: -0.844845 Q: -0.029065
T: -0.777461 Q: -0.0363168
T: -0.701283 Q: 1.10973
T: -0.618624 Q: -0.0541473
T: -0.531998 Q: -0.0487925
T: -0.444035 Q: -0.0491339
T: -0.357408 Q: -0.0581736
T: -0.27475 Q: 1.38975
T: -0.198571 Q: -0.0420339
T: -0.131188 Q: -0.0400179
T: -0.0746461 Q: -0.0418623
T: -0.0306645 Q: 1.27025
T: -0.00057936 Q: 1.25608
T: 0.0146953 Q: 1.44879
T: 0.0146953 Q: -0.0432686
T: -0.00057936 Q: 1.15528
T: -0.0306645 Q: -0.031921
T: -0.0746461 Q: -0.0389884
T: -0.131188 Q: 1.24115
T: -0.198571 Q: 1.17943
T: -0.27475 Q: -0.0233499
T: -0.357408 Q: -0.0240182
T: -0.444035 Q: -0.023226
Sec_Event 10564965 N50: 56
Sec_Event 10564965 N50: 50
T: 0.397345 Q: -0.00972271
T: 0.305247 Q: 2.67287
T: 0.217368 Q: 1.2616
T: 0.136378 Q: 2.41864
T: 0.0647384 Q: 1.46617
T: 0.00462564 Q: -0.0100387
T: -0.0421338 Q: -0.009483
T: -0.0741192 Q: -0.0139298
T: -0.0903585 Q: 1.19869
T: -0.0903585 Q: -0.0226961
T: -0.0741192 Q: -0.020828
T: -0.0421338 Q: 1.29784
T: 0.00462564 Q: -0.0254997
T: 0.0647384 Q: 1.28894
T: 0.136378 Q: -0.0392187
T: 0.217368 Q: 1.67501
T: 0.305247 Q: -0.0468448
T: 0.397345 Q: 1.5838
T: 0.490864 Q: -0.0602088
T: 0.582962 Q: -0.0628151
T: 0.670841 Q: 1.20315
T: 0.751831 Q: -0.0323921
T: 0.82347 Q: -0.0254037
T: 0.883583 Q: 1.43998
T: 0.930343 Q: 2.77191
T: 0.962328 Q: 1.26272
T: 0.978567 Q: 2.71998
T: 0.978567 Q: 2.91225
T: 0.962328 Q: 1.22378
T: 0.930343 Q: 1.60873
T: 0.883583 Q: -0.0204477
T: 0.82347 Q: 2.48479
T: 0.751831 Q: -0.0127391
T: 0.670841 Q: -0.0133637
T: 0.582962 Q: 1.17685
T: 0.490864 Q: 1.34149
Sec_Event 10564965 N50: 55
T: -0.283906 Q: -0.020931
T: -0.393211 Q: 2.28695
T: -0.497509 Q: 1.30556
T: -0.59363 Q: -0.0374887
T: -0.678655 Q: -0.0368384
T: -0.749998 Q: 1.19023
T: -0.805494 Q: -0.0279393
T: -0.843455 Q: 1.21783
T: -0.862729 Q: 3.74805
T: -0.862729 Q: -0.0246387
T: -0.843455 Q: -0.0262497
T: -0.805494 Q: -0.0218618
T: -0.749998 Q: -0.0225312
T: -0.678655 Q: -0.013286
T: -0.59363 Q: -0.0107062
T: -0.497509 Q: 2.56079
T: -0.393211 Q: 1.12273
T: -0.283906 Q: 1.14694
T: -0.172915 Q: -0.00524582
T: -0.0636101 Q: -0.00577906
T: 0.0406875 Q: -0.00518729
T: 0.136809 Q: 2.52951
T: 0.221833 Q: 1.0596
T: 0.293177 Q: -0.0100781
T: 0.348672 Q: 1.24164
T: 0.386634 Q: 1.14587
T: 0.405907 Q: 1.1476
T: 0.405907 Q: 5.07195
T: 0.386634 Q: -0.017362
T: 0.348672 Q: 2.32452
T: 0.293177 Q: 1.16784
T: 0.221833 Q: -0.0228493
T: 0.136809 Q: 1.04782
T: 0.0406875 Q: 1.38268
T: -0.0636101 Q: -0.0222043
T: -0.172915 Q: -0.0162189
Sec_Event 10564965 N50: 27
T: 0.0641651 Q: -0.019697
T: -0.0491494 Q: 1.15772
T: -0.157273 Q: 1.03258
T: -0.25692 Q: -0.0126493
T: -0.345063 Q: -0.0130265
T: -0.419024 Q: 1.10277
T: -0.476555 Q: -0.0189475
T: -0.515909 Q: 1.03
T: -0.535889 Q: -0.0101238
T: -0.535889 Q: -0.00983109
T: -0.515909 Q: -0.00634131
T: -0.476555 Q: -0.00540821
T: -0.419024 Q: -0.00388399
T: -0.345063 Q: 1.1346
T: -0.25692 Q: -0.0026578
T: -0.157273 Q: -0.00240667
T: -0.0491494 Q: -0.00408861
T: 0.0641651 Q: -0.00474033
T: 0.179228 Q: -0.00273735
T: 0.292542 Q: -0.00401278
T: 0.400666 Q: -0.00585222
T: 0.500313 Q: 1.05398
T: 0.588456 Q: 1.22737
T: 0.662417 Q: -0.0071915
T: 0.719948 Q: 1.09283
T: 0.759302 Q: -0.0153163
T: 0.779282 Q: -0.0154009
T: 0.779282 Q: -0.0166788
T: 0.759302 Q: -0.0249181
T: 0.719948 Q: -0.0213571
T: 0.662417 Q: -0.0200679
T: 0.588456 Q: -0.0243103
T: 0.500313 Q: 2.18905
T: 0.400666 Q: -0.0287202
T: 0.292542 Q: -0.0181313
T: 0.179228 Q: -0.0164896
Sec_Event 10564965 N50: 43
T: 0.304641 Q: -0.00830213
T: 0.2038 Q: 1.12369
T: 0.107579 Q: -0.012966
T: 0.0189008 Q: -0.0101176
T: -0.0595396 Q: -0.00553926
T: -0.125359 Q: 1.11542
T: -0.176557 Q: 1.4124
T: -0.211579 Q: -0.00634819
T: -0.22936 Q: -0.00672878
T: -0.22936 Q: -0.00290967
T: -0.211579 Q: 2.38558
T: -0.176557 Q: -0.00429938
T: -0.125359 Q: -0.00377693
T: -0.0595396 Q: 1.29986
T: 0.0189008 Q: -0.00403348
T: 0.107579 Q: -0.00442532
T: 0.2038 Q: -0.00811363
T: 0.304641 Q: -0.00646755
T: 0.407038 Q: -0.00616603
T: 0.507879 Q: 1.24999
T: 0.6041 Q: -0.0112705
T: 0.692779 Q: -0.0138446
T: 0.771219 Q: 0.880665
T: 0.837038 Q: 2.3411
T: 0.888237 Q: 2.31757
T: 0.923258 Q: 1.09943
T: 0.941039 Q: 1.14365
T: 0.941039 Q: -0.0138194
T: 0.923258 Q: -0.0145733
T: 0.888237 Q: -0.0120461
T: 0.837038 Q: -0.0219363
T: 0.771219 Q: 1.02377
T: 0.692779 Q: -0.0201444
T: 0.6041 Q: -0.0171841
T: 0.507879 Q: -0.0177685
T: 0.407038 Q: 1.05173
Sec_Event 11037310 N50: 27
T: 0.363596 Q: -0.0538161
T: 0.268012 Q: -0.050029
T: 0.176807 Q: 1.18145
T: 0.0927521 Q: -0.0420135
T: 0.0184012 Q: -0.0445059
T: -0.0439867 Q: -0.0401526
T: -0.0925158 Q: 1.13502
T: -0.125712 Q: 1.12699
T: -0.142566 Q: -0.0298297
T: -0.142566 Q: -0.0203056
T: -0.125712 Q: -0.01946
T: -0.0925158 Q: -0.0150632
T: -0.0439867 Q: -0.0136913
T: 0.0184012 Q: -0.0086783
T: 0.0927521 Q: -0.0093266
T: 0.176807 Q: -0.00741179
T: 0.268012 Q: 1.02005
T: 0.363596 Q: -0.00767615
T: 0.460654 Q: -0.00621633
T: 0.556237 Q: -0.0105605
T: 0.647442 Q: -0.0133431
T: 0.731497 Q: 0.957638
T: 0.805848 Q: -0.0165532
T: 0.868236 Q: -0.0258581
T: 0.916765 Q: -0.02381
T: 0.949961 Q: 1.08178
T: 0.966815 Q: -0.0170312
T: 0.966815 Q: -0.0198597
T: 0.949961 Q: 2.29447
T: 0.916765 Q: -0.0256131
T: 0.868236 Q: -0.0245628
T: 0.805848 Q: 2.49054
T: 0.731497 Q: 1.08277
T: 0.647442 Q: -0.0613105
T: 0.556237 Q: -0.0599019
T: 0.460654 Q: -0.0743983
Sec_Event 11345051 N50: 29
Sec_Event 11892191 N50: 33
T: -0.740149 Q: -0.0545577
T: -0.762678 Q: 2.49805
T: -0.784175 Q: -0.0538172
T: -0.803988 Q: -0.0526013
T: -0.821512 Q: -0.0411175
T: -0.836217 Q: -0.0348086
T: -0.847656 Q: 1.81266
T: -0.85548 Q: -0.0268474
T: -0.859453 Q: 1.15136
T: -0.859453 Q: -0.0214714
T: -0.85548 Q: -0.0150985
T: -0.847656 Q: -0.0113954
T: -0.836217 Q: -0.0113736
T: -0.821512 Q: -0.00950635
T: -0.803988 Q: 0.881764
T: -0.784175 Q: 0.984414
T: -0.762678 Q: -0.0127635
T: -0.740149 Q: -0.00989015
T: -0.717272 Q: 0.981812
T: -0.694742 Q: -0.0167376
T: -0.673245 Q: 2.06064
T: -0.653433 Q: 0.863719
T: -0.635908 Q: -0.024622
T: -0.621203 Q: -0.030138
T: -0.609764 Q: -0.0380819
T: -0.60194 Q: 3.4623
T: -0.597968 Q: -0.0470291
T: -0.597968 Q: -0.0653273
T: -0.60194 Q: -0.0583581
T: -0.609764 Q: -0.0525637
T: -0.621203 Q: -0.0557527
T: -0.635908 Q: -0.063606
T: -0.653433 Q: -0.0653041
T: -0.673245 Q: 3.62503
T: -0.694742 Q: 1.25514
T: -0.717272 Q: -0.0596869
Sec_Event 12730013 N50: 28
T: -0.576841 Q: -0.0564639
T: -0.656326 Q: -0.054049
T: -0.732169 Q: 1.19514
T: -0.802067 Q: -0.0401582
T: -0.863896 Q: 1.26217
T: -0.915776 Q: -0.0274764
T: -0.956131 Q: -0.0204458
T: -0.983736 Q: -0.0262373
T: -0.997751 Q: -0.01952
T: -0.997751 Q: -0.0207265
T: -0.983736 Q: 2.82135
T: -0.956131 Q: 1.73223
T: -0.915776 Q: 0.990893
T: -0.863896 Q: -0.0120461
T: -0.802067 Q: -0.00768112
T: -0.732169 Q: -0.00997858
T: -0.656326 Q: -0.00678505
T: -0.576841 Q: -0.00419819
T: -0.49613 Q: 2.32698
T: -0.416645 Q: -0.00423244
T: -0.340801 Q: 1.02968
T: -0.270903 Q: 1.23233
T: -0.209075 Q: 1.97774
T: -0.157195 Q: 1.13311
T: -0.116839 Q: -0.00871857
T: -0.0892342 Q: -0.0120452
T: -0.0752189 Q: -0.0158687
T: -0.0752189 Q: -0.0156705
T: -0.0892342 Q: -0.0183267
T: -0.116839 Q: -0.0243932
T: -0.157195 Q: -0.0284226
T: -0.209075 Q: -0.0290937
T: -0.270903 Q: -0.0313826
T: -0.340801 Q: -0.034505
T: -0.416645 Q: -0.0474653
T: -0.49613 Q: -0.0493637
Sec_Event 12730013 N50: 28
T: -0.246589 Q: -0.00960522
T: -0.357628 Q: 0.923314
T: -0.46358 Q: -0.0144106
T: -0.561226 Q: -0.0157293
T: -0.647599 Q: -0.0195973
T: -0.720074 Q: -0.0397101
T: -0.77645 Q: 0.790943
T: -0.815013 Q: -0.0397521
T: -0.834592 Q: -0.0379552
T: -0.834592 Q: -0.0335319
T: -0.815013 Q: -0.0400412
T: -0.77645 Q: -0.046482
T: -0.720074 Q: 1.18972
T: -0.647599 Q: 1.18943
T: -0.561226 Q: 1.3098
T: -0.46358 Q: -0.0621121
T: -0.357628 Q: -0.0580905
T: -0.246589 Q: -0.0562842
T: -0.133837 Q: 1.35129
T: -0.0227985 Q: -0.0532744
T: 0.0831535 Q: -0.0548004
T: 0.180799 Q: -0.0556965
T: 0.267172 Q: -0.0523861
T: 0.339648 Q: 1.38186
T: 0.396024 Q: -0.0556939
T: 0.434587 Q: -0.0594965
T: 0.454166 Q: -0.0628167
T: 0.454166 Q: -0.0364622
T: 0.434587 Q: 1.27245
T: 0.396024 Q: -0.0340652
T: 0.339648 Q: -0.0287255
T: 0.267172 Q: 2.13853
T: 0.180799 Q: -0.0176883
T: 0.0831535 Q: -0.013378
T: -0.0227985 Q: -0.0105412
T: -0.133837 Q: -0.0126654
Sec_Event 13196943 N50: 30
T: -0.430179 Q: 1.1639
T: -0.528886 Q: 1.20358
T: -0.623071 Q: -0.0704174
T: -0.709872 Q: -0.0809129
T: -0.786652 Q: 1.42377
T: -0.851078 Q: -0.0801093
T: -0.901193 Q: -0.0586326
T: -0.935474 Q: -0.0567082
T: -0.952878 Q: -0.0540905
T: -0.952878 Q: -0.0542572
T: -0.935474 Q: -0.0732429
T: -0.901193 Q: -0.0521392
T: -0.851078 Q: 0.844357
T: -0.786652 Q: 1.96888
T: -0.709872 Q: -0.0149271
T: -0.623071 Q: -0.0118215
T: -0.528886 Q: 0.983174
T: -0.430179 Q: -0.00823216
T: -0.32995 Q: 0.881605
T: -0.231243 Q: -0.00547058
T: -0.137058 Q: -0.0083624
T: -0.050257 Q: -0.00574598
T: 0.0265231 Q: 0.935971
T: 0.0909494 Q: -0.0102874
T: 0.141064 Q: 0.702133
T: 0.175345 Q: -0.0110522
T: 0.192749 Q: -0.0153622
T: 0.192749 Q: -0.0125604
T: 0.175345 Q: -0.0166777
T: 0.141064 Q: -0.0209512
T: 0.0909494 Q: -0.0239317
T: 0.0265231 Q: -0.0371541
T: -0.050257 Q: 1.08236
T: -0.137058 Q: 1.39905
T: -0.231243 Q: -0.035153
T: -0.32995 Q: 1.22602
Sec_Event 13514684 N50: 30
T: 0.218177 Q: -0.00879843
T: 0.111309 Q: -0.0142206
T: 0.00933619 Q: -0.00905228
T: -0.0846421 Q: 1.32631
T: -0.167771 Q: -0.0094427
T: -0.237524 Q: -0.00835741
T: -0.291782 Q: -0.00938836
T: -0.328897 Q: -0.00803435
T: -0.347741 Q: -0.010246
T: -0.347741 Q: -0.0074502
T: -0.328897 Q: -0.00887155
T: -0.291782 Q: 1.45325
T: -0.237524 Q: -0.00690113
T: -0.167771 Q: -0.00929645
T: -0.0846421 Q: 1.44241
T: 0.00933619 Q: -0.011579
T: 0.111309 Q: -0.0060733
T: 0.218177 Q: -0.00578701
T: 0.326694 Q: -0.00709915
T: 0.433562 Q: -0.00980929
T: 0.535534 Q: 1.65982
T: 0.629513 Q: -0.0157957
T: 0.712641 Q: -0.0143033
T: 0.782395 Q: -0.0170788
T: 0.836653 Q: -0.0141314
T: 0.873768 Q: 1.52801
T: 0.892612 Q: 1.46573
T: 0.892612 Q: -0.0206496
T: 0.873768 Q: -0.0184264
T: 0.836653 Q: -0.021326
T: 0.782395 Q: -0.0208941
T: 0.712641 Q: -0.021657
T: 0.629513 Q: -0.0199289
T: 0.535534 Q: -0.0184717
T: 0.433562 Q: 1.68675
T: 0.326694 Q: -0.0146324
Sec_Event 14243628 N50: 31
T: -0.573877 Q: -0.0102581
T: -0.653879 Q: -0.00808423
T: -0.730216 Q: -0.0129997
T: -0.800569 Q: -0.0134929
T: -0.862799 Q: -0.0271531
T: -0.915017 Q: -0.0492514
T: -0.955635 Q: -0.0708792
T: -0.983419 Q: -0.0471035
T: -0.997525 Q: -0.0521377
T: -0.997525 Q: -0.0450893
T: -0.983419 Q: -0.0421674
T: -0.955635 Q: -0.0489492
T: -0.915017 Q: -0.0567164
T: -0.862799 Q: -0.0604035
T: -0.800569 Q: -0.0743725
T: -0.730216 Q: -0.0695427
T: -0.653879 Q: -0.0553321
T: -0.573877 Q: -0.0401175
T: -0.492641 Q: -0.045555
T: -0.412639 Q: -0.0344336
T: -0.336302 Q: -0.0292896
T: -0.26595 Q: -0.0288328
T: -0.203719 Q: -0.0213607
T: -0.151502 Q: -0.0212523
T: -0.110884 Q: -0.0145434
T: -0.0830994 Q: -0.0194857
T: -0.0689929 Q: -0.0105604
T: -0.0689929 Q: -0.0108409
T: -0.0830994 Q: -0.0111591
T: -0.110884 Q: 1.2164
T: -0.151502 Q: -0.0103752
T: -0.203719 Q: 2.32939
T: -0.26595 Q: -0.00784662
T: -0.336302 Q: -0.0054238
T: -0.412639 Q: -0.00823232
T: -0.492641 Q: 1.1581
Sec_Event 14243628 N50: 47
T: -0.60718 Q: -0.0430725
T: -0.68093 Q: -0.0519514
T: -0.751302 Q: -0.0756701
T: -0.816157 Q: -0.0727738
T: -0.873524 Q: -0.065641
T: -0.921661 Q: -0.0686639
T: -0.959105 Q: 1.21721
T: -0.984718 Q: 2.53439
T: -0.997722 Q: -0.0475607
T: -0.997722 Q: -0.0562706
T: -0.984718 Q: -0.050145
T: -0.959105 Q: -0.0821481
T: -0.921661 Q: 0.8696
T: -0.873524 Q: 0.95687
T: -0.816157 Q: 1.08939
T: -0.751302 Q: 1.04168
T: -0.68093 Q: 0.957401
T: -0.60718 Q: 1.06798
T: -0.532292 Q: -0.00544031
T: -0.458542 Q: 1.14785
T: -0.38817 Q: 2.11999
T: -0.323315 Q: 1.05245
T: -0.265948 Q: 1.05662
T: -0.217811 Q: -0.00602205
T: -0.180367 Q: 1.06001
T: -0.154754 Q: 1.04712
T: -0.141749 Q: -0.0179628
T: -0.141749 Q: -0.00939547
T: -0.154754 Q: -0.00743107
T: -0.180367 Q: -0.0179561
T: -0.217811 Q: 0.966639
T: -0.265948 Q: -0.0156819
T: -0.323315 Q: -0.0223124
T: -0.38817 Q: -0.0214826
T: -0.458542 Q: 1.02523
T: -0.532292 Q: -0.0362382
300000/565143
Sec_Event 14752004 N50: 30
T: -0.398163 Q: -0.0311358
T: -0.499772 Q: -0.0364784
T: -0.596726 Q: 1.03726
T: -0.68608 Q: -0.0405176
T: -0.765117 Q: -0.0248783
T: -0.831438 Q: -0.0208107
T: -0.883026 Q: 2.27784
T: -0.918315 Q: 1.03163
T: -0.936231 Q: 2.25556
T: -0.936231 Q: -0.0165975
T: -0.918315 Q: -0.0150856
T: -0.883026 Q: -0.0184882
T: -0.831438 Q: -0.0180222
T: -0.765117 Q: 1.0828
T: -0.68608 Q: -0.0122006
T: -0.596726 Q: -0.0066518
T: -0.499772 Q: -0.00449643
T: -0.398163 Q: -0.00500314
T: -0.294986 Q: -0.00382572
T: -0.193377 Q: 0.963108
T: -0.0964231 Q: 0.937271
T: -0.00706963 Q: -0.00353676
T: 0.0719682 Q: 2.24896
T: 0.138289 Q: 2.02885
T: 0.189877 Q: -0.00829559
T: 0.225165 Q: 1.11746
T: 0.243082 Q: -0.0125597
T: 0.243082 Q: -0.0153809
T: 0.225165 Q: -0.022721
T: 0.189877 Q: -0.0134204
T: 0.138289 Q: -0.0163022
T: 0.0719682 Q: -0.0205175
T: -0.00706963 Q: -0.0219021
T: -0.0964231 Q: -0.0226355
T: -0.193377 Q: -0.0212303
T: -0.294986 Q: -0.0303996
Sec_Event 15024163 N50: 27
T: 0.649046 Q: -0.0312828
T: 0.600551 Q: -0.0344512
T: 0.554278 Q: -0.0291446
T: 0.511632 Q: -0.0263468
T: 0.47391 Q: -0.0233712
T: 0.442257 Q: -0.0449696
T: 0.417636 Q: 2.14633
T: 0.400794 Q: -0.0282417
T: 0.392243 Q: -0.0198387
T: 0.392243 Q: -0.0205268
T: 0.400794 Q: -0.015169
T: 0.417636 Q: 1.02393
T: 0.442257 Q: 1.31764
T: 0.47391 Q: 1.2141
T: 0.511632 Q: -0.0147145
T: 0.554278 Q: -0.015901
T: 0.600551 Q: -0.0251789
T: 0.649046 Q: -0.0203081
T: 0.698288 Q: -0.0271904
T: 0.746783 Q: -0.0260503
T: 0.793056 Q: 0.956209
T: 0.835702 Q: -0.0290965
T: 0.873424 Q: -0.0337919
T: 0.905077 Q: -0.0209331
T: 0.929698 Q: -0.0218721
T: 0.94654 Q: -0.0243976
T: 0.955091 Q: 1.06564
T: 0.955091 Q: -0.021584
T: 0.94654 Q: 1.08561
T: 0.929698 Q: -0.0200761
T: 0.905077 Q: -0.0234989
T: 0.873424 Q: -0.0289803
T: 0.835702 Q: -0.0263638
T: 0.793056 Q: -0.031224
T: 0.746783 Q: 1.03198
T: 0.698288 Q: 2.58183
Sec_Event 15875102 N50: 39
T: -0.367683 Q: 1.05368
T: -0.471729 Q: 1.22278
T: -0.571009 Q: 1.07565
T: -0.662506 Q: 1.15191
T: -0.743439 Q: -0.0133732
T: -0.81135 Q: -0.0184507
T: -0.864176 Q: -0.022831
T: -0.900311 Q: -0.0172496
T: -0.918657 Q: -0.0177862
T: -0.918657 Q: 1.10141
T: -0.900311 Q: -0.0178562
T: -0.864176 Q: 1.07857
T: -0.81135 Q: -0.0205206
T: -0.743439 Q: 2.26898
T: -0.662506 Q: -0.0301483
T: -0.571009 Q: -0.0329691
T: -0.471729 Q: -0.0325332
T: -0.367683 Q: -0.0243446
T: -0.262032 Q: -0.01989
T: -0.157986 Q: 1.01306
T: -0.0587064 Q: -0.0177301
T: 0.0327902 Q: -0.0157719
T: 0.113724 Q: 1.03326
T: 0.181635 Q: 2.61557
T: 0.234461 Q: -0.0112353
T: 0.270595 Q: -0.00904136
T: 0.288941 Q: -0.0133507
T: 0.288941 Q: -0.0101124
T: 0.270595 Q: -0.00781454
T: 0.234461 Q: -0.00646435
T: 0.181635 Q: 2.44493
T: 0.113724 Q: -0.00451392
T: 0.0327902 Q: 1.23519
T: -0.0587064 Q: -0.00278084
T: -0.157986 Q: -0.00303441
T: -0.262032 Q: 1.11743
Sec_Event 15993313 N50: 35
T: 0.423315 Q: 0.891303
T: 0.334161 Q: -0.0253174
T: 0.249092 Q: -0.0232892
T: 0.170691 Q: -0.028251
T: 0.101342 Q: -0.037467
T: 0.043151 Q: -0.0237605
T: -0.00211355 Q: 1.22025
T: -0.0330763 Q: -0.0237939
T: -0.0487965 Q: 1.13368
T: -0.0487965 Q: 1.49775
T: -0.0330763 Q: -0.0237757
T: -0.00211355 Q: -0.0270936
T: 0.043151 Q: -0.0226291
T: 0.101342 Q: 1.44144
T: 0.170691 Q: -0.0162092
T: 0.249092 Q: 2.72962
T: 0.334161 Q: -0.017587
T: 0.423315 Q: -0.0183204
T: 0.513844 Q: -0.0201219
T: 0.602998 Q: 1.02913
T: 0.688067 Q: 1.09258
T: 0.766468 Q: -0.00831582
T: 0.835817 Q: -0.0052888
T: 0.894008 Q: -0.00535227
T: 0.939273 Q: -0.00406101
T: 0.970235 Q: 3.43435
T: 0.985956 Q: -0.00327414
T: 0.985956 Q: -0.00356922
T: 0.970235 Q: -0.00309637
T: 0.939273 Q: -0.00398307
T: 0.894008 Q: -0.00626847
T: 0.835817 Q: -0.00538063
T: 0.766468 Q: 1.22607
T: 0.688067 Q: -0.0108924
T: 0.602998 Q: -0.0175587
T: 0.513844 Q: -0.024742
Sec_Event 15993313 N50: 29
T: 0.232454 Q: 1.68064
T: 0.126454 Q: -0.0192129
T: 0.0253092 Q: -0.0539351
T: -0.0679062 Q: -0.0208124
T: -0.15036 Q: 1.54021
T: -0.219547 Q: -0.0310511
T: -0.273365 Q: -0.0307022
T: -0.310178 Q: -0.032735
T: -0.328869 Q: -0.02963
T: -0.328869 Q: -0.0285823
T: -0.310178 Q: -0.0302787
T: -0.273365 Q: 1.4169
T: -0.219547 Q: -0.0241848
T: -0.15036 Q: 1.74649
T: -0.0679062 Q: -0.0213708
T: 0.0253092 Q: -0.0236415
T: 0.126454 Q: -0.0384252
T: 0.232454 Q: -0.0332031
T: 0.34009 Q: -0.024727
T: 0.446091 Q: -0.0239683
T: 0.547235 Q: 2.49183
T: 0.64045 Q: -0.0191996
T: 0.722904 Q: 1.4102
T: 0.792091 Q: 2.5428
T: 0.845909 Q: 1.25063
T: 0.882723 Q: -0.00604563
T: 0.901414 Q: -0.00568092
T: 0.901414 Q: 1.22347
T: 0.882723 Q: -0.00516134
T: 0.845909 Q: 2.6841
T: 0.792091 Q: -0.00797962
T: 0.722904 Q: -0.0105974
T: 0.64045 Q: -0.0144527
T: 0.547235 Q: 1.21181
T: 0.446091 Q: -0.0206344
T: 0.34009 Q: -0.0290435
Sec_Event 15993313 N50: 28
T: -0.0390089 Q: -0.0212392
T: -0.153835 Q: -0.0387174
T: -0.263402 Q: 1.35337
T: -0.364378 Q: -0.0287185
T: -0.453697 Q: -0.0384434
T: -0.528645 Q: -0.0429577
T: -0.586944 Q: -0.0531822
T: -0.626823 Q: -0.051737
T: -0.64707 Q: -0.0554296
T: -0.64707 Q: -0.0471366
T: -0.626823 Q: -0.0403
T: -0.586944 Q: 1.27173
T: -0.528645 Q: -0.022349
T: -0.453697 Q: -0.0256377
T: -0.364378 Q: 1.28065
T: -0.263402 Q: -0.0161215
T: -0.153835 Q: -0.0121789
T: -0.0390089 Q: -0.0132988
T: 0.0775889 Q: 1.77179
T: 0.192415 Q: -0.0223076
T: 0.301982 Q: -0.0144657
T: 0.402958 Q: 1.52965
T: 0.492277 Q: -0.0229123
T: 0.567225 Q: 1.36334
T: 0.625524 Q: 1.06152
T: 0.665403 Q: -0.023867
T: 0.68565 Q: 1.7304
T: 0.68565 Q: -0.0143781
T: 0.665403 Q: -0.0160015
T: 0.625524 Q: 1.56138
T: 0.567225 Q: 1.20267
T: 0.492277 Q: -0.0311564
T: 0.402958 Q: -0.0250071
T: 0.301982 Q: -0.0357136
T: 0.192415 Q: -0.0330847
T: 0.0775889 Q: -0.0297821
Sec_Event 16183178 N50: 32
T: -0.68712 Q: 1.02167
T: -0.739803 Q: -0.0116269
T: -0.790072 Q: -0.0147512
T: -0.8364 Q: 2.17417
T: -0.87738 Q: -0.0144831
T: -0.911766 Q: 0.832053
T: -0.938513 Q: -0.0126691
T: -0.95681 Q: 1.23212
T: -0.966099 Q: -0.0160512
T: -0.966099 Q: -0.0159744
T: -0.95681 Q: -0.0214628
T: -0.938513 Q: -0.0194225
T: -0.911766 Q: 1.17753
T: -0.87738 Q: -0.0210486
T: -0.8364 Q: -0.0215196
T: -0.790072 Q: 1.21223
T: -0.739803 Q: 1.1542
T: -0.68712 Q: -0.0372784
T: -0.633625 Q: 1.21819
T: -0.580942 Q: -0.0435836
T: -0.530673 Q: -0.0498082
T: -0.484345 Q: -0.0439306
T: -0.443365 Q: -0.05094
T: -0.408979 Q: -0.0439896
T: -0.382232 Q: 1.37403
T: -0.363935 Q: 3.20312
T: -0.354646 Q: -0.0391113
T: -0.354646 Q: -0.0269717
T: -0.363935 Q: 2.65803
T: -0.382232 Q: -0.0271675
T: -0.408979 Q: -0.0315325
T: -0.443365 Q: -0.02037
T: -0.484345 Q: 2.26095
T: -0.530673 Q: -0.0215189
T: -0.580942 Q: -0.016963
T: -0.633625 Q: 1.19387
Sec_Event 16425681 N50: 48
T: 0.255245 Q: 1.67804
T: 0.150731 Q: -0.00103858
T: 0.0510053 Q: 1.67164
T: -0.0409025 Q: 2.71681
T: -0.1222 Q: -0.000883137
T: -0.190416 Q: 1.22768
T: -0.243479 Q: -0.00234675
T: -0.279776 Q: 1.17398
T: -0.298205 Q: -0.0010918
T: -0.298205 Q: 2.19731
T: -0.279776 Q: 1.14451
T: -0.243479 Q: 2.09083
T: -0.190416 Q: -0.00238618
T: -0.1222 Q: 1.32113
T: -0.0409025 Q: 1.08476
T: 0.0510053 Q: -0.00381317
T: 0.150731 Q: -0.00488198
T: 0.255245 Q: 2.053
T: 0.361371 Q: -0.00803463
T: 0.465884 Q: -0.0125442
T: 0.56561 Q: -0.0121489
T: 0.657518 Q: -0.0178346
T: 0.738815 Q: 0.876971
T: 0.807031 Q: -0.0271961
T: 0.860094 Q: -0.0256483
T: 0.896392 Q: 0.693878
T: 0.91482 Q: 0.858583
T: 0.91482 Q: -0.0223924
T: 0.896392 Q: -0.00820506
T: 0.860094 Q: -0.00390063
T: 0.807031 Q: -0.00228095
T: 0.738815 Q: 1.08939
T: 0.657518 Q: -0.00117842
T: 0.56561 Q: -0.000700173
T: 0.465884 Q: 1.55487
T: 0.361371 Q: -0.000349416
Sec_Event 16623454 N50: 33
T: -0.469688 Q: -0.0024805
T: -0.564272 Q: 1.14038
T: -0.654523 Q: -0.00103371
T: -0.737699 Q: 1.14676
T: -0.811273 Q: -0.000710647
T: -0.873008 Q: -0.00355447
T: -0.953878 Q: -0.000676576
T: -0.953878 Q: 1.23141
T: -0.873008 Q: -0.000344228
T: -0.811273 Q: 1.18004
T: -0.737699 Q: 1.12411
T: -0.654523 Q: -0.000963144
T: -0.564272 Q: -0.000971066
T: -0.469688 Q: -0.00329252
T: -0.373644 Q: -0.00400002
T: -0.27906 Q: -0.0153717
T: -0.188809 Q: -0.0253888
T: -0.105633 Q: 1.34858
T: -0.0320591 Q: 2.19409
T: 0.0296764 Q: 1.22465
T: 0.077698 Q: -0.0362823
T: 0.110547 Q: -0.0380063
T: 0.127225 Q: 1.23641
T: 0.127225 Q: -0.0453082
T: 0.110547 Q: -0.038925
T: 0.077698 Q: -0.0372132
T: 0.0296764 Q: -0.0306081
T: -0.0320591 Q: -0.0270334
T: -0.105633 Q: -0.0200709
T: -0.188809 Q: -0.0165919
T: -0.27906 Q: -0.0111779
T: -0.373644 Q: 0.777629
Sec_Event 16771481 N50: 39
T: -0.497182 Q: -0.0062218
T: -0.588497 Q: 1.1432
T: -0.675629 Q: 4.02479
T: -0.755931 Q: -0.0185458
T: -0.826961 Q: 2.12584
T: -0.886563 Q: -0.0178199
T: -0.932925 Q: -0.0158175
T: -0.964639 Q: -0.0144021
T: -0.98074 Q: -0.0197278
T: -0.98074 Q: -0.0160182
T: -0.964639 Q: -0.0203692
T: -0.932925 Q: -0.0187657
T: -0.886563 Q: 2.55896
T: -0.826961 Q: -0.021246
T: -0.755931 Q: -0.0232679
T: -0.675629 Q: -0.018939
T: -0.588497 Q: -0.0156143
T: -0.497182 Q: 2.455
T: -0.404458 Q: -0.0112215
T: -0.313143 Q: -0.0127074
T: -0.226011 Q: -0.00595342
T: -0.14571 Q: -0.00720582
T: -0.074679 Q: 1.15687
T: -0.0150772 Q: 1.14259
T: 0.0312848 Q: 1.19862
T: 0.0629982 Q: 1.30658
T: 0.0790996 Q: 2.67211
T: 0.0790996 Q: 1.43483
T: 0.0629982 Q: -0.00420405
T: 0.0312848 Q: -0.00438533
T: -0.0150772 Q: 2.30192
T: -0.074679 Q: -0.00619903
T: -0.14571 Q: 1.34741
T: -0.226011 Q: 1.28179
T: -0.313143 Q: -0.00385098
T: -0.404458 Q: 1.13963
Sec_Event 16939609 N50: 32
T: -0.530985 Q: -0.00140204
T: -0.617757 Q: -0.000780021
T: -0.700555 Q: -0.000709003
T: -0.776862 Q: -0.000562916
T: -0.844359 Q: -0.000329509
T: -0.900996 Q: -0.0006008
T: -0.945052 Q: -0.000386383
T: -0.990488 Q: 1.66986
T: -0.990488 Q: 1.34802
T: -0.975187 Q: 1.50434
T: -0.945052 Q: 1.40209
T: -0.900996 Q: -0.000385344
T: -0.844359 Q: -0.000324226
T: -0.776862 Q: -0.000593363
T: -0.700555 Q: -0.000775295
T: -0.617757 Q: -0.000662881
T: -0.530985 Q: -0.00142537
T: -0.442873 Q: 0.875324
T: -0.3561 Q: 1.08501
T: -0.273303 Q: -0.00305098
T: -0.196996 Q: 1.20037
T: -0.129499 Q: -0.003622
T: -0.072862 Q: -0.00421967
T: -0.0288063 Q: -0.00631087
T: 0.00132954 Q: -0.00591426
T: 0.0166299 Q: -0.00673638
T: 0.0166299 Q: -0.0139868
T: 0.00132954 Q: -0.0102415
T: -0.0288063 Q: -0.0170055
T: -0.072862 Q: -0.0165491
T: -0.129499 Q: -0.0165833
T: -0.196996 Q: 0.980752
T: -0.273303 Q: -0.0162363
T: -0.3561 Q: 0.777661
T: -0.442873 Q: -0.00270846
Sec_Event 16967299 N50: 28
T: 0.311125 Q: -0.0327732
T: 0.210813 Q: -0.038594
T: 0.115098 Q: 1.26853
T: 0.0268853 Q: -0.0300446
T: -0.0511429 Q: 1.67718
T: -0.116616 Q: -0.0263508
T: -0.167546 Q: -0.032384
T: -0.202383 Q: -0.0303952
T: -0.220071 Q: 1.33126
T: -0.220071 Q: -0.0340444
T: -0.202383 Q: -0.0269929
T: -0.167546 Q: -0.0305236
T: -0.116616 Q: -0.0166254
T: -0.0511429 Q: -0.0220295
T: 0.0268853 Q: -0.0249328
T: 0.115098 Q: 1.29387
T: 0.210813 Q: 1.47479
T: 0.311125 Q: 1.22819
T: 0.412983 Q: -0.0223141
T: 0.513294 Q: -0.0217456
T: 0.60901 Q: -0.0220558
T: 0.697222 Q: -0.0228333
T: 0.775251 Q: -0.0219561
T: 0.840724 Q: -0.0167674
T: 0.891653 Q: -0.010991
T: 0.926491 Q: -0.0111367
T: 0.944179 Q: -0.0104365
T: 0.944179 Q: -0.00831393
T: 0.926491 Q: -0.0106944
T: 0.891653 Q: -0.0113764
T: 0.840724 Q: -0.0157339
T: 0.775251 Q: -0.0183931
T: 0.697222 Q: -0.0283439
T: 0.60901 Q: -0.0380618
T: 0.513294 Q: -0.0321017
T: 0.412983 Q: -0.0354413
Sec_Event 18648701 N50: 41
T: -0.285946 Q: -0.0200468
T: -0.395146 Q: -0.0199695
T: -0.499344 Q: -0.0259275
T: -0.595373 Q: -0.0365944
T: -0.680315 Q: -0.0373448
T: -0.75159 Q: -0.0388729
T: -0.807033 Q: 1.32248
T: -0.844958 Q: -0.029687
T: -0.864212 Q: -0.0284627
T: -0.864212 Q: 1.00856
T: -0.844958 Q: -0.0279169
T: -0.807033 Q: 0.944969
T: -0.75159 Q: -0.0270124
T: -0.680315 Q: -0.0160564
T: -0.595373 Q: -0.00922607
T: -0.499344 Q: 1.15847
T: -0.395146 Q: 1.2731
T: -0.285946 Q: -0.00551071
T: -0.175062 Q: -0.0063571
T: -0.0658618 Q: 1.17657
T: 0.0383356 Q: -0.00579761
T: 0.134365 Q: -0.00556531
T: 0.219307 Q: -0.00907968
T: 0.290582 Q: -0.00790716
T: 0.346025 Q: -0.0102269
T: 0.383949 Q: 1.19938
T: 0.403204 Q: -0.0242658
T: 0.403204 Q: -0.00936093
T: 0.383949 Q: -0.0121438
T: 0.346025 Q: 1.05452
T: 0.290582 Q: 1.32003
T: 0.219307 Q: 1.33532
T: 0.134365 Q: -0.0215481
T: 0.0383356 Q: -0.0153669
T: -0.0658618 Q: -0.0156828
T: -0.175062 Q: 1.13601
400000/565143
Sec_Event 19384844 N50: 27
T: -0.418318 Q: 1.59434
T: -0.518143 Q: 1.28559
T: -0.613395 Q: 1.48145
T: -0.70118 Q: 1.46072
T: -0.77883 Q: -0.0172042
T: -0.843986 Q: -0.0138597
T: -0.894668 Q: 1.41565
T: -0.929337 Q: -0.0092132
T: -0.946939 Q: 1.67678
T: -0.946939 Q: -0.0111075
T: -0.929337 Q: -0.0112597
T: -0.894668 Q: -0.0118556
T: -0.843986 Q: -0.0120517
T: -0.77883 Q: -0.0176518
T: -0.70118 Q: -0.022164
T: -0.613395 Q: -0.0211899
T: -0.518143 Q: 2.96521
T: -0.418318 Q: -0.0157509
T: -0.316953 Q: -0.0174579
T: -0.217128 Q: -0.0176278
T: -0.121876 Q: 1.45169
T: -0.0340916 Q: 2.94995
T: 0.0435584 Q: 1.48942
T: 0.108715 Q: 1.51819
T: 0.159397 Q: -0.0195776
T: 0.194066 Q: -0.0256883
T: 0.211668 Q: -0.0415042
T: 0.211668 Q: -0.0276144
T: 0.194066 Q: -0.0299401
T: 0.159397 Q: -0.0309717
T: 0.108715 Q: 1.49254
T: 0.0435584 Q: -0.0358051
T: -0.0340916 Q: 1.71164
T: -0.121876 Q: -0.0305907
T: -0.217128 Q: -0.0398349
T: -0.316953 Q: -0.0407476
Sec_Event 19451247 N50: 25
T: 0.731698 Q: -0.0375123
T: 0.71864 Q: -0.0305505
T: 0.70618 Q: 1.2957
T: 0.694698 Q: 3.63426
T: 0.684541 Q: -0.0278794
T: 0.676018 Q: -0.0316921
T: 0.669388 Q: -0.0310921
T: 0.664853 Q: -0.0258034
T: 0.662551 Q: 1.22148
T: 0.662551 Q: 1.17695
T: 0.664853 Q: -0.0328615
T: 0.669388 Q: -0.0229419
T: 0.676018 Q: -0.0266346
T: 0.684541 Q: -0.0250259
T: 0.694698 Q: -0.0306614
T: 0.70618 Q: -0.0308111
T: 0.71864 Q: -0.0262671
T: 0.731698 Q: -0.0315462
T: 0.744957 Q: -0.0377167
T: 0.758015 Q: 1.43395
T: 0.770474 Q: -0.0333119
T: 0.781957 Q: -0.0365387
T: 0.792114 Q: 1.03677
T: 0.800637 Q: -0.0441201
T: 0.807267 Q: -0.0377208
T: 0.811802 Q: -0.0403697
T: 0.814104 Q: -0.0370733
T: 0.814104 Q: -0.04472
T: 0.811802 Q: 1.41633
T: 0.807267 Q: -0.0434825
T: 0.800637 Q: -0.0429131
T: 0.792114 Q: -0.0509984
T: 0.781957 Q: 1.30822
T: 0.770474 Q: -0.0616797
T: 0.758015 Q: -0.0500297
T: 0.744957 Q: -0.0422983
Sec_Event 20030447 N50: 33
T: -0.0108379 Q: -0.0354489
T: -0.12547 Q: 1.61845
T: -0.23485 Q: -0.0442417
T: -0.335655 Q: -0.0425272
T: -0.424823 Q: -0.0460684
T: -0.499643 Q: -0.035596
T: -0.557843 Q: -0.0326248
T: -0.597654 Q: -0.0289769
T: -0.617867 Q: -0.0261667
T: -0.617867 Q: -0.0299038
T: -0.597654 Q: -0.0246469
T: -0.557843 Q: -0.01856
T: -0.499643 Q: 1.08026
T: -0.424823 Q: -0.00882515
T: -0.335655 Q: 1.04256
T: -0.23485 Q: -0.0067196
T: -0.12547 Q: -0.0054536
T: -0.0108379 Q: 2.35037
T: 0.105562 Q: -0.00348775
T: 0.220194 Q: -0.00659177
T: 0.329574 Q: -0.00539968
T: 0.430379 Q: 1.03485
T: 0.519547 Q: -0.00996015
T: 0.594368 Q: -0.0180544
T: 0.652568 Q: -0.0230757
T: 0.692379 Q: -0.0367881
T: 0.712591 Q: 3.23302
T: 0.712591 Q: -0.0455263
T: 0.692379 Q: 1.40614
T: 0.652568 Q: 1.20578
T: 0.594368 Q: -0.0550393
T: 0.519547 Q: -0.0546706
T: 0.430379 Q: -0.058653
T: 0.329574 Q: -0.0506129
T: 0.220194 Q: 2.63674
T: 0.105562 Q: 1.29549
Sec_Event 20030447 N50: 31
T: -0.609083 Q: 0.958576
T: -0.682444 Q: -0.00193933
T: -0.752444 Q: -0.00290416
T: -0.816956 Q: -0.00519299
T: -0.874021 Q: -0.00662694
T: -0.921903 Q: 0.684734
T: -0.95915 Q: 1.5511
T: -0.984627 Q: -0.00867923
T: -0.997563 Q: 1.0798
T: -0.997563 Q: -0.00887611
T: -0.984627 Q: 1.11997
T: -0.95915 Q: -0.00659104
T: -0.921903 Q: -0.0107086
T: -0.874021 Q: 1.1032
T: -0.816956 Q: 1.04695
T: -0.752444 Q: -0.0183657
T: -0.682444 Q: -0.0197393
T: -0.609083 Q: -0.0292525
T: -0.534591 Q: -0.043824
T: -0.46123 Q: 0.891226
T: -0.39123 Q: -0.0398926
T: -0.326718 Q: -0.0414864
T: -0.269654 Q: -0.0410602
T: -0.221771 Q: 0.986905
T: -0.184525 Q: -0.0263523
T: -0.159047 Q: -0.0182119
T: -0.146112 Q: -0.0142676
T: -0.146112 Q: -0.0133709
T: -0.159047 Q: 0.92514
T: -0.184525 Q: -0.00571526
T: -0.221771 Q: -0.00459842
T: -0.269654 Q: 0.827189
T: -0.326718 Q: 1.04744
T: -0.39123 Q: -0.00340227
T: -0.46123 Q: -0.00328579
T: -0.534591 Q: -0.0034403
Sec_Event 20030447 N50: 38
Sec_Event 20161094 N50: 29
T: -0.539284 Q: -0.00128054
T: -0.624842 Q: -0.00269518
T: -0.70648 Q: 1.08607
T: -0.781719 Q: -0.00629983
T: -0.848271 Q: -0.0061706
T: -0.904115 Q: 0.905062
T: -0.947554 Q: -0.0113703
T: -0.977268 Q: -0.0107617
T: -0.992354 Q: -0.0107669
T: -0.992354 Q: 1.17422
T: -0.977268 Q: -0.00944895
T: -0.947554 Q: -0.0103796
T: -0.904115 Q: -0.0120167
T: -0.848271 Q: -0.0162751
T: -0.781719 Q: 1.11647
T: -0.70648 Q: -0.0281253
T: -0.624842 Q: -0.0397821
T: -0.539284 Q: -0.0396387
T: -0.452406 Q: -0.0428203
T: -0.366848 Q: -0.035643
T: -0.285209 Q: 1.30418
T: -0.209971 Q: -0.0234843
T: -0.143418 Q: -0.0243317
T: -0.0875742 Q: 2.3501
T: -0.0441352 Q: 1.08286
T: -0.0144212 Q: -0.0106997
T: 0.000664947 Q: -0.00760329
T: 0.000664947 Q: 1.02117
T: -0.0144212 Q: -0.0060386
T: -0.0441352 Q: 1.06624
T: -0.0875742 Q: -0.00376037
T: -0.143418 Q: -0.00222455
T: -0.209971 Q: -0.00286492
T: -0.285209 Q: 1.36096
T: -0.366848 Q: 2.58417
T: -0.452406 Q: -0.00183285
Sec_Event 20695200 N50: 32
T: 0.355784 Q: 3.81633
T: 0.259445 Q: -0.0182152
T: 0.16752 Q: -0.0219244
T: 0.0828009 Q: -0.0261803
T: 0.00786255 Q: -0.0198579
T: -0.0550182 Q: -0.0311305
T: -0.103931 Q: 1.26652
T: -0.137389 Q: 1.3116
T: -0.154376 Q: -0.0396694
T: -0.154376 Q: -0.0412966
T: -0.137389 Q: 1.45929
T: -0.103931 Q: 1.25454
T: -0.0550182 Q: -0.0462006
T: 0.00786255 Q: 1.61896
T: 0.0828009 Q: -0.0507449
T: 0.16752 Q: -0.0528234
T: 0.259445 Q: 3.08848
T: 0.355784 Q: 1.43333
T: 0.45361 Q: -0.0518091
T: 0.549948 Q: -0.0493616
T: 0.641874 Q: 0.982192
T: 0.726593 Q: -0.0253989
T: 0.801531 Q: -0.0205723
T: 0.864412 Q: -0.013747
T: 0.913325 Q: -0.0122274
T: 0.946783 Q: -0.0129319
T: 0.96377 Q: 2.36453
T: 0.96377 Q: -0.0114804
T: 0.946783 Q: 1.39656
T: 0.913325 Q: -0.0110632
T: 0.864412 Q: -0.0132556
T: 0.801531 Q: -0.0166384
T: 0.726593 Q: 2.21866
T: 0.641874 Q: -0.022094
T: 0.549948 Q: -0.0283826
T: 0.45361 Q: -0.0218431
Sec_Event 20987222 N50: 33
T: 0.279969 Q: -0.0378608
T: 0.177215 Q: -0.0291694
T: 0.079168 Q: -0.031208
T: -0.0111927 Q: -0.0322468
T: -0.0911215 Q: -0.0284994
T: -0.15819 Q: 2.33501
T: -0.210359 Q: -0.0260173
T: -0.246046 Q: -0.0267865
T: -0.264164 Q: -0.0214289
T: -0.264164 Q: -0.0233033
T: -0.246046 Q: -0.0176237
T: -0.210359 Q: -0.0215743
T: -0.15819 Q: 1.2255
T: -0.0911215 Q: 2.10768
T: -0.0111927 Q: -0.0184171
T: 0.079168 Q: -0.0132638
T: 0.177215 Q: -0.0113662
T: 0.279969 Q: -0.0158902
T: 0.384309 Q: -0.0133144
T: 0.487063 Q: -0.0145178
T: 0.58511 Q: -0.0227725
T: 0.675471 Q: 1.95995
T: 0.7554 Q: -0.0357971
T: 0.822468 Q: 0.927242
T: 0.874638 Q: -0.0342997
T: 0.910324 Q: -0.0325772
T: 0.928442 Q: -0.0338279
T: 0.928442 Q: 1.32838
T: 0.910324 Q: -0.0279638
T: 0.874638 Q: -0.0363013
T: 0.822468 Q: 1.10373
T: 0.7554 Q: -0.0493093
T: 0.675471 Q: -0.0498985
T: 0.58511 Q: 1.38364
T: 0.487063 Q: 1.03889
T: 0.384309 Q: -0.0420684
Sec_Event 20987222 N50: 28
T: 0.0488915 Q: -0.00632331
T: -0.0647857 Q: 1.09507
T: -0.173255 Q: -0.00547497
T: -0.273221 Q: 2.22516
T: -0.361646 Q: -0.0124811
T: -0.435844 Q: -0.0100492
T: -0.493559 Q: -0.0113963
T: -0.533039 Q: -0.0123729
T: -0.553083 Q: -0.0173881
T: -0.553083 Q: 1.20769
T: -0.533039 Q: -0.0192231
T: -0.493559 Q: -0.0179282
T: -0.435844 Q: -0.0204762
T: -0.361646 Q: 1.05392
T: -0.273221 Q: -0.0191196
T: -0.173255 Q: -0.0208612
T: -0.0647857 Q: -0.0229639
T: 0.0488915 Q: 1.15713
T: 0.164322 Q: 1.07214
T: 0.277999 Q: 2.36877
T: 0.386469 Q: -0.0278291
T: 0.486435 Q: -0.0312316
T: 0.57486 Q: -0.0373598
T: 0.649057 Q: 1.24198
T: 0.706773 Q: -0.0316031
T: 0.746252 Q: 1.03656
T: 0.766297 Q: -0.0278552
T: 0.766297 Q: -0.0317687
T: 0.746252 Q: -0.0284356
T: 0.706773 Q: 0.992541
T: 0.649057 Q: -0.0249087
T: 0.57486 Q: 1.18991
T: 0.486435 Q: -0.0109522
T: 0.386469 Q: -0.0101047
T: 0.277999 Q: -0.00587462
T: 0.164322 Q: -0.00366524
Sec_Event 20987222 N50: 49
T: 0.293077 Q: 1.06523
T: 0.19132 Q: -0.0143426
T: 0.0942233 Q: 2.32417
T: 0.00473885 Q: -0.0147131
T: -0.0744148 Q: -0.0138137
T: -0.140833 Q: -0.00770276
T: -0.192496 Q: -0.0107879
T: -0.227837 Q: 2.34945
T: -0.245779 Q: 1.09658
T: -0.245779 Q: 1.11745
T: -0.227837 Q: -0.00598193
T: -0.192496 Q: -0.00684766
T: -0.140833 Q: 1.09203
T: -0.0744148 Q: -0.00549822
T: 0.00473885 Q: 0.967953
T: 0.0942233 Q: 1.28768
T: 0.19132 Q: -0.00787933
T: 0.293077 Q: -0.00662942
T: 0.396405 Q: -0.00526616
T: 0.498163 Q: -0.00563618
T: 0.595259 Q: -0.0114025
T: 0.684744 Q: -0.0139201
T: 0.763897 Q: -0.0152452
T: 0.830315 Q: -0.0257048
T: 0.881979 Q: -0.032682
T: 0.917319 Q: -0.031216
T: 0.935262 Q: -0.0310567
T: 0.935262 Q: 1.76027
T: 0.917319 Q: 1.04659
T: 0.881979 Q: -0.0291752
T: 0.830315 Q: -0.0452731
T: 0.763897 Q: -0.0443664
T: 0.684744 Q: -0.0350844
T: 0.595259 Q: -0.0239631
T: 0.498163 Q: 1.02433
T: 0.396405 Q: -0.0174711
Sec_Event 21117264 N50: 46
T: -0.496159 Q: 1.19247
T: -0.587603 Q: -0.00477286
T: -0.674857 Q: -0.0050389
T: -0.755271 Q: -0.00781792
T: -0.826401 Q: 0.891036
T: -0.886086 Q: -0.0162102
T: -0.932513 Q: -0.0204775
T: -0.964271 Q: -0.0204545
T: -0.980395 Q: 1.45923
T: -0.980395 Q: -0.0230619
T: -0.964271 Q: -0.0255333
T: -0.932513 Q: -0.026657
T: -0.886086 Q: -0.0251891
T: -0.826401 Q: 0.884999
T: -0.755271 Q: -0.0250864
T: -0.674857 Q: -0.0189602
T: -0.587603 Q: -0.0156046
T: -0.496159 Q: 1.11694
T: -0.403305 Q: 2.23941
T: -0.311862 Q: -0.00673309
T: -0.224608 Q: -0.00435389
T: -0.144194 Q: 2.53685
T: -0.0730635 Q: -0.00374649
T: -0.0133781 Q: -0.00175277
T: 0.0330489 Q: 1.10903
T: 0.0648068 Q: -0.00147049
T: 0.0809307 Q: -0.000915318
T: 0.0809307 Q: -0.00189263
T: 0.0648068 Q: 1.35627
T: 0.0330489 Q: -0.00205374
T: -0.0133781 Q: -0.00141151
T: -0.0730635 Q: -0.00124157
T: -0.144194 Q: 1.11663
T: -0.224608 Q: -0.00322534
T: -0.311862 Q: 1.10521
T: -0.403305 Q: 3.46952
Sec_Event 21384690 N50: 39
T: -0.385314 Q: 1.13603
T: -0.487988 Q: 1.11883
T: -0.585957 Q: -0.0186132
T: -0.676247 Q: -0.0146136
T: -0.756113 Q: -0.020338
T: -0.823128 Q: 0.868171
T: -0.875257 Q: -0.0475355
T: -0.910915 Q: -0.0554501
T: -0.929019 Q: -0.0564216
T: -0.929019 Q: 1.02205
T: -0.910915 Q: 0.892544
T: -0.875257 Q: -0.0190578
T: -0.823128 Q: -0.0125581
T: -0.756113 Q: -0.00492388
T: -0.676247 Q: 1.07223
T: -0.585957 Q: -0.00262925
T: -0.487988 Q: 1.09121
T: -0.385314 Q: -0.00756573
T: -0.281057 Q: 1.46421
T: -0.178383 Q: -0.00100058
T: -0.0804135 Q: -0.00120152
T: 0.00987599 Q: -0.002128
T: 0.0897417 Q: -0.00122973
T: 0.156757 Q: -0.0014356
T: 0.208886 Q: -0.00177715
T: 0.244544 Q: -0.00126736
T: 0.262648 Q: -0.000928692
T: 0.262648 Q: -0.00174446
T: 0.244544 Q: -0.00253772
T: 0.208886 Q: -0.00201735
T: 0.156757 Q: 1.15384
T: 0.0897417 Q: 1.20903
T: 0.00987599 Q: 1.13981
T: -0.0804135 Q: -0.00892555
T: -0.178383 Q: -0.00667839
T: -0.281057 Q: -0.0108702
Sec_Event 21384690 N50: 37
T: 0.189655 Q: 1.05398
T: 0.0811963 Q: 1.13727
T: -0.0222936 Q: -0.00858382
T: -0.11767 Q: -0.00700191
T: -0.202036 Q: -0.00281982
T: -0.272827 Q: -0.014886
T: -0.327893 Q: -0.00275403
T: -0.36556 Q: 0.924245
T: -0.384684 Q: -0.00145551
T: -0.384684 Q: -0.00299558
T: -0.36556 Q: 1.10051
T: -0.327893 Q: -0.00162136
T: -0.272827 Q: 2.86243
T: -0.202036 Q: 2.27073
T: -0.11767 Q: -0.000649517
T: -0.0222936 Q: -0.000903809
T: 0.0811963 Q: 1.23523
T: 0.189655 Q: -0.00141691
T: 0.299786 Q: -0.000598274
T: 0.408245 Q: 1.21795
T: 0.511735 Q: 1.11897
T: 0.607111 Q: 1.10151
T: 0.691477 Q: -0.000620743
T: 0.817334 Q: -0.000823397
T: 0.855001 Q: 1.29126
T: 0.874125 Q: -0.000412082
T: 0.855001 Q: -0.000571511
T: 0.817334 Q: 1.50292
T: 0.762268 Q: 1.26103
T: 0.691477 Q: -0.000267734
T: 0.607111 Q: -0.00091982
T: 0.511735 Q: 2.71813
T: 0.408245 Q: 3.03895
T: 0.299786 Q: 0.92368
Sec_Event 21384690 N50: 32
T: 0.353671 Q: -0.00540071
T: 0.257131 Q: -0.00989453
T: 0.165014 Q: 0.672095
T: 0.0801181 Q: 1.06765
T: 0.00502332 Q: 2.55
T: -0.0579887 Q: -0.0338666
T: -0.107003 Q: -0.0319198
T: -0.140531 Q: 1.58103
T: -0.157554 Q: -0.049786
T: -0.157554 Q: -0.0506745
T: -0.140531 Q: -0.0603432
T: -0.107003 Q: -0.059034
T: -0.0579887 Q: -0.0631003
T: 0.00502332 Q: 1.17508
T: 0.0801181 Q: -0.0543475
T: 0.165014 Q: 1.07243
T: 0.257131 Q: 0.571136
T: 0.353671 Q: 1.99312
T: 0.451701 Q: -0.00227838
T: 0.548241 Q: -0.00150087
T: 0.640358 Q: -0.000588311
T: 0.725254 Q: 1.30538
T: 0.800349 Q: -0.000823155
T: 0.945904 Q: -0.000289027
T: 0.962926 Q: -0.000421291
T: 0.962926 Q: -0.000321233
T: 0.912376 Q: -0.000521748
T: 0.800349 Q: 1.25622
T: 0.725254 Q: -0.000927473
T: 0.640358 Q: -0.000634446
T: 0.548241 Q: 0.927228
T: 0.451701 Q: -0.00726726
Sec_Event 21759020 N50: 35
T: -0.289026 Q: -0.0119774
T: -0.398065 Q: -0.0146099
T: -0.502109 Q: 1.97216
T: -0.597997 Q: -0.00466086
T: -0.682815 Q: -0.0024925
T: -0.753985 Q: -0.00239085
T: -0.809346 Q: 1.25948
T: -0.847215 Q: -0.0013385
T: -0.866441 Q: 2.20566
T: -0.866441 Q: -0.00162095
T: -0.847215 Q: -0.00163195
T: -0.809346 Q: -0.00142742
T: -0.753985 Q: -0.0025278
T: -0.682815 Q: 1.2621
T: -0.597997 Q: 1.23928
T: -0.502109 Q: -0.00963803
T: -0.398065 Q: -0.0143776
T: -0.289026 Q: -0.0245751
T: -0.178304 Q: -0.0177724
T: -0.069265 Q: -0.0182511
T: 0.0347791 Q: 1.27436
T: 0.130667 Q: 1.2304
T: 0.215484 Q: 2.38068
T: 0.286655 Q: 1.24261
T: 0.342015 Q: -0.0224032
T: 0.379884 Q: -0.0245568
T: 0.399111 Q: -0.0185936
T: 0.399111 Q: -0.0169465
T: 0.379884 Q: 1.16503
T: 0.342015 Q: -0.015753
T: 0.286655 Q: -0.0133973
T: 0.215484 Q: -0.0127317
T: 0.130667 Q: -0.0118566
T: 0.0347791 Q: -0.0128172
T: -0.069265 Q: -0.0121231
T: -0.178304 Q: -0.00929306
Sec_Event 21877217 N50: 44
T: -0.486362 Q: -0.0013817
T: -0.579006 Q: 1.97735
T: -0.667406 Q: 0.778694
T: -0.748876 Q: -0.00656917
T: -0.82094 Q: 0.783549
T: -0.881409 Q: -0.0127279
T: -0.928446 Q: -0.01741
T: -0.960621 Q: -0.0202548
T: -0.976957 Q: -0.0135525
T: -0.976957 Q: -0.0176376
T: -0.960621 Q: 0.924662
T: -0.928446 Q: -0.0191291
T: -0.881409 Q: -0.0114113
T: -0.82094 Q: -0.00545461
T: -0.748876 Q: -0.00383392
T: -0.667406 Q: -0.00261012
T: -0.579006 Q: -0.00146595
T: -0.486362 Q: -0.00137067
T: -0.392289 Q: -0.000557723
T: -0.299645 Q: -0.000571124
T: -0.211245 Q: -0.000278907
T: -0.129775 Q: -0.00133174
T: 0.00275855 Q: 1.16021
T: 0.0497952 Q: 1.10431
T: 0.0819702 Q: -0.000570096
T: 0.0983058 Q: -0.00100477
T: 0.0819702 Q: -0.000542841
T: 0.0497952 Q: -0.000321506
T: 0.00275855 Q: -0.000372641
T: -0.0577106 Q: -0.000648786
T: -0.129775 Q: -0.000791723
T: -0.211245 Q: 1.00163
T: -0.299645 Q: 1.08102
T: -0.392289 Q: -0.00151469
Sec_Event 22449544 N50: 50
T: 0.219736 Q: 1.11975
T: 0.11296 Q: -0.032683
T: 0.0110756 Q: 2.39724
T: -0.0828214 Q: 1.28961
T: -0.165878 Q: 0.95715
T: -0.235571 Q: 1.10557
T: -0.289783 Q: 0.970198
T: -0.326866 Q: -0.00850304
T: -0.345693 Q: 0.902589
T: -0.345693 Q: -0.00436317
T: -0.326866 Q: -0.0030839
T: -0.289783 Q: 2.37333
T: -0.235571 Q: 2.6541
T: -0.165878 Q: 1.22797
T: -0.0828214 Q: -0.000973371
T: 0.0110756 Q: -0.000878717
T: 0.11296 Q: 1.38235
T: 0.219736 Q: -0.000759004
T: 0.328159 Q: 1.39005
T: 0.434935 Q: 1.29146
T: 0.536819 Q: 1.18233
T: 0.630716 Q: -0.000922224
T: 0.713773 Q: -0.00108895
T: 0.783466 Q: -0.00177181
T: 0.837677 Q: -0.00459429
T: 0.87476 Q: -0.0118829
T: 0.893588 Q: 0.771549
T: 0.893588 Q: -0.0392665
T: 0.87476 Q: 2.99499
T: 0.837677 Q: -0.0439142
T: 0.783466 Q: -0.0453111
T: 0.713773 Q: -0.0605364
T: 0.630716 Q: -0.0528091
T: 0.536819 Q: -0.0557603
T: 0.434935 Q: -0.0419484
T: 0.328159 Q: 3.3529
Sec_Event 22868794 N50: 48
T: -0.684667 Q: -0.000295719
T: -0.738206 Q: -0.00073345
T: -0.789291 Q: 1.21374
T: -0.836372 Q: 1.05193
T: -0.878018 Q: 0.952174
T: -0.912962 Q: 1.05215
T: -0.940144 Q: -0.00126691
T: -0.958738 Q: -0.000919104
T: -0.968178 Q: -0.00218196
T: -0.968178 Q: 2.55898
T: -0.958738 Q: -0.0015131
T: -0.940144 Q: 1.28927
T: -0.912962 Q: -0.00144972
T: -0.878018 Q: 1.19294
T: -0.836372 Q: -0.00262243
T: -0.789291 Q: -0.00243311
T: -0.738206 Q: -0.00323655
T: -0.684667 Q: -0.00374623
T: -0.630303 Q: 1.17959
T: -0.576765 Q: 2.27926
T: -0.525679 Q: -0.0111402
T: -0.478598 Q: 0.811873
T: -0.436953 Q: -0.0191717
T: -0.402008 Q: 0.919039
T: -0.374826 Q: 1.00156
T: -0.356232 Q: -0.0121258
T: -0.346792 Q: -0.00959044
T: -0.346792 Q: 0.985719
T: -0.356232 Q: -0.00869039
T: -0.374826 Q: 0.950986
T: -0.402008 Q: -0.00173103
T: -0.436953 Q: -0.00129565
T: -0.478598 Q: -0.00115748
T: -0.525679 Q: 1.11136
T: -0.576765 Q: 1.03747
T: -0.630303 Q: 0.864845
Sec_Event 23019315 N50: 40
T: -0.341951 Q: 1.17337
T: -0.447827 Q: 0.887816
T: -0.548853 Q: -0.0208624
T: -0.641958 Q: -0.0353299
T: -0.724315 Q: -0.0368542
T: -0.793421 Q: 0.88916
T: -0.847175 Q: -0.0985889
T: -0.883946 Q: -0.0745928
T: -0.902615 Q: -0.0678874
T: -0.902615 Q: -0.0624712
T: -0.883946 Q: -0.0726355
T: -0.847175 Q: -0.086652
T: -0.793421 Q: 1.48864
T: -0.724315 Q: -0.098437
T: -0.641958 Q: 1.16943
T: -0.548853 Q: -0.0706224
T: -0.447827 Q: -0.0595514
T: -0.341951 Q: -0.0582899
T: -0.234442 Q: -0.0546644
T: -0.128566 Q: 1.36953
T: -0.0275406 Q: 2.56393
T: 0.0655651 Q: 0.747505
T: 0.147922 Q: -0.042442
T: 0.217028 Q: 1.76822
T: 0.270782 Q: -0.0335877
T: 0.307552 Q: -0.0239569
T: 0.326221 Q: -0.0211909
T: 0.326221 Q: 0.960011
T: 0.307552 Q: -0.0185626
T: 0.270782 Q: -0.02431
T: 0.217028 Q: -0.0300964
T: 0.147922 Q: -0.0231969
T: 0.0655651 Q: -0.0225377
T: -0.0275406 Q: -0.0161405
T: -0.128566 Q: -0.0158056
T: -0.234442 Q: -0.0199867
500000/565143
Sec_Event 24116895 N50: 28
Sec_Event 24298414 N50: 29
T: 0.628459 Q: -0.0303331
T: 0.574453 Q: -0.0280357
T: 0.52292 Q: -0.0296798
T: 0.475427 Q: 3.2706
T: 0.433417 Q: -0.0167324
T: 0.398167 Q: -0.01785
T: 0.370747 Q: -0.0115533
T: 0.35199 Q: -0.0117199
T: 0.342468 Q: -0.00546512
T: 0.342468 Q: -0.0106058
T: 0.35199 Q: -0.00682231
T: 0.370747 Q: -0.00339188
T: 0.398167 Q: -0.00317559
T: 0.433417 Q: -0.00629677
T: 0.475427 Q: -0.00312218
T: 0.52292 Q: 2.11549
T: 0.574453 Q: -0.00379473
T: 0.628459 Q: -0.00503063
T: 0.683299 Q: -0.00708146
T: 0.737306 Q: 0.96688
T: 0.788839 Q: 0.905285
T: 0.836332 Q: 0.779033
T: 0.878342 Q: -0.015763
T: 0.913592 Q: -0.011455
T: 0.941012 Q: 1.28259
T: 0.959768 Q: -0.014577
T: 0.969291 Q: -0.0121029
T: 0.969291 Q: -0.012275
T: 0.959768 Q: -0.0133703
T: 0.941012 Q: -0.0116547
T: 0.913592 Q: -0.0141681
T: 0.878342 Q: -0.0147122
T: 0.836332 Q: -0.0194118
T: 0.788839 Q: -0.0267593
T: 0.737306 Q: -0.0264883
T: 0.683299 Q: -0.0315034
Sec_Event 24298414 N50: 32
T: -0.645242 Q: 2.4169
T: -0.710362 Q: -0.0275815
T: -0.772499 Q: 2.65585
T: -0.829764 Q: -0.0318249
T: -0.880419 Q: -0.0330893
T: -0.922923 Q: -0.0325408
T: -0.955985 Q: -0.031149
T: -0.978601 Q: 1.35195
T: -0.990084 Q: 1.67842
T: -0.990084 Q: 1.25159
T: -0.978601 Q: -0.020899
T: -0.955985 Q: -0.0216376
T: -0.922923 Q: 1.40833
T: -0.880419 Q: -0.0290778
T: -0.829764 Q: -0.0343158
T: -0.772499 Q: 1.35177
T: -0.710362 Q: -0.0478942
T: -0.645242 Q: -0.0501298
T: -0.579117 Q: 1.3684
T: -0.513997 Q: 1.48262
T: -0.45186 Q: -0.0508837
T: -0.394594 Q: -0.0502464
T: -0.34394 Q: -0.0432133
T: -0.301436 Q: -0.0441315
T: -0.268374 Q: -0.0435124
T: -0.245758 Q: 2.76723
T: -0.234275 Q: 1.38639
T: -0.234275 Q: 1.23754
T: -0.245758 Q: -0.0354669
T: -0.268374 Q: -0.0467094
T: -0.301436 Q: -0.0343241
T: -0.34394 Q: -0.0335717
T: -0.394594 Q: 1.31861
T: -0.45186 Q: -0.0250542
T: -0.513997 Q: -0.0262072
T: -0.579117 Q: -0.0316573
Sec_Event 24298414 N50: 43
T: 0.629855 Q: -0.00527434
T: 0.576202 Q: -0.00153298
T: 0.525007 Q: 1.25626
T: 0.477826 Q: 1.41994
T: 0.436091 Q: 1.08371
T: 0.401072 Q: 2.4367
T: 0.373832 Q: -0.00155365
T: 0.355198 Q: -0.0025429
T: 0.345738 Q: -0.00271382
T: 0.345738 Q: -0.00111938
T: 0.355198 Q: 1.06443
T: 0.373832 Q: 2.05126
T: 0.401072 Q: -0.00260004
T: 0.436091 Q: -0.00424296
T: 0.477826 Q: -0.00532817
T: 0.525007 Q: -0.0144461
T: 0.576202 Q: -0.0110967
T: 0.629855 Q: 1.15012
T: 0.684335 Q: -0.0272224
T: 0.737988 Q: -0.0173635
T: 0.789182 Q: -0.0175687
T: 0.836364 Q: 1.25244
T: 0.878098 Q: 1.23547
T: 0.913118 Q: -0.011289
T: 0.940358 Q: -0.0108888
T: 0.958991 Q: -0.00974741
T: 0.968452 Q: 1.11878
T: 0.968452 Q: -0.00901812
T: 0.958991 Q: -0.00968885
T: 0.940358 Q: -0.00963129
T: 0.913118 Q: -0.00835081
T: 0.878098 Q: 0.888903
T: 0.836364 Q: 0.840357
T: 0.789182 Q: 0.894728
T: 0.737988 Q: -0.0046911
T: 0.684335 Q: -0.00263899
Sec_Event 24298414 N50: 26
T: -0.638096 Q: -0.0684478
T: -0.704987 Q: 1.38958
T: -0.768814 Q: -0.0628014
T: -0.827636 Q: -0.0440136
T: -0.879668 Q: -0.0369648
T: -0.923328 Q: -0.0317424
T: -0.95729 Q: -0.0395189
T: -0.98052 Q: -0.0308192
T: -0.992315 Q: 1.41319
T: -0.992315 Q: -0.0333269
T: -0.98052 Q: -0.029329
T: -0.95729 Q: -0.0247538
T: -0.923328 Q: -0.0174388
T: -0.879668 Q: -0.0123375
T: -0.827636 Q: 1.90949
T: -0.768814 Q: -0.00812885
T: -0.704987 Q: -0.0116981
T: -0.638096 Q: 1.01741
T: -0.570174 Q: -0.00723037
T: -0.503283 Q: 1.04804
T: -0.439456 Q: -0.0118567
T: -0.380634 Q: -0.0116132
T: -0.328602 Q: -0.0141988
T: -0.284942 Q: -0.0205224
T: -0.250981 Q: 1.37991
T: -0.22775 Q: -0.0276881
T: -0.215955 Q: 1.19746
T: -0.215955 Q: 1.21942
T: -0.22775 Q: 1.21919
T: -0.250981 Q: -0.0473541
T: -0.284942 Q: -0.047644
T: -0.328602 Q: -0.0661681
T: -0.380634 Q: 1.3387
T: -0.439456 Q: -0.0590621
T: -0.503283 Q: -0.0667209
T: -0.570174 Q: -0.0698897
Sec_Event 24618417 N50: 43
T: 0.132237 Q: 2.46356
T: 0.0211347 Q: -0.0434702
T: -0.0848783 Q: -0.0365457
T: -0.18258 Q: 2.00204
T: -0.269003 Q: -0.0319919
T: -0.34152 Q: -0.0300261
T: -0.397928 Q: 2.27139
T: -0.436514 Q: 1.00596
T: -0.456104 Q: -0.0161266
T: -0.456104 Q: -0.0154284
T: -0.436514 Q: 2.00434
T: -0.397928 Q: -0.0120165
T: -0.34152 Q: -0.00954426
T: -0.269003 Q: 2.43954
T: -0.18258 Q: -0.00807241
T: -0.0848783 Q: -0.00659588
T: 0.0211347 Q: -0.00703977
T: 0.132237 Q: 1.00806
T: 0.245054 Q: -0.00535741
T: 0.356157 Q: 1.1147
T: 0.46217 Q: -0.011344
T: 0.559872 Q: 1.15082
T: 0.646294 Q: -0.0150205
T: 0.718811 Q: 0.988037
T: 0.77522 Q: 0.934021
T: 0.813805 Q: 0.977812
T: 0.833395 Q: -0.0568432
T: 0.833395 Q: 1.11287
T: 0.813805 Q: 2.71882
T: 0.77522 Q: 1.44184
T: 0.718811 Q: 2.74642
T: 0.646294 Q: 1.38768
T: 0.559872 Q: 2.26958
T: 0.46217 Q: -0.0705023
T: 0.356157 Q: 2.61777
T: 0.245054 Q: 3.90488
Sec_Event 24667785 N50: 26
T: -0.585524 Q: 1.06693
T: -0.663453 Q: -0.0444375
T: -0.737811 Q: -0.04688
T: -0.806341 Q: -0.0456265
T: -0.866958 Q: 1.1731
T: -0.917823 Q: 1.23536
T: -0.957388 Q: -0.0265288
T: -0.984452 Q: 1.25421
T: -0.998193 Q: -0.0326098
T: -0.998193 Q: 2.36208
T: -0.984452 Q: -0.0266761
T: -0.957388 Q: -0.0257571
T: -0.917823 Q: -0.0352234
T: -0.866958 Q: -0.0417464
T: -0.806341 Q: -0.0365766
T: -0.737811 Q: 1.13915
T: -0.663453 Q: -0.0297159
T: -0.585524 Q: 1.03332
T: -0.506393 Q: -0.0236308
T: -0.428465 Q: -0.0185375
T: -0.354106 Q: 1.4647
T: -0.285577 Q: -0.0212298
T: -0.224959 Q: 1.16485
T: -0.174095 Q: -0.022641
T: -0.134529 Q: -0.0197554
T: -0.107465 Q: 1.09222
T: -0.093724 Q: -0.0216806
T: -0.093724 Q: -0.0217018
T: -0.107465 Q: -0.0230081
T: -0.134529 Q: -0.0243606
T: -0.174095 Q: 2.52133
T: -0.224959 Q: -0.0254525
T: -0.285577 Q: -0.0274664
T: -0.354106 Q: -0.0336834
T: -0.428465 Q: -0.0263601
T: -0.506393 Q: -0.045056
Sec_Event 24779164 N50: 39
T: -0.0225766 Q: -0.0197706
T: -0.137309 Q: 1.09483
T: -0.246786 Q: 1.27387
T: -0.34768 Q: -0.023618
T: -0.436927 Q: 1.00363
T: -0.511813 Q: 1.2151
T: -0.570064 Q: -0.0337104
T: -0.609911 Q: 0.923262
T: -0.630141 Q: -0.0241167
T: -0.630141 Q: 1.04735
T: -0.609911 Q: 1.93561
T: -0.570064 Q: -0.00739077
T: -0.511813 Q: -0.00756018
T: -0.436927 Q: 1.21361
T: -0.34768 Q: -0.00225128
T: -0.246786 Q: -0.00179743
T: -0.137309 Q: -0.00221218
T: -0.0225766 Q: 1.26362
T: 0.093926 Q: -0.00175423
T: 0.208659 Q: 2.22595
T: 0.318135 Q: -0.00141794
T: 0.41903 Q: -0.00225672
T: 0.508276 Q: -0.000880824
T: 0.583162 Q: 1.02914
T: 0.641414 Q: 1.04644
T: 0.68126 Q: 1.0891
T: 0.701491 Q: -0.000587435
T: 0.701491 Q: -0.000692176
T: 0.68126 Q: -0.000504279
T: 0.641414 Q: -0.00129625
T: 0.583162 Q: -0.000700425
T: 0.508276 Q: -0.00205386
T: 0.41903 Q: -0.00159111
T: 0.318135 Q: 1.78828
T: 0.208659 Q: -0.0160688
T: 0.093926 Q: -0.0343218
Sec_Event 25095237 N50: 28
T: 0.645193 Q: 1.1613
T: 0.595616 Q: 1.20223
T: 0.548311 Q: -0.0517216
T: 0.504714 Q: -0.0562667
T: 0.466151 Q: 1.02256
T: 0.433792 Q: -0.0487044
T: 0.408621 Q: -0.0360345
T: 0.391404 Q: -0.0260337
T: 0.382662 Q: -0.0160934
T: 0.382662 Q: -0.0151229
T: 0.391404 Q: 0.843952
T: 0.408621 Q: -0.00623301
T: 0.433792 Q: 0.681142
T: 0.466151 Q: -0.00224451
T: 0.504714 Q: -0.00107887
T: 0.548311 Q: 0.990959
T: 0.595616 Q: 0.953988
T: 0.645193 Q: -0.000458043
T: 0.695534 Q: -0.00142431
T: 0.74511 Q: -0.000882755
T: 0.792415 Q: 0.799314
T: 0.836012 Q: -0.00240015
T: 0.874576 Q: -0.00222687
T: 0.906934 Q: 0.950725
T: 0.932105 Q: 2.20087
T: 0.949323 Q: -0.0115695
T: 0.958064 Q: -0.0115911
T: 0.958064 Q: -0.0144908
T: 0.949323 Q: -0.0119844
T: 0.932105 Q: -0.0156366
T: 0.906934 Q: 1.2655
T: 0.874576 Q: -0.0150213
T: 0.836012 Q: -0.0213878
T: 0.792415 Q: -0.0230106
T: 0.74511 Q: -0.0248375
T: 0.695534 Q: -0.0311817
Sec_Event 25095237 N50: 29
T: -0.584566 Q: 0.999631
T: -0.662669 Q: -0.00245792
T: -0.737195 Q: 0.98906
T: -0.805878 Q: -0.00689762
T: -0.866632 Q: -0.00910533
T: -0.91761 Q: 1.56764
T: -0.957264 Q: -0.0279736
T: -0.984389 Q: -0.0280653
T: -0.998161 Q: -0.0289044
T: -0.998161 Q: 1.45015
T: -0.984389 Q: -0.0288537
T: -0.957264 Q: -0.0304434
T: -0.91761 Q: -0.0319255
T: -0.866632 Q: -0.0268794
T: -0.805878 Q: -0.0129531
T: -0.737195 Q: -0.00667427
T: -0.662669 Q: -0.00521295
T: -0.584566 Q: -0.00380386
T: -0.505257 Q: 1.19117
T: -0.427153 Q: -0.0020536
T: -0.352628 Q: -0.000782009
T: -0.283945 Q: 1.00958
T: -0.223191 Q: 1.01705
T: -0.172213 Q: -0.000365726
T: -0.132558 Q: 1.13798
T: -0.105433 Q: -0.000841309
T: -0.0916615 Q: 2.6689
T: -0.132558 Q: -0.000947831
T: -0.172213 Q: -0.0028751
T: -0.223191 Q: -0.00330164
T: -0.283945 Q: 1.17238
T: -0.352628 Q: 1.03616
T: -0.427153 Q: -0.000580268
T: -0.505257 Q: 1.02197
Sec_Event 25315011 N50: 37
T: -0.59898 Q: 1.03771
T: -0.674366 Q: 0.978028
T: -0.746298 Q: 0.89792
T: -0.81259 Q: 2.08695
T: -0.87123 Q: -0.0857985
T: -0.920434 Q: 1.27216
T: -0.958708 Q: -0.0645316
T: -0.98489 Q: -0.0553775
T: -0.998182 Q: -0.0560765
T: -0.998182 Q: 1.27229
T: -0.98489 Q: 1.44819
T: -0.958708 Q: 0.835572
T: -0.920434 Q: 0.794298
T: -0.87123 Q: -0.0130226
T: -0.81259 Q: 1.27282
T: -0.746298 Q: 1.13703
T: -0.674366 Q: -0.00338727
T: -0.59898 Q: 1.01375
T: -0.522432 Q: -0.000849799
T: -0.447046 Q: -0.00177756
T: -0.375114 Q: 1.1099
T: -0.308822 Q: -0.00142377
T: -0.250182 Q: -0.0014543
T: -0.200978 Q: 1.18107
T: -0.162703 Q: 1.05957
T: -0.136522 Q: -0.00197329
T: -0.12323 Q: 4.99388
T: -0.12323 Q: -0.00298155
T: -0.136522 Q: -0.00470122
T: -0.162703 Q: 1.26496
T: -0.200978 Q: 1.20787
T: -0.250182 Q: -0.00572132
T: -0.308822 Q: -0.0093201
T: -0.375114 Q: -0.0101102
T: -0.447046 Q: -0.0124258
T: -0.522432 Q: -0.0160453
Sec_Event 25413589 N50: 48
T: -0.148883 Q: 1.29858
T: -0.262883 Q: 1.27383
T: -0.371662 Q: 1.50368
T: -0.471912 Q: -0.00463284
T: -0.560589 Q: -0.00326398
T: -0.634998 Q: 1.25008
T: -0.692877 Q: -0.00185498
T: -0.732469 Q: 1.12514
T: -0.752571 Q: 2.38194
T: -0.752571 Q: -0.00107311
T: -0.732469 Q: 1.09287
T: -0.692877 Q: 2.24543
T: -0.634998 Q: 2.36842
T: -0.560589 Q: 2.19881
T: -0.471912 Q: 0.928045
T: -0.371662 Q: 0.739734
T: -0.262883 Q: 1.7014
T: -0.148883 Q: 0.633205
T: -0.0331235 Q: -0.0295819
T: 0.0808772 Q: -0.0383598
T: 0.189655 Q: -0.0548057
T: 0.289906 Q: 2.39787
T: 0.378583 Q: -0.047448
T: 0.452991 Q: 1.45378
T: 0.510871 Q: 1.21124
T: 0.550463 Q: -0.0595186
T: 0.570564 Q: -0.0653421
T: 0.570564 Q: 1.33661
T: 0.550463 Q: -0.0446216
T: 0.510871 Q: -0.0364245
T: 0.452991 Q: 1.21555
T: 0.378583 Q: 2.41817
T: 0.289906 Q: -0.0192314
T: 0.189655 Q: 1.12604
T: 0.0808772 Q: 5.16394
T: -0.0331235 Q: -0.0112884
Sec_Event 25413589 N50: 30
T: -0.360651 Q: -0.0105257
T: -0.465217 Q: -0.00428294
T: -0.564993 Q: -0.00238819
T: -0.656947 Q: -0.00243886
T: -0.738285 Q: -0.00106737
T: -0.806536 Q: -0.000733353
T: -0.859626 Q: 1.17996
T: -0.895941 Q: -0.000390862
T: -0.914379 Q: 2.61128
T: -0.914379 Q: 1.36949
T: -0.895941 Q: -0.000760686
T: -0.859626 Q: -0.000976627
T: -0.806536 Q: 1.08409
T: -0.738285 Q: -0.00156068
T: -0.656947 Q: -0.00162837
T: -0.564993 Q: -0.00206648
T: -0.465217 Q: 0.835512
T: -0.360651 Q: -0.0100531
T: -0.254472 Q: 0.93689
T: -0.149906 Q: -0.0242234
T: -0.0501298 Q: 2.36953
T: 0.0418241 Q: -0.0269106
T: 0.123162 Q: -0.0303142
T: 0.191413 Q: -0.0299298
T: 0.244503 Q: -0.0339437
T: 0.280818 Q: -0.0385992
T: 0.299256 Q: -0.0406284
T: 0.299256 Q: -0.0450549
T: 0.280818 Q: -0.0413514
T: 0.244503 Q: -0.0472559
T: 0.191413 Q: -0.0489501
T: 0.123162 Q: -0.0317367
T: 0.0418241 Q: -0.0304759
T: -0.0501298 Q: -0.033929
T: -0.149906 Q: -0.0345803
T: -0.254472 Q: -0.0293095
Sec_Event 25558786 N50: 45
T: -0.568569 Q: -0.0169515
T: -0.649479 Q: -0.014389
T: -0.726683 Q: 0.903712
T: -0.797835 Q: -0.00727195
T: -0.860772 Q: 1.12933
T: -0.913583 Q: -0.00563772
T: -0.954662 Q: -0.00363839
T: -0.982762 Q: -0.00349759
T: -0.997029 Q: 1.11681
T: -0.997029 Q: -0.00444363
T: -0.982762 Q: -0.00327179
T: -0.954662 Q: -0.00514429
T: -0.913583 Q: -0.00464665
T: -0.860772 Q: 1.12396
T: -0.797835 Q: -0.0104464
T: -0.726683 Q: 1.07335
T: -0.649479 Q: -0.013058
T: -0.568569 Q: 1.03486
T: -0.48641 Q: -0.0241656
T: -0.405499 Q: -0.0268287
T: -0.328295 Q: -0.0328205
T: -0.257143 Q: -0.0271805
T: -0.194206 Q: -0.0307129
T: -0.141396 Q: -0.0261693
T: -0.100316 Q: -0.0361715
T: -0.0722162 Q: -0.0287936
T: -0.0579495 Q: 2.29759
T: -0.0579495 Q: -0.0249759
T: -0.0722162 Q: 3.40142
T: -0.100316 Q: -0.0197408
T: -0.141396 Q: 1.19152
T: -0.194206 Q: -0.0190924
T: -0.257143 Q: 1.14909
T: -0.328295 Q: -0.0181227
T: -0.405499 Q: 1.96613
T: -0.48641 Q: -0.0176571
Sec_Event 25566087 N50: 38
T: 0.42798 Q: -0.00575451
T: 0.339381 Q: -0.0065704
T: 0.254841 Q: 1.0723
T: 0.176929 Q: 0.89508
T: 0.108011 Q: 1.19454
T: 0.0501818 Q: 1.97724
T: 0.00519896 Q: -0.0210993
T: -0.0255712 Q: -0.0223873
T: -0.0411935 Q: -0.028829
T: -0.0411935 Q: -0.0282417
T: -0.0255712 Q: 1.23879
T: 0.00519896 Q: 1.12781
T: 0.0501818 Q: -0.0481314
T: 0.108011 Q: -0.0440281
T: 0.176929 Q: -0.0518333
T: 0.254841 Q: -0.0460196
T: 0.339381 Q: 2.72095
T: 0.42798 Q: -0.0705165
T: 0.517946 Q: -0.0646809
T: 0.606545 Q: -0.0710451
T: 0.691085 Q: 1.35212
T: 0.768998 Q: -0.0581187
T: 0.837916 Q: -0.0418656
T: 0.895745 Q: 1.09726
T: 0.940728 Q: 2.39777
T: 0.971498 Q: -0.0278915
T: 0.98712 Q: -0.0280479
T: 0.98712 Q: -0.0359875
T: 0.971498 Q: -0.0429508
T: 0.940728 Q: 0.603371
T: 0.895745 Q: -0.0263732
T: 0.837916 Q: -0.0135821
T: 0.768998 Q: -0.00849423
T: 0.691085 Q: -0.00743408
T: 0.606545 Q: -0.0064236
T: 0.517946 Q: -0.00664131
Sec_Event 25753186 N50: 40
T: -0.309357 Q: 1.09544
T: -0.417273 Q: -0.0204381
T: -0.520245 Q: 1.1563
T: -0.615144 Q: 1.12306
T: -0.699088 Q: 1.1736
T: -0.769525 Q: -0.0264014
T: -0.824315 Q: -0.0209705
T: -0.861793 Q: 1.20622
T: -0.880822 Q: 1.31623
T: -0.880822 Q: 1.28663
T: -0.861793 Q: -0.0218779
T: -0.824315 Q: -0.0216477
T: -0.769525 Q: -0.0278753
T: -0.699088 Q: -0.0369601
T: -0.615144 Q: -0.0608765
T: -0.520245 Q: -0.0564994
T: -0.417273 Q: -0.0587658
T: -0.309357 Q: -0.0485781
T: -0.199777 Q: -0.0487515
T: -0.0918613 Q: -0.0431669
T: 0.0111106 Q: -0.047438
T: 0.10601 Q: -0.0525063
T: 0.189953 Q: -0.048663
T: 0.26039 Q: 1.58813
T: 0.315181 Q: 1.28712
T: 0.352659 Q: -0.054839
T: 0.371688 Q: -0.0486286
T: 0.371688 Q: -0.0548403
T: 0.352659 Q: 1.38279
T: 0.315181 Q: -0.0316414
T: 0.26039 Q: 1.39907
T: 0.189953 Q: -0.0259892
T: 0.10601 Q: -0.0228156
T: 0.0111106 Q: 1.17424
T: -0.0918613 Q: 1.21207
T: -0.199777 Q: 1.10227

gestpm: TOTAL NUMBER PMT: WALL; TOP; BOTTOM; ALL  7650  1748  1748 11146
 *****************************
 * This is for SK-VI map      *
 *****************************
 findconsts: connection table file: /home/licheng/local/skofl/const//connection.super.dat
gexyz: PMT # FOR EACH SECTION       1  7650  7651  9398  9399 11146
gexyz: maxpm,nlwal     11146      7650
 findconsts: connection table1 file: /home/licheng/local/skofl/const//connection.super.dat
 findconsts: connection table2 file: /home/licheng/local/skofl/const//connection.super.sk-5.dat
 findfile: checking /home/licheng/local/skofl/const//misch3.dat
 findfile: found /home/licheng/local/skofl/const//misch3.dat
 findconsts: mis channel file: /home/licheng/local/skofl/const//misch3.dat
 findfile: checking /home/licheng/local/skofl/const//skpmt_sk5.dat
 findfile: found /home/licheng/local/skofl/const//skpmt_sk5.dat
 findconsts: pmt file: /home/licheng/local/skofl/const//skpmt_sk5.dat
gestpma: TOTAL NUMBER anti PMT: WALL; TOP; BOTTOM; ALL  1275   302   308  1885
gexyza: anti PMT # FOR EACH SECTION       1  1275  1276  1577  1578  1885
 maxpma,nlwala      1885      1275
 skbadch: log_level =            0
 findconsts: badch.090444 file: /home/licheng/local/skofl/const//badch/badch.090444
 findconsts: bad channel file: /home/licheng/local/skofl/const//badch.dat
 findconsts: badch.090444 file: /home/licheng/local/skofl/const//badch/badch.090444
 skdark: log_level =            0
 findconsts: darkr.090444.root file: /home/licheng/local/skofl/const//darkr/darkr.090444.root
 findconsts: badsub SK-I 1 file: /home/licheng/local/skofl/const//lowe/badsub.sk.r1742-3051.r3208-3608
 nbad 1 =         1851
 findconsts: badsub SK-I 2 file: /home/licheng/local/skofl/const//lowe/badsub.sk.realtim
 nbad 2 =        17511
 findconsts: badsub SK-I 3 file: /home/licheng/local/skofl/const//lowe/badsub.sk.manual.1260day
 nbad 3 =        21939
 findconsts: badsub SK-I 4 file: /home/licheng/local/skofl/const//lowe/badsub.sk.sle.1260day
 nbad 4 =        28004
 findconsts: badsub SK-I 5 file: /home/licheng/local/skofl/const//lowe/badsub.sk.manual
 nbad 5 =        28105
 findconsts: badsub SK-I 6 file: /home/licheng/local/skofl/const//lowe/badsub.sk.sle
 nbad 6 =        28105
 findconsts: badsub SK-II 1 file: /home/licheng/local/skofl/const//lowe/badsub.sk2.manual
 nbad_sk2 SK-II 1 =        27759
 findconsts: badsub SK-III 1 file: /home/licheng/local/skofl/const//lowe/badsub.sk3.manual
 nbad_sk3 SK-III 1 =         4149
 findconsts: badsub SK-IV file: /home/licheng/local/skofl/const//lowe/badsub.sk4.manual
 nbad_sk4 SK-IV =        66921
 read local badsub.sk5.manual.local
 nbad_sk5 SK-V =         2595
 read local badsub.sk6.manual.local
 nbad_sk6 SK-VI (Gd) =         7717
 findconsts: skcoverage_barrel file: /home/licheng/local/skofl/const//lowe/skcov_b_p3.dat
 findconsts: nearest neighbor file: /home/licheng/local/skofl/const//neighb.dat
 neighbsk: reading neighbor file /home/licheng/local/skofl/const//neighb.dat
 findconsts: skcoverage_sk4_final file: /home/licheng/local/skofl/const//lowe/skcov_c_p3.dat
