Output file: output/wt_090518.root input file:/disk03/lowe10/sk7/sle/lomugd.090518.root
 Id of this manager : 10
InitReadRoot: total = 497074
RUNINFO found in the rare list
SK geometry setting: 6
***** Dummy rgetvalue was called. (Remote File Access is not supported) *****
==========WT:========== 0 0 12344.1
0/497074
Sec_Event 7398 N50: 27
T: -0.523094 Q: inf
T: -0.610984 Q: -0.0190413
T: -0.694847 Q: -0.0178622
T: -0.772136 Q: -0.00858808
T: -0.840502 Q: -0.00607987
T: -0.897868 Q: -0.00482475
T: -0.94249 Q: -0.00305853
T: -0.973014 Q: -0.0040315
T: -0.988511 Q: inf
T: -0.988511 Q: -0.00439831
T: -0.973014 Q: -0.00335852
T: -0.94249 Q: inf
T: -0.897868 Q: inf
T: -0.840502 Q: -0.00557381
T: -0.772136 Q: -0.00601643
T: -0.694847 Q: -0.00697014
T: -0.610984 Q: inf
T: -0.523094 Q: -0.00434891
T: -0.433849 Q: inf
T: -0.345959 Q: -0.00898551
T: -0.262096 Q: -0.0030297
T: -0.184807 Q: -0.00344356
T: -0.116441 Q: -0.00392538
T: -0.0590754 Q: -0.0054231
T: -0.0144527 Q: -0.00415255
T: 0.0160711 Q: -0.00431531
T: 0.0315684 Q: -0.00713814
T: 0.0315684 Q: -0.00639501
T: 0.0160711 Q: inf
T: -0.0144527 Q: inf
T: -0.0590754 Q: -0.0163135
T: -0.116441 Q: inf
T: -0.184807 Q: -0.0188863
T: -0.262096 Q: inf
T: -0.345959 Q: -0.0187707
T: -0.433849 Q: -0.0215887
Sec_Event 113325 N50: 43
T: -0.720386 Q: -0.0204748
T: -0.758504 Q: inf
T: -0.794875 Q: -0.0135764
T: -0.828395 Q: -0.0156968
T: -0.858045 Q: -0.0139464
T: -0.882925 Q: inf
T: -0.902278 Q: -0.0128486
T: -0.915516 Q: inf
T: -0.922237 Q: -0.0107864
T: -0.922237 Q: inf
T: -0.915516 Q: -0.00815114
T: -0.902278 Q: -0.00755016
T: -0.882925 Q: inf
T: -0.858045 Q: -0.00623977
T: -0.828395 Q: inf
T: -0.794875 Q: -0.00879648
T: -0.758504 Q: inf
T: -0.720386 Q: -0.00774085
T: -0.681681 Q: -0.0092512
T: -0.643563 Q: inf
T: -0.607192 Q: -0.0124048
T: -0.573672 Q: inf
T: -0.544021 Q: inf
T: -0.519142 Q: inf
T: -0.499789 Q: inf
T: -0.486551 Q: -0.0388841
T: -0.47983 Q: inf
T: -0.47983 Q: -0.0286787
T: -0.486551 Q: -0.0293771
T: -0.499789 Q: inf
T: -0.519142 Q: -0.0359548
T: -0.544021 Q: -0.0398872
T: -0.573672 Q: -0.035638
T: -0.607192 Q: inf
T: -0.643563 Q: -0.0324452
T: -0.681681 Q: inf
Sec_Event 1819691 N50: 47
T: -0.625719 Q: -0.026188
T: -0.695501 Q: inf
T: -0.762085 Q: inf
T: -0.82345 Q: inf
T: -0.877731 Q: -0.0512129
T: -0.923277 Q: inf
T: -0.958706 Q: -0.0267691
T: -0.982941 Q: -0.0303026
T: -0.995245 Q: -0.0285291
T: -0.995245 Q: inf
T: -0.982941 Q: inf
T: -0.958706 Q: -0.0373129
T: -0.923277 Q: inf
T: -0.877731 Q: inf
T: -0.82345 Q: inf
T: -0.762085 Q: -0.00109107
T: -0.695501 Q: inf
T: -0.625719 Q: -0.0010696
T: -0.554862 Q: -0.000339478
T: -0.48508 Q: inf
T: -0.418496 Q: inf
T: -0.357131 Q: inf
T: -0.302851 Q: inf
T: -0.257304 Q: -0.000423802
T: -0.221875 Q: -0.00104462
T: -0.19764 Q: -0.000278249
T: -0.185336 Q: -0.000580519
T: -0.185336 Q: -0.00103455
T: -0.19764 Q: -0.000832392
T: -0.221875 Q: -0.00111156
T: -0.257304 Q: inf
T: -0.302851 Q: -0.00366894
T: -0.357131 Q: -0.00435359
T: -0.418496 Q: -0.00739145
T: -0.48508 Q: inf
T: -0.554862 Q: -0.0155403
Sec_Event 1819691 N50: 26
T: 0.450311 Q: -0.000949158
T: 0.364483 Q: inf
T: 0.282586 Q: inf
T: 0.20711 Q: inf
T: 0.140348 Q: -0.00210318
T: 0.0843274 Q: -0.00154996
T: 0.0407513 Q: -0.00227169
T: 0.0109435 Q: -0.00654006
T: -0.00419031 Q: inf
T: -0.00419031 Q: -0.00948914
T: 0.0109435 Q: -0.0122755
T: 0.0407513 Q: inf
T: 0.0843274 Q: -0.0181618
T: 0.140348 Q: inf
T: 0.20711 Q: inf
T: 0.282586 Q: -0.0296144
T: 0.364483 Q: -0.0305078
T: 0.450311 Q: -0.0316614
T: 0.537463 Q: -0.0255823
T: 0.623291 Q: inf
T: 0.705187 Q: inf
T: 0.780663 Q: inf
T: 0.847426 Q: -0.00745273
T: 0.903446 Q: -0.00496842
T: 0.947022 Q: -0.00508396
T: 0.97683 Q: -0.0067747
T: 0.991964 Q: -0.00299918
T: 0.991964 Q: -0.00516213
T: 0.97683 Q: inf
T: 0.947022 Q: -0.00492032
T: 0.903446 Q: -0.00425322
T: 0.847426 Q: -0.00439911
T: 0.780663 Q: inf
T: 0.705187 Q: inf
T: 0.623291 Q: -0.00129077
T: 0.537463 Q: -0.00239551
Sec_Event 1897803 N50: 33
T: 0.227478 Q: inf
T: 0.12117 Q: inf
T: 0.0197316 Q: -0.044937
T: -0.0737545 Q: -0.0451379
T: -0.156448 Q: inf
T: -0.225836 Q: -0.0540924
T: -0.27981 Q: inf
T: -0.31673 Q: inf
T: -0.335476 Q: inf
T: -0.335476 Q: inf
T: -0.31673 Q: -0.0576084
T: -0.27981 Q: inf
T: -0.225836 Q: inf
T: -0.156448 Q: -0.0347421
T: -0.0737545 Q: -0.0352057
T: 0.0197316 Q: inf
T: 0.12117 Q: -0.0239443
T: 0.227478 Q: -0.0305727
T: 0.335427 Q: -0.0227685
T: 0.441735 Q: inf
T: 0.543174 Q: -0.00673838
T: 0.63666 Q: inf
T: 0.719353 Q: -0.00369049
T: 0.788741 Q: -0.0019621
T: 0.842715 Q: -0.00212674
T: 0.879636 Q: -0.00199955
T: 0.898381 Q: -0.00173858
T: 0.898381 Q: -0.000912577
T: 0.879636 Q: -0.00310201
T: 0.842715 Q: -0.00177981
T: 0.788741 Q: inf
T: 0.719353 Q: inf
T: 0.63666 Q: -0.00418625
T: 0.543174 Q: -0.00651466
T: 0.441735 Q: -0.0130346
T: 0.335427 Q: inf
Sec_Event 1922278 N50: 40
T: -0.165289 Q: inf
T: -0.278944 Q: inf
T: -0.387393 Q: inf
T: -0.487339 Q: -0.0191609
T: -0.575747 Q: inf
T: -0.649931 Q: -0.0341589
T: -0.707635 Q: -0.0364244
T: -0.747107 Q: inf
T: -0.767147 Q: -0.0441229
T: -0.767147 Q: -0.0438988
T: -0.747107 Q: -0.0440185
T: -0.707635 Q: -0.042452
T: -0.649931 Q: -0.045568
T: -0.575747 Q: inf
T: -0.487339 Q: -0.0304589
T: -0.387393 Q: inf
T: -0.278944 Q: -0.0254689
T: -0.165289 Q: -0.0261057
T: -0.0498809 Q: inf
T: 0.0637742 Q: -0.0205733
T: 0.172223 Q: inf
T: 0.272169 Q: -0.025485
T: 0.360577 Q: -0.0253915
T: 0.43476 Q: -0.0284529
T: 0.492465 Q: inf
T: 0.531937 Q: inf
T: 0.551977 Q: inf
T: 0.551977 Q: -0.0554145
T: 0.531937 Q: inf
T: 0.492465 Q: -0.0191907
T: 0.43476 Q: inf
T: 0.360577 Q: -0.0332526
T: 0.272169 Q: -0.0128661
T: 0.172223 Q: -0.0146963
T: 0.0637742 Q: -0.0161294
T: -0.0498809 Q: inf
Sec_Event 1980587 N50: 34
T: 0.63964 Q: -0.0269238
T: 0.588547 Q: -0.018644
T: 0.539795 Q: -0.0238623
T: 0.494864 Q: inf
T: 0.455121 Q: inf
T: 0.421773 Q: -0.0366787
T: 0.395832 Q: -0.041986
T: 0.378088 Q: -0.0399506
T: 0.369079 Q: -0.0464238
T: 0.369079 Q: -0.0493136
T: 0.378088 Q: -0.0482247
T: 0.395832 Q: -0.0516737
T: 0.421773 Q: -0.0533329
T: 0.455121 Q: inf
T: 0.494864 Q: -0.0619272
T: 0.539795 Q: -0.054888
T: 0.588547 Q: -0.0656618
T: 0.63964 Q: -0.0604517
T: 0.691521 Q: inf
T: 0.742613 Q: -0.0528173
T: 0.791366 Q: -0.0505687
T: 0.836296 Q: -0.0456051
T: 0.876039 Q: inf
T: 0.909388 Q: -0.0405963
T: 0.935328 Q: -0.0293709
T: 0.953072 Q: -0.0319058
T: 0.962082 Q: inf
T: 0.962082 Q: -0.0298002
T: 0.953072 Q: -0.0246425
T: 0.935328 Q: -0.0333228
T: 0.909388 Q: inf
T: 0.876039 Q: -0.0276939
T: 0.836296 Q: -0.0217048
T: 0.791366 Q: inf
T: 0.742613 Q: -0.0235891
T: 0.691521 Q: -0.0197529
Sec_Event 2044897 N50: 40
T: -0.137279 Q: inf
T: -0.251489 Q: -0.00891529
T: -0.360466 Q: inf
T: -0.4609 Q: -0.00887748
T: -0.549739 Q: -0.00974867
T: -0.624284 Q: -0.00792678
T: -0.68227 Q: inf
T: -0.721934 Q: -0.0146209
T: -0.742073 Q: -0.0103503
T: -0.742073 Q: inf
T: -0.721934 Q: inf
T: -0.68227 Q: -0.0127747
T: -0.624284 Q: inf
T: -0.549739 Q: inf
T: -0.4609 Q: inf
T: -0.360466 Q: -0.00389704
T: -0.251489 Q: -0.00265555
T: -0.137279 Q: -0.00401356
T: -0.0213079 Q: -0.00385711
T: 0.0929015 Q: inf
T: 0.201879 Q: -0.00546732
T: 0.302313 Q: -0.00335865
T: 0.391152 Q: -0.00286397
T: 0.465697 Q: -0.00527787
T: 0.523683 Q: inf
T: 0.563347 Q: -0.00757001
T: 0.583485 Q: -0.00379913
T: 0.583485 Q: -0.00347399
T: 0.563347 Q: -0.00465184
T: 0.523683 Q: -0.00416074
T: 0.465697 Q: -0.00442892
T: 0.391152 Q: -0.010351
T: 0.302313 Q: -0.00335681
T: 0.201879 Q: inf
T: 0.0929015 Q: inf
T: -0.0213079 Q: -0.00342612
Sec_Event 2397548 N50: 25
T: 0.231452 Q: -0.0520681
T: 0.125389 Q: -0.0581378
T: 0.0241849 Q: inf
T: -0.0690854 Q: inf
T: -0.151588 Q: -0.0534514
T: -0.220815 Q: -0.0503501
T: -0.274665 Q: -0.0601052
T: -0.3115 Q: -0.0677527
T: -0.330202 Q: -0.0617433
T: -0.330202 Q: inf
T: -0.3115 Q: -0.0470867
T: -0.274665 Q: inf
T: -0.220815 Q: -0.0356622
T: -0.151588 Q: -0.0323983
T: -0.0690854 Q: -0.0280144
T: 0.0241849 Q: -0.0313287
T: 0.125389 Q: -0.0195987
T: 0.231452 Q: inf
T: 0.339151 Q: -0.0197894
T: 0.445214 Q: inf
T: 0.546419 Q: inf
T: 0.639689 Q: -0.0181388
T: 0.722191 Q: -0.00980267
T: 0.791419 Q: inf
T: 0.845269 Q: -0.00998921
T: 0.882104 Q: inf
T: 0.900806 Q: -0.00644729
T: 0.900806 Q: inf
T: 0.882104 Q: -0.00810449
T: 0.845269 Q: -0.0070606
T: 0.791419 Q: -0.0112685
T: 0.722191 Q: -0.0113838
T: 0.639689 Q: -0.0156619
T: 0.546419 Q: inf
T: 0.445214 Q: -0.0436004
T: 0.339151 Q: -0.0479541
Sec_Event 2934032 N50: 42
T: 0.709325 Q: inf
T: 0.68267 Q: -0.00314279
T: 0.657236 Q: inf
T: 0.633796 Q: inf
T: 0.613061 Q: -0.00304634
T: 0.595663 Q: -0.00386033
T: 0.58213 Q: -0.00556977
T: 0.572873 Q: -0.00395936
T: 0.568173 Q: inf
T: 0.568173 Q: -0.0104777
T: 0.572873 Q: inf
T: 0.58213 Q: -0.0160895
T: 0.595663 Q: -0.0261212
T: 0.613061 Q: inf
T: 0.633796 Q: inf
T: 0.657236 Q: -0.0578332
T: 0.68267 Q: inf
T: 0.709325 Q: -0.0987072
T: 0.736392 Q: -0.0815993
T: 0.763047 Q: inf
T: 0.788481 Q: -0.0932275
T: 0.811922 Q: -0.0916664
T: 0.832656 Q: -0.0804326
T: 0.850054 Q: -0.0815433
T: 0.863587 Q: -0.0823317
T: 0.872844 Q: inf
T: 0.877544 Q: -0.0798041
T: 0.877544 Q: inf
T: 0.872844 Q: inf
T: 0.863587 Q: inf
T: 0.850054 Q: -0.0255094
T: 0.832656 Q: inf
T: 0.811922 Q: -0.0148897
T: 0.788481 Q: -0.00475758
T: 0.763047 Q: inf
T: 0.736392 Q: -0.00332719
Sec_Event 3023170 N50: 26
T: -0.301097 Q: -0.00800024
T: -0.409483 Q: -0.00503127
T: -0.512903 Q: inf
T: -0.608216 Q: -0.0102713
T: -0.692524 Q: inf
T: -0.763268 Q: -0.0250661
T: -0.818297 Q: -0.0272903
T: -0.855939 Q: inf
T: -0.87505 Q: -0.027809
T: -0.87505 Q: -0.0278185
T: -0.855939 Q: inf
T: -0.818297 Q: -0.0288751
T: -0.763268 Q: -0.0258428
T: -0.692524 Q: inf
T: -0.608216 Q: -0.0175473
T: -0.512903 Q: -0.0139338
T: -0.409483 Q: -0.0113285
T: -0.301097 Q: -0.0105494
T: -0.191039 Q: inf
T: -0.0826537 Q: -0.00709685
T: 0.0207666 Q: -0.00894837
T: 0.116079 Q: -0.007601
T: 0.200388 Q: -0.00568524
T: 0.271132 Q: -0.0122706
T: 0.326161 Q: -0.00763258
T: 0.363803 Q: inf
T: 0.382914 Q: -0.010585
T: 0.382914 Q: -0.00557782
T: 0.363803 Q: -0.0071189
T: 0.326161 Q: -0.0109687
T: 0.271132 Q: -0.00486901
T: 0.200388 Q: -0.00416728
T: 0.116079 Q: -0.00437347
T: 0.0207666 Q: inf
T: -0.0826537 Q: -0.00775155
T: -0.191039 Q: -0.0054611
Sec_Event 3023170 N50: 28
T: -0.381019 Q: -0.0329302
T: -0.484036 Q: inf
T: -0.582333 Q: -0.0466149
T: -0.672925 Q: -0.0561791
T: -0.753058 Q: inf
T: -0.820298 Q: -0.0452923
T: -0.872601 Q: -0.0384111
T: -0.908378 Q: -0.0358347
T: -0.926543 Q: -0.0351871
T: -0.926543 Q: inf
T: -0.908378 Q: -0.041628
T: -0.872601 Q: inf
T: -0.820298 Q: -0.0422847
T: -0.753058 Q: -0.0421939
T: -0.672925 Q: inf
T: -0.582333 Q: inf
T: -0.484036 Q: -0.0215458
T: -0.381019 Q: -0.0192028
T: -0.276412 Q: inf
T: -0.173395 Q: -0.0155912
T: -0.0750974 Q: -0.0164453
T: 0.0154943 Q: -0.0197839
T: 0.0956273 Q: -0.02549
T: 0.162867 Q: inf
T: 0.21517 Q: -0.0281281
T: 0.250948 Q: -0.0243986
T: 0.269112 Q: -0.0251577
T: 0.269112 Q: inf
T: 0.250948 Q: -0.0275615
T: 0.21517 Q: inf
T: 0.162867 Q: -0.0284637
T: 0.0956273 Q: inf
T: 0.0154943 Q: -0.0221477
T: -0.0750974 Q: -0.0302733
T: -0.173395 Q: -0.0236372
T: -0.276412 Q: inf
Sec_Event 3054124 N50: 50
T: -0.515152 Q: -0.0239091
T: -0.60413 Q: inf
T: -0.689032 Q: -0.00992374
T: -0.767277 Q: -0.00827846
T: -0.83649 Q: -0.00508982
T: -0.894566 Q: -0.00475057
T: -0.939741 Q: -0.00421524
T: -0.970643 Q: -0.003934
T: -0.986332 Q: -0.00612125
T: -0.986332 Q: -0.00355529
T: -0.970643 Q: -0.00530625
T: -0.939741 Q: inf
T: -0.894566 Q: -0.00447257
T: -0.83649 Q: inf
T: -0.767277 Q: inf
T: -0.689032 Q: inf
T: -0.60413 Q: inf
T: -0.515152 Q: inf
T: -0.424802 Q: -0.0106568
T: -0.335824 Q: -0.0132182
T: -0.250922 Q: -0.0138627
T: -0.172676 Q: inf
T: -0.103464 Q: -0.0170705
T: -0.0453877 Q: -0.021265
T: -0.000212412 Q: -0.0276334
T: 0.0306893 Q: -0.0292469
T: 0.0463785 Q: -0.0325606
T: 0.0463785 Q: inf
T: 0.0306893 Q: inf
T: -0.000212412 Q: -0.0356939
T: -0.0453877 Q: -0.0416083
T: -0.103464 Q: inf
T: -0.172676 Q: -0.0471316
T: -0.250922 Q: inf
T: -0.335824 Q: -0.0444314
T: -0.424802 Q: inf
100000/497074
Sec_Event 3915455 N50: 28
T: 0.553091 Q: -0.0346097
T: 0.482987 Q: -0.0344677
T: 0.416093 Q: -0.0268913
T: 0.354444 Q: -0.020593
T: 0.299912 Q: -0.0245773
T: 0.254155 Q: -0.0219714
T: 0.218562 Q: -0.0171168
T: 0.194214 Q: inf
T: 0.181853 Q: inf
T: 0.181853 Q: inf
T: 0.194214 Q: -0.0110871
T: 0.218562 Q: -0.00924435
T: 0.254155 Q: -0.00839355
T: 0.299912 Q: inf
T: 0.354444 Q: inf
T: 0.416093 Q: -0.00701176
T: 0.482987 Q: inf
T: 0.553091 Q: inf
T: 0.624278 Q: -0.0161178
T: 0.694382 Q: -0.0156797
T: 0.761276 Q: -0.0182285
T: 0.822925 Q: inf
T: 0.877457 Q: inf
T: 0.923214 Q: -0.0487046
T: 0.958807 Q: -0.044854
T: 0.983154 Q: -0.0370441
T: 0.995516 Q: -0.0389686
T: 0.995516 Q: inf
T: 0.983154 Q: -0.0337087
T: 0.958807 Q: inf
T: 0.923214 Q: -0.0495691
T: 0.877457 Q: -0.0505816
T: 0.822925 Q: -0.0773159
T: 0.761276 Q: -0.0741118
T: 0.694382 Q: inf
T: 0.624278 Q: -0.0548955
Sec_Event 5075458 N50: 46
T: 0.612118 Q: -0.0241143
T: 0.554145 Q: -0.0252394
T: 0.498828 Q: -0.0306323
T: 0.447848 Q: -0.0291896
T: 0.402753 Q: -0.0338191
T: 0.364914 Q: inf
T: 0.335481 Q: inf
T: 0.315347 Q: inf
T: 0.305125 Q: inf
T: 0.305125 Q: inf
T: 0.315347 Q: -0.0399058
T: 0.335481 Q: inf
T: 0.364914 Q: inf
T: 0.402753 Q: -0.0285734
T: 0.447848 Q: -0.0248994
T: 0.498828 Q: inf
T: 0.554145 Q: -0.0199103
T: 0.612118 Q: -0.0196466
T: 0.670985 Q: -0.0151513
T: 0.728958 Q: -0.00825619
T: 0.784275 Q: inf
T: 0.835256 Q: inf
T: 0.88035 Q: -0.00502181
T: 0.918189 Q: inf
T: 0.947623 Q: -0.00372266
T: 0.967757 Q: -0.00282647
T: 0.977979 Q: -0.00621207
T: 0.977979 Q: inf
T: 0.967757 Q: inf
T: 0.947623 Q: -0.00746243
T: 0.918189 Q: -0.0071295
T: 0.88035 Q: inf
T: 0.835256 Q: inf
T: 0.784275 Q: -0.00824607
T: 0.728958 Q: inf
T: 0.670985 Q: -0.0166089
Sec_Event 5386396 N50: 35
T: 0.483545 Q: -0.0157684
T: 0.402223 Q: inf
T: 0.324626 Q: inf
T: 0.253113 Q: -0.00704537
T: 0.189855 Q: -0.0047436
T: 0.136776 Q: -0.00470489
T: 0.0954878 Q: -0.005881
T: 0.0672449 Q: -0.00290562
T: 0.0529056 Q: -0.00480302
T: 0.0529056 Q: inf
T: 0.0672449 Q: -0.00280063
T: 0.0954878 Q: -0.00223979
T: 0.136776 Q: -0.00290032
T: 0.189855 Q: -0.00359394
T: 0.253113 Q: -0.00351604
T: 0.324626 Q: inf
T: 0.402223 Q: -0.0060224
T: 0.483545 Q: -0.0063565
T: 0.566122 Q: -0.00656329
T: 0.647444 Q: -0.00867693
T: 0.725041 Q: inf
T: 0.796554 Q: inf
T: 0.859812 Q: -0.0234604
T: 0.912891 Q: -0.0463764
T: 0.954179 Q: inf
T: 0.982422 Q: inf
T: 0.996761 Q: -0.0271147
T: 0.996761 Q: -0.034215
T: 0.982422 Q: inf
T: 0.954179 Q: -0.0295157
T: 0.912891 Q: inf
T: 0.859812 Q: -0.0390806
T: 0.796554 Q: -0.0510052
T: 0.725041 Q: -0.0336567
T: 0.647444 Q: inf
T: 0.566122 Q: inf
Sec_Event 6529205 N50: 31
T: -0.290809 Q: -0.0067873
T: -0.399754 Q: inf
T: -0.503708 Q: inf
T: -0.599513 Q: inf
T: -0.684258 Q: -0.0101544
T: -0.755367 Q: -0.0125368
T: -0.810679 Q: inf
T: -0.848516 Q: inf
T: -0.867726 Q: -0.0302945
T: -0.867726 Q: -0.0312047
T: -0.848516 Q: -0.0187104
T: -0.810679 Q: -0.0144188
T: -0.755367 Q: -0.0111437
T: -0.684258 Q: -0.00756507
T: -0.599513 Q: -0.00724854
T: -0.503708 Q: inf
T: -0.399754 Q: -0.00347894
T: -0.290809 Q: -0.00397381
T: -0.180183 Q: -0.00227589
T: -0.0712375 Q: -0.0057844
T: 0.0327168 Q: -0.00226369
T: 0.128522 Q: -0.00402159
T: 0.213266 Q: inf
T: 0.284375 Q: -0.00284138
T: 0.339688 Q: -0.004033
T: 0.377524 Q: -0.00214108
T: 0.396734 Q: -0.00289903
T: 0.396734 Q: -0.00582724
T: 0.377524 Q: -0.00510678
T: 0.339688 Q: -0.00410834
T: 0.284375 Q: -0.00429308
T: 0.213266 Q: inf
T: 0.128522 Q: -0.00587489
T: 0.0327168 Q: inf
T: -0.0712375 Q: inf
T: -0.180183 Q: -0.00422163
200000/497074
Sec_Event 6701047 N50: 31
T: 0.480823 Q: -0.0046382
T: 0.399114 Q: -0.00744651
T: 0.321147 Q: -0.0195836
T: 0.249293 Q: inf
T: 0.185734 Q: inf
T: 0.132402 Q: -0.0229034
T: 0.0909167 Q: -0.0277554
T: 0.0625393 Q: -0.0176027
T: 0.0481316 Q: -0.0169478
T: 0.0481316 Q: -0.0212434
T: 0.0625393 Q: inf
T: 0.0909167 Q: -0.0126573
T: 0.132402 Q: -0.00816284
T: 0.185734 Q: inf
T: 0.249293 Q: -0.00623799
T: 0.321147 Q: -0.00693377
T: 0.399114 Q: inf
T: 0.480823 Q: -0.00472267
T: 0.563793 Q: inf
T: 0.645503 Q: -0.00110517
T: 0.723469 Q: -0.0015445
T: 0.795324 Q: -0.000923409
T: 0.858883 Q: -0.00144373
T: 0.912215 Q: -0.000599843
T: 0.9537 Q: -0.000248148
T: 0.982077 Q: -0.00177934
T: 0.996485 Q: -0.00023588
T: 0.996485 Q: -0.000761626
T: 0.982077 Q: -0.000279409
T: 0.9537 Q: inf
T: 0.912215 Q: inf
T: 0.858883 Q: -0.000570696
T: 0.795324 Q: -0.00083849
T: 0.723469 Q: inf
T: 0.645503 Q: -0.00124829
T: 0.563793 Q: inf
Sec_Event 6701047 N50: 26
T: -0.654249 Q: inf
T: -0.717017 Q: inf
T: -0.776908 Q: -0.048465
T: -0.832105 Q: -0.0430564
T: -0.880929 Q: -0.0359025
T: -0.921897 Q: -0.0389767
T: -0.953765 Q: inf
T: -0.975564 Q: -0.0311043
T: -0.986631 Q: -0.0279561
T: -0.986631 Q: inf
T: -0.975564 Q: -0.033936
T: -0.953765 Q: -0.0328002
T: -0.921897 Q: -0.0333669
T: -0.880929 Q: -0.0375251
T: -0.832105 Q: inf
T: -0.776908 Q: -0.0475389
T: -0.717017 Q: -0.0535012
T: -0.654249 Q: -0.0384449
T: -0.590514 Q: -0.0414642
T: -0.527747 Q: inf
T: -0.467855 Q: -0.0315313
T: -0.412659 Q: -0.0310982
T: -0.363835 Q: -0.0336411
T: -0.322866 Q: -0.0334328
T: -0.290999 Q: -0.0310899
T: -0.2692 Q: -0.0256457
T: -0.258133 Q: -0.0367338
T: -0.258133 Q: -0.0326147
T: -0.2692 Q: -0.0248844
T: -0.290999 Q: inf
T: -0.322866 Q: inf
T: -0.363835 Q: -0.0231933
T: -0.412659 Q: -0.0286605
T: -0.467855 Q: -0.0242634
T: -0.527747 Q: -0.0326849
T: -0.590514 Q: -0.0312105
Sec_Event 7115306 N50: 40
T: -0.0508895 Q: -0.00828504
T: -0.165749 Q: -0.0100712
T: -0.275347 Q: -0.00962634
T: -0.376352 Q: -0.00988746
T: -0.465697 Q: inf
T: -0.540666 Q: -0.0132387
T: -0.598982 Q: inf
T: -0.638872 Q: inf
T: -0.659125 Q: inf
T: -0.659125 Q: -0.0111765
T: -0.638872 Q: -0.0137227
T: -0.598982 Q: inf
T: -0.540666 Q: inf
T: -0.465697 Q: -0.0147433
T: -0.376352 Q: -0.0103405
T: -0.275347 Q: -0.0164891
T: -0.165749 Q: -0.0129616
T: -0.0508895 Q: -0.00744818
T: 0.0657418 Q: inf
T: 0.180601 Q: -0.0105893
T: 0.290199 Q: inf
T: 0.391205 Q: -0.00907234
T: 0.480549 Q: inf
T: 0.555519 Q: -0.016977
T: 0.613834 Q: -0.0194464
T: 0.653724 Q: -0.0237163
T: 0.673977 Q: -0.033188
T: 0.673977 Q: -0.019332
T: 0.653724 Q: -0.0284658
T: 0.613834 Q: -0.0178181
T: 0.555519 Q: -0.0127027
T: 0.480549 Q: inf
T: 0.391205 Q: inf
T: 0.290199 Q: inf
T: 0.180601 Q: inf
T: 0.0657418 Q: -0.0113873
Sec_Event 7226871 N50: 31
T: 0.640409 Q: -0.00121366
T: 0.589523 Q: -0.0028381
T: 0.540969 Q: inf
T: 0.496221 Q: inf
T: 0.456639 Q: -0.00352761
T: 0.423425 Q: -0.00413836
T: 0.39759 Q: inf
T: 0.379918 Q: -0.00258834
T: 0.370945 Q: -0.00150037
T: 0.370945 Q: -0.00178936
T: 0.379918 Q: -0.000927376
T: 0.39759 Q: -0.00139006
T: 0.423425 Q: -0.0011506
T: 0.456639 Q: inf
T: 0.496221 Q: inf
T: 0.540969 Q: -0.00149826
T: 0.589523 Q: -0.00124011
T: 0.640409 Q: -0.00155996
T: 0.69208 Q: -0.0012008
T: 0.742965 Q: -0.0010603
T: 0.79152 Q: -0.000415448
T: 0.836268 Q: inf
T: 0.87585 Q: -0.000330494
T: 0.909063 Q: inf
T: 0.934898 Q: inf
T: 0.952571 Q: -0.000778873
T: 0.961543 Q: -0.000292552
T: 0.961543 Q: inf
T: 0.934898 Q: inf
T: 0.909063 Q: -0.00029672
T: 0.87585 Q: -0.000856018
T: 0.836268 Q: -0.000769807
T: 0.79152 Q: inf
T: 0.742965 Q: -0.00158168
T: 0.69208 Q: -0.00209991
Sec_Event 7247056 N50: 26
T: 0.297307 Q: -0.00310848
T: 0.19588 Q: -0.00295928
T: 0.0991 Q: -0.00432308
T: 0.00990681 Q: inf
T: -0.0689892 Q: inf
T: -0.135191 Q: -0.0103183
T: -0.186686 Q: inf
T: -0.221912 Q: -0.02318
T: -0.239796 Q: -0.0299551
T: -0.239796 Q: inf
T: -0.221912 Q: -0.0346069
T: -0.186686 Q: -0.0372323
T: -0.135191 Q: -0.0480833
T: -0.0689892 Q: -0.0484732
T: 0.00990681 Q: -0.0423333
T: 0.0991 Q: -0.0506636
T: 0.19588 Q: -0.0556569
T: 0.297307 Q: -0.0585111
T: 0.400298 Q: -0.0645515
T: 0.501725 Q: -0.054804
T: 0.598505 Q: inf
T: 0.687698 Q: inf
T: 0.766594 Q: -0.0335349
T: 0.832796 Q: -0.0275773
T: 0.884292 Q: -0.0241436
T: 0.919517 Q: -0.0218288
T: 0.937401 Q: -0.019264
T: 0.937401 Q: -0.0238645
T: 0.919517 Q: inf
T: 0.884292 Q: -0.0332734
T: 0.832796 Q: -0.0186396
T: 0.766594 Q: -0.0101293
T: 0.687698 Q: -0.0064256
T: 0.598505 Q: -0.00625042
T: 0.501725 Q: -0.00343305
T: 0.400298 Q: -0.00401975
Sec_Event 7889941 N50: 26
T: -0.480825 Q: -0.00130814
T: -0.574127 Q: inf
T: -0.663155 Q: -0.00252575
T: -0.745204 Q: -0.000841961
T: -0.817781 Q: -0.00197006
T: -0.87868 Q: inf
T: -0.926051 Q: -0.00119188
T: -0.958454 Q: inf
T: -0.974906 Q: inf
T: -0.974906 Q: -0.00127222
T: -0.958454 Q: -0.0011928
T: -0.926051 Q: inf
T: -0.87868 Q: -0.00142336
T: -0.817781 Q: -0.00241223
T: -0.745204 Q: -0.00315946
T: -0.663155 Q: inf
T: -0.574127 Q: -0.00604593
T: -0.480825 Q: -0.0081474
T: -0.386083 Q: inf
T: -0.29278 Q: -0.00829423
T: -0.203752 Q: -0.00443669
T: -0.121703 Q: inf
T: -0.0491266 Q: -0.00273785
T: 0.0117723 Q: -0.0046502
T: 0.0591432 Q: inf
T: 0.0915469 Q: -0.00276884
T: 0.107999 Q: -0.00240754
T: 0.107999 Q: -0.0020992
T: 0.0915469 Q: -0.00124828
T: 0.0591432 Q: inf
T: 0.0117723 Q: -0.000937977
T: -0.0491266 Q: -0.00114853
T: -0.121703 Q: -0.000868629
T: -0.203752 Q: -0.000783025
T: -0.29278 Q: inf
T: -0.386083 Q: -0.00170549
Sec_Event 7908730 N50: 27
T: 0.286115 Q: -0.0044116
T: 0.183822 Q: inf
T: 0.0862156 Q: inf
T: -0.00373913 Q: -0.00274476
T: -0.0833088 Q: -0.00787806
T: -0.150076 Q: -0.00438935
T: -0.202011 Q: inf
T: -0.237537 Q: -0.00609464
T: -0.255574 Q: -0.00560327
T: -0.255574 Q: -0.0092256
T: -0.237537 Q: -0.00847493
T: -0.202011 Q: -0.0126975
T: -0.150076 Q: -0.013936
T: -0.0833088 Q: -0.0187498
T: -0.00373913 Q: -0.0232593
T: 0.0862156 Q: -0.0262512
T: 0.183822 Q: -0.0472143
T: 0.286115 Q: -0.0310757
T: 0.389986 Q: -0.0390855
T: 0.492279 Q: inf
T: 0.589885 Q: -0.0633115
T: 0.67984 Q: -0.0878514
T: 0.75941 Q: inf
T: 0.826177 Q: -0.0963131
T: 0.878112 Q: inf
T: 0.913638 Q: -0.0774759
T: 0.931675 Q: inf
T: 0.931675 Q: inf
T: 0.913638 Q: -0.0705137
T: 0.878112 Q: inf
T: 0.826177 Q: inf
T: 0.75941 Q: inf
T: 0.67984 Q: -0.00646034
T: 0.589885 Q: -0.00464314
T: 0.492279 Q: inf
T: 0.389986 Q: -0.00299026
Sec_Event 7908730 N50: 53
T: 0.160616 Q: inf
T: 0.050729 Q: -0.00231231
T: -0.054124 Q: -0.0023927
T: -0.150757 Q: -0.00398778
T: -0.236234 Q: inf
T: -0.307958 Q: inf
T: -0.363749 Q: inf
T: -0.401912 Q: inf
T: -0.421288 Q: inf
T: -0.421288 Q: inf
T: -0.401912 Q: inf
T: -0.363749 Q: inf
T: -0.307958 Q: inf
T: -0.236234 Q: inf
T: -0.150757 Q: -0.0208609
T: -0.054124 Q: -0.0280986
T: 0.050729 Q: -0.0435652
T: 0.160616 Q: inf
T: 0.272198 Q: inf
T: 0.382085 Q: -0.0415352
T: 0.486938 Q: -0.0428967
T: 0.583571 Q: inf
T: 0.669048 Q: -0.0787371
T: 0.740772 Q: inf
T: 0.796563 Q: inf
T: 0.834726 Q: inf
T: 0.854102 Q: -0.0630243
T: 0.854102 Q: -0.0641205
T: 0.834726 Q: inf
T: 0.796563 Q: -0.019798
T: 0.740772 Q: -0.0105121
T: 0.669048 Q: inf
T: 0.583571 Q: inf
T: 0.486938 Q: inf
T: 0.382085 Q: -0.00321171
T: 0.272198 Q: inf
Sec_Event 7908730 N50: 32
T: -0.188804 Q: -0.00281707
T: -0.301859 Q: -0.00211015
T: -0.409735 Q: -0.00314848
T: -0.509154 Q: -0.00256353
T: -0.597096 Q: -0.00285567
T: -0.670887 Q: -0.00209358
T: -0.728287 Q: -0.00149018
T: -0.767551 Q: inf
T: -0.787485 Q: -0.00122071
T: -0.787485 Q: -0.00157587
T: -0.767551 Q: -0.00160194
T: -0.728287 Q: inf
T: -0.670887 Q: -0.00204273
T: -0.597096 Q: -0.00333237
T: -0.509154 Q: -0.00272347
T: -0.409735 Q: -0.00402841
T: -0.301859 Q: -0.0030972
T: -0.188804 Q: inf
T: -0.0740049 Q: -0.00306336
T: 0.0390504 Q: inf
T: 0.146926 Q: -0.00293214
T: 0.246345 Q: -0.00469384
T: 0.334287 Q: -0.00298679
T: 0.408078 Q: inf
T: 0.465478 Q: -0.00338682
T: 0.504742 Q: -0.00248746
T: 0.524676 Q: -0.00244883
T: 0.524676 Q: -0.00151411
T: 0.504742 Q: -0.00681946
T: 0.465478 Q: -0.00239497
T: 0.408078 Q: -0.00183516
T: 0.334287 Q: -0.00153597
T: 0.246345 Q: -0.00274147
T: 0.146926 Q: inf
T: 0.0390504 Q: inf
T: -0.0740049 Q: -0.00235449
Sec_Event 7977649 N50: 33
Sec_Event 7977649 N50: 30
T: 0.628183 Q: inf
T: 0.574107 Q: -0.0432651
T: 0.522507 Q: -0.0572502
T: 0.474953 Q: -0.0480124
T: 0.432889 Q: -0.0382469
T: 0.397593 Q: inf
T: 0.370138 Q: inf
T: 0.351357 Q: -0.0274929
T: 0.341822 Q: -0.0201429
T: 0.341822 Q: -0.0272193
T: 0.351357 Q: -0.0262192
T: 0.370138 Q: -0.0217935
T: 0.397593 Q: -0.019083
T: 0.432889 Q: -0.0174964
T: 0.474953 Q: -0.0156117
T: 0.522507 Q: -0.0209666
T: 0.574107 Q: -0.0130348
T: 0.628183 Q: -0.0180162
T: 0.683094 Q: inf
T: 0.737171 Q: -0.0349209
T: 0.78877 Q: -0.0288622
T: 0.836324 Q: -0.0410269
T: 0.878388 Q: inf
T: 0.913684 Q: inf
T: 0.94114 Q: -0.0436258
T: 0.95992 Q: inf
T: 0.969455 Q: -0.037688
T: 0.969455 Q: inf
T: 0.95992 Q: -0.0397098
T: 0.94114 Q: inf
T: 0.913684 Q: inf
T: 0.878388 Q: -0.0488586
T: 0.836324 Q: -0.0527952
T: 0.78877 Q: -0.0672819
T: 0.737171 Q: -0.0628081
T: 0.683094 Q: -0.0855252
Sec_Event 8157129 N50: 52
Sec_Event 8157129 N50: 47
T: -0.0889817 Q: inf
T: -0.203749 Q: -0.00654424
T: -0.313258 Q: inf
T: -0.414183 Q: inf
T: -0.503455 Q: -0.0192996
T: -0.578364 Q: inf
T: -0.636633 Q: inf
T: -0.676491 Q: inf
T: -0.696728 Q: -0.0205447
T: -0.696728 Q: -0.0277421
T: -0.676491 Q: inf
T: -0.636633 Q: -0.0284149
T: -0.578364 Q: -0.0301489
T: -0.503455 Q: inf
T: -0.414183 Q: -0.0288406
T: -0.313258 Q: inf
T: -0.203749 Q: inf
T: -0.0889817 Q: -0.0188174
T: 0.0275558 Q: -0.0255999
T: 0.142323 Q: inf
T: 0.251832 Q: inf
T: 0.352757 Q: inf
T: 0.44203 Q: inf
T: 0.516939 Q: -0.0267127
T: 0.575207 Q: inf
T: 0.615065 Q: -0.0224481
T: 0.635302 Q: -0.0282827
T: 0.635302 Q: inf
T: 0.615065 Q: -0.0173578
T: 0.575207 Q: -0.0195161
T: 0.516939 Q: inf
T: 0.44203 Q: inf
T: 0.352757 Q: -0.0103997
T: 0.251832 Q: -0.00677641
T: 0.142323 Q: inf
T: 0.0275558 Q: -0.0112056
Sec_Event 8157129 N50: 29
T: -0.164496 Q: inf
T: -0.27817 Q: -0.0279426
T: -0.386635 Q: -0.0349036
T: -0.486598 Q: -0.0339578
T: -0.57502 Q: inf
T: -0.649215 Q: inf
T: -0.706928 Q: -0.0320351
T: -0.746406 Q: -0.0287443
T: -0.76645 Q: -0.0265836
T: -0.76645 Q: inf
T: -0.746406 Q: -0.0269637
T: -0.706928 Q: -0.0276205
T: -0.649215 Q: -0.0285185
T: -0.57502 Q: -0.0267298
T: -0.486598 Q: -0.0360277
T: -0.386635 Q: -0.0186253
T: -0.27817 Q: -0.0172006
T: -0.164496 Q: inf
T: -0.0490697 Q: -0.0174571
T: 0.0646035 Q: inf
T: 0.173069 Q: inf
T: 0.273032 Q: -0.0180277
T: 0.361454 Q: -0.0325829
T: 0.435649 Q: inf
T: 0.493362 Q: -0.0394486
T: 0.53284 Q: inf
T: 0.552884 Q: -0.036932
T: 0.552884 Q: inf
T: 0.53284 Q: -0.0395671
T: 0.493362 Q: -0.0396368
T: 0.435649 Q: inf
T: 0.361454 Q: -0.0360115
T: 0.273032 Q: -0.0322203
T: 0.173069 Q: -0.0382595
T: 0.0646035 Q: inf
T: -0.0490697 Q: -0.0227062
Sec_Event 8158856 N50: 27
T: -0.596515 Q: -0.0482936
T: -0.672379 Q: inf
T: -0.744768 Q: -0.0518616
T: -0.811481 Q: -0.0480129
T: -0.870493 Q: -0.0373836
T: -0.92001 Q: inf
T: -0.958527 Q: -0.0263946
T: -0.984874 Q: -0.0263758
T: -0.998251 Q: -0.0225948
T: -0.998251 Q: -0.0293432
T: -0.984874 Q: -0.0229792
T: -0.958527 Q: -0.0262038
T: -0.92001 Q: -0.0278687
T: -0.870493 Q: -0.0308962
T: -0.811481 Q: inf
T: -0.744768 Q: -0.0293094
T: -0.672379 Q: -0.0230843
T: -0.596515 Q: inf
T: -0.519481 Q: -0.0118419
T: -0.443617 Q: inf
T: -0.371228 Q: -0.0107101
T: -0.304515 Q: -0.0105722
T: -0.245503 Q: -0.0117468
T: -0.195986 Q: -0.0143494
T: -0.157469 Q: -0.017381
T: -0.131122 Q: inf
T: -0.117745 Q: -0.0148337
T: -0.117745 Q: -0.0140434
T: -0.131122 Q: -0.0209928
T: -0.157469 Q: inf
T: -0.195986 Q: -0.0196192
T: -0.245503 Q: inf
T: -0.304515 Q: -0.0217388
T: -0.371228 Q: inf
T: -0.443617 Q: -0.0364865
T: -0.519481 Q: -0.0386039
Sec_Event 8259408 N50: 31
T: -0.57327 Q: -0.00106293
T: -0.653377 Q: -0.00182598
T: -0.729814 Q: -0.00119968
T: -0.800259 Q: -0.00240895
T: -0.862571 Q: -0.00420168
T: -0.914857 Q: inf
T: -0.955529 Q: -0.0184848
T: -0.98335 Q: -0.0363253
T: -0.997475 Q: inf
T: -0.997475 Q: -0.0218389
T: -0.98335 Q: -0.0246576
T: -0.955529 Q: -0.0258293
T: -0.914857 Q: inf
T: -0.862571 Q: -0.0354095
T: -0.800259 Q: -0.0498033
T: -0.729814 Q: -0.0518612
T: -0.653377 Q: -0.0695267
T: -0.57327 Q: -0.042399
T: -0.491928 Q: -0.0281501
T: -0.411821 Q: inf
T: -0.335384 Q: -0.0196955
T: -0.264939 Q: -0.0120453
T: -0.202627 Q: -0.00872987
T: -0.150341 Q: -0.00720584
T: -0.10967 Q: inf
T: -0.0818488 Q: -0.00366973
T: -0.0677238 Q: -0.00330016
T: -0.0677238 Q: -0.00390004
T: -0.0818488 Q: inf
T: -0.10967 Q: -0.00292038
T: -0.150341 Q: inf
T: -0.202627 Q: -0.000804441
T: -0.264939 Q: inf
T: -0.335384 Q: inf
T: -0.411821 Q: -0.000802758
T: -0.491928 Q: -0.000940783
Sec_Event 8789914 N50: 37
T: -0.379558 Q: inf
T: -0.48269 Q: inf
T: -0.581098 Q: -0.0084639
T: -0.671791 Q: -0.0145415
T: -0.752014 Q: -0.0120109
T: -0.819329 Q: -0.0122523
T: -0.871691 Q: -0.00811949
T: -0.907509 Q: -0.00878677
T: -0.925694 Q: inf
T: -0.925694 Q: inf
T: -0.907509 Q: -0.00917694
T: -0.871691 Q: -0.00976152
T: -0.819329 Q: -0.0127606
T: -0.752014 Q: -0.0157113
T: -0.671791 Q: -0.0170668
T: -0.581098 Q: inf
T: -0.48269 Q: -0.0162077
T: -0.379558 Q: -0.0122818
T: -0.274834 Q: inf
T: -0.171701 Q: -0.0122556
T: -0.0732934 Q: inf
T: 0.0173998 Q: inf
T: 0.0976228 Q: -0.00633419
T: 0.164938 Q: inf
T: 0.2173 Q: -0.00592284
T: 0.253117 Q: -0.00552915
T: 0.271302 Q: -0.00394539
T: 0.271302 Q: -0.00695331
T: 0.253117 Q: -0.00447434
T: 0.2173 Q: inf
T: 0.164938 Q: -0.00353668
T: 0.0976228 Q: inf
T: 0.0173998 Q: -0.0032341
T: -0.0732934 Q: -0.00745735
T: -0.171701 Q: inf
T: -0.274834 Q: -0.00731787
Sec_Event 8789914 N50: 35
T: 0.0450691 Q: -0.0103457
T: -0.0686912 Q: inf
T: -0.17724 Q: -0.0126731
T: -0.277279 Q: -0.00819564
T: -0.365769 Q: -0.0150256
T: -0.440021 Q: -0.0121594
T: -0.497778 Q: -0.012787
T: -0.537287 Q: -0.0128685
T: -0.557346 Q: -0.0155227
T: -0.557346 Q: -0.0137905
T: -0.537287 Q: -0.0152361
T: -0.497778 Q: -0.0170326
T: -0.440021 Q: inf
T: -0.365769 Q: -0.0235174
T: -0.277279 Q: inf
T: -0.17724 Q: inf
T: -0.0686912 Q: inf
T: 0.0450691 Q: -0.0188619
T: 0.160584 Q: inf
T: 0.274345 Q: -0.0280678
T: 0.382893 Q: -0.0221098
T: 0.482932 Q: -0.0278494
T: 0.571422 Q: -0.0400315
T: 0.645674 Q: inf
T: 0.703432 Q: -0.053094
T: 0.74294 Q: -0.0437866
T: 0.762999 Q: -0.0473626
T: 0.762999 Q: -0.0489603
T: 0.74294 Q: -0.0423098
T: 0.703432 Q: -0.0354792
T: 0.645674 Q: -0.0326017
T: 0.571422 Q: -0.0202963
T: 0.482932 Q: inf
T: 0.382893 Q: -0.0113845
T: 0.274345 Q: -0.00975402
T: 0.160584 Q: -0.00854723
Sec_Event 8823908 N50: 41
T: 0.146289 Q: -0.00233314
T: 0.0357665 Q: -0.00178634
T: -0.0696931 Q: -0.00287463
T: -0.166885 Q: inf
T: -0.252857 Q: -0.00426983
T: -0.324995 Q: -0.00544784
T: -0.381109 Q: -0.010125
T: -0.419493 Q: -0.0122784
T: -0.438981 Q: -0.0120815
T: -0.438981 Q: -0.0256362
T: -0.419493 Q: inf
T: -0.381109 Q: inf
T: -0.324995 Q: -0.0343021
T: -0.252857 Q: inf
T: -0.166885 Q: -0.0314847
T: -0.0696931 Q: inf
T: 0.0357665 Q: inf
T: 0.146289 Q: inf
T: 0.258517 Q: -0.0122053
T: 0.36904 Q: inf
T: 0.474499 Q: inf
T: 0.571691 Q: -0.00197198
T: 0.657663 Q: -0.000299552
T: 0.729801 Q: -0.000575553
T: 0.785915 Q: inf
T: 0.824299 Q: inf
T: 0.843787 Q: -0.000404153
T: 0.824299 Q: -0.000333048
T: 0.785915 Q: inf
T: 0.729801 Q: -0.000811952
T: 0.657663 Q: inf
T: 0.571691 Q: -0.000777335
T: 0.474499 Q: -0.00183334
T: 0.36904 Q: -0.00313627
T: 0.258517 Q: -0.0024451
Sec_Event 9234455 N50: 40
T: -0.663122 Q: inf
T: -0.723422 Q: inf
T: -0.780961 Q: -0.0374323
T: -0.833988 Q: -0.0372673
T: -0.880894 Q: -0.0383269
T: -0.920252 Q: inf
T: -0.950868 Q: inf
T: -0.97181 Q: inf
T: -0.982443 Q: inf
T: -0.982443 Q: inf
T: -0.97181 Q: inf
T: -0.950868 Q: -0.0514575
T: -0.920252 Q: -0.0534611
T: -0.880894 Q: -0.0601168
T: -0.833988 Q: inf
T: -0.780961 Q: -0.0697333
T: -0.723422 Q: -0.0742789
T: -0.663122 Q: -0.075914
T: -0.601891 Q: inf
T: -0.54159 Q: -0.0655671
T: -0.484052 Q: -0.0570874
T: -0.431024 Q: -0.0551715
T: -0.384118 Q: -0.0574015
T: -0.34476 Q: -0.0540908
T: -0.314144 Q: inf
T: -0.293202 Q: -0.0504824
T: -0.28257 Q: -0.0575547
T: -0.28257 Q: -0.0535595
T: -0.293202 Q: -0.0479889
T: -0.314144 Q: -0.0445295
T: -0.34476 Q: -0.0380704
T: -0.384118 Q: inf
T: -0.431024 Q: -0.0367986
T: -0.484052 Q: -0.0322898
T: -0.54159 Q: inf
T: -0.601891 Q: inf
Sec_Event 9264513 N50: 47
T: -0.366376 Q: -0.0354362
T: -0.47052 Q: -0.0336741
T: -0.569893 Q: inf
T: -0.661475 Q: inf
T: -0.742485 Q: -0.0522212
T: -0.81046 Q: inf
T: -0.863335 Q: inf
T: -0.899504 Q: -0.030181
T: -0.917867 Q: -0.0283002
T: -0.917867 Q: -0.0270503
T: -0.899504 Q: inf
T: -0.863335 Q: -0.0341299
T: -0.81046 Q: -0.0390967
T: -0.742485 Q: -0.0446232
T: -0.661475 Q: -0.0539721
T: -0.569893 Q: inf
T: -0.47052 Q: -0.0459638
T: -0.366376 Q: -0.0395488
T: -0.260625 Q: -0.0356562
T: -0.156481 Q: inf
T: -0.057108 Q: -0.0426383
T: 0.0344747 Q: -0.0358333
T: 0.115484 Q: inf
T: 0.183459 Q: -0.0447353
T: 0.236335 Q: -0.0527416
T: 0.272504 Q: inf
T: 0.290867 Q: inf
T: 0.290867 Q: -0.0648553
T: 0.272504 Q: -0.0553274
T: 0.236335 Q: -0.0549404
T: 0.183459 Q: -0.0517818
T: 0.115484 Q: inf
T: 0.0344747 Q: inf
T: -0.057108 Q: inf
T: -0.156481 Q: -0.0319219
T: -0.260625 Q: inf
Sec_Event 9264513 N50: 55
T: -0.738818 Q: -0.0230734
T: -0.762943 Q: inf
T: -0.785962 Q: -0.042753
T: -0.807177 Q: inf
T: -0.825943 Q: inf
T: -0.841689 Q: -0.0414025
T: -0.853938 Q: -0.0401751
T: -0.862316 Q: -0.0381304
T: -0.86657 Q: -0.0351843
T: -0.86657 Q: inf
T: -0.862316 Q: inf
T: -0.853938 Q: inf
T: -0.841689 Q: inf
T: -0.825943 Q: -0.0398506
T: -0.807177 Q: inf
T: -0.785962 Q: inf
T: -0.762943 Q: -0.0196203
T: -0.738818 Q: inf
T: -0.714321 Q: -0.0117616
T: -0.690196 Q: inf
T: -0.667177 Q: inf
T: -0.645962 Q: -0.00284457
T: -0.627196 Q: inf
T: -0.61145 Q: -0.00250042
T: -0.599202 Q: inf
T: -0.590823 Q: -0.00182543
T: -0.586569 Q: -0.00149041
T: -0.590823 Q: -0.0037845
T: -0.599202 Q: inf
T: -0.61145 Q: inf
T: -0.627196 Q: inf
T: -0.645962 Q: inf
T: -0.667177 Q: inf
T: -0.690196 Q: inf
T: -0.714321 Q: inf
Sec_Event 9264513 N50: 26
T: -0.740805 Q: inf
T: -0.762472 Q: -0.0232637
T: -0.783146 Q: -0.0133374
T: -0.8022 Q: inf
T: -0.819054 Q: inf
T: -0.833196 Q: -0.0100065
T: -0.844196 Q: -0.0077813
T: -0.851721 Q: -0.012
T: -0.855542 Q: -0.0105399
T: -0.855542 Q: inf
T: -0.851721 Q: inf
T: -0.844196 Q: inf
T: -0.833196 Q: -0.0207651
T: -0.819054 Q: -0.0278179
T: -0.8022 Q: -0.0282236
T: -0.783146 Q: -0.0284622
T: -0.762472 Q: -0.0412642
T: -0.740805 Q: -0.0498664
T: -0.718804 Q: -0.0488383
T: -0.697137 Q: -0.0601439
T: -0.676462 Q: -0.0625829
T: -0.657409 Q: -0.0678099
T: -0.640555 Q: -0.0665993
T: -0.626413 Q: -0.0734808
T: -0.615412 Q: -0.0793129
T: -0.607887 Q: -0.0908382
T: -0.604067 Q: -0.0829223
T: -0.604067 Q: -0.0702507
T: -0.607887 Q: -0.0634512
T: -0.615412 Q: inf
T: -0.626413 Q: -0.0567326
T: -0.640555 Q: -0.0650277
T: -0.657409 Q: inf
T: -0.676462 Q: -0.0473135
T: -0.697137 Q: -0.0448117
T: -0.718804 Q: -0.0292048
300000/497074
Sec_Event 10471087 N50: 33
T: 0.441335 Q: -0.0197298
T: 0.35437 Q: -0.0194634
T: 0.271388 Q: -0.023072
T: 0.194912 Q: -0.0183776
T: 0.127265 Q: -0.0243323
T: 0.0705024 Q: -0.0241027
T: 0.0263489 Q: -0.0301771
T: -0.00385386 Q: -0.028606
T: -0.0191882 Q: -0.0242118
T: -0.0191882 Q: -0.030369
T: -0.00385386 Q: -0.0251707
T: 0.0263489 Q: inf
T: 0.0705024 Q: -0.0272967
T: 0.127265 Q: inf
T: 0.194912 Q: -0.0238463
T: 0.271388 Q: inf
T: 0.35437 Q: -0.0270557
T: 0.441335 Q: -0.0297724
T: 0.529642 Q: -0.0420604
T: 0.616607 Q: -0.0396934
T: 0.699589 Q: -0.0544727
T: 0.776065 Q: inf
T: 0.843712 Q: inf
T: 0.900475 Q: inf
T: 0.944628 Q: inf
T: 0.974831 Q: -0.0388192
T: 0.990165 Q: -0.035402
T: 0.990165 Q: -0.0391967
T: 0.974831 Q: -0.0385917
T: 0.944628 Q: -0.0443886
T: 0.900475 Q: -0.0507491
T: 0.843712 Q: -0.0685179
T: 0.776065 Q: -0.0630573
T: 0.699589 Q: -0.0316508
T: 0.616607 Q: inf
T: 0.529642 Q: -0.0323263
Sec_Event 10503738 N50: 46
T: -0.121501 Q: -0.0137126
T: -0.235947 Q: inf
T: -0.345151 Q: -0.00480062
T: -0.445793 Q: -0.00159365
T: -0.534817 Q: -0.00212873
T: -0.609517 Q: inf
T: -0.667622 Q: -0.000264559
T: -0.707369 Q: -0.000622615
T: -0.727549 Q: -0.000344726
T: -0.727549 Q: inf
T: -0.667622 Q: -0.00152792
T: -0.609517 Q: -0.00193044
T: -0.534817 Q: inf
T: -0.445793 Q: -0.00150933
T: -0.345151 Q: inf
T: -0.235947 Q: inf
T: -0.121501 Q: -0.0721451
T: -0.00528879 Q: -0.0377707
T: 0.109158 Q: inf
T: 0.218361 Q: -0.05627
T: 0.319004 Q: -0.0515993
T: 0.408027 Q: -0.0578618
T: 0.482727 Q: -0.0769864
T: 0.540833 Q: inf
T: 0.58058 Q: -0.0789217
T: 0.60076 Q: inf
T: 0.60076 Q: inf
T: 0.58058 Q: -0.0600129
T: 0.540833 Q: inf
T: 0.482727 Q: inf
T: 0.408027 Q: inf
T: 0.319004 Q: -0.022882
T: 0.218361 Q: -0.0136502
T: 0.109158 Q: -0.0156949
T: -0.00528879 Q: inf
Sec_Event 11460416 N50: 43
T: 0.664868 Q: -0.0414319
T: 0.621102 Q: -0.0400707
T: 0.579341 Q: inf
T: 0.540854 Q: -0.0157696
T: 0.506811 Q: inf
T: 0.478245 Q: -0.0113664
T: 0.456025 Q: -0.0094994
T: 0.440825 Q: -0.00846643
T: 0.433108 Q: -0.00694467
T: 0.433108 Q: inf
T: 0.440825 Q: inf
T: 0.456025 Q: -0.00815245
T: 0.478245 Q: -0.00620331
T: 0.506811 Q: -0.00553169
T: 0.540854 Q: inf
T: 0.579341 Q: inf
T: 0.621102 Q: -0.0100647
T: 0.664868 Q: -0.00738627
T: 0.709308 Q: inf
T: 0.753074 Q: -0.0116348
T: 0.794835 Q: -0.022864
T: 0.833321 Q: -0.0305216
T: 0.867365 Q: inf
T: 0.895931 Q: -0.0696739
T: 0.918151 Q: inf
T: 0.933351 Q: inf
T: 0.941068 Q: -0.0669002
T: 0.941068 Q: inf
T: 0.933351 Q: -0.0617183
T: 0.918151 Q: inf
T: 0.895931 Q: -0.0746455
T: 0.867365 Q: -0.107755
T: 0.833321 Q: inf
T: 0.794835 Q: -0.131209
T: 0.753074 Q: inf
T: 0.709308 Q: inf
Sec_Event 11651403 N50: 36
T: 0.15148 Q: inf
T: 0.0411825 Q: -0.0356312
T: -0.0640623 Q: -0.0360129
T: -0.161056 Q: inf
T: -0.246853 Q: -0.041561
T: -0.318844 Q: -0.0433424
T: -0.374844 Q: -0.0527932
T: -0.41315 Q: -0.0478972
T: -0.432598 Q: inf
T: -0.432598 Q: -0.0410589
T: -0.41315 Q: -0.0396715
T: -0.374844 Q: -0.0357953
T: -0.318844 Q: -0.0324183
T: -0.246853 Q: -0.0271569
T: -0.161056 Q: inf
T: -0.0640623 Q: -0.0245031
T: 0.0411825 Q: -0.0181404
T: 0.15148 Q: inf
T: 0.263479 Q: -0.0236137
T: 0.373777 Q: -0.023134
T: 0.479022 Q: -0.0306289
T: 0.576016 Q: -0.0415366
T: 0.661812 Q: -0.0364277
T: 0.733804 Q: -0.0379399
T: 0.789803 Q: -0.0396429
T: 0.828109 Q: -0.0398111
T: 0.847558 Q: inf
T: 0.847558 Q: inf
T: 0.828109 Q: -0.0312112
T: 0.789803 Q: -0.0445946
T: 0.733804 Q: -0.046111
T: 0.661812 Q: -0.046716
T: 0.576016 Q: -0.0666509
T: 0.479022 Q: -0.0716567
T: 0.373777 Q: -0.039915
T: 0.263479 Q: inf
Sec_Event 11651403 N50: 40
T: -0.0152604 Q: -0.00179376
T: -0.129933 Q: inf
T: -0.239353 Q: -0.00312467
T: -0.340195 Q: -0.00290672
T: -0.429395 Q: -0.00267568
T: -0.504242 Q: inf
T: -0.562463 Q: inf
T: -0.602289 Q: inf
T: -0.622509 Q: inf
T: -0.622509 Q: -0.00868483
T: -0.602289 Q: -0.0135683
T: -0.562463 Q: inf
T: -0.504242 Q: -0.0104373
T: -0.429395 Q: -0.0139461
T: -0.340195 Q: inf
T: -0.239353 Q: -0.0107555
T: -0.129933 Q: inf
T: -0.0152604 Q: -0.00961938
T: 0.101182 Q: -0.0178617
T: 0.215855 Q: -0.0129889
T: 0.325275 Q: -0.0175606
T: 0.426116 Q: -0.0138906
T: 0.515316 Q: -0.0209132
T: 0.590164 Q: -0.0184667
T: 0.648385 Q: -0.0246545
T: 0.68821 Q: -0.0214882
T: 0.70843 Q: -0.018825
T: 0.70843 Q: inf
T: 0.68821 Q: -0.00808293
T: 0.648385 Q: inf
T: 0.590164 Q: inf
T: 0.515316 Q: -0.00585842
T: 0.426116 Q: inf
T: 0.325275 Q: -0.00235344
T: 0.215855 Q: -0.00174247
T: 0.101182 Q: -0.00186772
Sec_Event 11985903 N50: 35
T: 0.274142 Q: inf
T: 0.170959 Q: -0.0132788
T: 0.0725029 Q: -0.0117506
T: -0.0182347 Q: -0.0153413
T: -0.0984969 Q: inf
T: -0.165845 Q: inf
T: -0.218232 Q: -0.0161377
T: -0.254067 Q: inf
T: -0.272261 Q: -0.0182587
T: -0.272261 Q: inf
T: -0.254067 Q: -0.0233441
T: -0.218232 Q: inf
T: -0.165845 Q: -0.0249652
T: -0.0984969 Q: inf
T: -0.0182347 Q: -0.0246426
T: 0.0725029 Q: -0.0194028
T: 0.170959 Q: -0.0215342
T: 0.274142 Q: inf
T: 0.378917 Q: -0.0259634
T: 0.4821 Q: -0.0311978
T: 0.580556 Q: -0.0361756
T: 0.671294 Q: -0.042888
T: 0.751556 Q: -0.0670175
T: 0.818904 Q: -0.0627017
T: 0.871291 Q: inf
T: 0.907126 Q: -0.0439352
T: 0.92532 Q: inf
T: 0.92532 Q: -0.0596436
T: 0.907126 Q: -0.0486246
T: 0.871291 Q: -0.0722189
T: 0.818904 Q: -0.0695496
T: 0.751556 Q: -0.0379744
T: 0.671294 Q: -0.0291646
T: 0.580556 Q: -0.0216901
T: 0.4821 Q: inf
T: 0.378917 Q: inf
Sec_Event 11985903 N50: 35
T: -0.53195 Q: inf
T: -0.618584 Q: -0.00979426
T: -0.701249 Q: -0.00619395
T: -0.777433 Q: -0.00472241
T: -0.844822 Q: -0.00313883
T: -0.901368 Q: -0.00291635
T: -0.945353 Q: -0.00281623
T: -0.975441 Q: -0.00212003
T: -0.990716 Q: -0.00265521
T: -0.990716 Q: -0.00193698
T: -0.975441 Q: -0.00315311
T: -0.945353 Q: -0.0025995
T: -0.901368 Q: -0.00262882
T: -0.844822 Q: -0.00360801
T: -0.777433 Q: -0.00438301
T: -0.701249 Q: inf
T: -0.618584 Q: -0.00846312
T: -0.53195 Q: -0.017199
T: -0.44398 Q: inf
T: -0.357347 Q: -0.00974913
T: -0.274682 Q: -0.0117698
T: -0.198498 Q: -0.0085462
T: -0.131109 Q: -0.0132695
T: -0.0745627 Q: -0.0100341
T: -0.0305777 Q: -0.014779
T: -0.000490129 Q: -0.0188564
T: 0.0147857 Q: -0.00960061
T: 0.0147857 Q: inf
T: -0.000490129 Q: inf
T: -0.0305777 Q: inf
T: -0.0745627 Q: inf
T: -0.131109 Q: -0.0081243
T: -0.198498 Q: inf
T: -0.274682 Q: -0.00847401
T: -0.357347 Q: inf
T: -0.44398 Q: -0.0117724
Sec_Event 12391474 N50: 26
T: 0.293855 Q: -0.00382556
T: 0.192158 Q: inf
T: 0.0951193 Q: -0.00529686
T: 0.00568812 Q: inf
T: -0.0734184 Q: -0.00209381
T: -0.139797 Q: -0.00270061
T: -0.19143 Q: -0.00203038
T: -0.226749 Q: -0.0046494
T: -0.244681 Q: -0.00182595
T: -0.244681 Q: inf
T: -0.226749 Q: inf
T: -0.19143 Q: -0.00255586
T: -0.139797 Q: inf
T: -0.0734184 Q: -0.00325383
T: 0.00568812 Q: -0.0028058
T: 0.0951193 Q: -0.0037301
T: 0.192158 Q: -0.00217554
T: 0.293855 Q: -0.0046697
T: 0.397121 Q: -0.00660013
T: 0.498819 Q: -0.00424747
T: 0.595857 Q: -0.0131998
T: 0.685288 Q: inf
T: 0.764395 Q: -0.00943146
T: 0.830773 Q: -0.00957953
T: 0.882406 Q: inf
T: 0.917725 Q: -0.0120989
T: 0.935657 Q: -0.0105626
T: 0.935657 Q: inf
T: 0.917725 Q: -0.00865509
T: 0.882406 Q: -0.00937605
T: 0.830773 Q: -0.00962676
T: 0.764395 Q: -0.00874567
T: 0.685288 Q: -0.00639599
T: 0.595857 Q: -0.00691964
T: 0.498819 Q: -0.0053031
T: 0.397121 Q: -0.00384446
Sec_Event 12539295 N50: 55
T: 0.573967 Q: -0.00552223
T: 0.50782 Q: inf
T: 0.444702 Q: inf
T: 0.386533 Q: inf
T: 0.33508 Q: inf
T: 0.291905 Q: inf
T: 0.258321 Q: -0.00695057
T: 0.235348 Q: -0.0035975
T: 0.223685 Q: inf
T: 0.223685 Q: inf
T: 0.235348 Q: -0.00235759
T: 0.258321 Q: inf
T: 0.291905 Q: inf
T: 0.33508 Q: inf
T: 0.386533 Q: inf
T: 0.444702 Q: -0.00375054
T: 0.50782 Q: -0.00266988
T: 0.573967 Q: -0.00307537
T: 0.641135 Q: inf
T: 0.707283 Q: -0.00175022
T: 0.7704 Q: -0.00249619
T: 0.828569 Q: -0.00151291
T: 0.880023 Q: inf
T: 0.923197 Q: -0.000626703
T: 0.956781 Q: -0.00146769
T: 0.979754 Q: -0.00126699
T: 0.991418 Q: -0.000572964
T: 0.991418 Q: inf
T: 0.979754 Q: -0.000552814
T: 0.956781 Q: -0.00181266
T: 0.923197 Q: inf
T: 0.880023 Q: inf
T: 0.828569 Q: inf
T: 0.7704 Q: inf
T: 0.707283 Q: -0.00220909
T: 0.641135 Q: -0.00317546
Sec_Event 12778008 N50: 46
T: -0.0971001 Q: -0.027302
T: -0.211808 Q: inf
T: -0.321261 Q: inf
T: -0.422134 Q: inf
T: -0.511361 Q: inf
T: -0.586231 Q: -0.0400656
T: -0.64447 Q: -0.030491
T: -0.684308 Q: inf
T: -0.704534 Q: inf
T: -0.704534 Q: -0.0303337
T: -0.684308 Q: inf
T: -0.64447 Q: inf
T: -0.586231 Q: -0.035233
T: -0.511361 Q: inf
T: -0.422134 Q: -0.0360405
T: -0.321261 Q: -0.0333936
T: -0.211808 Q: -0.0258934
T: -0.0971001 Q: inf
T: 0.0193774 Q: -0.0264489
T: 0.134085 Q: -0.02702
T: 0.243539 Q: -0.0345382
T: 0.344411 Q: inf
T: 0.433638 Q: -0.0521188
T: 0.508508 Q: inf
T: 0.566747 Q: -0.0463772
T: 0.606585 Q: -0.0442272
T: 0.626811 Q: -0.0489116
T: 0.626811 Q: -0.0423249
T: 0.606585 Q: inf
T: 0.566747 Q: -0.0540214
T: 0.508508 Q: inf
T: 0.433638 Q: -0.0339381
T: 0.344411 Q: -0.0291743
T: 0.243539 Q: -0.0305385
T: 0.134085 Q: -0.0221358
T: 0.0193774 Q: inf
400000/497074
Sec_Event 13506692 N50: 34
T: -0.496567 Q: -0.0328382
T: -0.587959 Q: -0.0304318
T: -0.675165 Q: inf
T: -0.755534 Q: -0.0170495
T: -0.826625 Q: -0.011296
T: -0.886277 Q: -0.0087303
T: -0.932678 Q: inf
T: -0.964418 Q: -0.00527815
T: -0.980533 Q: -0.00598389
T: -0.980533 Q: inf
T: -0.964418 Q: inf
T: -0.932678 Q: -0.00715155
T: -0.886277 Q: -0.0080546
T: -0.826625 Q: -0.00983046
T: -0.755534 Q: -0.00824032
T: -0.675165 Q: -0.00535081
T: -0.587959 Q: -0.00470136
T: -0.496567 Q: -0.00362365
T: -0.403765 Q: inf
T: -0.312372 Q: -0.00341568
T: -0.225167 Q: inf
T: -0.144798 Q: -0.00182565
T: -0.073707 Q: -0.002861
T: -0.0140548 Q: -0.00246506
T: 0.0323463 Q: -0.00752172
T: 0.0640865 Q: -0.0044793
T: 0.0802015 Q: -0.00706537
T: 0.0802015 Q: -0.00864159
T: 0.0640865 Q: -0.016814
T: 0.0323463 Q: -0.0135058
T: -0.0140548 Q: -0.0169314
T: -0.073707 Q: inf
T: -0.144798 Q: inf
T: -0.225167 Q: -0.0247716
T: -0.312372 Q: -0.0297281
T: -0.403765 Q: inf
Sec_Event 13529654 N50: 43
T: 0.0266466 Q: -0.00138857
T: -0.087472 Q: -0.00174203
T: -0.196363 Q: -0.00274696
T: -0.296717 Q: inf
T: -0.385486 Q: -0.00188481
T: -0.459971 Q: inf
T: -0.517911 Q: -0.00126127
T: -0.557544 Q: -0.000614202
T: -0.577666 Q: -0.00106011
T: -0.577666 Q: -0.000233375
T: -0.557544 Q: -0.00152378
T: -0.517911 Q: -0.000600636
T: -0.459971 Q: -0.000324578
T: -0.385486 Q: -0.00232522
T: -0.296717 Q: -0.000295096
T: -0.087472 Q: -0.00039443
T: 0.0266466 Q: -0.000270482
T: 0.142526 Q: inf
T: 0.365535 Q: -0.000686045
T: 0.46589 Q: -0.000761899
T: 0.554658 Q: inf
T: 0.629144 Q: -0.000588225
T: 0.687083 Q: inf
T: 0.726716 Q: -0.00309042
T: 0.746839 Q: -0.000605318
T: 0.746839 Q: inf
T: 0.726716 Q: inf
T: 0.687083 Q: inf
T: 0.629144 Q: inf
T: 0.554658 Q: -0.00152701
T: 0.46589 Q: -0.00118444
T: 0.365535 Q: inf
T: 0.256644 Q: -0.00372115
T: 0.142526 Q: -0.00273235
Sec_Event 13661004 N50: 28
T: 0.404579 Q: -0.000740371
T: 0.313277 Q: -0.00207555
T: 0.226158 Q: -0.00202279
T: 0.145869 Q: inf
T: 0.0748483 Q: -0.00290971
T: 0.0152553 Q: inf
T: -0.0310998 Q: inf
T: -0.0628086 Q: inf
T: -0.0789076 Q: -0.0194969
T: -0.0789076 Q: -0.0184518
T: -0.0628086 Q: -0.0233588
T: -0.0310998 Q: -0.0291
T: 0.0152553 Q: inf
T: 0.0748483 Q: inf
T: 0.145869 Q: -0.0399654
T: 0.226158 Q: -0.0442997
T: 0.313277 Q: -0.0457325
T: 0.404579 Q: -0.0577245
T: 0.497289 Q: -0.0693418
T: 0.588591 Q: -0.0898636
T: 0.67571 Q: -0.0713422
T: 0.756 Q: inf
T: 0.82702 Q: -0.0560177
T: 0.886613 Q: inf
T: 0.932968 Q: -0.0367051
T: 0.964677 Q: -0.0343541
T: 0.980776 Q: -0.0462504
T: 0.980776 Q: -0.0488345
T: 0.964677 Q: -0.0552946
T: 0.932968 Q: inf
T: 0.886613 Q: inf
T: 0.82702 Q: inf
T: 0.756 Q: -0.00400182
T: 0.67571 Q: inf
T: 0.588591 Q: -0.00138616
T: 0.497289 Q: -0.00140296
Sec_Event 14027958 N50: 29
T: -0.704446 Q: -0.00171841
T: -0.750386 Q: -0.00241655
T: -0.794221 Q: -0.00214914
T: -0.834619 Q: -0.00157888
T: -0.870354 Q: -0.000998448
T: -0.900339 Q: -0.00107207
T: -0.923663 Q: -0.0018067
T: -0.939617 Q: inf
T: -0.947718 Q: inf
T: -0.947718 Q: -0.00035011
T: -0.939617 Q: inf
T: -0.923663 Q: -0.00102126
T: -0.900339 Q: -0.00119522
T: -0.870354 Q: -0.00156382
T: -0.834619 Q: inf
T: -0.794221 Q: -0.000657858
T: -0.750386 Q: -0.00179989
T: -0.704446 Q: -0.00209751
T: -0.657798 Q: -0.00300424
T: -0.611858 Q: -0.00473107
T: -0.568023 Q: inf
T: -0.527625 Q: -0.00728049
T: -0.49189 Q: -0.0102151
T: -0.461905 Q: -0.0129307
T: -0.438581 Q: inf
T: -0.422626 Q: -0.0183748
T: -0.414526 Q: -0.0221215
T: -0.414526 Q: -0.0277965
T: -0.422626 Q: -0.0204081
T: -0.438581 Q: -0.0195681
T: -0.461905 Q: -0.0127512
T: -0.49189 Q: -0.0108963
T: -0.527625 Q: -0.00857847
T: -0.568023 Q: inf
T: -0.611858 Q: -0.00709994
T: -0.657798 Q: inf
Sec_Event 14319860 N50: 42
Sec_Event 14327592 N50: 49
T: 0.245818 Q: inf
T: 0.140674 Q: -0.0372256
T: 0.0403465 Q: inf
T: -0.0521156 Q: inf
T: -0.133903 Q: -0.0233472
T: -0.202531 Q: inf
T: -0.255914 Q: inf
T: -0.29243 Q: inf
T: -0.31097 Q: -0.0222663
T: -0.31097 Q: -0.021304
T: -0.29243 Q: -0.0116331
T: -0.255914 Q: inf
T: -0.202531 Q: inf
T: -0.133903 Q: inf
T: -0.0521156 Q: -0.00745776
T: 0.0403465 Q: -0.00510684
T: 0.140674 Q: -0.00897294
T: 0.245818 Q: inf
T: 0.352584 Q: inf
T: 0.457728 Q: -0.00875703
T: 0.558055 Q: inf
T: 0.650518 Q: -0.0186124
T: 0.732305 Q: -0.0320088
T: 0.800933 Q: inf
T: 0.854316 Q: inf
T: 0.890832 Q: inf
T: 0.909372 Q: -0.0196075
T: 0.909372 Q: inf
T: 0.890832 Q: inf
T: 0.854316 Q: -0.0206297
T: 0.800933 Q: inf
T: 0.732305 Q: inf
T: 0.650518 Q: -0.0397431
T: 0.558055 Q: -0.041381
T: 0.457728 Q: inf
T: 0.352584 Q: inf
Sec_Event 14327592 N50: 31
T: -0.319754 Q: -0.042897
T: -0.427051 Q: -0.0493674
T: -0.529434 Q: inf
T: -0.623789 Q: -0.0491054
T: -0.707252 Q: -0.0408639
T: -0.777286 Q: -0.0304681
T: -0.831762 Q: -0.0293606
T: -0.869026 Q: -0.0226578
T: -0.887945 Q: -0.0260964
T: -0.887945 Q: -0.0256733
T: -0.869026 Q: -0.0224213
T: -0.831762 Q: -0.0274272
T: -0.777286 Q: -0.0261852
T: -0.707252 Q: -0.0281792
T: -0.623789 Q: -0.0191685
T: -0.529434 Q: -0.0157718
T: -0.427051 Q: -0.016215
T: -0.319754 Q: -0.0130485
T: -0.210801 Q: -0.0139364
T: -0.103504 Q: inf
T: -0.00112141 Q: -0.0147684
T: 0.0932345 Q: inf
T: 0.176697 Q: -0.015813
T: 0.246731 Q: -0.0317592
T: 0.301207 Q: -0.0246603
T: 0.338471 Q: -0.0355477
T: 0.357391 Q: -0.0289086
T: 0.357391 Q: -0.0403462
T: 0.338471 Q: inf
T: 0.301207 Q: -0.0386339
T: 0.246731 Q: -0.0459692
T: 0.176697 Q: -0.0376902
T: 0.0932345 Q: inf
T: -0.00112141 Q: -0.0371596
T: -0.103504 Q: -0.0363013
T: -0.210801 Q: -0.0396352
Sec_Event 14327592 N50: 32
T: -0.384132 Q: -0.0172521
T: -0.486901 Q: -0.0177831
T: -0.584961 Q: inf
T: -0.675335 Q: -0.0232376
T: -0.755274 Q: inf
T: -0.822352 Q: -0.0183634
T: -0.874529 Q: -0.0178037
T: -0.91022 Q: -0.0144849
T: -0.928341 Q: -0.0139016
T: -0.928341 Q: -0.0124601
T: -0.91022 Q: -0.0146226
T: -0.874529 Q: inf
T: -0.822352 Q: -0.0189992
T: -0.755274 Q: -0.0263609
T: -0.675335 Q: -0.0366935
T: -0.584961 Q: -0.0503173
T: -0.486901 Q: inf
T: -0.384132 Q: -0.041624
T: -0.279778 Q: inf
T: -0.177009 Q: -0.0454179
T: -0.0789488 Q: -0.0357871
T: 0.0114244 Q: -0.0457595
T: 0.0913642 Q: inf
T: 0.158442 Q: -0.0429308
T: 0.210619 Q: inf
T: 0.24631 Q: inf
T: 0.264431 Q: -0.0493268
T: 0.264431 Q: inf
T: 0.24631 Q: -0.0295754
T: 0.210619 Q: -0.0325266
T: 0.158442 Q: -0.0220958
T: 0.0913642 Q: inf
T: 0.0114244 Q: -0.0169053
T: -0.0789488 Q: -0.0180258
T: -0.177009 Q: -0.0165941
T: -0.279778 Q: inf
Sec_Event 14327592 N50: 29
T: 0.589287 Q: inf
T: 0.526262 Q: inf
T: 0.466123 Q: -0.0300144
T: 0.410699 Q: inf
T: 0.361674 Q: -0.0275285
T: 0.320537 Q: -0.0324214
T: 0.288538 Q: inf
T: 0.266649 Q: inf
T: 0.255536 Q: -0.0422057
T: 0.255536 Q: -0.0372842
T: 0.266649 Q: -0.042339
T: 0.288538 Q: -0.0470592
T: 0.320537 Q: -0.0421702
T: 0.361674 Q: -0.0471447
T: 0.410699 Q: -0.0531428
T: 0.466123 Q: -0.0549144
T: 0.526262 Q: inf
T: 0.589287 Q: -0.0494511
T: 0.653286 Q: -0.0479602
T: 0.716311 Q: -0.040238
T: 0.77645 Q: inf
T: 0.831874 Q: inf
T: 0.880899 Q: -0.0322426
T: 0.922036 Q: -0.0228849
T: 0.954035 Q: inf
T: 0.975924 Q: -0.0258911
T: 0.987037 Q: -0.0557058
T: 0.987037 Q: -0.0273622
T: 0.975924 Q: -0.0211069
T: 0.954035 Q: -0.0222064
T: 0.922036 Q: -0.03098
T: 0.880899 Q: -0.0266571
T: 0.831874 Q: inf
T: 0.77645 Q: inf
T: 0.716311 Q: -0.0264698
T: 0.653286 Q: inf
Sec_Event 14327592 N50: 27
T: -0.676924 Q: -0.00698531
T: -0.733038 Q: -0.00988652
T: -0.786581 Q: -0.0249459
T: -0.835926 Q: -0.0225737
T: -0.879574 Q: inf
T: -0.9162 Q: -0.0290573
T: -0.944689 Q: -0.0238285
T: -0.964177 Q: -0.0240347
T: -0.974072 Q: inf
T: -0.974072 Q: inf
T: -0.964177 Q: -0.0243649
T: -0.944689 Q: -0.0260318
T: -0.9162 Q: -0.0256056
T: -0.879574 Q: inf
T: -0.835926 Q: -0.0366798
T: -0.786581 Q: -0.0465166
T: -0.733038 Q: -0.0450587
T: -0.676924 Q: -0.0411424
T: -0.619945 Q: inf
T: -0.563832 Q: -0.0434517
T: -0.510289 Q: -0.0278397
T: -0.460944 Q: -0.023081
T: -0.417295 Q: -0.0197943
T: -0.38067 Q: -0.0140051
T: -0.35218 Q: inf
T: -0.332692 Q: -0.00932782
T: -0.322798 Q: -0.00694804
T: -0.322798 Q: -0.00693495
T: -0.332692 Q: -0.00588378
T: -0.35218 Q: inf
T: -0.38067 Q: inf
T: -0.417295 Q: -0.00768473
T: -0.460944 Q: -0.00456265
T: -0.510289 Q: -0.0052037
T: -0.563832 Q: -0.00673673
T: -0.619945 Q: -0.00535154
Sec_Event 14908559 N50: 25
T: -0.0963125 Q: -0.034696
T: -0.211027 Q: -0.0583198
T: -0.320486 Q: -0.0321183
T: -0.421364 Q: -0.0123683
T: -0.510596 Q: -0.00707984
T: -0.58547 Q: -0.00543663
T: -0.643712 Q: -0.00344164
T: -0.683552 Q: -0.00364622
T: -0.70378 Q: inf
T: -0.70378 Q: -0.00337788
T: -0.683552 Q: -0.00335812
T: -0.643712 Q: -0.00568312
T: -0.58547 Q: -0.0073839
T: -0.510596 Q: inf
T: -0.421364 Q: -0.0134153
T: -0.320486 Q: -0.0179132
T: -0.211027 Q: -0.00875557
T: -0.0963125 Q: -0.00981122
T: 0.0201715 Q: -0.0148402
T: 0.134886 Q: inf
T: 0.244345 Q: -0.02129
T: 0.345223 Q: -0.018559
T: 0.434455 Q: -0.020923
T: 0.509329 Q: -0.0289057
T: 0.567571 Q: -0.0327897
T: 0.607411 Q: inf
T: 0.627639 Q: -0.0606862
T: 0.627639 Q: -0.0801719
T: 0.607411 Q: -0.0784848
T: 0.567571 Q: -0.0745404
T: 0.509329 Q: inf
T: 0.434455 Q: -0.0606076
T: 0.345223 Q: -0.0527848
T: 0.244345 Q: inf
T: 0.134886 Q: -0.0405518
T: 0.0201715 Q: -0.0562198
Sec_Event 14908559 N50: 61
T: 0.263822 Q: inf
T: 0.159901 Q: -0.00211531
T: 0.0607412 Q: -0.00384674
T: -0.0306453 Q: inf
T: -0.111481 Q: inf
T: -0.179311 Q: inf
T: -0.232073 Q: -0.0017954
T: -0.268164 Q: -0.00140562
T: -0.286488 Q: inf
T: -0.286488 Q: -0.00232765
T: -0.268164 Q: -0.0025688
T: -0.232073 Q: -0.00251859
T: -0.179311 Q: -0.00290441
T: -0.111481 Q: -0.00173472
T: -0.0306453 Q: -0.00235836
T: 0.0607412 Q: inf
T: 0.159901 Q: -0.00444681
T: 0.263822 Q: inf
T: 0.369346 Q: inf
T: 0.473267 Q: -0.00649527
T: 0.572427 Q: -0.00589582
T: 0.663814 Q: -0.00899885
T: 0.74465 Q: inf
T: 0.812479 Q: -0.0166758
T: 0.865241 Q: inf
T: 0.901333 Q: -0.0340665
T: 0.919657 Q: -0.041374
T: 0.919657 Q: -0.0281894
T: 0.901333 Q: -0.0271165
T: 0.865241 Q: inf
T: 0.812479 Q: inf
T: 0.74465 Q: -0.00563801
T: 0.663814 Q: -0.00734126
T: 0.572427 Q: -0.00318886
T: 0.473267 Q: -0.00259051
T: 0.369346 Q: inf
Sec_Event 14908559 N50: 34
T: -0.268842 Q: -0.00248555
T: -0.37889 Q: -0.00216395
T: -0.483896 Q: -0.00138823
T: -0.58067 Q: inf
T: -0.666271 Q: -0.000628115
T: -0.793972 Q: inf
T: -0.832191 Q: -0.000376456
T: -0.851595 Q: -0.000298149
T: -0.832191 Q: -0.000287231
T: -0.793972 Q: -0.000313681
T: -0.7381 Q: -0.000695892
T: -0.666271 Q: inf
T: -0.58067 Q: -0.00174689
T: -0.483896 Q: inf
T: -0.37889 Q: -0.00190907
T: -0.268842 Q: -0.0102521
T: -0.157097 Q: -0.0523537
T: -0.0470501 Q: inf
T: 0.0579559 Q: -0.0278266
T: 0.15473 Q: -0.0403732
T: 0.240332 Q: -0.0333558
T: 0.31216 Q: inf
T: 0.368032 Q: -0.0332196
T: 0.406251 Q: -0.0242492
T: 0.425656 Q: -0.0232771
T: 0.425656 Q: inf
T: 0.406251 Q: inf
T: 0.368032 Q: -0.0102711
T: 0.31216 Q: -0.0066289
T: 0.240332 Q: -0.0049359
T: 0.15473 Q: -0.00304871
T: 0.0579559 Q: -0.00326248
T: -0.0470501 Q: -0.00347143
T: -0.157097 Q: -0.00260741
Sec_Event 14908559 N50: 48
T: -0.496992 Q: -0.00378372
T: -0.588331 Q: inf
T: -0.675486 Q: -0.00304124
T: -0.755808 Q: -0.00181944
T: -0.826858 Q: -0.00322302
T: -0.886475 Q: -0.00197998
T: -0.932849 Q: -0.0014759
T: -0.964571 Q: inf
T: -0.980676 Q: -0.00167345
T: -0.980676 Q: -0.0012114
T: -0.964571 Q: -0.000692346
T: -0.932849 Q: inf
T: -0.886475 Q: inf
T: -0.826858 Q: inf
T: -0.755808 Q: inf
T: -0.675486 Q: -0.00301449
T: -0.588331 Q: -0.00492573
T: -0.496992 Q: inf
T: -0.404244 Q: inf
T: -0.312905 Q: inf
T: -0.22575 Q: -0.0245471
T: -0.145428 Q: -0.0226105
T: -0.074379 Q: -0.0174048
T: -0.0147616 Q: inf
T: 0.0316125 Q: inf
T: 0.0633342 Q: -0.0114626
T: 0.0794397 Q: inf
T: 0.0794397 Q: inf
T: 0.0633342 Q: -0.00661152
T: 0.0316125 Q: inf
T: -0.0147616 Q: inf
T: -0.074379 Q: inf
T: -0.145428 Q: inf
T: -0.22575 Q: -0.00301857
T: -0.312905 Q: -0.0028473
T: -0.404244 Q: -0.00271255
Sec_Event 14908559 N50: 41
T: 0.423122 Q: inf
T: 0.333945 Q: -0.00369059
T: 0.248854 Q: -0.00130064
T: 0.170434 Q: inf
T: 0.101066 Q: -0.00407002
T: 0.0428606 Q: inf
T: -0.0024155 Q: -0.00284662
T: -0.0333862 Q: -0.003044
T: -0.0491104 Q: -0.00277514
T: -0.0491104 Q: -0.0107498
T: -0.0333862 Q: -0.00791117
T: -0.0024155 Q: -0.00804502
T: 0.0428606 Q: inf
T: 0.101066 Q: -0.0123797
T: 0.170434 Q: inf
T: 0.248854 Q: -0.0176272
T: 0.333945 Q: inf
T: 0.423122 Q: -0.022528
T: 0.513674 Q: -0.0264202
T: 0.602851 Q: inf
T: 0.687942 Q: -0.0737653
T: 0.766362 Q: -0.080222
T: 0.835729 Q: inf
T: 0.893935 Q: -0.0593534
T: 0.939211 Q: inf
T: 0.970182 Q: inf
T: 0.985906 Q: -0.0585717
T: 0.985906 Q: -0.0599189
T: 0.970182 Q: -0.0680755
T: 0.939211 Q: -0.0373942
T: 0.893935 Q: inf
T: 0.835729 Q: -0.0118857
T: 0.766362 Q: -0.00736492
T: 0.687942 Q: -0.00395184
T: 0.602851 Q: -0.00374448
T: 0.513674 Q: -0.00358784
Sec_Event 14950009 N50: 32
T: -0.185792 Q: -0.0170557
T: -0.298931 Q: -0.0230096
T: -0.406887 Q: -0.0104851
T: -0.50638 Q: inf
T: -0.594386 Q: -0.00536446
T: -0.668233 Q: inf
T: -0.725675 Q: -0.00366612
T: -0.764968 Q: -0.00376033
T: -0.784917 Q: inf
T: -0.784917 Q: -0.00174149
T: -0.764968 Q: -0.00209491
T: -0.725675 Q: -0.00222218
T: -0.668233 Q: -0.00315689
T: -0.594386 Q: inf
T: -0.50638 Q: -0.00554981
T: -0.406887 Q: -0.0119407
T: -0.298931 Q: -0.0277791
T: -0.185792 Q: -0.0240397
T: -0.0709078 Q: -0.0221978
T: 0.0422313 Q: -0.0228322
T: 0.150187 Q: -0.0318947
T: 0.24968 Q: -0.0261466
T: 0.337687 Q: -0.0327732
T: 0.411533 Q: -0.0302987
T: 0.468975 Q: -0.0457576
T: 0.508268 Q: inf
T: 0.528217 Q: -0.0486415
T: 0.528217 Q: -0.0434575
T: 0.508268 Q: -0.0421321
T: 0.468975 Q: -0.0321661
T: 0.411533 Q: -0.0306129
T: 0.337687 Q: inf
T: 0.24968 Q: -0.0273868
T: 0.150187 Q: -0.0182883
T: 0.0422313 Q: -0.0254253
T: -0.0709078 Q: -0.0197283
Sec_Event 14961729 N50: 29
T: 0.166579 Q: -0.0487019
T: 0.0569696 Q: -0.0493626
T: -0.0476182 Q: -0.0538803
T: -0.144007 Q: -0.0369586
T: -0.229267 Q: inf
T: -0.30081 Q: -0.0622371
T: -0.35646 Q: -0.0659979
T: -0.394527 Q: -0.0631477
T: -0.413854 Q: -0.0658396
T: -0.413854 Q: -0.0776888
T: -0.394527 Q: -0.0594067
T: -0.35646 Q: inf
T: -0.30081 Q: -0.0457145
T: -0.229267 Q: -0.035551
T: -0.144007 Q: -0.0421087
T: -0.0476182 Q: inf
T: 0.0569696 Q: -0.03347
T: 0.166579 Q: -0.0365572
T: 0.277879 Q: -0.021355
T: 0.387488 Q: inf
T: 0.492075 Q: -0.00436643
T: 0.588464 Q: -0.00241692
T: 0.673725 Q: inf
T: 0.745267 Q: -0.00117225
T: 0.800917 Q: -0.00105044
T: 0.838984 Q: -0.000970222
T: 0.858311 Q: inf
T: 0.858311 Q: -0.000940926
T: 0.838984 Q: -0.00212422
T: 0.800917 Q: -0.00103147
T: 0.745267 Q: -0.00115896
T: 0.673725 Q: inf
T: 0.588464 Q: -0.00248314
T: 0.492075 Q: -0.00338512
T: 0.387488 Q: -0.00855192
T: 0.277879 Q: inf
Sec_Event 15020635 N50: 27
T: -0.19191 Q: inf
T: -0.304877 Q: -0.0287758
T: -0.412668 Q: -0.0272148
T: -0.51201 Q: -0.0315596
T: -0.599882 Q: -0.0358242
T: -0.673616 Q: -0.0365226
T: -0.73097 Q: -0.0358265
T: -0.770203 Q: -0.0378821
T: -0.790122 Q: -0.0263637
T: -0.790122 Q: -0.0348367
T: -0.770203 Q: -0.0360673
T: -0.73097 Q: -0.0390865
T: -0.673616 Q: -0.0237604
T: -0.599882 Q: -0.0181352
T: -0.51201 Q: -0.0201349
T: -0.412668 Q: -0.00852374
T: -0.304877 Q: -0.0117115
T: -0.19191 Q: -0.00641115
T: -0.0772008 Q: -0.00787912
T: 0.0357658 Q: -0.0116154
T: 0.143557 Q: -0.010133
T: 0.242898 Q: -0.00863114
T: 0.330771 Q: -0.0153717
T: 0.404505 Q: -0.0158244
T: 0.461859 Q: -0.0133862
T: 0.501092 Q: -0.0214788
T: 0.521011 Q: -0.0236388
T: 0.521011 Q: -0.0227928
T: 0.501092 Q: -0.0402245
T: 0.461859 Q: -0.0225059
T: 0.404505 Q: -0.035589
T: 0.330771 Q: inf
T: 0.242898 Q: -0.0295801
T: 0.143557 Q: -0.0190204
T: 0.0357658 Q: -0.0219645
T: -0.0772008 Q: -0.0236378
Sec_Event 15177146 N50: 39
T: 0.445536 Q: inf
T: 0.359099 Q: -0.0034724
T: 0.276622 Q: -0.00246228
T: 0.20061 Q: -0.00442781
T: 0.133374 Q: inf
T: 0.0769565 Q: inf
T: 0.0330712 Q: inf
T: 0.00305195 Q: -0.0015465
T: -0.0121892 Q: inf
T: -0.0121892 Q: -0.00418741
T: 0.00305195 Q: inf
T: 0.0330712 Q: -0.00232269
T: 0.0769565 Q: -0.00389228
T: 0.133374 Q: -0.00245855
T: 0.20061 Q: -0.00482137
T: 0.276622 Q: -0.0044252
T: 0.359099 Q: -0.0049823
T: 0.445536 Q: -0.00688457
T: 0.533307 Q: -0.00766156
T: 0.619744 Q: -0.0115809
T: 0.702221 Q: inf
T: 0.778233 Q: -0.0262611
T: 0.845469 Q: -0.0519417
T: 0.901887 Q: -0.0661501
T: 0.945772 Q: -0.0406039
T: 0.975791 Q: -0.0313658
T: 0.991032 Q: -0.0306433
T: 0.991032 Q: -0.040878
T: 0.975791 Q: -0.0300906
T: 0.945772 Q: -0.0473381
T: 0.901887 Q: inf
T: 0.845469 Q: -0.033503
T: 0.778233 Q: inf
T: 0.702221 Q: -0.0149356
T: 0.619744 Q: inf
T: 0.533307 Q: -0.00686009
Sec_Event 15807125 N50: 28
T: -0.665776 Q: -0.0453903
T: -0.725307 Q: inf
T: -0.782111 Q: -0.041118
T: -0.834461 Q: -0.0377123
T: -0.880768 Q: inf
T: -0.919624 Q: inf
T: -0.949848 Q: inf
T: -0.970523 Q: -0.023305
T: -0.98102 Q: -0.0231124
T: -0.98102 Q: -0.0217076
T: -0.970523 Q: -0.0210864
T: -0.949848 Q: -0.020384
T: -0.919624 Q: -0.0268503
T: -0.880768 Q: -0.0249689
T: -0.834461 Q: inf
T: -0.782111 Q: -0.010532
T: -0.725307 Q: -0.00807191
T: -0.665776 Q: -0.00764701
T: -0.605327 Q: inf
T: -0.545796 Q: -0.00396846
T: -0.488993 Q: -0.00352993
T: -0.436642 Q: -0.0030738
T: -0.390335 Q: -0.00279972
T: -0.351479 Q: inf
T: -0.321255 Q: -0.00269238
T: -0.30058 Q: -0.00634967
T: -0.290083 Q: -0.0052602
T: -0.290083 Q: -0.00678356
T: -0.30058 Q: -0.00470278
T: -0.321255 Q: -0.00881221
T: -0.351479 Q: -0.00785394
T: -0.390335 Q: inf
T: -0.436642 Q: -0.0139258
T: -0.488993 Q: inf
T: -0.545796 Q: inf
T: -0.605327 Q: -0.0337353

gestpm: TOTAL NUMBER PMT: WALL; TOP; BOTTOM; ALL  7650  1748  1748 11146
 *****************************
 * This is for SK-VI map      *
 *****************************
 findconsts: connection table file: /home/licheng/local/skofl/const//connection.super.dat
gexyz: PMT # FOR EACH SECTION       1  7650  7651  9398  9399 11146
gexyz: maxpm,nlwal     11146      7650
 findconsts: connection table1 file: /home/licheng/local/skofl/const//connection.super.dat
 findconsts: connection table2 file: /home/licheng/local/skofl/const//connection.super.sk-5.dat
 findfile: checking /home/licheng/local/skofl/const//misch3.dat
 findfile: found /home/licheng/local/skofl/const//misch3.dat
 findconsts: mis channel file: /home/licheng/local/skofl/const//misch3.dat
 findfile: checking /home/licheng/local/skofl/const//skpmt_sk5.dat
 findfile: found /home/licheng/local/skofl/const//skpmt_sk5.dat
 findconsts: pmt file: /home/licheng/local/skofl/const//skpmt_sk5.dat
gestpma: TOTAL NUMBER anti PMT: WALL; TOP; BOTTOM; ALL  1275   302   308  1885
gexyza: anti PMT # FOR EACH SECTION       1  1275  1276  1577  1578  1885
 maxpma,nlwala      1885      1275
 skbadch: log_level =            0
 findconsts: badch.090518 file: /home/licheng/local/skofl/const//badch/badch.090518
 findconsts: bad channel file: /home/licheng/local/skofl/const//badch.dat
 findconsts: badch.090518 file: /home/licheng/local/skofl/const//badch/badch.090518
 skdark: log_level =            0
 findconsts: darkr.090518.root file: /home/licheng/local/skofl/const//darkr/darkr.090518.root
 findconsts: badsub SK-I 1 file: /home/licheng/local/skofl/const//lowe/badsub.sk.r1742-3051.r3208-3608
 nbad 1 =         1851
 findconsts: badsub SK-I 2 file: /home/licheng/local/skofl/const//lowe/badsub.sk.realtim
 nbad 2 =        17511
 findconsts: badsub SK-I 3 file: /home/licheng/local/skofl/const//lowe/badsub.sk.manual.1260day
 nbad 3 =        21939
 findconsts: badsub SK-I 4 file: /home/licheng/local/skofl/const//lowe/badsub.sk.sle.1260day
 nbad 4 =        28004
 findconsts: badsub SK-I 5 file: /home/licheng/local/skofl/const//lowe/badsub.sk.manual
 nbad 5 =        28105
 findconsts: badsub SK-I 6 file: /home/licheng/local/skofl/const//lowe/badsub.sk.sle
 nbad 6 =        28105
 findconsts: badsub SK-II 1 file: /home/licheng/local/skofl/const//lowe/badsub.sk2.manual
 nbad_sk2 SK-II 1 =        27759
 findconsts: badsub SK-III 1 file: /home/licheng/local/skofl/const//lowe/badsub.sk3.manual
 nbad_sk3 SK-III 1 =         4149
 findconsts: badsub SK-IV file: /home/licheng/local/skofl/const//lowe/badsub.sk4.manual
 nbad_sk4 SK-IV =        66921
 read local badsub.sk5.manual.local
 nbad_sk5 SK-V =         2595
 read local badsub.sk6.manual.local
 nbad_sk6 SK-VI (Gd) =         7717
 findconsts: skcoverage_barrel file: /home/licheng/local/skofl/const//lowe/skcov_b_p3.dat
 findconsts: nearest neighbor file: /home/licheng/local/skofl/const//neighb.dat
 neighbsk: reading neighbor file /home/licheng/local/skofl/const//neighb.dat
 findconsts: skcoverage_sk4_final file: /home/licheng/local/skofl/const//lowe/skcov_c_p3.dat
