Output file: output/wt_090059.root input file:/disk03/lowe10/sk7/sle/lomugd.090059.root
 Id of this manager : 10
InitReadRoot: total = 413912
RUNINFO found in the rare list
SK geometry setting: 6
***** Dummy rgetvalue was called. (Remote File Access is not supported) *****
==========WT:========== 12166.5 13879.3 11729.6
0/413912
Sec_Event 703701 N50: 29
T: 0.216875 Q: 1.19307
T: 0.10993 Q: -0.0140853
T: 0.00788454 Q: -0.0120805
T: -0.0861612 Q: -0.0166899
T: -0.16935 Q: -0.0150917
T: -0.239153 Q: -0.0144968
T: -0.29345 Q: 1.10188
T: -0.330592 Q: -0.0162194
T: -0.349449 Q: -0.0232228
T: -0.349449 Q: -0.018047
T: -0.330592 Q: -0.0220626
T: -0.29345 Q: -0.0217171
T: -0.239153 Q: 1.06137
T: -0.16935 Q: -0.0204575
T: -0.0861612 Q: -0.0195482
T: 0.00788454 Q: -0.0218117
T: 0.10993 Q: -0.0203913
T: 0.216875 Q: 2.65713
T: 0.32547 Q: -0.0196306
T: 0.432415 Q: -0.0242073
T: 0.53446 Q: 0.943165
T: 0.628506 Q: -0.0115119
T: 0.711694 Q: -0.00866139
T: 0.781498 Q: 2.32727
T: 0.835795 Q: -0.00683459
T: 0.872937 Q: -0.00539401
T: 0.891794 Q: -0.00605258
T: 0.891794 Q: -0.00497632
T: 0.872937 Q: 0.981213
T: 0.835795 Q: -0.00664186
T: 0.781498 Q: -0.00711069
T: 0.711694 Q: -0.00779932
T: 0.628506 Q: 0.988995
T: 0.53446 Q: -0.0106325
T: 0.432415 Q: -0.014225
T: 0.32547 Q: -0.0147908
Sec_Event 1574237 N50: 34
T: 0.0394579 Q: -0.0450036
T: -0.074419 Q: 1.39965
T: -0.183079 Q: 1.26385
T: -0.283221 Q: -0.0442977
T: -0.371801 Q: 1.30921
T: -0.446129 Q: -0.0547588
T: -0.503946 Q: -0.0618115
T: -0.543495 Q: -0.0627924
T: -0.563574 Q: -0.0539862
T: -0.563574 Q: -0.052872
T: -0.543495 Q: -0.0518785
T: -0.503946 Q: -0.0375125
T: -0.446129 Q: 1.07955
T: -0.371801 Q: -0.0228417
T: -0.283221 Q: 1.08478
T: -0.183079 Q: -0.0234587
T: -0.074419 Q: 2.33041
T: 0.0394579 Q: 1.05173
T: 0.155092 Q: -0.0155264
T: 0.268968 Q: -0.0173869
T: 0.377628 Q: -0.0193917
T: 0.47777 Q: -0.0173546
T: 0.566351 Q: 2.3715
T: 0.640678 Q: 1.01005
T: 0.698495 Q: -0.0116558
T: 0.738044 Q: 1.17253
T: 0.758124 Q: 1.01888
T: 0.758124 Q: -0.0148781
T: 0.738044 Q: -0.0118172
T: 0.698495 Q: 1.97146
T: 0.640678 Q: 2.04577
T: 0.566351 Q: 0.93579
T: 0.47777 Q: 2.00028
T: 0.377628 Q: -0.0512086
T: 0.268968 Q: -0.036457
T: 0.155092 Q: 3.02093
Sec_Event 2351815 N50: 36
T: -0.517125 Q: 3.30199
T: -0.605836 Q: -0.0286315
T: -0.690483 Q: -0.0226831
T: -0.768494 Q: -0.0212747
T: -0.837498 Q: -0.0154536
T: -0.8954 Q: 0.704123
T: -0.94044 Q: 2.26569
T: -0.971249 Q: -0.0118657
T: -0.986891 Q: -0.0113025
T: -0.986891 Q: -0.01186
T: -0.971249 Q: -0.0109467
T: -0.94044 Q: 1.27041
T: -0.8954 Q: 2.46542
T: -0.837498 Q: -0.0158621
T: -0.768494 Q: -0.0223081
T: -0.690483 Q: -0.0305501
T: -0.605836 Q: 1.19892
T: -0.517125 Q: 2.62048
T: -0.427046 Q: -0.0519733
T: -0.338335 Q: -0.0492269
T: -0.253688 Q: 1.31239
T: -0.175677 Q: 1.37941
T: -0.106672 Q: 1.25617
T: -0.0487706 Q: 1.30693
T: -0.00373095 Q: -0.0610004
T: 0.027078 Q: 2.91582
T: 0.0427201 Q: -0.0540284
T: 0.0427201 Q: -0.0609522
T: 0.027078 Q: -0.056086
T: -0.00373095 Q: 1.27594
T: -0.0487706 Q: 1.24163
T: -0.106672 Q: -0.0376988
T: -0.175677 Q: -0.0384003
T: -0.253688 Q: -0.0280401
T: -0.338335 Q: -0.0320062
T: -0.427046 Q: 1.35392
Sec_Event 2502867 N50: 39
Sec_Event 2917617 N50: 27
T: 0.675739 Q: -0.0151279
T: 0.63554 Q: -0.0271072
T: 0.597182 Q: -0.0259692
T: 0.561831 Q: -0.0357579
T: 0.530562 Q: -0.0434129
T: 0.504323 Q: -0.0421328
T: 0.483914 Q: 1.17456
T: 0.469952 Q: -0.061104
T: 0.462864 Q: -0.0723472
T: 0.462864 Q: 1.49726
T: 0.469952 Q: -0.0720796
T: 0.483914 Q: -0.0913918
T: 0.504323 Q: 3.05618
T: 0.530562 Q: -0.0928228
T: 0.561831 Q: -0.0927891
T: 0.597182 Q: 1.47481
T: 0.63554 Q: -0.098362
T: 0.675739 Q: -0.0722595
T: 0.716559 Q: -0.0724745
T: 0.756758 Q: -0.0720855
T: 0.795116 Q: -0.0634475
T: 0.830467 Q: -0.0568309
T: 0.861736 Q: -0.0468359
T: 0.887975 Q: 0.783026
T: 0.908384 Q: -0.0347105
T: 0.922345 Q: -0.0345251
T: 0.929434 Q: -0.034341
T: 0.929434 Q: -0.019341
T: 0.922345 Q: 0.83287
T: 0.908384 Q: 0.92664
T: 0.887975 Q: -0.0115939
T: 0.861736 Q: -0.00823973
T: 0.830467 Q: -0.00816495
T: 0.795116 Q: -0.00855237
T: 0.756758 Q: 0.860588
T: 0.716559 Q: -0.0131085
Sec_Event 3449321 N50: 31
T: -0.277193 Q: 1.02473
T: -0.491456 Q: -0.00188585
T: -0.587875 Q: -0.00192247
T: -0.673162 Q: 2.25385
T: -0.744726 Q: -0.00318996
T: -0.800393 Q: -0.00495523
T: -0.838472 Q: -0.00845984
T: -0.857805 Q: 1.60078
T: -0.857805 Q: -0.0368907
T: -0.838472 Q: 1.4814
T: -0.800393 Q: -0.0410179
T: -0.744726 Q: -0.0455796
T: -0.673162 Q: 0.924613
T: -0.587875 Q: -0.0327517
T: -0.491456 Q: 1.961
T: -0.386836 Q: -0.0293566
T: -0.277193 Q: 2.34266
T: -0.165858 Q: -0.0210285
T: -0.0562153 Q: 2.15124
T: 0.0484049 Q: -0.0137781
T: 0.144823 Q: -0.013424
T: 0.230111 Q: -0.00994859
T: 0.301675 Q: -0.00639321
T: 0.357342 Q: -0.00794458
T: 0.395421 Q: -0.00447069
T: 0.414754 Q: -0.00234783
T: 0.414754 Q: 1.06669
T: 0.395421 Q: 0.861436
T: 0.357342 Q: -0.00234194
T: 0.301675 Q: -0.00237495
T: 0.230111 Q: 0.977939
T: 0.144823 Q: -0.000614643
T: 0.0484049 Q: -0.00027404
T: -0.0562153 Q: -0.00100757
T: -0.165858 Q: -0.00148688
Sec_Event 3815538 N50: 29
T: -0.398498 Q: -0.0370388
T: -0.500078 Q: -0.0368937
T: -0.597005 Q: -0.0268123
T: -0.686334 Q: 2.41714
T: -0.765349 Q: -0.0124937
T: -0.831651 Q: -0.00871288
T: -0.883225 Q: -0.00829447
T: -0.918504 Q: -0.00601404
T: -0.936415 Q: -0.00802318
T: -0.936415 Q: -0.0098912
T: -0.918504 Q: 1.4051
T: -0.883225 Q: -0.00712547
T: -0.831651 Q: -0.00965718
T: -0.765349 Q: -0.0120251
T: -0.686334 Q: -0.0142055
T: -0.597005 Q: -0.024283
T: -0.500078 Q: -0.0293536
T: -0.398498 Q: -0.0298441
T: -0.29535 Q: -0.0263445
T: -0.19377 Q: 4.05504
T: -0.0968425 Q: 1.26288
T: -0.00751405 Q: -0.0346455
T: 0.0715016 Q: -0.0410696
T: 0.137804 Q: -0.0354475
T: 0.189377 Q: -0.0416244
T: 0.224656 Q: -0.0443386
T: 0.242567 Q: -0.0426067
T: 0.242567 Q: 1.52864
T: 0.224656 Q: 1.38804
T: 0.189377 Q: 1.46828
T: 0.137804 Q: -0.037745
T: 0.0715016 Q: -0.0348544
T: -0.00751405 Q: -0.035507
T: -0.0968425 Q: -0.0438565
T: -0.19377 Q: -0.0386873
T: -0.29535 Q: 1.26517
Sec_Event 3997110 N50: 32
T: 0.639953 Q: 1.44903
T: 0.588944 Q: -0.0847322
T: 0.540273 Q: 1.40711
T: 0.495416 Q: -0.0761642
T: 0.455739 Q: -0.0805023
T: 0.422445 Q: -0.0674893
T: 0.396548 Q: 3.67472
T: 0.378832 Q: -0.0636027
T: 0.369838 Q: 3.02394
T: 0.369838 Q: -0.0608737
T: 0.378832 Q: -0.0605027
T: 0.396548 Q: -0.0561736
T: 0.422445 Q: -0.0507785
T: 0.455739 Q: -0.0519926
T: 0.495416 Q: 1.46632
T: 0.540273 Q: -0.0441472
T: 0.588944 Q: -0.0393961
T: 0.639953 Q: -0.0414279
T: 0.691748 Q: 1.30833
T: 0.742757 Q: 1.26502
T: 0.791429 Q: 1.15857
T: 0.836285 Q: -0.0540118
T: 0.875963 Q: -0.0463207
T: 0.909256 Q: -0.0543345
T: 0.935154 Q: -0.0492097
T: 0.952869 Q: -0.0560465
T: 0.961863 Q: -0.0571918
T: 0.961863 Q: -0.0593927
T: 0.952869 Q: -0.057434
T: 0.935154 Q: -0.0640535
T: 0.909256 Q: -0.0707736
T: 0.875963 Q: -0.0668902
T: 0.836285 Q: -0.0756173
T: 0.791429 Q: -0.0834515
T: 0.742757 Q: 3.19782
T: 0.691748 Q: 1.6341
Sec_Event 4437575 N50: 43
T: 0.621884 Q: 1.12429
T: 0.566242 Q: -0.0294704
T: 0.513149 Q: -0.0331971
T: 0.464219 Q: 1.30134
T: 0.420937 Q: 1.1803
T: 0.384619 Q: 1.05754
T: 0.356369 Q: -0.0181732
T: 0.337045 Q: 2.15959
T: 0.327234 Q: -0.0163653
T: 0.327234 Q: -0.0126543
T: 0.337045 Q: -0.0140295
T: 0.356369 Q: -0.0116276
T: 0.384619 Q: 1.15315
T: 0.420937 Q: 1.28868
T: 0.464219 Q: -0.0107591
T: 0.513149 Q: 0.990121
T: 0.566242 Q: 1.35598
T: 0.621884 Q: -0.0207825
T: 0.678384 Q: 1.19494
T: 0.734026 Q: -0.0361257
T: 0.787118 Q: 4.21114
T: 0.836049 Q: 2.05465
T: 0.879331 Q: -0.0496286
T: 0.915648 Q: -0.0495605
T: 0.943898 Q: -0.0449813
T: 0.963223 Q: -0.0431039
T: 0.973034 Q: -0.0419429
T: 0.973034 Q: -0.0372889
T: 0.963223 Q: -0.0394946
T: 0.943898 Q: -0.0462551
T: 0.915648 Q: -0.0427883
T: 0.879331 Q: 1.20115
T: 0.836049 Q: -0.0535738
T: 0.787118 Q: -0.057744
T: 0.734026 Q: -0.0519993
T: 0.678384 Q: -0.0511699
Sec_Event 4451307 N50: 31
T: -0.694764 Q: 1.14842
T: -0.744637 Q: 1.09839
T: -0.792224 Q: -0.00387986
T: -0.836082 Q: -0.00268641
T: -0.874876 Q: -0.0039482
T: -0.907428 Q: -0.00656747
T: -0.932749 Q: 1.39629
T: -0.950069 Q: -0.00174194
T: -0.958863 Q: 1.06084
T: -0.958863 Q: -0.00209333
T: -0.950069 Q: 1.12771
T: -0.932749 Q: 1.16179
T: -0.907428 Q: -0.00246717
T: -0.874876 Q: -0.00219283
T: -0.836082 Q: -0.0029578
T: -0.792224 Q: -0.00303521
T: -0.744637 Q: -0.00332571
T: -0.694764 Q: -0.00477584
T: -0.644122 Q: -0.00588562
T: -0.594249 Q: -0.00789035
T: -0.546662 Q: 1.00454
T: -0.502804 Q: -0.01393
T: -0.46401 Q: -0.0175912
T: -0.431458 Q: 0.933331
T: -0.406137 Q: 0.91749
T: -0.388817 Q: -0.0282754
T: -0.380023 Q: 1.12603
T: -0.380023 Q: -0.0303039
T: -0.388817 Q: -0.0312586
T: -0.406137 Q: -0.0288257
T: -0.431458 Q: 0.896428
T: -0.46401 Q: -0.0224538
T: -0.502804 Q: -0.0177984
T: -0.546662 Q: -0.0146075
T: -0.594249 Q: -0.00840678
T: -0.644122 Q: -0.00556712
Sec_Event 4451307 N50: 27
T: -0.734886 Q: -0.00322522
T: -0.762937 Q: -0.0030636
T: -0.789703 Q: 1.08391
T: -0.814371 Q: -0.00274617
T: -0.836191 Q: -0.00178142
T: -0.8545 Q: -0.00255303
T: -0.868741 Q: -0.00248637
T: -0.878483 Q: 1.11322
T: -0.88343 Q: -0.00145988
T: -0.88343 Q: -0.00234593
T: -0.878483 Q: -0.00227973
T: -0.868741 Q: -0.00312762
T: -0.8545 Q: -0.00185144
T: -0.836191 Q: -0.00275383
T: -0.814371 Q: -0.00260839
T: -0.789703 Q: -0.00339242
T: -0.762937 Q: -0.00312394
T: -0.734886 Q: -0.00390781
T: -0.706403 Q: -0.00515989
T: -0.678352 Q: -0.00635301
T: -0.651586 Q: -0.00716232
T: -0.626918 Q: -0.00733654
T: -0.605099 Q: -0.00763151
T: -0.58679 Q: -0.00774033
T: -0.572548 Q: -0.009687
T: -0.562806 Q: -0.0115118
T: -0.55786 Q: -0.0122411
T: -0.55786 Q: -0.0111031
T: -0.562806 Q: -0.00980727
T: -0.572548 Q: 0.986813
T: -0.58679 Q: -0.00815639
T: -0.605099 Q: 1.10937
T: -0.626918 Q: -0.00608498
T: -0.651586 Q: -0.00674806
T: -0.678352 Q: -0.00314446
T: -0.706403 Q: 1.18699
Sec_Event 4451307 N50: 38
T: -0.555998 Q: -0.00217036
T: -0.638976 Q: -0.00202947
T: -0.718153 Q: -0.00231313
T: -0.791123 Q: -0.00135159
T: -0.855669 Q: 2.27701
T: -0.909829 Q: 2.22961
T: -0.951958 Q: -0.000836812
T: -0.980776 Q: -0.00099297
T: -0.995407 Q: -0.00212025
T: -0.995407 Q: -0.000778141
T: -0.980776 Q: 1.10059
T: -0.951958 Q: -0.000872597
T: -0.909829 Q: -0.00166395
T: -0.855669 Q: 1.05003
T: -0.791123 Q: -0.00179461
T: -0.718153 Q: -0.00278493
T: -0.638976 Q: -0.00372305
T: -0.555998 Q: 1.00968
T: -0.47174 Q: -0.0087218
T: -0.388761 Q: -0.015165
T: -0.309585 Q: 1.1087
T: -0.236615 Q: 1.08056
T: -0.172069 Q: -0.0143696
T: -0.117909 Q: 1.17038
T: -0.0757797 Q: -0.0101283
T: -0.0469617 Q: -0.00594023
T: -0.0323304 Q: -0.00343195
T: -0.0323304 Q: -0.00587088
T: -0.0469617 Q: 1.01465
T: -0.0757797 Q: 2.34696
T: -0.117909 Q: 1.17237
T: -0.172069 Q: -0.00239216
T: -0.236615 Q: -0.00231176
T: -0.309585 Q: -0.00159621
T: -0.388761 Q: -0.0010765
T: -0.47174 Q: -0.00207102
Sec_Event 4755107 N50: 30
T: 0.294794 Q: -0.0314173
T: 0.19317 Q: -0.0594248
T: 0.0962017 Q: -0.0573948
T: 0.00683505 Q: -0.0564452
T: -0.0722144 Q: 2.72323
T: -0.138545 Q: -0.0588828
T: -0.190141 Q: 1.40543
T: -0.225434 Q: -0.0546691
T: -0.243353 Q: -0.0632746
T: -0.243353 Q: -0.0529896
T: -0.225434 Q: 1.30852
T: -0.190141 Q: -0.0378282
T: -0.138545 Q: 1.13435
T: -0.0722144 Q: -0.0250022
T: 0.00683505 Q: -0.0241654
T: 0.0962017 Q: -0.0179524
T: 0.19317 Q: -0.0146509
T: 0.294794 Q: 0.945205
T: 0.397986 Q: 1.70346
T: 0.49961 Q: -0.0056482
T: 0.596579 Q: -0.00465411
T: 0.685945 Q: -0.00255949
T: 0.764995 Q: -0.00164853
T: 0.831325 Q: -0.00145872
T: 0.882921 Q: -0.00115958
T: 0.918215 Q: 1.3657
T: 0.936134 Q: -0.000670113
T: 0.936134 Q: -0.000964226
T: 0.918215 Q: -0.00106227
T: 0.882921 Q: -0.00117372
T: 0.831325 Q: -0.00144075
T: 0.764995 Q: -0.00243171
T: 0.685945 Q: -0.00215503
T: 0.596579 Q: -0.00339858
T: 0.49961 Q: 0.978412
T: 0.397986 Q: -0.0133969
Sec_Event 4755107 N50: 25
T: -0.638651 Q: -0.00885427
T: -0.705407 Q: -0.018223
T: -0.769105 Q: -0.0240526
T: -0.82781 Q: -0.0440454
T: -0.879737 Q: -0.0745309
T: -0.923309 Q: -0.0651878
T: -0.957202 Q: -0.064118
T: -0.980386 Q: 1.34676
T: -0.992157 Q: 1.2112
T: -0.992157 Q: -0.0550171
T: -0.980386 Q: -0.0625393
T: -0.957202 Q: -0.0728354
T: -0.923309 Q: -0.0503437
T: -0.879737 Q: -0.0213461
T: -0.82781 Q: -0.0141574
T: -0.769105 Q: -0.00414991
T: -0.705407 Q: -0.00362845
T: -0.638651 Q: 1.36912
T: -0.570865 Q: 1.31573
T: -0.504109 Q: -0.00367223
T: -0.440411 Q: -0.00284441
T: -0.381706 Q: -0.00114269
T: -0.329779 Q: -0.000493611
T: -0.286207 Q: 2.16026
T: -0.252314 Q: -0.000338364
T: -0.22913 Q: -0.00108173
T: -0.217359 Q: 1.10562
T: -0.22913 Q: -0.000874962
T: -0.252314 Q: 1.74203
T: -0.286207 Q: -0.000825933
T: -0.329779 Q: -0.0022157
T: -0.381706 Q: -0.00338887
T: -0.440411 Q: 1.04493
T: -0.504109 Q: -0.00333933
T: -0.570865 Q: -0.00612039
100000/413912
Sec_Event 6196000 N50: 39
T: -0.443106 Q: -0.0174792
T: -0.540533 Q: -0.0199561
T: -0.633497 Q: -0.0250615
T: -0.719173 Q: -0.0309772
T: -0.794958 Q: -0.0440829
T: -0.858549 Q: 0.761801
T: -0.908014 Q: -0.0379769
T: -0.94185 Q: 0.749694
T: -0.959029 Q: -0.0346178
T: -0.959029 Q: -0.0478035
T: -0.94185 Q: 0.913037
T: -0.908014 Q: 2.00461
T: -0.858549 Q: 1.04301
T: -0.794958 Q: -0.000692563
T: -0.719173 Q: 1.11771
T: -0.633497 Q: -0.000317224
T: -0.540533 Q: -0.000371362
T: -0.443106 Q: 1.09557
T: -0.344176 Q: -0.000307182
T: -0.246748 Q: 1.24515
T: -0.0681082 Q: -0.000306563
T: 0.0712678 Q: -0.00074144
T: 0.120733 Q: -0.000351149
T: 0.154569 Q: 0.963697
T: 0.171748 Q: -0.000725044
T: 0.171748 Q: -0.000661423
T: 0.154569 Q: 1.15516
T: 0.120733 Q: -0.0017967
T: 0.0712678 Q: 1.17267
T: 0.00767671 Q: 1.04404
T: -0.0681082 Q: 1.01505
T: -0.153784 Q: 0.932713
T: -0.246748 Q: 0.984293
T: -0.344176 Q: 1.10558
Sec_Event 7550065 N50: 39
T: 0.177442 Q: -0.00142988
T: 0.0683601 Q: -0.00312014
T: -0.035725 Q: -0.0025438
T: -0.13165 Q: 1.03662
T: -0.216501 Q: 1.16615
T: -0.2877 Q: -0.00313804
T: -0.343082 Q: 1.14052
T: -0.380966 Q: 2.13836
T: -0.4002 Q: 1.05439
T: -0.4002 Q: -0.0110529
T: -0.380966 Q: 0.795321
T: -0.343082 Q: -0.0155553
T: -0.2877 Q: -0.018048
T: -0.216501 Q: -0.0217916
T: -0.13165 Q: -0.0253641
T: -0.035725 Q: 2.1843
T: 0.0683601 Q: -0.0322274
T: 0.177442 Q: -0.0294032
T: 0.288208 Q: -0.0360995
T: 0.39729 Q: -0.0399777
T: 0.501375 Q: -0.0547673
T: 0.5973 Q: -0.0560122
T: 0.682151 Q: -0.074668
T: 0.75335 Q: 1.29952
T: 0.808732 Q: -0.0758065
T: 0.846616 Q: -0.0557262
T: 0.86585 Q: 1.8475
T: 0.86585 Q: 0.693752
T: 0.846616 Q: -0.0362213
T: 0.808732 Q: -0.0154147
T: 0.75335 Q: 0.880976
T: 0.682151 Q: -0.00701088
T: 0.5973 Q: 2.03296
T: 0.501375 Q: 1.0568
T: 0.39729 Q: -0.00490191
T: 0.288208 Q: -0.00194699
Sec_Event 7550065 N50: 37
T: -0.0450322 Q: -0.0220214
T: -0.159879 Q: -0.0148528
T: -0.269465 Q: -0.0201747
T: -0.370459 Q: -0.0223055
T: -0.459794 Q: -0.021938
T: -0.534755 Q: -0.0180678
T: -0.593064 Q: -0.0144085
T: -0.63295 Q: -0.0137004
T: -0.653201 Q: 1.19294
T: -0.653201 Q: 1.27159
T: -0.63295 Q: 1.15248
T: -0.593064 Q: 1.00289
T: -0.534755 Q: 0.953749
T: -0.459794 Q: -0.0266881
T: -0.370459 Q: 0.952952
T: -0.269465 Q: -0.0576607
T: -0.159879 Q: -0.0431306
T: -0.0450322 Q: -0.0417712
T: 0.0715864 Q: -0.0572928
T: 0.186433 Q: -0.0558166
T: 0.296019 Q: -0.0523295
T: 0.397013 Q: 1.43321
T: 0.486348 Q: -0.0889427
T: 0.561309 Q: 3.08613
T: 0.619619 Q: -0.0874229
T: 0.659504 Q: -0.0882557
T: 0.679755 Q: -0.0815812
T: 0.679755 Q: 1.40124
T: 0.659504 Q: -0.0691266
T: 0.619619 Q: 1.14555
T: 0.561309 Q: 1.12313
T: 0.486348 Q: -0.0331571
T: 0.397013 Q: -0.029665
T: 0.296019 Q: -0.024191
T: 0.186433 Q: 1.17684
T: 0.0715864 Q: -0.0147174
Sec_Event 7816401 N50: 52
T: -0.0534975 Q: -0.0231027
T: -0.16836 Q: -0.0199872
T: -0.277961 Q: -0.0230192
T: -0.37897 Q: -0.0343516
T: -0.468317 Q: 4.80258
T: -0.543288 Q: 1.31358
T: -0.601606 Q: -0.0580703
T: -0.641497 Q: 2.9761
T: -0.66175 Q: -0.0922073
T: -0.66175 Q: -0.0641771
T: -0.641497 Q: 1.67647
T: -0.601606 Q: -0.0710024
T: -0.543288 Q: -0.0616084
T: -0.468317 Q: -0.0609871
T: -0.37897 Q: 1.48755
T: -0.277961 Q: 3.24849
T: -0.16836 Q: -0.0492055
T: -0.0534975 Q: -0.0370318
T: 0.0631372 Q: -0.0307505
T: 0.178 Q: -0.0352028
T: 0.287601 Q: 0.909623
T: 0.388609 Q: 0.914517
T: 0.477957 Q: -0.0161749
T: 0.552928 Q: 1.4012
T: 0.611245 Q: -0.00804929
T: 0.651137 Q: -0.00770672
T: 0.67139 Q: -0.00656597
T: 0.67139 Q: -0.00870977
T: 0.651137 Q: 1.23787
T: 0.611245 Q: -0.0112782
T: 0.552928 Q: -0.0127196
T: 0.477957 Q: -0.0163275
T: 0.388609 Q: 1.0732
T: 0.287601 Q: -0.016397
T: 0.178 Q: -0.0157832
T: 0.0631372 Q: -0.0165125
Sec_Event 8407152 N50: 34
T: -0.700044 Q: -0.000988046
T: -0.74783 Q: -0.00190946
T: -0.793428 Q: -0.00192
T: -0.83545 Q: -0.00398152
T: -0.872622 Q: -0.00243331
T: -0.903812 Q: 0.937536
T: -0.928074 Q: -0.0100688
T: -0.94467 Q: -0.0370589
T: -0.953096 Q: 0.73053
T: -0.953096 Q: -0.0514013
T: -0.94467 Q: -0.0375623
T: -0.928074 Q: 1.25827
T: -0.903812 Q: -0.0491396
T: -0.872622 Q: -0.0565903
T: -0.83545 Q: -0.0685257
T: -0.793428 Q: -0.0763324
T: -0.74783 Q: 1.27459
T: -0.700044 Q: -0.0834929
T: -0.65152 Q: -0.0746336
T: -0.603734 Q: 1.10309
T: -0.558137 Q: 1.13465
T: -0.516114 Q: -0.0509531
T: -0.478943 Q: 1.11722
T: -0.447752 Q: -0.0299634
T: -0.42349 Q: -0.0244674
T: -0.406894 Q: 1.0042
T: -0.398468 Q: 0.794804
T: -0.398468 Q: -0.00523554
T: -0.406894 Q: -0.00571961
T: -0.42349 Q: -0.00404786
T: -0.447752 Q: -0.00161296
T: -0.478943 Q: 0.856949
T: -0.516114 Q: -0.00107834
T: -0.558137 Q: 0.918201
T: -0.603734 Q: -0.000802206
T: -0.65152 Q: -0.000857165
Sec_Event 8652576 N50: 25
T: 0.324491 Q: -0.00121969
T: 0.225309 Q: -0.00159765
T: 0.13067 Q: 0.936616
T: 0.0434509 Q: -0.000733449
T: -0.0336991 Q: -0.00173086
T: -0.0984357 Q: -0.00267662
T: -0.148792 Q: -0.00189074
T: -0.183237 Q: -0.00306524
T: -0.200726 Q: -0.00358676
T: -0.200726 Q: 1.01335
T: -0.183237 Q: -0.00637289
T: -0.148792 Q: -0.0088174
T: -0.0984357 Q: -0.00918503
T: -0.0336991 Q: -0.00888864
T: 0.0434509 Q: -0.0131965
T: 0.13067 Q: 1.23791
T: 0.225309 Q: -0.0178035
T: 0.324491 Q: -0.0312206
T: 0.425203 Q: -0.0301464
T: 0.524386 Q: 1.00238
T: 0.619024 Q: -0.0224215
T: 0.706243 Q: 1.03519
T: 0.783393 Q: 2.47831
T: 0.84813 Q: -0.0128325
T: 0.898486 Q: -0.00875439
T: 0.932932 Q: -0.00644031
T: 0.95042 Q: -0.00729196
T: 0.95042 Q: -0.00770722
T: 0.932932 Q: -0.00703819
T: 0.898486 Q: 0.893808
T: 0.84813 Q: -0.005408
T: 0.783393 Q: -0.004702
T: 0.706243 Q: -0.00265851
T: 0.619024 Q: -0.00281652
T: 0.524386 Q: -0.0019053
T: 0.425203 Q: -0.00122293
Sec_Event 9447096 N50: 28
T: 0.435044 Q: 2.37397
T: 0.347301 Q: -0.00231083
T: 0.263577 Q: -0.00262531
T: 0.186417 Q: -0.00152594
T: 0.118164 Q: -0.00167717
T: 0.060894 Q: -0.00649189
T: 0.0163455 Q: 1.01977
T: -0.0141275 Q: -0.00280126
T: -0.0295991 Q: -0.0068076
T: -0.0295991 Q: -0.00329211
T: -0.0141275 Q: 1.16218
T: 0.0163455 Q: -0.00482614
T: 0.060894 Q: -0.00753543
T: 0.118164 Q: -0.00738735
T: 0.186417 Q: 0.941678
T: 0.263577 Q: -0.01477
T: 0.347301 Q: -0.0152379
T: 0.435044 Q: -0.0189392
T: 0.524141 Q: 1.14075
T: 0.611885 Q: 0.926055
T: 0.695609 Q: 0.996443
T: 0.772769 Q: -0.0160342
T: 0.841021 Q: -0.012438
T: 0.898292 Q: -0.00795731
T: 0.94284 Q: -0.00855434
T: 0.973313 Q: -0.00885823
T: 0.988785 Q: -0.00760339
T: 0.988785 Q: -0.00652794
T: 0.973313 Q: -0.00740762
T: 0.94284 Q: -0.00856953
T: 0.898292 Q: -0.00964037
T: 0.841021 Q: 1.02732
T: 0.772769 Q: 0.926793
T: 0.695609 Q: 2.15781
T: 0.611885 Q: -0.0024126
T: 0.524141 Q: 0.995477
Sec_Event 9447096 N50: 39
T: 0.17437 Q: -0.00474939
T: 0.0651363 Q: 1.50044
T: -0.0390935 Q: 1.24252
T: -0.135152 Q: 1.19226
T: -0.220121 Q: -0.00246849
T: -0.291419 Q: 1.13506
T: -0.346878 Q: 1.48088
T: -0.384815 Q: -0.00394622
T: -0.404076 Q: -0.00105816
T: -0.404076 Q: -0.00415474
T: -0.384815 Q: -0.0025495
T: -0.346878 Q: 1.181
T: -0.291419 Q: -0.0020303
T: -0.220121 Q: -0.00248874
T: -0.135152 Q: 1.15657
T: -0.0390935 Q: -0.00203896
T: 0.0651363 Q: 1.19999
T: 0.17437 Q: 1.5493
T: 0.285289 Q: -0.00287435
T: 0.394523 Q: -0.00351604
T: 0.498753 Q: 1.49285
T: 0.594812 Q: 1.46616
T: 0.679781 Q: -0.00575511
T: 0.751078 Q: 1.24994
T: 0.806538 Q: 1.99475
T: 0.844474 Q: -0.00559196
T: 0.863735 Q: 2.41784
T: 0.863735 Q: -0.00512938
T: 0.844474 Q: 1.04802
T: 0.806538 Q: -0.00735313
T: 0.751078 Q: -0.00666706
T: 0.679781 Q: -0.00977407
T: 0.594812 Q: 2.59079
T: 0.498753 Q: -0.00688614
T: 0.394523 Q: 1.465
T: 0.285289 Q: 1.47926
Sec_Event 9447096 N50: 27
T: -0.492615 Q: 0.969016
T: -0.584498 Q: 1.05109
T: -0.672172 Q: -0.0041813
T: -0.752973 Q: -0.00661934
T: -0.824445 Q: -0.00981247
T: -0.884417 Q: -0.0183393
T: -0.931068 Q: 0.729585
T: -0.962978 Q: 2.96464
T: -0.97918 Q: -0.0303894
T: -0.97918 Q: 1.28156
T: -0.962978 Q: -0.0320223
T: -0.931068 Q: -0.0385246
T: -0.884417 Q: 1.12555
T: -0.824445 Q: -0.0593276
T: -0.752973 Q: 1.18173
T: -0.672172 Q: -0.0642108
T: -0.584498 Q: -0.0558821
T: -0.492615 Q: -0.0480524
T: -0.399314 Q: -0.0446974
T: -0.307431 Q: -0.0366089
T: -0.219757 Q: -0.0309491
T: -0.138957 Q: -0.035731
T: -0.0674843 Q: -0.0307532
T: -0.00751183 Q: 2.17641
T: 0.0391385 Q: 0.931235
T: 0.0710491 Q: -0.0162915
T: 0.0872506 Q: -0.0155335
T: 0.0872506 Q: -0.0117594
T: 0.0710491 Q: -0.010761
T: 0.0391385 Q: 2.02482
T: -0.00751183 Q: -0.00441697
T: -0.0674843 Q: -0.00282685
T: -0.138957 Q: -0.00602968
T: -0.219757 Q: -0.00303571
T: -0.307431 Q: 0.944397
T: -0.399314 Q: -0.00749143
Sec_Event 10258793 N50: 26
T: -0.176424 Q: -0.0246287
T: -0.289811 Q: -0.0348865
T: -0.398003 Q: -0.0356681
T: -0.497713 Q: 1.35009
T: -0.585913 Q: -0.0509067
T: -0.65992 Q: -0.0685711
T: -0.717488 Q: 1.25081
T: -0.756867 Q: -0.0759846
T: -0.77686 Q: 1.40509
T: -0.77686 Q: 1.36409
T: -0.756867 Q: -0.0685226
T: -0.717488 Q: -0.0688821
T: -0.65992 Q: -0.0639994
T: -0.585913 Q: -0.0602741
T: -0.497713 Q: -0.0441648
T: -0.398003 Q: -0.0422535
T: -0.289811 Q: 1.16784
T: -0.176424 Q: -0.0301746
T: -0.0612886 Q: -0.0351664
T: 0.052098 Q: -0.0369826
T: 0.16029 Q: 1.49118
T: 0.260001 Q: 2.19194
T: 0.3482 Q: -0.0360813
T: 0.422207 Q: -0.027039
T: 0.479775 Q: 1.01423
T: 0.519154 Q: -0.0204734
T: 0.539147 Q: -0.0186375
T: 0.539147 Q: -0.0173384
T: 0.519154 Q: 0.925644
T: 0.479775 Q: 2.36448
T: 0.422207 Q: -0.0232859
T: 0.3482 Q: -0.0270439
T: 0.260001 Q: 0.885621
T: 0.16029 Q: -0.0247744
T: 0.052098 Q: -0.0277828
T: -0.0612886 Q: -0.0398385
Sec_Event 10348863 N50: 38
T: -0.342068 Q: -0.0149093
T: -0.447936 Q: -0.015348
T: -0.548954 Q: 1.42841
T: -0.642053 Q: -0.0165206
T: -0.724403 Q: -0.0129638
T: -0.793504 Q: -0.0108769
T: -0.847255 Q: -0.00968505
T: -0.884022 Q: 1.14563
T: -0.90269 Q: 1.29578
T: -0.90269 Q: 1.20193
T: -0.884022 Q: -0.00729492
T: -0.847255 Q: -0.00942875
T: -0.793504 Q: -0.0122618
T: -0.724403 Q: -0.0142635
T: -0.642053 Q: -0.017214
T: -0.548954 Q: -0.03567
T: -0.447936 Q: -0.0503678
T: -0.342068 Q: -0.0401579
T: -0.234566 Q: -0.0379468
T: -0.128698 Q: -0.0433142
T: -0.0276802 Q: 1.73447
T: 0.0654186 Q: 1.40751
T: 0.147769 Q: 1.37993
T: 0.21687 Q: 1.32548
T: 0.27062 Q: -0.0487245
T: 0.307388 Q: -0.045912
T: 0.326055 Q: -0.0476924
T: 0.326055 Q: -0.0437454
T: 0.307388 Q: -0.0428121
T: 0.27062 Q: -0.0365127
T: 0.21687 Q: 1.14034
T: 0.147769 Q: 1.38646
T: 0.0654186 Q: -0.0203253
T: -0.0276802 Q: 1.25442
T: -0.128698 Q: 1.17892
T: -0.234566 Q: -0.0160668
Sec_Event 10348863 N50: 34
T: -0.300905 Q: -0.0259174
T: -0.409302 Q: 1.45474
T: -0.512732 Q: 2.32971
T: -0.608054 Q: 1.031
T: -0.692371 Q: -0.0125551
T: -0.763122 Q: 1.07647
T: -0.818156 Q: 1.1415
T: -0.855802 Q: -0.00687244
T: -0.874915 Q: 1.06738
T: -0.874915 Q: -0.00589136
T: -0.855802 Q: -0.00823023
T: -0.818156 Q: 2.22866
T: -0.763122 Q: -0.009408
T: -0.692371 Q: -0.0126245
T: -0.608054 Q: -0.0193501
T: -0.512732 Q: -0.0211545
T: -0.409302 Q: -0.0188033
T: -0.300905 Q: 1.17331
T: -0.190837 Q: -0.0187248
T: -0.0824406 Q: -0.0165373
T: 0.0209899 Q: -0.0203446
T: 0.116312 Q: -0.0203465
T: 0.200629 Q: -0.026057
T: 0.27138 Q: -0.0245131
T: 0.326414 Q: -0.0319983
T: 0.36406 Q: 2.65743
T: 0.383173 Q: 1.33656
T: 0.383173 Q: -0.0346734
T: 0.36406 Q: -0.040105
T: 0.326414 Q: -0.0351525
T: 0.27138 Q: 1.18695
T: 0.200629 Q: 2.47025
T: 0.116312 Q: 2.37222
T: 0.0209899 Q: -0.0263901
T: -0.0824406 Q: -0.0263137
T: -0.190837 Q: 1.20604
Sec_Event 10348863 N50: 26
T: -0.536531 Q: 1.12067
T: -0.622496 Q: -0.00883546
T: -0.704524 Q: 1.27762
T: -0.780121 Q: -0.0100773
T: -0.84699 Q: -0.0083775
T: -0.9031 Q: 1.13708
T: -0.946746 Q: -0.0044329
T: -0.976602 Q: -0.0056812
T: -0.99176 Q: -0.00498651
T: -0.99176 Q: -0.00495687
T: -0.976602 Q: -0.00548319
T: -0.946746 Q: -0.00537607
T: -0.9031 Q: -0.00814467
T: -0.84699 Q: -0.00759171
T: -0.780121 Q: 3.52147
T: -0.704524 Q: -0.017998
T: -0.622496 Q: 1.07961
T: -0.536531 Q: -0.0245214
T: -0.449239 Q: -0.0195518
T: -0.363273 Q: 1.14732
T: -0.281246 Q: -0.0207336
T: -0.205649 Q: -0.0162097
T: -0.138779 Q: -0.0134099
T: -0.0826693 Q: -0.0115102
T: -0.0390234 Q: -0.0104777
T: -0.00916783 Q: -0.0140547
T: 0.00599023 Q: -0.00766607
T: 0.00599023 Q: -0.0110085
T: -0.00916783 Q: -0.0117463
T: -0.0390234 Q: -0.00810735
T: -0.0826693 Q: -0.00612224
T: -0.138779 Q: -0.00560489
T: -0.205649 Q: 1.13067
T: -0.281246 Q: -0.00623325
T: -0.363273 Q: -0.00660849
T: -0.449239 Q: -0.00580651
Sec_Event 10348863 N50: 34
T: -0.115651 Q: -0.0134837
T: -0.230172 Q: -0.0116529
T: -0.339446 Q: -0.0138493
T: -0.440154 Q: -0.0110263
T: -0.529236 Q: -0.0119377
T: -0.603984 Q: 1.28967
T: -0.662127 Q: -0.0131771
T: -0.7019 Q: -0.0126055
T: -0.722093 Q: -0.00954641
T: -0.722093 Q: -0.0102366
T: -0.7019 Q: -0.0112366
T: -0.662127 Q: -0.0101292
T: -0.603984 Q: 1.04029
T: -0.529236 Q: -0.00949621
T: -0.440154 Q: -0.00809805
T: -0.339446 Q: -0.0111805
T: -0.230172 Q: 1.1351
T: -0.115651 Q: 1.22205
T: 0.000636115 Q: -0.00760635
T: 0.115157 Q: -0.0101346
T: 0.224431 Q: 1.21395
T: 0.325139 Q: 1.23052
T: 0.41422 Q: 1.07022
T: 0.488968 Q: 1.05313
T: 0.547112 Q: -0.0106279
T: 0.586885 Q: -0.0146327
T: 0.607078 Q: 1.04829
T: 0.607078 Q: -0.0135887
T: 0.586885 Q: -0.0224365
T: 0.547112 Q: -0.0135234
T: 0.488968 Q: -0.017034
T: 0.41422 Q: -0.0147096
T: 0.325139 Q: -0.0108114
T: 0.224431 Q: 1.13045
T: 0.115157 Q: 1.27673
T: 0.000636115 Q: -0.00964945
Sec_Event 10348863 N50: 41
T: -0.544089 Q: -0.0245086
T: -0.628924 Q: -0.0229912
T: -0.709873 Q: 1.25119
T: -0.784476 Q: 1.19391
T: -0.850466 Q: -0.0104061
T: -0.905838 Q: -0.00839326
T: -0.94891 Q: -0.00751565
T: -0.978373 Q: 1.41317
T: -0.993331 Q: 1.38952
T: -0.993331 Q: -0.00544456
T: -0.978373 Q: -0.0087777
T: -0.94891 Q: -0.0133842
T: -0.905838 Q: -0.00788659
T: -0.850466 Q: -0.012841
T: -0.784476 Q: -0.0116011
T: -0.709873 Q: -0.0161508
T: -0.628924 Q: -0.0250594
T: -0.544089 Q: -0.0337644
T: -0.457945 Q: 1.33309
T: -0.37311 Q: -0.0394796
T: -0.292162 Q: 3.58999
T: -0.217559 Q: -0.0361102
T: -0.151569 Q: 1.37429
T: -0.0961969 Q: -0.0357095
T: -0.053125 Q: -0.0392823
T: -0.0236621 Q: -0.0335689
T: -0.0087034 Q: 1.54515
T: -0.0087034 Q: -0.0387613
T: -0.0236621 Q: -0.035638
T: -0.053125 Q: -0.0287897
T: -0.0961969 Q: -0.0366881
T: -0.151569 Q: 2.7906
T: -0.217559 Q: -0.0308145
T: -0.292162 Q: -0.033011
T: -0.37311 Q: 1.35509
T: -0.457945 Q: -0.0286729
200000/413912
Sec_Event 11295883 N50: 31
T: 0.687818 Q: -0.00229184
T: 0.651967 Q: 2.65295
T: 0.617758 Q: -0.00264487
T: 0.586231 Q: -0.00273708
T: 0.558344 Q: 1.40618
T: 0.534943 Q: 1.22205
T: 0.516741 Q: -0.00897432
T: 0.50429 Q: -0.00614648
T: 0.497969 Q: -0.00720785
T: 0.497969 Q: -0.0146992
T: 0.50429 Q: -0.0201951
T: 0.516741 Q: -0.0297397
T: 0.534943 Q: -0.0349806
T: 0.558344 Q: 1.45422
T: 0.586231 Q: -0.0570338
T: 0.617758 Q: -0.054048
T: 0.651967 Q: -0.0597528
T: 0.687818 Q: -0.0636711
T: 0.724222 Q: -0.0538346
T: 0.760074 Q: -0.0586663
T: 0.794283 Q: 1.11318
T: 0.82581 Q: 2.69891
T: 0.853697 Q: 1.23286
T: 0.877097 Q: 1.51497
T: 0.895299 Q: -0.0339072
T: 0.90775 Q: 1.51293
T: 0.914072 Q: -0.0297833
T: 0.914072 Q: -0.0324474
T: 0.90775 Q: -0.0343635
T: 0.895299 Q: -0.0179883
T: 0.877097 Q: -0.0127949
T: 0.853697 Q: 0.994112
T: 0.82581 Q: -0.0062297
T: 0.794283 Q: 1.19223
T: 0.760074 Q: -0.00288035
T: 0.724222 Q: -0.00233927
Sec_Event 11471990 N50: 38
T: -0.182474 Q: 1.00514
T: -0.295703 Q: -0.003998
T: -0.403745 Q: 0.837873
T: -0.503317 Q: 0.807108
T: -0.591393 Q: 0.859655
T: -0.665298 Q: 0.884746
T: -0.722786 Q: 0.901188
T: -0.76211 Q: -0.0093803
T: -0.782075 Q: -0.00707179
T: -0.782075 Q: 2.22794
T: -0.76211 Q: -0.00855795
T: -0.722786 Q: 1.06607
T: -0.665298 Q: 2.05623
T: -0.591393 Q: -0.0153211
T: -0.503317 Q: -0.0268518
T: -0.403745 Q: -0.0486014
T: -0.295703 Q: -0.0637841
T: -0.182474 Q: -0.0402801
T: -0.0674983 Q: 1.24183
T: 0.0457306 Q: 1.40367
T: 0.153772 Q: -0.0505301
T: 0.253344 Q: -0.0536194
T: 0.341421 Q: -0.0578497
T: 0.415326 Q: -0.0560644
T: 0.472814 Q: 2.21644
T: 0.512138 Q: -0.065822
T: 0.532103 Q: -0.0352024
T: 0.532103 Q: -0.0319581
T: 0.512138 Q: -0.0223557
T: 0.472814 Q: 2.63561
T: 0.415326 Q: -0.00848584
T: 0.341421 Q: 0.759299
T: 0.253344 Q: -0.00483982
T: 0.153772 Q: -0.00373583
T: 0.0457306 Q: 2.03091
T: -0.0674983 Q: 1.09041
Sec_Event 12886358 N50: 32
T: 0.4669 Q: 1.78177
T: 0.38326 Q: -0.0612425
T: 0.303453 Q: 1.47326
T: 0.229902 Q: -0.0664389
T: 0.164842 Q: -0.0620052
T: 0.110251 Q: -0.0611746
T: 0.067786 Q: -0.060593
T: 0.0387384 Q: -0.0528355
T: 0.0239906 Q: -0.0540095
T: 0.0239906 Q: -0.0472599
T: 0.0387384 Q: -0.0440929
T: 0.067786 Q: -0.0455187
T: 0.110251 Q: -0.0388705
T: 0.164842 Q: -0.0397832
T: 0.229902 Q: 1.57304
T: 0.303453 Q: -0.0334363
T: 0.38326 Q: -0.0301547
T: 0.4669 Q: 1.14646
T: 0.551829 Q: 1.14263
T: 0.635468 Q: -0.0376584
T: 0.715276 Q: -0.040222
T: 0.788827 Q: 0.962009
T: 0.853886 Q: 0.895562
T: 0.908478 Q: -0.045897
T: 0.950943 Q: 1.58715
T: 0.97999 Q: -0.0401576
T: 0.994738 Q: 1.46441
T: 0.994738 Q: -0.0368222
T: 0.97999 Q: 1.53266
T: 0.950943 Q: -0.0345643
T: 0.908478 Q: 1.32928
T: 0.853886 Q: -0.0604034
T: 0.788827 Q: -0.0705468
T: 0.715276 Q: 1.17377
T: 0.635468 Q: -0.0728371
T: 0.551829 Q: -0.0680489
Sec_Event 13143484 N50: 39
T: 0.252508 Q: -0.000795444
T: 0.14781 Q: 1.22208
T: 0.0479071 Q: 1.10775
T: -0.0441636 Q: 1.07501
T: -0.125605 Q: -0.000703159
T: -0.193942 Q: -0.00159512
T: -0.247099 Q: -0.00125683
T: -0.283461 Q: -0.00260682
T: -0.301922 Q: -0.00428405
T: -0.301922 Q: -0.00650714
T: -0.283461 Q: -0.00976449
T: -0.247099 Q: -0.0101411
T: -0.193942 Q: 1.96948
T: -0.125605 Q: 0.994566
T: -0.0441636 Q: 1.1343
T: 0.0479071 Q: -0.0271739
T: 0.14781 Q: -0.0228826
T: 0.252508 Q: 1.04785
T: 0.358823 Q: 1.25902
T: 0.463521 Q: 1.15033
T: 0.563424 Q: -0.0666544
T: 0.655495 Q: -0.0667979
T: 0.736936 Q: -0.0573702
T: 0.805273 Q: -0.0503807
T: 0.85843 Q: -0.050648
T: 0.894792 Q: 0.67109
T: 0.913253 Q: 0.784992
T: 0.913253 Q: 0.707497
T: 0.894792 Q: 0.811308
T: 0.85843 Q: 0.868121
T: 0.805273 Q: -0.00232884
T: 0.736936 Q: -0.00193411
T: 0.655495 Q: -0.000646109
T: 0.563424 Q: 0.91451
T: 0.463521 Q: -0.000615608
T: 0.358823 Q: -0.000734939
 Incomplete 
Sec_Event 14633207 N50: 26
T: 0.0705002 Q: 1.26614
T: -0.0426497 Q: -0.0329619
T: -0.150616 Q: -0.0345773
T: -0.250118 Q: -0.0433301
T: -0.338133 Q: -0.0512616
T: -0.411987 Q: 1.79244
T: -0.469434 Q: -0.0708313
T: -0.508731 Q: 1.26874
T: -0.528682 Q: -0.0785576
T: -0.528682 Q: 1.31605
T: -0.508731 Q: -0.094309
T: -0.469434 Q: 1.23145
T: -0.411987 Q: -0.072947
T: -0.338133 Q: 1.25156
T: -0.250118 Q: -0.0518866
T: -0.150616 Q: 1.28503
T: -0.0426497 Q: -0.046817
T: 0.0705002 Q: -0.035344
T: 0.185396 Q: -0.0480127
T: 0.298546 Q: -0.0343508
T: 0.406512 Q: 1.07793
T: 0.506014 Q: -0.0108452
T: 0.594029 Q: -0.00631852
T: 0.667883 Q: -0.00518465
T: 0.72533 Q: -0.0028867
T: 0.764627 Q: -0.00464016
T: 0.784578 Q: -0.0021557
T: 0.784578 Q: 1.23209
T: 0.764627 Q: -0.00298913
T: 0.72533 Q: -0.00309414
T: 0.667883 Q: -0.00367769
T: 0.594029 Q: -0.00552206
T: 0.506014 Q: 1.03147
T: 0.406512 Q: -0.0184238
T: 0.298546 Q: -0.0303516
T: 0.185396 Q: -0.0260241
Sec_Event 15459553 N50: 25
T: 0.00519073 Q: -0.0260269
T: -0.109257 Q: -0.0275723
T: -0.218462 Q: -0.0289332
T: -0.319105 Q: -0.0257041
T: -0.40813 Q: -0.0168012
T: -0.48283 Q: -0.0130788
T: -0.540937 Q: 0.939287
T: -0.580684 Q: -0.00733414
T: -0.600865 Q: -0.00665511
T: -0.600865 Q: 2.02676
T: -0.580684 Q: -0.00770256
T: -0.540937 Q: 2.70548
T: -0.48283 Q: -0.0082096
T: -0.40813 Q: 1.24559
T: -0.319105 Q: -0.0074986
T: -0.218462 Q: -0.00753501
T: -0.109257 Q: -0.00849277
T: 0.00519073 Q: -0.00757018
T: 0.121404 Q: 1.02643
T: 0.235852 Q: -0.00910187
T: 0.345057 Q: -0.010189
T: 0.4457 Q: -0.00913269
T: 0.534725 Q: -0.013771
T: 0.609425 Q: -0.0189371
T: 0.667532 Q: -0.0363899
T: 0.707279 Q: 1.04162
T: 0.727459 Q: -0.0649608
T: 0.727459 Q: -0.0492172
T: 0.707279 Q: -0.0613743
T: 0.667532 Q: -0.0652852
T: 0.609425 Q: -0.0578938
T: 0.534725 Q: -0.0499627
T: 0.4457 Q: -0.042647
T: 0.345057 Q: -0.0368815
T: 0.235852 Q: -0.0304865
T: 0.121404 Q: -0.0366071
300000/413912
Sec_Event 16294565 N50: 31
T: -0.561916 Q: 1.73163
T: -0.643935 Q: -0.001674
T: -0.722197 Q: -0.00121369
T: -0.794323 Q: -0.000626398
T: -0.858123 Q: -0.000961855
T: -0.911657 Q: -0.000298536
T: -0.953299 Q: -0.000347543
T: -0.981784 Q: -0.000743255
T: -0.996247 Q: -0.00133851
T: -0.996247 Q: -0.000304877
T: -0.981784 Q: -0.000831901
T: -0.953299 Q: -0.000623039
T: -0.911657 Q: -0.000811552
T: -0.858123 Q: -0.000597661
T: -0.794323 Q: -0.000865363
T: -0.722197 Q: 1.11009
T: -0.643935 Q: 1.34137
T: -0.561916 Q: -0.00302287
T: -0.478632 Q: -0.00381576
T: -0.396612 Q: 0.761466
T: -0.318351 Q: 1.34784
T: -0.246224 Q: -0.00874667
T: -0.182425 Q: -0.00908342
T: -0.12889 Q: -0.0117442
T: -0.0872482 Q: 1.25853
T: -0.0587633 Q: -0.0124659
T: -0.0443011 Q: 1.27288
T: -0.0443011 Q: -0.0155957
T: -0.0587633 Q: -0.0132522
T: -0.0872482 Q: -0.0143573
T: -0.12889 Q: -0.0126947
T: -0.182425 Q: 1.06014
T: -0.246224 Q: -0.0140776
T: -0.318351 Q: -0.0158539
T: -0.396612 Q: 0.778652
T: -0.478632 Q: -0.00383261
Sec_Event 16812906 N50: 31
T: 0.691822 Q: -0.0331869
T: 0.657521 Q: -0.0265741
T: 0.624791 Q: 0.959588
T: 0.594628 Q: -0.0193907
T: 0.567946 Q: 1.10296
T: 0.545558 Q: -0.0136453
T: 0.528143 Q: -0.0122172
T: 0.51623 Q: -0.00705824
T: 0.510182 Q: -0.00618695
T: 0.510182 Q: -0.00912932
T: 0.51623 Q: 1.1312
T: 0.528143 Q: -0.0100405
T: 0.545558 Q: -0.00911298
T: 0.567946 Q: -0.00883714
T: 0.594628 Q: -0.00863629
T: 0.624791 Q: 0.978391
T: 0.657521 Q: -0.0155917
T: 0.691822 Q: -0.0111231
T: 0.726652 Q: -0.0138481
T: 0.760953 Q: -0.020474
T: 0.793682 Q: -0.0220033
T: 0.823846 Q: -0.0266447
T: 0.850528 Q: -0.0195257
T: 0.872916 Q: -0.0223261
T: 0.890331 Q: -0.0226236
T: 0.902244 Q: -0.0223116
T: 0.908292 Q: 1.02921
T: 0.908292 Q: -0.0232684
T: 0.902244 Q: -0.0220203
T: 0.890331 Q: -0.0219255
T: 0.872916 Q: -0.0289789
T: 0.850528 Q: 1.0253
T: 0.823846 Q: -0.0290813
T: 0.793682 Q: 1.38664
T: 0.760953 Q: -0.0354142
T: 0.726652 Q: 1.16322
Sec_Event 16812906 N50: 47
T: 0.446025 Q: -0.00721253
T: 0.359649 Q: -0.00872572
T: 0.277231 Q: -0.00882888
T: 0.201274 Q: 1.16866
T: 0.134086 Q: 1.2393
T: 0.0777084 Q: 1.33466
T: 0.0338546 Q: 1.29223
T: 0.00385677 Q: 1.48155
T: -0.0113735 Q: 1.44862
T: -0.0113735 Q: -0.00605526
T: 0.00385677 Q: -0.00667737
T: 0.0338546 Q: -0.00615876
T: 0.0777084 Q: 1.26809
T: 0.134086 Q: -0.00755548
T: 0.201274 Q: -0.00525873
T: 0.277231 Q: 1.08265
T: 0.359649 Q: 1.08297
T: 0.446025 Q: -0.00875079
T: 0.533732 Q: 0.958252
T: 0.620108 Q: -0.0179217
T: 0.702526 Q: 1.84347
T: 0.778483 Q: -0.0214998
T: 0.845671 Q: -0.0205143
T: 0.902048 Q: -0.0157398
T: 0.945902 Q: 1.07144
T: 0.9759 Q: -0.0171624
T: 0.99113 Q: 1.35642
T: 0.99113 Q: -0.0143821
T: 0.9759 Q: -0.0142359
T: 0.945902 Q: 1.1773
T: 0.902048 Q: 2.34913
T: 0.845671 Q: 1.0988
T: 0.778483 Q: -0.0203646
T: 0.702526 Q: -0.0203408
T: 0.620108 Q: -0.00944803
T: 0.533732 Q: -0.00829762
Sec_Event 17039103 N50: 35
T: -0.577817 Q: -0.00408581
T: -0.65713 Q: -0.00435307
T: -0.73281 Q: 2.09664
T: -0.802557 Q: -0.01271
T: -0.864251 Q: 0.979131
T: -0.916019 Q: 0.814799
T: -0.956288 Q: 0.960448
T: -0.983833 Q: 1.45103
T: -0.997818 Q: 1.40249
T: -0.997818 Q: -0.0291299
T: -0.983833 Q: -0.0351722
T: -0.956288 Q: -0.0381213
T: -0.916019 Q: 1.38655
T: -0.864251 Q: 1.23595
T: -0.802557 Q: -0.0455564
T: -0.73281 Q: -0.0279402
T: -0.65713 Q: -0.0145764
T: -0.577817 Q: -0.0114905
T: -0.49728 Q: 1.38893
T: -0.417967 Q: -0.0059577
T: -0.342288 Q: 1.25875
T: -0.272541 Q: -0.00377016
T: -0.210846 Q: -0.00353079
T: -0.159078 Q: 1.08514
T: -0.11881 Q: 1.1131
T: -0.0912649 Q: -0.00413759
T: -0.0772798 Q: -0.0016379
T: -0.0772798 Q: 1.2426
T: -0.0912649 Q: -0.00544262
T: -0.11881 Q: -0.000816189
T: -0.159078 Q: 1.74574
T: -0.210846 Q: -0.000785728
T: -0.272541 Q: 1.17904
T: -0.342288 Q: -0.00270987
T: -0.417967 Q: -0.00109627
T: -0.49728 Q: -0.00305878
Sec_Event 17648154 N50: 59
T: 0.230151 Q: 1.07502
T: 0.124007 Q: 2.94053
T: 0.0227258 Q: -0.00397046
T: -0.0706155 Q: -0.00584121
T: -0.153181 Q: 1.3567
T: -0.222461 Q: -0.00876246
T: -0.276352 Q: -0.00704145
T: -0.313215 Q: 1.33839
T: -0.331931 Q: 1.15444
T: -0.331931 Q: 1.45219
T: -0.313215 Q: 0.99595
T: -0.276352 Q: -0.0151402
T: -0.222461 Q: -0.0120646
T: -0.153181 Q: 1.23843
T: -0.0706155 Q: -0.0198902
T: 0.0227258 Q: -0.012698
T: 0.124007 Q: 2.8972
T: 0.230151 Q: 1.06621
T: 0.337932 Q: 0.85733
T: 0.444076 Q: 2.90115
T: 0.545357 Q: -0.00336654
T: 0.638699 Q: 2.17614
T: 0.721264 Q: -0.00106556
T: 0.790544 Q: 1.37081
T: 0.844435 Q: 1.49467
T: 0.881298 Q: 2.73105
T: 0.900014 Q: -0.000395252
T: 0.881298 Q: 1.43278
T: 0.844435 Q: -0.000677315
T: 0.790544 Q: -0.00120931
T: 0.721264 Q: -0.000661113
T: 0.638699 Q: -0.00109284
T: 0.545357 Q: 0.878722
T: 0.444076 Q: -0.00459684
T: 0.337932 Q: 1.02005
Sec_Event 18780463 N50: 33
T: -0.554341 Q: 1.08469
T: -0.637583 Q: -0.00394113
T: -0.717012 Q: -0.00413016
T: -0.790214 Q: 1.19408
T: -0.854965 Q: -0.00222385
T: -0.909298 Q: -0.00115863
T: -0.951561 Q: 1.2654
T: -0.980471 Q: -0.00181529
T: -0.995149 Q: -0.00181992
T: -0.995149 Q: 1.56331
T: -0.980471 Q: 2.66207
T: -0.951561 Q: -0.00210884
T: -0.909298 Q: 1.27023
T: -0.854965 Q: -0.00314435
T: -0.790214 Q: 1.19063
T: -0.717012 Q: 1.16632
T: -0.637583 Q: -0.00475352
T: -0.554341 Q: 2.45038
T: -0.469814 Q: -0.00884744
T: -0.386572 Q: 1.28765
T: -0.307143 Q: 1.30983
T: -0.23394 Q: 1.36429
T: -0.169189 Q: -0.00620824
T: -0.114857 Q: -0.00443575
T: -0.0725934 Q: -0.00534416
T: -0.0436836 Q: -0.00423294
T: -0.0290057 Q: -0.00221159
T: -0.0290057 Q: -0.00347861
T: -0.0436836 Q: -0.00416177
T: -0.0725934 Q: -0.00222485
T: -0.114857 Q: 1.30514
T: -0.169189 Q: 1.3926
T: -0.23394 Q: -0.00270971
T: -0.307143 Q: 2.56437
T: -0.386572 Q: 1.23269
T: -0.469814 Q: -0.00433267
Sec_Event 19082171 N50: 25
Sec_Event 19082171 N50: 41
T: 0.165514 Q: -0.00132027
T: 0.0558544 Q: 1.21472
T: -0.0487813 Q: 1.32499
T: -0.145214 Q: -0.00112072
T: -0.230514 Q: -0.000769413
T: -0.302089 Q: -0.00138342
T: -0.357764 Q: 1.63621
T: -0.395849 Q: -0.00338999
T: -0.415184 Q: 1.33654
T: -0.415184 Q: 2.41267
T: -0.395849 Q: -0.0011863
T: -0.357764 Q: 1.23097
T: -0.302089 Q: 1.2316
T: -0.230514 Q: -0.00108825
T: -0.145214 Q: -0.0013462
T: -0.0487813 Q: -0.0011084
T: 0.0558544 Q: -0.0022526
T: 0.165514 Q: 1.33876
T: 0.276865 Q: -0.00163444
T: 0.386524 Q: -0.00353136
T: 0.49116 Q: -0.00223928
T: 0.587592 Q: -0.0032985
T: 0.672892 Q: -0.00603439
T: 0.744467 Q: -0.0053048
T: 0.800143 Q: -0.00557569
T: 0.838227 Q: -0.00911177
T: 0.857563 Q: -0.00846155
T: 0.857563 Q: -0.00920273
T: 0.838227 Q: -0.00536023
T: 0.800143 Q: -0.00493675
T: 0.744467 Q: 1.0589
T: 0.672892 Q: 1.06029
T: 0.587592 Q: -0.00249466
T: 0.49116 Q: 1.29624
T: 0.386524 Q: 1.06734
T: 0.276865 Q: 1.12813
Sec_Event 19280472 N50: 27
T: 0.203016 Q: 0.878055
T: 0.0952793 Q: -0.00366455
T: -0.0075221 Q: -0.00215172
T: -0.102264 Q: -0.00272669
T: -0.186069 Q: -0.00241201
T: -0.256389 Q: -0.00155543
T: -0.311089 Q: -0.000836195
T: -0.348505 Q: -0.000613106
T: -0.367502 Q: -0.0010378
T: -0.367502 Q: -0.000993774
T: -0.348505 Q: -0.000337911
T: -0.311089 Q: 1.01378
T: -0.256389 Q: 1.35107
T: -0.102264 Q: -0.000906147
T: -0.0075221 Q: -0.00102527
T: 0.0952793 Q: 1.04995
T: 0.203016 Q: -0.000343265
T: 0.312415 Q: -0.000735843
T: 0.420152 Q: -0.00063326
T: 0.522953 Q: 2.11627
T: 0.617696 Q: 0.929105
T: 0.7015 Q: -0.00153939
T: 0.77182 Q: -0.00208748
T: 0.82652 Q: -0.00355668
T: 0.863937 Q: -0.00423553
T: 0.882933 Q: -0.00864511
T: 0.882933 Q: -0.0161581
T: 0.863937 Q: -0.0212864
T: 0.82652 Q: -0.0180884
T: 0.77182 Q: -0.0130963
T: 0.7015 Q: -0.0135434
T: 0.617696 Q: -0.00958253
T: 0.522953 Q: -0.00758011
T: 0.420152 Q: 0.87151
T: 0.312415 Q: -0.00860026
Sec_Event 20118750 N50: 49
T: 0.720128 Q: 1.29072
T: 0.699228 Q: -0.0118346
T: 0.679286 Q: 1.47263
T: 0.660906 Q: 1.1203
T: 0.644649 Q: -0.0119217
T: 0.631007 Q: 1.2302
T: 0.620396 Q: 2.69814
T: 0.613138 Q: -0.0119383
T: 0.609452 Q: -0.00690833
T: 0.609452 Q: -0.00764855
T: 0.613138 Q: 1.04451
T: 0.620396 Q: -0.00907588
T: 0.631007 Q: -0.0114013
T: 0.644649 Q: 1.07457
T: 0.660906 Q: 1.04311
T: 0.679286 Q: 1.24949
T: 0.699228 Q: 2.61082
T: 0.720128 Q: 1.15495
T: 0.741351 Q: -0.0137504
T: 0.762251 Q: -0.016945
T: 0.782194 Q: 1.04242
T: 0.800573 Q: -0.0131187
T: 0.81683 Q: 1.28752
T: 0.830472 Q: -0.0116841
T: 0.841083 Q: -0.012691
T: 0.848342 Q: 2.42243
T: 0.852027 Q: 1.28378
T: 0.852027 Q: 1.18689
T: 0.848342 Q: -0.0108606
T: 0.841083 Q: -0.0123715
T: 0.830472 Q: 2.50134
T: 0.81683 Q: 1.21007
T: 0.800573 Q: 1.00631
T: 0.782194 Q: 1.24796
T: 0.762251 Q: 2.81876
T: 0.741351 Q: 1.18319
Sec_Event 20118750 N50: 29
T: 0.708421 Q: -0.0160601
T: 0.681328 Q: -0.0205795
T: 0.655476 Q: -0.0159163
T: 0.631651 Q: -0.0204299
T: 0.610576 Q: 1.22903
T: 0.592892 Q: 1.58495
T: 0.579137 Q: -0.0155182
T: 0.569727 Q: -0.0124344
T: 0.56495 Q: -0.00868655
T: 0.56495 Q: -0.0130706
T: 0.569727 Q: -0.00875263
T: 0.579137 Q: 1.51772
T: 0.592892 Q: 1.00302
T: 0.610576 Q: 3.23869
T: 0.631651 Q: -0.00997682
T: 0.655476 Q: 1.14542
T: 0.681328 Q: 1.08096
T: 0.708421 Q: 1.12192
T: 0.735932 Q: -0.0087447
T: 0.763026 Q: -0.00734546
T: 0.788878 Q: -0.0100934
T: 0.812703 Q: 1.16167
T: 0.833778 Q: -0.0105142
T: 0.851461 Q: -0.0095438
T: 0.865217 Q: -0.0109504
T: 0.874626 Q: -0.0120631
T: 0.879404 Q: -0.00616723
T: 0.879404 Q: 1.32885
T: 0.874626 Q: -0.00690045
T: 0.865217 Q: -0.00737974
T: 0.851461 Q: -0.00731617
T: 0.833778 Q: -0.00799849
T: 0.812703 Q: -0.0103358
T: 0.788878 Q: 1.16318
T: 0.763026 Q: 2.5029
T: 0.735932 Q: 1.18856
400000/413912
Sec_Event 21221739 N50: 34
T: -0.340634 Q: 1.18194
T: -0.446598 Q: 1.37883
T: -0.547708 Q: -0.0207186
T: -0.640892 Q: 1.20063
T: -0.723317 Q: 1.18825
T: -0.79248 Q: -0.0101907
T: -0.84628 Q: 1.06679
T: -0.883081 Q: -0.00782843
T: -0.901765 Q: -0.00733314
T: -0.901765 Q: 1.24696
T: -0.883081 Q: 2.14073
T: -0.84628 Q: -0.009609
T: -0.79248 Q: -0.00992064
T: -0.723317 Q: 2.39492
T: -0.640892 Q: -0.0197055
T: -0.547708 Q: -0.0318307
T: -0.446598 Q: -0.0335382
T: -0.340634 Q: -0.025175
T: -0.233035 Q: -0.0277117
T: -0.127071 Q: -0.0315967
T: -0.0259613 Q: -0.0300117
T: 0.0672221 Q: -0.0302887
T: 0.149648 Q: -0.0309971
T: 0.218811 Q: -0.0258333
T: 0.27261 Q: -0.04379
T: 0.309411 Q: -0.0382216
T: 0.328096 Q: -0.0330682
T: 0.328096 Q: -0.0307892
T: 0.309411 Q: -0.0321899
T: 0.27261 Q: -0.0246046
T: 0.218811 Q: -0.0232331
T: 0.149648 Q: -0.0207321
T: 0.0672221 Q: 1.16417
T: -0.0259613 Q: -0.0206577
T: -0.127071 Q: 1.30447
T: -0.233035 Q: 1.19408
Sec_Event 21221739 N50: 33
T: -0.477466 Q: -0.0152901
T: -0.571161 Q: -0.0166553
T: -0.660564 Q: 1.08014
T: -0.742958 Q: -0.0100156
T: -0.81584 Q: -0.00713244
T: -0.876995 Q: -0.00672265
T: -0.924565 Q: 1.1897
T: -0.957105 Q: 2.56854
T: -0.973626 Q: -0.0072811
T: -0.973626 Q: -0.00541873
T: -0.957105 Q: -0.00484284
T: -0.924565 Q: 1.02029
T: -0.876995 Q: -0.00705422
T: -0.81584 Q: -0.00777121
T: -0.742958 Q: -0.0104743
T: -0.660564 Q: 1.96103
T: -0.571161 Q: -0.0283378
T: -0.477466 Q: 1.01639
T: -0.382326 Q: 1.37998
T: -0.288631 Q: 1.25297
T: -0.199228 Q: -0.0277627
T: -0.116834 Q: -0.0218921
T: -0.0439528 Q: -0.0182606
T: 0.0172023 Q: -0.0233825
T: 0.0647724 Q: -0.0176978
T: 0.0973123 Q: -0.0196047
T: 0.113833 Q: -0.0199863
T: 0.113833 Q: 1.19016
T: 0.0973123 Q: 1.06096
T: 0.0647724 Q: -0.0180438
T: 0.0172023 Q: 1.11806
T: -0.0439528 Q: -0.0163807
T: -0.116834 Q: 1.23913
T: -0.199228 Q: -0.0183613
T: -0.288631 Q: -0.0182184
T: -0.382326 Q: -0.0170553
Sec_Event 21221739 N50: 26
T: -0.733539 Q: -0.0235328
T: -0.762754 Q: -0.0196463
T: -0.790631 Q: -0.0169427
T: -0.816322 Q: -0.0117022
T: -0.839047 Q: -0.0114082
T: -0.858116 Q: 0.995843
T: -0.872949 Q: -0.0107141
T: -0.883095 Q: -0.00957532
T: -0.888247 Q: -0.00945627
T: -0.888247 Q: 1.08942
T: -0.883095 Q: 1.01394
T: -0.872949 Q: -0.0136093
T: -0.858116 Q: -0.0109577
T: -0.839047 Q: 0.962785
T: -0.816322 Q: -0.0111522
T: -0.790631 Q: -0.0106676
T: -0.762754 Q: -0.0122042
T: -0.733539 Q: 1.06634
T: -0.703873 Q: -0.0136027
T: -0.674658 Q: -0.0140557
T: -0.646781 Q: 1.06275
T: -0.62109 Q: -0.0135324
T: -0.598364 Q: -0.0135966
T: -0.579295 Q: -0.0164774
T: -0.564463 Q: 1.04353
T: -0.554316 Q: 1.05088
T: -0.549165 Q: -0.0239996
T: -0.549165 Q: 1.11623
T: -0.554316 Q: 1.05635
T: -0.564463 Q: -0.0201859
T: -0.579295 Q: -0.0190392
T: -0.598364 Q: -0.0219203
T: -0.62109 Q: 3.01469
T: -0.646781 Q: -0.0221162
T: -0.674658 Q: 0.886944
T: -0.703873 Q: 1.07115
Sec_Event 21246710 N50: 36
T: 0.371069 Q: -0.0291415
T: 0.276225 Q: -0.0284244
T: 0.185727 Q: 1.31702
T: 0.102323 Q: 1.52756
T: 0.0285478 Q: -0.0337968
T: -0.0333568 Q: -0.0420961
T: -0.0815101 Q: -0.0478051
T: -0.114449 Q: -0.0436828
T: -0.131172 Q: 1.40861
T: -0.131172 Q: -0.0483345
T: -0.114449 Q: -0.051983
T: -0.0815101 Q: -0.0417455
T: -0.0333568 Q: -0.0499384
T: 0.0285478 Q: -0.0439126
T: 0.102323 Q: 1.36585
T: 0.185727 Q: 1.51866
T: 0.276225 Q: -0.0349171
T: 0.371069 Q: -0.0402065
T: 0.467375 Q: -0.0364488
T: 0.562219 Q: -0.0332666
T: 0.652717 Q: 2.72162
T: 0.736121 Q: 1.50758
T: 0.809896 Q: -0.0141842
T: 0.871801 Q: -0.00878685
T: 0.919954 Q: -0.0103878
T: 0.952893 Q: 1.26018
T: 0.969616 Q: 2.53806
T: 0.969616 Q: 1.66985
T: 0.952893 Q: 1.33701
T: 0.919954 Q: -0.0083655
T: 0.871801 Q: -0.0110091
T: 0.809896 Q: 1.513
T: 0.736121 Q: -0.0216198
T: 0.652717 Q: -0.0193057
T: 0.562219 Q: -0.0231229
T: 0.467375 Q: -0.0254419
Sec_Event 21246710 N50: 34
T: -0.288187 Q: -0.0186727
T: -0.39727 Q: 2.54345
T: -0.501356 Q: -0.0273153
T: -0.597282 Q: -0.0376757
T: -0.682134 Q: 1.22665
T: -0.753333 Q: -0.0472162
T: -0.808717 Q: -0.0462099
T: -0.846601 Q: -0.0429164
T: -0.865835 Q: -0.0473852
T: -0.865835 Q: -0.038059
T: -0.846601 Q: -0.0373767
T: -0.808717 Q: -0.021097
T: -0.753333 Q: -0.00901228
T: -0.682134 Q: -0.00867732
T: -0.597282 Q: 1.11524
T: -0.501356 Q: 1.22745
T: -0.39727 Q: -0.00584856
T: -0.288187 Q: -0.00247953
T: -0.17742 Q: -0.00493786
T: -0.068337 Q: -0.003209
T: 0.0357492 Q: -0.0026705
T: 0.131676 Q: 1.19622
T: 0.216527 Q: -0.00298104
T: 0.287726 Q: 1.32582
T: 0.34311 Q: -0.00385398
T: 0.380994 Q: -0.00529903
T: 0.400228 Q: -0.00862024
T: 0.400228 Q: 2.96786
T: 0.380994 Q: -0.0135442
T: 0.34311 Q: 1.14171
T: 0.287726 Q: -0.0126974
T: 0.216527 Q: 1.29308
T: 0.131676 Q: -0.0196612
T: 0.0357492 Q: -0.0153952
T: -0.068337 Q: -0.020468
T: -0.17742 Q: -0.0159132
Sec_Event 21246710 N50: 40
T: -0.487882 Q: -0.0126954
T: -0.580343 Q: -0.0154758
T: -0.668568 Q: -0.0236838
T: -0.749877 Q: -0.0312171
T: -0.821799 Q: 1.9711
T: -0.882148 Q: -0.0405529
T: -0.929092 Q: 1.31231
T: -0.961203 Q: 1.34893
T: -0.977506 Q: -0.0364608
T: -0.977506 Q: 1.59492
T: -0.961203 Q: -0.0396739
T: -0.929092 Q: 0.936739
T: -0.882148 Q: 2.1566
T: -0.821799 Q: 1.24708
T: -0.749877 Q: -0.0179806
T: -0.668568 Q: -0.0127643
T: -0.580343 Q: 1.11313
T: -0.487882 Q: 1.26349
T: -0.393995 Q: 1.09808
T: -0.301534 Q: 1.18975
T: -0.213309 Q: -0.00384482
T: -0.132 Q: 2.42346
T: -0.0600787 Q: -0.00467732
T: 0.000270851 Q: 1.255
T: 0.0472144 Q: 1.27399
T: 0.0793258 Q: -0.0050651
T: 0.0956291 Q: -0.00498503
T: 0.0956291 Q: -0.00710805
T: 0.0793258 Q: -0.00320335
T: 0.0472144 Q: 1.19534
T: 0.000270851 Q: -0.00956264
T: -0.0600787 Q: 1.17379
T: -0.132 Q: -0.0083149
T: -0.213309 Q: -0.011109
T: -0.301534 Q: -0.0133075
T: -0.393995 Q: -0.010748
Sec_Event 21246710 N50: 33
T: -0.329245 Q: -0.0235477
T: -0.435952 Q: -0.0256195
T: -0.53777 Q: -0.0301411
T: -0.631607 Q: -0.0396493
T: -0.71461 Q: 2.43413
T: -0.784258 Q: -0.0501708
T: -0.838435 Q: 2.12619
T: -0.875494 Q: 2.1901
T: -0.894309 Q: -0.0398051
T: -0.894309 Q: -0.0463971
T: -0.875494 Q: -0.0429688
T: -0.838435 Q: -0.0231176
T: -0.784258 Q: 1.38168
T: -0.71461 Q: -0.00625346
T: -0.631607 Q: 2.34955
T: -0.53777 Q: -0.00245448
T: -0.435952 Q: 1.18846
T: -0.329245 Q: 1.25696
T: -0.220892 Q: -0.00242391
T: -0.114185 Q: -0.00229662
T: -0.0123662 Q: -0.00283901
T: 0.0814704 Q: -0.0013188
T: 0.164474 Q: -0.00373168
T: 0.234122 Q: 1.2754
T: 0.288298 Q: -0.00849342
T: 0.325357 Q: -0.00368601
T: 0.344172 Q: -0.010998
T: 0.344172 Q: -0.00610139
T: 0.325357 Q: -0.0190144
T: 0.288298 Q: -0.012336
T: 0.234122 Q: -0.0092291
T: 0.164474 Q: 1.08882
T: 0.0814704 Q: 1.40701
T: -0.0123662 Q: -0.0110116
T: -0.114185 Q: -0.0183236
T: -0.220892 Q: 2.86316

gestpm: TOTAL NUMBER PMT: WALL; TOP; BOTTOM; ALL  7650  1748  1748 11146
 *****************************
 * This is for SK-VI map      *
 *****************************
 findconsts: connection table file: /home/licheng/local/skofl/const//connection.super.dat
gexyz: PMT # FOR EACH SECTION       1  7650  7651  9398  9399 11146
gexyz: maxpm,nlwal     11146      7650
 findconsts: connection table1 file: /home/licheng/local/skofl/const//connection.super.dat
 findconsts: connection table2 file: /home/licheng/local/skofl/const//connection.super.sk-5.dat
 findfile: checking /home/licheng/local/skofl/const//misch3.dat
 findfile: found /home/licheng/local/skofl/const//misch3.dat
 findconsts: mis channel file: /home/licheng/local/skofl/const//misch3.dat
 findfile: checking /home/licheng/local/skofl/const//skpmt_sk5.dat
 findfile: found /home/licheng/local/skofl/const//skpmt_sk5.dat
 findconsts: pmt file: /home/licheng/local/skofl/const//skpmt_sk5.dat
gestpma: TOTAL NUMBER anti PMT: WALL; TOP; BOTTOM; ALL  1275   302   308  1885
gexyza: anti PMT # FOR EACH SECTION       1  1275  1276  1577  1578  1885
 maxpma,nlwala      1885      1275
 skbadch: log_level =            0
 findconsts: badch.090059 file: /home/licheng/local/skofl/const//badch/badch.090059
 findconsts: bad channel file: /home/licheng/local/skofl/const//badch.dat
 findconsts: badch.090059 file: /home/licheng/local/skofl/const//badch/badch.090059
 skdark: log_level =            0
 findconsts: darkr.090059.root file: /home/licheng/local/skofl/const//darkr/darkr.090059.root
 findconsts: badsub SK-I 1 file: /home/licheng/local/skofl/const//lowe/badsub.sk.r1742-3051.r3208-3608
 nbad 1 =         1851
 findconsts: badsub SK-I 2 file: /home/licheng/local/skofl/const//lowe/badsub.sk.realtim
 nbad 2 =        17511
 findconsts: badsub SK-I 3 file: /home/licheng/local/skofl/const//lowe/badsub.sk.manual.1260day
 nbad 3 =        21939
 findconsts: badsub SK-I 4 file: /home/licheng/local/skofl/const//lowe/badsub.sk.sle.1260day
 nbad 4 =        28004
 findconsts: badsub SK-I 5 file: /home/licheng/local/skofl/const//lowe/badsub.sk.manual
 nbad 5 =        28105
 findconsts: badsub SK-I 6 file: /home/licheng/local/skofl/const//lowe/badsub.sk.sle
 nbad 6 =        28105
 findconsts: badsub SK-II 1 file: /home/licheng/local/skofl/const//lowe/badsub.sk2.manual
 nbad_sk2 SK-II 1 =        27759
 findconsts: badsub SK-III 1 file: /home/licheng/local/skofl/const//lowe/badsub.sk3.manual
 nbad_sk3 SK-III 1 =         4149
 findconsts: badsub SK-IV file: /home/licheng/local/skofl/const//lowe/badsub.sk4.manual
 nbad_sk4 SK-IV =        66921
 read local badsub.sk5.manual.local
 nbad_sk5 SK-V =         2595
 read local badsub.sk6.manual.local
 nbad_sk6 SK-VI (Gd) =         7717
 findconsts: skcoverage_barrel file: /home/licheng/local/skofl/const//lowe/skcov_b_p3.dat
 findconsts: nearest neighbor file: /home/licheng/local/skofl/const//neighb.dat
 neighbsk: reading neighbor file /home/licheng/local/skofl/const//neighb.dat
 findconsts: skcoverage_sk4_final file: /home/licheng/local/skofl/const//lowe/skcov_c_p3.dat
