Output file: output/wt_090459.root input file:/disk03/lowe10/sk7/sle/lomugd.090459.root
 Id of this manager : 10
InitReadRoot: total = 520039
RUNINFO found in the rare list
SK geometry setting: 6
***** Dummy rgetvalue was called. (Remote File Access is not supported) *****
==========WT:========== 13437.3 13815.7 12535.3
0/520039
Sec_Event 113933 N50: 27
T: -0.458486 Q: 1.16344
T: -0.554305 Q: -0.0135453
T: -0.645733 Q: -0.0111395
T: -0.729994 Q: -0.00757149
T: -0.804528 Q: -0.00518006
T: -0.867069 Q: 1.11427
T: -0.915717 Q: 1.04693
T: -0.948994 Q: -0.00631069
T: -0.96589 Q: 1.18671
T: -0.96589 Q: -0.00392758
T: -0.948994 Q: -0.00554964
T: -0.915717 Q: -0.00398638
T: -0.867069 Q: 1.12674
T: -0.804528 Q: -0.00554956
T: -0.729994 Q: -0.00785498
T: -0.645733 Q: -0.0107664
T: -0.554305 Q: -0.01838
T: -0.458486 Q: -0.0358154
T: -0.36119 Q: -0.0262325
T: -0.265372 Q: 1.41191
T: -0.173943 Q: 1.28965
T: -0.0896816 Q: -0.0300753
T: -0.0151482 Q: -0.0232321
T: 0.0473927 Q: -0.0343329
T: 0.0960409 Q: -0.0183461
T: 0.129318 Q: 1.32461
T: 0.146214 Q: 1.265
T: 0.146214 Q: -0.0253936
T: 0.129318 Q: -0.0153633
T: 0.0960409 Q: -0.0195739
T: 0.0473927 Q: 1.38226
T: -0.0151482 Q: 1.19467
T: -0.0896816 Q: -0.0175059
T: -0.173943 Q: -0.0126073
T: -0.265372 Q: 1.20162
T: -0.36119 Q: -0.0128249
Sec_Event 1063942 N50: 37
T: -0.146519 Q: -0.000329831
T: -0.260564 Q: 1.37098
T: -0.469675 Q: 1.35324
T: -0.558387 Q: -0.00104924
T: -0.632825 Q: -0.00169547
T: -0.690728 Q: -0.00601093
T: -0.730335 Q: -0.00889269
T: -0.750444 Q: -0.0091174
T: -0.750444 Q: 1.05332
T: -0.730335 Q: 0.734142
T: -0.690728 Q: -0.0374594
T: -0.632825 Q: -0.0332485
T: -0.558387 Q: -0.0357282
T: -0.469675 Q: 0.930057
T: -0.369385 Q: -0.0241693
T: -0.260564 Q: -0.0273888
T: -0.146519 Q: -0.023797
T: -0.0307138 Q: -0.015569
T: 0.0833318 Q: -0.020722
T: 0.192153 Q: 0.766212
T: 0.292443 Q: -0.0108242
T: 0.381155 Q: 0.998535
T: 0.455593 Q: -0.00316986
T: 0.513495 Q: -0.00413001
T: 0.553103 Q: 1.05411
T: 0.573212 Q: -0.0013129
T: 0.573212 Q: -0.0015866
T: 0.553103 Q: -0.0012259
T: 0.513495 Q: -0.00149326
T: 0.455593 Q: 1.44897
T: 0.381155 Q: -0.00133666
T: 0.292443 Q: 1.17428
T: 0.192153 Q: -0.000259717
T: 0.0833318 Q: -0.000553065
T: -0.0307138 Q: 1.09187
Sec_Event 1102780 N50: 31
T: -0.0971813 Q: 1.11356
T: -0.211889 Q: 1.12537
T: -0.321341 Q: 1.16495
T: -0.422213 Q: -0.0107455
T: -0.51144 Q: -0.0081229
T: -0.586309 Q: -0.00987048
T: -0.644548 Q: -0.0126886
T: -0.684385 Q: -0.0175627
T: -0.704611 Q: 1.95776
T: -0.704611 Q: -0.0395514
T: -0.684385 Q: 1.28385
T: -0.644548 Q: -0.0332621
T: -0.586309 Q: -0.0276508
T: -0.51144 Q: -0.0267085
T: -0.422213 Q: 1.11985
T: -0.321341 Q: -0.0180127
T: -0.211889 Q: -0.0222919
T: -0.0971813 Q: -0.0238466
T: 0.0192956 Q: -0.0149979
T: 0.134003 Q: -0.0226939
T: 0.243455 Q: -0.023666
T: 0.344327 Q: -0.0162726
T: 0.433554 Q: -0.0183402
T: 0.508424 Q: -0.0147606
T: 0.566662 Q: -0.0126939
T: 0.6065 Q: 2.52114
T: 0.626726 Q: -0.014724
T: 0.626726 Q: -0.00869214
T: 0.6065 Q: 1.00311
T: 0.566662 Q: 1.00772
T: 0.508424 Q: -0.00644632
T: 0.433554 Q: -0.00695851
T: 0.344327 Q: -0.00560382
T: 0.243455 Q: -0.00790969
T: 0.134003 Q: 1.09756
T: 0.0192956 Q: -0.00562207
Sec_Event 2873032 N50: 32
T: -0.568782 Q: -0.0219783
T: -0.649657 Q: -0.0186506
T: -0.726826 Q: 0.924152
T: -0.797946 Q: 1.05664
T: -0.860855 Q: -0.0410719
T: -0.913642 Q: -0.0482
T: -0.954703 Q: 0.763765
T: -0.982791 Q: 0.887625
T: -0.997051 Q: -0.0474818
T: -0.997051 Q: 1.33254
T: -0.982791 Q: -0.042063
T: -0.954703 Q: -0.0442854
T: -0.913642 Q: -0.0508831
T: -0.860855 Q: -0.0603263
T: -0.797946 Q: -0.0687426
T: -0.726826 Q: -0.0702967
T: -0.649657 Q: -0.0683982
T: -0.568782 Q: 1.1577
T: -0.48666 Q: -0.0421193
T: -0.405785 Q: 1.36773
T: -0.328616 Q: -0.0479335
T: -0.257496 Q: 1.28873
T: -0.194587 Q: 2.75521
T: -0.1418 Q: -0.0340337
T: -0.100739 Q: -0.0364826
T: -0.0726513 Q: -0.029098
T: -0.058391 Q: -0.0271224
T: -0.058391 Q: 1.54027
T: -0.0726513 Q: -0.021697
T: -0.100739 Q: 2.59548
T: -0.1418 Q: 2.19834
T: -0.194587 Q: -0.0237669
T: -0.257496 Q: -0.0215969
T: -0.328616 Q: -0.0194677
T: -0.405785 Q: 1.32241
T: -0.48666 Q: -0.0174786
Sec_Event 2881647 N50: 42
T: 0.205758 Q: -0.0234197
T: 0.0981746 Q: -0.0124329
T: -0.00448065 Q: -0.0124989
T: -0.0990882 Q: -0.0136141
T: -0.182774 Q: 1.0258
T: -0.252994 Q: 1.09776
T: -0.307616 Q: -0.0114383
T: -0.344979 Q: 1.15284
T: -0.363949 Q: -0.00675453
T: -0.363949 Q: -0.00499398
T: -0.344979 Q: -0.00378158
T: -0.307616 Q: 1.11254
T: -0.252994 Q: 2.52774
T: -0.182774 Q: -0.00388747
T: -0.0990882 Q: 3.74044
T: -0.00448065 Q: -0.00186172
T: 0.0981746 Q: 1.44123
T: 0.205758 Q: -0.00122669
T: 0.315002 Q: -0.00201057
T: 0.422586 Q: -0.00613344
T: 0.525241 Q: 1.2497
T: 0.619848 Q: -0.00308511
T: 0.703534 Q: 0.973488
T: 0.773754 Q: -0.00584718
T: 0.828376 Q: 0.967571
T: 0.865739 Q: 2.21564
T: 0.884709 Q: -0.0050342
T: 0.884709 Q: -0.0086242
T: 0.865739 Q: 1.50748
T: 0.828376 Q: 1.24544
T: 0.773754 Q: -0.0103534
T: 0.703534 Q: -0.0115774
T: 0.619848 Q: 1.15272
T: 0.525241 Q: -0.0202187
T: 0.422586 Q: -0.0159963
T: 0.315002 Q: 1.06644
Sec_Event 2910645 N50: 25
T: -0.174527 Q: -0.0526891
T: -0.287962 Q: -0.0441841
T: -0.396199 Q: -0.0584495
T: -0.495952 Q: 1.57966
T: -0.584188 Q: 1.27656
T: -0.658227 Q: 1.2056
T: -0.715819 Q: -0.0928666
T: -0.755214 Q: 1.41356
T: -0.775216 Q: 1.32045
T: -0.775216 Q: -0.095695
T: -0.755214 Q: -0.0829975
T: -0.715819 Q: -0.0735121
T: -0.658227 Q: -0.0523479
T: -0.584188 Q: 1.37221
T: -0.495952 Q: 1.26043
T: -0.396199 Q: -0.0199418
T: -0.287962 Q: 2.48245
T: -0.174527 Q: -0.0220063
T: -0.0593432 Q: 1.07975
T: 0.054091 Q: -0.013298
T: 0.162329 Q: -0.0275108
T: 0.262081 Q: -0.0151995
T: 0.350317 Q: 0.674868
T: 0.424356 Q: -0.00448342
T: 0.481948 Q: 1.21005
T: 0.521344 Q: -0.00233944
T: 0.541345 Q: 0.854466
T: 0.541345 Q: -0.00169622
T: 0.521344 Q: 1.00209
T: 0.481948 Q: 1.10776
T: 0.424356 Q: -0.00442176
T: 0.350317 Q: -0.00894525
T: 0.262081 Q: -0.0247142
T: 0.162329 Q: -0.0515363
T: 0.054091 Q: -0.0599469
T: -0.0593432 Q: -0.0447741
Sec_Event 2910645 N50: 25
T: 0.693332 Q: -0.0013098
T: 0.659632 Q: -0.00115334
T: 0.627475 Q: 1.13264
T: 0.59784 Q: -0.00278092
T: 0.571626 Q: -0.00392664
T: 0.54963 Q: -0.00231751
T: 0.53252 Q: -0.002846
T: 0.520816 Q: 1.09751
T: 0.514874 Q: -0.00660841
T: 0.514874 Q: -0.00414342
T: 0.520816 Q: -0.00338032
T: 0.53252 Q: -0.00283936
T: 0.54963 Q: -0.0030375
T: 0.571626 Q: -0.00199468
T: 0.59784 Q: -0.00178893
T: 0.627475 Q: -0.00159195
T: 0.659632 Q: -0.00106499
T: 0.693332 Q: 1.01224
T: 0.727552 Q: -0.00305492
T: 0.761252 Q: -0.000748178
T: 0.793408 Q: 1.23118
T: 0.823043 Q: -0.000923974
T: 0.849257 Q: -0.000949535
T: 0.871253 Q: -0.000326985
T: 0.888363 Q: -0.000560098
T: 0.900067 Q: -0.000344937
T: 0.906009 Q: 1.19082
T: 0.906009 Q: -0.00049497
T: 0.900067 Q: -0.00077874
T: 0.871253 Q: -0.000466774
T: 0.849257 Q: -0.00131538
T: 0.823043 Q: -0.000723745
T: 0.793408 Q: 2.30009
T: 0.761252 Q: -0.000924022
T: 0.727552 Q: 1.07976
Sec_Event 3085660 N50: 47
T: 0.121321 Q: -0.0298344
T: 0.00979767 Q: -0.0265492
T: -0.096617 Q: -0.0274131
T: -0.194689 Q: 2.24402
T: -0.281439 Q: -0.0328671
T: -0.354231 Q: -0.0446926
T: -0.410853 Q: -0.0460443
T: -0.449585 Q: -0.0401098
T: -0.46925 Q: 0.981991
T: -0.46925 Q: 1.01363
T: -0.449585 Q: 1.04076
T: -0.410853 Q: -0.0539754
T: -0.354231 Q: -0.0597976
T: -0.281439 Q: 1.46295
T: -0.194689 Q: -0.0539593
T: -0.096617 Q: -0.0461009
T: 0.00979767 Q: -0.0433234
T: 0.121321 Q: -0.0463891
T: 0.234565 Q: -0.050057
T: 0.346089 Q: -0.0603942
T: 0.452504 Q: -0.0560048
T: 0.550576 Q: -0.0833994
T: 0.637326 Q: 1.30513
T: 0.710118 Q: -0.0783979
T: 0.76674 Q: -0.0558378
T: 0.805472 Q: -0.0518107
T: 0.825137 Q: -0.0541903
T: 0.825137 Q: -0.0474902
T: 0.805472 Q: 1.27499
T: 0.76674 Q: 1.46171
T: 0.710118 Q: 1.52272
T: 0.637326 Q: -0.0638304
T: 0.550576 Q: 2.27004
T: 0.452504 Q: 1.07774
T: 0.346089 Q: -0.0258376
T: 0.234565 Q: -0.0265835
Sec_Event 3279853 N50: 46
T: 0.653954 Q: -0.0718431
T: 0.606874 Q: -0.0667708
T: 0.561952 Q: -0.0525006
T: 0.520551 Q: -0.0516685
T: 0.48393 Q: 1.25019
T: 0.453201 Q: 1.22647
T: 0.429298 Q: 2.43341
T: 0.412948 Q: -0.0246353
T: 0.404646 Q: -0.0212961
T: 0.404646 Q: 1.1368
T: 0.412948 Q: -0.0134359
T: 0.429298 Q: 1.16134
T: 0.453201 Q: -0.00818184
T: 0.48393 Q: -0.00722378
T: 0.520551 Q: -0.00805307
T: 0.561952 Q: 4.98471
T: 0.606874 Q: 1.26293
T: 0.653954 Q: -0.0108769
T: 0.701759 Q: -0.00966039
T: 0.748839 Q: -0.0079381
T: 0.793761 Q: -0.0180056
T: 0.835162 Q: -0.0188405
T: 0.871783 Q: 1.99412
T: 0.902512 Q: -0.0311292
T: 0.926415 Q: 2.18677
T: 0.942765 Q: 1.01095
T: 0.951067 Q: 1.39676
T: 0.951067 Q: -0.0487208
T: 0.942765 Q: -0.0446869
T: 0.926415 Q: -0.0490676
T: 0.902512 Q: -0.0504314
T: 0.871783 Q: -0.059377
T: 0.835162 Q: -0.0638913
T: 0.793761 Q: -0.0727834
T: 0.748839 Q: -0.0870478
T: 0.701759 Q: 1.27905
Sec_Event 3482184 N50: 27
T: 0.113979 Q: 1.163
T: 0.00218653 Q: -0.00373362
T: -0.104485 Q: 0.891819
T: -0.202793 Q: -0.000888663
T: -0.289752 Q: 0.948642
T: -0.36272 Q: 0.882102
T: -0.419478 Q: -0.00169727
T: -0.458303 Q: -0.00388792
T: -0.478015 Q: -0.00300904
T: -0.478015 Q: -0.00845407
T: -0.458303 Q: -0.00718801
T: -0.419478 Q: -0.00758334
T: -0.36272 Q: -0.00865859
T: -0.289752 Q: -0.00892282
T: -0.202793 Q: -0.0096758
T: -0.104485 Q: -0.0116888
T: 0.00218653 Q: 0.91177
T: 0.113979 Q: -0.0165298
T: 0.227496 Q: -0.016287
T: 0.339289 Q: -0.0135467
T: 0.44596 Q: -0.0115636
T: 0.544268 Q: -0.0140598
T: 0.631227 Q: -0.0101941
T: 0.704195 Q: -0.00805045
T: 0.760953 Q: -0.00718533
T: 0.799779 Q: 0.843037
T: 0.819491 Q: -0.00446595
T: 0.819491 Q: 1.12095
T: 0.799779 Q: 0.759737
T: 0.760953 Q: 1.50146
T: 0.704195 Q: -0.0028784
T: 0.631227 Q: -0.0016165
T: 0.544268 Q: -0.00166605
T: 0.44596 Q: -0.000991652
T: 0.339289 Q: -0.00137424
T: 0.227496 Q: 2.13076
Sec_Event 4088335 N50: 43
T: -0.0207334 Q: 1.10774
T: -0.135452 Q: -0.0369799
T: -0.244916 Q: -0.0381798
T: -0.345798 Q: -0.0411974
T: -0.435033 Q: -0.0557961
T: -0.50991 Q: 1.21754
T: -0.568154 Q: -0.0387738
T: -0.607996 Q: -0.0383362
T: -0.628224 Q: -0.0313929
T: -0.628224 Q: -0.0186357
T: -0.607996 Q: 2.88171
T: -0.568154 Q: -0.00501621
T: -0.50991 Q: 1.84272
T: -0.435033 Q: 1.19334
T: -0.345798 Q: -0.00238844
T: -0.244916 Q: 0.89582
T: -0.135452 Q: -0.000487685
T: -0.0207334 Q: -0.00116181
T: 0.095755 Q: -0.00152001
T: 0.210474 Q: -0.00293296
T: 0.420819 Q: 0.929332
T: 0.510054 Q: -0.00504887
T: 0.584932 Q: -0.00366802
T: 0.643176 Q: 1.0166
T: 0.683017 Q: -0.0113274
T: 0.703245 Q: 4.94916
T: 0.703245 Q: 0.827429
T: 0.683017 Q: 0.973962
T: 0.643176 Q: 1.12253
T: 0.584932 Q: -0.0230403
T: 0.510054 Q: -0.0287121
T: 0.420819 Q: -0.0409644
T: 0.319937 Q: 1.06731
T: 0.210474 Q: -0.0446735
T: 0.095755 Q: 1.54244
Sec_Event 4677748 N50: 54
T: 0.707497 Q: 3.34602
T: 0.679962 Q: -0.0343234
T: 0.653688 Q: -0.0179804
T: 0.629474 Q: -0.0125713
T: 0.608056 Q: -0.00777455
T: 0.590083 Q: -0.00413628
T: 0.576104 Q: 1.0595
T: 0.566541 Q: -0.00128839
T: 0.561686 Q: -0.00193506
T: 0.561686 Q: 1.35254
T: 0.566541 Q: 1.18869
T: 0.576104 Q: -0.00105294
T: 0.590083 Q: -0.000262109
T: 0.608056 Q: 3.7781
T: 0.629474 Q: -0.000879664
T: 0.653688 Q: -0.000870602
T: 0.679962 Q: -0.00210461
T: 0.707497 Q: -0.00313533
T: 0.735457 Q: 1.03626
T: 0.762992 Q: -0.00689106
T: 0.789266 Q: 0.865306
T: 0.81348 Q: -0.00705361
T: 0.834898 Q: -0.0211431
T: 0.85287 Q: -0.0467467
T: 0.86685 Q: -0.0657179
T: 0.876413 Q: 1.91799
T: 0.881268 Q: -0.0599028
T: 0.881268 Q: 1.61003
T: 0.876413 Q: 1.20162
T: 0.86685 Q: 1.56082
T: 0.85287 Q: 1.54396
T: 0.834898 Q: -0.0752241
T: 0.81348 Q: -0.0933372
T: 0.789266 Q: 1.34349
T: 0.762992 Q: 1.377
T: 0.735457 Q: -0.0691948
Sec_Event 4677748 N50: 34
T: -0.225963 Q: -0.00240016
T: -0.337812 Q: -0.00135028
T: -0.444538 Q: 1.11727
T: -0.542896 Q: -0.00104352
T: -0.629899 Q: -0.00179649
T: -0.702904 Q: -0.00234378
T: -0.759691 Q: 0.953495
T: -0.798536 Q: -0.00448475
T: -0.818258 Q: 0.778009
T: -0.818258 Q: -0.00497841
T: -0.798536 Q: -0.00491136
T: -0.759691 Q: -0.0054748
T: -0.702904 Q: 2.47696
T: -0.629899 Q: -0.00982134
T: -0.542896 Q: -0.0155048
T: -0.444538 Q: -0.0227136
T: -0.337812 Q: -0.0360381
T: -0.225963 Q: -0.0349323
T: -0.112389 Q: -0.0338205
T: -0.000539309 Q: -0.034644
T: 0.106186 Q: 1.02972
T: 0.204544 Q: 1.07058
T: 0.291548 Q: -0.0289769
T: 0.364552 Q: 1.01308
T: 0.421339 Q: -0.018581
T: 0.460184 Q: -0.0157959
T: 0.479906 Q: -0.0127693
T: 0.479906 Q: -0.00513256
T: 0.460184 Q: 1.01515
T: 0.421339 Q: 0.854872
T: 0.364552 Q: -0.00163693
T: 0.291548 Q: 1.03896
T: 0.204544 Q: -0.0036279
T: 0.106186 Q: 0.893507
T: -0.000539309 Q: -0.00084273
T: -0.112389 Q: -0.000850558
100000/520039
Sec_Event 4981950 N50: 27
T: 0.466832 Q: 1.33905
T: 0.383184 Q: 2.00388
T: 0.303368 Q: -0.00204353
T: 0.229809 Q: -0.00373647
T: 0.164742 Q: -0.00192822
T: 0.110144 Q: -0.00702217
T: 0.067675 Q: -0.00313759
T: 0.0386243 Q: 1.27553
T: 0.0238749 Q: -0.00316542
T: 0.0238749 Q: 0.98702
T: 0.0386243 Q: -0.00579596
T: 0.067675 Q: -0.0107411
T: 0.110144 Q: -0.0111814
T: 0.164742 Q: -0.0123728
T: 0.229809 Q: 0.921862
T: 0.303368 Q: -0.0170584
T: 0.383184 Q: -0.0177808
T: 0.466832 Q: -0.0218726
T: 0.551771 Q: -0.0218655
T: 0.635419 Q: -0.0236464
T: 0.715235 Q: -0.0167573
T: 0.788794 Q: 1.33665
T: 0.853861 Q: -0.0116064
T: 0.908459 Q: -0.0100382
T: 0.950928 Q: 2.79287
T: 0.979979 Q: -0.00726829
T: 0.994728 Q: -0.00666767
T: 0.994728 Q: 1.13478
T: 0.979979 Q: -0.00483588
T: 0.950928 Q: -0.00728812
T: 0.908459 Q: 2.8684
T: 0.853861 Q: 0.964967
T: 0.788794 Q: -0.00671693
T: 0.715235 Q: -0.00663375
T: 0.635419 Q: -0.00655386
T: 0.551771 Q: -0.00460154
Sec_Event 5288142 N50: 33
T: 0.418717 Q: 0.894825
T: 0.329025 Q: -0.00206369
T: 0.243441 Q: -0.00176308
T: 0.164567 Q: -0.00219701
T: 0.0947984 Q: -0.00137116
T: 0.0362557 Q: -0.00138542
T: -0.00928238 Q: -0.00139616
T: -0.0404323 Q: 3.41807
T: -0.0562475 Q: -0.00182448
T: -0.0562475 Q: -0.00378862
T: -0.0404323 Q: 0.982417
T: -0.00928238 Q: -0.0026374
T: 0.0362557 Q: -0.00203804
T: 0.0947984 Q: -0.00404229
T: 0.164567 Q: 1.03065
T: 0.243441 Q: -0.00531569
T: 0.329025 Q: -0.00540456
T: 0.418717 Q: -0.00759979
T: 0.509794 Q: -0.0110308
T: 0.599486 Q: -0.00602001
T: 0.68507 Q: -0.00570501
T: 0.763944 Q: 0.972883
T: 0.833713 Q: 2.10331
T: 0.892255 Q: -0.00312218
T: 0.937793 Q: 1.13179
T: 0.968943 Q: -0.00177669
T: 0.984758 Q: 0.974789
T: 0.984758 Q: 1.2081
T: 0.968943 Q: -0.00195829
T: 0.937793 Q: -0.00287806
T: 0.892255 Q: -0.00218164
T: 0.833713 Q: -0.00257247
T: 0.763944 Q: -0.00288046
T: 0.68507 Q: -0.00551935
T: 0.599486 Q: -0.00237612
T: 0.509794 Q: -0.00452688
 Incomplete 
Sec_Event 6218446 N50: 40
T: -0.000754515 Q: 1.36181
T: -0.115277 Q: 1.45994
T: -0.224552 Q: 1.37078
T: -0.325262 Q: -0.0147754
T: -0.414344 Q: 1.50003
T: -0.489093 Q: 1.24981
T: -0.547237 Q: -0.0243913
T: -0.58701 Q: -0.0249328
T: -0.607204 Q: -0.0262293
T: -0.607204 Q: 2.623
T: -0.58701 Q: -0.0300307
T: -0.547237 Q: -0.0337589
T: -0.489093 Q: 1.47
T: -0.414344 Q: -0.0240993
T: -0.325262 Q: -0.0249691
T: -0.224552 Q: -0.0181671
T: -0.115277 Q: -0.0158085
T: -0.000754515 Q: -0.0226627
T: 0.115534 Q: 1.3941
T: 0.230056 Q: -0.0320668
T: 0.339332 Q: 1.37941
T: 0.440041 Q: -0.0296315
T: 0.529124 Q: -0.0313996
T: 0.603873 Q: -0.0305709
T: 0.662017 Q: -0.0331177
T: 0.70179 Q: 1.50712
T: 0.721984 Q: -0.0301954
T: 0.721984 Q: 1.17473
T: 0.70179 Q: 1.30012
T: 0.662017 Q: 1.27809
T: 0.603873 Q: 1.11196
T: 0.529124 Q: 1.33929
T: 0.440041 Q: -0.0136533
T: 0.339332 Q: 1.27769
T: 0.230056 Q: 1.14033
T: 0.115534 Q: -0.0160367
Sec_Event 6480524 N50: 39
T: -0.709755 Q: -0.0285872
T: -0.753313 Q: -0.0234507
T: -0.794875 Q: 1.12672
T: -0.83318 Q: -0.0217657
T: -0.867062 Q: 1.18385
T: -0.895492 Q: -0.0182941
T: -0.917607 Q: 1.1682
T: -0.932735 Q: -0.0197742
T: -0.940415 Q: -0.0178377
T: -0.940415 Q: -0.0216526
T: -0.932735 Q: -0.0230069
T: -0.917607 Q: 1.11978
T: -0.895492 Q: -0.0200119
T: -0.867062 Q: -0.0209257
T: -0.83318 Q: -0.0256448
T: -0.794875 Q: -0.0267049
T: -0.753313 Q: 1.20049
T: -0.709755 Q: -0.0289846
T: -0.665525 Q: -0.0323405
T: -0.621967 Q: -0.0290269
T: -0.580404 Q: -0.0254018
T: -0.5421 Q: 1.11676
T: -0.508217 Q: -0.0205484
T: -0.479787 Q: -0.0194612
T: -0.457672 Q: -0.0228161
T: -0.442544 Q: -0.0210385
T: -0.434864 Q: -0.0330228
T: -0.434864 Q: -0.0171373
T: -0.442544 Q: 1.2496
T: -0.457672 Q: -0.0242042
T: -0.479787 Q: -0.0194332
T: -0.508217 Q: -0.0235462
T: -0.5421 Q: -0.0241105
T: -0.580404 Q: 2.47278
T: -0.621967 Q: 1.29122
T: -0.665525 Q: -0.0254853
Sec_Event 6930325 N50: 28
T: -0.655823 Q: 1.27975
T: -0.718164 Q: -0.00959264
T: -0.777649 Q: -0.0185186
T: -0.832471 Q: -0.0258321
T: -0.880964 Q: -0.0401807
T: -0.921654 Q: -0.0284703
T: -0.953305 Q: 1.46715
T: -0.974956 Q: 1.24176
T: -0.985948 Q: -0.02419
T: -0.985948 Q: -0.0203855
T: -0.974956 Q: -0.025034
T: -0.953305 Q: -0.02481
T: -0.921654 Q: -0.0311064
T: -0.880964 Q: 1.3087
T: -0.832471 Q: -0.0359784
T: -0.777649 Q: -0.0397429
T: -0.718164 Q: 1.23102
T: -0.655823 Q: -0.0228661
T: -0.592521 Q: -0.0145027
T: -0.53018 Q: -0.0122818
T: -0.470695 Q: -0.00738119
T: -0.415873 Q: 1.23383
T: -0.367381 Q: -0.0051269
T: -0.32669 Q: -0.00364439
T: -0.295039 Q: 1.42336
T: -0.273388 Q: -0.00246131
T: -0.262396 Q: -0.00277365
T: -0.262396 Q: -0.00351555
T: -0.273388 Q: 1.24031
T: -0.295039 Q: -0.00344695
T: -0.32669 Q: -0.00193999
T: -0.367381 Q: -0.00275935
T: -0.415873 Q: -0.00271391
T: -0.470695 Q: -0.00269379
T: -0.53018 Q: -0.00350483
T: -0.592521 Q: -0.00411092
Sec_Event 7332598 N50: 29
T: -0.172176 Q: -0.0232114
T: -0.285669 Q: -0.0255606
T: -0.393962 Q: 1.19001
T: -0.493765 Q: -0.0404964
T: -0.582046 Q: -0.0444569
T: -0.656123 Q: -0.0469635
T: -0.713745 Q: -0.043686
T: -0.75316 Q: 1.32488
T: -0.773172 Q: -0.0408376
T: -0.773172 Q: 1.29683
T: -0.75316 Q: -0.0397705
T: -0.713745 Q: 2.49862
T: -0.656123 Q: -0.0582168
T: -0.582046 Q: -0.0528323
T: -0.493765 Q: 1.20616
T: -0.393962 Q: 1.47742
T: -0.285669 Q: -0.0414238
T: -0.172176 Q: 1.30264
T: -0.0569334 Q: -0.0310506
T: 0.0565589 Q: -0.041735
T: 0.164852 Q: -0.041348
T: 0.264655 Q: -0.0384745
T: 0.352937 Q: 3.17123
T: 0.427013 Q: -0.0451617
T: 0.484635 Q: 1.19423
T: 0.52405 Q: -0.047938
T: 0.544062 Q: -0.037934
T: 0.544062 Q: -0.0521036
T: 0.52405 Q: -0.0406778
T: 0.484635 Q: -0.0434134
T: 0.427013 Q: -0.0401762
T: 0.352937 Q: 2.83048
T: 0.264655 Q: -0.0355367
T: 0.164852 Q: -0.0320933
T: 0.0565589 Q: -0.0362372
T: -0.0569334 Q: -0.0271572
Sec_Event 7469658 N50: 25
T: -0.181876 Q: 2.4343
T: -0.295121 Q: 1.06151
T: -0.403178 Q: 1.0674
T: -0.502764 Q: -0.0116287
T: -0.590853 Q: -0.0142556
T: -0.664768 Q: 1.27915
T: -0.722264 Q: -0.0179356
T: -0.761594 Q: -0.0153141
T: -0.781562 Q: -0.0229338
T: -0.781562 Q: 1.22367
T: -0.761594 Q: -0.0154562
T: -0.722264 Q: 1.11249
T: -0.664768 Q: -0.0164183
T: -0.590853 Q: -0.0166134
T: -0.502764 Q: -0.0178401
T: -0.403178 Q: -0.010742
T: -0.295121 Q: -0.0110867
T: -0.181876 Q: 1.08119
T: -0.0668842 Q: -0.0126972
T: 0.0463607 Q: -0.00993277
T: 0.154418 Q: -0.0105761
T: 0.254004 Q: 1.05693
T: 0.342092 Q: -0.0139923
T: 0.416008 Q: -0.0128092
T: 0.473504 Q: -0.0195499
T: 0.512833 Q: -0.0161716
T: 0.532801 Q: -0.0164187
T: 0.532801 Q: -0.0153099
T: 0.512833 Q: -0.0148492
T: 0.473504 Q: -0.0157309
T: 0.416008 Q: -0.0186069
T: 0.342092 Q: -0.00803789
T: 0.254004 Q: -0.0071574
T: 0.154418 Q: -0.0101115
T: 0.0463607 Q: -0.00797865
T: -0.0668842 Q: -0.0088577
Sec_Event 7521483 N50: 31
T: -0.473591 Q: -0.00775565
T: -0.567732 Q: -0.0100163
T: -0.657561 Q: -0.0111341
T: -0.740347 Q: 0.90704
T: -0.813576 Q: -0.0183709
T: -0.875023 Q: -0.0386168
T: -0.92282 Q: -0.0429868
T: -0.955515 Q: -0.028293
T: -0.972114 Q: 1.24502
T: -0.972114 Q: 1.35163
T: -0.955515 Q: -0.0293813
T: -0.92282 Q: -0.0358594
T: -0.875023 Q: -0.0385601
T: -0.813576 Q: 1.21375
T: -0.740347 Q: -0.0601666
T: -0.657561 Q: -0.0539648
T: -0.567732 Q: 1.10189
T: -0.473591 Q: -0.0462838
T: -0.377997 Q: -0.0367107
T: -0.283856 Q: -0.0392353
T: -0.194027 Q: 1.19373
T: -0.11124 Q: -0.0301049
T: -0.0380115 Q: -0.0356102
T: 0.0234349 Q: -0.0256339
T: 0.0712318 Q: 1.33086
T: 0.103927 Q: 1.11642
T: 0.120526 Q: -0.0233468
T: 0.120526 Q: 1.10357
T: 0.103927 Q: -0.0152727
T: 0.0712318 Q: -0.0150398
T: 0.0234349 Q: -0.0113322
T: -0.0380115 Q: 1.04355
T: -0.11124 Q: -0.0121436
T: -0.194027 Q: 1.34337
T: -0.283856 Q: -0.00674008
T: -0.377997 Q: -0.00718467
Sec_Event 8062749 N50: 34
T: -0.0403897 Q: 1.01732
T: -0.155222 Q: -0.0357708
T: -0.264793 Q: -0.0323236
T: -0.365774 Q: -0.0392252
T: -0.455097 Q: -0.0474177
T: -0.530049 Q: -0.0530243
T: -0.58835 Q: 1.1299
T: -0.628231 Q: -0.0625
T: -0.648479 Q: -0.0632878
T: -0.648479 Q: -0.0590803
T: -0.628231 Q: 1.18064
T: -0.58835 Q: -0.053496
T: -0.530049 Q: -0.0541471
T: -0.455097 Q: -0.0498683
T: -0.365774 Q: -0.038597
T: -0.264793 Q: 1.08922
T: -0.155222 Q: -0.0396252
T: -0.0403897 Q: -0.0347361
T: 0.0762135 Q: -0.0320451
T: 0.191045 Q: 1.0152
T: 0.300617 Q: 1.01293
T: 0.401598 Q: 0.908822
T: 0.490921 Q: -0.0365723
T: 0.565872 Q: -0.0355935
T: 0.624174 Q: -0.0328117
T: 0.664055 Q: -0.0232581
T: 0.684303 Q: 1.20401
T: 0.684303 Q: -0.0200937
T: 0.664055 Q: 0.953517
T: 0.624174 Q: 0.972696
T: 0.565872 Q: 2.0889
T: 0.490921 Q: -0.0357107
T: 0.401598 Q: -0.0449236
T: 0.300617 Q: -0.0429878
T: 0.191045 Q: -0.0388488
T: 0.0762135 Q: 1.06457
Sec_Event 8062749 N50: 26
T: -0.256103 Q: -0.006814
T: -0.366733 Q: -0.0026014
T: -0.472295 Q: -0.00230251
T: -0.569582 Q: -0.00248654
T: -0.655637 Q: 0.951008
T: -0.727845 Q: -0.00757878
T: -0.784014 Q: -0.0145485
T: -0.822435 Q: -0.0239291
T: -0.841942 Q: -0.0399282
T: -0.841942 Q: -0.0432476
T: -0.822435 Q: -0.0512067
T: -0.784014 Q: -0.0580405
T: -0.727845 Q: -0.0573988
T: -0.655637 Q: -0.0610433
T: -0.569582 Q: -0.0579175
T: -0.472295 Q: -0.0546159
T: -0.366733 Q: -0.051544
T: -0.256103 Q: -0.0403863
T: -0.143767 Q: -0.0485687
T: -0.0331367 Q: -0.0344357
T: 0.0724252 Q: -0.0348941
T: 0.169712 Q: -0.0521834
T: 0.255766 Q: -0.0409412
T: 0.327975 Q: 1.09402
T: 0.384143 Q: -0.0268167
T: 0.422565 Q: -0.0267195
T: 0.442072 Q: -0.0180279
T: 0.442072 Q: -0.0177366
T: 0.422565 Q: -0.0277825
T: 0.384143 Q: 0.835711
T: 0.327975 Q: -0.00478018
T: 0.255766 Q: 2.02115
T: 0.169712 Q: -0.00253919
T: 0.0724252 Q: 1.9121
T: -0.0331367 Q: -0.00147719
T: -0.143767 Q: -0.00135607
Sec_Event 8585276 N50: 36
T: 0.072286 Q: 2.30999
T: -0.040816 Q: 1.14923
T: -0.148737 Q: -0.00515168
T: -0.248197 Q: -0.00401911
T: -0.336175 Q: 1.10639
T: -0.409997 Q: -0.00720384
T: -0.46742 Q: -0.00492006
T: -0.5067 Q: 1.08895
T: -0.526643 Q: -0.0109821
T: -0.526643 Q: 1.05167
T: -0.5067 Q: 1.18041
T: -0.46742 Q: 1.66219
T: -0.409997 Q: 1.2364
T: -0.336175 Q: -0.0121308
T: -0.248197 Q: -0.00981406
T: -0.148737 Q: -0.00804496
T: -0.040816 Q: 1.15877
T: 0.072286 Q: -0.0129205
T: 0.187133 Q: -0.018213
T: 0.300235 Q: -0.0151853
T: 0.408155 Q: -0.0193512
T: 0.507616 Q: -0.0152248
T: 0.595593 Q: -0.0198322
T: 0.669415 Q: -0.0219039
T: 0.726839 Q: 1.00828
T: 0.766119 Q: 2.51401
T: 0.786062 Q: -0.0159192
T: 0.786062 Q: -0.0291038
T: 0.766119 Q: -0.0143539
T: 0.726839 Q: 1.04174
T: 0.669415 Q: -0.0124577
T: 0.595593 Q: -0.0073202
T: 0.507616 Q: 1.21115
T: 0.408155 Q: -0.00549672
T: 0.300235 Q: -0.00830645
T: 0.187133 Q: -0.00727446
Sec_Event 8585276 N50: 33
T: -0.0415162 Q: -0.0065827
T: -0.156352 Q: 1.23305
T: -0.265927 Q: -0.00781789
T: -0.366912 Q: -0.00535362
T: -0.456239 Q: 1.1515
T: -0.531192 Q: -0.0170798
T: -0.589496 Q: -0.00983587
T: -0.629378 Q: -0.011436
T: -0.649627 Q: -0.00747035
T: -0.649627 Q: -0.0135965
T: -0.629378 Q: -0.0122708
T: -0.589496 Q: 0.953662
T: -0.531192 Q: 1.1572
T: -0.456239 Q: -0.00604229
T: -0.366912 Q: 2.23017
T: -0.265927 Q: -0.0043761
T: -0.156352 Q: -0.00518901
T: -0.0415162 Q: -0.00787479
T: 0.0750912 Q: -0.00400214
T: 0.189927 Q: -0.00597031
T: 0.299502 Q: -0.00465852
T: 0.400487 Q: -0.00643154
T: 0.489814 Q: -0.00744563
T: 0.564767 Q: -0.00609806
T: 0.623071 Q: -0.0108249
T: 0.662953 Q: -0.0105602
T: 0.683202 Q: -0.0108422
T: 0.683202 Q: -0.00775643
T: 0.662953 Q: -0.0162188
T: 0.623071 Q: 2.19225
T: 0.564767 Q: -0.0102417
T: 0.489814 Q: -0.00696324
T: 0.400487 Q: 1.26625
T: 0.299502 Q: -0.0072156
T: 0.189927 Q: -0.00644078
T: 0.0750912 Q: -0.0049642
Sec_Event 8734645 N50: 34
T: -0.273492 Q: 1.19131
T: -0.383316 Q: 1.48509
T: -0.48811 Q: -0.0168775
T: -0.584688 Q: 1.10468
T: -0.670116 Q: 1.12766
T: -0.741799 Q: -0.0460303
T: -0.797558 Q: -0.0528763
T: -0.8357 Q: -0.0533893
T: -0.855065 Q: -0.0515269
T: -0.855065 Q: -0.0502685
T: -0.8357 Q: 1.39894
T: -0.797558 Q: -0.0516137
T: -0.741799 Q: 1.42071
T: -0.670116 Q: -0.0653586
T: -0.584688 Q: -0.063913
T: -0.48811 Q: -0.0506769
T: -0.383316 Q: 1.46572
T: -0.273492 Q: 1.40173
T: -0.161973 Q: 3.08345
T: -0.0521487 Q: 1.50161
T: 0.0526445 Q: -0.0386848
T: 0.149223 Q: -0.0356887
T: 0.234651 Q: -0.0362536
T: 0.306334 Q: -0.031707
T: 0.362093 Q: 1.23154
T: 0.400235 Q: -0.0331181
T: 0.4196 Q: -0.0259273
T: 0.4196 Q: -0.0269785
T: 0.400235 Q: 2.39375
T: 0.362093 Q: 2.49646
T: 0.306334 Q: -0.0241012
T: 0.234651 Q: -0.0144741
T: 0.149223 Q: -0.0139663
T: 0.0526445 Q: -0.0136489
T: -0.0521487 Q: -0.0120443
T: -0.161973 Q: -0.0105376
200000/520039
Sec_Event 10583109 N50: 37
T: -0.336321 Q: -0.00148894
T: -0.442571 Q: -0.00514494
T: -0.543953 Q: -0.00352454
T: -0.637388 Q: -0.00546922
T: -0.720036 Q: 0.981476
T: -0.789385 Q: -0.00432563
T: -0.84333 Q: -0.00530185
T: -0.88023 Q: 1.22751
T: -0.898965 Q: -0.00476875
T: -0.898965 Q: -0.0040159
T: -0.88023 Q: -0.00446169
T: -0.84333 Q: -0.0042255
T: -0.789385 Q: -0.00474872
T: -0.720036 Q: -0.0071746
T: -0.637388 Q: 1.15904
T: -0.543953 Q: -0.00532626
T: -0.442571 Q: -0.00344854
T: -0.336321 Q: -0.00575414
T: -0.228432 Q: -0.00286488
T: -0.122182 Q: -0.00410317
T: -0.0207994 Q: -0.0026006
T: 0.0726352 Q: 1.23119
T: 0.155283 Q: 2.39373
T: 0.224633 Q: -0.00287737
T: 0.278577 Q: 1.0918
T: 0.315477 Q: -0.00310783
T: 0.334212 Q: 1.10489
T: 0.334212 Q: -0.00214471
T: 0.315477 Q: -0.00243017
T: 0.278577 Q: -0.00181769
T: 0.224633 Q: -0.00201166
T: 0.155283 Q: -0.00309665
T: 0.0726352 Q: -0.00244306
T: -0.0207994 Q: -0.0023487
T: -0.122182 Q: 0.952598
T: -0.228432 Q: -0.00507797
Sec_Event 10583109 N50: 30
Sec_Event 10583109 N50: 27
T: 0.436575 Q: -0.0025675
T: 0.34902 Q: 0.969559
T: 0.265475 Q: -0.00137705
T: 0.18848 Q: -0.00298494
T: 0.120374 Q: 1.08339
T: 0.0632263 Q: -0.00271298
T: 0.0187732 Q: -0.00349769
T: -0.0116346 Q: -0.00672949
T: -0.027073 Q: -0.00634117
T: -0.027073 Q: -0.00696678
T: -0.0116346 Q: -0.00836199
T: 0.0187732 Q: -0.0123967
T: 0.0632263 Q: -0.0172157
T: 0.120374 Q: 1.1272
T: 0.18848 Q: -0.0205983
T: 0.265475 Q: -0.0238616
T: 0.34902 Q: 1.06588
T: 0.436575 Q: 1.20185
T: 0.525481 Q: 0.960448
T: 0.613037 Q: -0.0737517
T: 0.696581 Q: -0.069161
T: 0.773576 Q: 1.20724
T: 0.841683 Q: 1.4225
T: 0.89883 Q: -0.0378426
T: 0.943283 Q: -0.0361879
T: 0.973691 Q: -0.0367492
T: 0.98913 Q: -0.0307017
T: 0.98913 Q: -0.0310815
T: 0.973691 Q: 0.7369
T: 0.943283 Q: -0.0371954
T: 0.89883 Q: -0.0275125
T: 0.841683 Q: -0.0110236
T: 0.773576 Q: -0.00555891
T: 0.696581 Q: -0.00507069
T: 0.613037 Q: 1.09765
T: 0.525481 Q: 1.01276
Sec_Event 10583109 N50: 26
T: -0.632681 Q: 1.2236
T: -0.700863 Q: -0.00382964
T: -0.765921 Q: -0.0028011
T: -0.825879 Q: -0.00408365
T: -0.878915 Q: -0.00260553
T: -0.923417 Q: 1.11948
T: -0.958034 Q: -0.0017422
T: -0.981713 Q: -0.00147135
T: -0.993736 Q: -0.0010204
T: -0.993736 Q: -0.00304576
T: -0.981713 Q: -0.00170554
T: -0.958034 Q: -0.00136545
T: -0.923417 Q: 1.16742
T: -0.878915 Q: -0.00157919
T: -0.825879 Q: -0.00219174
T: -0.765921 Q: -0.00271085
T: -0.700863 Q: -0.00332251
T: -0.632681 Q: 1.13811
T: -0.563447 Q: -0.00512134
T: -0.495266 Q: -0.00548827
T: -0.430207 Q: -0.00630336
T: -0.370249 Q: -0.00772056
T: -0.317213 Q: -0.00862948
T: -0.272711 Q: -0.0124361
T: -0.238094 Q: -0.0137317
T: -0.214415 Q: -0.0153148
T: -0.202393 Q: -0.0191277
T: -0.202393 Q: 1.28897
T: -0.214415 Q: 1.31966
T: -0.238094 Q: -0.0272605
T: -0.272711 Q: -0.0324019
T: -0.317213 Q: -0.0301851
T: -0.370249 Q: 0.967586
T: -0.430207 Q: -0.0236535
T: -0.495266 Q: -0.0131389
T: -0.563447 Q: -0.00737412
Sec_Event 10583109 N50: 31
T: -0.434915 Q: 1.05608
T: -0.533161 Q: -0.00880874
T: -0.626905 Q: -0.00573867
T: -0.713301 Q: -0.00471523
T: -0.789722 Q: -0.00249855
T: -0.853847 Q: -0.00274175
T: -0.903728 Q: -0.00247643
T: -0.937848 Q: -0.00168762
T: -0.955171 Q: -0.00162312
T: -0.955171 Q: -0.00228162
T: -0.937848 Q: 0.995805
T: -0.903728 Q: -0.00190985
T: -0.853847 Q: -0.00411856
T: -0.789722 Q: -0.00572222
T: -0.713301 Q: -0.00422411
T: -0.626905 Q: -0.00701281
T: -0.533161 Q: -0.010046
T: -0.434915 Q: 0.869788
T: -0.335154 Q: -0.0409649
T: -0.236909 Q: 1.1819
T: -0.143164 Q: 0.759882
T: -0.0567684 Q: 1.28609
T: 0.019653 Q: -0.0364827
T: 0.0837781 Q: -0.0360508
T: 0.133659 Q: -0.042565
T: 0.167779 Q: 1.16533
T: 0.185102 Q: -0.0379281
T: 0.185102 Q: 1.27255
T: 0.167779 Q: 1.21808
T: 0.133659 Q: 1.23247
T: 0.0837781 Q: 1.10396
T: 0.019653 Q: -0.0178133
T: -0.0567684 Q: -0.0195578
T: -0.143164 Q: 2.4612
T: -0.236909 Q: -0.0163945
T: -0.335154 Q: -0.0140191
Sec_Event 10657976 N50: 29
T: -0.467241 Q: 1.42824
T: -0.5621 Q: -0.00265556
T: -0.652612 Q: -0.00354538
T: -0.736029 Q: -0.00361927
T: -0.809816 Q: -0.00778572
T: -0.871731 Q: 2.12611
T: -0.919891 Q: 2.12159
T: -0.952835 Q: -0.0411972
T: -0.969562 Q: -0.0399215
T: -0.969562 Q: -0.0400723
T: -0.952835 Q: 3.10906
T: -0.919891 Q: -0.0528765
T: -0.871731 Q: -0.0512101
T: -0.809816 Q: 1.58412
T: -0.736029 Q: -0.0633422
T: -0.652612 Q: -0.0491646
T: -0.5621 Q: 1.29653
T: -0.467241 Q: -0.0320348
T: -0.370919 Q: -0.0278262
T: -0.276061 Q: -0.022683
T: -0.185548 Q: 1.2288
T: -0.102131 Q: -0.0158513
T: -0.0283444 Q: 1.41931
T: 0.0335701 Q: -0.0140139
T: 0.0817309 Q: -0.0117854
T: 0.114675 Q: -0.00971396
T: 0.131401 Q: 1.20476
T: 0.131401 Q: -0.0283685
T: 0.114675 Q: 1.53219
T: 0.0817309 Q: -0.0070242
T: 0.0335701 Q: -0.00228073
T: -0.0283444 Q: 1.40608
T: -0.102131 Q: -0.00124226
T: -0.185548 Q: -0.00201544
T: -0.276061 Q: -0.00207187
T: -0.370919 Q: 1.3217
Sec_Event 11413344 N50: 29
T: -0.63926 Q: -0.0723023
T: -0.705868 Q: -0.0675181
T: -0.769424 Q: -0.0680718
T: -0.827998 Q: -0.0579417
T: -0.87981 Q: -0.049839
T: -0.923285 Q: -0.039515
T: -0.957103 Q: 1.16862
T: -0.980236 Q: -0.0371536
T: -0.99198 Q: -0.0314255
T: -0.99198 Q: -0.046976
T: -0.980236 Q: -0.0439084
T: -0.957103 Q: -0.0192519
T: -0.923285 Q: 1.63614
T: -0.87981 Q: -0.00236978
T: -0.827998 Q: -0.0051568
T: -0.769424 Q: -0.00138654
T: -0.705868 Q: -0.00224217
T: -0.63926 Q: 0.901319
T: -0.571624 Q: -0.00119685
T: -0.505017 Q: -0.00135784
T: -0.44146 Q: -0.00100104
T: -0.382886 Q: 0.982363
T: -0.331074 Q: -0.00558594
T: -0.287599 Q: -0.00178116
T: -0.253781 Q: 1.0152
T: -0.230649 Q: 0.870286
T: -0.218904 Q: -0.00680626
T: -0.218904 Q: 0.835068
T: -0.230649 Q: -0.0173939
T: -0.253781 Q: 0.978355
T: -0.287599 Q: -0.0246473
T: -0.331074 Q: -0.0364016
T: -0.382886 Q: 1.10246
T: -0.44146 Q: 1.18505
T: -0.505017 Q: -0.0519501
T: -0.571624 Q: 2.54759
Sec_Event 11419938 N50: 34
T: -0.365415 Q: 1.06166
T: -0.46963 Q: 2.33083
T: -0.569072 Q: -0.0028015
T: -0.660717 Q: 0.979491
T: -0.741783 Q: 1.18376
T: -0.809804 Q: 1.11219
T: -0.862716 Q: -0.00193899
T: -0.89891 Q: 1.21716
T: -0.917286 Q: -0.00110586
T: -0.917286 Q: 1.7536
T: -0.89891 Q: 1.68629
T: -0.862716 Q: -0.00195186
T: -0.809804 Q: -0.00180483
T: -0.741783 Q: -0.00225928
T: -0.660717 Q: 0.995472
T: -0.569072 Q: -0.00706767
T: -0.46963 Q: 0.968399
T: -0.365415 Q: -0.0158943
T: -0.259592 Q: -0.0124843
T: -0.155376 Q: 1.21512
T: -0.0559348 Q: -0.0098115
T: 0.0357108 Q: -0.00954807
T: 0.116776 Q: 1.11792
T: 0.184798 Q: -0.0145313
T: 0.23771 Q: -0.00864906
T: 0.273903 Q: 1.11444
T: 0.292279 Q: 1.01198
T: 0.292279 Q: -0.00459218
T: 0.273903 Q: -0.00403902
T: 0.23771 Q: -0.00509987
T: 0.184798 Q: -0.00323843
T: 0.116776 Q: -0.00551083
T: 0.0357108 Q: -0.00304575
T: -0.0559348 Q: 1.06665
T: -0.155376 Q: 1.42485
T: -0.259592 Q: 1.29267
Sec_Event 11490826 N50: 27
T: -0.68492 Q: -0.0756632
T: -0.738371 Q: -0.0785
T: -0.789374 Q: -0.0866757
T: -0.836378 Q: -0.0837674
T: -0.877955 Q: -0.0654886
T: -0.912843 Q: -0.0595397
T: -0.93998 Q: -0.0613578
T: -0.958544 Q: -0.0561558
T: -0.967969 Q: -0.0512723
T: -0.967969 Q: -0.0551593
T: -0.958544 Q: -0.0722826
T: -0.93998 Q: -0.0338141
T: -0.912843 Q: -0.0166276
T: -0.877955 Q: 0.92141
T: -0.836378 Q: -0.00692773
T: -0.789374 Q: -0.00395551
T: -0.738371 Q: -0.00368166
T: -0.68492 Q: -0.00191529
T: -0.630645 Q: -0.00332847
T: -0.577194 Q: -0.00280472
T: -0.526192 Q: 0.91177
T: -0.479188 Q: -0.00543524
T: -0.43761 Q: 1.09785
T: -0.402723 Q: -0.00415493
T: -0.375585 Q: -0.00390753
T: -0.357022 Q: -0.00590753
T: -0.347597 Q: -0.00624199
T: -0.347597 Q: -0.00754745
T: -0.357022 Q: 1.87529
T: -0.375585 Q: -0.0173239
T: -0.402723 Q: -0.020925
T: -0.43761 Q: -0.0242434
T: -0.479188 Q: 1.29928
T: -0.526192 Q: 1.24936
T: -0.577194 Q: 1.34366
T: -0.630645 Q: 1.31427
Sec_Event 11490826 N50: 46
T: -0.123276 Q: 1.08381
T: -0.237699 Q: 1.14209
T: -0.346879 Q: 1.22837
T: -0.447501 Q: -0.0337282
T: -0.536506 Q: 3.2109
T: -0.611189 Q: -0.0351044
T: -0.669283 Q: -0.0405946
T: -0.709022 Q: 2.98308
T: -0.729198 Q: -0.0307521
T: -0.729198 Q: -0.0149748
T: -0.709022 Q: -0.0114274
T: -0.669283 Q: 1.02398
T: -0.611189 Q: 3.2665
T: -0.536506 Q: -0.00329445
T: -0.447501 Q: -0.0024386
T: -0.346879 Q: -0.00163589
T: -0.237699 Q: -0.00281534
T: -0.123276 Q: -0.00147433
T: -0.00708848 Q: -0.001684
T: 0.107334 Q: -0.00236251
T: 0.216515 Q: -0.00139602
T: 0.317136 Q: -0.00229446
T: 0.406141 Q: 1.09473
T: 0.480825 Q: 2.35482
T: 0.538919 Q: -0.00359523
T: 0.578657 Q: 1.0604
T: 0.598833 Q: -0.00504771
T: 0.598833 Q: 1.99402
T: 0.578657 Q: -0.00582789
T: 0.538919 Q: -0.00666133
T: 0.480825 Q: 1.14732
T: 0.406141 Q: -0.0110547
T: 0.317136 Q: -0.017546
T: 0.216515 Q: -0.0214498
T: 0.107334 Q: 1.07355
T: -0.00708848 Q: 4.37496
Sec_Event 11563019 N50: 38
T: -0.175932 Q: -0.000271466
T: -0.289331 Q: -0.000898625
T: -0.397535 Q: 1.02063
T: -0.497257 Q: -0.00268825
T: -0.585465 Q: -0.00181856
T: -0.659481 Q: 2.86978
T: -0.717056 Q: 3.22769
T: -0.756439 Q: 1.01067
T: -0.776434 Q: -0.0140886
T: -0.776434 Q: 0.963924
T: -0.756439 Q: -0.0316514
T: -0.717056 Q: 1.09226
T: -0.659481 Q: -0.0392098
T: -0.585465 Q: 1.26721
T: -0.497257 Q: 1.08141
T: -0.397535 Q: 1.26648
T: -0.289331 Q: -0.0267759
T: -0.175932 Q: 1.13759
T: -0.060784 Q: -0.0207643
T: 0.052615 Q: 3.06473
T: 0.160819 Q: -0.0171684
T: 0.26054 Q: -0.0110537
T: 0.348749 Q: -0.0117097
T: 0.422765 Q: 1.28146
T: 0.480339 Q: 1.11812
T: 0.519722 Q: -0.0059122
T: 0.539718 Q: -0.00359796
T: 0.539718 Q: 1.09771
T: 0.519722 Q: 1.94126
T: 0.480339 Q: -0.00261725
T: 0.422765 Q: 1.176
T: 0.348749 Q: -0.0019473
T: 0.26054 Q: -0.00104564
T: 0.160819 Q: -0.000818858
T: 0.052615 Q: -0.00222096
T: -0.060784 Q: -0.0017749
Sec_Event 11646792 N50: 35
T: -0.258506 Q: 0.959675
T: -0.369029 Q: -0.000615501
T: -0.474489 Q: -0.000565849
T: -0.571682 Q: -0.000884665
T: -0.657654 Q: -0.00120849
T: -0.729793 Q: -0.00112029
T: -0.785907 Q: -0.00136396
T: -0.824291 Q: 1.64564
T: -0.843779 Q: -0.00464858
T: -0.843779 Q: 0.791483
T: -0.824291 Q: 0.693377
T: -0.785907 Q: -0.00330739
T: -0.729793 Q: -0.00228185
T: -0.657654 Q: -0.00196999
T: -0.571682 Q: 1.18279
T: -0.474489 Q: -0.00341082
T: -0.369029 Q: 1.11795
T: -0.258506 Q: 1.14938
T: -0.146278 Q: -0.000511068
T: -0.0357548 Q: -0.00103753
T: 0.0697052 Q: -0.00166259
T: 0.166898 Q: 1.00548
T: 0.25287 Q: 1.00738
T: 0.325008 Q: -0.000699904
T: 0.381123 Q: -0.000258358
T: 0.419507 Q: 0.905291
T: 0.438995 Q: -0.000702504
T: 0.419507 Q: -0.000677149
T: 0.381123 Q: -0.000299342
T: 0.325008 Q: 1.26102
T: 0.25287 Q: 1.09372
T: 0.166898 Q: -0.000572792
T: 0.0697052 Q: -0.00167488
T: -0.0357548 Q: -0.000395168
T: -0.146278 Q: -0.000963481
Sec_Event 11646792 N50: 28
T: -0.509656 Q: -0.000281677
T: -0.599366 Q: -0.00235886
T: -0.684967 Q: 1.22384
T: -0.763858 Q: -0.000498084
T: -0.83364 Q: -0.00117329
T: -0.892195 Q: -0.00150551
T: -0.937742 Q: -0.00560638
T: -0.968898 Q: -0.00905333
T: -0.984717 Q: 0.884794
T: -0.984717 Q: -0.00839225
T: -0.968898 Q: -0.00935827
T: -0.937742 Q: -0.00906355
T: -0.892195 Q: 2.36043
T: -0.83364 Q: 1.22453
T: -0.763858 Q: -0.0222253
T: -0.684967 Q: -0.0181136
T: -0.599366 Q: -0.0188533
T: -0.509656 Q: -0.0138417
T: -0.418561 Q: -0.0117663
T: -0.32885 Q: 0.858052
T: -0.243249 Q: -0.00617716
T: -0.164359 Q: -0.00264804
T: -0.0945762 Q: -0.00373787
T: -0.0360216 Q: -0.00124425
T: 0.00952572 Q: 0.927176
T: 0.0406819 Q: -0.00125057
T: 0.0565004 Q: 1.20596
T: 0.0406819 Q: -0.000504394
T: 0.00952572 Q: -0.000378772
T: -0.0360216 Q: 1.12279
T: -0.0945762 Q: 1.5848
T: -0.243249 Q: -0.00047355
T: -0.418561 Q: 1.46027
Sec_Event 12100091 N50: 39
Sec_Event 12100091 N50: 44
T: -0.273572 Q: -0.0159263
T: -0.383392 Q: -0.0142459
T: -0.488182 Q: 0.822307
T: -0.584757 Q: -0.00916877
T: -0.670182 Q: -0.00695272
T: -0.741862 Q: -0.00466143
T: -0.797619 Q: 1.0608
T: -0.83576 Q: 1.02834
T: -0.855124 Q: -0.00336602
T: -0.855124 Q: 1.17129
T: -0.83576 Q: 1.12929
T: -0.797619 Q: 1.07411
T: -0.741862 Q: -0.00486665
T: -0.670182 Q: -0.0062493
T: -0.584757 Q: -0.00922542
T: -0.488182 Q: 1.01561
T: -0.383392 Q: -0.0327358
T: -0.273572 Q: -0.0411336
T: -0.162057 Q: 1.27479
T: -0.0522366 Q: -0.0327195
T: 0.052553 Q: 1.3205
T: 0.149128 Q: -0.0332143
T: 0.234553 Q: -0.0481983
T: 0.306233 Q: -0.0411396
T: 0.36199 Q: 1.17949
T: 0.400131 Q: -0.0477476
T: 0.419495 Q: 1.02811
T: 0.419495 Q: 1.14853
T: 0.400131 Q: 1.27474
T: 0.36199 Q: -0.0285279
T: 0.306233 Q: -0.0287814
T: 0.234553 Q: 1.20302
T: 0.149128 Q: 1.08712
T: 0.052553 Q: 2.33778
T: -0.0522366 Q: -0.0160899
T: -0.162057 Q: -0.0142324
Sec_Event 13310794 N50: 36
T: -0.227322 Q: 1.30285
T: -0.339121 Q: 2.59638
T: -0.445798 Q: -0.0526996
T: -0.544113 Q: -0.0605053
T: -0.631077 Q: 1.14299
T: -0.704048 Q: -0.0606132
T: -0.76081 Q: 1.08582
T: -0.799637 Q: -0.0539148
T: -0.819351 Q: -0.0535071
T: -0.819351 Q: -0.0390738
T: -0.799637 Q: -0.0153215
T: -0.76081 Q: 0.68955
T: -0.704048 Q: 1.96439
T: -0.631077 Q: -0.0026166
T: -0.544113 Q: 1.10679
T: -0.445798 Q: -0.00147412
T: -0.339121 Q: -0.00125406
T: -0.227322 Q: 1.04382
T: -0.113798 Q: 1.08167
T: -0.00199928 Q: -0.00193035
T: 0.104678 Q: -0.00205958
T: 0.202992 Q: -0.00167602
T: 0.289957 Q: -0.00363326
T: 0.362928 Q: -0.00299062
T: 0.41969 Q: -0.00616267
T: 0.458517 Q: -0.0107144
T: 0.478231 Q: -0.00978812
T: 0.478231 Q: 1.06357
T: 0.458517 Q: -0.0250001
T: 0.41969 Q: -0.0288629
T: 0.362928 Q: -0.0338704
T: 0.289957 Q: -0.0364142
T: 0.202992 Q: 1.14093
T: 0.104678 Q: 3.10237
T: -0.00199928 Q: -0.0418526
T: -0.113798 Q: -0.0483779
Sec_Event 13416484 N50: 27
T: -0.377605 Q: -0.0252191
T: -0.480891 Q: -0.0296801
T: -0.579445 Q: 1.16299
T: -0.670273 Q: -0.0483631
T: -0.750615 Q: 1.17338
T: -0.818031 Q: -0.0458242
T: -0.87047 Q: 1.1869
T: -0.906341 Q: 1.0927
T: -0.924553 Q: 1.3199
T: -0.924553 Q: -0.0318511
T: -0.906341 Q: -0.0333114
T: -0.87047 Q: 0.901514
T: -0.818031 Q: -0.0220094
T: -0.750615 Q: -0.0202233
T: -0.670273 Q: -0.0118782
T: -0.579445 Q: -0.00992477
T: -0.480891 Q: -0.00646232
T: -0.377605 Q: -0.00854254
T: -0.272726 Q: -0.00766236
T: -0.16944 Q: -0.00516344
T: -0.0708857 Q: -0.00821086
T: 0.0199424 Q: -0.0085215
T: 0.100285 Q: -0.0083513
T: 0.1677 Q: -0.00618881
T: 0.220139 Q: -0.010359
T: 0.25601 Q: -0.0176966
T: 0.274222 Q: -0.00982836
T: 0.274222 Q: -0.0176991
T: 0.25601 Q: 1.1132
T: 0.220139 Q: -0.0166867
T: 0.1677 Q: -0.0208638
T: 0.100285 Q: 1.02944
T: 0.0199424 Q: -0.0213367
T: -0.0708857 Q: -0.0261478
T: -0.16944 Q: -0.0239797
T: -0.272726 Q: -0.0269017
Sec_Event 13769807 N50: 37
T: -0.454945 Q: -0.0345063
T: -0.551143 Q: 1.49893
T: -0.642933 Q: 1.44177
T: -0.727527 Q: -0.0618406
T: -0.802356 Q: -0.0506327
T: -0.865144 Q: -0.0436769
T: -0.913985 Q: 1.47283
T: -0.947394 Q: -0.0325025
T: -0.964356 Q: -0.0335643
T: -0.964356 Q: 1.54856
T: -0.947394 Q: -0.0364068
T: -0.913985 Q: -0.0561513
T: -0.865144 Q: 1.0035
T: -0.802356 Q: -0.0172619
T: -0.727527 Q: 1.26512
T: -0.642933 Q: -0.00709206
T: -0.551143 Q: -0.00878279
T: -0.454945 Q: -0.00660447
T: -0.357264 Q: -0.00782242
T: -0.261067 Q: 1.17529
T: -0.169276 Q: 1.23318
T: -0.0846818 Q: -0.00717553
T: -0.00985357 Q: 1.17602
T: 0.0529348 Q: 1.06432
T: 0.101775 Q: -0.0107172
T: 0.135184 Q: 1.28292
T: 0.152147 Q: 2.61482
T: 0.152147 Q: 1.24063
T: 0.135184 Q: -0.0155212
T: 0.101775 Q: -0.022704
T: 0.0529348 Q: 1.41386
T: -0.00985357 Q: -0.0236658
T: -0.0846818 Q: -0.0212675
T: -0.169276 Q: -0.0417082
T: -0.261067 Q: -0.0342633
T: -0.357264 Q: 1.65375
300000/520039
Sec_Event 14400429 N50: 27
T: 0.711411 Q: -0.0332063
T: 0.685788 Q: 1.18732
T: 0.661339 Q: -0.0432206
T: 0.638807 Q: -0.0616685
T: 0.618876 Q: -0.0476549
T: 0.602152 Q: -0.0853502
T: 0.589143 Q: -0.0612563
T: 0.580245 Q: -0.0736931
T: 0.575727 Q: -0.0737985
T: 0.575727 Q: -0.0824036
T: 0.580245 Q: -0.0771134
T: 0.589143 Q: -0.0734008
T: 0.602152 Q: -0.0781908
T: 0.618876 Q: 1.45142
T: 0.638807 Q: -0.0513018
T: 0.661339 Q: 1.27157
T: 0.685788 Q: 1.14519
T: 0.711411 Q: 1.34943
T: 0.737429 Q: -0.0390612
T: 0.763051 Q: 0.93467
T: 0.7875 Q: -0.023084
T: 0.810032 Q: -0.0168281
T: 0.829963 Q: -0.019737
T: 0.846687 Q: -0.00960933
T: 0.859696 Q: -0.00815168
T: 0.868595 Q: 2.88299
T: 0.873113 Q: -0.00980803
T: 0.873113 Q: -0.00372712
T: 0.868595 Q: -0.00383573
T: 0.859696 Q: 1.11642
T: 0.846687 Q: -0.00935009
T: 0.829963 Q: -0.0073176
T: 0.810032 Q: -0.0127874
T: 0.7875 Q: -0.0167324
T: 0.763051 Q: 0.907727
T: 0.737429 Q: -0.0316652
Sec_Event 14869780 N50: 32
T: 0.727474 Q: -0.0458442
T: 0.711262 Q: 1.43129
T: 0.695792 Q: 1.48851
T: 0.681535 Q: 1.60114
T: 0.668925 Q: -0.0528532
T: 0.658343 Q: -0.033688
T: 0.650112 Q: -0.0285635
T: 0.644481 Q: -0.0406013
T: 0.641622 Q: -0.0180477
T: 0.641622 Q: -0.0199872
T: 0.644481 Q: -0.00826666
T: 0.650112 Q: -0.0120394
T: 0.658343 Q: 1.26386
T: 0.668925 Q: 1.07501
T: 0.681535 Q: -0.00755307
T: 0.695792 Q: 0.947469
T: 0.711262 Q: -0.00523299
T: 0.727474 Q: -0.00535715
T: 0.743937 Q: -0.00774263
T: 0.760149 Q: -0.00911861
T: 0.775619 Q: -0.00795983
T: 0.789875 Q: -0.0123914
T: 0.802486 Q: 1.26141
T: 0.813068 Q: -0.0156739
T: 0.821299 Q: -0.0322204
T: 0.82693 Q: -0.0211006
T: 0.829789 Q: -0.0289924
T: 0.829789 Q: -0.031262
T: 0.82693 Q: -0.0342358
T: 0.821299 Q: 1.53039
T: 0.813068 Q: -0.0368326
T: 0.802486 Q: -0.0396676
T: 0.789875 Q: 1.62638
T: 0.775619 Q: 1.63456
T: 0.760149 Q: 1.39912
T: 0.743937 Q: 2.8079
Sec_Event 15212586 N50: 32
Sec_Event 15212586 N50: 27
Sec_Event 15212586 N50: 42
T: -0.0345434 Q: 1.16398
T: -0.14935 Q: -0.00989983
T: -0.258897 Q: 1.09131
T: -0.359856 Q: 1.38454
T: -0.44916 Q: -0.00890622
T: -0.524094 Q: -0.0080089
T: -0.582383 Q: -0.00819721
T: -0.622255 Q: 1.08466
T: -0.642499 Q: -0.00984359
T: -0.642499 Q: 1.23649
T: -0.622255 Q: -0.0090729
T: -0.582383 Q: 1.08046
T: -0.524094 Q: -0.0160317
T: -0.44916 Q: 1.1011
T: -0.359856 Q: 1.02215
T: -0.258897 Q: 1.10332
T: -0.14935 Q: -0.0122676
T: -0.0345434 Q: 1.20805
T: 0.0820342 Q: 1.32797
T: 0.196841 Q: -0.0093801
T: 0.306388 Q: -0.00804192
T: 0.407347 Q: 1.08841
T: 0.496651 Q: -0.0106783
T: 0.571585 Q: 1.0774
T: 0.629874 Q: 1.23233
T: 0.669746 Q: 0.951411
T: 0.689989 Q: 1.13257
T: 0.689989 Q: -0.0191844
T: 0.669746 Q: -0.0191706
T: 0.629874 Q: -0.0164645
T: 0.571585 Q: 1.25384
T: 0.496651 Q: 1.01497
T: 0.407347 Q: 1.10129
T: 0.306388 Q: -0.00755331
T: 0.196841 Q: 1.10721
T: 0.0820342 Q: -0.0082817
Sec_Event 15212586 N50: 35
T: -0.0724849 Q: -0.0157517
T: -0.187329 Q: 1.54661
T: -0.296912 Q: -0.0205309
T: -0.397905 Q: -0.0178168
T: -0.487238 Q: 2.56516
T: -0.562197 Q: -0.0138633
T: -0.620505 Q: -0.0125616
T: -0.66039 Q: 1.22654
T: -0.68064 Q: -0.0106826
T: -0.68064 Q: 1.19784
T: -0.66039 Q: -0.0114139
T: -0.620505 Q: -0.0125509
T: -0.562197 Q: -0.0143648
T: -0.487238 Q: -0.0112688
T: -0.397905 Q: -0.0115132
T: -0.296912 Q: -0.0117665
T: -0.187329 Q: 1.41504
T: -0.0724849 Q: -0.0109533
T: 0.044131 Q: -0.0169902
T: 0.158975 Q: -0.0120529
T: 0.268558 Q: -0.00915632
T: 0.369551 Q: -0.0114938
T: 0.458884 Q: -0.0146666
T: 0.533843 Q: -0.0190794
T: 0.592151 Q: 1.67217
T: 0.632036 Q: -0.0298069
T: 0.652286 Q: -0.0294432
T: 0.652286 Q: -0.0397669
T: 0.632036 Q: 1.12121
T: 0.592151 Q: -0.0349142
T: 0.533843 Q: -0.0243507
T: 0.458884 Q: -0.0195897
T: 0.369551 Q: -0.0209287
T: 0.268558 Q: -0.0199255
T: 0.158975 Q: -0.0152127
T: 0.044131 Q: 1.34141
Sec_Event 15212586 N50: 32
T: 0.644497 Q: -0.0458586
T: 0.594728 Q: -0.0428188
T: 0.547239 Q: -0.0409685
T: 0.503472 Q: -0.0317118
T: 0.464759 Q: 2.7501
T: 0.432275 Q: -0.0355237
T: 0.407006 Q: 1.43828
T: 0.389721 Q: -0.0309457
T: 0.380946 Q: -0.0350147
T: 0.380946 Q: -0.0382424
T: 0.389721 Q: -0.04032
T: 0.407006 Q: -0.0378961
T: 0.432275 Q: -0.039851
T: 0.464759 Q: 1.30837
T: 0.503472 Q: 1.33044
T: 0.547239 Q: 1.32243
T: 0.594728 Q: -0.0497521
T: 0.644497 Q: -0.046535
T: 0.695034 Q: -0.0429813
T: 0.744803 Q: -0.0563946
T: 0.792292 Q: 1.34931
T: 0.836058 Q: -0.0460941
T: 0.874772 Q: 2.81515
T: 0.907256 Q: -0.0517557
T: 0.932524 Q: -0.0451681
T: 0.949809 Q: -0.0486966
T: 0.958585 Q: 1.06842
T: 0.958585 Q: 1.37042
T: 0.949809 Q: 1.38495
T: 0.932524 Q: -0.0442986
T: 0.907256 Q: -0.0427398
T: 0.874772 Q: 1.08857
T: 0.836058 Q: -0.0447949
T: 0.792292 Q: -0.0466175
T: 0.744803 Q: 1.16755
T: 0.695034 Q: -0.045369
Sec_Event 15212586 N50: 53
T: -0.467934 Q: 3.19056
T: -0.562715 Q: -0.0208457
T: -0.653154 Q: -0.0163073
T: -0.736503 Q: -0.0123383
T: -0.810229 Q: 1.43388
T: -0.872093 Q: -0.00860147
T: -0.920215 Q: -0.00486969
T: -0.953132 Q: 1.55888
T: -0.969845 Q: 1.77124
T: -0.969845 Q: -0.00481464
T: -0.953132 Q: -0.00543231
T: -0.920215 Q: -0.00689332
T: -0.872093 Q: -0.00704588
T: -0.810229 Q: -0.00900146
T: -0.736503 Q: -0.0112354
T: -0.653154 Q: -0.0137549
T: -0.562715 Q: 1.51553
T: -0.467934 Q: 1.40633
T: -0.371691 Q: -0.0246869
T: -0.27691 Q: -0.010198
T: -0.186471 Q: -0.0138431
T: -0.103122 Q: -0.00918269
T: -0.0293949 Q: -0.00882734
T: 0.032469 Q: -0.00837403
T: 0.0805906 Q: -0.0120221
T: 0.113508 Q: -0.0099218
T: 0.13022 Q: -0.0146107
T: 0.13022 Q: -0.00676511
T: 0.113508 Q: -0.0176083
T: 0.0805906 Q: 1.65302
T: 0.032469 Q: 1.43322
T: -0.0293949 Q: 1.60075
T: -0.103122 Q: 1.70296
T: -0.186471 Q: -0.0138735
T: -0.27691 Q: -0.019871
T: -0.371691 Q: 1.45026
Sec_Event 15212586 N50: 40
T: -0.652677 Q: 2.3544
T: -0.715865 Q: 1.20602
T: -0.776159 Q: -0.00806931
T: -0.831726 Q: -0.00641689
T: -0.880877 Q: 1.48707
T: -0.92212 Q: -0.00446164
T: -0.954202 Q: -0.00398754
T: -0.976147 Q: 1.21698
T: -0.987289 Q: -0.00511487
T: -0.987289 Q: -0.00478826
T: -0.976147 Q: -0.00417908
T: -0.954202 Q: 1.18127
T: -0.92212 Q: -0.0035827
T: -0.880877 Q: -0.00631521
T: -0.831726 Q: -0.00644956
T: -0.776159 Q: -0.00894387
T: -0.715865 Q: -0.0152679
T: -0.652677 Q: -0.0144601
T: -0.588514 Q: 1.134
T: -0.525326 Q: 1.03658
T: -0.465032 Q: -0.0229666
T: -0.409466 Q: 1.30394
T: -0.360314 Q: -0.0265448
T: -0.319071 Q: -0.0272761
T: -0.286989 Q: -0.0249392
T: -0.265044 Q: -0.0223002
T: -0.253902 Q: -0.0245736
T: -0.253902 Q: -0.0171176
T: -0.265044 Q: -0.0187999
T: -0.286989 Q: 1.32369
T: -0.319071 Q: -0.0146612
T: -0.360314 Q: 2.08743
T: -0.409466 Q: 1.16794
T: -0.465032 Q: -0.0135527
T: -0.525326 Q: 1.0663
T: -0.588514 Q: -0.0128545
Sec_Event 15212586 N50: 37
T: -0.696213 Q: -0.0112493
T: -0.745526 Q: 2.5027
T: -0.79258 Q: -0.00791196
T: -0.835945 Q: -0.00660312
T: -0.874303 Q: -0.00799845
T: -0.90649 Q: -0.00569377
T: -0.931526 Q: 1.45758
T: -0.948653 Q: 1.43279
T: -0.957348 Q: -0.00526174
T: -0.957348 Q: -0.00558741
T: -0.948653 Q: -0.00422819
T: -0.931526 Q: 1.22433
T: -0.90649 Q: 1.23481
T: -0.874303 Q: 1.17498
T: -0.835945 Q: -0.00637424
T: -0.79258 Q: -0.00883363
T: -0.745526 Q: 1.42353
T: -0.696213 Q: 1.26009
T: -0.64614 Q: -0.0140212
T: -0.596827 Q: -0.0159355
T: -0.549774 Q: 1.1333
T: -0.506409 Q: 1.18543
T: -0.46805 Q: -0.0156721
T: -0.435864 Q: 1.29356
T: -0.410827 Q: 1.33681
T: -0.393701 Q: -0.0219213
T: -0.385006 Q: -0.00946005
T: -0.385006 Q: -0.0124848
T: -0.393701 Q: -0.0128135
T: -0.410827 Q: -0.0120216
T: -0.435864 Q: -0.010527
T: -0.46805 Q: -0.00946002
T: -0.506409 Q: 1.2104
T: -0.549774 Q: -0.0107913
T: -0.596827 Q: 1.44909
T: -0.64614 Q: 1.4695
Sec_Event 16877542 N50: 29
T: -0.0813717 Q: 1.95243
T: -0.196181 Q: -0.000804714
T: -0.406694 Q: -0.00110759
T: -0.496 Q: -0.000953894
T: -0.570937 Q: -0.00182737
T: -0.629227 Q: -0.00390055
T: -0.6691 Q: -0.0103701
T: -0.689344 Q: -0.0140349
T: -0.689344 Q: 0.742771
T: -0.6691 Q: 0.874895
T: -0.629227 Q: 0.969249
T: -0.570937 Q: -0.0302063
T: -0.496 Q: -0.0399819
T: -0.406694 Q: -0.0391282
T: -0.305732 Q: -0.0368554
T: -0.196181 Q: 1.13731
T: -0.0813717 Q: -0.0366586
T: 0.0352091 Q: -0.0335093
T: 0.150019 Q: -0.0415721
T: 0.259569 Q: -0.0358787
T: 0.360531 Q: 1.0271
T: 0.449837 Q: -0.0336378
T: 0.524774 Q: 1.18099
T: 0.583064 Q: 0.854821
T: 0.622937 Q: -0.0246903
T: 0.643182 Q: 2.14644
T: 0.643182 Q: -0.0123635
T: 0.622937 Q: 1.46959
T: 0.583064 Q: -0.00448326
T: 0.524774 Q: 1.07097
T: 0.449837 Q: -0.000757319
T: 0.360531 Q: 0.941497
T: 0.150019 Q: -0.000890138
Sec_Event 16906259 N50: 38
T: -0.644859 Q: -0.0547732
T: -0.710076 Q: -0.0441808
T: -0.772305 Q: 1.07439
T: -0.829656 Q: -0.0297951
T: -0.880386 Q: -0.0207062
T: -0.922953 Q: 1.25035
T: -0.956065 Q: 1.36784
T: -0.978714 Q: 1.28892
T: -0.990214 Q: -0.0164449
T: -0.990214 Q: -0.0171675
T: -0.978714 Q: -0.0255422
T: -0.956065 Q: -0.0122039
T: -0.922953 Q: -0.00541086
T: -0.880386 Q: -0.00250292
T: -0.829656 Q: 0.877758
T: -0.772305 Q: -0.00245608
T: -0.710076 Q: -0.00172763
T: -0.644859 Q: 1.01841
T: -0.578636 Q: 1.00805
T: -0.513419 Q: -0.000704463
T: -0.45119 Q: -0.00105732
T: -0.393839 Q: -0.00267271
T: -0.34311 Q: -0.00262297
T: -0.300542 Q: -0.00177209
T: -0.267431 Q: 1.0512
T: -0.244781 Q: -0.00413249
T: -0.233282 Q: 1.8795
T: -0.233282 Q: 0.946493
T: -0.244781 Q: -0.011495
T: -0.267431 Q: -0.0266709
T: -0.300542 Q: -0.0207428
T: -0.34311 Q: -0.0296706
T: -0.393839 Q: -0.036311
T: -0.45119 Q: 1.14927
T: -0.513419 Q: -0.0560819
T: -0.578636 Q: -0.0544279
Sec_Event 17283871 N50: 27
T: 0.545759 Q: 0.93845
T: 0.474338 Q: -0.000915855
T: 0.406188 Q: 0.911934
T: 0.343381 Q: -0.00097511
T: 0.287825 Q: -0.00131764
T: 0.241207 Q: -0.00118037
T: 0.204946 Q: 0.862891
T: 0.180141 Q: -0.00208632
T: 0.167548 Q: -0.00354491
T: 0.167548 Q: -0.00732031
T: 0.180141 Q: 0.952842
T: 0.204946 Q: -0.0138138
T: 0.241207 Q: -0.0168547
T: 0.287825 Q: -0.0196118
T: 0.343381 Q: -0.0210898
T: 0.406188 Q: -0.0268636
T: 0.474338 Q: -0.037204
T: 0.545759 Q: -0.0528871
T: 0.618283 Q: 0.931156
T: 0.689704 Q: 1.17839
T: 0.757854 Q: -0.0718342
T: 0.820661 Q: -0.0590246
T: 0.876217 Q: -0.0604581
T: 0.922835 Q: 1.02871
T: 0.959096 Q: -0.0399493
T: 0.983901 Q: -0.0488324
T: 0.996494 Q: -0.0451185
T: 0.996494 Q: 0.642579
T: 0.983901 Q: 1.38331
T: 0.959096 Q: -0.0149377
T: 0.922835 Q: -0.00569815
T: 0.876217 Q: -0.00430524
T: 0.820661 Q: -0.0010959
T: 0.757854 Q: -0.00176086
T: 0.689704 Q: -0.00106965
T: 0.618283 Q: -0.000915764
Sec_Event 17642440 N50: 33
T: -0.466148 Q: -0.0148369
T: -0.561128 Q: -0.0097324
T: -0.651757 Q: -0.00732139
T: -0.735281 Q: 1.01585
T: -0.809162 Q: 1.06448
T: -0.871156 Q: 2.08553
T: -0.919379 Q: -0.0013549
T: -0.952365 Q: -0.00166825
T: -0.969112 Q: -0.00150662
T: -0.969112 Q: -0.00172786
T: -0.952365 Q: -0.00168008
T: -0.919379 Q: -0.00157983
T: -0.871156 Q: -0.00187399
T: -0.809162 Q: -0.00245088
T: -0.735281 Q: 1.06586
T: -0.651757 Q: -0.00421857
T: -0.561128 Q: -0.00417009
T: -0.466148 Q: 1.1125
T: -0.369702 Q: -0.00440885
T: -0.274722 Q: -0.00387427
T: -0.184093 Q: -0.0023676
T: -0.100569 Q: 2.37462
T: -0.0266877 Q: -0.00292747
T: 0.0353061 Q: -0.00617968
T: 0.0835288 Q: -0.0035477
T: 0.116515 Q: -0.00364746
T: 0.133263 Q: -0.00505488
T: 0.133263 Q: 2.0929
T: 0.116515 Q: -0.00694461
T: 0.0835288 Q: -0.00522293
T: 0.0353061 Q: -0.00634706
T: -0.0266877 Q: -0.00855058
T: -0.100569 Q: 2.0856
T: -0.184093 Q: -0.0069466
T: -0.274722 Q: -0.0112827
T: -0.369702 Q: 2.93644
Sec_Event 17795454 N50: 46
T: -0.150706 Q: 1.29877
T: -0.264671 Q: -0.0403151
T: -0.373415 Q: 0.945093
T: -0.473634 Q: 2.13989
T: -0.562284 Q: 1.08586
T: -0.636669 Q: -0.00713999
T: -0.694531 Q: -0.00438671
T: -0.73411 Q: 1.14972
T: -0.754206 Q: -0.00554143
T: -0.754206 Q: -0.00358014
T: -0.73411 Q: 1.04498
T: -0.694531 Q: 2.44171
T: -0.636669 Q: -0.00386628
T: -0.562284 Q: 2.15216
T: -0.473634 Q: -0.00194827
T: -0.373415 Q: 1.00874
T: -0.264671 Q: -0.000852442
T: -0.150706 Q: -0.00376808
T: -0.0349822 Q: 1.10127
T: 0.078983 Q: -0.00495261
T: 0.187727 Q: 0.987838
T: 0.287947 Q: 1.17421
T: 0.376596 Q: -0.00357894
T: 0.450981 Q: -0.00605473
T: 0.508843 Q: 1.13432
T: 0.548423 Q: -0.0179101
T: 0.568518 Q: 2.01333
T: 0.568518 Q: 1.10529
T: 0.548423 Q: -0.0332803
T: 0.508843 Q: 2.21632
T: 0.450981 Q: -0.0351753
T: 0.376596 Q: -0.0370473
T: 0.287947 Q: 2.48471
T: 0.187727 Q: -0.0425377
T: 0.078983 Q: 1.28603
T: -0.0349822 Q: -0.0371947
Sec_Event 18038140 N50: 49
T: 0.40309 Q: -0.020699
T: 0.311623 Q: -0.0195922
T: 0.224346 Q: -0.0128428
T: 0.143911 Q: 1.25533
T: 0.0727619 Q: -0.012815
T: 0.0130609 Q: -0.0131181
T: -0.0333782 Q: -0.0126212
T: -0.0651444 Q: -0.0195061
T: -0.0812725 Q: -0.00919217
T: -0.0812725 Q: -0.00924791
T: -0.0651444 Q: -0.00975637
T: -0.0333782 Q: -0.0145435
T: 0.0130609 Q: -0.00566027
T: 0.0727619 Q: -0.00683513
T: 0.143911 Q: 2.35998
T: 0.224346 Q: -0.00444492
T: 0.311623 Q: -0.00449114
T: 0.40309 Q: -0.004258
T: 0.495968 Q: -0.00538562
T: 0.587435 Q: 1.16777
T: 0.674712 Q: 2.15744
T: 0.755147 Q: 1.32319
T: 0.826296 Q: -0.00310721
T: 0.885997 Q: 1.0936
T: 0.932436 Q: -0.00464805
T: 0.964202 Q: -0.00172995
T: 0.980331 Q: -0.00135675
T: 0.980331 Q: -0.00259407
T: 0.964202 Q: 1.22605
T: 0.932436 Q: -0.00161806
T: 0.885997 Q: 1.1342
T: 0.826296 Q: -0.00236858
T: 0.755147 Q: 1.08099
T: 0.674712 Q: -0.00451763
T: 0.587435 Q: -0.00927427
T: 0.495968 Q: -0.010619
400000/520039
Sec_Event 19475049 N50: 36
T: 0.435907 Q: 2.16568
T: 0.34827 Q: 1.3166
T: 0.264647 Q: -0.000966202
T: 0.18758 Q: -0.000769081
T: 0.11941 Q: 0.963318
T: 0.0622082 Q: -0.00108727
T: 0.0177134 Q: 0.928965
T: -0.0127228 Q: 0.930014
T: -0.0281757 Q: -0.00292166
T: -0.0281757 Q: -0.00873173
T: -0.0127228 Q: 0.859947
T: 0.0177134 Q: -0.00725079
T: 0.0622082 Q: 0.924837
T: 0.11941 Q: -0.0131154
T: 0.18758 Q: -0.0126047
T: 0.264647 Q: -0.0158081
T: 0.34827 Q: -0.0205448
T: 0.435907 Q: -0.0137527
T: 0.524897 Q: 1.04589
T: 0.612534 Q: -0.00856136
T: 0.696157 Q: 2.1999
T: 0.773225 Q: 1.19503
T: 0.841395 Q: -0.00391568
T: 0.898596 Q: 1.11511
T: 0.943091 Q: -0.00316945
T: 0.973527 Q: -0.00206955
T: 0.98898 Q: -0.00311742
T: 0.98898 Q: -0.00126062
T: 0.973527 Q: -0.00174002
T: 0.943091 Q: -0.000969828
T: 0.898596 Q: -0.00209593
T: 0.841395 Q: -0.00119114
T: 0.773225 Q: -0.00201673
T: 0.696157 Q: -0.0013663
T: 0.612534 Q: -0.00233658
T: 0.524897 Q: 1.27446
Sec_Event 19542575 N50: 41
T: 0.288473 Q: -0.00379021
T: 0.18636 Q: 0.866472
T: 0.0889249 Q: -0.00443455
T: -0.000871856 Q: -0.00286603
T: -0.0803017 Q: -0.00284304
T: -0.146951 Q: -0.0066753
T: -0.198795 Q: -0.00395145
T: -0.234259 Q: -0.00516878
T: -0.252264 Q: 2.01808
T: -0.252264 Q: 1.17832
T: -0.234259 Q: -0.0052972
T: -0.198795 Q: -0.00530579
T: -0.146951 Q: -0.00936837
T: -0.0803017 Q: 2.13057
T: -0.000871856 Q: -0.00693784
T: 0.0889249 Q: -0.00673621
T: 0.18636 Q: -0.008237
T: 0.288473 Q: 3.1703
T: 0.392161 Q: 1.97878
T: 0.494274 Q: -0.00976593
T: 0.59171 Q: 1.09915
T: 0.681506 Q: -0.00546417
T: 0.760936 Q: 1.10956
T: 0.827586 Q: 1.18858
T: 0.87943 Q: 1.84674
T: 0.914894 Q: -0.00435574
T: 0.932899 Q: -0.00285422
T: 0.932899 Q: -0.00298771
T: 0.914894 Q: 1.12026
T: 0.87943 Q: -0.00392289
T: 0.827586 Q: -0.00634247
T: 0.760936 Q: -0.00531263
T: 0.681506 Q: -0.00504985
T: 0.59171 Q: 1.17123
T: 0.494274 Q: 0.981602
T: 0.392161 Q: -0.00421158
Sec_Event 19542575 N50: 40
Sec_Event 19542575 N50: 41
T: 0.296872 Q: 1.52249
T: 0.195412 Q: 1.30496
T: 0.0985986 Q: 2.59521
T: 0.00937531 Q: -0.0364572
T: -0.0695473 Q: -0.0264526
T: -0.135771 Q: -0.0229656
T: -0.187284 Q: -0.0354362
T: -0.222521 Q: -0.0216775
T: -0.240412 Q: -0.022496
T: -0.240412 Q: -0.0185706
T: -0.222521 Q: -0.0142824
T: -0.187284 Q: -0.0117194
T: -0.135771 Q: -0.0143926
T: -0.0695473 Q: -0.0131532
T: 0.00937531 Q: 1.25203
T: 0.0985986 Q: 1.32666
T: 0.195412 Q: -0.00711082
T: 0.296872 Q: -0.00799875
T: 0.399899 Q: 2.31624
T: 0.50136 Q: -0.0292673
T: 0.598173 Q: 1.07424
T: 0.687396 Q: -0.0140462
T: 0.766318 Q: 1.08578
T: 0.832542 Q: -0.0135566
T: 0.884055 Q: -0.0125566
T: 0.919292 Q: 2.58247
T: 0.937183 Q: -0.0102355
T: 0.937183 Q: -0.0117101
T: 0.919292 Q: 1.18738
T: 0.884055 Q: 1.11625
T: 0.832542 Q: -0.0166334
T: 0.766318 Q: 1.47482
T: 0.687396 Q: -0.0310523
T: 0.598173 Q: 1.43464
T: 0.50136 Q: -0.0373476
T: 0.399899 Q: -0.0358623
Sec_Event 19542575 N50: 50
T: 0.616841 Q: -0.0188992
T: 0.559982 Q: 2.7584
T: 0.505727 Q: -0.0207416
T: 0.455726 Q: 1.13892
T: 0.411497 Q: -0.0142337
T: 0.374385 Q: -0.02115
T: 0.345517 Q: -0.0102799
T: 0.32577 Q: -0.0102665
T: 0.315744 Q: 1.04807
T: 0.315744 Q: 2.51634
T: 0.32577 Q: 1.09631
T: 0.345517 Q: 1.43108
T: 0.374385 Q: -0.00550904
T: 0.411497 Q: 1.1379
T: 0.455726 Q: -0.00800022
T: 0.505727 Q: -0.00559201
T: 0.559982 Q: -0.00592936
T: 0.616841 Q: 1.06615
T: 0.674578 Q: -0.00817688
T: 0.731437 Q: -0.00804971
T: 0.785691 Q: 1.34374
T: 0.835693 Q: -0.0064765
T: 0.879921 Q: 1.29292
T: 0.917034 Q: -0.00693065
T: 0.945902 Q: 2.47993
T: 0.965649 Q: -0.00589905
T: 0.975675 Q: 1.33818
T: 0.975675 Q: 1.30316
T: 0.965649 Q: -0.00500741
T: 0.945902 Q: 1.21268
T: 0.917034 Q: -0.00571752
T: 0.879921 Q: 1.41959
T: 0.835693 Q: 2.34807
T: 0.785691 Q: -0.012865
T: 0.731437 Q: 1.39286
T: 0.674578 Q: -0.0149137
Sec_Event 19542575 N50: 36
T: 0.105101 Q: -0.0121661
T: -0.00700064 Q: -0.00833322
T: -0.113967 Q: 1.17895
T: -0.212548 Q: -0.0126882
T: -0.299748 Q: 1.14115
T: -0.372918 Q: 1.40058
T: -0.429833 Q: -0.0127734
T: -0.468766 Q: -0.0101154
T: -0.488533 Q: -0.0114871
T: -0.488533 Q: -0.00636479
T: -0.468766 Q: 1.22106
T: -0.429833 Q: -0.00593287
T: -0.372918 Q: 2.30273
T: -0.299748 Q: -0.00573616
T: -0.212548 Q: 1.22642
T: -0.113967 Q: -0.00321782
T: -0.00700064 Q: -0.00691256
T: 0.105101 Q: -0.011677
T: 0.218933 Q: -0.0040855
T: 0.331035 Q: 1.12412
T: 0.438002 Q: 1.17844
T: 0.536583 Q: -0.00634342
T: 0.623783 Q: 3.73092
T: 0.696952 Q: -0.00768116
T: 0.753868 Q: -0.00994917
T: 0.7928 Q: -0.00602322
T: 0.812567 Q: 1.43876
T: 0.812567 Q: 1.37267
T: 0.7928 Q: -0.00811625
T: 0.753868 Q: -0.0112209
T: 0.696952 Q: -0.00983287
T: 0.623783 Q: -0.0113023
T: 0.536583 Q: -0.0114449
T: 0.438002 Q: -0.0123635
T: 0.331035 Q: -0.0154795
T: 0.218933 Q: -0.018631
Sec_Event 19542575 N50: 32
Sec_Event 19542575 N50: 34
Sec_Event 20743354 N50: 39
T: -0.609929 Q: -0.000829442
T: -0.683116 Q: -0.00150927
T: -0.752949 Q: 0.976179
T: -0.817308 Q: 0.924596
T: -0.874237 Q: -0.00420362
T: -0.922006 Q: -0.0079322
T: -0.959163 Q: -0.0236201
T: -0.984581 Q: -0.0195297
T: -0.997486 Q: -0.0181995
T: -0.997486 Q: 1.42886
T: -0.984581 Q: 1.37075
T: -0.959163 Q: -0.0217404
T: -0.922006 Q: -0.0215464
T: -0.874237 Q: 1.21686
T: -0.817308 Q: -0.0272464
T: -0.752949 Q: -0.0357994
T: -0.683116 Q: -0.0269316
T: -0.609929 Q: 0.874961
T: -0.535614 Q: -0.0170984
T: -0.462428 Q: 1.99913
T: -0.392594 Q: 0.928074
T: -0.328236 Q: 0.915635
T: -0.271307 Q: -0.00205344
T: -0.223538 Q: -0.0044351
T: -0.18638 Q: -0.000959895
T: -0.160963 Q: 0.978817
T: -0.148058 Q: -0.00027203
T: -0.148058 Q: -0.001839
T: -0.160963 Q: -0.000307277
T: -0.18638 Q: -0.00138904
T: -0.223538 Q: 1.1081
T: -0.271307 Q: 1.33422
T: -0.328236 Q: -0.00136832
T: -0.392594 Q: -0.000287252
T: -0.535614 Q: -0.000829369
Sec_Event 20751383 N50: 38
T: 0.271793 Q: 1.30098
T: 0.16844 Q: 1.18252
T: 0.0698215 Q: -0.00593183
T: -0.0210659 Q: -0.00822574
T: -0.10146 Q: 1.23156
T: -0.16892 Q: 1.1653
T: -0.221393 Q: -0.00885139
T: -0.257288 Q: -0.0119939
T: -0.275512 Q: -0.0111079
T: -0.275512 Q: -0.0071247
T: -0.257288 Q: 1.2596
T: -0.221393 Q: 1.17798
T: -0.16892 Q: -0.0116597
T: -0.10146 Q: -0.0145935
T: -0.0210659 Q: -0.0147674
T: 0.0698215 Q: -0.00924723
T: 0.16844 Q: -0.0158775
T: 0.271793 Q: 2.9279
T: 0.376741 Q: -0.0173847
T: 0.480095 Q: 1.40307
T: 0.578713 Q: 1.24104
T: 0.669601 Q: -0.0254234
T: 0.749995 Q: 1.45955
T: 0.817454 Q: 1.54038
T: 0.869928 Q: 1.11463
T: 0.905822 Q: 1.27765
T: 0.924046 Q: -0.0105442
T: 0.924046 Q: -0.00791705
T: 0.905822 Q: -0.00865331
T: 0.869928 Q: -0.00987398
T: 0.817454 Q: -0.0100814
T: 0.749995 Q: -0.0104765
T: 0.669601 Q: -0.0189224
T: 0.578713 Q: -0.0173259
T: 0.480095 Q: 1.21176
T: 0.376741 Q: 1.27411
Sec_Event 21644116 N50: 26
T: -0.423291 Q: 0.954114
T: -0.522653 Q: -0.00673806
T: -0.617464 Q: 0.953612
T: -0.704842 Q: -0.0117177
T: -0.782132 Q: -0.0185234
T: -0.846986 Q: -0.0278372
T: -0.897434 Q: -0.0509722
T: -0.931942 Q: -0.0394429
T: -0.949462 Q: 2.32448
T: -0.949462 Q: -0.0364789
T: -0.931942 Q: -0.0423953
T: -0.897434 Q: -0.0485399
T: -0.846986 Q: -0.052152
T: -0.782132 Q: -0.0556569
T: -0.704842 Q: -0.0617882
T: -0.617464 Q: -0.0414582
T: -0.522653 Q: 1.06624
T: -0.423291 Q: 1.02515
T: -0.322395 Q: -0.0285135
T: -0.223033 Q: -0.0211769
T: -0.128222 Q: -0.0315327
T: -0.0408441 Q: -0.0271965
T: 0.0364462 Q: -0.0208537
T: 0.1013 Q: 1.16576
T: 0.151748 Q: -0.015611
T: 0.186256 Q: -0.0138552
T: 0.203777 Q: -0.0166225
T: 0.203777 Q: -0.0110475
T: 0.186256 Q: -0.0101156
T: 0.151748 Q: -0.00819046
T: 0.1013 Q: -0.00990304
T: 0.0364462 Q: -0.011171
T: -0.0408441 Q: -0.00921691
T: -0.128222 Q: -0.00442858
T: -0.223033 Q: -0.00473026
T: -0.322395 Q: -0.00735632
Sec_Event 21677452 N50: 31
T: -0.726584 Q: -0.00944884
T: -0.76093 Q: -0.0131275
T: -0.793702 Q: -0.0328956
T: -0.823905 Q: -0.0532706
T: -0.850621 Q: -0.0433769
T: -0.873039 Q: -0.0394744
T: -0.890477 Q: -0.0409508
T: -0.902405 Q: -0.0414141
T: -0.908461 Q: -0.0369821
T: -0.908461 Q: -0.0366345
T: -0.902405 Q: -0.0403431
T: -0.890477 Q: -0.0389163
T: -0.873039 Q: -0.0385115
T: -0.850621 Q: 0.9449
T: -0.823905 Q: -0.0371112
T: -0.793702 Q: 1.35192
T: -0.76093 Q: 0.695941
T: -0.726584 Q: -0.00368289
T: -0.691708 Q: -0.00299711
T: -0.657363 Q: -0.00217603
T: -0.62459 Q: -0.000395702
T: -0.594387 Q: -0.00112862
T: -0.567671 Q: 0.892133
T: -0.545253 Q: -0.000232833
T: -0.515887 Q: -0.000597828
T: -0.509831 Q: -0.000623101
T: -0.527816 Q: 1.15635
T: -0.545253 Q: -0.000519928
T: -0.567671 Q: 1.05069
T: -0.594387 Q: -0.00102422
T: -0.62459 Q: -0.00174657
T: -0.657363 Q: 0.991768
T: -0.691708 Q: 0.719243
Sec_Event 21776382 N50: 40
T: -0.598131 Q: -0.043724
T: -0.673682 Q: -0.0440733
T: -0.745772 Q: 2.47618
T: -0.81221 Q: -0.0218193
T: -0.870979 Q: -0.0196773
T: -0.920291 Q: -0.013559
T: -0.958649 Q: -0.0138584
T: -0.984888 Q: 1.21364
T: -0.998209 Q: -0.0111646
T: -0.998209 Q: -0.0153864
T: -0.984888 Q: 2.54912
T: -0.958649 Q: -0.0121057
T: -0.920291 Q: 1.10329
T: -0.870979 Q: 1.22546
T: -0.81221 Q: -0.00604144
T: -0.745772 Q: -0.00379867
T: -0.673682 Q: -0.00521732
T: -0.598131 Q: 1.08707
T: -0.521415 Q: -0.00204045
T: -0.445864 Q: 1.06667
T: -0.373774 Q: -0.00814721
T: -0.307336 Q: -0.00276927
T: -0.248568 Q: 1.1255
T: -0.199256 Q: -0.00592303
T: -0.160897 Q: -0.00593155
T: -0.134659 Q: 1.31897
T: -0.121337 Q: -0.00627022
T: -0.121337 Q: -0.0115203
T: -0.134659 Q: -0.0129041
T: -0.160897 Q: -0.0162349
T: -0.199256 Q: -0.0150078
T: -0.248568 Q: 2.077
T: -0.307336 Q: -0.0205518
T: -0.373774 Q: -0.0296362
T: -0.445864 Q: -0.0332174
T: -0.521415 Q: 1.27067
Sec_Event 21935570 N50: 29
T: -0.336465 Q: -0.0115988
T: -0.442706 Q: -0.0129083
T: -0.544079 Q: -0.0256083
T: -0.637506 Q: 1.60015
T: -0.720146 Q: -0.0262935
T: -0.789489 Q: -0.0259642
T: -0.843429 Q: -0.0247729
T: -0.880326 Q: -0.0241846
T: -0.899059 Q: 1.30279
T: -0.899059 Q: 1.55367
T: -0.880326 Q: -0.0244969
T: -0.843429 Q: -0.0231025
T: -0.789489 Q: -0.0263712
T: -0.720146 Q: -0.0251721
T: -0.637506 Q: -0.022821
T: -0.544079 Q: -0.0184593
T: -0.442706 Q: -0.0137851
T: -0.336465 Q: 1.47193
T: -0.228586 Q: 1.43522
T: -0.122346 Q: 1.34072
T: -0.0209721 Q: -0.010366
T: 0.0724541 Q: -0.00886602
T: 0.155095 Q: 1.54034
T: 0.224438 Q: -0.0132548
T: 0.278378 Q: -0.0153002
T: 0.315275 Q: -0.0151406
T: 0.334008 Q: -0.00937586
T: 0.334008 Q: -0.017596
T: 0.315275 Q: -0.0140051
T: 0.278378 Q: -0.0126661
T: 0.224438 Q: -0.0162324
T: 0.155095 Q: -0.0127905
T: 0.0724541 Q: 1.52259
T: -0.0209721 Q: -0.00973362
T: -0.122346 Q: -0.0084685
T: -0.228586 Q: 1.47119
Sec_Event 22175813 N50: 29
T: 0.702407 Q: 1.13908
T: 0.672534 Q: -0.000679766
T: 0.64403 Q: -0.00154442
T: 0.61776 Q: 1.03051
T: 0.594524 Q: -0.0010777
T: 0.575026 Q: -0.00246995
T: 0.559859 Q: -0.0017664
T: 0.549484 Q: 0.836756
T: 0.544217 Q: 0.929765
T: 0.544217 Q: 0.801906
T: 0.549484 Q: -0.00828054
T: 0.559859 Q: -0.0160075
T: 0.575026 Q: -0.0224876
T: 0.594524 Q: -0.0391055
T: 0.61776 Q: -0.0536376
T: 0.64403 Q: -0.0650757
T: 0.672534 Q: 1.33712
T: 0.702407 Q: -0.0622756
T: 0.73274 Q: -0.0710114
T: 0.762613 Q: -0.0694009
T: 0.791117 Q: 1.31105
T: 0.817387 Q: -0.0550774
T: 0.840624 Q: -0.0529543
T: 0.860122 Q: -0.0576308
T: 0.875288 Q: -0.0510796
T: 0.885663 Q: -0.0566956
T: 0.89093 Q: -0.0615661
T: 0.89093 Q: 0.628071
T: 0.885663 Q: 0.67513
T: 0.875288 Q: 0.726361
T: 0.860122 Q: -0.00748648
T: 0.840624 Q: 1.85622
T: 0.817387 Q: 2.10102
T: 0.791117 Q: 1.03243
T: 0.762613 Q: -0.00112374
T: 0.73274 Q: -0.000710346
Sec_Event 22272880 N50: 30
T: 0.194152 Q: -0.0372893
T: 0.0859314 Q: -0.0407867
T: -0.0173311 Q: -0.0380554
T: -0.112498 Q: 0.618424
T: -0.196679 Q: -0.0360859
T: -0.267314 Q: -0.0319707
T: -0.322259 Q: -0.0207707
T: -0.359844 Q: 0.80589
T: -0.378926 Q: 1.93525
T: -0.378926 Q: 1.15147
T: -0.359844 Q: -0.018741
T: -0.322259 Q: -0.0231446
T: -0.267314 Q: -0.0266671
T: -0.196679 Q: -0.0271328
T: -0.112498 Q: -0.0325678
T: -0.0173311 Q: -0.025975
T: 0.0859314 Q: 1.19172
T: 0.194152 Q: -0.0315477
T: 0.304041 Q: -0.0320351
T: 0.412261 Q: -0.0261674
T: 0.515524 Q: -0.033238
T: 0.610691 Q: -0.0544847
T: 0.694872 Q: -0.0689562
T: 0.765507 Q: -0.095661
T: 0.820452 Q: -0.066674
T: 0.858037 Q: -0.0705305
T: 0.877119 Q: -0.0720216
T: 0.877119 Q: 1.3733
T: 0.858037 Q: -0.0664764
T: 0.820452 Q: 1.30656
T: 0.765507 Q: -0.0949884
T: 0.694872 Q: -0.107725
T: 0.610691 Q: -0.0718592
T: 0.515524 Q: 1.21474
T: 0.412261 Q: -0.0424577
T: 0.304041 Q: 1.1125
Sec_Event 22320984 N50: 29
T: -0.739642 Q: 1.30511
T: -0.762801 Q: -0.0468757
T: -0.784898 Q: -0.0616641
T: -0.805263 Q: -0.067894
T: -0.823277 Q: -0.0650184
T: -0.838392 Q: -0.0644471
T: -0.85015 Q: -0.0676528
T: -0.858193 Q: -0.0665967
T: -0.862276 Q: -0.0648695
T: -0.862276 Q: -0.0708776
T: -0.858193 Q: -0.0653768
T: -0.85015 Q: -0.0641518
T: -0.838392 Q: -0.0665483
T: -0.823277 Q: -0.071094
T: -0.805263 Q: -0.0660806
T: -0.784898 Q: 1.40752
T: -0.762801 Q: -0.0480427
T: -0.739642 Q: 1.3132
T: -0.716127 Q: -0.0306205
T: -0.692969 Q: -0.026308
T: -0.670871 Q: 1.15818
T: -0.650506 Q: -0.0227385
T: -0.632493 Q: -0.0193466
T: -0.617377 Q: -0.0173412
T: -0.605619 Q: -0.0187245
T: -0.597577 Q: 1.27681
T: -0.593493 Q: 2.42801
T: -0.593493 Q: -0.0193508
T: -0.597577 Q: -0.0164822
T: -0.605619 Q: -0.0164321
T: -0.617377 Q: -0.0246259
T: -0.632493 Q: -0.0237832
T: -0.650506 Q: -0.0261932
T: -0.670871 Q: -0.0211178
T: -0.692969 Q: -0.028338
T: -0.716127 Q: -0.0342324
Sec_Event 23169132 N50: 29
T: -0.282367 Q: 1.27411
T: -0.391751 Q: -0.0424231
T: -0.496124 Q: -0.0438586
T: -0.592314 Q: 1.41121
T: -0.677399 Q: 1.23794
T: -0.748794 Q: -0.0390014
T: -0.80433 Q: -0.0355564
T: -0.842318 Q: -0.0330139
T: -0.861605 Q: -0.0315142
T: -0.861605 Q: -0.0295947
T: -0.842318 Q: -0.0305864
T: -0.80433 Q: 1.33134
T: -0.748794 Q: 2.7103
T: -0.677399 Q: 1.25119
T: -0.592314 Q: -0.0576677
T: -0.496124 Q: -0.0649269
T: -0.391751 Q: -0.0493637
T: -0.282367 Q: -0.0468539
T: -0.171296 Q: -0.0436696
T: -0.0619129 Q: 1.23457
T: 0.0424597 Q: -0.0546182
T: 0.13865 Q: -0.0730304
T: 0.223735 Q: -0.0540335
T: 0.29513 Q: -0.0668117
T: 0.350666 Q: 1.50428
T: 0.388654 Q: -0.0619807
T: 0.407942 Q: -0.0606013
T: 0.407942 Q: 1.57979
T: 0.388654 Q: -0.0550833
T: 0.350666 Q: -0.050659
T: 0.29513 Q: -0.0515245
T: 0.223735 Q: -0.0534423
T: 0.13865 Q: 1.62811
T: 0.0424597 Q: -0.0490774
T: -0.0619129 Q: -0.0369874
T: -0.171296 Q: -0.0269396
Sec_Event 23346056 N50: 27
T: 0.341482 Q: -0.0235219
T: 0.243808 Q: 1.1541
T: 0.150609 Q: -0.0153226
T: 0.0647158 Q: -0.016464
T: -0.0112611 Q: 1.41619
T: -0.0750133 Q: -0.0116086
T: -0.124604 Q: -0.0145873
T: -0.158525 Q: -0.00771204
T: -0.175748 Q: -0.00749423
T: -0.175748 Q: 1.15259
T: -0.158525 Q: -0.00747177
T: -0.124604 Q: -0.00382255
T: -0.0750133 Q: -0.0023906
T: -0.0112611 Q: -0.00383515
T: 0.0647158 Q: -0.00411758
T: 0.150609 Q: -0.00378502
T: 0.243808 Q: -0.00403313
T: 0.341482 Q: -0.0039197
T: 0.440663 Q: 1.29422
T: 0.538337 Q: -0.00446496
T: 0.631536 Q: -0.00496909
T: 0.71743 Q: -0.00791773
T: 0.793406 Q: 0.858314
T: 0.857159 Q: 1.11307
T: 0.906749 Q: -0.0276255
T: 0.940671 Q: -0.0197832
T: 0.957893 Q: -0.0205569
T: 0.957893 Q: -0.0205591
T: 0.940671 Q: -0.022245
T: 0.906749 Q: -0.0204932
T: 0.857159 Q: -0.0260662
T: 0.793406 Q: -0.0311309
T: 0.71743 Q: -0.0307961
T: 0.631536 Q: 1.0232
T: 0.538337 Q: -0.0562603
T: 0.440663 Q: -0.0247549
500000/520039
Sec_Event 23806797 N50: 36
T: 0.367242 Q: 0.903496
T: 0.272018 Q: -0.0388173
T: 0.181155 Q: 2.61517
T: 0.0974161 Q: -0.0551823
T: 0.0233444 Q: 1.34627
T: -0.038809 Q: 1.05182
T: -0.0871559 Q: 1.0123
T: -0.120227 Q: -0.0128782
T: -0.137018 Q: -0.0155929
T: -0.137018 Q: -0.00700199
T: -0.120227 Q: -0.00475235
T: -0.0871559 Q: -0.00231448
T: -0.038809 Q: -0.000895688
T: 0.0233444 Q: -0.00234954
T: 0.0974161 Q: -0.00125053
T: 0.181155 Q: -0.000782469
T: 0.272018 Q: 0.962354
T: 0.367242 Q: -0.000789656
T: 0.463936 Q: -0.000629366
T: 0.55916 Q: 0.985145
T: 0.650023 Q: 1.26825
T: 0.733762 Q: 2.17498
T: 0.807834 Q: -0.00191148
T: 0.869987 Q: -0.00459902
T: 0.918334 Q: 1.66819
T: 0.951405 Q: -0.00358498
T: 0.968196 Q: -0.00223635
T: 0.968196 Q: 1.05581
T: 0.951405 Q: 1.29228
T: 0.918334 Q: 1.06528
T: 0.869987 Q: 2.59637
T: 0.807834 Q: -0.00740871
T: 0.733762 Q: -0.00832822
T: 0.650023 Q: 2.50787
T: 0.55916 Q: -0.0189173
T: 0.463936 Q: -0.0307567
Sec_Event 24247634 N50: 41
T: -0.50309 Q: -0.00503457
T: -0.593655 Q: -0.00612143
T: -0.680072 Q: -0.00342301
T: -0.759713 Q: -0.00334526
T: -0.830161 Q: -0.00581977
T: -0.889273 Q: -0.00186437
T: -0.935254 Q: -0.00117828
T: -0.966707 Q: 1.03421
T: -0.982676 Q: -0.000925333
T: -0.982676 Q: 1.09577
T: -0.966707 Q: -0.00203328
T: -0.935254 Q: -0.0005643
T: -0.889273 Q: -0.00110115
T: -0.830161 Q: -0.00330721
T: -0.759713 Q: -0.00353088
T: -0.680072 Q: -0.00343219
T: -0.593655 Q: -0.00518662
T: -0.50309 Q: -0.00790694
T: -0.411127 Q: 0.897373
T: -0.320562 Q: 0.905539
T: -0.234146 Q: -0.0395959
T: -0.154504 Q: 2.37368
T: -0.0840567 Q: 1.28913
T: -0.0249444 Q: -0.0388925
T: 0.0210368 Q: -0.0406879
T: 0.0524898 Q: -0.0360541
T: 0.068459 Q: -0.0427312
T: 0.068459 Q: 1.1993
T: 0.0524898 Q: 1.01827
T: 0.0210368 Q: -0.0150431
T: -0.0249444 Q: 1.33599
T: -0.0840567 Q: -0.0107236
T: -0.154504 Q: -0.00973129
T: -0.234146 Q: 1.07439
T: -0.320562 Q: -0.00651408
T: -0.411127 Q: -0.0051882

gestpm: TOTAL NUMBER PMT: WALL; TOP; BOTTOM; ALL  7650  1748  1748 11146
 *****************************
 * This is for SK-VI map      *
 *****************************
 findconsts: connection table file: /home/licheng/local/skofl/const//connection.super.dat
gexyz: PMT # FOR EACH SECTION       1  7650  7651  9398  9399 11146
gexyz: maxpm,nlwal     11146      7650
 findconsts: connection table1 file: /home/licheng/local/skofl/const//connection.super.dat
 findconsts: connection table2 file: /home/licheng/local/skofl/const//connection.super.sk-5.dat
 findfile: checking /home/licheng/local/skofl/const//misch3.dat
 findfile: found /home/licheng/local/skofl/const//misch3.dat
 findconsts: mis channel file: /home/licheng/local/skofl/const//misch3.dat
 findfile: checking /home/licheng/local/skofl/const//skpmt_sk5.dat
 findfile: found /home/licheng/local/skofl/const//skpmt_sk5.dat
 findconsts: pmt file: /home/licheng/local/skofl/const//skpmt_sk5.dat
gestpma: TOTAL NUMBER anti PMT: WALL; TOP; BOTTOM; ALL  1275   302   308  1885
gexyza: anti PMT # FOR EACH SECTION       1  1275  1276  1577  1578  1885
 maxpma,nlwala      1885      1275
 skbadch: log_level =            0
 findconsts: badch.090459 file: /home/licheng/local/skofl/const//badch/badch.090459
 findconsts: bad channel file: /home/licheng/local/skofl/const//badch.dat
 findconsts: badch.090459 file: /home/licheng/local/skofl/const//badch/badch.090459
 skdark: log_level =            0
 findconsts: darkr.090459.root file: /home/licheng/local/skofl/const//darkr/darkr.090459.root
 findconsts: badsub SK-I 1 file: /home/licheng/local/skofl/const//lowe/badsub.sk.r1742-3051.r3208-3608
 nbad 1 =         1851
 findconsts: badsub SK-I 2 file: /home/licheng/local/skofl/const//lowe/badsub.sk.realtim
 nbad 2 =        17511
 findconsts: badsub SK-I 3 file: /home/licheng/local/skofl/const//lowe/badsub.sk.manual.1260day
 nbad 3 =        21939
 findconsts: badsub SK-I 4 file: /home/licheng/local/skofl/const//lowe/badsub.sk.sle.1260day
 nbad 4 =        28004
 findconsts: badsub SK-I 5 file: /home/licheng/local/skofl/const//lowe/badsub.sk.manual
 nbad 5 =        28105
 findconsts: badsub SK-I 6 file: /home/licheng/local/skofl/const//lowe/badsub.sk.sle
 nbad 6 =        28105
 findconsts: badsub SK-II 1 file: /home/licheng/local/skofl/const//lowe/badsub.sk2.manual
 nbad_sk2 SK-II 1 =        27759
 findconsts: badsub SK-III 1 file: /home/licheng/local/skofl/const//lowe/badsub.sk3.manual
 nbad_sk3 SK-III 1 =         4149
 findconsts: badsub SK-IV file: /home/licheng/local/skofl/const//lowe/badsub.sk4.manual
 nbad_sk4 SK-IV =        66921
 read local badsub.sk5.manual.local
 nbad_sk5 SK-V =         2595
 read local badsub.sk6.manual.local
 nbad_sk6 SK-VI (Gd) =         7717
 findconsts: skcoverage_barrel file: /home/licheng/local/skofl/const//lowe/skcov_b_p3.dat
 findconsts: nearest neighbor file: /home/licheng/local/skofl/const//neighb.dat
 neighbsk: reading neighbor file /home/licheng/local/skofl/const//neighb.dat
 findconsts: skcoverage_sk4_final file: /home/licheng/local/skofl/const//lowe/skcov_c_p3.dat
