Output file: output/wt_090421.root input file:/disk03/lowe10/sk7/sle/lomugd.090421.root
 Id of this manager : 10
InitReadRoot: total = 492116
RUNINFO found in the rare list
SK geometry setting: 6
***** Dummy rgetvalue was called. (Remote File Access is not supported) *****
==========WT:========== 16657.6 14561.1 12580.3
0/492116
Sec_Event 23608 N50: 32
T: -0.248156 Q: -0.000377283
T: -0.359129 Q: -0.00103802
T: -0.562607 Q: -0.003475
T: -0.648928 Q: 1.06481
T: -0.721361 Q: 1.16104
T: -0.777703 Q: 1.27919
T: -0.816244 Q: 1.14501
T: -0.835811 Q: -0.00412785
T: -0.835811 Q: 0.843659
T: -0.816244 Q: -0.00503768
T: -0.777703 Q: -0.00695685
T: -0.721361 Q: 0.924489
T: -0.648928 Q: 0.95331
T: -0.562607 Q: -0.0077274
T: -0.465019 Q: -0.0105974
T: -0.359129 Q: -0.00614586
T: -0.248156 Q: 2.29353
T: -0.135471 Q: 1.11352
T: -0.0244985 Q: -0.00447033
T: 0.0813907 Q: 0.989431
T: 0.178979 Q: 0.920104
T: 0.2653 Q: -0.00262121
T: 0.337733 Q: -0.00387935
T: 0.394075 Q: -0.00338761
T: 0.432616 Q: -0.00161759
T: 0.452183 Q: -0.00315066
T: 0.452183 Q: 2.57574
T: 0.432616 Q: -0.000350634
T: 0.394075 Q: 1.27179
T: 0.337733 Q: 1.39357
T: 0.2653 Q: -0.000886296
T: 0.178979 Q: -0.00037177
T: 0.0813907 Q: -0.000281364
T: -0.0244985 Q: -0.000773383
T: -0.135471 Q: -0.000310599
Sec_Event 23608 N50: 33
T: -0.380431 Q: -0.0259477
T: -0.483494 Q: -0.0216013
T: -0.581837 Q: -0.0176554
T: -0.672469 Q: -0.0138827
T: -0.752639 Q: -0.0105589
T: -0.819909 Q: 2.52101
T: -0.872235 Q: -0.00563121
T: -0.908029 Q: 1.20345
T: -0.926202 Q: 1.06103
T: -0.926202 Q: 1.17222
T: -0.908029 Q: -0.00639203
T: -0.872235 Q: -0.00820939
T: -0.819909 Q: -0.00967478
T: -0.752639 Q: 2.4748
T: -0.672469 Q: -0.0140009
T: -0.581837 Q: -0.0198691
T: -0.483494 Q: -0.0338947
T: -0.380431 Q: 1.00506
T: -0.275777 Q: -0.0415381
T: -0.172714 Q: 1.25474
T: -0.0743715 Q: -0.0464531
T: 0.0162612 Q: -0.0446697
T: 0.0964305 Q: -0.0469917
T: 0.1637 Q: -0.054222
T: 0.216027 Q: -0.0534677
T: 0.251821 Q: -0.0609713
T: 0.269994 Q: -0.0595378
T: 0.269994 Q: -0.0483371
T: 0.251821 Q: -0.0457869
T: 0.216027 Q: 1.22301
T: 0.1637 Q: 3.76971
T: 0.0964305 Q: -0.0361797
T: 0.0162612 Q: -0.0284071
T: -0.0743715 Q: -0.0295528
T: -0.172714 Q: -0.0351762
T: -0.275777 Q: -0.0223173
Sec_Event 792700 N50: 30
T: -0.0631181 Q: -0.00122206
T: -0.177981 Q: -0.00202909
T: -0.287582 Q: -0.00155234
T: -0.38859 Q: -0.00486775
T: -0.477938 Q: 0.976787
T: -0.552909 Q: 1.03996
T: -0.611226 Q: -0.00648385
T: -0.651118 Q: -0.00795874
T: -0.671371 Q: -0.01136
T: -0.671371 Q: -0.0179283
T: -0.651118 Q: -0.0253071
T: -0.611226 Q: 1.02615
T: -0.552909 Q: -0.0363952
T: -0.477938 Q: -0.047091
T: -0.38859 Q: -0.0335975
T: -0.287582 Q: 1.21554
T: -0.177981 Q: -0.0382798
T: -0.0631181 Q: -0.027028
T: 0.0535166 Q: -0.0367811
T: 0.168379 Q: -0.0387519
T: 0.27798 Q: -0.0355043
T: 0.378989 Q: 1.0264
T: 0.468336 Q: -0.0361709
T: 0.543307 Q: -0.0400171
T: 0.601625 Q: -0.0369069
T: 0.641516 Q: -0.0317885
T: 0.66177 Q: -0.0337884
T: 0.66177 Q: -0.0138651
T: 0.641516 Q: -0.00869439
T: 0.601625 Q: -0.00404798
T: 0.543307 Q: -0.00311714
T: 0.468336 Q: -0.00213917
T: 0.378989 Q: 1.32024
T: 0.27798 Q: 1.14788
T: 0.168379 Q: -0.00186085
Sec_Event 1068585 N50: 28
T: -0.482966 Q: -0.0261772
T: -0.576016 Q: -0.0286688
T: -0.664802 Q: -0.0371076
T: -0.746629 Q: 1.01311
T: -0.819009 Q: -0.0292665
T: -0.879743 Q: -0.0229207
T: -0.926985 Q: 1.00051
T: -0.959301 Q: -0.0196032
T: -0.975708 Q: -0.0189158
T: -0.975708 Q: -0.0176819
T: -0.959301 Q: -0.0169223
T: -0.926985 Q: 1.09464
T: -0.879743 Q: -0.0243263
T: -0.819009 Q: -0.0274577
T: -0.746629 Q: -0.0301973
T: -0.664802 Q: 1.99985
T: -0.576016 Q: -0.0224917
T: -0.482966 Q: -0.0221687
T: -0.388481 Q: 1.06351
T: -0.295431 Q: -0.023782
T: -0.206644 Q: -0.0179067
T: -0.124818 Q: 1.01498
T: -0.0524382 Q: -0.0180171
T: 0.00829563 Q: -0.0184576
T: 0.0555382 Q: -0.0226866
T: 0.087854 Q: 1.04283
T: 0.104261 Q: -0.0287304
T: 0.104261 Q: -0.0428015
T: 0.087854 Q: -0.0261764
T: 0.0555382 Q: 1.30693
T: 0.00829563 Q: 1.03927
T: -0.0524382 Q: -0.0205731
T: -0.124818 Q: -0.0162854
T: -0.206644 Q: 1.0511
T: -0.295431 Q: -0.0185487
T: -0.388481 Q: -0.0219603
Sec_Event 1716138 N50: 39
T: 0.570524 Q: -0.0101985
T: 0.503701 Q: 2.41095
T: 0.43994 Q: 1.12393
T: 0.381177 Q: 1.98942
T: 0.329198 Q: -0.0175735
T: 0.285583 Q: -0.0197962
T: 0.251656 Q: -0.0316686
T: 0.228449 Q: -0.0194339
T: 0.216666 Q: -0.0246868
T: 0.216666 Q: -0.036785
T: 0.228449 Q: 1.20409
T: 0.251656 Q: 0.863287
T: 0.285583 Q: -0.0418995
T: 0.329198 Q: -0.0304028
T: 0.381177 Q: -0.0329791
T: 0.43994 Q: -0.0339409
T: 0.503701 Q: 1.04933
T: 0.570524 Q: -0.0148157
T: 0.638377 Q: -0.012377
T: 0.7052 Q: -0.00644983
T: 0.768962 Q: -0.00812075
T: 0.827724 Q: -0.00765591
T: 0.879703 Q: -0.00415389
T: 0.923319 Q: -0.00480295
T: 0.957245 Q: -0.0021632
T: 0.980453 Q: -0.00328974
T: 0.992235 Q: -0.00269409
T: 0.992235 Q: 1.24958
T: 0.980453 Q: 1.28229
T: 0.957245 Q: 1.14404
T: 0.923319 Q: -0.00451625
T: 0.879703 Q: -0.00362545
T: 0.827724 Q: -0.00671655
T: 0.768962 Q: -0.00499373
T: 0.7052 Q: 1.07457
T: 0.638377 Q: -0.00706135
Sec_Event 1873088 N50: 44
T: 0.409418 Q: 1.42501
T: 0.318659 Q: 2.51313
T: 0.232058 Q: -0.000468452
T: 0.152246 Q: -0.000732051
T: 0.0816482 Q: -0.00148297
T: 0.0224094 Q: -0.000994551
T: -0.0236701 Q: 1.05842
T: -0.0551904 Q: 1.14703
T: -0.0711936 Q: 1.21789
T: -0.0711936 Q: 2.43993
T: -0.0551904 Q: -0.00307779
T: -0.0236701 Q: 0.933674
T: 0.0224094 Q: 0.980816
T: 0.0816482 Q: -0.00472344
T: 0.152246 Q: -0.00998103
T: 0.232058 Q: 1.11387
T: 0.318659 Q: -0.018275
T: 0.409418 Q: -0.020302
T: 0.501577 Q: 0.940473
T: 0.592336 Q: 0.905451
T: 0.678938 Q: -0.0564986
T: 0.75875 Q: -0.0302181
T: 0.829348 Q: 0.753677
T: 0.888586 Q: -0.0243587
T: 0.934666 Q: -0.0181888
T: 0.966186 Q: -0.0168981
T: 0.98219 Q: -0.0205885
T: 0.98219 Q: 3.15735
T: 0.966186 Q: -0.0229905
T: 0.934666 Q: 1.83201
T: 0.888586 Q: -0.00786364
T: 0.829348 Q: -0.00440013
T: 0.75875 Q: -0.00125405
T: 0.678938 Q: 2.28101
T: 0.592336 Q: 1.25037
T: 0.501577 Q: -0.00128446
Sec_Event 2342581 N50: 29
T: -0.48485 Q: 1.02099
T: -0.577675 Q: -0.0391525
T: -0.666248 Q: -0.0396274
T: -0.747877 Q: -0.0354389
T: -0.820083 Q: -0.039581
T: -0.88067 Q: -0.0243067
T: -0.927799 Q: -0.0180756
T: -0.960037 Q: -0.0183702
T: -0.976404 Q: -0.0195207
T: -0.976404 Q: -0.0213753
T: -0.960037 Q: -0.0181848
T: -0.927799 Q: 0.923034
T: -0.88067 Q: -0.0225988
T: -0.820083 Q: -0.0271333
T: -0.747877 Q: -0.0217427
T: -0.666248 Q: 1.0651
T: -0.577675 Q: -0.0139252
T: -0.48485 Q: -0.00832175
T: -0.390592 Q: 2.11723
T: -0.297767 Q: -0.00845159
T: -0.209194 Q: 1.01057
T: -0.127565 Q: 1.39542
T: -0.0553596 Q: 2.66796
T: 0.00522782 Q: 0.993924
T: 0.0523565 Q: 1.07914
T: 0.0845944 Q: -0.0108164
T: 0.100962 Q: -0.0104632
T: 0.100962 Q: 1.05599
T: 0.0845944 Q: 1.1087
T: 0.0523565 Q: -0.0163121
T: 0.00522782 Q: -0.0179219
T: -0.0553596 Q: -0.0203513
T: -0.127565 Q: -0.0195866
T: -0.209194 Q: 1.18549
T: -0.297767 Q: -0.0224436
T: -0.390592 Q: -0.0267877
Sec_Event 3419134 N50: 42
T: -0.0728951 Q: -0.0135905
T: -0.187738 Q: 1.10495
T: -0.29732 Q: 1.15058
T: -0.398311 Q: 1.24919
T: -0.487643 Q: 3.40801
T: -0.562602 Q: -0.0126075
T: -0.620909 Q: -0.0116127
T: -0.660794 Q: -0.0131225
T: -0.681044 Q: -0.00997881
T: -0.681044 Q: -0.0112906
T: -0.660794 Q: -0.0107275
T: -0.620909 Q: 1.12191
T: -0.562602 Q: 1.03881
T: -0.487643 Q: 1.02946
T: -0.398311 Q: 1.4427
T: -0.29732 Q: -0.0112903
T: -0.187738 Q: 1.15184
T: -0.0728951 Q: -0.0101287
T: 0.0437195 Q: -0.00529893
T: 0.158563 Q: -0.009671
T: 0.268145 Q: 1.37391
T: 0.369136 Q: -0.00812484
T: 0.458468 Q: -0.00898898
T: 0.533426 Q: -0.0155755
T: 0.591734 Q: -0.0198482
T: 0.631618 Q: -0.0163373
T: 0.651868 Q: -0.0383725
T: 0.651868 Q: -0.0244093
T: 0.631618 Q: -0.0211819
T: 0.591734 Q: -0.0157052
T: 0.533426 Q: 1.07757
T: 0.458468 Q: -0.0135757
T: 0.369136 Q: -0.0118024
T: 0.268145 Q: 1.16857
T: 0.158563 Q: -0.0105782
T: 0.0437195 Q: -0.0123419
Sec_Event 3627902 N50: 53
T: 0.557339 Q: -0.0189002
T: 0.488014 Q: 0.960205
T: 0.421865 Q: -0.0299485
T: 0.360901 Q: -0.0435828
T: 0.306976 Q: -0.0411688
T: 0.261727 Q: -0.0508109
T: 0.22653 Q: -0.0511687
T: 0.202454 Q: 1.28818
T: 0.19023 Q: -0.0637526
T: 0.19023 Q: 1.11768
T: 0.202454 Q: -0.0580958
T: 0.22653 Q: 1.2024
T: 0.261727 Q: 1.03292
T: 0.306976 Q: -0.0303249
T: 0.360901 Q: -0.0225912
T: 0.421865 Q: 2.0694
T: 0.488014 Q: -0.0185616
T: 0.557339 Q: -0.0120588
T: 0.627734 Q: -0.0121933
T: 0.697059 Q: -0.0111735
T: 0.763208 Q: 1.34128
T: 0.824172 Q: -0.00391958
T: 0.878097 Q: -0.0038165
T: 0.923346 Q: -0.00373442
T: 0.958543 Q: -0.00336275
T: 0.98262 Q: 1.33767
T: 0.994843 Q: -0.00529272
T: 0.994843 Q: 1.18456
T: 0.98262 Q: 1.34356
T: 0.958543 Q: -0.00678966
T: 0.923346 Q: -0.00286344
T: 0.878097 Q: -0.00366915
T: 0.824172 Q: 1.09638
T: 0.763208 Q: -0.00806787
T: 0.697059 Q: 0.977854
T: 0.627734 Q: -0.0130882
Sec_Event 3720024 N50: 31
T: 0.361432 Q: -0.00342899
T: 0.265637 Q: -0.00502628
T: 0.17423 Q: -0.00389429
T: 0.0899899 Q: -0.00310235
T: 0.0154748 Q: -0.00246162
T: -0.0470508 Q: -0.00624931
T: -0.0956871 Q: -0.00435173
T: -0.128956 Q: -0.0049601
T: -0.145847 Q: -0.00619375
T: -0.145847 Q: 1.11011
T: -0.128956 Q: 1.09953
T: -0.0956871 Q: 1.15564
T: -0.0470508 Q: 1.0744
T: 0.0154748 Q: 1.15063
T: 0.0899899 Q: -0.0187519
T: 0.17423 Q: -0.0222373
T: 0.265637 Q: -0.0283068
T: 0.361432 Q: -0.0341118
T: 0.458704 Q: -0.0379721
T: 0.554499 Q: -0.0568273
T: 0.645905 Q: -0.0579126
T: 0.730146 Q: -0.0511883
T: 0.804661 Q: -0.0312712
T: 0.867187 Q: -0.0263358
T: 0.915823 Q: 1.28593
T: 0.949092 Q: 1.23475
T: 0.965983 Q: -0.0199881
T: 0.965983 Q: -0.0195454
T: 0.949092 Q: -0.0188325
T: 0.915823 Q: 0.901553
T: 0.867187 Q: -0.0331114
T: 0.804661 Q: 0.941981
T: 0.730146 Q: -0.00823128
T: 0.645905 Q: 1.09804
T: 0.554499 Q: -0.00342195
T: 0.458704 Q: -0.00231419
100000/492116
Sec_Event 5169003 N50: 33
T: 0.311614 Q: -0.068453
T: 0.211344 Q: -0.0508596
T: 0.115667 Q: -0.0440944
T: 0.0274899 Q: 1.3447
T: -0.0505068 Q: -0.0508001
T: -0.115954 Q: -0.0470135
T: -0.166863 Q: -0.049142
T: -0.201686 Q: 1.14801
T: -0.219367 Q: -0.0470039
T: -0.219367 Q: -0.0444659
T: -0.201686 Q: -0.0313928
T: -0.166863 Q: -0.0264297
T: -0.115954 Q: -0.0278716
T: -0.0505068 Q: -0.0195793
T: 0.0274899 Q: -0.0164513
T: 0.115667 Q: 1.02989
T: 0.211344 Q: 1.13961
T: 0.311614 Q: -0.0156445
T: 0.413432 Q: -0.0148785
T: 0.513703 Q: -0.0161719
T: 0.60938 Q: -0.0251731
T: 0.697556 Q: 1.81806
T: 0.775553 Q: -0.0390927
T: 0.841 Q: 0.826201
T: 0.891909 Q: -0.0428101
T: 0.926733 Q: -0.0349642
T: 0.944413 Q: -0.0347212
T: 0.944413 Q: -0.0331129
T: 0.926733 Q: -0.0353669
T: 0.891909 Q: -0.0433499
T: 0.841 Q: -0.0467346
T: 0.775553 Q: -0.064436
T: 0.697556 Q: -0.071452
T: 0.60938 Q: -0.0662065
T: 0.513703 Q: -0.0782138
T: 0.413432 Q: 1.20975
Sec_Event 5363669 N50: 43
T: -0.74316 Q: -0.00625942
T: -0.761048 Q: -0.00472791
T: -0.778117 Q: -0.00373176
T: -0.793847 Q: 0.924634
T: -0.807762 Q: -0.00435645
T: -0.819437 Q: -0.00330707
T: -0.82852 Q: -0.00312971
T: -0.834732 Q: -0.0024982
T: -0.837886 Q: 1.08742
T: -0.837886 Q: 1.07475
T: -0.834732 Q: -0.00314457
T: -0.82852 Q: -0.00310165
T: -0.819437 Q: -0.00352758
T: -0.807762 Q: -0.00474937
T: -0.793847 Q: -0.00590758
T: -0.778117 Q: 0.992981
T: -0.761048 Q: -0.00595509
T: -0.74316 Q: 1.02159
T: -0.724996 Q: -0.00471082
T: -0.707108 Q: -0.00708208
T: -0.690039 Q: -0.0059751
T: -0.674309 Q: -0.00591174
T: -0.660394 Q: -0.00716455
T: -0.648719 Q: -0.00684646
T: -0.639637 Q: -0.00749238
T: -0.633424 Q: -0.00810125
T: -0.63027 Q: -0.00869
T: -0.63027 Q: -0.00901394
T: -0.633424 Q: 0.905031
T: -0.639637 Q: 0.879256
T: -0.648719 Q: 0.828116
T: -0.660394 Q: 0.954184
T: -0.674309 Q: -0.00666268
T: -0.690039 Q: -0.00493027
T: -0.707108 Q: -0.00568521
T: -0.724996 Q: -0.00607786
Sec_Event 5363669 N50: 54
T: 0.413399 Q: -0.0231454
T: 0.323093 Q: -0.0118259
T: 0.236924 Q: 1.24339
T: 0.15751 Q: -0.00948743
T: 0.0872638 Q: -0.0073395
T: 0.0283205 Q: -0.00874225
T: -0.0175292 Q: -0.0084877
T: -0.0488922 Q: -0.00658211
T: -0.0648156 Q: 2.82736
T: -0.0648156 Q: 1.44796
T: -0.0488922 Q: -0.00752961
T: -0.0175292 Q: 1.24924
T: 0.0283205 Q: 3.76149
T: 0.0872638 Q: 1.47128
T: 0.15751 Q: -0.0129341
T: 0.236924 Q: -0.0114197
T: 0.323093 Q: -0.0140879
T: 0.413399 Q: 2.80806
T: 0.505098 Q: 1.25527
T: 0.595405 Q: 1.41572
T: 0.681574 Q: 1.12319
T: 0.760988 Q: -0.0530763
T: 0.831234 Q: -0.0672764
T: 0.890177 Q: -0.0829397
T: 0.936027 Q: -0.0676528
T: 0.96739 Q: -0.0645646
T: 0.983313 Q: -0.0647383
T: 0.983313 Q: 1.36859
T: 0.96739 Q: -0.069398
T: 0.936027 Q: -0.0802816
T: 0.890177 Q: 0.978436
T: 0.831234 Q: 2.05127
T: 0.760988 Q: 1.33276
T: 0.681574 Q: 1.21039
T: 0.595405 Q: 1.21366
T: 0.505098 Q: -0.0120093
Sec_Event 5363669 N50: 43
Sec_Event 5363669 N50: 89
T: -0.423732 Q: -0.00787037
T: -0.523053 Q: -0.00512926
T: -0.617824 Q: 1.07207
T: -0.705166 Q: -0.00460722
T: -0.782424 Q: -0.00522828
T: -0.847251 Q: -0.000955331
T: -0.897677 Q: -0.00206647
T: -0.932171 Q: -0.00104798
T: -0.949684 Q: -0.000626091
T: -0.949684 Q: -0.000655236
T: -0.932171 Q: 2.44809
T: -0.897677 Q: -0.00129377
T: -0.847251 Q: -0.00105622
T: -0.782424 Q: 1.12873
T: -0.705166 Q: 1.15276
T: -0.617824 Q: -0.00321701
T: -0.523053 Q: -0.00648328
T: -0.423732 Q: -0.00932665
T: -0.322879 Q: -0.00943299
T: -0.223558 Q: 1.23306
T: -0.128787 Q: -0.00728644
T: -0.0414457 Q: 1.21205
T: 0.0358123 Q: 1.4147
T: 0.100639 Q: -0.00577661
T: 0.151066 Q: 1.16551
T: 0.18556 Q: 2.58561
T: 0.203073 Q: -0.00757656
T: 0.203073 Q: 1.20494
T: 0.18556 Q: 1.21521
T: 0.151066 Q: -0.00785068
T: 0.100639 Q: -0.00778468
T: 0.0358123 Q: 1.21701
T: -0.0414457 Q: -0.00629857
T: -0.128787 Q: 1.12343
T: -0.223558 Q: -0.00574535
T: -0.322879 Q: 1.39881
Sec_Event 5363669 N50: 46
T: -0.408861 Q: 2.51939
T: -0.509541 Q: -0.0039794
T: -0.605609 Q: -0.00206581
T: -0.694145 Q: -0.00133369
T: -0.77246 Q: 2.38927
T: -0.838174 Q: 1.38351
T: -0.889291 Q: 1.28949
T: -0.924257 Q: 1.43967
T: -0.942009 Q: -0.000776008
T: -0.942009 Q: 1.26109
T: -0.924257 Q: -0.000761988
T: -0.889291 Q: -0.000353752
T: -0.838174 Q: 2.48626
T: -0.77246 Q: 2.49788
T: -0.694145 Q: -0.00231902
T: -0.605609 Q: -0.00175921
T: -0.509541 Q: -0.00346513
T: -0.408861 Q: -0.00583626
T: -0.306628 Q: 0.883219
T: -0.205948 Q: -0.0272831
T: -0.109881 Q: -0.0279442
T: -0.0213443 Q: 1.1612
T: 0.0569708 Q: -0.0265499
T: 0.122685 Q: -0.0259043
T: 0.173801 Q: 2.43231
T: 0.208767 Q: -0.0272438
T: 0.22652 Q: 1.21647
T: 0.22652 Q: -0.0287702
T: 0.208767 Q: 1.38891
T: 0.173801 Q: -0.0273556
T: 0.122685 Q: -0.0291359
T: 0.0569708 Q: 1.41577
T: -0.0213443 Q: 1.23695
T: -0.109881 Q: -0.0210282
T: -0.205948 Q: -0.0192132
T: -0.306628 Q: 0.771498
Sec_Event 5885240 N50: 30
T: -0.265389 Q: 1.25656
T: -0.375598 Q: -0.0208077
T: -0.480759 Q: -0.0250856
T: -0.577675 Q: -0.0217095
T: -0.663403 Q: 0.991046
T: -0.735337 Q: -0.00933114
T: -0.791292 Q: -0.00732376
T: -0.829567 Q: 2.20731
T: -0.849 Q: -0.00582095
T: -0.849 Q: -0.00608761
T: -0.829567 Q: -0.00674931
T: -0.791292 Q: -0.00722446
T: -0.735337 Q: -0.00863954
T: -0.663403 Q: -0.0121145
T: -0.577675 Q: -0.015632
T: -0.480759 Q: -0.0136441
T: -0.375598 Q: 1.14242
T: -0.265389 Q: 1.31786
T: -0.15348 Q: -0.0123987
T: -0.0432702 Q: -0.0149794
T: 0.0618903 Q: -0.00950705
T: 0.158807 Q: -0.013358
T: 0.244534 Q: -0.0133219
T: 0.316468 Q: -0.0160463
T: 0.372423 Q: -0.0162943
T: 0.410698 Q: -0.0221604
T: 0.430131 Q: 1.19635
T: 0.430131 Q: -0.0243478
T: 0.410698 Q: -0.0250847
T: 0.372423 Q: -0.028051
T: 0.316468 Q: 2.45808
T: 0.244534 Q: -0.0227594
T: 0.158807 Q: -0.0164465
T: 0.0618903 Q: -0.0244177
T: -0.0432702 Q: -0.0239014
T: -0.15348 Q: 1.23129
Sec_Event 5885240 N50: 25
T: 0.442635 Q: -0.0287615
T: 0.355832 Q: -0.026355
T: 0.273006 Q: -0.022494
T: 0.196673 Q: 1.3232
T: 0.129153 Q: -0.0187103
T: 0.0724961 Q: -0.026433
T: 0.0284252 Q: 2.80913
T: -0.00172106 Q: -0.014773
T: -0.0170267 Q: -0.014612
T: -0.0170267 Q: 1.22959
T: -0.00172106 Q: 1.51422
T: 0.0284252 Q: -0.0103006
T: 0.0724961 Q: -0.0141996
T: 0.129153 Q: -0.0118816
T: 0.196673 Q: 1.29275
T: 0.273006 Q: -0.00875047
T: 0.355832 Q: -0.0131308
T: 0.442635 Q: -0.0134201
T: 0.530777 Q: -0.0140821
T: 0.617579 Q: -0.0248624
T: 0.700405 Q: -0.0358212
T: 0.776738 Q: 1.04043
T: 0.844259 Q: -0.0548029
T: 0.900915 Q: -0.0551251
T: 0.944986 Q: -0.0414546
T: 0.975133 Q: -0.0415567
T: 0.990438 Q: -0.0496683
T: 0.990438 Q: -0.0393104
T: 0.975133 Q: -0.0392715
T: 0.944986 Q: -0.0488496
T: 0.900915 Q: 1.27124
T: 0.844259 Q: -0.0647752
T: 0.776738 Q: -0.0774234
T: 0.700405 Q: -0.0596708
T: 0.617579 Q: -0.0426902
T: 0.530777 Q: -0.0296266
Sec_Event 5957002 N50: 31
T: -0.67115 Q: 0.973857
T: -0.729073 Q: -0.00196046
T: -0.784342 Q: -0.00140143
T: -0.835278 Q: -0.00386462
T: -0.880333 Q: -0.00729135
T: -0.918139 Q: 0.793729
T: -0.947547 Q: -0.0241513
T: -0.967664 Q: 1.23855
T: -0.977877 Q: -0.0153678
T: -0.977877 Q: 1.23335
T: -0.967664 Q: -0.0172015
T: -0.947547 Q: -0.0186765
T: -0.918139 Q: -0.0219633
T: -0.880333 Q: -0.0241553
T: -0.835278 Q: 1.05071
T: -0.784342 Q: -0.0340101
T: -0.729073 Q: -0.0338802
T: -0.67115 Q: -0.0346107
T: -0.612334 Q: -0.0269561
T: -0.554412 Q: -0.0202967
T: -0.499143 Q: 0.985195
T: -0.448207 Q: -0.00758319
T: -0.403151 Q: -0.00632067
T: -0.365345 Q: 0.865674
T: -0.335937 Q: -0.00339144
T: -0.315821 Q: -0.00318402
T: -0.305608 Q: -0.00190522
T: -0.305608 Q: -0.00107235
T: -0.315821 Q: 1.42044
T: -0.335937 Q: -0.000915665
T: -0.365345 Q: 0.959592
T: -0.403151 Q: -0.000672992
T: -0.448207 Q: -0.000625666
T: -0.499143 Q: -0.00115372
T: -0.554412 Q: -0.00103143
T: -0.612334 Q: -0.000969325
Sec_Event 5957002 N50: 29
T: -0.449423 Q: -0.0374596
T: -0.546201 Q: -0.0393062
T: -0.638546 Q: 2.5119
T: -0.723651 Q: -0.0355071
T: -0.798931 Q: -0.0313647
T: -0.862098 Q: -0.0244597
T: -0.911234 Q: -0.0236995
T: -0.944844 Q: -0.0225234
T: -0.961909 Q: -0.0168149
T: -0.961909 Q: -0.0173183
T: -0.944844 Q: -0.0186769
T: -0.911234 Q: 2.14238
T: -0.862098 Q: -0.034393
T: -0.798931 Q: -0.029281
T: -0.723651 Q: -0.0374645
T: -0.638546 Q: -0.040561
T: -0.546201 Q: -0.0341468
T: -0.449423 Q: 1.12081
T: -0.351152 Q: -0.0265111
T: -0.254374 Q: -0.0293909
T: -0.162029 Q: -0.0364805
T: -0.0769242 Q: 2.43312
T: -0.00164422 Q: -0.0355271
T: 0.0615232 Q: -0.0380493
T: 0.110659 Q: 1.17295
T: 0.144269 Q: -0.0424567
T: 0.161334 Q: -0.0516991
T: 0.161334 Q: -0.0390961
T: 0.144269 Q: -0.0487904
T: 0.110659 Q: -0.0471381
T: 0.0615232 Q: -0.0370731
T: -0.00164422 Q: 1.47724
T: -0.0769242 Q: -0.0427407
T: -0.162029 Q: -0.0296236
T: -0.254374 Q: 1.36694
T: -0.351152 Q: 1.05567
Sec_Event 6134070 N50: 42
T: 0.174334 Q: -0.001641
T: 0.065098 Q: -0.00138541
T: -0.0391335 Q: -0.00140885
T: -0.135194 Q: -0.00250766
T: -0.220164 Q: 1.13775
T: -0.291463 Q: -0.00156472
T: -0.346923 Q: 1.20795
T: -0.38486 Q: 1.09418
T: -0.404122 Q: 1.47693
T: -0.404122 Q: 2.42919
T: -0.38486 Q: -0.00926582
T: -0.346923 Q: -0.00621859
T: -0.291463 Q: -0.0079633
T: -0.220164 Q: -0.0111757
T: -0.135194 Q: 0.929337
T: -0.0391335 Q: -0.00867121
T: 0.065098 Q: -0.010386
T: 0.174334 Q: 0.942643
T: 0.285255 Q: -0.00907529
T: 0.39449 Q: 1.80647
T: 0.498722 Q: -0.0026084
T: 0.594782 Q: 0.940317
T: 0.679753 Q: 1.2341
T: 0.751051 Q: 1.04506
T: 0.806512 Q: -0.000705238
T: 0.844449 Q: -0.000736771
T: 0.86371 Q: 1.52808
T: 0.844449 Q: 1.10743
T: 0.806512 Q: -0.000320841
T: 0.751051 Q: 1.12122
T: 0.679753 Q: -0.00107317
T: 0.594782 Q: -0.00106673
T: 0.498722 Q: -0.00153539
T: 0.39449 Q: -0.00203347
T: 0.285255 Q: 5.33877
Sec_Event 6134070 N50: 38
T: -0.374887 Q: 1.12886
T: -0.478385 Q: -0.0462349
T: -0.57714 Q: -0.0475394
T: -0.668154 Q: -0.0554856
T: -0.748661 Q: 2.30126
T: -0.816214 Q: -0.0868823
T: -0.868761 Q: -0.0709449
T: -0.904705 Q: -0.0673872
T: -0.922954 Q: -0.0642053
T: -0.922954 Q: 1.1658
T: -0.904705 Q: 1.34724
T: -0.868761 Q: 1.20901
T: -0.816214 Q: 0.914711
T: -0.748661 Q: -0.0672725
T: -0.668154 Q: -0.0563211
T: -0.57714 Q: 1.20652
T: -0.478385 Q: 1.09726
T: -0.374887 Q: -0.0338226
T: -0.269793 Q: 1.25702
T: -0.166296 Q: -0.0327507
T: -0.0675403 Q: -0.0252545
T: 0.0234737 Q: 0.518262
T: 0.10398 Q: -0.0253019
T: 0.171533 Q: 0.62538
T: 0.22408 Q: 0.752007
T: 0.260024 Q: -0.0273804
T: 0.278274 Q: -0.020834
T: 0.278274 Q: 0.920523
T: 0.260024 Q: -0.0171067
T: 0.22408 Q: 0.710845
T: 0.171533 Q: -0.0229791
T: 0.10398 Q: -0.0295109
T: 0.0234737 Q: -0.0353978
T: -0.0675403 Q: -0.0425527
T: -0.166296 Q: -0.0307582
T: -0.269793 Q: -0.0349751
Sec_Event 6134070 N50: 33
T: 0.422922 Q: -0.00564913
T: 0.333722 Q: 0.879311
T: 0.248608 Q: -0.0147194
T: 0.170167 Q: -0.0246964
T: 0.100781 Q: -0.0235763
T: 0.0425601 Q: 1.9136
T: -0.00272798 Q: -0.0349842
T: -0.0337069 Q: 1.06191
T: -0.0494353 Q: -0.0404422
T: -0.0494353 Q: 1.32935
T: -0.0337069 Q: 0.799764
T: -0.00272798 Q: 2.14495
T: 0.0425601 Q: 0.831374
T: 0.100781 Q: 0.490883
T: 0.170167 Q: -0.0282722
T: 0.248608 Q: 1.11528
T: 0.333722 Q: 0.663728
T: 0.422922 Q: 0.882389
T: 0.513498 Q: -0.00123816
T: 0.602698 Q: 0.842864
T: 0.687812 Q: -0.000493007
T: 0.766253 Q: -0.000290494
T: 0.835639 Q: -0.000283352
T: 0.89386 Q: -0.000299163
T: 0.939148 Q: -0.000383492
T: 0.970127 Q: 1.22333
T: 0.970127 Q: 1.11058
T: 0.89386 Q: -0.000324758
T: 0.835639 Q: -0.000456566
T: 0.766253 Q: 0.854197
T: 0.687812 Q: -0.000533858
T: 0.602698 Q: -0.000981828
T: 0.513498 Q: 1.02568
Sec_Event 6516450 N50: 33
T: -0.241986 Q: -0.0115923
T: -0.353214 Q: -0.00906563
T: -0.459347 Q: -0.0125642
T: -0.55716 Q: -0.0178436
T: -0.643681 Q: -0.0253377
T: -0.71628 Q: -0.0239851
T: -0.772752 Q: -0.0454587
T: -0.811382 Q: -0.0560516
T: -0.830994 Q: -0.0696683
T: -0.830994 Q: 2.49312
T: -0.811382 Q: 1.08174
T: -0.772752 Q: -0.0690142
T: -0.71628 Q: -0.0712496
T: -0.643681 Q: -0.0643755
T: -0.55716 Q: -0.050945
T: -0.459347 Q: -0.0421628
T: -0.353214 Q: -0.0417028
T: -0.241986 Q: -0.0598176
T: -0.129041 Q: -0.0335179
T: -0.0178127 Q: -0.0256018
T: 0.0883203 Q: -0.0244262
T: 0.186133 Q: -0.026366
T: 0.272654 Q: -0.0172122
T: 0.345253 Q: 0.922221
T: 0.401725 Q: -0.0119334
T: 0.440354 Q: -0.00997706
T: 0.459967 Q: 1.05829
T: 0.459967 Q: 0.871111
T: 0.440354 Q: -0.00733083
T: 0.401725 Q: 0.842984
T: 0.345253 Q: -0.00887421
T: 0.272654 Q: -0.0100023
T: 0.186133 Q: -0.0112278
T: 0.0883203 Q: -0.00784354
T: -0.0178127 Q: -0.00885244
T: -0.129041 Q: -0.00760121
Sec_Event 7456839 N50: 32
T: -0.0980808 Q: -0.0108102
T: -0.212781 Q: -0.0130906
T: -0.322226 Q: 1.29631
T: -0.423092 Q: -0.0158263
T: -0.512312 Q: -0.0242546
T: -0.587177 Q: -0.0309603
T: -0.645412 Q: 1.31172
T: -0.685247 Q: -0.0350022
T: -0.705472 Q: 1.31399
T: -0.705472 Q: 1.29941
T: -0.685247 Q: -0.0311807
T: -0.645412 Q: -0.0340308
T: -0.587177 Q: 1.20758
T: -0.512312 Q: 2.53597
T: -0.423092 Q: 1.37181
T: -0.322226 Q: -0.0420011
T: -0.212781 Q: 2.59129
T: -0.0980808 Q: -0.0277542
T: 0.0183886 Q: 1.29736
T: 0.133089 Q: -0.0265448
T: 0.242534 Q: -0.0349632
T: 0.343399 Q: -0.0364655
T: 0.43262 Q: -0.0437968
T: 0.507485 Q: -0.0365789
T: 0.56572 Q: -0.0332016
T: 0.605555 Q: 1.09381
T: 0.625779 Q: -0.0317118
T: 0.625779 Q: -0.0355364
T: 0.605555 Q: 1.14054
T: 0.56572 Q: 1.25178
T: 0.507485 Q: -0.0282713
T: 0.43262 Q: -0.0212944
T: 0.343399 Q: 1.26016
T: 0.242534 Q: -0.0174181
T: 0.133089 Q: -0.0177668
T: 0.0183886 Q: -0.0105715
Sec_Event 7600892 N50: 36
T: -0.211552 Q: -0.00674701
T: -0.323907 Q: -0.00189735
T: -0.431115 Q: -0.00417044
T: -0.529919 Q: 1.0158
T: -0.617315 Q: -0.00342851
T: -0.69065 Q: 1.06265
T: -0.747694 Q: 2.58089
T: -0.786715 Q: -0.00523956
T: -0.806526 Q: -0.00433843
T: -0.806526 Q: -0.00491371
T: -0.786715 Q: 1.32951
T: -0.747694 Q: -0.00642997
T: -0.69065 Q: -0.00732674
T: -0.617315 Q: -0.0110271
T: -0.529919 Q: 1.13792
T: -0.431115 Q: -0.0246664
T: -0.323907 Q: -0.0507745
T: -0.211552 Q: -0.0369458
T: -0.0974638 Q: 1.2381
T: 0.0148913 Q: 1.39777
T: 0.122099 Q: -0.0394579
T: 0.220903 Q: -0.0389878
T: 0.308299 Q: -0.0395183
T: 0.381634 Q: -0.0386918
T: 0.438678 Q: -0.0396321
T: 0.477699 Q: -0.033325
T: 0.49751 Q: -0.0287857
T: 0.49751 Q: -0.0119966
T: 0.477699 Q: -0.0125296
T: 0.438678 Q: 1.26879
T: 0.381634 Q: -0.00627582
T: 0.308299 Q: -0.00242509
T: 0.220903 Q: 2.35009
T: 0.122099 Q: 0.999783
T: 0.0148913 Q: 1.20163
T: -0.0974638 Q: -0.0014978
Sec_Event 7600892 N50: 33
T: 0.0715844 Q: -0.0515519
T: -0.0415365 Q: 1.54786
T: -0.149475 Q: -0.0442767
T: -0.248952 Q: -0.0461431
T: -0.336944 Q: -0.0363837
T: -0.410779 Q: -0.0254736
T: -0.468212 Q: 1.24941
T: -0.507498 Q: -0.0200619
T: -0.527445 Q: -0.0147668
T: -0.527445 Q: -0.0205696
T: -0.507498 Q: -0.0121746
T: -0.468212 Q: 1.02188
T: -0.410779 Q: -0.00606816
T: -0.336944 Q: -0.00467714
T: -0.248952 Q: -0.00346816
T: -0.149475 Q: -0.00351495
T: -0.0415365 Q: 1.93964
T: 0.0715844 Q: -0.0032543
T: 0.18645 Q: -0.00304352
T: 0.299571 Q: -0.00252072
T: 0.40751 Q: -0.00262243
T: 0.506987 Q: -0.00528518
T: 0.594979 Q: -0.00643112
T: 0.668814 Q: -0.011714
T: 0.726247 Q: 0.911103
T: 0.765533 Q: 0.791119
T: 0.785479 Q: 0.937168
T: 0.785479 Q: -0.0646408
T: 0.765533 Q: -0.0616262
T: 0.726247 Q: -0.0666564
T: 0.668814 Q: -0.0791221
T: 0.594979 Q: -0.0816266
T: 0.506987 Q: -0.0726447
T: 0.40751 Q: 1.35894
T: 0.299571 Q: -0.0577231
T: 0.18645 Q: 1.30042
Sec_Event 8403792 N50: 25
T: -0.424219 Q: -0.0476557
T: -0.523495 Q: -0.056497
T: -0.618222 Q: -0.0702614
T: -0.705523 Q: 1.04639
T: -0.782745 Q: 1.32298
T: -0.847542 Q: -0.0699169
T: -0.897946 Q: 1.22942
T: -0.932424 Q: -0.0572466
T: -0.949928 Q: 1.20049
T: -0.949928 Q: -0.0509975
T: -0.932424 Q: 0.692908
T: -0.897946 Q: -0.0353366
T: -0.847542 Q: 0.876026
T: -0.782745 Q: -0.0154781
T: -0.705523 Q: -0.00845761
T: -0.618222 Q: -0.00685133
T: -0.523495 Q: -0.0046639
T: -0.424219 Q: -0.00529502
T: -0.323413 Q: 0.886491
T: -0.224138 Q: -0.00663904
T: -0.12941 Q: -0.0103405
T: -0.0421094 Q: -0.00526303
T: 0.0351129 Q: 0.923427
T: 0.0999102 Q: -0.00583326
T: 0.150313 Q: -0.014552
T: 0.184791 Q: -0.0116185
T: 0.202296 Q: -0.0155451
T: 0.202296 Q: -0.0178321
T: 0.184791 Q: 0.723314
T: 0.150313 Q: -0.0213141
T: 0.0999102 Q: -0.0345952
T: 0.0351129 Q: 2.36771
T: -0.0421094 Q: 1.05056
T: -0.12941 Q: 1.03616
T: -0.224138 Q: -0.0356906
T: -0.323413 Q: -0.0466961
Sec_Event 8505209 N50: 30
T: -0.533012 Q: -0.00720553
T: -0.619492 Q: 0.992431
T: -0.70201 Q: -0.0124327
T: -0.778059 Q: -0.0183838
T: -0.845328 Q: 1.8798
T: -0.901774 Q: -0.0203175
T: -0.945681 Q: -0.0189261
T: -0.975715 Q: -0.0231841
T: -0.990964 Q: 2.31394
T: -0.990964 Q: -0.0193858
T: -0.975715 Q: -0.0167828
T: -0.945681 Q: -0.0180916
T: -0.901774 Q: -0.019783
T: -0.845328 Q: -0.028634
T: -0.778059 Q: -0.0340806
T: -0.70201 Q: -0.0441975
T: -0.619492 Q: -0.055146
T: -0.533012 Q: -0.0483397
T: -0.445198 Q: -0.0402714
T: -0.358718 Q: -0.0472262
T: -0.276199 Q: -0.0465203
T: -0.20015 Q: -0.031658
T: -0.132881 Q: -0.0326761
T: -0.0764349 Q: -0.0278951
T: -0.0325278 Q: 1.06993
T: -0.00249366 Q: 2.26168
T: 0.0127551 Q: 1.084
T: 0.0127551 Q: -0.0138117
T: -0.00249366 Q: 1.14809
T: -0.0325278 Q: -0.0163618
T: -0.0764349 Q: -0.0108846
T: -0.132881 Q: 1.11112
T: -0.20015 Q: -0.0080459
T: -0.276199 Q: -0.00633339
T: -0.358718 Q: -0.00889687
T: -0.445198 Q: 2.08229
200000/492116
Sec_Event 10211615 N50: 41
T: -0.487312 Q: -0.000341221
T: -0.579842 Q: 1.00007
T: -0.668133 Q: -0.00148724
T: -0.749502 Q: 0.975182
T: -0.821477 Q: 1.10299
T: -0.881872 Q: -0.00105287
T: -0.92885 Q: -0.000956219
T: -0.960985 Q: -0.000423639
T: -0.977301 Q: -0.00104597
T: -0.977301 Q: -0.000307653
T: -0.960985 Q: 1.16786
T: -0.92885 Q: 1.05436
T: -0.881872 Q: -0.000961847
T: -0.821477 Q: 1.19024
T: -0.749502 Q: 3.41546
T: -0.668133 Q: 1.26919
T: -0.579842 Q: 1.0482
T: -0.487312 Q: 1.15891
T: -0.393355 Q: -0.010733
T: -0.300825 Q: -0.0107631
T: -0.212534 Q: 0.992433
T: -0.131165 Q: -0.00780593
T: -0.0591898 Q: -0.00595998
T: 0.00120462 Q: -0.00389983
T: 0.0481832 Q: 1.01609
T: 0.0803184 Q: -0.00239754
T: 0.0966339 Q: -0.00167424
T: 0.0966339 Q: -0.00120064
T: 0.0803184 Q: -0.000753618
T: 0.0481832 Q: -0.00106409
T: 0.00120462 Q: -0.000671544
T: -0.0591898 Q: -0.000227977
T: -0.131165 Q: -0.000507274
T: -0.212534 Q: -0.000618162
T: -0.300825 Q: -0.0002732
T: -0.393355 Q: -0.000251973
Sec_Event 10979448 N50: 36
T: -0.434908 Q: -0.000715318
T: -0.630693 Q: 1.0913
T: -0.713751 Q: 0.973801
T: -0.783445 Q: -0.000754
T: -0.837658 Q: -0.00336589
T: -0.874741 Q: -0.00461431
T: -0.893569 Q: -0.0118806
T: -0.893569 Q: -0.0265406
T: -0.874741 Q: 0.640845
T: -0.837658 Q: -0.0410416
T: -0.783445 Q: -0.0442449
T: -0.713751 Q: 0.860036
T: -0.630693 Q: -0.0320287
T: -0.536794 Q: 1.03504
T: -0.434908 Q: -0.0272932
T: -0.328131 Q: -0.0214561
T: -0.219706 Q: -0.0191483
T: -0.112928 Q: -0.0169821
T: -0.0110421 Q: -0.0164538
T: 0.0828565 Q: -0.0110368
T: 0.165915 Q: -0.00865703
T: 0.235609 Q: -0.00466972
T: 0.289821 Q: 0.712073
T: 0.326905 Q: 0.851576
T: 0.345733 Q: -0.00167641
T: 0.345733 Q: -0.000894408
T: 0.326905 Q: -0.00361554
T: 0.289821 Q: 1.48993
T: 0.235609 Q: 2.46416
T: 0.165915 Q: 1.76618
T: 0.0828565 Q: -0.000362111
T: -0.0110421 Q: 1.27862
T: -0.112928 Q: 1.22576
Sec_Event 11016125 N50: 43
T: -0.357836 Q: -0.000613195
T: -0.462606 Q: -0.000463034
T: -0.562576 Q: -0.000266203
T: -0.65471 Q: -0.00101068
T: -0.736206 Q: -0.000988486
T: -0.80459 Q: -0.00253295
T: -0.857783 Q: -0.0038932
T: -0.89417 Q: -0.0091065
T: -0.912643 Q: 0.777139
T: -0.912643 Q: 0.647627
T: -0.89417 Q: -0.0348318
T: -0.857783 Q: 3.03335
T: -0.80459 Q: -0.0414896
T: -0.736206 Q: 2.84896
T: -0.65471 Q: 0.951957
T: -0.562576 Q: 2.0881
T: -0.462606 Q: -0.0253606
T: -0.357836 Q: 1.95312
T: -0.251449 Q: 2.24258
T: -0.146679 Q: -0.0147816
T: -0.0467089 Q: -0.0106087
T: 0.0454244 Q: -0.016682
T: 0.126921 Q: -0.00933431
T: 0.195305 Q: -0.00673499
T: 0.248498 Q: -0.00512679
T: 0.284884 Q: -0.00432566
T: 0.303358 Q: -0.0037462
T: 0.303358 Q: 1.41429
T: 0.284884 Q: 1.29274
T: 0.248498 Q: 1.35195
T: 0.195305 Q: 1.36244
T: 0.126921 Q: -0.000943542
T: 0.0454244 Q: -0.00138286
T: -0.146679 Q: -0.000586545
T: -0.251449 Q: -0.000314138
Sec_Event 11519515 N50: 25
T: -0.346073 Q: 1.89765
T: -0.451669 Q: 0.96075
T: -0.552428 Q: 1.91637
T: -0.645288 Q: -0.0106244
T: -0.727427 Q: -0.0115587
T: -0.79635 Q: -0.0241603
T: -0.849962 Q: 0.871149
T: -0.886636 Q: -0.0810919
T: -0.905255 Q: -0.0698849
T: -0.905255 Q: -0.0642725
T: -0.886636 Q: -0.0755865
T: -0.849962 Q: -0.07431
T: -0.79635 Q: -0.0871183
T: -0.727427 Q: -0.104511
T: -0.645288 Q: -0.088179
T: -0.552428 Q: -0.069048
T: -0.451669 Q: -0.0569106
T: -0.346073 Q: -0.0565146
T: -0.238848 Q: -0.0545682
T: -0.133252 Q: -0.0435824
T: -0.0324928 Q: 1.48578
T: 0.0603669 Q: -0.0368592
T: 0.142506 Q: 0.507285
T: 0.211429 Q: -0.0166592
T: 0.265042 Q: 1.0359
T: 0.301715 Q: 0.760511
T: 0.320334 Q: 1.72231
T: 0.320334 Q: 0.885462
T: 0.301715 Q: 0.697924
T: 0.265042 Q: -0.0108386
T: 0.211429 Q: -0.00766257
T: 0.142506 Q: -0.00596619
T: 0.0603669 Q: -0.0122847
T: -0.0324928 Q: -0.00749511
T: -0.133252 Q: -0.00434158
T: -0.238848 Q: 0.978492
Sec_Event 11529175 N50: 25
T: -0.171878 Q: -0.00417259
T: -0.285378 Q: 1.40839
T: -0.393678 Q: -0.00514972
T: -0.493487 Q: 1.37829
T: -0.581774 Q: -0.00427397
T: -0.655856 Q: -0.00527103
T: -0.713481 Q: -0.011339
T: -0.752899 Q: 2.18156
T: -0.772912 Q: -0.00796631
T: -0.772912 Q: -0.0101806
T: -0.752899 Q: -0.0103861
T: -0.713481 Q: -0.0114508
T: -0.655856 Q: -0.015917
T: -0.581774 Q: -0.00721592
T: -0.493487 Q: 1.14134
T: -0.393678 Q: -0.00481675
T: -0.285378 Q: -0.00754209
T: -0.171878 Q: 1.63935
T: -0.0566276 Q: -0.00478261
T: 0.056872 Q: -0.00340428
T: 0.165172 Q: -0.00431278
T: 0.264982 Q: -0.00280304
T: 0.353269 Q: -0.0022745
T: 0.42735 Q: 1.59933
T: 0.484976 Q: -0.00262415
T: 0.524393 Q: -0.00183009
T: 0.544407 Q: -0.0030932
T: 0.544407 Q: -0.00199281
T: 0.524393 Q: -0.00197775
T: 0.484976 Q: -0.00246867
T: 0.42735 Q: 1.47073
T: 0.353269 Q: -0.00155504
T: 0.264982 Q: -0.00157524
T: 0.165172 Q: -0.00111954
T: 0.056872 Q: -0.00203753
T: -0.0566276 Q: -0.00238882
Sec_Event 11776889 N50: 41
T: -0.326862 Q: -0.0118793
T: -0.433719 Q: -0.010218
T: -0.535682 Q: 1.23097
T: -0.629651 Q: 2.60062
T: -0.712771 Q: -0.0107608
T: -0.782517 Q: -0.0121319
T: -0.83677 Q: 2.46552
T: -0.873882 Q: -0.00733815
T: -0.892724 Q: -0.00611967
T: -0.892724 Q: 1.12375
T: -0.873882 Q: -0.00494301
T: -0.83677 Q: -0.00626546
T: -0.782517 Q: 1.18338
T: -0.712771 Q: -0.00872635
T: -0.629651 Q: 1.35443
T: -0.535682 Q: -0.0217556
T: -0.433719 Q: 0.997086
T: -0.326862 Q: -0.0487658
T: -0.218355 Q: -0.0404262
T: -0.111498 Q: -0.0397139
T: -0.00953535 Q: 1.56419
T: 0.0844337 Q: 2.73592
T: 0.167554 Q: -0.0412499
T: 0.237301 Q: -0.0467307
T: 0.291554 Q: 1.27172
T: 0.328665 Q: -0.0414495
T: 0.347507 Q: 1.40691
T: 0.347507 Q: -0.0440995
T: 0.328665 Q: -0.0284927
T: 0.291554 Q: -0.021159
T: 0.237301 Q: -0.0174572
T: 0.167554 Q: 1.15126
T: 0.0844337 Q: -0.0110176
T: -0.00953535 Q: 1.19077
T: -0.111498 Q: -0.0122852
T: -0.218355 Q: 1.06204
Sec_Event 12390104 N50: 36
T: -0.496815 Q: -0.0611774
T: -0.588176 Q: 1.18911
T: -0.675352 Q: -0.0953087
T: -0.755694 Q: -0.0813524
T: -0.82676 Q: -0.0648852
T: -0.886392 Q: -0.0571735
T: -0.932778 Q: 1.20618
T: -0.964507 Q: -0.056142
T: -0.980616 Q: -0.0427599
T: -0.980616 Q: 1.33501
T: -0.964507 Q: -0.0683362
T: -0.932778 Q: -0.0288575
T: -0.886392 Q: -0.0131121
T: -0.82676 Q: -0.010789
T: -0.755694 Q: 1.06811
T: -0.675352 Q: -0.00340566
T: -0.588176 Q: 2.36934
T: -0.496815 Q: 0.99947
T: -0.404044 Q: -0.00373936
T: -0.312682 Q: -0.00242098
T: -0.225506 Q: -0.00395064
T: -0.145165 Q: -0.00283701
T: -0.074098 Q: 2.13674
T: -0.0144661 Q: 1.07182
T: 0.0319193 Q: -0.0102662
T: 0.0636487 Q: -0.00851487
T: 0.0797582 Q: -0.013808
T: 0.0797582 Q: -0.0184482
T: 0.0636487 Q: -0.0214545
T: 0.0319193 Q: 1.40254
T: -0.0144661 Q: -0.0458641
T: -0.074098 Q: -0.0356886
T: -0.145165 Q: -0.0373624
T: -0.225506 Q: -0.0413632
T: -0.312682 Q: 1.21045
T: -0.404044 Q: -0.0507342
Sec_Event 12729109 N50: 42
T: -0.501307 Q: 1.16089
T: -0.5921 Q: 1.31365
T: -0.678735 Q: -0.0177973
T: -0.758577 Q: -0.0219131
T: -0.829202 Q: -0.0119668
T: -0.888463 Q: -0.0101151
T: -0.93456 Q: -0.00852455
T: -0.966092 Q: -0.00726466
T: -0.982102 Q: -0.00777675
T: -0.982102 Q: -0.00681438
T: -0.966092 Q: -0.0125885
T: -0.93456 Q: -0.00807273
T: -0.888463 Q: 1.34088
T: -0.829202 Q: -0.0114417
T: -0.758577 Q: -0.0140374
T: -0.678735 Q: 1.12432
T: -0.5921 Q: -0.00857538
T: -0.501307 Q: -0.00915919
T: -0.409113 Q: -0.00795624
T: -0.318319 Q: 1.19506
T: -0.231685 Q: 1.15677
T: -0.151843 Q: -0.00755533
T: -0.0812179 Q: 1.50779
T: -0.0219566 Q: 1.20662
T: 0.0241405 Q: 1.34056
T: 0.0556727 Q: -0.00541406
T: 0.0716821 Q: 1.51077
T: 0.0716821 Q: 2.8423
T: 0.0556727 Q: -0.00540367
T: 0.0241405 Q: -0.00526259
T: -0.0219566 Q: -0.0102964
T: -0.0812179 Q: -0.00930167
T: -0.151843 Q: -0.00643033
T: -0.231685 Q: -0.00889955
T: -0.318319 Q: 1.21615
T: -0.409113 Q: 1.13168
Sec_Event 13239697 N50: 42
T: 0.338749 Q: -0.00629347
T: 0.240827 Q: 2.0464
T: 0.147391 Q: -0.00548749
T: 0.0612794 Q: -0.00508771
T: -0.0148905 Q: -0.00890124
T: -0.0788047 Q: -0.00797094
T: -0.128521 Q: 2.23959
T: -0.162529 Q: 3.20586
T: -0.179795 Q: -0.0204442
T: -0.179795 Q: -0.0213718
T: -0.162529 Q: -0.0180545
T: -0.128521 Q: 1.24475
T: -0.0788047 Q: 1.17758
T: -0.0148905 Q: -0.0302358
T: 0.0612794 Q: 2.60708
T: 0.147391 Q: 2.2203
T: 0.240827 Q: 1.17544
T: 0.338749 Q: -0.0395049
T: 0.438182 Q: -0.0532764
T: 0.536104 Q: 1.11874
T: 0.629541 Q: -0.071473
T: 0.715652 Q: -0.0562065
T: 0.791822 Q: 1.0979
T: 0.855736 Q: 1.30184
T: 0.905452 Q: -0.0375846
T: 0.939461 Q: -0.031005
T: 0.956727 Q: 1.42867
T: 0.956727 Q: -0.041901
T: 0.939461 Q: -0.0366373
T: 0.905452 Q: 0.831507
T: 0.855736 Q: -0.0219849
T: 0.791822 Q: -0.0135385
T: 0.715652 Q: -0.00962233
T: 0.629541 Q: -0.00825439
T: 0.536104 Q: -0.00584508
T: 0.438182 Q: -0.00448874
Sec_Event 13544026 N50: 25
T: 0.337054 Q: -0.00929225
T: 0.238979 Q: -0.0273421
T: 0.145397 Q: -0.023344
T: 0.0591514 Q: -0.0259532
T: -0.0171374 Q: -0.0246676
T: -0.0811514 Q: 1.07023
T: -0.130945 Q: 1.21615
T: -0.165006 Q: -0.0136402
T: -0.1823 Q: -0.0133504
T: -0.1823 Q: -0.00929564
T: -0.165006 Q: -0.0127852
T: -0.130945 Q: -0.0067138
T: -0.0811514 Q: -0.00722675
T: -0.0171374 Q: 1.08841
T: 0.0591514 Q: -0.00461225
T: 0.145397 Q: -0.00401834
T: 0.238979 Q: -0.00333281
T: 0.337054 Q: -0.00352007
T: 0.436642 Q: -0.0029926
T: 0.534717 Q: -0.00304783
T: 0.6283 Q: -0.00113721
T: 0.714545 Q: 1.03988
T: 0.790834 Q: -0.000532819
T: 0.854848 Q: -0.000600578
T: 0.904642 Q: -0.000487767
T: 0.955997 Q: -0.000590438
T: 0.955997 Q: -0.00028381
T: 0.938703 Q: 1.34859
T: 0.904642 Q: -0.000327002
T: 0.854848 Q: -0.000223961
T: 0.790834 Q: -0.00125495
T: 0.714545 Q: 1.11402
T: 0.6283 Q: 1.32293
T: 0.534717 Q: -0.00174663
T: 0.436642 Q: -0.00625358
Sec_Event 13727560 N50: 33
T: 0.36782 Q: -0.007178
T: 0.272653 Q: 0.618278
T: 0.181845 Q: -0.021559
T: 0.0981565 Q: -0.0250216
T: 0.0241294 Q: -0.0227488
T: -0.0379866 Q: -0.0328345
T: -0.0863044 Q: 0.50414
T: -0.119356 Q: -0.0271491
T: -0.136136 Q: 1.06888
T: -0.136136 Q: -0.0340038
T: -0.119356 Q: -0.028901
T: -0.0863044 Q: -0.0319239
T: -0.0379866 Q: -0.0325655
T: 0.0241294 Q: -0.0250032
T: 0.0981565 Q: -0.0238949
T: 0.181845 Q: -0.0264672
T: 0.272653 Q: 0.685307
T: 0.36782 Q: 1.36451
T: 0.464456 Q: 0.841797
T: 0.559623 Q: -0.0013289
T: 0.650431 Q: -0.000490448
T: 0.734119 Q: 0.993871
T: 0.808147 Q: -0.000563426
T: 0.870263 Q: 1.16317
T: 0.91858 Q: 1.28422
T: 0.951632 Q: 1.44507
T: 0.968412 Q: 1.34249
T: 0.951632 Q: -0.000269071
T: 0.91858 Q: -0.00022753
T: 0.870263 Q: -0.00027235
T: 0.808147 Q: 1.00438
T: 0.734119 Q: -0.000237129
T: 0.650431 Q: -0.000939596
T: 0.559623 Q: -0.00221013
T: 0.464456 Q: -0.00213847
300000/492116
Sec_Event 13892919 N50: 27
T: 0.235918 Q: 0.917327
T: 0.130135 Q: -0.00594375
T: 0.0291981 Q: -0.00425388
T: -0.0638257 Q: -0.0113489
T: -0.14611 Q: -0.00263062
T: -0.215155 Q: -0.00295898
T: -0.268862 Q: -0.00157492
T: -0.3056 Q: -0.000995968
T: -0.324252 Q: 0.957297
T: -0.324252 Q: -0.00117564
T: -0.3056 Q: -0.00143491
T: -0.268862 Q: 2.29836
T: -0.215155 Q: 2.23194
T: -0.14611 Q: -0.00223379
T: -0.0638257 Q: -0.000514569
T: 0.0291981 Q: -0.00189946
T: 0.130135 Q: -0.000456382
T: 0.235918 Q: -0.000837988
T: 0.343332 Q: -0.000540583
T: 0.449115 Q: -0.00142381
T: 0.550052 Q: -0.00138566
T: 0.643075 Q: 1.10893
T: 0.72536 Q: -0.00163295
T: 0.794405 Q: 1.92414
T: 0.848112 Q: 0.755948
T: 0.88485 Q: -0.00947643
T: 0.903502 Q: -0.0189752
T: 0.903502 Q: -0.0235028
T: 0.88485 Q: -0.0296524
T: 0.848112 Q: -0.0266219
T: 0.794405 Q: -0.0290078
T: 0.72536 Q: -0.0130279
T: 0.643075 Q: -0.0166
T: 0.550052 Q: -0.0118781
T: 0.449115 Q: -0.0084987
T: 0.343332 Q: -0.00542767
Sec_Event 13994297 N50: 32
T: 0.201886 Q: -0.000658286
T: 0.0940867 Q: 1.58219
T: -0.00877444 Q: 1.84264
T: -0.103572 Q: 1.77789
T: -0.187425 Q: -0.000660209
T: -0.257786 Q: 1.42669
T: -0.312517 Q: 1.54087
T: -0.349956 Q: -0.00215971
T: -0.368964 Q: -0.000601554
T: -0.368964 Q: -0.000863535
T: -0.349956 Q: -0.0012816
T: -0.312517 Q: -0.00186347
T: -0.257786 Q: -0.00109134
T: -0.187425 Q: -0.0019093
T: -0.103572 Q: -0.00136623
T: -0.00877444 Q: -0.00524456
T: 0.0940867 Q: -0.0038339
T: 0.201886 Q: -0.00723005
T: 0.311349 Q: -0.00288216
T: 0.419148 Q: -0.00538688
T: 0.522009 Q: -0.00818969
T: 0.616807 Q: -0.00791392
T: 0.70066 Q: -0.00952443
T: 0.771021 Q: -0.0122361
T: 0.825752 Q: -0.0163067
T: 0.863191 Q: -0.0171607
T: 0.882199 Q: -0.016216
T: 0.882199 Q: 1.03591
T: 0.863191 Q: 1.09344
T: 0.825752 Q: 1.07337
T: 0.771021 Q: -0.00193841
T: 0.70066 Q: 1.08657
T: 0.616807 Q: 1.60076
T: 0.522009 Q: -0.000590104
T: 0.419148 Q: 1.28778
T: 0.311349 Q: 1.31329
Sec_Event 13994297 N50: 31
T: 0.196217 Q: -0.00542374
T: 0.0881078 Q: -0.00351375
T: -0.0150488 Q: -0.00244805
T: -0.110118 Q: -0.00652029
T: -0.194213 Q: -0.00176653
T: -0.264776 Q: 1.09893
T: -0.319664 Q: -0.00128773
T: -0.35721 Q: 1.72855
T: -0.376273 Q: 1.11734
T: -0.376273 Q: 1.31386
T: -0.35721 Q: -0.00310112
T: -0.319664 Q: -0.00106863
T: -0.264776 Q: -0.0004052
T: -0.194213 Q: -0.000665221
T: -0.110118 Q: 1.21194
T: -0.0150488 Q: -0.000430101
T: 0.0881078 Q: -0.000428938
T: 0.196217 Q: -0.00363716
T: 0.414103 Q: -0.00157088
T: 0.51726 Q: -0.00212419
T: 0.612329 Q: -0.000591917
T: 0.696423 Q: 1.10846
T: 0.766987 Q: -0.00261582
T: 0.821875 Q: -0.00264738
T: 0.859421 Q: -0.0043145
T: 0.878484 Q: -0.0146218
T: 0.878484 Q: 0.764293
T: 0.859421 Q: -0.0207936
T: 0.821875 Q: -0.0152156
T: 0.766987 Q: 1.7975
T: 0.696423 Q: -0.0107795
T: 0.612329 Q: -0.00979769
T: 0.51726 Q: -0.0068705
T: 0.414103 Q: -0.00464386
T: 0.305994 Q: -0.00500039
Sec_Event 14068147 N50: 44
T: 0.359086 Q: -0.022045
T: 0.263064 Q: 1.41774
T: 0.171441 Q: 1.24888
T: 0.0870005 Q: 1.05965
T: 0.0123087 Q: -0.014946
T: -0.0503652 Q: -0.0112931
T: -0.0991169 Q: -0.015367
T: -0.132465 Q: -0.00681995
T: -0.149396 Q: -0.00797588
T: -0.149396 Q: 1.44298
T: -0.132465 Q: -0.00373033
T: -0.0991169 Q: 1.26546
T: -0.0503652 Q: 1.23657
T: 0.0123087 Q: -0.00252187
T: 0.0870005 Q: -0.00295386
T: 0.171441 Q: -0.00346384
T: 0.263064 Q: -0.00363477
T: 0.359086 Q: 1.53661
T: 0.456589 Q: 1.52019
T: 0.552611 Q: 1.38167
T: 0.644234 Q: -0.00783842
T: 0.728675 Q: -0.00908943
T: 0.803367 Q: -0.0106444
T: 0.86604 Q: 2.53829
T: 0.914792 Q: 1.39089
T: 0.94814 Q: -0.00755284
T: 0.965071 Q: 1.59182
T: 0.965071 Q: 1.2162
T: 0.94814 Q: 1.62321
T: 0.914792 Q: 1.23125
T: 0.86604 Q: 1.29585
T: 0.803367 Q: -0.0164311
T: 0.728675 Q: 1.61136
T: 0.644234 Q: -0.0330868
T: 0.552611 Q: -0.0291835
T: 0.456589 Q: -0.0304332
Sec_Event 14307692 N50: 39
T: -0.423881 Q: -0.000631323
T: -0.523188 Q: -0.000889275
T: -0.617946 Q: 1.00863
T: -0.705275 Q: -0.00186071
T: -0.782522 Q: -0.00181398
T: -0.84734 Q: 1.79004
T: -0.897759 Q: 0.944176
T: -0.932248 Q: -0.0237742
T: -0.949759 Q: -0.0270701
T: -0.949759 Q: -0.0240493
T: -0.932248 Q: 1.13317
T: -0.897759 Q: -0.0273912
T: -0.84734 Q: 2.39118
T: -0.782522 Q: 1.15336
T: -0.705275 Q: -0.0458886
T: -0.617946 Q: -0.0480754
T: -0.523188 Q: -0.039395
T: -0.423881 Q: 1.17664
T: -0.323042 Q: -0.0329517
T: -0.223735 Q: -0.022646
T: -0.128978 Q: -0.0210989
T: -0.0416486 Q: -0.020377
T: 0.0355986 Q: -0.018802
T: 0.100417 Q: -0.0118735
T: 0.150836 Q: -0.0126834
T: 0.185325 Q: -0.00828898
T: 0.202836 Q: -0.00623551
T: 0.202836 Q: -0.00553305
T: 0.185325 Q: 0.881567
T: 0.150836 Q: -0.00164347
T: 0.100417 Q: 0.91186
T: 0.0355986 Q: -0.00314767
T: -0.0416486 Q: -0.000975547
T: -0.128978 Q: 0.928845
T: -0.223735 Q: -0.000733361
T: -0.323042 Q: -0.00115789
Sec_Event 14318203 N50: 30
T: 0.386488 Q: -0.00402182
T: 0.293228 Q: -0.004964
T: 0.20424 Q: -0.00695377
T: 0.122229 Q: -0.0082478
T: 0.0496853 Q: -0.0100865
T: -0.0111858 Q: -0.0126013
T: -0.0585351 Q: -0.0190565
T: -0.0909239 Q: 1.19404
T: -0.107368 Q: 0.707677
T: -0.107368 Q: 1.44537
T: -0.0909239 Q: -0.0186201
T: -0.0585351 Q: 1.33758
T: -0.0111858 Q: 1.17958
T: 0.0496853 Q: -0.0244528
T: 0.122229 Q: -0.0267204
T: 0.20424 Q: 0.828661
T: 0.293228 Q: -0.0148361
T: 0.386488 Q: -0.0049795
T: 0.481186 Q: -0.00200581
T: 0.574446 Q: -0.000848398
T: 0.663434 Q: -0.00181059
T: 0.745445 Q: -0.00064769
T: 0.817989 Q: -0.000529909
T: 0.87886 Q: 1.53685
T: 0.958598 Q: 1.29838
T: 0.975042 Q: 1.54971
T: 0.958598 Q: -0.00161459
T: 0.926209 Q: -0.000693824
T: 0.817989 Q: -0.000549481
T: 0.745445 Q: -0.000271301
T: 0.663434 Q: -0.000550063
T: 0.574446 Q: -0.000694998
T: 0.481186 Q: -0.00196319
Sec_Event 14318203 N50: 40
T: -0.327522 Q: -0.00971874
T: -0.434338 Q: -0.0377253
T: -0.536261 Q: -0.0191331
T: -0.630193 Q: -0.0261252
T: -0.713281 Q: -0.0284129
T: -0.783001 Q: 0.978754
T: -0.837233 Q: -0.0594438
T: -0.874329 Q: -0.0540831
T: -0.893164 Q: 1.26891
T: -0.893164 Q: -0.0578882
T: -0.874329 Q: 1.01508
T: -0.837233 Q: 0.806476
T: -0.783001 Q: -0.0304992
T: -0.713281 Q: -0.0182607
T: -0.630193 Q: -0.0151036
T: -0.536261 Q: 2.14272
T: -0.434338 Q: 1.04198
T: -0.327522 Q: -0.0127125
T: -0.219058 Q: -0.0124986
T: -0.112242 Q: -0.0103677
T: -0.0103195 Q: -0.0081857
T: 0.083613 Q: 1.1754
T: 0.166701 Q: -0.00880607
T: 0.23642 Q: -0.00569386
T: 0.290652 Q: -0.00597891
T: 0.327749 Q: -0.00519252
T: 0.346584 Q: 0.923349
T: 0.346584 Q: -0.00524827
T: 0.327749 Q: -0.00581905
T: 0.290652 Q: -0.00595459
T: 0.23642 Q: -0.00673268
T: 0.166701 Q: -0.00933236
T: 0.083613 Q: -0.00854504
T: -0.0103195 Q: 1.29759
T: -0.112242 Q: -0.00939342
T: -0.219058 Q: -0.0116734
Sec_Event 14366893 N50: 33
T: 0.379006 Q: -0.0349496
T: 0.284968 Q: -0.0322349
T: 0.195238 Q: -0.0311153
T: 0.112542 Q: 2.8012
T: 0.0393939 Q: -0.020024
T: -0.021985 Q: 1.22661
T: -0.0697293 Q: 1.34987
T: -0.102388 Q: 1.38941
T: -0.11897 Q: 1.2075
T: -0.11897 Q: 1.35538
T: -0.102388 Q: -0.0141602
T: -0.0697293 Q: 2.72686
T: -0.021985 Q: -0.00906064
T: 0.0393939 Q: -0.0102594
T: 0.112542 Q: -0.0119082
T: 0.195238 Q: 3.14966
T: 0.284968 Q: -0.0104122
T: 0.379006 Q: 1.17956
T: 0.474494 Q: 1.20737
T: 0.568532 Q: -0.0162296
T: 0.658262 Q: 3.32925
T: 0.740958 Q: -0.0359578
T: 0.814106 Q: -0.0421612
T: 0.875485 Q: -0.0335581
T: 0.923229 Q: -0.0314057
T: 0.955888 Q: 1.26117
T: 0.97247 Q: -0.0222715
T: 0.97247 Q: -0.0243362
T: 0.955888 Q: -0.0250992
T: 0.923229 Q: 1.4093
T: 0.875485 Q: -0.0311872
T: 0.814106 Q: -0.0373933
T: 0.740958 Q: -0.0374012
T: 0.658262 Q: -0.0464453
T: 0.568532 Q: -0.0427658
T: 0.474494 Q: -0.0604886
Sec_Event 14366893 N50: 36
T: -0.698573 Q: 1.24952
T: -0.746954 Q: -0.0223574
T: -0.793118 Q: 1.19537
T: -0.835664 Q: 1.19772
T: -0.873298 Q: 2.33313
T: -0.904876 Q: 2.75349
T: -0.92944 Q: 1.32414
T: -0.946243 Q: 1.40807
T: -0.954773 Q: -0.0154033
T: -0.954773 Q: -0.0117065
T: -0.946243 Q: -0.0111434
T: -0.92944 Q: -0.0126964
T: -0.904876 Q: -0.0138606
T: -0.873298 Q: 1.23827
T: -0.835664 Q: -0.0184884
T: -0.793118 Q: -0.017635
T: -0.746954 Q: 1.29764
T: -0.698573 Q: -0.0340065
T: -0.649445 Q: -0.0322048
T: -0.601064 Q: -0.0376334
T: -0.554899 Q: 1.33556
T: -0.512354 Q: -0.040217
T: -0.47472 Q: -0.0329706
T: -0.443141 Q: -0.0384111
T: -0.418578 Q: 1.23038
T: -0.401775 Q: 1.48523
T: -0.393244 Q: -0.037927
T: -0.393244 Q: -0.0416932
T: -0.401775 Q: -0.0349645
T: -0.418578 Q: -0.0430981
T: -0.443141 Q: -0.0381607
T: -0.47472 Q: -0.0329782
T: -0.512354 Q: 1.26996
T: -0.554899 Q: -0.032388
T: -0.601064 Q: -0.0246843
T: -0.649445 Q: -0.0268921
Sec_Event 15163764 N50: 28
T: -0.111444 Q: -0.0169829
T: -0.226014 Q: -0.00851128
T: -0.335335 Q: -0.0139723
T: -0.436086 Q: -0.0169129
T: -0.525205 Q: 0.832745
T: -0.599985 Q: 2.15368
T: -0.658154 Q: 0.98891
T: -0.697943 Q: -0.039868
T: -0.718145 Q: -0.0384722
T: -0.718145 Q: -0.0386301
T: -0.697943 Q: 1.09591
T: -0.658154 Q: -0.0545557
T: -0.599985 Q: 1.23699
T: -0.525205 Q: -0.0566947
T: -0.436086 Q: -0.0654092
T: -0.335335 Q: -0.0466632
T: -0.226014 Q: -0.0478987
T: -0.111444 Q: -0.0403808
T: 0.00489259 Q: -0.0506717
T: 0.119462 Q: 1.09729
T: 0.228783 Q: -0.0465813
T: 0.329534 Q: -0.0505894
T: 0.418653 Q: -0.0443023
T: 0.493433 Q: -0.0458658
T: 0.551602 Q: -0.0369152
T: 0.591392 Q: -0.0326514
T: 0.611593 Q: -0.0301797
T: 0.611593 Q: -0.0313033
T: 0.591392 Q: -0.0304964
T: 0.551602 Q: 3.22393
T: 0.493433 Q: -0.0289822
T: 0.418653 Q: -0.0222129
T: 0.329534 Q: -0.0144066
T: 0.228783 Q: -0.0118501
T: 0.119462 Q: -0.0141465
T: 0.00489259 Q: -0.0114398
Sec_Event 15424359 N50: 26
T: -0.721736 Q: -0.0239883
T: -0.759079 Q: -0.0415417
T: -0.794711 Q: -0.0415706
T: -0.827549 Q: 1.20824
T: -0.856597 Q: -0.0348252
T: -0.88097 Q: -0.033884
T: -0.89993 Q: -0.0319408
T: -0.912899 Q: -0.0296573
T: -0.919483 Q: -0.0274446
T: -0.919483 Q: -0.0314834
T: -0.912899 Q: 1.10057
T: -0.89993 Q: -0.0315569
T: -0.88097 Q: 0.729297
T: -0.856597 Q: 0.762721
T: -0.827549 Q: -0.0128612
T: -0.794711 Q: 1.56113
T: -0.759079 Q: 0.812088
T: -0.721736 Q: -0.00310054
T: -0.683818 Q: 1.09104
T: -0.646475 Q: -0.00117823
T: -0.610843 Q: -0.00134682
T: -0.578005 Q: 1.04308
T: -0.548958 Q: -0.000250364
T: -0.524584 Q: -0.000562132
T: -0.505625 Q: -0.00128267
T: -0.486071 Q: 1.67602
T: -0.486071 Q: -0.000874725
T: -0.492656 Q: -0.000254695
T: -0.505625 Q: -0.00120206
T: -0.524584 Q: 0.894403
T: -0.548958 Q: -0.00197502
T: -0.578005 Q: 0.808215
T: -0.610843 Q: -0.00522568
T: -0.646475 Q: -0.00838503
T: -0.683818 Q: -0.0206998
Sec_Event 15513007 N50: 57
T: 0.440169 Q: -0.00169067
T: 0.353059 Q: 2.8746
T: 0.269938 Q: 1.31309
T: 0.193335 Q: -0.00108688
T: 0.125574 Q: -0.00366515
T: 0.068717 Q: -0.0019555
T: 0.0244897 Q: -0.00343519
T: -0.00576357 Q: -0.00449203
T: -0.0211235 Q: -0.00737539
T: -0.0211235 Q: 1.38022
T: -0.00576357 Q: -0.0153872
T: 0.0244897 Q: 1.4256
T: 0.068717 Q: 2.85893
T: 0.125574 Q: 1.44284
T: 0.193335 Q: 1.63782
T: 0.269938 Q: -0.0447936
T: 0.353059 Q: -0.0575396
T: 0.440169 Q: -0.0730875
T: 0.528624 Q: 1.71542
T: 0.615735 Q: 1.43431
T: 0.698855 Q: 1.45777
T: 0.775459 Q: -0.0926367
T: 0.843219 Q: -0.0724417
T: 0.900076 Q: -0.0469049
T: 0.944304 Q: -0.0447182
T: 0.974557 Q: -0.0442676
T: 0.989917 Q: -0.0399252
T: 0.989917 Q: -0.0853942
T: 0.974557 Q: -0.0664397
T: 0.944304 Q: -0.0120984
T: 0.900076 Q: 2.59158
T: 0.843219 Q: 2.4206
T: 0.775459 Q: 1.31913
T: 0.698855 Q: 2.975
T: 0.615735 Q: 1.39727
T: 0.528624 Q: 3.25128
Sec_Event 15513007 N50: 31
T: -0.331362 Q: 1.02932
T: -0.437934 Q: 0.916876
T: -0.539623 Q: 0.850395
T: -0.633341 Q: 0.898216
T: -0.716239 Q: 1.07883
T: -0.785799 Q: -0.0106172
T: -0.839907 Q: 1.01594
T: -0.876918 Q: 1.05269
T: -0.89571 Q: 1.09251
T: -0.89571 Q: -0.00611675
T: -0.876918 Q: -0.00557679
T: -0.839907 Q: -0.00800538
T: -0.785799 Q: 0.754065
T: -0.716239 Q: 0.745856
T: -0.633341 Q: -0.00574636
T: -0.539623 Q: 0.839533
T: -0.437934 Q: 2.49076
T: -0.331362 Q: -0.00338069
T: -0.223146 Q: 0.877428
T: -0.116575 Q: -0.00397349
T: -0.014885 Q: 0.886635
T: 0.0788325 Q: 0.841297
T: 0.161731 Q: 1.74127
T: 0.23129 Q: 1.00735
T: 0.285398 Q: -0.0156218
T: 0.32241 Q: -0.0225765
T: 0.341202 Q: -0.0339416
T: 0.341202 Q: 0.978741
T: 0.32241 Q: 0.93015
T: 0.285398 Q: -0.0507124
T: 0.23129 Q: 1.09616
T: 0.161731 Q: 1.10282
T: 0.0788325 Q: -0.0431707
T: -0.014885 Q: -0.0476599
T: -0.116575 Q: 1.29348
T: -0.223146 Q: -0.0464349
Sec_Event 15513007 N50: 45
T: -0.651911 Q: -0.0234748
T: -0.715303 Q: 1.06417
T: -0.775791 Q: -0.011329
T: -0.831536 Q: -0.0113999
T: -0.880846 Q: -0.0104098
T: -0.922222 Q: 1.12997
T: -0.954407 Q: -0.0082852
T: -0.976423 Q: -0.0126762
T: -0.9876 Q: -0.0065053
T: -0.9876 Q: -0.00726661
T: -0.976423 Q: -0.00550781
T: -0.954407 Q: -0.00679682
T: -0.922222 Q: -0.00772471
T: -0.880846 Q: -0.00594966
T: -0.831536 Q: -0.00348609
T: -0.775791 Q: -0.00315144
T: -0.715303 Q: -0.00148655
T: -0.651911 Q: -0.0015459
T: -0.587542 Q: -0.00255073
T: -0.52415 Q: -0.00229873
T: -0.463662 Q: -0.00244508
T: -0.407917 Q: -0.00394505
T: -0.358607 Q: -0.004258
T: -0.317231 Q: -0.00473182
T: -0.285046 Q: -0.00771585
T: -0.26303 Q: -0.00812458
T: -0.251852 Q: -0.0149323
T: -0.251852 Q: -0.0210655
T: -0.26303 Q: -0.0266745
T: -0.285046 Q: -0.0363534
T: -0.317231 Q: -0.0312265
T: -0.358607 Q: -0.0337192
T: -0.407917 Q: -0.0385257
T: -0.463662 Q: -0.0423737
T: -0.52415 Q: 0.942227
T: -0.587542 Q: -0.0310416
Sec_Event 15544700 N50: 35
T: -0.690338 Q: -0.000605377
T: -0.741865 Q: -0.000568647
T: -0.791032 Q: 0.798617
T: -0.836344 Q: 1.24591
T: -0.876426 Q: -0.00726141
T: -0.910058 Q: 1.38911
T: -0.936219 Q: 0.760196
T: -0.954114 Q: 0.797715
T: -0.9632 Q: -0.0409816
T: -0.9632 Q: -0.0400783
T: -0.954114 Q: -0.0406654
T: -0.936219 Q: -0.0474623
T: -0.910058 Q: -0.048507
T: -0.876426 Q: -0.0512868
T: -0.836344 Q: -0.0605841
T: -0.791032 Q: -0.0793943
T: -0.741865 Q: -0.0589489
T: -0.690338 Q: -0.0393382
T: -0.638015 Q: -0.0206797
T: -0.586488 Q: -0.0178326
T: -0.537321 Q: -0.0143999
T: -0.492008 Q: -0.00446334
T: -0.451927 Q: -0.00248797
T: -0.418295 Q: -0.00159085
T: -0.392134 Q: -0.000926881
T: -0.374239 Q: 2.01404
T: -0.365153 Q: 1.2658
T: -0.374239 Q: 2.74708
T: -0.418295 Q: 1.61024
T: -0.451927 Q: 1.64794
T: -0.537321 Q: -0.000308958
T: -0.586488 Q: 1.3898
T: -0.638015 Q: 1.03699
Sec_Event 15652184 N50: 25
Sec_Event 15652184 N50: 44
T: 0.224361 Q: -0.0022588
T: 0.117863 Q: 1.03834
T: 0.0162433 Q: -0.00135391
T: -0.0774098 Q: 1.41482
T: -0.160251 Q: 1.15545
T: -0.229763 Q: -0.00095555
T: -0.283833 Q: 1.17343
T: -0.32082 Q: -0.0023984
T: -0.339598 Q: 1.69948
T: -0.339598 Q: 1.34381
T: -0.32082 Q: 1.25051
T: -0.283833 Q: -0.0019471
T: -0.229763 Q: 1.46556
T: -0.160251 Q: 1.26372
T: -0.0774098 Q: -0.00541413
T: 0.0162433 Q: -0.00265295
T: 0.117863 Q: -0.00308589
T: 0.224361 Q: 1.04796
T: 0.332502 Q: 2.12227
T: 0.439001 Q: -0.00337096
T: 0.54062 Q: -0.00517884
T: 0.634273 Q: -0.00460565
T: 0.717114 Q: 2.17356
T: 0.786626 Q: -0.0040194
T: 0.840697 Q: 1.25912
T: 0.877683 Q: 1.27078
T: 0.896462 Q: 1.29003
T: 0.896462 Q: -0.0030901
T: 0.877683 Q: -0.00439029
T: 0.840697 Q: 1.22013
T: 0.786626 Q: -0.00383339
T: 0.717114 Q: -0.00419759
T: 0.634273 Q: -0.00284285
T: 0.54062 Q: -0.00227529
T: 0.439001 Q: -0.00166344
T: 0.332502 Q: -0.00293965
Sec_Event 15657405 N50: 34
Sec_Event 16453370 N50: 33
T: -0.357449 Q: -0.012372
T: -0.462247 Q: -0.0153241
T: -0.562244 Q: -0.0175332
T: -0.654402 Q: -0.023243
T: -0.73592 Q: -0.0448675
T: -0.804322 Q: 1.25929
T: -0.857529 Q: -0.02926
T: -0.893925 Q: -0.0272697
T: -0.912404 Q: -0.0245538
T: -0.912404 Q: 1.33061
T: -0.893925 Q: -0.0294664
T: -0.857529 Q: -0.0347261
T: -0.804322 Q: -0.0432839
T: -0.73592 Q: 1.22903
T: -0.654402 Q: -0.040903
T: -0.562244 Q: -0.0432694
T: -0.462247 Q: 1.31517
T: -0.357449 Q: -0.0250513
T: -0.251035 Q: -0.0240037
T: -0.146237 Q: -0.0214246
T: -0.0462396 Q: -0.0181999
T: 0.0459181 Q: -0.029062
T: 0.127436 Q: -0.0299841
T: 0.195838 Q: -0.024165
T: 0.249046 Q: 2.993
T: 0.285442 Q: -0.0409045
T: 0.30392 Q: -0.0226778
T: 0.30392 Q: 1.41826
T: 0.285442 Q: -0.0207562
T: 0.249046 Q: 1.53587
T: 0.195838 Q: 1.45077
T: 0.127436 Q: -0.0177702
T: 0.0459181 Q: -0.00986861
T: -0.0462396 Q: -0.0123885
T: -0.146237 Q: -0.0110234
T: -0.251035 Q: -0.0107254
Sec_Event 16936406 N50: 44
T: -0.549839 Q: 2.71216
T: -0.633789 Q: -0.00273996
T: -0.713894 Q: -0.00211194
T: -0.787719 Q: -0.0036671
T: -0.853021 Q: 1.14604
T: -0.907815 Q: -0.00858723
T: -0.950438 Q: 0.834319
T: -0.979594 Q: 1.25478
T: -0.994396 Q: -0.0213324
T: -0.994396 Q: -0.0200369
T: -0.979594 Q: -0.0232977
T: -0.950438 Q: -0.0300998
T: -0.907815 Q: -0.0308671
T: -0.853021 Q: -0.0343396
T: -0.787719 Q: 2.48494
T: -0.713894 Q: -0.0495538
T: -0.633789 Q: -0.0525576
T: -0.549839 Q: -0.0429209
T: -0.464593 Q: -0.0324106
T: -0.380643 Q: -0.0319577
T: -0.300538 Q: 1.17153
T: -0.226714 Q: 2.25762
T: -0.161412 Q: -0.0166296
T: -0.106617 Q: 1.25641
T: -0.0639942 Q: -0.0115811
T: -0.0348385 Q: -0.00855423
T: -0.0200358 Q: -0.00336902
T: -0.0200358 Q: -0.00718176
T: -0.0348385 Q: 2.05664
T: -0.0639942 Q: -0.00285057
T: -0.106617 Q: -0.00175503
T: -0.161412 Q: -0.00147637
T: -0.226714 Q: 1.10239
T: -0.300538 Q: -0.00171396
T: -0.380643 Q: -0.00103313
T: -0.464593 Q: -0.00272475
Sec_Event 17546981 N50: 41
T: -0.447816 Q: -0.0415202
T: -0.54476 Q: -0.0306429
T: -0.637264 Q: -0.0161203
T: -0.722516 Q: -0.0108045
T: -0.797925 Q: -0.0082414
T: -0.861202 Q: 2.64889
T: -0.910422 Q: 1.44027
T: -0.94409 Q: 1.22562
T: -0.961184 Q: -0.00672178
T: -0.961184 Q: -0.00625515
T: -0.94409 Q: -0.005116
T: -0.910422 Q: -0.00959068
T: -0.861202 Q: -0.00687495
T: -0.797925 Q: -0.00878078
T: -0.722516 Q: -0.0125561
T: -0.637264 Q: -0.0162868
T: -0.54476 Q: -0.0135109
T: -0.447816 Q: -0.0175111
T: -0.349375 Q: -0.0177066
T: -0.252431 Q: 1.08091
T: -0.159927 Q: -0.0233258
T: -0.0746752 Q: 1.44855
T: 0.000734447 Q: -0.0260009
T: 0.0640106 Q: -0.0322361
T: 0.113231 Q: -0.0421886
T: 0.146899 Q: -0.0453429
T: 0.163993 Q: -0.0558688
T: 0.163993 Q: 1.69065
T: 0.146899 Q: -0.0684005
T: 0.113231 Q: -0.063646
T: 0.0640106 Q: 1.51906
T: 0.000734447 Q: -0.0623326
T: -0.0746752 Q: -0.0507283
T: -0.159927 Q: -0.0559516
T: -0.252431 Q: 1.29606
T: -0.349375 Q: -0.0521041
Sec_Event 18033055 N50: 36
T: 0.183281 Q: -0.00130266
T: 0.0744924 Q: -0.000797213
T: -0.0293121 Q: 1.42879
T: -0.124979 Q: -0.00166508
T: -0.209601 Q: 1.15094
T: -0.280608 Q: -0.00164419
T: -0.335841 Q: -0.0105028
T: -0.373623 Q: -0.00417342
T: -0.392805 Q: -0.00771798
T: -0.392805 Q: 0.993261
T: -0.373623 Q: 1.05457
T: -0.335841 Q: 0.971358
T: -0.280608 Q: -0.0224368
T: -0.209601 Q: -0.0307032
T: -0.124979 Q: -0.0283118
T: -0.0293121 Q: -0.0292422
T: 0.0744924 Q: 1.44694
T: 0.183281 Q: -0.0344606
T: 0.293747 Q: -0.00592515
T: 0.402535 Q: -0.00207701
T: 0.50634 Q: -0.0014868
T: 0.602007 Q: -0.00644837
T: 0.757636 Q: -0.000570398
T: 0.850651 Q: 1.16793
T: 0.869833 Q: 1.23921
T: 0.850651 Q: 1.06321
T: 0.812869 Q: 1.05724
T: 0.757636 Q: -0.000302543
T: 0.686629 Q: -0.000986142
T: 0.602007 Q: 1.26701
T: 0.50634 Q: -0.00189356
T: 0.402535 Q: 1.31781
T: 0.293747 Q: -0.00399288
Sec_Event 18124879 N50: 36
T: -0.655456 Q: -0.00501531
T: -0.717897 Q: -0.00852985
T: -0.777477 Q: 0.880035
T: -0.832387 Q: -0.00697526
T: -0.880957 Q: -0.0061837
T: -0.921712 Q: -0.00478053
T: -0.953414 Q: -0.00488901
T: -0.9751 Q: 1.1829
T: -0.98611 Q: -0.00453429
T: -0.98611 Q: 1.16892
T: -0.9751 Q: -0.00359218
T: -0.953414 Q: -0.00543963
T: -0.921712 Q: -0.00530305
T: -0.880957 Q: 1.18098
T: -0.832387 Q: -0.00966456
T: -0.777477 Q: -0.00784077
T: -0.717897 Q: 0.888434
T: -0.655456 Q: 0.947044
T: -0.592053 Q: -0.00155421
T: -0.529612 Q: 1.09723
T: -0.470032 Q: 1.19469
T: -0.415122 Q: 1.69235
T: -0.366552 Q: 1.37336
T: -0.325797 Q: -0.000789945
T: -0.294095 Q: 1.22056
T: -0.261399 Q: 1.38458
T: -0.261399 Q: -0.000370805
T: -0.272409 Q: 1.3667
T: -0.294095 Q: 1.38776
T: -0.325797 Q: 1.32004
T: -0.366552 Q: 1.48033
T: -0.415122 Q: 2.32397
T: -0.470032 Q: -0.00109774
T: -0.529612 Q: -0.00202952
T: -0.592053 Q: -0.00303309
400000/492116
Sec_Event 18593367 N50: 38
T: 0.188215 Q: -0.00511955
T: 0.0796817 Q: -0.00640486
T: -0.02388 Q: -0.006336
T: -0.119323 Q: -0.00430917
T: -0.203747 Q: 1.49952
T: -0.274588 Q: -0.00568626
T: -0.329692 Q: -0.0051191
T: -0.367385 Q: 1.43927
T: -0.386522 Q: 1.6359
T: -0.386522 Q: -0.0098339
T: -0.367385 Q: -0.00644834
T: -0.329692 Q: -0.00842664
T: -0.274588 Q: -0.00862264
T: -0.203747 Q: -0.00705091
T: -0.119323 Q: 1.24109
T: -0.02388 Q: 1.18656
T: 0.0796817 Q: 1.29134
T: 0.188215 Q: -0.0088233
T: 0.298423 Q: -0.00757213
T: 0.406957 Q: -0.0116161
T: 0.510519 Q: -0.0128162
T: 0.605962 Q: 1.54258
T: 0.690386 Q: -0.00786927
T: 0.761226 Q: -0.00612725
T: 0.81633 Q: -0.00454493
T: 0.854024 Q: -0.00503992
T: 0.873161 Q: -0.00471488
T: 0.873161 Q: -0.00339516
T: 0.854024 Q: 1.19982
T: 0.81633 Q: -0.00495348
T: 0.761226 Q: 2.92161
T: 0.690386 Q: 1.07135
T: 0.605962 Q: -0.00716477
T: 0.510519 Q: -0.00721145
T: 0.406957 Q: 2.81998
T: 0.298423 Q: -0.00648275
Sec_Event 18712937 N50: 36
T: 0.69141 Q: 0.974065
T: 0.656947 Q: -0.00271295
T: 0.624062 Q: 1.90542
T: 0.593756 Q: -0.00438585
T: 0.566948 Q: 1.62
T: 0.544454 Q: -0.00851442
T: 0.526957 Q: 0.938098
T: 0.514988 Q: 0.805256
T: 0.508911 Q: -0.0251699
T: 0.508911 Q: 0.874766
T: 0.514988 Q: 1.0264
T: 0.526957 Q: -0.0468587
T: 0.544454 Q: -0.0603236
T: 0.566948 Q: 1.08867
T: 0.593756 Q: -0.0753419
T: 0.624062 Q: -0.0735607
T: 0.656947 Q: -0.0746096
T: 0.69141 Q: -0.0757938
T: 0.726405 Q: 1.0132
T: 0.760868 Q: -0.0707948
T: 0.793753 Q: -0.0538421
T: 0.824059 Q: 1.13225
T: 0.850867 Q: 2.41679
T: 0.873361 Q: -0.0490675
T: 0.890858 Q: 0.642855
T: 0.902827 Q: -0.0430179
T: 0.908904 Q: 0.70332
T: 0.908904 Q: -0.0200789
T: 0.902827 Q: 0.764447
T: 0.890858 Q: -0.00410496
T: 0.873361 Q: 0.996415
T: 0.850867 Q: -0.00296602
T: 0.824059 Q: -0.00143069
T: 0.793753 Q: -0.00328433
T: 0.760868 Q: -0.00147716
T: 0.726405 Q: -0.0016527
Sec_Event 19106331 N50: 39
T: 0.0573152 Q: -0.0084131
T: -0.056168 Q: -0.00473582
T: -0.164452 Q: -0.00189591
T: -0.264248 Q: -0.00433357
T: -0.352522 Q: -0.00366553
T: -0.426593 Q: -0.00298915
T: -0.48421 Q: -0.0016074
T: -0.523622 Q: -0.00147323
T: -0.543632 Q: -0.00158317
T: -0.543632 Q: 0.935878
T: -0.523622 Q: -0.000707939
T: -0.48421 Q: 1.20707
T: -0.426593 Q: -0.00174395
T: -0.352522 Q: -0.000609622
T: -0.264248 Q: -0.000929757
T: -0.164452 Q: -0.0016754
T: -0.056168 Q: -0.00027766
T: 0.0573152 Q: -0.00072634
T: 0.172549 Q: -0.000645051
T: 0.286032 Q: -0.000293554
T: 0.394316 Q: -0.00272939
T: 0.494112 Q: 2.24376
T: 0.582386 Q: -0.000756464
T: 0.656457 Q: -0.00106087
T: 0.714074 Q: -0.00111775
T: 0.753486 Q: -0.00143857
T: 0.773496 Q: -0.00244351
T: 0.773496 Q: -0.00435654
T: 0.753486 Q: -0.00469947
T: 0.714074 Q: -0.00465281
T: 0.656457 Q: -0.00470152
T: 0.582386 Q: -0.00573857
T: 0.494112 Q: -0.00453122
T: 0.394316 Q: -0.00605238
T: 0.286032 Q: -0.00729886
T: 0.172549 Q: -0.00281943
Sec_Event 19208425 N50: 38
T: -0.497806 Q: -0.0322205
T: -0.589043 Q: 0.987784
T: -0.6761 Q: -0.0166302
T: -0.756333 Q: -0.00984464
T: -0.827302 Q: 1.09796
T: -0.886853 Q: -0.00687933
T: -0.933175 Q: 1.07158
T: -0.964861 Q: -0.00390342
T: -0.980949 Q: -0.0042851
T: -0.980949 Q: 1.11679
T: -0.964861 Q: -0.0055714
T: -0.933175 Q: 1.10284
T: -0.886853 Q: -0.00864824
T: -0.827302 Q: 1.07333
T: -0.756333 Q: -0.0119184
T: -0.6761 Q: 1.09145
T: -0.589043 Q: -0.0153459
T: -0.497806 Q: -0.016497
T: -0.405162 Q: 0.975123
T: -0.313925 Q: 1.0007
T: -0.226867 Q: -0.0226232
T: -0.146635 Q: -0.0223036
T: -0.0756653 Q: 1.3972
T: -0.0161147 Q: -0.0269415
T: 0.0302075 Q: -0.0386453
T: 0.0618938 Q: -0.0387369
T: 0.0779813 Q: 1.29099
T: 0.0779813 Q: 1.25855
T: 0.0618938 Q: -0.053465
T: 0.0302075 Q: -0.0411466
T: -0.0161147 Q: -0.0488999
T: -0.0756653 Q: 1.30067
T: -0.146635 Q: -0.0414248
T: -0.226867 Q: -0.0469939
T: -0.313925 Q: -0.0477996
T: -0.405162 Q: -0.0388039
Sec_Event 19388088 N50: 39
T: -0.514747 Q: -0.0766762
T: -0.603779 Q: -0.0729238
T: -0.688733 Q: -0.0665051
T: -0.767027 Q: 1.32754
T: -0.836282 Q: -0.0405597
T: -0.894394 Q: 1.16667
T: -0.939597 Q: 1.31228
T: -0.970517 Q: -0.0308633
T: -0.986216 Q: -0.0247225
T: -0.986216 Q: -0.0259612
T: -0.970517 Q: -0.0333802
T: -0.939597 Q: -0.0258386
T: -0.894394 Q: -0.0129347
T: -0.836282 Q: 0.874469
T: -0.767027 Q: -0.00322542
T: -0.688733 Q: 1.24429
T: -0.603779 Q: -0.00268198
T: -0.514747 Q: 2.28722
T: -0.424341 Q: -0.00318946
T: -0.335308 Q: 2.17188
T: -0.250355 Q: -0.00411922
T: -0.172061 Q: -0.00563445
T: -0.102806 Q: 2.14553
T: -0.0446941 Q: -0.00695997
T: 0.000508899 Q: 1.92477
T: 0.0314295 Q: -0.0142202
T: 0.0471284 Q: -0.0218835
T: 0.0471284 Q: -0.0304168
T: 0.0314295 Q: -0.0314996
T: 0.000508899 Q: -0.0638621
T: -0.0446941 Q: -0.0408125
T: -0.102806 Q: -0.0490179
T: -0.172061 Q: 1.35697
T: -0.250355 Q: 1.33369
T: -0.335308 Q: -0.0546478
T: -0.424341 Q: -0.0620473
Sec_Event 19388088 N50: 43
T: -0.495093 Q: -0.0150952
T: -0.586669 Q: -0.0166059
T: -0.67405 Q: 0.796216
T: -0.754581 Q: -0.0321995
T: -0.825815 Q: -0.0318276
T: -0.885587 Q: -0.023622
T: -0.932081 Q: 2.60947
T: -0.963886 Q: -0.0217562
T: -0.980033 Q: -0.0207614
T: -0.980033 Q: -0.0244469
T: -0.963886 Q: 0.776262
T: -0.932081 Q: -0.0137578
T: -0.885587 Q: -0.0042035
T: -0.825815 Q: -0.00165189
T: -0.754581 Q: -0.00110985
T: -0.67405 Q: 1.38403
T: -0.586669 Q: -0.000566813
T: -0.495093 Q: -0.000779819
T: -0.402104 Q: -0.000327153
T: -0.310527 Q: 1.00082
T: -0.223146 Q: -0.000483026
T: -0.142615 Q: 1.35117
T: -0.0116093 Q: 1.12426
T: 0.0348852 Q: 2.3687
T: 0.0666893 Q: -0.000839747
T: 0.0828367 Q: -0.000993835
T: 0.0828367 Q: -0.00124739
T: 0.0666893 Q: 0.909601
T: 0.0348852 Q: -0.00310748
T: -0.0116093 Q: -0.00217118
T: -0.0713815 Q: 0.806757
T: -0.142615 Q: 0.854611
T: -0.223146 Q: -0.00504562
T: -0.310527 Q: -0.00755775
T: -0.402104 Q: -0.0100226
Sec_Event 19388088 N50: 41
T: 0.528441 Q: -0.00147355
T: 0.454046 Q: 1.04151
T: 0.383058 Q: 1.32035
T: 0.317636 Q: -0.000378826
T: 0.259767 Q: -0.000802537
T: 0.211208 Q: 1.29996
T: 0.173437 Q: 1.33223
T: 0.147599 Q: 1.48742
T: 0.134482 Q: -0.00233853
T: 0.147599 Q: -0.000290455
T: 0.173437 Q: -0.000550057
T: 0.211208 Q: -0.000504364
T: 0.259767 Q: -0.000537894
T: 0.317636 Q: 0.954389
T: 0.383058 Q: -0.00174401
T: 0.454046 Q: 0.945319
T: 0.528441 Q: -0.00357603
T: 0.603985 Q: -0.00742121
T: 0.67838 Q: -0.0080242
T: 0.749368 Q: -0.0131207
T: 0.81479 Q: 0.683574
T: 0.872659 Q: -0.0119341
T: 0.921218 Q: -0.0104962
T: 0.958989 Q: 1.11128
T: 0.984827 Q: 1.12539
T: 0.997945 Q: -0.0127328
T: 0.997945 Q: -0.00889075
T: 0.984827 Q: -0.00950582
T: 0.958989 Q: 1.26468
T: 0.921218 Q: -0.0120319
T: 0.872659 Q: 1.94071
T: 0.81479 Q: -0.0112943
T: 0.749368 Q: 0.875305
T: 0.67838 Q: -0.001215
T: 0.603985 Q: -0.00186907
Sec_Event 19546380 N50: 40
T: 0.462193 Q: 1.88858
T: 0.377921 Q: -0.00308268
T: 0.297509 Q: -0.00412889
T: 0.223402 Q: 0.97183
T: 0.15785 Q: -0.0010568
T: 0.102845 Q: 1.06332
T: 0.060059 Q: -0.000779002
T: 0.0307916 Q: 1.06992
T: 0.0159322 Q: -0.00086926
T: 0.0159322 Q: -0.00079056
T: 0.0307916 Q: 1.11881
T: 0.060059 Q: 2.27028
T: 0.102845 Q: -0.00136734
T: 0.15785 Q: -0.00139889
T: 0.223402 Q: -0.000543327
T: 0.297509 Q: 1.03
T: 0.377921 Q: -0.00108219
T: 0.462193 Q: 1.39295
T: 0.547765 Q: 1.00431
T: 0.632037 Q: -0.00341306
T: 0.712448 Q: -0.00382286
T: 0.786556 Q: -0.00400214
T: 0.852108 Q: -0.0098054
T: 0.907113 Q: -0.0190926
T: 0.949899 Q: -0.03795
T: 0.979166 Q: -0.0318248
T: 0.994026 Q: 1.10334
T: 0.994026 Q: 1.25465
T: 0.979166 Q: -0.0323346
T: 0.949899 Q: 1.28905
T: 0.907113 Q: -0.0362093
T: 0.852108 Q: 0.849531
T: 0.786556 Q: 1.03083
T: 0.712448 Q: 0.941373
T: 0.632037 Q: -0.0103052
T: 0.547765 Q: -0.00633076
Sec_Event 19546380 N50: 37
T: 0.518125 Q: 0.857356
T: 0.442043 Q: 0.974183
T: 0.369446 Q: -0.00829939
T: 0.30254 Q: -0.0065445
T: 0.243359 Q: -0.00785005
T: 0.1937 Q: 0.996129
T: 0.155072 Q: -0.00276315
T: 0.128649 Q: -0.00348647
T: 0.115233 Q: 1.87361
T: 0.115233 Q: -0.000876353
T: 0.128649 Q: -0.0011584
T: 0.155072 Q: -0.00101678
T: 0.1937 Q: 1.04209
T: 0.243359 Q: -0.00127944
T: 0.30254 Q: 1.07184
T: 0.369446 Q: -0.00115741
T: 0.442043 Q: -0.0008194
T: 0.518125 Q: 0.953215
T: 0.595381 Q: -0.00184705
T: 0.671463 Q: -0.00236703
T: 0.74406 Q: 0.833739
T: 0.810965 Q: -0.00484278
T: 0.870147 Q: -0.0095643
T: 0.919806 Q: -0.0227224
T: 0.958434 Q: -0.0467832
T: 0.984857 Q: -0.0384407
T: 0.998272 Q: 1.07726
T: 0.998272 Q: -0.0307039
T: 0.984857 Q: -0.0352861
T: 0.958434 Q: -0.0326425
T: 0.919806 Q: -0.0333039
T: 0.870147 Q: 1.34019
T: 0.810965 Q: -0.0499808
T: 0.74406 Q: 0.76355
T: 0.671463 Q: 0.903445
T: 0.595381 Q: -0.0246864
Sec_Event 19936421 N50: 25
T: 0.405458 Q: -0.018625
T: 0.314254 Q: -0.0101514
T: 0.227229 Q: -0.0097627
T: 0.147025 Q: 0.994946
T: 0.0760813 Q: -0.0129876
T: 0.0165522 Q: -0.0130655
T: -0.0297532 Q: -0.014245
T: -0.0614279 Q: 1.01231
T: -0.0775096 Q: -0.01529
T: -0.0775096 Q: -0.0250662
T: -0.0614279 Q: -0.0241863
T: -0.0297532 Q: -0.019377
T: 0.0165522 Q: -0.0217939
T: 0.0760813 Q: -0.0241518
T: 0.147025 Q: -0.0213195
T: 0.227229 Q: -0.0279329
T: 0.314254 Q: -0.032733
T: 0.405458 Q: -0.0326015
T: 0.498069 Q: 1.04306
T: 0.589273 Q: 1.84108
T: 0.676298 Q: -0.0423027
T: 0.756502 Q: -0.0405252
T: 0.827446 Q: -0.0327588
T: 0.886975 Q: -0.0346574
T: 0.93328 Q: -0.0234967
T: 0.964955 Q: -0.0207165
T: 0.981037 Q: -0.021814
T: 0.981037 Q: -0.0212129
T: 0.964955 Q: -0.0313386
T: 0.93328 Q: 1.03104
T: 0.886975 Q: -0.0306368
T: 0.827446 Q: -0.0303447
T: 0.756502 Q: -0.0256393
T: 0.676298 Q: -0.0191187
T: 0.589273 Q: -0.0188351
T: 0.498069 Q: 0.954057
Sec_Event 20297164 N50: 39
T: -0.531395 Q: 1.23524
T: -0.618109 Q: 1.1662
T: -0.70085 Q: -0.0507593
T: -0.777105 Q: -0.0369258
T: -0.844556 Q: 1.16888
T: -0.901154 Q: -0.0216188
T: -0.94518 Q: -0.0188559
T: -0.975295 Q: -0.0186946
T: -0.990585 Q: -0.0217841
T: -0.990585 Q: -0.015105
T: -0.975295 Q: 1.19971
T: -0.94518 Q: -0.0194912
T: -0.901154 Q: -0.021008
T: -0.844556 Q: 1.13859
T: -0.777105 Q: -0.0261419
T: -0.70085 Q: -0.0324221
T: -0.618109 Q: -0.0256644
T: -0.531395 Q: 1.0997
T: -0.443344 Q: 1.01343
T: -0.35663 Q: -0.0161569
T: -0.273889 Q: -0.0236272
T: -0.197634 Q: 1.18903
T: -0.130183 Q: -0.0172643
T: -0.0735847 Q: -0.0203323
T: -0.029559 Q: -0.0262356
T: 0.000556372 Q: -0.0277449
T: 0.0158463 Q: -0.0354077
T: 0.0158463 Q: -0.0291243
T: 0.000556372 Q: -0.0386188
T: -0.029559 Q: -0.0398607
T: -0.0735847 Q: 1.15719
T: -0.130183 Q: -0.0345081
T: -0.197634 Q: 1.51791
T: -0.273889 Q: 1.20276
T: -0.35663 Q: -0.0387228
T: -0.443344 Q: -0.0421605
Sec_Event 20297164 N50: 33
T: -0.363485 Q: -0.010139
T: -0.467843 Q: -0.0138305
T: -0.567421 Q: -0.0146859
T: -0.659192 Q: -0.0274498
T: -0.740369 Q: -0.0342642
T: -0.808484 Q: 0.998324
T: -0.861468 Q: 1.15118
T: -0.897711 Q: 1.09863
T: -0.916112 Q: -0.0201245
T: -0.916112 Q: -0.0184506
T: -0.897711 Q: -0.023548
T: -0.861468 Q: -0.0200298
T: -0.808484 Q: 2.14646
T: -0.740369 Q: -0.0117404
T: -0.659192 Q: -0.0101576
T: -0.567421 Q: -0.00951815
T: -0.467843 Q: -0.00390456
T: -0.363485 Q: -0.00624569
T: -0.257516 Q: -0.00308865
T: -0.153158 Q: -0.00570514
T: -0.0535803 Q: -0.00412752
T: 0.038191 Q: -0.00245941
T: 0.119367 Q: -0.00319207
T: 0.187483 Q: 1.16913
T: 0.240467 Q: -0.00377004
T: 0.27671 Q: 1.4297
T: 0.295111 Q: 2.4902
T: 0.295111 Q: -0.00717259
T: 0.27671 Q: 1.34896
T: 0.240467 Q: -0.00781878
T: 0.187483 Q: -0.00956802
T: 0.119367 Q: -0.00428438
T: 0.038191 Q: -0.00707553
T: -0.0535803 Q: -0.00671414
T: -0.153158 Q: -0.0089936
T: -0.257516 Q: 1.29378
Sec_Event 20297164 N50: 42
T: 0.518922 Q: -0.0110136
T: 0.442968 Q: -0.0127305
T: 0.370494 Q: -0.00741656
T: 0.303701 Q: -0.00908519
T: 0.244619 Q: 2.39463
T: 0.195044 Q: -0.00464023
T: 0.156481 Q: -0.00750725
T: 0.130102 Q: -0.00595599
T: 0.11671 Q: 2.90358
T: 0.11671 Q: -0.00326204
T: 0.130102 Q: 1.34624
T: 0.156481 Q: -0.00344948
T: 0.195044 Q: -0.00405334
T: 0.244619 Q: 1.15287
T: 0.303701 Q: 1.4653
T: 0.370494 Q: 1.17398
T: 0.442968 Q: 1.07858
T: 0.518922 Q: -0.00958586
T: 0.596048 Q: -0.0168519
T: 0.672002 Q: 3.54878
T: 0.744476 Q: -0.020618
T: 0.811269 Q: -0.0244404
T: 0.870351 Q: -0.0171879
T: 0.919926 Q: -0.0180629
T: 0.958489 Q: 1.38601
T: 0.984868 Q: 1.28823
T: 0.998261 Q: -0.0118513
T: 0.998261 Q: 1.29199
T: 0.984868 Q: 1.48406
T: 0.958489 Q: 1.40051
T: 0.919926 Q: -0.0146908
T: 0.870351 Q: -0.0179867
T: 0.811269 Q: 1.15475
T: 0.744476 Q: 1.11246
T: 0.672002 Q: -0.0233191
T: 0.596048 Q: -0.0164065
Sec_Event 20604240 N50: 34
T: 0.276536 Q: -0.00923932
T: 0.173529 Q: 0.933387
T: 0.0752395 Q: -0.0106797
T: -0.0153442 Q: -0.0112354
T: -0.0954702 Q: -0.0168639
T: -0.162704 Q: -0.0125305
T: -0.215002 Q: 2.22939
T: -0.250777 Q: -0.0160666
T: -0.26894 Q: -0.0209423
T: -0.26894 Q: -0.0208069
T: -0.250777 Q: -0.023367
T: -0.215002 Q: 1.05551
T: -0.162704 Q: -0.0297088
T: -0.0954702 Q: -0.0299901
T: -0.0153442 Q: -0.0395247
T: 0.0752395 Q: -0.0397913
T: 0.173529 Q: -0.0368398
T: 0.276536 Q: -0.0416275
T: 0.381134 Q: -0.0387026
T: 0.484141 Q: -0.0555024
T: 0.582431 Q: 1.22204
T: 0.673014 Q: -0.0714052
T: 0.75314 Q: -0.068863
T: 0.820374 Q: 1.43056
T: 0.872672 Q: -0.0504814
T: 0.908447 Q: 1.26714
T: 0.92661 Q: -0.0374859
T: 0.92661 Q: -0.0456407
T: 0.908447 Q: -0.0453652
T: 0.872672 Q: -0.0551512
T: 0.820374 Q: -0.0398382
T: 0.75314 Q: 0.879019
T: 0.673014 Q: -0.012522
T: 0.582431 Q: -0.0118885
T: 0.484141 Q: 1.07523
T: 0.381134 Q: -0.0127646
Sec_Event 21302243 N50: 34
T: 0.593575 Q: -0.00117605
T: 0.53146 Q: -0.00154883
T: 0.47219 Q: 0.995293
T: 0.417566 Q: 1.09481
T: 0.369249 Q: -0.000579173
T: 0.328706 Q: 1.05741
T: 0.297169 Q: -0.00106707
T: 0.275596 Q: -0.00102169
T: 0.264644 Q: -0.000507505
T: 0.264644 Q: -0.00295659
T: 0.275596 Q: 0.966773
T: 0.297169 Q: -0.0022184
T: 0.328706 Q: -0.0039963
T: 0.369249 Q: 1.0436
T: 0.417566 Q: 1.17208
T: 0.47219 Q: 1.30648
T: 0.53146 Q: 0.990525
T: 0.593575 Q: -0.00850157
T: 0.656649 Q: -0.00624117
T: 0.718764 Q: 1.04706
T: 0.778034 Q: -0.00158548
T: 0.832658 Q: -0.00215357
T: 0.880975 Q: -0.00129883
T: 0.921518 Q: 1.11464
T: 0.953055 Q: 1.13833
T: 0.974627 Q: -0.00113569
T: 0.98558 Q: -0.000344234
T: 0.98558 Q: -0.00111328
T: 0.974627 Q: -0.00111045
T: 0.953055 Q: -0.00113481
T: 0.921518 Q: -0.00114474
T: 0.880975 Q: -0.00114238
T: 0.832658 Q: -0.00183997
T: 0.778034 Q: 1.3756
T: 0.718764 Q: -0.00168236
T: 0.656649 Q: -0.00143315
Sec_Event 21441578 N50: 38
T: -0.226815 Q: 1.05753
T: -0.338633 Q: 0.846563
T: -0.445328 Q: -0.00128436
T: -0.630638 Q: 0.89043
T: -0.703622 Q: -0.000599116
T: -0.760393 Q: -0.00132047
T: -0.799227 Q: -0.0027783
T: -0.818943 Q: 0.62286
T: -0.818943 Q: 0.631112
T: -0.799227 Q: 0.638214
T: -0.760393 Q: -0.0257471
T: -0.703622 Q: -0.0286536
T: -0.630638 Q: 0.806728
T: -0.543659 Q: -0.032329
T: -0.445328 Q: -0.0294277
T: -0.338633 Q: 0.975892
T: -0.226815 Q: -0.0257945
T: -0.113272 Q: -0.0187582
T: -0.00145473 Q: -0.0211829
T: 0.105241 Q: -0.022248
T: 0.203571 Q: 0.96953
T: 0.29055 Q: -0.022042
T: 0.363534 Q: -0.0109242
T: 0.420305 Q: -0.0127861
T: 0.459139 Q: -0.00709939
T: 0.478856 Q: -0.0046645
T: 0.478856 Q: -0.00211794
T: 0.459139 Q: -0.00201356
T: 0.420305 Q: -0.00282889
T: 0.363534 Q: -0.00111147
T: 0.29055 Q: 0.998238
T: 0.203571 Q: -0.000314844
T: 0.105241 Q: 1.09152
T: -0.00145473 Q: -0.000313494
Sec_Event 21948959 N50: 29
T: 0.25112 Q: -0.00116636
T: 0.146327 Q: -0.00170344
T: 0.0463358 Q: -0.00128028
T: -0.0458169 Q: 1.29184
T: -0.127331 Q: 1.17002
T: -0.195729 Q: 2.26932
T: -0.248933 Q: -0.00315579
T: -0.285327 Q: -0.00350476
T: -0.303805 Q: 1.12046
T: -0.303805 Q: 2.2188
T: -0.285327 Q: 0.793081
T: -0.248933 Q: -0.00934468
T: -0.195729 Q: -0.0120589
T: -0.127331 Q: 2.38789
T: -0.0458169 Q: 1.07673
T: 0.0463358 Q: -0.0235344
T: 0.146327 Q: -0.0288088
T: 0.25112 Q: -0.0296766
T: 0.357528 Q: -0.030269
T: 0.462321 Q: -0.0397811
T: 0.562312 Q: -0.0467835
T: 0.654465 Q: -0.0535637
T: 0.735979 Q: 0.913124
T: 0.804377 Q: -0.0796051
T: 0.857581 Q: -0.0716497
T: 0.893975 Q: 1.07333
T: 0.912453 Q: 1.49689
T: 0.912453 Q: -0.0659783
T: 0.893975 Q: -0.0301455
T: 0.857581 Q: -0.0130475
T: 0.804377 Q: -0.00750155
T: 0.735979 Q: 0.966673
T: 0.654465 Q: 2.26995
T: 0.562312 Q: -0.00384306
T: 0.462321 Q: -0.00276996
T: 0.357528 Q: -0.00159347
Sec_Event 22046643 N50: 25
T: -0.695394 Q: -0.0472579
T: -0.745025 Q: -0.0399793
T: -0.792381 Q: -0.0337646
T: -0.836025 Q: -0.0280297
T: -0.874631 Q: -0.0235865
T: -0.907025 Q: -0.0220549
T: -0.932223 Q: 1.26319
T: -0.949459 Q: 2.74482
T: -0.95821 Q: -0.0190542
T: -0.95821 Q: -0.0184225
T: -0.949459 Q: -0.018817
T: -0.932223 Q: -0.0222709
T: -0.907025 Q: 1.08846
T: -0.874631 Q: 2.26269
T: -0.836025 Q: -0.0201541
T: -0.792381 Q: 1.32152
T: -0.745025 Q: -0.025694
T: -0.695394 Q: -0.0237173
T: -0.644998 Q: 1.27072
T: -0.595368 Q: -0.0210088
T: -0.548011 Q: -0.0242337
T: -0.504367 Q: -0.0227173
T: -0.465762 Q: -0.0238298
T: -0.433368 Q: -0.023857
T: -0.40817 Q: -0.0257092
T: -0.390934 Q: -0.0337288
T: -0.382182 Q: 1.38271
T: -0.382182 Q: -0.0314586
T: -0.390934 Q: 1.11208
T: -0.40817 Q: -0.0341406
T: -0.433368 Q: -0.0383204
T: -0.465762 Q: -0.0342623
T: -0.504367 Q: -0.0394975
T: -0.548011 Q: -0.0423728
T: -0.595368 Q: 2.45092
T: -0.644998 Q: -0.0445878
Sec_Event 22183030 N50: 30
T: -0.70931 Q: 1.27923
T: -0.753075 Q: -0.0476889
T: -0.794835 Q: -0.0509952
T: -0.833321 Q: 2.17335
T: -0.867364 Q: -0.0415203
T: -0.89593 Q: -0.0416801
T: -0.91815 Q: -0.0426029
T: -0.933349 Q: 0.964496
T: -0.941066 Q: 1.07611
T: -0.941066 Q: -0.0456952
T: -0.933349 Q: -0.0485141
T: -0.91815 Q: -0.0482924
T: -0.89593 Q: -0.0433752
T: -0.867364 Q: -0.045148
T: -0.833321 Q: 2.69041
T: -0.794835 Q: 1.07559
T: -0.753075 Q: -0.0435544
T: -0.70931 Q: -0.0498228
T: -0.664869 Q: -0.0489684
T: -0.621104 Q: -0.0553858
T: -0.579344 Q: 1.32592
T: -0.540858 Q: -0.0548957
T: -0.506815 Q: -0.0648677
T: -0.478249 Q: -0.0495731
T: -0.456029 Q: -0.0512551
T: -0.44083 Q: -0.0545449
T: -0.433113 Q: -0.0597219
T: -0.433113 Q: -0.0584674
T: -0.44083 Q: -0.0547198
T: -0.456029 Q: -0.0606916
T: -0.478249 Q: -0.0540835
T: -0.506815 Q: 1.2461
T: -0.540858 Q: 1.25156
T: -0.579344 Q: -0.0562008
T: -0.621104 Q: -0.0512362
T: -0.664869 Q: -0.0483709
Sec_Event 22183030 N50: 31
T: -0.16705 Q: -0.00193332
T: -0.280665 Q: 1.14724
T: -0.389074 Q: -0.0043882
T: -0.488985 Q: -0.00707343
T: -0.577362 Q: -0.00430994
T: -0.651518 Q: -0.00806634
T: -0.709202 Q: 1.34092
T: -0.74866 Q: -0.0133169
T: -0.768693 Q: 1.23228
T: -0.768693 Q: -0.0203464
T: -0.74866 Q: -0.0183045
T: -0.709202 Q: -0.0176316
T: -0.651518 Q: 1.35466
T: -0.577362 Q: -0.0123989
T: -0.488985 Q: 1.24473
T: -0.389074 Q: -0.00899682
T: -0.280665 Q: 1.19577
T: -0.16705 Q: -0.00810636
T: -0.0516829 Q: -0.011816
T: 0.0619316 Q: -0.00669951
T: 0.170341 Q: -0.0067702
T: 0.270252 Q: 1.37308
T: 0.358628 Q: -0.0067598
T: 0.432785 Q: -0.00577904
T: 0.490469 Q: -0.00533021
T: 0.529927 Q: -0.00531988
T: 0.54996 Q: -0.0046468
T: 0.54996 Q: -0.00568264
T: 0.529927 Q: -0.00521959
T: 0.490469 Q: -0.00367502
T: 0.432785 Q: 1.2911
T: 0.358628 Q: 1.22276
T: 0.270252 Q: 2.43439
T: 0.170341 Q: -0.00413688
T: 0.0619316 Q: -0.00314334
T: -0.0516829 Q: 1.34099
Sec_Event 22183030 N50: 27
T: -0.536561 Q: -0.00232274
T: -0.622522 Q: 1.18559
T: -0.704546 Q: -0.00554053
T: -0.780139 Q: -0.00794238
T: -0.847005 Q: 1.0567
T: -0.903112 Q: -0.0153564
T: -0.946755 Q: 1.01516
T: -0.976609 Q: -0.0699388
T: -0.991767 Q: -0.0458482
T: -0.991767 Q: -0.0475587
T: -0.976609 Q: -0.0393311
T: -0.946755 Q: -0.0419456
T: -0.903112 Q: -0.053185
T: -0.847005 Q: -0.058195
T: -0.780139 Q: -0.0736385
T: -0.704546 Q: 1.21463
T: -0.622522 Q: -0.0665407
T: -0.536561 Q: 1.30534
T: -0.449274 Q: 1.39213
T: -0.363313 Q: 1.13219
T: -0.28129 Q: -0.0296631
T: -0.205697 Q: -0.0315884
T: -0.138831 Q: 2.58953
T: -0.0827234 Q: 2.65733
T: -0.0390798 Q: -0.0113433
T: -0.00922577 Q: -0.0147858
T: 0.0059315 Q: -0.00842999
T: 0.0059315 Q: -0.00719555
T: -0.00922577 Q: -0.00680955
T: -0.0390798 Q: -0.0060737
T: -0.0827234 Q: -0.00434326
T: -0.138831 Q: -0.00351442
T: -0.205697 Q: 2.73817
T: -0.28129 Q: -0.00131332
T: -0.363313 Q: -0.00493188
T: -0.449274 Q: -0.00234179
Sec_Event 22183030 N50: 29
T: -0.386522 Q: -0.0312724
T: -0.489097 Q: 1.07368
T: -0.586974 Q: 0.946243
T: -0.677178 Q: -0.0579654
T: -0.756967 Q: -0.0661237
T: -0.823919 Q: -0.0521792
T: -0.875998 Q: -0.0454318
T: -0.911622 Q: 1.30291
T: -0.929709 Q: -0.0402181
T: -0.929709 Q: -0.0435095
T: -0.911622 Q: -0.0436735
T: -0.875998 Q: -0.0512681
T: -0.823919 Q: -0.063102
T: -0.756967 Q: -0.0648758
T: -0.677178 Q: -0.0769861
T: -0.586974 Q: -0.0495413
T: -0.489097 Q: -0.0443341
T: -0.386522 Q: -0.0372467
T: -0.282363 Q: 1.10882
T: -0.179788 Q: 1.24618
T: -0.081911 Q: 1.44718
T: 0.00829255 Q: -0.0602942
T: 0.0880823 Q: 1.15984
T: 0.155034 Q: -0.0417861
T: 0.207113 Q: -0.0468378
T: 0.242737 Q: -0.0394024
T: 0.260824 Q: -0.0430192
T: 0.260824 Q: 1.50044
T: 0.242737 Q: -0.0429777
T: 0.207113 Q: -0.0426213
T: 0.155034 Q: 1.20265
T: 0.0880823 Q: -0.0342284
T: 0.00829255 Q: -0.0316781
T: -0.081911 Q: -0.0336297
T: -0.179788 Q: -0.036376
T: -0.282363 Q: -0.0375015
Sec_Event 22183030 N50: 25
T: -0.718563 Q: 1.07139
T: -0.757692 Q: -0.049164
T: -0.795029 Q: -0.0455597
T: -0.829438 Q: 1.23261
T: -0.859876 Q: -0.0343441
T: -0.885415 Q: 1.45263
T: -0.905282 Q: -0.0293023
T: -0.918871 Q: -0.0317666
T: -0.925771 Q: -0.0246189
T: -0.925771 Q: 1.01989
T: -0.918871 Q: -0.0295621
T: -0.905282 Q: -0.0265431
T: -0.885415 Q: -0.028491
T: -0.859876 Q: -0.0271319
T: -0.829438 Q: -0.0255179
T: -0.795029 Q: -0.0292656
T: -0.757692 Q: -0.0290982
T: -0.718563 Q: 1.02297
T: -0.67883 Q: -0.0356225
T: -0.639701 Q: 1.0916
T: -0.602364 Q: -0.0478593
T: -0.567955 Q: -0.0514228
T: -0.537518 Q: -0.055496
T: -0.511978 Q: -0.0645696
T: -0.492112 Q: 1.32819
T: -0.478522 Q: -0.0635173
T: -0.471623 Q: 1.31325
T: -0.471623 Q: -0.0657855
T: -0.478522 Q: -0.0616243
T: -0.492112 Q: -0.079206
T: -0.511978 Q: -0.078621
T: -0.537518 Q: 1.33461
T: -0.567955 Q: -0.0627466
T: -0.602364 Q: 1.17529
T: -0.639701 Q: 1.45265
T: -0.67883 Q: -0.0564522
Sec_Event 22183030 N50: 41
T: 0.327694 Q: 1.32095
T: 0.228789 Q: -0.00497505
T: 0.134416 Q: 1.44836
T: 0.0474411 Q: 1.73124
T: -0.0294927 Q: -0.00813001
T: -0.0940479 Q: -0.0156421
T: -0.144263 Q: -0.00997194
T: -0.178612 Q: -0.0209976
T: -0.196051 Q: 1.33291
T: -0.196051 Q: 1.34475
T: -0.178612 Q: -0.0216064
T: -0.144263 Q: -0.0326889
T: -0.0940479 Q: -0.0382487
T: -0.0294927 Q: 1.4293
T: 0.0474411 Q: -0.0316704
T: 0.134416 Q: -0.0337018
T: 0.228789 Q: 1.53877
T: 0.327694 Q: 1.84325
T: 0.428124 Q: -0.0254385
T: 0.527028 Q: -0.0128647
T: 0.621401 Q: -0.00786004
T: 0.708376 Q: 1.69577
T: 0.78531 Q: 4.93637
T: 0.849865 Q: -0.00275324
T: 0.90008 Q: -0.00231325
T: 0.934429 Q: -0.00287628
T: 0.951869 Q: -0.00199088
T: 0.951869 Q: 1.33665
T: 0.934429 Q: -0.00227065
T: 0.90008 Q: -0.0043325
T: 0.849865 Q: 1.52439
T: 0.78531 Q: -0.00644543
T: 0.708376 Q: 2.52834
T: 0.621401 Q: -0.00589432
T: 0.527028 Q: 1.73626
T: 0.428124 Q: -0.00486608
Sec_Event 22654134 N50: 37
T: 0.081534 Q: -0.00310377
T: -0.0313091 Q: 2.53706
T: -0.138983 Q: 2.6225
T: -0.238215 Q: -0.00392596
T: -0.325992 Q: 2.18988
T: -0.399645 Q: -0.00634299
T: -0.456937 Q: -0.00697578
T: -0.496127 Q: -0.0109708
T: -0.516024 Q: 0.958785
T: -0.516024 Q: -0.00557667
T: -0.496127 Q: -0.0119916
T: -0.456937 Q: -0.00878275
T: -0.399645 Q: -0.00817558
T: -0.325992 Q: -0.0111563
T: -0.238215 Q: 1.17986
T: -0.138983 Q: -0.012412
T: -0.0313091 Q: 1.11849
T: 0.081534 Q: -0.00908245
T: 0.196118 Q: -0.0101877
T: 0.308961 Q: -0.013548
T: 0.416635 Q: 1.11599
T: 0.515867 Q: 1.00767
T: 0.603644 Q: 1.24114
T: 0.677297 Q: -0.0216893
T: 0.734589 Q: 1.14726
T: 0.773779 Q: -0.0278277
T: 0.793676 Q: 0.85421
T: 0.793676 Q: -0.0202342
T: 0.773779 Q: -0.0196264
T: 0.734589 Q: -0.013052
T: 0.677297 Q: -0.0125201
T: 0.603644 Q: -0.0103867
T: 0.515867 Q: -0.00602214
T: 0.416635 Q: 0.992573
T: 0.308961 Q: -0.00415776
T: 0.196118 Q: 1.18261
Sec_Event 22811305 N50: 36
T: -0.542513 Q: -0.0455923
T: -0.627587 Q: -0.0597289
T: -0.708763 Q: -0.0759199
T: -0.783576 Q: -0.0849942
T: -0.849752 Q: -0.0717898
T: -0.90528 Q: -0.0643281
T: -0.948473 Q: -0.0595548
T: -0.978019 Q: -0.0466158
T: -0.993019 Q: -0.0530369
T: -0.993019 Q: -0.0495324
T: -0.978019 Q: 0.857123
T: -0.948473 Q: 0.75691
T: -0.90528 Q: -0.0176927
T: -0.849752 Q: -0.0131065
T: -0.783576 Q: -0.0101095
T: -0.708763 Q: 1.1344
T: -0.627587 Q: 0.971595
T: -0.542513 Q: -0.00869401
T: -0.456126 Q: 1.29098
T: -0.371053 Q: 2.4039
T: -0.289876 Q: -0.00305015
T: -0.215063 Q: -0.00221753
T: -0.148888 Q: -0.00358183
T: -0.0933595 Q: 1.15004
T: -0.0501663 Q: -0.00634386
T: -0.0206205 Q: -0.0151837
T: -0.00561965 Q: 1.30021
T: -0.00561965 Q: -0.0135472
T: -0.0206205 Q: 1.06057
T: -0.0501663 Q: -0.0129889
T: -0.0933595 Q: -0.0166097
T: -0.148888 Q: -0.0190569
T: -0.215063 Q: -0.02815
T: -0.289876 Q: -0.0281867
T: -0.371053 Q: 0.96593
T: -0.456126 Q: -0.0455141
Sec_Event 22811305 N50: 30
T: 0.254064 Q: -0.00175547
T: 0.14947 Q: -0.000961325
T: 0.0496675 Q: -0.00900996
T: -0.0423108 Q: -0.00374036
T: -0.12367 Q: -0.00134868
T: -0.191939 Q: -0.000716876
T: -0.245043 Q: -0.00188582
T: -0.281368 Q: -0.00155734
T: -0.299811 Q: -0.000215006
T: -0.299811 Q: 0.910718
T: -0.281368 Q: -0.00212824
T: -0.245043 Q: 0.874929
T: -0.191939 Q: -0.00135956
T: -0.12367 Q: 0.903263
T: -0.0423108 Q: -0.00115563
T: 0.0496675 Q: -0.00160007
T: 0.14947 Q: -0.0055543
T: 0.254064 Q: 1.16288
T: 0.360271 Q: 1.11777
T: 0.464865 Q: 0.898441
T: 0.564667 Q: 1.01864
T: 0.656645 Q: -0.00201421
T: 0.738005 Q: -0.002386
T: 0.806274 Q: -0.00191785
T: 0.859377 Q: 1.19405
T: 0.895703 Q: -0.00120144
T: 0.914145 Q: -0.00189884
T: 0.914145 Q: -0.00135873
T: 0.895703 Q: 2.19705
T: 0.859377 Q: -0.00168187
T: 0.806274 Q: 0.946411
T: 0.738005 Q: -0.00183652
T: 0.656645 Q: 1.11729
T: 0.564667 Q: -0.00345202
T: 0.464865 Q: 2.04336
T: 0.360271 Q: -0.00187295
Sec_Event 22811305 N50: 30
T: 0.115619 Q: -0.0339106
T: 0.00388583 Q: -0.0402734
T: -0.102729 Q: 1.29592
T: -0.200986 Q: -0.0461557
T: -0.287899 Q: -0.0461349
T: -0.360828 Q: -0.0424098
T: -0.417556 Q: -0.0444607
T: -0.456361 Q: -0.0528557
T: -0.476063 Q: -0.0393501
T: -0.476063 Q: 0.978118
T: -0.456361 Q: -0.037364
T: -0.417556 Q: -0.0361155
T: -0.360828 Q: 0.975864
T: -0.287899 Q: -0.0249717
T: -0.200986 Q: -0.0159221
T: -0.102729 Q: -0.0154711
T: 0.00388583 Q: -0.0133095
T: 0.115619 Q: -0.0103949
T: 0.229076 Q: -0.0101034
T: 0.34081 Q: -0.0178299
T: 0.447425 Q: 1.0062
T: 0.545681 Q: 0.987826
T: 0.632595 Q: -0.00459478
T: 0.705523 Q: -0.00291282
T: 0.762252 Q: 1.16707
T: 0.801057 Q: 0.994978
T: 0.820758 Q: 0.943615
T: 0.820758 Q: -0.00382972
T: 0.801057 Q: -0.00235358
T: 0.762252 Q: 0.991526
T: 0.705523 Q: 1.01181
T: 0.632595 Q: -0.00546222
T: 0.545681 Q: -0.00749109
T: 0.447425 Q: 0.996984
T: 0.34081 Q: 0.845213
T: 0.229076 Q: -0.044082
Sec_Event 22811305 N50: 45
T: 0.00483022 Q: -0.00393676
T: -0.109622 Q: 1.82584
T: -0.218832 Q: -0.00137395
T: -0.319479 Q: -0.00132575
T: -0.408508 Q: -0.00214106
T: -0.483211 Q: 1.64343
T: -0.54132 Q: -0.00353748
T: -0.581069 Q: -0.00333453
T: -0.60125 Q: -0.0101487
T: -0.60125 Q: -0.00708675
T: -0.581069 Q: 1.37639
T: -0.54132 Q: -0.00786558
T: -0.483211 Q: 2.98494
T: -0.408508 Q: -0.00988745
T: -0.319479 Q: -0.0101483
T: -0.218832 Q: -0.00705539
T: -0.109622 Q: -0.00669645
T: 0.00483022 Q: -0.009027
T: 0.121048 Q: -0.0109062
T: 0.235501 Q: -0.00832038
T: 0.34471 Q: -0.0147215
T: 0.445358 Q: -0.00845785
T: 0.534386 Q: -0.00624639
T: 0.60909 Q: -0.00596268
T: 0.667199 Q: -0.00459789
T: 0.706948 Q: 1.51213
T: 0.727129 Q: 1.79595
T: 0.727129 Q: -0.00682624
T: 0.706948 Q: 1.3683
T: 0.667199 Q: -0.0038
T: 0.60909 Q: -0.00309797
T: 0.534386 Q: -0.0028186
T: 0.445358 Q: -0.00126487
T: 0.34471 Q: -0.00968501
T: 0.235501 Q: -0.00133707
T: 0.121048 Q: -0.00677827
Sec_Event 22811305 N50: 26
T: 0.51331 Q: -0.00624013
T: 0.436461 Q: -0.00207508
T: 0.363133 Q: -0.000571323
T: 0.295553 Q: -0.00132699
T: 0.235775 Q: -0.000769052
T: 0.185615 Q: -0.00166782
T: 0.146598 Q: 1.26714
T: 0.119909 Q: -0.00150947
T: 0.106358 Q: -0.00337455
T: 0.106358 Q: -0.00881094
T: 0.119909 Q: -0.0036716
T: 0.146598 Q: -0.00547762
T: 0.185615 Q: -0.00709791
T: 0.235775 Q: -0.0098417
T: 0.295553 Q: -0.010893
T: 0.363133 Q: -0.013985
T: 0.436461 Q: -0.0213234
T: 0.51331 Q: 0.867809
T: 0.591344 Q: -0.00914091
T: 0.668193 Q: -0.00545588
T: 0.741522 Q: -0.0040881
T: 0.809102 Q: -0.0029373
T: 0.86888 Q: -0.00330878
T: 0.919039 Q: -0.00471599
T: 0.958057 Q: -0.00841987
T: 0.984746 Q: -0.00273542
T: 0.998296 Q: 1.00344
T: 0.998296 Q: -0.00167338
T: 0.984746 Q: 1.24922
T: 0.958057 Q: -0.00432395
T: 0.919039 Q: -0.0023175
T: 0.86888 Q: -0.0024365
T: 0.809102 Q: -0.00263901
T: 0.741522 Q: -0.00216987
T: 0.668193 Q: 0.966102
T: 0.591344 Q: -0.000749861

gestpm: TOTAL NUMBER PMT: WALL; TOP; BOTTOM; ALL  7650  1748  1748 11146
 *****************************
 * This is for SK-VI map      *
 *****************************
 findconsts: connection table file: /home/licheng/local/skofl/const//connection.super.dat
gexyz: PMT # FOR EACH SECTION       1  7650  7651  9398  9399 11146
gexyz: maxpm,nlwal     11146      7650
 findconsts: connection table1 file: /home/licheng/local/skofl/const//connection.super.dat
 findconsts: connection table2 file: /home/licheng/local/skofl/const//connection.super.sk-5.dat
 findfile: checking /home/licheng/local/skofl/const//misch3.dat
 findfile: found /home/licheng/local/skofl/const//misch3.dat
 findconsts: mis channel file: /home/licheng/local/skofl/const//misch3.dat
 findfile: checking /home/licheng/local/skofl/const//skpmt_sk5.dat
 findfile: found /home/licheng/local/skofl/const//skpmt_sk5.dat
 findconsts: pmt file: /home/licheng/local/skofl/const//skpmt_sk5.dat
gestpma: TOTAL NUMBER anti PMT: WALL; TOP; BOTTOM; ALL  1275   302   308  1885
gexyza: anti PMT # FOR EACH SECTION       1  1275  1276  1577  1578  1885
 maxpma,nlwala      1885      1275
 skbadch: log_level =            0
 findconsts: badch.090421 file: /home/licheng/local/skofl/const//badch/badch.090421
 findconsts: bad channel file: /home/licheng/local/skofl/const//badch.dat
 findconsts: badch.090421 file: /home/licheng/local/skofl/const//badch/badch.090421
 skdark: log_level =            0
 findconsts: darkr.090421.root file: /home/licheng/local/skofl/const//darkr/darkr.090421.root
 findconsts: badsub SK-I 1 file: /home/licheng/local/skofl/const//lowe/badsub.sk.r1742-3051.r3208-3608
 nbad 1 =         1851
 findconsts: badsub SK-I 2 file: /home/licheng/local/skofl/const//lowe/badsub.sk.realtim
 nbad 2 =        17511
 findconsts: badsub SK-I 3 file: /home/licheng/local/skofl/const//lowe/badsub.sk.manual.1260day
 nbad 3 =        21939
 findconsts: badsub SK-I 4 file: /home/licheng/local/skofl/const//lowe/badsub.sk.sle.1260day
 nbad 4 =        28004
 findconsts: badsub SK-I 5 file: /home/licheng/local/skofl/const//lowe/badsub.sk.manual
 nbad 5 =        28105
 findconsts: badsub SK-I 6 file: /home/licheng/local/skofl/const//lowe/badsub.sk.sle
 nbad 6 =        28105
 findconsts: badsub SK-II 1 file: /home/licheng/local/skofl/const//lowe/badsub.sk2.manual
 nbad_sk2 SK-II 1 =        27759
 findconsts: badsub SK-III 1 file: /home/licheng/local/skofl/const//lowe/badsub.sk3.manual
 nbad_sk3 SK-III 1 =         4149
 findconsts: badsub SK-IV file: /home/licheng/local/skofl/const//lowe/badsub.sk4.manual
 nbad_sk4 SK-IV =        66921
 read local badsub.sk5.manual.local
 nbad_sk5 SK-V =         2595
 read local badsub.sk6.manual.local
 nbad_sk6 SK-VI (Gd) =         7717
 findconsts: skcoverage_barrel file: /home/licheng/local/skofl/const//lowe/skcov_b_p3.dat
 findconsts: nearest neighbor file: /home/licheng/local/skofl/const//neighb.dat
 neighbsk: reading neighbor file /home/licheng/local/skofl/const//neighb.dat
 findconsts: skcoverage_sk4_final file: /home/licheng/local/skofl/const//lowe/skcov_c_p3.dat
