Output file: output/wt_090432.root input file:/disk03/lowe10/sk7/sle/lomugd.090432.root
 Id of this manager : 10
InitReadRoot: total = 747520
RUNINFO found in the rare list
SK geometry setting: 6
***** Dummy rgetvalue was called. (Remote File Access is not supported) *****
==========WT:========== 16821.8 14605.8 12695.6
0/747520
Sec_Event 509510 N50: 25
T: -0.0230145 Q: -0.00662831
T: -0.13775 Q: -0.00859006
T: -0.24723 Q: -0.00638627
T: -0.348127 Q: -0.00833695
T: -0.437376 Q: -0.0129166
T: -0.512265 Q: -0.0137174
T: -0.570518 Q: -0.0270555
T: -0.610365 Q: -0.0242954
T: -0.630596 Q: -0.0268774
T: -0.630596 Q: -0.0264872
T: -0.610365 Q: 1.30975
T: -0.570518 Q: -0.0367175
T: -0.512265 Q: -0.0396746
T: -0.437376 Q: -0.0423758
T: -0.348127 Q: -0.0434827
T: -0.24723 Q: -0.0430914
T: -0.13775 Q: -0.0333428
T: -0.0230145 Q: -0.0461654
T: 0.0934915 Q: -0.0337884
T: 0.208227 Q: -0.0413361
T: 0.317707 Q: -0.0550606
T: 0.418604 Q: -0.0651621
T: 0.507853 Q: -0.0541132
T: 0.582742 Q: -0.0518156
T: 0.640995 Q: -0.0504989
T: 0.680842 Q: -0.0496438
T: 0.701073 Q: 2.41907
T: 0.701073 Q: -0.0404066
T: 0.680842 Q: -0.0358124
T: 0.640995 Q: -0.0288233
T: 0.582742 Q: 1.14158
T: 0.507853 Q: -0.014415
T: 0.418604 Q: 2.65809
T: 0.317707 Q: -0.0115962
T: 0.208227 Q: -0.00443245
T: 0.0934915 Q: 1.23495
Sec_Event 829539 N50: 25
T: -0.104334 Q: -0.000650892
T: -0.218977 Q: -0.000708072
T: -0.328369 Q: -0.000542078
T: -0.429185 Q: -0.000757767
T: -0.518362 Q: -0.00100827
T: -0.59319 Q: -0.00145288
T: -0.651397 Q: -0.00101905
T: -0.691212 Q: -0.00120532
T: -0.711427 Q: 1.04885
T: -0.711427 Q: -0.00125568
T: -0.691212 Q: -0.000985416
T: -0.651397 Q: -0.00355522
T: -0.59319 Q: -0.00136116
T: -0.518362 Q: -0.00184889
T: -0.429185 Q: -0.00103313
T: -0.328369 Q: -0.00102333
T: -0.218977 Q: -0.00142285
T: -0.104334 Q: 0.937563
T: 0.0120785 Q: 1.02898
T: 0.126722 Q: 1.2803
T: 0.236114 Q: -0.00101732
T: 0.33693 Q: -0.00412925
T: 0.426107 Q: -0.000734872
T: 0.500935 Q: -0.00107889
T: 0.559141 Q: -0.000872376
T: 0.598957 Q: -0.00110337
T: 0.619171 Q: 0.840136
T: 0.619171 Q: 1.18036
T: 0.598957 Q: -0.000802373
T: 0.559141 Q: -0.00297364
T: 0.500935 Q: -0.000648261
T: 0.426107 Q: 1.03065
T: 0.33693 Q: -0.00125318
T: 0.236114 Q: -0.00591491
T: 0.126722 Q: -0.00166526
T: 0.0120785 Q: -0.000581263
Sec_Event 829539 N50: 33
T: -0.161711 Q: -0.0681623
T: -0.275447 Q: -0.0554133
T: -0.383972 Q: -0.0676593
T: -0.483989 Q: -0.0735091
T: -0.57246 Q: -0.090155
T: -0.646696 Q: -0.0880725
T: -0.704441 Q: 1.33726
T: -0.743941 Q: -0.0664356
T: -0.763995 Q: -0.0668588
T: -0.763995 Q: 2.32469
T: -0.743941 Q: 1.04939
T: -0.704441 Q: -0.0752766
T: -0.646696 Q: -0.0437159
T: -0.57246 Q: -0.0244737
T: -0.483989 Q: -0.0247661
T: -0.383972 Q: 0.879338
T: -0.275447 Q: 0.887076
T: -0.161711 Q: 2.00164
T: -0.0462212 Q: -0.00996902
T: 0.0675143 Q: -0.0163497
T: 0.176039 Q: -0.0154741
T: 0.276057 Q: -0.0160605
T: 0.364527 Q: 2.26771
T: 0.438763 Q: -0.0253371
T: 0.496508 Q: 2.06975
T: 0.536008 Q: 0.982835
T: 0.556063 Q: -0.0241307
T: 0.556063 Q: 0.979696
T: 0.536008 Q: -0.0241702
T: 0.496508 Q: -0.0277646
T: 0.438763 Q: -0.036774
T: 0.364527 Q: 0.872632
T: 0.276057 Q: -0.0535964
T: 0.176039 Q: -0.0507414
T: 0.0675143 Q: -0.0756677
T: -0.0462212 Q: -0.0599538
Sec_Event 829539 N50: 43
T: 0.578856 Q: 1.95064
T: 0.513684 Q: 0.99859
T: 0.451497 Q: -0.0298254
T: 0.394185 Q: 1.03944
T: 0.34349 Q: 3.59201
T: 0.300951 Q: -0.0414951
T: 0.267862 Q: -0.0446397
T: 0.245228 Q: 0.98528
T: 0.233737 Q: -0.0497653
T: 0.233737 Q: -0.0435853
T: 0.245228 Q: 1.67426
T: 0.267862 Q: -0.048792
T: 0.300951 Q: -0.042935
T: 0.34349 Q: 0.929531
T: 0.394185 Q: 0.904203
T: 0.451497 Q: 1.12861
T: 0.513684 Q: 3.5651
T: 0.578856 Q: 3.62871
T: 0.645034 Q: -0.0112554
T: 0.710207 Q: -0.00817371
T: 0.772394 Q: -0.0107039
T: 0.829706 Q: 1.58278
T: 0.880401 Q: 1.5368
T: 0.922939 Q: -0.00357537
T: 0.956028 Q: 1.16923
T: 0.978663 Q: -0.00223675
T: 0.990154 Q: 1.08737
T: 0.990154 Q: 1.46678
T: 0.978663 Q: 1.13251
T: 0.956028 Q: -0.00334719
T: 0.922939 Q: -0.00350763
T: 0.880401 Q: 1.01607
T: 0.829706 Q: 1.05672
T: 0.772394 Q: 1.44
T: 0.710207 Q: 4.11646
T: 0.645034 Q: -0.0105844
Sec_Event 830206 N50: 26
T: -0.123165 Q: 2.88678
T: -0.237589 Q: -0.016949
T: -0.346772 Q: -0.0285301
T: -0.447394 Q: -0.0204624
T: -0.5364 Q: -0.0182592
T: -0.611085 Q: -0.0139682
T: -0.66918 Q: 1.26904
T: -0.708919 Q: -0.00937074
T: -0.729095 Q: -0.00753169
T: -0.729095 Q: -0.00867506
T: -0.708919 Q: 1.31075
T: -0.66918 Q: -0.00985769
T: -0.611085 Q: -0.0121881
T: -0.5364 Q: 1.13342
T: -0.447394 Q: -0.0119819
T: -0.346772 Q: -0.010835
T: -0.237589 Q: -0.0159675
T: -0.123165 Q: -0.0150912
T: -0.00697627 Q: -0.0112873
T: 0.107448 Q: -0.0112366
T: 0.21663 Q: -0.0176385
T: 0.317253 Q: -0.0142213
T: 0.406259 Q: -0.0138416
T: 0.480944 Q: -0.0193973
T: 0.539038 Q: -0.0235006
T: 0.578777 Q: -0.02916
T: 0.598953 Q: -0.0326381
T: 0.598953 Q: -0.0315103
T: 0.578777 Q: 1.33294
T: 0.539038 Q: -0.0289811
T: 0.480944 Q: -0.0349084
T: 0.406259 Q: 1.21977
T: 0.317253 Q: -0.0221572
T: 0.21663 Q: -0.025523
T: 0.107448 Q: -0.0170696
T: -0.00697627 Q: -0.0186525
Sec_Event 1699761 N50: 28
T: -0.721336 Q: 1.13568
T: -0.758911 Q: -0.0107595
T: -0.794764 Q: -0.012952
T: -0.827807 Q: -0.016188
T: -0.857035 Q: -0.018542
T: -0.88156 Q: -0.0151565
T: -0.900637 Q: 1.31186
T: -0.913686 Q: 1.34004
T: -0.920312 Q: -0.0138063
T: -0.920312 Q: -0.0155596
T: -0.913686 Q: -0.0169682
T: -0.900637 Q: 1.156
T: -0.88156 Q: -0.0169965
T: -0.857035 Q: -0.0204069
T: -0.827807 Q: -0.0262567
T: -0.794764 Q: -0.0223808
T: -0.758911 Q: -0.0261366
T: -0.721336 Q: -0.0244796
T: -0.683182 Q: -0.0267548
T: -0.645608 Q: 1.0717
T: -0.609754 Q: -0.0139706
T: -0.576712 Q: -0.0160173
T: -0.547484 Q: -0.0120472
T: -0.522959 Q: -0.00567535
T: -0.503882 Q: -0.00626805
T: -0.490832 Q: -0.00366669
T: -0.484207 Q: -0.00553578
T: -0.484207 Q: -0.00239523
T: -0.490832 Q: -0.0024365
T: -0.503882 Q: 1.408
T: -0.522959 Q: 1.44644
T: -0.547484 Q: -0.00239026
T: -0.576712 Q: -0.00302109
T: -0.609754 Q: -0.00386229
T: -0.645608 Q: -0.00345467
T: -0.683182 Q: -0.00585479
Sec_Event 2335433 N50: 38
T: 0.0248673 Q: -0.00402111
T: -0.0892823 Q: 1.86745
T: -0.198203 Q: 0.945728
T: -0.298584 Q: 1.83578
T: -0.387377 Q: 1.03345
T: -0.461882 Q: -0.00290645
T: -0.519838 Q: -0.00234812
T: -0.559481 Q: -0.00304215
T: -0.579609 Q: -0.00305111
T: -0.579609 Q: 0.913626
T: -0.559481 Q: 0.931249
T: -0.519838 Q: 0.952471
T: -0.461882 Q: -0.00391313
T: -0.387377 Q: 1.27147
T: -0.298584 Q: -0.00724134
T: -0.198203 Q: -0.00737595
T: -0.0892823 Q: 1.07712
T: 0.0248673 Q: -0.00566268
T: 0.140778 Q: -0.00203519
T: 0.254927 Q: -0.00290771
T: 0.363848 Q: -0.00146298
T: 0.464229 Q: -0.00133542
T: 0.553022 Q: -0.000801656
T: 0.627528 Q: 0.844138
T: 0.685483 Q: 0.912377
T: 0.725127 Q: -0.000498535
T: 0.745254 Q: -0.000762037
T: 0.745254 Q: 0.819204
T: 0.725127 Q: 0.862818
T: 0.685483 Q: -0.000541586
T: 0.627528 Q: 1.25692
T: 0.553022 Q: 1.91694
T: 0.464229 Q: -0.00109464
T: 0.363848 Q: -0.00309486
T: 0.254927 Q: 0.790305
T: 0.140778 Q: -0.00152956
Sec_Event 3865510 N50: 36
T: -0.6099 Q: -0.00948876
T: -0.683092 Q: -0.00437322
T: -0.752932 Q: -0.00494758
T: -0.817296 Q: -0.00579204
T: -0.874229 Q: -0.0110936
T: -0.922002 Q: 0.784351
T: -0.959163 Q: 1.60731
T: -0.984582 Q: -0.0386406
T: -0.997488 Q: 2.12797
T: -0.997488 Q: -0.0339607
T: -0.984582 Q: 2.56593
T: -0.959163 Q: 1.2604
T: -0.922002 Q: 1.23509
T: -0.874229 Q: -0.0450214
T: -0.817296 Q: 2.62591
T: -0.752932 Q: -0.0631986
T: -0.683092 Q: -0.0762757
T: -0.6099 Q: -0.074702
T: -0.535579 Q: -0.0641709
T: -0.462386 Q: -0.0642041
T: -0.392547 Q: -0.0629253
T: -0.328183 Q: 1.1837
T: -0.271249 Q: -0.0441764
T: -0.223477 Q: -0.0422627
T: -0.186316 Q: -0.0397305
T: -0.160896 Q: -0.0387775
T: -0.147991 Q: -0.0294908
T: -0.147991 Q: 2.10359
T: -0.160896 Q: -0.0238713
T: -0.186316 Q: -0.0174745
T: -0.223477 Q: 0.910293
T: -0.271249 Q: -0.00913102
T: -0.328183 Q: -0.0069019
T: -0.392547 Q: 2.00897
T: -0.462386 Q: -0.00795334
T: -0.535579 Q: -0.00724897
Sec_Event 4038144 N50: 37
T: -0.697525 Q: -0.0635034
T: -0.746323 Q: -0.0503564
T: -0.792885 Q: -0.0445044
T: -0.835798 Q: 1.31476
T: -0.873756 Q: -0.032968
T: -0.905607 Q: 1.32611
T: -0.930382 Q: -0.0272298
T: -0.94733 Q: -0.0264199
T: -0.955934 Q: -0.0195883
T: -0.955934 Q: 0.723522
T: -0.94733 Q: -0.0133257
T: -0.930382 Q: 0.745299
T: -0.905607 Q: -0.00422434
T: -0.873756 Q: -0.00330837
T: -0.835798 Q: 0.748137
T: -0.792885 Q: 0.746811
T: -0.746323 Q: 0.886942
T: -0.697525 Q: 0.75042
T: -0.647974 Q: -0.00255906
T: -0.599176 Q: 1.69794
T: -0.552613 Q: -0.00480294
T: -0.509701 Q: -0.0079673
T: -0.471742 Q: -0.0103734
T: -0.439892 Q: -0.0162532
T: -0.415116 Q: -0.0193855
T: -0.398169 Q: 1.11633
T: -0.389564 Q: -0.0263047
T: -0.389564 Q: -0.0359028
T: -0.398169 Q: -0.0517018
T: -0.415116 Q: -0.0471439
T: -0.439892 Q: -0.066826
T: -0.471742 Q: -0.0737928
T: -0.509701 Q: -0.0732355
T: -0.552613 Q: -0.0695803
T: -0.599176 Q: 2.41982
T: -0.647974 Q: 1.30123
Sec_Event 4379236 N50: 49
T: 0.519866 Q: -0.0143443
T: 0.444064 Q: 2.08458
T: 0.371735 Q: -0.0137344
T: 0.305076 Q: -0.0131024
T: 0.246113 Q: 2.25501
T: 0.196637 Q: -0.013023
T: 0.158151 Q: 2.4912
T: 0.131825 Q: 1.30502
T: 0.118459 Q: -0.0136689
T: 0.118459 Q: 1.24423
T: 0.131825 Q: 1.10438
T: 0.158151 Q: -0.0120254
T: 0.196637 Q: 1.15812
T: 0.246113 Q: -0.0140453
T: 0.305076 Q: -0.0135592
T: 0.371735 Q: -0.0192543
T: 0.444064 Q: 1.29416
T: 0.519866 Q: -0.0155378
T: 0.596837 Q: -0.0160014
T: 0.672639 Q: 1.4029
T: 0.744968 Q: 1.2025
T: 0.811627 Q: -0.0106728
T: 0.87059 Q: -0.0107838
T: 0.920067 Q: 2.29333
T: 0.958552 Q: -0.00662473
T: 0.984878 Q: 1.13209
T: 0.998244 Q: 1.18806
T: 0.998244 Q: -0.00675205
T: 0.984878 Q: -0.00626489
T: 0.958552 Q: 1.08373
T: 0.920067 Q: -0.0126738
T: 0.87059 Q: 1.02796
T: 0.811627 Q: -0.0125567
T: 0.744968 Q: -0.0168278
T: 0.672639 Q: 1.09103
T: 0.596837 Q: 1.43681
Sec_Event 4614753 N50: 41
T: 0.494396 Q: -0.00205473
T: 0.414653 Q: -0.000529178
T: 0.338563 Q: -0.00736672
T: 0.268439 Q: -0.000574843
T: 0.20641 Q: -0.00039763
T: 0.154362 Q: -0.00109292
T: 0.113875 Q: -0.000620995
T: 0.0861808 Q: -0.00181393
T: 0.0721201 Q: -0.00116869
T: 0.0721201 Q: -0.00240143
T: 0.0861808 Q: -0.0019187
T: 0.113875 Q: -0.00373132
T: 0.154362 Q: 0.954275
T: 0.20641 Q: 1.01635
T: 0.268439 Q: 1.09651
T: 0.338563 Q: 1.11437
T: 0.414653 Q: 1.05023
T: 0.494396 Q: 0.857622
T: 0.575368 Q: -0.0293266
T: 0.655111 Q: -0.0362229
T: 0.731201 Q: -0.0616987
T: 0.801325 Q: 1.42389
T: 0.863354 Q: -0.0432098
T: 0.915402 Q: -0.0367127
T: 0.955889 Q: 2.31465
T: 0.983583 Q: -0.0306815
T: 0.997644 Q: -0.0300654
T: 0.997644 Q: -0.0349945
T: 0.983583 Q: -0.0474231
T: 0.955889 Q: -0.0414654
T: 0.915402 Q: -0.0074743
T: 0.863354 Q: -0.0065844
T: 0.801325 Q: 1.01801
T: 0.731201 Q: -0.00192873
T: 0.655111 Q: -0.00206337
T: 0.575368 Q: 1.14403
100000/747520
Sec_Event 5563796 N50: 44
T: 0.102477 Q: -0.011538
T: -0.00971377 Q: 1.01521
T: -0.116765 Q: -0.00924128
T: -0.215423 Q: -0.00948045
T: -0.302692 Q: 0.986159
T: -0.375919 Q: 2.01924
T: -0.43288 Q: 2.11305
T: -0.471843 Q: 1.21832
T: -0.491625 Q: -0.00235923
T: -0.491625 Q: -0.00305083
T: -0.471843 Q: -0.00284862
T: -0.43288 Q: 0.956914
T: -0.375919 Q: -0.0016324
T: -0.302692 Q: 1.27247
T: -0.215423 Q: -0.00156183
T: -0.116765 Q: 2.50525
T: -0.00971377 Q: -0.00172943
T: 0.102477 Q: -0.00109535
T: 0.216398 Q: -0.0016591
T: 0.328588 Q: 1.00967
T: 0.435639 Q: -0.0013177
T: 0.534298 Q: -0.00452092
T: 0.621567 Q: 0.980903
T: 0.694794 Q: -0.00360519
T: 0.751754 Q: -0.00667066
T: 0.790718 Q: 1.06466
T: 0.8105 Q: 0.770688
T: 0.8105 Q: -0.0183737
T: 0.790718 Q: -0.0329666
T: 0.751754 Q: 3.10121
T: 0.694794 Q: 0.839328
T: 0.621567 Q: 0.821705
T: 0.534298 Q: -0.0197468
T: 0.435639 Q: -0.0174773
T: 0.328588 Q: -0.0158282
T: 0.216398 Q: -0.0216967
Sec_Event 5851874 N50: 40
T: 0.0508398 Q: -0.0101716
T: -0.0627937 Q: 0.944319
T: -0.171222 Q: 2.14991
T: -0.271149 Q: 2.01956
T: -0.359541 Q: 1.00395
T: -0.43371 Q: -0.0166597
T: -0.491403 Q: -0.0184643
T: -0.530867 Q: 1.10734
T: -0.550904 Q: 1.13835
T: -0.550904 Q: -0.0251468
T: -0.530867 Q: 1.07487
T: -0.491403 Q: -0.0314123
T: -0.43371 Q: -0.0413233
T: -0.359541 Q: -0.0454442
T: -0.271149 Q: -0.0456665
T: -0.171222 Q: -0.035461
T: -0.0627937 Q: -0.0387345
T: 0.0508398 Q: -0.036312
T: 0.166226 Q: 1.27056
T: 0.27986 Q: -0.0469351
T: 0.388288 Q: -0.0426574
T: 0.488216 Q: -0.051375
T: 0.576607 Q: -0.0597444
T: 0.650776 Q: 1.14021
T: 0.708469 Q: -0.0744515
T: 0.747934 Q: 1.40908
T: 0.76797 Q: 0.961611
T: 0.76797 Q: -0.0452819
T: 0.747934 Q: 0.996344
T: 0.708469 Q: 1.99505
T: 0.650776 Q: -0.0296103
T: 0.576607 Q: -0.0173926
T: 0.488216 Q: -0.0142972
T: 0.388288 Q: 1.01129
T: 0.27986 Q: -0.00700397
T: 0.166226 Q: -0.0067433
Sec_Event 6457996 N50: 28
T: 0.283134 Q: 0.832499
T: 0.180616 Q: -0.0283508
T: 0.0827947 Q: -0.0216886
T: -0.00735803 Q: -0.020807
T: -0.0871028 Q: -0.0194515
T: -0.154017 Q: 1.20031
T: -0.206066 Q: -0.0193341
T: -0.24167 Q: -0.0267929
T: -0.259747 Q: -0.0139291
T: -0.259747 Q: -0.0164922
T: -0.24167 Q: -0.0204248
T: -0.206066 Q: 2.24912
T: -0.154017 Q: 1.20168
T: -0.0871028 Q: -0.0134568
T: -0.00735803 Q: -0.00934101
T: 0.0827947 Q: -0.0108462
T: 0.180616 Q: -0.00625983
T: 0.283134 Q: 1.15559
T: 0.387234 Q: -0.0079518
T: 0.489751 Q: -0.00920562
T: 0.587573 Q: -0.00202566
T: 0.677726 Q: -0.0038091
T: 0.75747 Q: 0.99728
T: 0.824384 Q: -0.00232766
T: 0.876434 Q: 1.10321
T: 0.912038 Q: -0.000340244
T: 0.930115 Q: -0.000587283
T: 0.930115 Q: 1.05753
T: 0.912038 Q: -0.00246073
T: 0.876434 Q: 1.11906
T: 0.824384 Q: 1.23841
T: 0.75747 Q: -0.000958284
T: 0.677726 Q: -0.00182329
T: 0.587573 Q: -0.00233305
T: 0.489751 Q: -0.0050863
T: 0.387234 Q: 0.820848
Sec_Event 6480619 N50: 42
T: 0.0343865 Q: 2.90741
T: -0.0795901 Q: 0.886743
T: -0.188345 Q: -0.00641435
T: -0.288575 Q: -0.00678944
T: -0.377233 Q: -0.0119603
T: -0.451626 Q: -0.0110942
T: -0.509493 Q: -0.0369926
T: -0.549077 Q: 1.07418
T: -0.569174 Q: 0.934728
T: -0.569174 Q: -0.0457621
T: -0.549077 Q: 0.87193
T: -0.509493 Q: -0.05919
T: -0.451626 Q: 2.15429
T: -0.377233 Q: -0.0520352
T: -0.288575 Q: -0.0480943
T: -0.188345 Q: -0.045822
T: -0.0795901 Q: 1.48219
T: 0.0343865 Q: -0.0454216
T: 0.150121 Q: 2.93798
T: 0.264098 Q: -0.0145341
T: 0.372853 Q: -0.00541331
T: 0.473083 Q: 0.744212
T: 0.561741 Q: -0.00193083
T: 0.636134 Q: 0.868925
T: 0.694001 Q: -0.00180979
T: 0.733585 Q: -0.000441687
T: 0.753682 Q: -0.00108797
T: 0.753682 Q: -0.000752816
T: 0.733585 Q: -0.000502791
T: 0.694001 Q: -0.000976878
T: 0.636134 Q: -0.00112832
T: 0.561741 Q: -0.0025225
T: 0.473083 Q: 1.743
T: 0.372853 Q: -0.00264994
T: 0.264098 Q: -0.0031206
T: 0.150121 Q: -0.00294054
Sec_Event 6480619 N50: 36
T: 0.313398 Q: 1.18788
T: 0.213275 Q: -0.00186196
T: 0.117739 Q: 0.959893
T: 0.0296926 Q: -0.00182052
T: -0.048189 Q: -0.00215041
T: -0.113539 Q: 0.934911
T: -0.164373 Q: 1.07089
T: -0.199145 Q: -0.0139574
T: -0.2168 Q: -0.00644458
T: -0.2168 Q: -0.0139949
T: -0.199145 Q: -0.0348899
T: -0.164373 Q: 0.947486
T: -0.113539 Q: -0.0315549
T: -0.048189 Q: -0.0266492
T: 0.0296926 Q: 1.27936
T: 0.117739 Q: -0.0367604
T: 0.213275 Q: 0.737203
T: 0.313398 Q: -0.0260718
T: 0.415065 Q: -0.00869728
T: 0.515188 Q: 0.789459
T: 0.610724 Q: -0.00292759
T: 0.69877 Q: -0.00217962
T: 0.776652 Q: -0.00169909
T: 0.842002 Q: -0.00103166
T: 0.892836 Q: -0.0010886
T: 0.927608 Q: -0.000680101
T: 0.945262 Q: -0.000455301
T: 0.945262 Q: -0.00100343
T: 0.927608 Q: -0.000775373
T: 0.892836 Q: 2.31578
T: 0.842002 Q: -0.00111752
T: 0.776652 Q: 0.973632
T: 0.69877 Q: -0.00103058
T: 0.610724 Q: -0.00121025
T: 0.515188 Q: 1.06285
T: 0.415065 Q: 0.983151
Sec_Event 6480619 N50: 40
T: -0.246136 Q: 1.83133
T: -0.357193 Q: -0.0406385
T: -0.463163 Q: -0.0266023
T: -0.560826 Q: 0.898849
T: -0.647213 Q: -0.0375854
T: -0.719701 Q: -0.0587158
T: -0.776087 Q: -0.0957133
T: -0.814657 Q: -0.0818685
T: -0.834239 Q: -0.0767783
T: -0.834239 Q: 1.18894
T: -0.814657 Q: 2.57919
T: -0.776087 Q: 1.29586
T: -0.719701 Q: -0.104857
T: -0.647213 Q: 1.11178
T: -0.560826 Q: 1.10794
T: -0.463163 Q: 1.17274
T: -0.357193 Q: 1.15942
T: -0.246136 Q: -0.0477713
T: -0.133365 Q: -0.0461425
T: -0.0223068 Q: -0.0388126
T: 0.0836632 Q: -0.0611009
T: 0.181326 Q: -0.0347951
T: 0.267713 Q: 0.689803
T: 0.340201 Q: 0.87243
T: 0.396587 Q: -0.0106153
T: 0.435157 Q: 0.885232
T: 0.454739 Q: -0.00557445
T: 0.454739 Q: 0.684966
T: 0.435157 Q: -0.00773316
T: 0.396587 Q: -0.0111644
T: 0.340201 Q: -0.0166232
T: 0.267713 Q: 1.52389
T: 0.181326 Q: 1.12135
T: 0.0836632 Q: -0.0183388
T: -0.0223068 Q: -0.017747
T: -0.133365 Q: -0.0175708
Sec_Event 6917548 N50: 28
T: -0.570992 Q: 2.23596
T: -0.65149 Q: -0.0197071
T: -0.728301 Q: -0.0287992
T: -0.79909 Q: 1.00829
T: -0.861707 Q: 1.00358
T: -0.914249 Q: -0.0405601
T: -0.955119 Q: -0.037076
T: -0.983076 Q: 1.2041
T: -0.99727 Q: -0.0391816
T: -0.99727 Q: -0.0385411
T: -0.983076 Q: 2.54989
T: -0.955119 Q: 1.3004
T: -0.914249 Q: -0.0393594
T: -0.861707 Q: -0.0508971
T: -0.79909 Q: 2.11851
T: -0.728301 Q: -0.028394
T: -0.65149 Q: -0.0208882
T: -0.570992 Q: -0.017087
T: -0.489251 Q: 1.43007
T: -0.408753 Q: -0.0100809
T: -0.331942 Q: -0.011477
T: -0.261153 Q: -0.00853981
T: -0.198536 Q: -0.0173102
T: -0.145994 Q: -0.00689595
T: -0.105124 Q: -0.00921429
T: -0.0771674 Q: -0.00860518
T: -0.0629733 Q: -0.0143047
T: -0.0629733 Q: -0.0071998
T: -0.0771674 Q: 1.04707
T: -0.105124 Q: -0.0113496
T: -0.145994 Q: 1.2044
T: -0.198536 Q: -0.0303481
T: -0.261153 Q: -0.00889007
T: -0.331942 Q: -0.00945603
T: -0.408753 Q: -0.0150241
T: -0.489251 Q: -0.0133215
Sec_Event 8706138 N50: 32
T: -0.0229218 Q: -0.00282809
T: -0.137657 Q: -0.00299249
T: -0.247136 Q: -0.00562701
T: -0.348033 Q: -0.00272492
T: -0.437281 Q: -0.00940244
T: -0.512169 Q: -0.00895075
T: -0.570422 Q: -0.020439
T: -0.610269 Q: -0.0255052
T: -0.6305 Q: 1.3466
T: -0.6305 Q: -0.0345303
T: -0.610269 Q: 1.14186
T: -0.570422 Q: -0.0420064
T: -0.512169 Q: 1.28263
T: -0.437281 Q: 1.39041
T: -0.348033 Q: -0.0529503
T: -0.247136 Q: -0.0546988
T: -0.137657 Q: -0.0526533
T: -0.0229218 Q: -0.0433761
T: 0.0935835 Q: -0.0549194
T: 0.208319 Q: -0.0644165
T: 0.317798 Q: 1.28879
T: 0.418694 Q: 1.10223
T: 0.507943 Q: -0.0616806
T: 0.582831 Q: -0.0685648
T: 0.641083 Q: -0.0565992
T: 0.680931 Q: -0.0418338
T: 0.701161 Q: -0.045407
T: 0.701161 Q: -0.046535
T: 0.680931 Q: -0.0486578
T: 0.641083 Q: -0.0210234
T: 0.582831 Q: -0.0177499
T: 0.507943 Q: -0.00755937
T: 0.418694 Q: -0.0066191
T: 0.317798 Q: -0.00556981
T: 0.208319 Q: 1.89819
T: 0.0935835 Q: 0.823955
Sec_Event 9159453 N50: 46
T: -0.521327 Q: 1.07398
T: -0.609462 Q: -0.010538
T: -0.693559 Q: -0.0114849
T: -0.771064 Q: 1.11389
T: -0.83962 Q: -0.0139114
T: -0.897146 Q: 1.44312
T: -0.941893 Q: 1.33789
T: -0.972502 Q: -0.00792211
T: -0.988043 Q: 1.31359
T: -0.988043 Q: 1.31401
T: -0.972502 Q: -0.0109811
T: -0.941893 Q: -0.0133745
T: -0.897146 Q: 1.31078
T: -0.83962 Q: -0.0150549
T: -0.771064 Q: -0.0130462
T: -0.693559 Q: 1.16674
T: -0.609462 Q: 1.13536
T: -0.521327 Q: -0.00460802
T: -0.431833 Q: 1.48676
T: -0.343698 Q: -0.00259354
T: -0.259601 Q: 1.28744
T: -0.182097 Q: -0.00284181
T: -0.11354 Q: -0.00200367
T: -0.0560143 Q: -0.00163109
T: -0.0112671 Q: -0.00173169
T: 0.0193417 Q: 1.36493
T: 0.0348823 Q: 2.8767
T: 0.0348823 Q: -0.0013223
T: 0.0193417 Q: -0.00212638
T: -0.0112671 Q: 1.31061
T: -0.0560143 Q: 1.09845
T: -0.11354 Q: -0.00241444
T: -0.182097 Q: -0.00338323
T: -0.259601 Q: -0.00257954
T: -0.343698 Q: 1.22825
T: -0.431833 Q: 1.1686
Sec_Event 9223278 N50: 32
T: -0.0616534 Q: 1.00175
T: -0.176517 Q: -0.0209568
T: -0.286119 Q: -0.0239108
T: -0.387129 Q: -0.0343278
T: -0.476477 Q: 1.26326
T: -0.55145 Q: -0.0290567
T: -0.609768 Q: -0.0377744
T: -0.649659 Q: -0.0332369
T: -0.669913 Q: 0.987709
T: -0.669913 Q: -0.0214732
T: -0.649659 Q: -0.0165985
T: -0.609768 Q: 0.883885
T: -0.55145 Q: 3.10958
T: -0.476477 Q: 1.28236
T: -0.387129 Q: -0.00539137
T: -0.286119 Q: -0.00350493
T: -0.176517 Q: -0.00487235
T: -0.0616534 Q: 1.08009
T: 0.0549825 Q: -0.00272274
T: 0.169847 Q: -0.00421178
T: 0.279449 Q: -0.00404862
T: 0.380458 Q: -0.00371912
T: 0.469807 Q: -0.00498682
T: 0.544779 Q: -0.00525027
T: 0.603097 Q: -0.00825247
T: 0.642989 Q: -0.00629091
T: 0.663242 Q: -0.00514044
T: 0.663242 Q: 2.12136
T: 0.642989 Q: -0.00669157
T: 0.603097 Q: -0.00763701
T: 0.544779 Q: 1.00301
T: 0.469807 Q: -0.0183032
T: 0.380458 Q: -0.0173521
T: 0.279449 Q: -0.0200227
T: 0.169847 Q: 1.24073
T: 0.0549825 Q: -0.0268214
200000/747520
Sec_Event 9743290 N50: 46
T: -0.136925 Q: -0.0146737
T: -0.25114 Q: 0.697502
T: -0.360123 Q: 0.800362
T: -0.460562 Q: 0.973987
T: -0.549406 Q: 1.83044
T: -0.623955 Q: -0.000656721
T: -0.681943 Q: -0.000487044
T: -0.72161 Q: -0.00118269
T: -0.741749 Q: 2.41327
T: -0.72161 Q: 1.06569
T: -0.681943 Q: -0.000699458
T: -0.623955 Q: -0.00123704
T: -0.549406 Q: 0.933092
T: -0.460562 Q: 1.82162
T: -0.360123 Q: -0.00100452
T: -0.25114 Q: 1.11486
T: -0.136925 Q: -0.00183351
T: -0.0209473 Q: 2.49192
T: 0.0932681 Q: -0.00132225
T: 0.202251 Q: -0.00115313
T: 0.30269 Q: -0.00144549
T: 0.391534 Q: -0.00128561
T: 0.466083 Q: 0.926105
T: 0.524072 Q: -0.00275754
T: 0.563738 Q: -0.00655367
T: 0.583877 Q: -0.0121083
T: 0.583877 Q: 3.39794
T: 0.563738 Q: 3.65431
T: 0.524072 Q: -0.0119036
T: 0.466083 Q: -0.013617
T: 0.391534 Q: -0.0123049
T: 0.30269 Q: -0.0119366
T: 0.202251 Q: -0.0134738
T: 0.0932681 Q: -0.0123393
T: -0.0209473 Q: -0.0132166
Sec_Event 11428680 N50: 47
T: -0.605319 Q: -0.0382288
T: -0.679447 Q: -0.0280441
T: -0.750178 Q: -0.019568
T: -0.815365 Q: 1.14355
T: -0.873025 Q: -0.0120375
T: -0.921408 Q: -0.0113326
T: -0.959044 Q: -0.00806227
T: -0.984788 Q: -0.00974531
T: -0.997859 Q: 1.21621
T: -0.997859 Q: 1.37755
T: -0.984788 Q: -0.00968499
T: -0.959044 Q: 0.76015
T: -0.921408 Q: -0.0073115
T: -0.873025 Q: 0.768202
T: -0.815365 Q: -0.00673535
T: -0.750178 Q: -0.00288381
T: -0.679447 Q: -0.00540993
T: -0.605319 Q: -0.00420215
T: -0.530049 Q: 1.98078
T: -0.455921 Q: 0.872672
T: -0.38519 Q: -0.00378859
T: -0.320004 Q: 0.807803
T: -0.262343 Q: -0.00585554
T: -0.21396 Q: 0.937491
T: -0.176324 Q: 1.91989
T: -0.15058 Q: -0.0136699
T: -0.13751 Q: -0.0185778
T: -0.13751 Q: -0.0207536
T: -0.15058 Q: -0.0252105
T: -0.176324 Q: -0.0350217
T: -0.21396 Q: -0.0394869
T: -0.262343 Q: 1.10539
T: -0.320004 Q: -0.0428092
T: -0.38519 Q: 1.14187
T: -0.455921 Q: -0.0496089
T: -0.530049 Q: 0.949086
Sec_Event 11532036 N50: 36
T: 0.355193 Q: 1.07377
T: 0.258798 Q: -0.0066631
T: 0.166819 Q: -0.0075006
T: 0.0820501 Q: -0.00695076
T: 0.00706785 Q: -0.00599063
T: -0.0558497 Q: -0.00588329
T: -0.104791 Q: -0.00744292
T: -0.138269 Q: -0.0117887
T: -0.155266 Q: -0.0176375
T: -0.155266 Q: 1.09608
T: -0.138269 Q: -0.0197152
T: -0.104791 Q: -0.0257646
T: -0.0558497 Q: -0.0192737
T: 0.00706785 Q: -0.0256039
T: 0.0820501 Q: -0.0294771
T: 0.166819 Q: -0.0267475
T: 0.258798 Q: 1.29931
T: 0.355193 Q: -0.0404891
T: 0.453076 Q: -0.036195
T: 0.549471 Q: -0.0703611
T: 0.64145 Q: 2.40179
T: 0.726219 Q: 2.41526
T: 0.801201 Q: -0.0368735
T: 0.864119 Q: -0.0326012
T: 0.91306 Q: 1.08433
T: 0.946538 Q: -0.0229844
T: 0.963535 Q: -0.0220242
T: 0.963535 Q: -0.0200038
T: 0.946538 Q: -0.0214357
T: 0.91306 Q: -0.0274403
T: 0.864119 Q: 1.14535
T: 0.801201 Q: 1.88648
T: 0.726219 Q: -0.0131591
T: 0.64145 Q: 1.05596
T: 0.549471 Q: 0.996916
T: 0.453076 Q: -0.00555799
Sec_Event 12416501 N50: 32
T: -0.733417 Q: 1.01931
T: -0.762734 Q: -0.00348647
T: -0.790708 Q: 1.05953
T: -0.816489 Q: -0.00221733
T: -0.839293 Q: -0.00256154
T: -0.858429 Q: 1.10812
T: -0.873313 Q: -0.000992327
T: -0.883495 Q: 1.20934
T: -0.888664 Q: -0.00286417
T: -0.888664 Q: 2.32963
T: -0.883495 Q: -0.00205668
T: -0.873313 Q: -0.00244432
T: -0.858429 Q: -0.00109904
T: -0.839293 Q: -0.00192867
T: -0.816489 Q: -0.00326515
T: -0.790708 Q: 2.48991
T: -0.762734 Q: 1.09882
T: -0.733417 Q: -0.00252745
T: -0.703648 Q: -0.00310655
T: -0.674331 Q: 0.951076
T: -0.646357 Q: -0.00363291
T: -0.620576 Q: -0.00407794
T: -0.597771 Q: -0.00526943
T: -0.578636 Q: -0.00629783
T: -0.563751 Q: 1.01317
T: -0.55357 Q: 0.87848
T: -0.5484 Q: 1.7762
T: -0.5484 Q: -0.00754409
T: -0.55357 Q: -0.00558185
T: -0.563751 Q: -0.00724126
T: -0.578636 Q: -0.00757007
T: -0.597771 Q: -0.0077293
T: -0.620576 Q: -0.00510382
T: -0.646357 Q: -0.0041113
T: -0.674331 Q: 1.17919
T: -0.703648 Q: 0.866302
Sec_Event 12446192 N50: 30
T: -0.593886 Q: -0.000756869
T: -0.670254 Q: -0.00132771
T: -0.743124 Q: 1.39035
T: -0.81028 Q: 1.46435
T: -0.869684 Q: 1.29719
T: -0.91953 Q: -0.000861065
T: -0.984825 Q: 1.17883
T: -0.998291 Q: -0.000377822
T: -0.998291 Q: -0.000341142
T: -0.984825 Q: -0.000341698
T: -0.958303 Q: -0.000478654
T: -0.91953 Q: 1.02853
T: -0.869684 Q: -0.000365141
T: -0.81028 Q: -0.000667208
T: -0.743124 Q: -0.000816395
T: -0.670254 Q: -0.00100979
T: -0.593886 Q: -0.00131488
T: -0.51634 Q: -0.00226083
T: -0.439972 Q: 0.984327
T: -0.367103 Q: -0.00809544
T: -0.299946 Q: -0.0136358
T: -0.240543 Q: 0.83386
T: -0.190697 Q: -0.0223377
T: -0.151924 Q: -0.0207074
T: -0.125402 Q: -0.0232577
T: -0.111936 Q: 1.21789
T: -0.111936 Q: -0.0284088
T: -0.125402 Q: -0.0211788
T: -0.151924 Q: 0.600451
T: -0.190697 Q: 1.29504
T: -0.240543 Q: 0.622569
T: -0.299946 Q: 1.43276
T: -0.367103 Q: -0.0100841
T: -0.439972 Q: -0.00394512
T: -0.51634 Q: -0.00234738
Sec_Event 12622053 N50: 38
T: -0.188933 Q: 1.16484
T: -0.301984 Q: -0.000626857
T: -0.409857 Q: 1.20375
T: -0.509273 Q: 0.980785
T: -0.597211 Q: -0.00412306
T: -0.671001 Q: -0.00432847
T: -0.728398 Q: 0.897601
T: -0.767661 Q: -0.00821441
T: -0.787595 Q: -0.0180675
T: -0.787595 Q: -0.0215597
T: -0.767661 Q: -0.0251256
T: -0.728398 Q: -0.0275724
T: -0.671001 Q: 0.950365
T: -0.597211 Q: -0.0223185
T: -0.509273 Q: -0.0174989
T: -0.409857 Q: -0.0168123
T: -0.301984 Q: 1.05545
T: -0.188933 Q: 1.01184
T: -0.0741372 Q: -0.0103513
T: 0.0389144 Q: -0.0124981
T: 0.146787 Q: -0.0181717
T: 0.246203 Q: -0.00876116
T: 0.334141 Q: 1.08395
T: 0.407931 Q: -0.00596346
T: 0.465328 Q: -0.00436308
T: 0.504591 Q: -0.00520151
T: 0.524525 Q: -0.00216264
T: 0.524525 Q: 1.08072
T: 0.504591 Q: -0.00206876
T: 0.465328 Q: -0.00245877
T: 0.407931 Q: -0.00160893
T: 0.334141 Q: 1.37203
T: 0.246203 Q: -0.00145307
T: 0.146787 Q: -0.0054682
T: 0.0389144 Q: 1.05943
T: -0.0741372 Q: -0.00337128
Sec_Event 12622053 N50: 35
T: 0.0873361 Q: -0.00293418
T: -0.0253355 Q: -0.00315738
T: -0.132845 Q: -0.0106212
T: -0.231927 Q: 1.17953
T: -0.31957 Q: -0.00762533
T: -0.393111 Q: -0.00360191
T: -0.450316 Q: 0.950924
T: -0.489446 Q: 0.945847
T: -0.509313 Q: -0.00517966
T: -0.509313 Q: 1.96535
T: -0.489446 Q: -0.00346796
T: -0.450316 Q: -0.00246462
T: -0.393111 Q: -0.00378533
T: -0.31957 Q: -0.00262244
T: -0.231927 Q: 0.974428
T: -0.132845 Q: -0.00238526
T: -0.0253355 Q: 0.935087
T: 0.0873361 Q: -0.00218332
T: 0.201746 Q: -0.00293302
T: 0.314417 Q: 1.06123
T: 0.421927 Q: -0.00341908
T: 0.521009 Q: -0.00215952
T: 0.608652 Q: 1.09031
T: 0.682193 Q: -0.00145093
T: 0.739398 Q: -0.00134657
T: 0.778528 Q: 1.07033
T: 0.798395 Q: -0.000997968
T: 0.798395 Q: -0.00630815
T: 0.778528 Q: 0.925299
T: 0.739398 Q: -0.00108447
T: 0.682193 Q: 1.20859
T: 0.608652 Q: 0.968894
T: 0.521009 Q: -0.00291568
T: 0.421927 Q: -0.00374804
T: 0.314417 Q: -0.0031134
T: 0.201746 Q: -0.00330153
Sec_Event 12660466 N50: 33
T: -0.575606 Q: 0.928645
T: -0.655307 Q: 1.09433
T: -0.731357 Q: 1.12862
T: -0.801445 Q: 1.44368
T: -0.863442 Q: 0.724167
T: -0.915463 Q: -0.0114119
T: -0.955928 Q: -0.010773
T: -0.983608 Q: 3.33469
T: -0.997662 Q: -0.0105444
T: -0.997662 Q: 2.48045
T: -0.983608 Q: -0.00970103
T: -0.955928 Q: -0.012945
T: -0.915463 Q: -0.0124833
T: -0.863442 Q: -0.0133198
T: -0.801445 Q: -0.00483722
T: -0.731357 Q: -0.00590071
T: -0.655307 Q: 0.981924
T: -0.575606 Q: 1.00797
T: -0.494675 Q: -0.00105338
T: -0.414973 Q: 2.24444
T: -0.338923 Q: 1.21285
T: -0.268835 Q: -0.000688125
T: -0.206839 Q: -0.000295813
T: -0.154817 Q: 1.16867
T: -0.0866719 Q: 1.15891
T: -0.0726184 Q: -0.00100456
T: -0.0866719 Q: -0.000413669
T: -0.114352 Q: 1.08838
T: -0.154817 Q: -0.000404737
T: -0.206839 Q: 2.32968
T: -0.268835 Q: -0.00136781
T: -0.338923 Q: -0.00101158
T: -0.414973 Q: -0.00141381
T: -0.494675 Q: -0.00191862
Sec_Event 12660466 N50: 68
T: 0.0862851 Q: 1.09067
T: -0.026418 Q: 1.07338
T: -0.133958 Q: -0.0200694
T: -0.233068 Q: 1.902
T: -0.320735 Q: 1.9728
T: -0.394297 Q: -0.0128321
T: -0.451518 Q: 1.07601
T: -0.490659 Q: -0.00780501
T: -0.510532 Q: 1.09816
T: -0.510532 Q: -0.00226316
T: -0.490659 Q: 0.97394
T: -0.451518 Q: 1.45976
T: -0.394297 Q: -0.000863154
T: -0.320735 Q: 1.08266
T: -0.233068 Q: 1.37437
T: -0.133958 Q: 1.43477
T: -0.026418 Q: 1.86578
T: 0.0862851 Q: 2.54034
T: 0.31343 Q: -0.00108187
T: 0.42097 Q: -0.000297292
T: 0.52008 Q: 1.07392
T: 0.607747 Q: 1.08566
T: 0.681309 Q: -0.00386098
T: 0.73853 Q: -0.00466054
T: 0.777671 Q: 1.81945
T: 0.797544 Q: -0.0115057
T: 0.797544 Q: 1.65872
T: 0.777671 Q: 0.728243
T: 0.73853 Q: 0.870601
T: 0.681309 Q: 0.826549
T: 0.607747 Q: -0.0311528
T: 0.52008 Q: 1.99319
T: 0.42097 Q: 0.950662
T: 0.31343 Q: 3.1968
T: 0.200727 Q: 2.16091
Sec_Event 12730771 N50: 28
T: -0.173415 Q: -0.00172827
T: -0.283018 Q: -0.00330602
T: -0.384028 Q: -0.00346793
T: -0.473378 Q: -0.0012962
T: -0.548351 Q: -0.00268689
T: -0.606669 Q: 0.720505
T: -0.646561 Q: -0.00730557
T: -0.666815 Q: -0.00914193
T: -0.666815 Q: -0.0088423
T: -0.646561 Q: 3.95289
T: -0.606669 Q: -0.0132439
T: -0.548351 Q: -0.0180616
T: -0.473378 Q: 0.820981
T: -0.384028 Q: 0.821418
T: -0.283018 Q: -0.036357
T: -0.173415 Q: -0.0384966
T: -0.0585494 Q: -0.0313051
T: 0.0580878 Q: -0.0386157
T: 0.172953 Q: -0.0374175
T: 0.282556 Q: 0.976217
T: 0.383567 Q: -0.0359628
T: 0.472916 Q: -0.054791
T: 0.547889 Q: -0.0557792
T: 0.606207 Q: -0.0434301
T: 0.6461 Q: -0.0564576
T: 0.666354 Q: -0.0300335
T: 0.666354 Q: -0.0198365
T: 0.6461 Q: -0.00825886
T: 0.606207 Q: 0.739586
T: 0.547889 Q: -0.00396279
T: 0.472916 Q: -0.0023637
T: 0.383567 Q: -0.00120442
T: 0.282556 Q: -0.000590672
T: 0.172953 Q: -0.00202498
T: 0.0580878 Q: 0.806061
Sec_Event 12730771 N50: 42
T: 0.169014 Q: -0.000605987
T: 0.0595211 Q: 0.802716
T: -0.0449562 Q: 1.05745
T: -0.141243 Q: 0.984861
T: -0.226414 Q: 0.867524
T: -0.29788 Q: -0.00304652
T: -0.353471 Q: 1.75155
T: -0.391498 Q: 1.12684
T: -0.410805 Q: -0.00719933
T: -0.410805 Q: -0.0118189
T: -0.391498 Q: -0.0164563
T: -0.353471 Q: -0.0204176
T: -0.29788 Q: 1.13488
T: -0.226414 Q: -0.0350542
T: -0.141243 Q: 1.00881
T: -0.0449562 Q: 1.04655
T: 0.0595211 Q: -0.0314209
T: 0.169014 Q: 1.16947
T: 0.280197 Q: -0.0412408
T: 0.38969 Q: 2.39398
T: 0.494167 Q: 0.967972
T: 0.590454 Q: -0.0847358
T: 0.675625 Q: -0.0696222
T: 0.747091 Q: 1.3271
T: 0.802683 Q: -0.0650017
T: 0.840709 Q: -0.0426404
T: 0.860016 Q: -0.0410183
T: 0.860016 Q: 1.88446
T: 0.840709 Q: 0.767879
T: 0.802683 Q: 0.67033
T: 0.747091 Q: -0.00348741
T: 0.675625 Q: 0.745495
T: 0.590454 Q: 1.06225
T: 0.494167 Q: -0.000559729
T: 0.38969 Q: 0.884528
T: 0.280197 Q: -0.00130945
Sec_Event 12730771 N50: 53
T: 0.171211 Q: -0.00160777
T: 0.0618234 Q: 1.00841
T: -0.0425531 Q: -0.00113335
T: -0.138747 Q: 0.902965
T: -0.223835 Q: -0.000880629
T: -0.295233 Q: -0.000842872
T: -0.350771 Q: 2.79508
T: -0.388761 Q: -0.0010411
T: -0.408049 Q: -0.00149091
T: -0.388761 Q: 3.32026
T: -0.350771 Q: -0.000278488
T: -0.295233 Q: -0.000672445
T: -0.223835 Q: -0.000696546
T: -0.138747 Q: 1.87585
T: -0.0425531 Q: -0.000542818
T: 0.0618234 Q: -0.000578413
T: 0.171211 Q: -0.000635956
T: 0.282286 Q: -0.000438766
T: 0.391674 Q: -0.000799453
T: 0.49605 Q: -0.00143277
T: 0.592244 Q: 0.985439
T: 0.677333 Q: 0.994308
T: 0.748731 Q: -0.00254513
T: 0.804268 Q: 0.985415
T: 0.842258 Q: -0.00381645
T: 0.861546 Q: -0.00577558
T: 0.861546 Q: 0.755222
T: 0.842258 Q: -0.0101855
T: 0.804268 Q: 0.879125
T: 0.748731 Q: -0.00361247
T: 0.677333 Q: -0.00365764
T: 0.592244 Q: -0.00279095
T: 0.49605 Q: 0.886829
T: 0.391674 Q: -0.0025388
T: 0.282286 Q: -0.00365746
Sec_Event 12730771 N50: 28
T: -0.73033 Q: -0.00555789
T: -0.762066 Q: -0.00906568
T: -0.792349 Q: -0.0071546
T: -0.820257 Q: 2.22127
T: -0.844944 Q: -0.0105433
T: -0.865658 Q: -0.00776137
T: -0.881771 Q: -0.00795973
T: -0.892793 Q: 2.21393
T: -0.898389 Q: 1.07766
T: -0.898389 Q: -0.00711032
T: -0.892793 Q: -0.00703201
T: -0.881771 Q: -0.00774838
T: -0.865658 Q: -0.00918614
T: -0.844944 Q: -0.00898585
T: -0.820257 Q: -0.0115131
T: -0.792349 Q: 1.2058
T: -0.762066 Q: -0.0113265
T: -0.73033 Q: 1.10739
T: -0.698104 Q: -0.0129949
T: -0.666368 Q: -0.0103161
T: -0.636085 Q: 0.969793
T: -0.608177 Q: -0.00650384
T: -0.58349 Q: -0.0059059
T: -0.562776 Q: -0.0038786
T: -0.546663 Q: -0.00732635
T: -0.535641 Q: -0.004619
T: -0.530045 Q: -0.00354748
T: -0.530045 Q: 3.36461
T: -0.535641 Q: -0.00142584
T: -0.546663 Q: 1.12991
T: -0.562776 Q: -0.00333549
T: -0.58349 Q: -0.00207108
T: -0.608177 Q: -0.00162571
T: -0.636085 Q: -0.00166317
T: -0.666368 Q: -0.00241388
T: -0.698104 Q: -0.00400693
Sec_Event 12730771 N50: 26
T: 0.728286 Q: -0.0655093
T: 0.712648 Q: -0.0618343
T: 0.697727 Q: -0.0667814
T: 0.683975 Q: -0.0660897
T: 0.671811 Q: -0.0537807
T: 0.661604 Q: 1.04072
T: 0.653665 Q: -0.0533989
T: 0.648234 Q: -0.0369351
T: 0.645476 Q: -0.0302835
T: 0.645476 Q: -0.021756
T: 0.648234 Q: 0.825659
T: 0.653665 Q: 0.820461
T: 0.661604 Q: -0.00438247
T: 0.671811 Q: 0.92825
T: 0.683975 Q: -0.00422625
T: 0.697727 Q: -0.00241714
T: 0.712648 Q: -0.00355114
T: 0.728286 Q: -0.00151159
T: 0.744165 Q: -0.00182302
T: 0.759803 Q: 0.952266
T: 0.774725 Q: -0.00201966
T: 0.788476 Q: 1.03116
T: 0.80064 Q: -0.00329697
T: 0.810847 Q: 2.08289
T: 0.818787 Q: -0.00755072
T: 0.824218 Q: -0.0116772
T: 0.826975 Q: -0.0137918
T: 0.826975 Q: -0.0366328
T: 0.824218 Q: -0.0353221
T: 0.818787 Q: -0.0576855
T: 0.810847 Q: -0.0470855
T: 0.80064 Q: 1.12464
T: 0.788476 Q: 1.18733
T: 0.774725 Q: -0.0627358
T: 0.759803 Q: -0.0560354
T: 0.744165 Q: 1.08174
Sec_Event 13848834 N50: 39
T: 0.332614 Q: 1.10175
T: 0.234142 Q: 1.28718
T: 0.140181 Q: 1.10832
T: 0.053587 Q: -0.0164996
T: -0.0230102 Q: -0.0181619
T: -0.087283 Q: 1.13168
T: -0.137278 Q: 1.14673
T: -0.171477 Q: -0.00777882
T: -0.18884 Q: 1.25466
T: -0.18884 Q: 1.34029
T: -0.171477 Q: -0.00477623
T: -0.137278 Q: -0.00452707
T: -0.087283 Q: 1.63471
T: -0.0230102 Q: -0.00361753
T: 0.053587 Q: 1.40865
T: 0.140181 Q: -0.00399287
T: 0.234142 Q: 1.16955
T: 0.332614 Q: -0.00368517
T: 0.432604 Q: -0.00448261
T: 0.531076 Q: -0.0046547
T: 0.625036 Q: 1.09116
T: 0.711631 Q: 1.23608
T: 0.788228 Q: 1.04207
T: 0.852501 Q: 0.91583
T: 0.902496 Q: -0.0572017
T: 0.936695 Q: -0.0525838
T: 0.954058 Q: -0.0486112
T: 0.954058 Q: -0.0448178
T: 0.936695 Q: -0.048424
T: 0.902496 Q: -0.0507964
T: 0.852501 Q: 0.944019
T: 0.788228 Q: -0.0628275
T: 0.711631 Q: -0.0584435
T: 0.625036 Q: 1.33436
T: 0.531076 Q: 1.24684
T: 0.432604 Q: -0.0230362
Sec_Event 13848834 N50: 26
T: -0.528641 Q: -0.00671731
T: -0.615749 Q: -0.00619237
T: -0.698867 Q: -0.00652134
T: -0.775469 Q: -0.00324904
T: -0.843227 Q: -0.00326222
T: -0.900083 Q: -0.00193928
T: -0.944309 Q: -0.00204107
T: -0.974561 Q: -0.00190007
T: -0.989921 Q: -0.00326203
T: -0.989921 Q: -0.00238183
T: -0.974561 Q: -0.00173445
T: -0.944309 Q: -0.00267379
T: -0.900083 Q: -0.00184489
T: -0.843227 Q: -0.00232225
T: -0.775469 Q: 1.15523
T: -0.698867 Q: -0.00550552
T: -0.615749 Q: -0.00681293
T: -0.528641 Q: 0.968109
T: -0.440188 Q: -0.0225655
T: -0.35308 Q: -0.035102
T: -0.269962 Q: 0.741228
T: -0.19336 Q: 0.963376
T: -0.125602 Q: -0.0278358
T: -0.0687461 Q: -0.0317199
T: -0.0245201 Q: -0.0192704
T: 0.00573235 Q: 2.41723
T: 0.0210919 Q: -0.0154223
T: 0.0210919 Q: -0.0151317
T: 0.00573235 Q: -0.0140719
T: -0.0245201 Q: -0.0141768
T: -0.0687461 Q: 1.06673
T: -0.125602 Q: -0.0121704
T: -0.19336 Q: -0.0080846
T: -0.269962 Q: -0.00866793
T: -0.35308 Q: -0.00863267
T: -0.440188 Q: 0.999564
Sec_Event 13933240 N50: 29
T: -0.677508 Q: -0.00245301
T: -0.733433 Q: 1.74711
T: -0.786797 Q: 0.818406
T: -0.835977 Q: -0.00523923
T: -0.87948 Q: -0.00658731
T: -0.915983 Q: -0.00914607
T: -0.944377 Q: -0.00745475
T: -0.9638 Q: 2.53362
T: -0.973661 Q: -0.00663553
T: -0.973661 Q: -0.00729439
T: -0.9638 Q: -0.00843127
T: -0.944377 Q: 1.2767
T: -0.915983 Q: -0.00948332
T: -0.87948 Q: -0.0131157
T: -0.835977 Q: -0.0116912
T: -0.786797 Q: -0.013754
T: -0.733433 Q: 0.966906
T: -0.677508 Q: -0.0242908
T: -0.620719 Q: -0.0238275
T: -0.564794 Q: -0.0249558
T: -0.51143 Q: -0.0290767
T: -0.46225 Q: -0.0182887
T: -0.418747 Q: -0.0134394
T: -0.382244 Q: -0.00954529
T: -0.35385 Q: -0.0073861
T: -0.334427 Q: -0.00397317
T: -0.324566 Q: -0.00629638
T: -0.324566 Q: 0.841804
T: -0.334427 Q: -0.00264438
T: -0.35385 Q: -0.00269941
T: -0.382244 Q: -0.00236523
T: -0.418747 Q: -0.00108093
T: -0.46225 Q: -0.00175925
T: -0.51143 Q: -0.0010565
T: -0.564794 Q: -0.0010925
T: -0.620719 Q: 1.0797
Sec_Event 14028842 N50: 28
T: 0.252563 Q: -0.0339436
T: 0.147868 Q: -0.034193
T: 0.0479685 Q: 1.31448
T: -0.0440989 Q: -0.0296439
T: -0.125537 Q: -0.0282445
T: -0.193872 Q: -0.0282329
T: -0.247028 Q: 1.2002
T: -0.283388 Q: -0.0282412
T: -0.301848 Q: -0.0264918
T: -0.301848 Q: 1.25475
T: -0.283388 Q: -0.0162535
T: -0.247028 Q: -0.0125842
T: -0.193872 Q: -0.0110916
T: -0.125537 Q: -0.00905302
T: -0.0440989 Q: -0.00659011
T: 0.0479685 Q: -0.00644249
T: 0.147868 Q: -0.00714767
T: 0.252563 Q: -0.00514749
T: 0.358873 Q: -0.00507375
T: 0.463568 Q: -0.00797634
T: 0.563467 Q: -0.00779016
T: 0.655535 Q: -0.0165953
T: 0.736973 Q: -0.0171705
T: 0.805308 Q: 0.99237
T: 0.858463 Q: -0.0139408
T: 0.894824 Q: -0.0156968
T: 0.913284 Q: -0.0216737
T: 0.913284 Q: -0.015131
T: 0.894824 Q: -0.0149048
T: 0.858463 Q: -0.0141625
T: 0.805308 Q: -0.0220685
T: 0.736973 Q: 0.987044
T: 0.655535 Q: -0.0353488
T: 0.563467 Q: -0.0422702
T: 0.463568 Q: -0.0493025
T: 0.358873 Q: -0.0525692
300000/747520
Sec_Event 14577779 N50: 39
T: -0.374719 Q: -0.0049606
T: -0.47823 Q: 1.18587
T: -0.576998 Q: -0.00907809
T: -0.668023 Q: 2.35077
T: -0.74854 Q: -0.0200919
T: -0.816101 Q: -0.0246682
T: -0.868655 Q: 1.14409
T: -0.904604 Q: 0.903551
T: -0.922855 Q: -0.0221114
T: -0.922855 Q: -0.0274994
T: -0.904604 Q: 0.933422
T: -0.868655 Q: 0.850444
T: -0.816101 Q: 1.15396
T: -0.74854 Q: 1.1159
T: -0.668023 Q: 1.25858
T: -0.576998 Q: -0.00534317
T: -0.47823 Q: 3.62686
T: -0.374719 Q: -0.00263662
T: -0.269612 Q: 1.22523
T: -0.166102 Q: -0.00504484
T: -0.0673338 Q: -0.00221195
T: 0.0236915 Q: -0.00254589
T: 0.104208 Q: -0.0031913
T: 0.17177 Q: -0.0022974
T: 0.224323 Q: -0.00122224
T: 0.260272 Q: -0.0036858
T: 0.278524 Q: 2.48441
T: 0.278524 Q: -0.0050536
T: 0.260272 Q: -0.00260956
T: 0.224323 Q: -0.00354574
T: 0.17177 Q: -0.00532803
T: 0.104208 Q: -0.00630544
T: 0.0236915 Q: -0.00333396
T: -0.0673338 Q: 1.10414
T: -0.166102 Q: 1.2561
T: -0.269612 Q: -0.005362
Sec_Event 14880868 N50: 33
T: -0.38588 Q: 1.24417
T: -0.488508 Q: 2.45014
T: -0.586434 Q: -0.0670102
T: -0.676683 Q: -0.0667163
T: -0.756513 Q: -0.063357
T: -0.823499 Q: -0.0410077
T: -0.875604 Q: -0.0354874
T: -0.911247 Q: -0.0351317
T: -0.929343 Q: 1.22046
T: -0.929343 Q: -0.0309478
T: -0.911247 Q: 1.50213
T: -0.875604 Q: 0.648332
T: -0.823499 Q: -0.0146689
T: -0.756513 Q: -0.00794345
T: -0.676683 Q: 0.812507
T: -0.586434 Q: 2.04432
T: -0.488508 Q: 2.08448
T: -0.38588 Q: -0.00604407
T: -0.281669 Q: -0.00364757
T: -0.179041 Q: -0.0037944
T: -0.0811153 Q: -0.00372178
T: 0.00913401 Q: -0.00570971
T: 0.0889642 Q: 0.872287
T: 0.15595 Q: -0.00851566
T: 0.208055 Q: -0.0123854
T: 0.243697 Q: -0.0193563
T: 0.261793 Q: -0.0283929
T: 0.261793 Q: 1.03648
T: 0.243697 Q: 1.17084
T: 0.208055 Q: -0.0340504
T: 0.15595 Q: -0.0382989
T: 0.0889642 Q: -0.0370648
T: 0.00913401 Q: 2.41057
T: -0.0811153 Q: -0.0437622
T: -0.179041 Q: 3.85668
T: -0.281669 Q: -0.0488702
Sec_Event 14880868 N50: 31
T: 0.655577 Q: -0.00165634
T: 0.608975 Q: -0.000331468
T: 0.564508 Q: -0.00142405
T: 0.523528 Q: 1.26503
T: 0.487278 Q: -0.00142565
T: 0.456861 Q: -0.000918105
T: 0.433201 Q: 1.92708
T: 0.417016 Q: 1.14254
T: 0.408799 Q: 2.59633
T: 0.408799 Q: 1.01628
T: 0.417016 Q: -0.00394914
T: 0.433201 Q: -0.0106301
T: 0.456861 Q: -0.0115072
T: 0.487278 Q: -0.0148967
T: 0.523528 Q: -0.0170845
T: 0.564508 Q: -0.0183596
T: 0.608975 Q: 1.33721
T: 0.655577 Q: -0.023654
T: 0.702897 Q: 1.52185
T: 0.749499 Q: -0.0183645
T: 0.793965 Q: -0.0144054
T: 0.834946 Q: -0.00962175
T: 0.871196 Q: -0.0111953
T: 0.901613 Q: -0.00808484
T: 0.925273 Q: -0.00890263
T: 0.941458 Q: -0.00711228
T: 0.949675 Q: -0.00699326
T: 0.949675 Q: -0.00666495
T: 0.941458 Q: 2.60795
T: 0.925273 Q: -0.00977693
T: 0.901613 Q: 0.765809
T: 0.871196 Q: -0.00557202
T: 0.834946 Q: -0.00279956
T: 0.793965 Q: -0.00323516
T: 0.749499 Q: -0.00176532
T: 0.702897 Q: -0.00244431
Sec_Event 14880868 N50: 38
T: 0.186098 Q: -0.00115808
T: 0.0774544 Q: -0.0011613
T: -0.0262121 Q: -0.00053119
T: -0.121752 Q: -0.000553361
T: -0.206261 Q: -0.000928379
T: -0.277174 Q: 1.26711
T: -0.332333 Q: -0.000621446
T: -0.370065 Q: -0.00196929
T: -0.389222 Q: -0.00102137
T: -0.389222 Q: 1.24568
T: -0.370065 Q: -0.000228814
T: -0.332333 Q: -0.000307027
T: -0.277174 Q: -0.000726773
T: -0.206261 Q: -0.000260271
T: -0.121752 Q: -0.000680881
T: -0.0262121 Q: -0.000266207
T: 0.0774544 Q: -0.00116206
T: 0.186098 Q: -0.00072525
T: 0.296418 Q: 0.980291
T: 0.405061 Q: -0.00138948
T: 0.508728 Q: -0.000933632
T: 0.604267 Q: -0.00140376
T: 0.688777 Q: -0.00332691
T: 0.759689 Q: -0.00281941
T: 0.814849 Q: 0.954822
T: 0.852581 Q: 0.66508
T: 0.871737 Q: -0.0057256
T: 0.871737 Q: 0.88488
T: 0.852581 Q: -0.00547543
T: 0.814849 Q: -0.00442111
T: 0.759689 Q: -0.00319504
T: 0.688777 Q: 1.23496
T: 0.604267 Q: -0.00141621
T: 0.508728 Q: -0.00184724
T: 0.405061 Q: -0.00137203
T: 0.296418 Q: -0.00248933
Sec_Event 14972668 N50: 38
T: 0.484514 Q: 1.05016
T: 0.40333 Q: -0.00525018
T: 0.325866 Q: 1.12545
T: 0.254475 Q: 1.04092
T: 0.191325 Q: 0.934736
T: 0.138336 Q: -0.0084734
T: 0.0971185 Q: -0.0105517
T: 0.0689238 Q: 0.955044
T: 0.0546089 Q: -0.0166637
T: 0.0546089 Q: -0.0201923
T: 0.0689238 Q: 0.993367
T: 0.0971185 Q: -0.0243006
T: 0.138336 Q: 1.28549
T: 0.191325 Q: -0.0235373
T: 0.254475 Q: 1.09066
T: 0.325866 Q: 1.46368
T: 0.40333 Q: -0.0393525
T: 0.484514 Q: -0.0218437
T: 0.56695 Q: 1.92547
T: 0.648133 Q: -0.00789443
T: 0.725597 Q: -0.00482853
T: 0.796989 Q: 1.14404
T: 0.860138 Q: -0.00315746
T: 0.913127 Q: 0.991433
T: 0.954345 Q: -0.00203771
T: 0.98254 Q: 1.06462
T: 0.996855 Q: -0.00154097
T: 0.996855 Q: 2.30103
T: 0.98254 Q: 1.05165
T: 0.954345 Q: -0.00450556
T: 0.913127 Q: 2.12128
T: 0.860138 Q: 2.48789
T: 0.796989 Q: 1.01011
T: 0.725597 Q: -0.00636641
T: 0.648133 Q: 1.06864
T: 0.56695 Q: -0.00827696
Sec_Event 15718732 N50: 34
T: 0.151158 Q: 1.04568
T: 0.0408462 Q: -0.00222265
T: -0.0644121 Q: -0.00162849
T: -0.161419 Q: -0.00241099
T: -0.247226 Q: -0.000964904
T: -0.319227 Q: -0.0023575
T: -0.375234 Q: 2.11427
T: -0.413544 Q: -0.00299395
T: -0.432995 Q: 1.11504
T: -0.432995 Q: -0.00285901
T: -0.413544 Q: 0.903248
T: -0.375234 Q: -0.00724724
T: -0.319227 Q: -0.00271837
T: -0.247226 Q: -0.00359741
T: -0.161419 Q: -0.00206178
T: -0.0644121 Q: -0.00434987
T: 0.0408462 Q: -0.00278742
T: 0.151158 Q: 1.06474
T: 0.263171 Q: -0.00698804
T: 0.373483 Q: -0.00276763
T: 0.478741 Q: -0.00361391
T: 0.575748 Q: 2.02221
T: 0.661555 Q: -0.00516967
T: 0.733556 Q: -0.00495394
T: 0.789563 Q: -0.0049525
T: 0.827874 Q: -0.00457513
T: 0.847325 Q: -0.00430852
T: 0.847325 Q: -0.00671075
T: 0.827874 Q: -0.00454188
T: 0.789563 Q: -0.00426071
T: 0.733556 Q: -0.00660182
T: 0.661555 Q: 2.20013
T: 0.575748 Q: -0.00334364
T: 0.478741 Q: 1.99556
T: 0.373483 Q: 0.945721
T: 0.263171 Q: 1.15228
Sec_Event 16031535 N50: 34
T: -0.0867668 Q: -0.00294624
T: -0.201548 Q: -0.0035427
T: -0.31107 Q: -0.00185582
T: -0.412006 Q: -0.00328657
T: -0.50129 Q: -0.00984496
T: -0.576208 Q: -0.0078874
T: -0.634484 Q: -0.00886677
T: -0.674346 Q: -0.0112216
T: -0.694585 Q: 0.903614
T: -0.694585 Q: -0.0146925
T: -0.674346 Q: 1.14056
T: -0.634484 Q: -0.0189993
T: -0.576208 Q: 1.26547
T: -0.50129 Q: -0.0306199
T: -0.412006 Q: -0.0426856
T: -0.31107 Q: 1.17065
T: -0.201548 Q: 1.14959
T: -0.0867668 Q: 1.31292
T: 0.0297846 Q: 1.26929
T: 0.144565 Q: -0.0329833
T: 0.254088 Q: -0.0427606
T: 0.355024 Q: -0.041848
T: 0.444308 Q: -0.043281
T: 0.519226 Q: 1.06366
T: 0.577501 Q: -0.06071
T: 0.617364 Q: 1.27606
T: 0.637603 Q: -0.0357989
T: 0.637603 Q: -0.0263485
T: 0.617364 Q: -0.0176995
T: 0.577501 Q: 1.05632
T: 0.519226 Q: 1.06357
T: 0.444308 Q: 0.942741
T: 0.355024 Q: -0.00517183
T: 0.254088 Q: 2.31648
T: 0.144565 Q: 1.35356
T: 0.0297846 Q: 1.19397
Sec_Event 17366682 N50: 37
T: 0.215636 Q: -0.0257576
T: 0.108619 Q: 1.33101
T: 0.00650387 Q: 2.34055
T: -0.0876058 Q: -0.0183451
T: -0.170851 Q: -0.0180611
T: -0.240701 Q: -0.0161385
T: -0.295036 Q: 1.34844
T: -0.332202 Q: -0.0132652
T: -0.351072 Q: 1.09656
T: -0.351072 Q: -0.0116377
T: -0.332202 Q: -0.0111279
T: -0.295036 Q: -0.00724807
T: -0.240701 Q: -0.00953439
T: -0.170851 Q: -0.00379114
T: -0.0876058 Q: 1.34851
T: 0.00650387 Q: -0.0067335
T: 0.108619 Q: 1.10192
T: 0.215636 Q: -0.0058087
T: 0.324305 Q: -0.00381512
T: 0.431322 Q: 1.00238
T: 0.533437 Q: 1.00603
T: 0.627547 Q: -0.00498123
T: 0.710792 Q: 1.23512
T: 0.780642 Q: 1.31045
T: 0.834977 Q: -0.00774269
T: 0.872144 Q: -0.00995195
T: 0.891014 Q: 2.71893
T: 0.891014 Q: -0.00978917
T: 0.872144 Q: 1.06837
T: 0.834977 Q: -0.00659192
T: 0.780642 Q: -0.00781397
T: 0.710792 Q: 0.998052
T: 0.627547 Q: -0.0168781
T: 0.533437 Q: 1.75366
T: 0.431322 Q: 1.38361
T: 0.324305 Q: -0.0198835
Sec_Event 17406645 N50: 44
T: 0.454465 Q: 1.12259
T: 0.369174 Q: -0.00274234
T: 0.28779 Q: -0.00262736
T: 0.212787 Q: -0.00636212
T: 0.146442 Q: 0.988771
T: 0.0907727 Q: 0.80561
T: 0.0474694 Q: 0.847621
T: 0.0178482 Q: -0.0131625
T: 0.00280911 Q: 1.92998
T: 0.00280911 Q: -0.0229096
T: 0.0178482 Q: -0.0237515
T: 0.0474694 Q: -0.0306196
T: 0.0907727 Q: 1.03809
T: 0.146442 Q: -0.031803
T: 0.212787 Q: -0.0365908
T: 0.28779 Q: -0.0367713
T: 0.369174 Q: -0.0331428
T: 0.454465 Q: -0.0179895
T: 0.541071 Q: 1.07486
T: 0.626362 Q: -0.00722784
T: 0.707746 Q: -0.00475376
T: 0.782749 Q: -0.00323635
T: 0.849094 Q: 0.908539
T: 0.904763 Q: -0.00311465
T: 0.948067 Q: -0.00149376
T: 0.977688 Q: -0.00134986
T: 0.992727 Q: 1.0847
T: 0.992727 Q: 1.04085
T: 0.977688 Q: -0.00115987
T: 0.948067 Q: -0.00143748
T: 0.904763 Q: -0.00299944
T: 0.849094 Q: 1.19689
T: 0.782749 Q: 0.842469
T: 0.707746 Q: -0.00149152
T: 0.626362 Q: -0.00329243
T: 0.541071 Q: -0.00123793
Sec_Event 17414973 N50: 59
T: 0.0126422 Q: -0.043657
T: -0.101702 Q: 1.21391
T: -0.210808 Q: -0.0443796
T: -0.311361 Q: 2.45222
T: -0.400305 Q: 4.14166
T: -0.474938 Q: 1.14636
T: -0.532992 Q: 1.10591
T: -0.572703 Q: 1.32985
T: -0.592865 Q: -0.0735555
T: -0.592865 Q: -0.0652952
T: -0.572703 Q: -0.0673333
T: -0.532992 Q: -0.0472533
T: -0.474938 Q: -0.0405577
T: -0.400305 Q: 1.04219
T: -0.311361 Q: -0.0238365
T: -0.210808 Q: -0.0238218
T: -0.101702 Q: -0.0126019
T: 0.0126422 Q: 1.27455
T: 0.12875 Q: -0.012416
T: 0.243095 Q: -0.0136229
T: 0.352201 Q: 1.59468
T: 0.452753 Q: 0.883182
T: 0.541697 Q: -0.00188514
T: 0.61633 Q: 1.89583
T: 0.674384 Q: 1.06466
T: 0.714096 Q: 1.3177
T: 0.734258 Q: 0.929043
T: 0.734258 Q: 1.28979
T: 0.714096 Q: -0.00212206
T: 0.674384 Q: -0.00116322
T: 0.61633 Q: 0.945082
T: 0.541697 Q: -0.00140115
T: 0.452753 Q: -0.00307946
T: 0.352201 Q: -0.00577332
T: 0.243095 Q: 1.37404
T: 0.12875 Q: -0.0678581
Sec_Event 17414973 N50: 37
T: 0.479534 Q: 1.00276
T: 0.397642 Q: -0.0111808
T: 0.319502 Q: 1.10452
T: 0.247487 Q: -0.00772711
T: 0.183786 Q: -0.0069822
T: 0.130335 Q: -0.00367513
T: 0.0887577 Q: 1.29109
T: 0.0603169 Q: 1.36197
T: 0.0458771 Q: -0.00351305
T: 0.0458771 Q: -0.00314031
T: 0.0603169 Q: -0.00204814
T: 0.0887577 Q: -0.000945904
T: 0.130335 Q: -0.000607905
T: 0.183786 Q: -0.000649762
T: 0.247487 Q: -0.000843558
T: 0.319502 Q: -0.000628022
T: 0.397642 Q: -0.000389536
T: 0.479534 Q: 1.13159
T: 0.562689 Q: 1.35326
T: 0.644581 Q: -0.000861309
T: 0.722722 Q: 1.15223
T: 0.794736 Q: -0.001009
T: 0.858437 Q: -0.000937335
T: 0.911888 Q: -0.000562265
T: 0.953466 Q: 3.03302
T: 0.981907 Q: 1.35042
T: 0.996346 Q: -0.000714585
T: 0.996346 Q: -0.000780646
T: 0.981907 Q: -0.000352667
T: 0.953466 Q: -0.00127263
T: 0.911888 Q: 1.98437
T: 0.858437 Q: -0.000637506
T: 0.794736 Q: -0.000969554
T: 0.722722 Q: -0.00172006
T: 0.644581 Q: -0.00282362
T: 0.562689 Q: -0.00429906
Sec_Event 18602301 N50: 27
T: -0.654154 Q: 1.27125
T: -0.716947 Q: -0.0534671
T: -0.776863 Q: 2.56888
T: -0.832082 Q: -0.0646057
T: -0.880926 Q: -0.0563582
T: -0.921911 Q: -0.047491
T: -0.953792 Q: 1.46087
T: -0.9756 Q: -0.0488447
T: -0.986672 Q: -0.0386887
T: -0.986672 Q: 1.41477
T: -0.9756 Q: -0.0403511
T: -0.953792 Q: -0.0532181
T: -0.921911 Q: 1.45142
T: -0.880926 Q: -0.0617669
T: -0.832082 Q: -0.0532516
T: -0.776863 Q: -0.0494821
T: -0.716947 Q: -0.0357497
T: -0.654154 Q: 1.09209
T: -0.590392 Q: -0.0252335
T: -0.5276 Q: -0.0228841
T: -0.467683 Q: 1.33399
T: -0.412464 Q: 1.40321
T: -0.36362 Q: -0.0190328
T: -0.322635 Q: -0.0183902
T: -0.290754 Q: -0.0248481
T: -0.268947 Q: 1.23261
T: -0.257875 Q: -0.0223045
T: -0.257875 Q: -0.0244898
T: -0.268947 Q: -0.0281651
T: -0.290754 Q: -0.0322458
T: -0.322635 Q: 1.20837
T: -0.36362 Q: -0.0283609
T: -0.412464 Q: -0.0358735
T: -0.467683 Q: -0.0278537
T: -0.5276 Q: 1.28104
T: -0.590392 Q: -0.0377244
400000/747520
Sec_Event 18946194 N50: 40
T: -0.0139344 Q: 1.06042
T: -0.128595 Q: 1.08196
T: -0.238004 Q: 1.07333
T: -0.338835 Q: 1.16378
T: -0.428026 Q: -0.0225317
T: -0.502865 Q: 0.995316
T: -0.56108 Q: -0.0174942
T: -0.600902 Q: -0.0200687
T: -0.621119 Q: -0.0174945
T: -0.621119 Q: 2.01946
T: -0.600902 Q: 1.20777
T: -0.56108 Q: -0.00928178
T: -0.502865 Q: 2.16216
T: -0.428026 Q: -0.00587267
T: -0.338835 Q: -0.00504177
T: -0.238004 Q: -0.00418546
T: -0.128595 Q: -0.0027865
T: -0.0139344 Q: 1.03773
T: 0.102496 Q: -0.00289121
T: 0.217157 Q: -0.00400439
T: 0.326565 Q: -0.00361816
T: 0.427396 Q: -0.00413565
T: 0.516587 Q: -0.00475782
T: 0.591426 Q: -0.0131929
T: 0.649641 Q: 1.03942
T: 0.689463 Q: -0.0168438
T: 0.709681 Q: 0.940504
T: 0.709681 Q: -0.0386026
T: 0.689463 Q: 1.09032
T: 0.649641 Q: -0.0386914
T: 0.591426 Q: -0.0472644
T: 0.516587 Q: 2.32982
T: 0.427396 Q: -0.0303378
T: 0.326565 Q: 2.41328
T: 0.217157 Q: -0.0246751
T: 0.102496 Q: 2.15112
Sec_Event 19206686 N50: 37
T: 0.39395 Q: -0.0285191
T: 0.301484 Q: 1.32854
T: 0.213255 Q: -0.0238578
T: 0.131942 Q: -0.0215361
T: 0.060016 Q: 1.28994
T: -0.000336639 Q: -0.0271345
T: -0.0472827 Q: -0.0345858
T: -0.0793957 Q: -0.0285434
T: -0.0956999 Q: -0.0257363
T: -0.0956999 Q: 3.10678
T: -0.0793957 Q: 2.76205
T: -0.0472827 Q: -0.026891
T: -0.000336639 Q: -0.0296089
T: 0.060016 Q: -0.0341916
T: 0.131942 Q: 1.31901
T: 0.213255 Q: 1.28735
T: 0.301484 Q: -0.0382874
T: 0.39395 Q: -0.032968
T: 0.487842 Q: -0.0374672
T: 0.580308 Q: 1.30508
T: 0.668537 Q: -0.0598558
T: 0.74985 Q: -0.0778633
T: 0.821776 Q: -0.0995351
T: 0.882129 Q: -0.0773479
T: 0.929075 Q: 1.26477
T: 0.961188 Q: -0.0592867
T: 0.977492 Q: -0.0569403
T: 0.977492 Q: -0.0581248
T: 0.961188 Q: -0.0605446
T: 0.929075 Q: -0.0604005
T: 0.882129 Q: -0.0817789
T: 0.821776 Q: -0.0818693
T: 0.74985 Q: 1.22822
T: 0.668537 Q: 1.51553
T: 0.580308 Q: 1.15688
T: 0.487842 Q: -0.0257162
Sec_Event 19206686 N50: 40
T: -0.571284 Q: 1.05777
T: -0.651733 Q: 1.03741
T: -0.728496 Q: -0.00161764
T: -0.799241 Q: 0.97584
T: -0.861819 Q: -0.000650195
T: -0.914328 Q: -0.00123811
T: -0.955173 Q: 1.24079
T: -0.997297 Q: 1.21942
T: -0.997297 Q: -0.000706766
T: -0.983112 Q: -0.000362278
T: -0.955173 Q: 1.20216
T: -0.914328 Q: 1.16577
T: -0.861819 Q: -0.000985621
T: -0.799241 Q: -0.00116199
T: -0.728496 Q: -0.00190664
T: -0.651733 Q: -0.00122499
T: -0.571284 Q: -0.00480223
T: -0.489595 Q: 2.05272
T: -0.409146 Q: -0.00672916
T: -0.332383 Q: 1.32494
T: -0.261638 Q: 1.28498
T: -0.19906 Q: 1.12451
T: -0.146551 Q: -0.00859688
T: -0.105706 Q: 1.12382
T: -0.0777666 Q: -0.0118089
T: -0.0635813 Q: -0.0107398
T: -0.0635813 Q: -0.0161452
T: -0.0777666 Q: 2.5044
T: -0.105706 Q: -0.0174929
T: -0.146551 Q: -0.016824
T: -0.19906 Q: -0.0170923
T: -0.261638 Q: -0.0165672
T: -0.332383 Q: 0.847608
T: -0.409146 Q: 1.01801
T: -0.489595 Q: -0.00404173
Sec_Event 19206686 N50: 28
Sec_Event 19785590 N50: 35
T: -0.468079 Q: -0.00553069
T: -0.562844 Q: -0.00600141
T: -0.653268 Q: -0.0125271
T: -0.736602 Q: -0.010779
T: -0.810316 Q: -0.0177101
T: -0.872169 Q: 0.838285
T: -0.920283 Q: -0.0200508
T: -0.953194 Q: 0.801708
T: -0.969904 Q: -0.0181196
T: -0.969904 Q: 0.779839
T: -0.953194 Q: -0.0182111
T: -0.920283 Q: 1.69261
T: -0.872169 Q: -0.0201756
T: -0.810316 Q: -0.0160946
T: -0.736602 Q: -0.00717602
T: -0.653268 Q: 1.12038
T: -0.562844 Q: -0.00341452
T: -0.468079 Q: -0.00231299
T: -0.371853 Q: -0.00232574
T: -0.277088 Q: 1.22855
T: -0.186664 Q: 1.24243
T: -0.103329 Q: -0.00146955
T: -0.0296156 Q: -0.00102083
T: 0.0322378 Q: -0.00134005
T: 0.0803511 Q: -0.00128931
T: 0.113263 Q: -0.00690873
T: 0.129972 Q: -0.00127461
T: 0.129972 Q: -0.000960504
T: 0.113263 Q: -0.000914611
T: 0.0803511 Q: 1.31823
T: 0.0322378 Q: -0.00123818
T: -0.0296156 Q: -0.00301413
T: -0.103329 Q: -0.00251091
T: -0.186664 Q: -0.00262605
T: -0.277088 Q: -0.00248036
T: -0.371853 Q: -0.00469194
Sec_Event 19948459 N50: 28
T: -0.142128 Q: -0.0278988
T: -0.256254 Q: -0.032068
T: -0.365152 Q: -0.0410727
T: -0.465512 Q: -0.0445488
T: -0.554286 Q: -0.0561698
T: -0.628777 Q: 1.20863
T: -0.68672 Q: -0.0875538
T: -0.726355 Q: -0.0892719
T: -0.746479 Q: 1.32878
T: -0.746479 Q: -0.0885049
T: -0.726355 Q: -0.0868347
T: -0.68672 Q: 1.26186
T: -0.628777 Q: -0.0917821
T: -0.554286 Q: -0.077583
T: -0.465512 Q: 1.22774
T: -0.365152 Q: 1.37799
T: -0.256254 Q: 1.28073
T: -0.142128 Q: -0.0404174
T: -0.0262421 Q: 2.73966
T: 0.0878836 Q: -0.0358246
T: 0.196781 Q: -0.0412591
T: 0.297142 Q: -0.0384619
T: 0.385916 Q: 1.08495
T: 0.460406 Q: -0.0145335
T: 0.518349 Q: -0.00945797
T: 0.557985 Q: -0.00786532
T: 0.578108 Q: -0.00736807
T: 0.578108 Q: 1.14296
T: 0.557985 Q: 1.15558
T: 0.518349 Q: -0.0105509
T: 0.460406 Q: -0.0129002
T: 0.385916 Q: -0.0258011
T: 0.297142 Q: -0.0440999
T: 0.196781 Q: -0.0314869
T: 0.0878836 Q: 1.41018
T: -0.0262421 Q: -0.0359912
Sec_Event 20462255 N50: 26
T: 0.485266 Q: 1.19911
T: 0.404191 Q: -0.00717457
T: 0.326829 Q: -0.00840977
T: 0.255533 Q: -0.00903145
T: 0.192467 Q: 2.10767
T: 0.139549 Q: -0.0149644
T: 0.0983862 Q: -0.0181552
T: 0.070229 Q: -0.0190202
T: 0.0559332 Q: -0.0197516
T: 0.0559332 Q: -0.0308922
T: 0.070229 Q: -0.0234554
T: 0.0983862 Q: -0.0253506
T: 0.139549 Q: -0.036882
T: 0.192467 Q: -0.0346177
T: 0.255533 Q: 1.30813
T: 0.326829 Q: -0.0406361
T: 0.404191 Q: -0.0425783
T: 0.485266 Q: -0.0430886
T: 0.567592 Q: -0.0454966
T: 0.648668 Q: -0.0368864
T: 0.726029 Q: -0.0355128
T: 0.797325 Q: -0.0244865
T: 0.860391 Q: 1.35984
T: 0.913309 Q: 1.05472
T: 0.954472 Q: -0.0155824
T: 0.982629 Q: 1.30598
T: 0.996925 Q: -0.0179079
T: 0.996925 Q: -0.0166863
T: 0.982629 Q: -0.0113398
T: 0.954472 Q: -0.0170563
T: 0.913309 Q: -0.0188377
T: 0.860391 Q: -0.017134
T: 0.797325 Q: -0.0154343
T: 0.726029 Q: -0.0121383
T: 0.648668 Q: -0.0135941
T: 0.567592 Q: 1.23309
Sec_Event 20654089 N50: 27
T: 0.0191807 Q: -0.00602099
T: -0.0950632 Q: -0.00449452
T: -0.204074 Q: -0.00435947
T: -0.304538 Q: -0.0079226
T: -0.393404 Q: -0.00957937
T: -0.467971 Q: -0.0118492
T: -0.525975 Q: -0.0139919
T: -0.565651 Q: -0.0210632
T: -0.585795 Q: -0.0248501
T: -0.585795 Q: -0.0247987
T: -0.565651 Q: -0.0279818
T: -0.525975 Q: -0.0366812
T: -0.467971 Q: -0.0355736
T: -0.393404 Q: 1.02965
T: -0.304538 Q: -0.0292621
T: -0.204074 Q: -0.028014
T: -0.0950632 Q: 2.33139
T: 0.0191807 Q: -0.0211656
T: 0.135187 Q: -0.0339353
T: 0.249431 Q: -0.00664772
T: 0.358441 Q: 0.628125
T: 0.458906 Q: -0.00169565
T: 0.547772 Q: -0.00121493
T: 0.622339 Q: -0.00207736
T: 0.720019 Q: 1.04101
T: 0.740163 Q: -0.000749518
T: 0.680342 Q: -0.000984594
T: 0.622339 Q: -0.000346774
T: 0.547772 Q: -0.00106989
T: 0.458906 Q: -0.00172681
T: 0.358441 Q: -0.00268212
T: 0.249431 Q: 0.74777
T: 0.135187 Q: 0.990279
Sec_Event 21954164 N50: 42
T: 0.0797988 Q: 1.2582
T: -0.0330942 Q: 1.06722
T: -0.140816 Q: 1.1134
T: -0.240092 Q: -0.0176715
T: -0.327907 Q: -0.0204999
T: -0.401593 Q: -0.0200534
T: -0.45891 Q: -0.0232408
T: -0.498118 Q: -0.023034
T: -0.518024 Q: -0.0250434
T: -0.518024 Q: 1.04162
T: -0.498118 Q: -0.0212445
T: -0.45891 Q: -0.0221007
T: -0.401593 Q: -0.0155897
T: -0.327907 Q: -0.0187141
T: -0.240092 Q: -0.03127
T: -0.140816 Q: -0.0140301
T: -0.0330942 Q: -0.0137097
T: 0.0797988 Q: 1.56161
T: 0.194433 Q: 1.43204
T: 0.307326 Q: -0.0127642
T: 0.415048 Q: 1.70763
T: 0.514324 Q: -0.00363589
T: 0.602139 Q: -0.00151276
T: 0.675825 Q: 0.960184
T: 0.733142 Q: -0.000946369
T: 0.77235 Q: -0.00106134
T: 0.792256 Q: -0.000820176
T: 0.792256 Q: -0.000788683
T: 0.77235 Q: -0.00168712
T: 0.733142 Q: -0.00122017
T: 0.675825 Q: 0.905609
T: 0.602139 Q: -0.00408952
T: 0.514324 Q: -0.00383769
T: 0.415048 Q: -0.0059905
T: 0.307326 Q: -0.011494
T: 0.194433 Q: -0.0186414
500000/747520
Sec_Event 23846545 N50: 30
T: 0.418941 Q: 1.29864
T: 0.329275 Q: -0.0103083
T: 0.243716 Q: -0.0136482
T: 0.164864 Q: 1.49551
T: 0.0951163 Q: -0.00937929
T: 0.0365906 Q: 1.39962
T: -0.00893427 Q: -0.0307797
T: -0.0400751 Q: -0.0122788
T: -0.0558858 Q: -0.0160368
T: -0.0558858 Q: -0.013505
T: -0.0400751 Q: 1.1068
T: -0.00893427 Q: -0.0195198
T: 0.0365906 Q: -0.0142176
T: 0.0951163 Q: -0.0160964
T: 0.164864 Q: -0.0217043
T: 0.243716 Q: -0.0184252
T: 0.329275 Q: -0.0197785
T: 0.418941 Q: -0.0297822
T: 0.509991 Q: -0.0208044
T: 0.599657 Q: 1.17318
T: 0.685216 Q: -0.0139838
T: 0.764068 Q: -0.00961538
T: 0.833816 Q: 1.00656
T: 0.892342 Q: -0.00514693
T: 0.937866 Q: -0.00510082
T: 0.969007 Q: -0.00513487
T: 0.984818 Q: -0.00470425
T: 0.984818 Q: 1.16862
T: 0.969007 Q: -0.00418974
T: 0.937866 Q: -0.0042338
T: 0.892342 Q: -0.00650394
T: 0.833816 Q: -0.00662252
T: 0.764068 Q: -0.00951849
T: 0.685216 Q: 0.964387
T: 0.599657 Q: -0.00998668
T: 0.509991 Q: -0.00906428
Sec_Event 23955958 N50: 44
T: -0.73273 Q: 1.67738
T: -0.762611 Q: 0.955246
T: -0.791123 Q: -0.0221644
T: -0.817401 Q: 0.730178
T: -0.840644 Q: 1.80727
T: -0.860148 Q: -0.0292952
T: -0.875319 Q: 1.15413
T: -0.885696 Q: 1.21184
T: -0.890965 Q: -0.0286147
T: -0.890965 Q: 1.14832
T: -0.885696 Q: -0.0288594
T: -0.875319 Q: -0.0299987
T: -0.860148 Q: 1.14601
T: -0.840644 Q: -0.0386162
T: -0.817401 Q: -0.0356183
T: -0.791123 Q: -0.0398412
T: -0.762611 Q: 3.49514
T: -0.73273 Q: 1.61005
T: -0.702387 Q: 1.76704
T: -0.672506 Q: 0.879806
T: -0.643994 Q: 2.06332
T: -0.617717 Q: 1.02059
T: -0.594473 Q: 2.05849
T: -0.574969 Q: -0.00163403
T: -0.559798 Q: -0.000518874
T: -0.549421 Q: -0.000689802
T: -0.544152 Q: 2.4437
T: -0.544152 Q: 2.25238
T: -0.549421 Q: -0.000356566
T: -0.559798 Q: -0.00109623
T: -0.574969 Q: -0.001017
T: -0.594473 Q: -0.00209905
T: -0.617717 Q: 0.898173
T: -0.643994 Q: -0.00128819
T: -0.672506 Q: -0.0021183
T: -0.702387 Q: -0.00307785
Sec_Event 24008564 N50: 39
T: -0.390037 Q: 0.781749
T: -0.492325 Q: 0.745943
T: -0.589928 Q: -0.00718808
T: -0.679879 Q: -0.00784014
T: -0.759445 Q: 0.652754
T: -0.82621 Q: 1.1086
T: -0.878143 Q: -0.00722286
T: -0.913667 Q: 1.02446
T: -0.931704 Q: -0.00460298
T: -0.931704 Q: 0.8448
T: -0.913667 Q: 0.98069
T: -0.878143 Q: 0.929181
T: -0.82621 Q: -0.00115744
T: -0.759445 Q: -0.000227026
T: -0.679879 Q: -0.000517037
T: -0.589928 Q: -0.000636449
T: -0.28617 Q: 1.10586
T: -0.0862788 Q: -0.000765092
T: 0.150003 Q: -0.000343751
T: 0.201936 Q: -0.00115478
T: 0.237461 Q: 1.11741
T: 0.255497 Q: 1.13412
T: 0.255497 Q: -0.00168133
T: 0.237461 Q: -0.000600109
T: 0.201936 Q: -0.000830373
T: 0.150003 Q: -0.00389236
T: 0.0832388 Q: -0.000843345
T: 0.00367233 Q: -0.00106028
T: -0.0862788 Q: 0.881762
T: -0.183881 Q: -0.00308885
T: -0.28617 Q: 0.719526
Sec_Event 24008564 N50: 44
T: 0.344936 Q: -0.0033939
T: 0.247578 Q: -0.000563351
T: 0.154681 Q: 1.18311
T: 0.0690667 Q: -0.000549856
T: -0.00666376 Q: -0.000315317
T: -0.0702092 Q: -0.000623288
T: -0.119639 Q: 1.13843
T: -0.170617 Q: -0.000644272
T: -0.170617 Q: -0.000290897
T: -0.153451 Q: -0.000258396
T: -0.119639 Q: -0.000770766
T: -0.0702092 Q: -0.000762387
T: -0.00666376 Q: -0.0011619
T: 0.0690667 Q: -0.000492644
T: 0.154681 Q: -0.00176724
T: 0.247578 Q: -0.00148659
T: 0.344936 Q: -0.00231873
T: 0.443795 Q: -0.0034201
T: 0.541152 Q: -0.00362225
T: 0.634049 Q: -0.00455414
T: 0.719664 Q: -0.00663856
T: 0.795394 Q: -0.00896026
T: 0.858939 Q: -0.0239517
T: 0.908369 Q: -0.0243321
T: 0.942181 Q: -0.0283655
T: 0.959347 Q: -0.0268019
T: 0.959347 Q: -0.0303495
T: 0.942181 Q: -0.0276983
T: 0.908369 Q: 0.750886
T: 0.858939 Q: 0.834488
T: 0.795394 Q: 0.876458
T: 0.719664 Q: -0.00194927
T: 0.634049 Q: 1.08676
T: 0.541152 Q: 1.35537
T: 0.443795 Q: 1.23582
Sec_Event 24162501 N50: 32
T: 0.191554 Q: -0.0168224
T: 0.0831954 Q: 1.15431
T: -0.0201989 Q: -0.0139575
T: -0.115488 Q: -0.019574
T: -0.199776 Q: -0.0200375
T: -0.270501 Q: 0.836917
T: -0.325516 Q: 1.55745
T: -0.363149 Q: 1.07022
T: -0.382255 Q: -0.0131686
T: -0.382255 Q: 0.75153
T: -0.363149 Q: 0.844574
T: -0.325516 Q: -0.0229851
T: -0.270501 Q: -0.0268114
T: -0.199776 Q: -0.0373559
T: -0.115488 Q: -0.0519085
T: -0.0201989 Q: -0.0553516
T: 0.0831954 Q: -0.0395458
T: 0.191554 Q: 1.23382
T: 0.301584 Q: -0.0538819
T: 0.409942 Q: -0.0543862
T: 0.513337 Q: -0.0756847
T: 0.608625 Q: 2.49119
T: 0.692913 Q: -0.126442
T: 0.763639 Q: -0.104218
T: 0.818654 Q: -0.0807497
T: 0.856287 Q: 1.40646
T: 0.875393 Q: -0.0709659
T: 0.875393 Q: 1.18961
T: 0.856287 Q: -0.0672097
T: 0.818654 Q: 1.90423
T: 0.763639 Q: -0.0644833
T: 0.692913 Q: -0.0342246
T: 0.608625 Q: -0.0272108
T: 0.513337 Q: 1.22296
T: 0.409942 Q: 1.2305
T: 0.301584 Q: 1.10437
Sec_Event 24700048 N50: 34
T: 0.232396 Q: 0.929943
T: 0.126391 Q: -0.00497736
T: 0.0252432 Q: -0.00603598
T: -0.0679753 Q: 0.867389
T: -0.150432 Q: -0.00204791
T: -0.219621 Q: -0.00496281
T: -0.273441 Q: -0.00102106
T: -0.310256 Q: -0.00125012
T: -0.328947 Q: -0.000294604
T: -0.328947 Q: -0.000753328
T: -0.310256 Q: -0.000819822
T: -0.273441 Q: -0.000322213
T: -0.219621 Q: 1.09856
T: -0.0679753 Q: -0.000705712
T: 0.126391 Q: -0.000333767
T: 0.232396 Q: -0.000323357
T: 0.340035 Q: -0.000779523
T: 0.547187 Q: -0.000521801
T: 0.640406 Q: -0.000321148
T: 0.722863 Q: -0.000535041
T: 0.792052 Q: 1.00977
T: 0.845872 Q: -0.00383155
T: 0.882686 Q: -0.00524257
T: 0.901378 Q: -0.0161865
T: 0.901378 Q: 0.808157
T: 0.882686 Q: -0.0238991
T: 0.845872 Q: 1.66449
T: 0.792052 Q: -0.0242991
T: 0.722863 Q: 1.05755
T: 0.640406 Q: 1.88485
T: 0.547187 Q: 1.93815
T: 0.446039 Q: -0.0134534
T: 0.340035 Q: -0.00743003
Sec_Event 25972057 N50: 28
T: -0.499868 Q: -0.0315286
T: -0.590844 Q: -0.0332646
T: -0.677653 Q: -0.0334257
T: -0.757656 Q: -0.0268956
T: -0.828424 Q: -0.0196122
T: -0.887804 Q: -0.017931
T: -0.933994 Q: -0.015284
T: -0.96559 Q: -0.0127694
T: -0.981632 Q: -0.0138608
T: -0.981632 Q: -0.0114216
T: -0.96559 Q: -0.0145689
T: -0.933994 Q: 1.20802
T: -0.887804 Q: 1.22086
T: -0.828424 Q: -0.0176706
T: -0.757656 Q: -0.0112013
T: -0.677653 Q: -0.00968437
T: -0.590844 Q: -0.00656261
T: -0.499868 Q: -0.00554872
T: -0.407488 Q: 1.07289
T: -0.316511 Q: -0.00814662
T: -0.229702 Q: -0.00397808
T: -0.149699 Q: -0.00393992
T: -0.0789316 Q: -0.00495369
T: -0.0195509 Q: -0.00712428
T: 0.0266391 Q: -0.0066568
T: 0.058235 Q: -0.00824328
T: 0.0742766 Q: -0.010383
T: 0.0742766 Q: 1.29227
T: 0.058235 Q: 2.58144
T: 0.0266391 Q: 1.526
T: -0.0195509 Q: 1.44727
T: -0.0789316 Q: 1.13196
T: -0.149699 Q: -0.0175808
T: -0.229702 Q: -0.0233882
T: -0.316511 Q: -0.0236434
T: -0.407488 Q: -0.0283104
Sec_Event 25972057 N50: 27
T: 0.461256 Q: 1.10687
T: 0.376859 Q: -0.0109006
T: 0.296329 Q: -0.0162861
T: 0.222111 Q: 1.07078
T: 0.156462 Q: -0.0144365
T: 0.101376 Q: -0.0197352
T: 0.0585264 Q: -0.0175698
T: 0.0292157 Q: -0.0252208
T: 0.0143343 Q: -0.0236862
T: 0.0143343 Q: -0.025342
T: 0.0292157 Q: -0.02852
T: 0.0585264 Q: -0.0325704
T: 0.101376 Q: -0.0302772
T: 0.156462 Q: 1.42404
T: 0.222111 Q: -0.0521993
T: 0.296329 Q: 1.28955
T: 0.376859 Q: -0.0540186
T: 0.461256 Q: 1.23424
T: 0.546955 Q: 1.12422
T: 0.631352 Q: -0.0456531
T: 0.711882 Q: -0.0467944
T: 0.7861 Q: -0.0384904
T: 0.851749 Q: -0.0282326
T: 0.906835 Q: -0.0204731
T: 0.949684 Q: -0.018999
T: 0.978995 Q: -0.0205402
T: 0.993877 Q: -0.0186267
T: 0.993877 Q: -0.0157815
T: 0.978995 Q: -0.0208171
T: 0.949684 Q: -0.024629
T: 0.906835 Q: 0.896005
T: 0.851749 Q: 1.23067
T: 0.7861 Q: -0.0391254
T: 0.711882 Q: 1.213
T: 0.631352 Q: 2.4181
T: 0.546955 Q: -0.0182803
Sec_Event 25972057 N50: 27
T: -0.520823 Q: -0.0260138
T: -0.609027 Q: -0.0262601
T: -0.693191 Q: -0.030329
T: -0.770756 Q: -0.0203758
T: -0.839367 Q: -0.0194123
T: -0.896939 Q: -0.0169691
T: -0.941721 Q: 2.83529
T: -0.972354 Q: 1.31869
T: -0.987907 Q: 2.5482
T: -0.987907 Q: -0.00985688
T: -0.972354 Q: -0.0107036
T: -0.941721 Q: 1.22422
T: -0.896939 Q: -0.0131807
T: -0.839367 Q: -0.0184882
T: -0.770756 Q: -0.0191518
T: -0.693191 Q: -0.0255819
T: -0.609027 Q: -0.0318739
T: -0.520823 Q: 1.22896
T: -0.431257 Q: 1.32155
T: -0.343053 Q: -0.0455752
T: -0.258889 Q: 1.56163
T: -0.181324 Q: -0.0330562
T: -0.112713 Q: -0.0400208
T: -0.0551413 Q: 3.02345
T: -0.0103587 Q: 1.39801
T: 0.0202743 Q: 1.33333
T: 0.0358272 Q: 1.43355
T: 0.0358272 Q: -0.0421711
T: 0.0202743 Q: -0.0317786
T: -0.0103587 Q: -0.0409932
T: -0.0551413 Q: -0.0311189
T: -0.112713 Q: -0.0357016
T: -0.181324 Q: -0.0257532
T: -0.258889 Q: -0.0264255
T: -0.343053 Q: -0.0291149
T: -0.431257 Q: -0.0333701
Sec_Event 25972057 N50: 36
T: 0.338863 Q: 1.34828
T: 0.240951 Q: -0.0033374
T: 0.147524 Q: -0.00312177
T: 0.0614222 Q: -0.00380694
T: -0.0147398 Q: 1.21644
T: -0.0786473 Q: -0.00305789
T: -0.128358 Q: -0.00639725
T: -0.162363 Q: -0.00610248
T: -0.179627 Q: -0.00631423
T: -0.179627 Q: 0.967663
T: -0.162363 Q: -0.00885755
T: -0.128358 Q: -0.0113578
T: -0.0786473 Q: 0.947023
T: -0.0147398 Q: -0.0159908
T: 0.0614222 Q: -0.0152689
T: 0.147524 Q: 0.96797
T: 0.240951 Q: -0.0258287
T: 0.338863 Q: -0.0192815
T: 0.438285 Q: 1.10664
T: 0.536197 Q: -0.0317953
T: 0.629624 Q: -0.0459449
T: 0.715726 Q: -0.0342004
T: 0.791888 Q: 1.03536
T: 0.855795 Q: -0.0220768
T: 0.905507 Q: -0.0209436
T: 0.939511 Q: 1.15694
T: 0.956776 Q: -0.0204526
T: 0.956776 Q: 1.23838
T: 0.939511 Q: -0.0169912
T: 0.905507 Q: -0.0260861
T: 0.855795 Q: -0.0223485
T: 0.791888 Q: -0.0101343
T: 0.715726 Q: 1.11056
T: 0.629624 Q: -0.00529685
T: 0.536197 Q: -0.00828497
T: 0.438285 Q: 1.04052
Sec_Event 25972057 N50: 41
T: -0.0707437 Q: 1.16071
T: -0.185593 Q: -0.0328672
T: -0.295181 Q: -0.0288927
T: -0.396177 Q: -0.0317693
T: -0.485514 Q: 1.08414
T: -0.560476 Q: -0.0268005
T: -0.618787 Q: -0.0307285
T: -0.658673 Q: -0.0230488
T: -0.678924 Q: -0.0247776
T: -0.678924 Q: -0.022652
T: -0.658673 Q: -0.0206308
T: -0.618787 Q: 0.966815
T: -0.560476 Q: -0.0126364
T: -0.485514 Q: -0.00619772
T: -0.396177 Q: -0.00883552
T: -0.295181 Q: 2.17584
T: -0.185593 Q: -0.00383155
T: -0.0707437 Q: -0.00262778
T: 0.0458771 Q: -0.0081472
T: 0.160726 Q: 2.41914
T: 0.270314 Q: -0.00588688
T: 0.371311 Q: -0.00536735
T: 0.460647 Q: -0.00718325
T: 0.53561 Q: 1.01898
T: 0.59392 Q: 0.927269
T: 0.633807 Q: -0.0165385
T: 0.654058 Q: -0.0232848
T: 0.654058 Q: -0.0258252
T: 0.633807 Q: -0.0467383
T: 0.59392 Q: 0.96321
T: 0.53561 Q: 1.04606
T: 0.460647 Q: -0.0367076
T: 0.371311 Q: -0.0286291
T: 0.270314 Q: -0.0357025
T: 0.160726 Q: -0.0237485
T: 0.0458771 Q: 1.14203
Sec_Event 25973582 N50: 36
T: 0.224589 Q: -0.000999587
T: 0.118104 Q: -0.000503969
T: 0.0164979 Q: -0.000504635
T: -0.0771431 Q: -0.000243244
T: -0.159973 Q: -0.000689921
T: -0.229476 Q: 1.17919
T: -0.28354 Q: -0.000286572
T: -0.320522 Q: -0.000611983
T: -0.339298 Q: -0.000691232
T: -0.28354 Q: -0.000588352
T: -0.159973 Q: -0.000641773
T: 0.0164979 Q: 1.20723
T: 0.118104 Q: -0.000330245
T: 0.224589 Q: 1.60702
T: 0.332716 Q: -0.000317219
T: 0.439201 Q: -0.000637075
T: 0.540807 Q: -0.000533901
T: 0.634448 Q: -0.00154526
T: 0.717278 Q: -0.00131691
T: 0.786781 Q: -0.00175544
T: 0.840845 Q: -0.00449875
T: 0.877826 Q: -0.00355273
T: 0.896602 Q: -0.0103236
T: 0.896602 Q: -0.00655939
T: 0.877826 Q: 0.884761
T: 0.840845 Q: 1.81922
T: 0.786781 Q: 1.00248
T: 0.717278 Q: 1.08736
T: 0.634448 Q: 0.891801
T: 0.540807 Q: 2.07448
T: 0.439201 Q: -0.00179297
T: 0.332716 Q: -0.00133943
Sec_Event 26861958 N50: 41
T: -0.412812 Q: -0.0220714
T: -0.513139 Q: -0.0319162
T: -0.608869 Q: -0.0302892
T: -0.697095 Q: -0.0263907
T: -0.775135 Q: -0.0233696
T: -0.840619 Q: 3.36702
T: -0.891556 Q: 1.09826
T: -0.926399 Q: 1.07141
T: -0.944089 Q: -0.0154726
T: -0.944089 Q: -0.0140032
T: -0.926399 Q: -0.0133782
T: -0.891556 Q: -0.00919807
T: -0.840619 Q: -0.00439058
T: -0.775135 Q: -0.00241365
T: -0.697095 Q: 1.01781
T: -0.608869 Q: -0.00274235
T: -0.513139 Q: -0.00160971
T: -0.412812 Q: 1.29214
T: -0.310938 Q: -0.000677832
T: -0.210611 Q: -0.00149218
T: -0.114881 Q: -0.000750397
T: -0.026655 Q: -0.000858864
T: 0.0513852 Q: -0.00168167
T: 0.116869 Q: 0.959872
T: 0.167806 Q: -0.00245798
T: 0.202649 Q: 1.14248
T: 0.220339 Q: 0.945657
T: 0.220339 Q: -0.00421345
T: 0.202649 Q: -0.00733262
T: 0.167806 Q: 0.947575
T: 0.116869 Q: -0.00895308
T: 0.0513852 Q: -0.0129265
T: -0.026655 Q: 3.18843
T: -0.114881 Q: 0.920908
T: -0.210611 Q: 1.0634
T: -0.310938 Q: 0.989785
Sec_Event 27212061 N50: 31
T: -0.0709716 Q: 1.15432
T: -0.18582 Q: 1.06375
T: -0.295407 Q: 0.967921
T: -0.396403 Q: -0.0114742
T: -0.48574 Q: 2.01002
T: -0.560702 Q: -0.0218101
T: -0.619012 Q: -0.0259786
T: -0.658898 Q: -0.04041
T: -0.679149 Q: 2.41776
T: -0.679149 Q: -0.0570117
T: -0.658898 Q: -0.0677816
T: -0.619012 Q: -0.0605249
T: -0.560702 Q: 1.09719
T: -0.48574 Q: -0.0531602
T: -0.396403 Q: 1.11414
T: -0.295407 Q: -0.0486398
T: -0.18582 Q: -0.0540078
T: -0.0709716 Q: -0.0622026
T: 0.0456486 Q: 1.13151
T: 0.160497 Q: -0.0371253
T: 0.270084 Q: 0.773353
T: 0.37108 Q: -0.029835
T: 0.460417 Q: -0.0203848
T: 0.535379 Q: -0.0138347
T: 0.593689 Q: -0.0119759
T: 0.633575 Q: -0.00982173
T: 0.653826 Q: 1.04611
T: 0.653826 Q: 1.96881
T: 0.633575 Q: -0.00767546
T: 0.593689 Q: 1.11065
T: 0.535379 Q: -0.0125399
T: 0.460417 Q: -0.00940595
T: 0.37108 Q: -0.00966968
T: 0.270084 Q: -0.0082564
T: 0.160497 Q: -0.0097349
T: 0.0456486 Q: 2.01991
Sec_Event 28121108 N50: 28
T: 0.0108739 Q: -0.0123968
T: -0.103496 Q: -0.0111824
T: -0.212626 Q: 1.30738
T: -0.313202 Q: -0.0122696
T: -0.402165 Q: 1.327
T: -0.476815 Q: -0.0147
T: -0.534882 Q: -0.0219337
T: -0.574602 Q: -0.0184112
T: -0.594769 Q: -0.0218339
T: -0.594769 Q: -0.022706
T: -0.574602 Q: -0.0224525
T: -0.534882 Q: 1.27654
T: -0.476815 Q: 2.82541
T: -0.402165 Q: -0.0219885
T: -0.313202 Q: -0.0180044
T: -0.212626 Q: -0.019176
T: -0.103496 Q: 1.21921
T: 0.0108739 Q: 1.22639
T: 0.127008 Q: 1.33696
T: 0.241378 Q: 1.53438
T: 0.350508 Q: -0.0177226
T: 0.451083 Q: -0.0187311
T: 0.540047 Q: -0.0139635
T: 0.614697 Q: -0.011791
T: 0.672764 Q: -0.0114493
T: 0.712484 Q: 1.27494
T: 0.732651 Q: -0.00913137
T: 0.732651 Q: 1.49584
T: 0.712484 Q: -0.00905529
T: 0.672764 Q: -0.0122628
T: 0.614697 Q: -0.0113375
T: 0.540047 Q: -0.0157523
T: 0.451083 Q: -0.0133314
T: 0.350508 Q: -0.0122947
T: 0.241378 Q: -0.0112399
T: 0.127008 Q: 1.25287
600000/747520
Sec_Event 28890389 N50: 28
T: 0.0710511 Q: -0.049018
T: -0.0420841 Q: -0.0413372
T: -0.150036 Q: 1.18461
T: -0.249526 Q: -0.0493716
T: -0.337529 Q: 2.81857
T: -0.411373 Q: -0.0574377
T: -0.468813 Q: -0.0619674
T: -0.508105 Q: -0.0518675
T: -0.528054 Q: -0.0463044
T: -0.528054 Q: 1.16923
T: -0.508105 Q: -0.0403025
T: -0.468813 Q: 1.04026
T: -0.411373 Q: 1.00936
T: -0.337529 Q: -0.0172549
T: -0.249526 Q: -0.0124618
T: -0.150036 Q: -0.0133646
T: -0.0420841 Q: -0.014457
T: 0.0710511 Q: 1.01811
T: 0.185932 Q: 0.885216
T: 0.299067 Q: -0.0111242
T: 0.407019 Q: -0.0147993
T: 0.506508 Q: -0.0154343
T: 0.594512 Q: -0.0286489
T: 0.668356 Q: -0.0286374
T: 0.725796 Q: -0.0321615
T: 0.765087 Q: -0.0250989
T: 0.785036 Q: 1.33805
T: 0.785036 Q: -0.029857
T: 0.765087 Q: -0.0272688
T: 0.725796 Q: -0.0278827
T: 0.668356 Q: 0.976421
T: 0.594512 Q: -0.0584714
T: 0.506508 Q: -0.0492399
T: 0.407019 Q: -0.066815
T: 0.299067 Q: -0.0627248
T: 0.185932 Q: -0.0426388
Sec_Event 28987183 N50: 33
T: 0.265329 Q: 1.21885
T: 0.161514 Q: 1.29754
T: 0.062455 Q: -0.0100631
T: -0.0288382 Q: -0.00971585
T: -0.109592 Q: -0.00931086
T: -0.177352 Q: -0.00974763
T: -0.23006 Q: 2.70781
T: -0.266115 Q: 1.44028
T: -0.28442 Q: -0.00781635
T: -0.28442 Q: 2.60086
T: -0.266115 Q: 1.35485
T: -0.23006 Q: -0.00482166
T: -0.177352 Q: 1.56082
T: -0.109592 Q: -0.00400703
T: -0.0288382 Q: -0.00589718
T: 0.062455 Q: -0.00582103
T: 0.161514 Q: -0.00457002
T: 0.265329 Q: 1.4233
T: 0.370745 Q: -0.00892912
T: 0.47456 Q: -0.0120132
T: 0.573619 Q: -0.0127857
T: 0.664912 Q: 1.23184
T: 0.745666 Q: -0.0149597
T: 0.813426 Q: -0.0251183
T: 0.866134 Q: -0.031832
T: 0.902189 Q: -0.0248616
T: 0.920494 Q: -0.0282037
T: 0.920494 Q: -0.0472241
T: 0.902189 Q: -0.0352798
T: 0.866134 Q: 1.63353
T: 0.813426 Q: -0.0355888
T: 0.745666 Q: -0.0371235
T: 0.664912 Q: -0.0253326
T: 0.573619 Q: 1.38962
T: 0.47456 Q: 1.22709
T: 0.370745 Q: 1.23532
Sec_Event 29330121 N50: 43
T: 0.321565 Q: -0.00240791
T: 0.222132 Q: -0.00415879
T: 0.127253 Q: -0.00261875
T: 0.0398128 Q: 0.863724
T: -0.0375328 Q: -0.00404525
T: -0.102433 Q: 0.94216
T: -0.152917 Q: -0.00866114
T: -0.18745 Q: 0.936242
T: -0.204983 Q: 0.969657
T: -0.204983 Q: 1.03163
T: -0.18745 Q: -0.0337461
T: -0.152917 Q: 2.16758
T: -0.102433 Q: -0.0332481
T: -0.0375328 Q: 2.43957
T: 0.0398128 Q: -0.0396643
T: 0.127253 Q: 1.13142
T: 0.222132 Q: -0.0465792
T: 0.321565 Q: 1.18984
T: 0.422533 Q: 1.11823
T: 0.521966 Q: -0.0551181
T: 0.616845 Q: 0.939349
T: 0.704285 Q: -0.0420198
T: 0.781631 Q: -0.0257839
T: 0.846532 Q: -0.0208594
T: 0.897015 Q: 1.06964
T: 0.931548 Q: -0.0153882
T: 0.949081 Q: -0.0157389
T: 0.949081 Q: -0.0148377
T: 0.931548 Q: 1.02417
T: 0.897015 Q: 0.737997
T: 0.846532 Q: -0.0140045
T: 0.781631 Q: -0.00796022
T: 0.704285 Q: 1.7164
T: 0.616845 Q: 0.881076
T: 0.521966 Q: -0.00320448
T: 0.422533 Q: 0.841991
Sec_Event 29330121 N50: 36
T: -0.517532 Q: 1.29926
T: -0.606188 Q: 3.36585
T: -0.690782 Q: -0.0503502
T: -0.768744 Q: -0.0354679
T: -0.837705 Q: -0.0247368
T: -0.895571 Q: -0.0220379
T: -0.940583 Q: -0.0177767
T: -0.971372 Q: -0.0175963
T: -0.987005 Q: 2.52438
T: -0.987005 Q: -0.0159924
T: -0.971372 Q: 1.15522
T: -0.940583 Q: -0.0198244
T: -0.895571 Q: 1.7534
T: -0.837705 Q: 0.860484
T: -0.768744 Q: -0.0156849
T: -0.690782 Q: -0.0139837
T: -0.606188 Q: -0.0108898
T: -0.517532 Q: -0.00989455
T: -0.427509 Q: -0.0122333
T: -0.338854 Q: -0.00893493
T: -0.25426 Q: 0.952937
T: -0.176297 Q: -0.0119324
T: -0.107336 Q: -0.0212096
T: -0.0494699 Q: -0.026613
T: -0.00445838 Q: -0.0255373
T: 0.0263313 Q: 2.55258
T: 0.0419637 Q: 1.12764
T: 0.0419637 Q: -0.0315615
T: 0.0263313 Q: -0.0414508
T: -0.00445838 Q: -0.0435727
T: -0.0494699 Q: 1.20687
T: -0.107336 Q: -0.0536516
T: -0.176297 Q: 1.39479
T: -0.25426 Q: -0.0625343
T: -0.338854 Q: 1.13839
T: -0.427509 Q: -0.049827
Sec_Event 29421520 N50: 26
T: -0.522672 Q: 1.09071
T: -0.610621 Q: -0.0109336
T: -0.69454 Q: -0.014755
T: -0.77188 Q: -0.0214015
T: -0.840292 Q: -0.0316592
T: -0.897696 Q: 0.761552
T: -0.942349 Q: -0.0288674
T: -0.972893 Q: 1.04056
T: -0.9884 Q: -0.0256544
T: -0.9884 Q: -0.0284458
T: -0.972893 Q: -0.0258373
T: -0.942349 Q: -0.0285224
T: -0.897696 Q: 1.03406
T: -0.840292 Q: -0.0366372
T: -0.77188 Q: -0.0478709
T: -0.69454 Q: 1.03479
T: -0.610621 Q: 1.10779
T: -0.522672 Q: -0.0517833
T: -0.433367 Q: -0.0385143
T: -0.345419 Q: -0.0413837
T: -0.2615 Q: -0.0375292
T: -0.184159 Q: -0.029818
T: -0.115748 Q: -0.0359012
T: -0.0583434 Q: 1.02206
T: -0.0136909 Q: -0.0378498
T: 0.0168533 Q: -0.0271865
T: 0.0323609 Q: -0.0218422
T: 0.0323609 Q: -0.0335333
T: 0.0168533 Q: 1.00813
T: -0.0136909 Q: -0.0207062
T: -0.0583434 Q: -0.0140168
T: -0.115748 Q: -0.0114885
T: -0.184159 Q: -0.00901849
T: -0.2615 Q: 2.31145
T: -0.345419 Q: 1.22451
T: -0.433367 Q: -0.0133094
Sec_Event 29952533 N50: 31
T: -0.588783 Q: -0.00456299
T: -0.666111 Q: -0.00537836
T: -0.739896 Q: 0.778391
T: -0.807897 Q: -0.0151635
T: -0.868048 Q: 0.721426
T: -0.91852 Q: -0.0336692
T: -0.95778 Q: 1.21581
T: -0.984636 Q: -0.0351983
T: -0.998271 Q: 1.21963
T: -0.998271 Q: 0.845199
T: -0.984636 Q: -0.0354841
T: -0.95778 Q: -0.0341553
T: -0.91852 Q: 0.895136
T: -0.868048 Q: 1.63377
T: -0.807897 Q: -0.0125679
T: -0.739896 Q: -0.00437426
T: -0.666111 Q: -0.00599895
T: -0.588783 Q: 1.9462
T: -0.510262 Q: -0.00367051
T: -0.432934 Q: -0.00216599
T: -0.359149 Q: 1.99367
T: -0.291148 Q: -0.000719458
T: -0.230998 Q: -0.00126134
T: -0.180526 Q: 1.00521
T: -0.141265 Q: -0.00137741
T: -0.11441 Q: -0.00264952
T: -0.100775 Q: -0.00101859
T: -0.100775 Q: -0.000355454
T: -0.11441 Q: -0.000708176
T: -0.141265 Q: -0.000845883
T: -0.180526 Q: -0.000640616
T: -0.230998 Q: -0.00304322
T: -0.291148 Q: -0.00126536
T: -0.359149 Q: -0.000977874
T: -0.432934 Q: -0.00316442
T: -0.510262 Q: -0.00338938
Sec_Event 30604336 N50: 25
T: -0.362996 Q: -0.00286269
T: -0.46739 Q: -0.00248338
T: -0.567002 Q: -0.00426647
T: -0.658805 Q: -0.00351164
T: -0.74001 Q: 1.05989
T: -0.808148 Q: -0.0126135
T: -0.861151 Q: -0.0150213
T: -0.897407 Q: -0.0330024
T: -0.915814 Q: -0.0550409
T: -0.915814 Q: -0.0419509
T: -0.897407 Q: -0.0465424
T: -0.861151 Q: -0.0479934
T: -0.808148 Q: -0.0323427
T: -0.74001 Q: 1.21638
T: -0.658805 Q: -0.0247335
T: -0.567002 Q: -0.015961
T: -0.46739 Q: -0.0115974
T: -0.362996 Q: -0.00852266
T: -0.256991 Q: 1.08472
T: -0.152597 Q: 1.21613
T: -0.0529845 Q: -0.00847802
T: 0.0388185 Q: -0.00542951
T: 0.120023 Q: -0.0031032
T: 0.188162 Q: -0.00377395
T: 0.241164 Q: -0.00252357
T: 0.27742 Q: -0.00298721
T: 0.295827 Q: -0.00216579
T: 0.295827 Q: -0.00293823
T: 0.27742 Q: 1.60061
T: 0.241164 Q: -0.00128164
T: 0.188162 Q: -0.00144202
T: 0.120023 Q: -0.00147864
T: 0.0388185 Q: 1.12137
T: -0.0529845 Q: -0.00408187
T: -0.152597 Q: -0.00210082
T: -0.256991 Q: -0.00453033
Sec_Event 31343074 N50: 32
T: 0.239641 Q: -0.00458007
T: 0.134095 Q: 1.30685
T: 0.0333853 Q: -0.00214073
T: -0.0594298 Q: 1.05419
T: -0.141529 Q: -0.00165083
T: -0.210419 Q: 1.48398
T: -0.264006 Q: 3.44168
T: -0.300662 Q: -0.00299455
T: -0.319272 Q: -0.00142659
T: -0.319272 Q: -0.00116251
T: -0.300662 Q: -0.00107453
T: -0.264006 Q: -0.00157205
T: -0.210419 Q: 1.16572
T: -0.141529 Q: 1.45004
T: -0.0594298 Q: -0.00271324
T: 0.0333853 Q: -0.00124643
T: 0.134095 Q: -0.000849887
T: 0.239641 Q: -0.000889596
T: 0.346814 Q: -0.00354488
T: 0.45236 Q: -0.00147068
T: 0.55307 Q: -0.00160648
T: 0.645885 Q: -0.00573988
T: 0.727985 Q: 1.31426
T: 0.796875 Q: -0.00222112
T: 0.850461 Q: -0.00348134
T: 0.887117 Q: -0.00253045
T: 0.905727 Q: 2.39812
T: 0.905727 Q: 1.16433
T: 0.887117 Q: -0.00235879
T: 0.850461 Q: 2.34336
T: 0.796875 Q: 1.56661
T: 0.727985 Q: 1.12938
T: 0.645885 Q: 1.28106
T: 0.55307 Q: 0.974036
T: 0.45236 Q: -0.00497408
T: 0.346814 Q: -0.00603774
Sec_Event 31624655 N50: 44
T: -0.362284 Q: 1.52882
T: -0.466731 Q: -0.033028
T: -0.566393 Q: -0.0319972
T: -0.658242 Q: -0.0372876
T: -0.739487 Q: 2.55642
T: -0.80766 Q: -0.021407
T: -0.860689 Q: -0.0172327
T: -0.896963 Q: -0.0174572
T: -0.91538 Q: -0.015303
T: -0.91538 Q: 1.54546
T: -0.896963 Q: -0.0140006
T: -0.860689 Q: 1.0875
T: -0.80766 Q: 2.5389
T: -0.739487 Q: -0.00798646
T: -0.658242 Q: -0.00871935
T: -0.566393 Q: 2.93626
T: -0.466731 Q: 2.86586
T: -0.362284 Q: -0.00275831
T: -0.256226 Q: 4.36426
T: -0.15178 Q: 1.288
T: -0.0521177 Q: 1.18922
T: 0.0397313 Q: -0.00297875
T: 0.120976 Q: -0.00225032
T: 0.189149 Q: -0.00360857
T: 0.242178 Q: -0.00315479
T: 0.278452 Q: 1.63697
T: 0.296869 Q: 1.15224
T: 0.296869 Q: -0.00707352
T: 0.278452 Q: 2.71611
T: 0.242178 Q: -0.00806022
T: 0.189149 Q: -0.0135624
T: 0.120976 Q: 1.22378
T: 0.0397313 Q: -0.015682
T: -0.0521177 Q: 3.81396
T: -0.15178 Q: 1.29273
T: -0.256226 Q: 1.28992
Sec_Event 31624655 N50: 34
T: -0.630632 Q: -0.0297055
T: -0.699291 Q: -0.0251456
T: -0.764805 Q: -0.0186398
T: -0.825183 Q: -0.0150931
T: -0.878591 Q: -0.0121957
T: -0.923405 Q: -0.010631
T: -0.958264 Q: -0.0126553
T: -0.982109 Q: 1.21192
T: -0.994216 Q: -0.00811646
T: -0.994216 Q: 1.21316
T: -0.982109 Q: -0.00943257
T: -0.958264 Q: -0.00776959
T: -0.923405 Q: -0.00874247
T: -0.878591 Q: -0.0112907
T: -0.825183 Q: 1.18154
T: -0.764805 Q: -0.0171084
T: -0.699291 Q: 1.25957
T: -0.630632 Q: 1.23602
T: -0.560914 Q: -0.0221414
T: -0.492254 Q: -0.0308492
T: -0.42674 Q: 1.22915
T: -0.366363 Q: -0.0314391
T: -0.312955 Q: -0.0400395
T: -0.268141 Q: -0.0313525
T: -0.233282 Q: -0.0326156
T: -0.209437 Q: 1.62617
T: -0.19733 Q: -0.037124
T: -0.19733 Q: -0.0424568
T: -0.209437 Q: -0.0361272
T: -0.233282 Q: -0.0485133
T: -0.268141 Q: -0.0484239
T: -0.312955 Q: -0.0516109
T: -0.366363 Q: 1.65308
T: -0.42674 Q: -0.0433976
T: -0.492254 Q: -0.0386372
T: -0.560914 Q: -0.0332247
Sec_Event 31817582 N50: 40
T: -0.500462 Q: 3.0046
T: -0.591363 Q: 1.18445
T: -0.6781 Q: -0.00098368
T: -0.758037 Q: -0.00197643
T: -0.828745 Q: 0.850852
T: -0.888077 Q: -0.00385129
T: -0.934229 Q: -0.00435217
T: -0.965798 Q: -0.00328829
T: -0.981827 Q: -0.00374598
T: -0.981827 Q: 1.11808
T: -0.965798 Q: -0.00233108
T: -0.934229 Q: -0.00721766
T: -0.888077 Q: -0.0101113
T: -0.828745 Q: -0.0053254
T: -0.758037 Q: -0.00905901
T: -0.6781 Q: -0.0107297
T: -0.591363 Q: -0.0153491
T: -0.500462 Q: -0.0262142
T: -0.408159 Q: -0.0296891
T: -0.317258 Q: 1.05977
T: -0.230521 Q: 1.10165
T: -0.150584 Q: -0.0183075
T: -0.0798752 Q: -0.014291
T: -0.0205437 Q: 0.995532
T: 0.025608 Q: -0.0103294
T: 0.0571776 Q: 0.907861
T: 0.0732059 Q: -0.00714689
T: 0.0732059 Q: -0.00623763
T: 0.0571776 Q: -0.00193999
T: 0.025608 Q: -0.00308489
T: -0.0205437 Q: -0.00100387
T: -0.0798752 Q: -0.00176792
T: -0.150584 Q: -0.00132398
T: -0.230521 Q: 1.03801
T: -0.317258 Q: 1.89663
T: -0.408159 Q: -0.0029504
Sec_Event 32026214 N50: 28
T: 0.0209949 Q: -0.0084414
T: -0.0932196 Q: -0.00975298
T: -0.202202 Q: -0.00897287
T: -0.30264 Q: -0.00885763
T: -0.391484 Q: 0.928958
T: -0.466032 Q: -0.00407256
T: -0.52402 Q: -0.00376478
T: -0.563686 Q: -0.00182752
T: -0.583826 Q: 0.862867
T: -0.583826 Q: -0.00121922
T: -0.563686 Q: -0.00193711
T: -0.52402 Q: -0.000868116
T: -0.466032 Q: -0.000279893
T: -0.391484 Q: -0.000341115
T: -0.30264 Q: -0.000331649
T: -0.0932196 Q: 1.15705
T: 0.136971 Q: -0.000453312
T: 0.360168 Q: 1.50051
T: 0.460607 Q: 1.48644
T: 0.54945 Q: -0.000606587
T: 0.623998 Q: 1.24022
T: 0.681987 Q: 2.17891
T: 0.721653 Q: 0.865965
T: 0.741792 Q: -0.0021751
T: 0.741792 Q: -0.00306343
T: 0.721653 Q: -0.00741335
T: 0.681987 Q: -0.0101887
T: 0.623998 Q: -0.0103603
T: 0.54945 Q: 0.794864
T: 0.460607 Q: -0.00811955
T: 0.360168 Q: -0.00972106
T: 0.251186 Q: -0.00976881
T: 0.136971 Q: -0.00936469
Sec_Event 32097794 N50: 44
T: 0.194374 Q: -0.0243753
T: 0.0861659 Q: -0.0256373
T: -0.0170852 Q: 1.06992
T: -0.112242 Q: -0.0278914
T: -0.196413 Q: 1.03218
T: -0.267041 Q: -0.0370059
T: -0.32198 Q: 1.02397
T: -0.35956 Q: 0.7182
T: -0.37864 Q: -0.033091
T: -0.37864 Q: 2.52373
T: -0.35956 Q: -0.0442468
T: -0.32198 Q: -0.0447106
T: -0.267041 Q: -0.0516222
T: -0.196413 Q: -0.0484227
T: -0.112242 Q: -0.0478021
T: -0.0170852 Q: -0.0446245
T: 0.0861659 Q: -0.0415093
T: 0.194374 Q: -0.0513124
T: 0.304252 Q: 1.36005
T: 0.41246 Q: -0.0619772
T: 0.515711 Q: 1.37263
T: 0.610868 Q: 1.22937
T: 0.695039 Q: 1.20071
T: 0.765667 Q: 1.10232
T: 0.820606 Q: 1.44091
T: 0.858186 Q: 1.40822
T: 0.877266 Q: -0.0595963
T: 0.877266 Q: 1.15807
T: 0.858186 Q: -0.0529066
T: 0.820606 Q: 1.4272
T: 0.765667 Q: -0.0898103
T: 0.695039 Q: 2.37092
T: 0.610868 Q: -0.0436624
T: 0.515711 Q: -0.0295847
T: 0.41246 Q: 1.02129
T: 0.304252 Q: -0.0285988
Sec_Event 32345226 N50: 36
T: -0.359198 Q: -0.0170556
T: -0.46387 Q: 1.13908
T: -0.563746 Q: -0.0202309
T: -0.655793 Q: -0.0406985
T: -0.737213 Q: -0.0359901
T: -0.805533 Q: -0.0337255
T: -0.858676 Q: -0.0393068
T: -0.895028 Q: 1.22485
T: -0.913485 Q: 2.54024
T: -0.913485 Q: 2.27386
T: -0.895028 Q: -0.0282435
T: -0.858676 Q: -0.0323952
T: -0.805533 Q: -0.0398316
T: -0.737213 Q: -0.051005
T: -0.655793 Q: 4.11633
T: -0.563746 Q: -0.0454966
T: -0.46387 Q: -0.0309727
T: -0.359198 Q: -0.0400559
T: -0.252912 Q: 1.26524
T: -0.14824 Q: -0.0285634
T: -0.0483632 Q: 1.294
T: 0.0436836 Q: -0.0230275
T: 0.125104 Q: -0.0335611
T: 0.193423 Q: 1.16504
T: 0.246567 Q: 1.20991
T: 0.282919 Q: 1.3601
T: 0.301375 Q: -0.0394738
T: 0.301375 Q: -0.0268357
T: 0.282919 Q: 1.4277
T: 0.246567 Q: 1.10753
T: 0.193423 Q: 2.57741
T: 0.125104 Q: -0.0192613
T: 0.0436836 Q: 1.19538
T: -0.0483632 Q: -0.0157444
T: -0.14824 Q: -0.0136774
T: -0.252912 Q: -0.0134245
Sec_Event 32916170 N50: 26
T: 0.681768 Q: 1.203
T: 0.643682 Q: -0.0295876
T: 0.607341 Q: -0.0237733
T: 0.573848 Q: -0.0202935
T: 0.544223 Q: -0.016427
T: 0.519364 Q: -0.0193571
T: 0.500027 Q: -0.0169189
T: 0.4868 Q: -0.0137265
T: 0.480084 Q: -0.0152203
T: 0.480084 Q: -0.0181871
T: 0.4868 Q: -0.0211603
T: 0.500027 Q: -0.0171104
T: 0.519364 Q: -0.018934
T: 0.544223 Q: -0.0191042
T: 0.573848 Q: 1.16006
T: 0.607341 Q: -0.0255549
T: 0.643682 Q: 1.14573
T: 0.681768 Q: -0.0352725
T: 0.720442 Q: -0.0383654
T: 0.758528 Q: -0.055134
T: 0.794869 Q: -0.0621489
T: 0.828362 Q: 0.96994
T: 0.857987 Q: 2.24843
T: 0.882846 Q: -0.0665748
T: 0.902183 Q: -0.0587631
T: 0.91541 Q: -0.0660147
T: 0.922126 Q: -0.0602878
T: 0.922126 Q: -0.0652052
T: 0.91541 Q: -0.0643138
T: 0.902183 Q: -0.0725515
T: 0.882846 Q: 1.25023
T: 0.857987 Q: -0.0843708
T: 0.828362 Q: 2.46831
T: 0.794869 Q: -0.0580959
T: 0.758528 Q: -0.0431335
T: 0.720442 Q: 1.36531
700000/747520
Sec_Event 33261936 N50: 31
T: -0.745427 Q: -0.0198308
T: -0.754696 Q: 2.031
T: -0.76354 Q: -0.0210693
T: -0.77169 Q: -0.0217017
T: -0.7789 Q: -0.0171026
T: -0.78495 Q: -0.0159985
T: -0.789656 Q: -0.0211696
T: -0.792875 Q: 0.925273
T: -0.794509 Q: -0.0193954
T: -0.794509 Q: -0.0234571
T: -0.792875 Q: -0.0262076
T: -0.789656 Q: 2.64887
T: -0.78495 Q: -0.0312185
T: -0.7789 Q: -0.0353087
T: -0.77169 Q: -0.0434028
T: -0.76354 Q: -0.0438897
T: -0.754696 Q: -0.0383991
T: -0.745427 Q: 1.08519
T: -0.736016 Q: 1.13951
T: -0.726747 Q: -0.0466205
T: -0.717903 Q: -0.0438681
T: -0.709753 Q: 2.53869
T: -0.702543 Q: -0.0559202
T: -0.696493 Q: -0.0511401
T: -0.691788 Q: 1.2532
T: -0.688569 Q: -0.0449563
T: -0.686934 Q: -0.0397199
T: -0.686934 Q: -0.0449274
T: -0.688569 Q: -0.0424821
T: -0.691788 Q: 1.23714
T: -0.696493 Q: -0.0349591
T: -0.702543 Q: -0.0323
T: -0.709753 Q: -0.0274704
T: -0.717903 Q: -0.0277963
T: -0.726747 Q: -0.024435
T: -0.736016 Q: -0.021519
Sec_Event 33341730 N50: 37
T: -0.47962 Q: 0.907143
T: -0.573064 Q: -0.00334548
T: -0.662227 Q: -0.00165662
T: -0.7444 Q: -0.00168598
T: -0.817087 Q: -0.00142956
T: -0.878078 Q: -0.000705165
T: -0.925521 Q: 1.03026
T: -0.957973 Q: -0.0025875
T: -0.97445 Q: -0.000854317
T: -0.97445 Q: -0.000486385
T: -0.957973 Q: 1.74425
T: -0.925521 Q: -0.000678597
T: -0.878078 Q: -0.000640065
T: -0.817087 Q: 0.959381
T: -0.7444 Q: -0.00107549
T: -0.662227 Q: -0.00134403
T: -0.573064 Q: -0.00134516
T: -0.47962 Q: -0.00107758
T: -0.384735 Q: 0.982887
T: -0.291291 Q: 1.4708
T: -0.202128 Q: 1.18981
T: -0.119955 Q: -0.00133939
T: -0.0472687 Q: -0.00321017
T: 0.0137225 Q: -0.00261762
T: 0.0611652 Q: -0.00203858
T: 0.0936179 Q: -0.00213267
T: 0.110095 Q: -0.0063773
T: 0.110095 Q: 2.21162
T: 0.0936179 Q: 1.28531
T: 0.0611652 Q: -0.00774028
T: 0.0137225 Q: 1.02237
T: -0.0472687 Q: -0.0120537
T: -0.119955 Q: -0.0193216
T: -0.202128 Q: 0.718211
T: -0.291291 Q: -0.0201235
T: -0.384735 Q: 0.818081
Sec_Event 33824338 N50: 42
T: 0.00745765 Q: -0.00582125
T: -0.10696 Q: -0.00791578
T: -0.216136 Q: 1.12226
T: -0.316753 Q: 1.2568
T: -0.405754 Q: 3.7815
T: -0.480434 Q: -0.00780724
T: -0.538526 Q: -0.00749586
T: -0.578262 Q: -0.00653844
T: -0.598437 Q: -0.00704291
T: -0.598437 Q: 1.07206
T: -0.578262 Q: -0.00645031
T: -0.538526 Q: 1.36304
T: -0.480434 Q: -0.0101837
T: -0.405754 Q: -0.00375838
T: -0.316753 Q: 2.41523
T: -0.216136 Q: 2.31751
T: -0.10696 Q: -0.00330536
T: 0.00745765 Q: 1.21355
T: 0.12364 Q: -0.00189357
T: 0.238058 Q: 1.24352
T: 0.347234 Q: -0.00327431
T: 0.447851 Q: 1.32329
T: 0.536852 Q: 0.99788
T: 0.611532 Q: -0.00617963
T: 0.669624 Q: 3.61319
T: 0.70936 Q: 2.94661
T: 0.729535 Q: 1.01234
T: 0.729535 Q: 1.87306
T: 0.70936 Q: 1.18998
T: 0.669624 Q: 1.1448
T: 0.611532 Q: -0.0186003
T: 0.536852 Q: 1.04752
T: 0.447851 Q: -0.0137312
T: 0.347234 Q: 1.11305
T: 0.238058 Q: 1.04169
T: 0.12364 Q: -0.00958986
Sec_Event 34923042 N50: 28
T: 0.0374662 Q: -0.0108532
T: -0.0764505 Q: -0.0138433
T: -0.185149 Q: -0.0170396
T: -0.285325 Q: -0.0161342
T: -0.373937 Q: -0.0165622
T: -0.44829 Q: -0.0311622
T: -0.506128 Q: 1.30771
T: -0.54569 Q: -0.0485447
T: -0.565777 Q: -0.0606087
T: -0.565777 Q: 1.18635
T: -0.54569 Q: -0.0820722
T: -0.506128 Q: -0.0764148
T: -0.44829 Q: 2.88006
T: -0.373937 Q: -0.0597747
T: -0.285325 Q: 1.13142
T: -0.185149 Q: 1.2771
T: -0.0764505 Q: 1.22802
T: 0.0374662 Q: -0.0568934
T: 0.15314 Q: 0.714627
T: 0.267057 Q: 1.53196
T: 0.375755 Q: -0.0121185
T: 0.475932 Q: -0.00769617
T: 0.564543 Q: 0.860814
T: 0.638897 Q: 1.13985
T: 0.696734 Q: -0.00504151
T: 0.736297 Q: -0.00158544
T: 0.756383 Q: -0.00254025
T: 0.756383 Q: 1.11076
T: 0.736297 Q: -0.00204349
T: 0.696734 Q: -0.00360352
T: 0.638897 Q: 1.00085
T: 0.564543 Q: -0.00467507
T: 0.475932 Q: 0.98357
T: 0.375755 Q: -0.010528
T: 0.267057 Q: 1.32644
T: 0.15314 Q: 0.993897
Sec_Event 35149465 N50: 35
T: -0.665659 Q: -0.00199758
T: -0.725224 Q: 0.996062
T: -0.782061 Q: -0.00154399
T: -0.834441 Q: 0.885028
T: -0.880775 Q: 1.03461
T: -0.919653 Q: -0.00121161
T: -0.949895 Q: -0.00231703
T: -0.970582 Q: -0.0017981
T: -0.981085 Q: -0.00110916
T: -0.981085 Q: 1.01296
T: -0.970582 Q: -0.00295013
T: -0.949895 Q: -0.00308961
T: -0.919653 Q: -0.00218603
T: -0.880775 Q: -0.00372155
T: -0.834441 Q: 1.00421
T: -0.782061 Q: -0.00379036
T: -0.725224 Q: 1.08702
T: -0.665659 Q: -0.00487185
T: -0.605175 Q: 1.00705
T: -0.54561 Q: -0.0108169
T: -0.488774 Q: -0.0192811
T: -0.436393 Q: -0.0222306
T: -0.39006 Q: 0.821514
T: -0.351182 Q: 0.950635
T: -0.32094 Q: -0.0147171
T: -0.300253 Q: -0.0124285
T: -0.28975 Q: 1.0323
T: -0.28975 Q: -0.00868459
T: -0.300253 Q: -0.00690776
T: -0.32094 Q: -0.00413208
T: -0.351182 Q: 0.952719
T: -0.39006 Q: 1.18255
T: -0.436393 Q: -0.0017418
T: -0.488774 Q: 0.978802
T: -0.54561 Q: 0.952845
T: -0.605175 Q: -0.00267247

gestpm: TOTAL NUMBER PMT: WALL; TOP; BOTTOM; ALL  7650  1748  1748 11146
 *****************************
 * This is for SK-VI map      *
 *****************************
 findconsts: connection table file: /home/licheng/local/skofl/const//connection.super.dat
gexyz: PMT # FOR EACH SECTION       1  7650  7651  9398  9399 11146
gexyz: maxpm,nlwal     11146      7650
 findconsts: connection table1 file: /home/licheng/local/skofl/const//connection.super.dat
 findconsts: connection table2 file: /home/licheng/local/skofl/const//connection.super.sk-5.dat
 findfile: checking /home/licheng/local/skofl/const//misch3.dat
 findfile: found /home/licheng/local/skofl/const//misch3.dat
 findconsts: mis channel file: /home/licheng/local/skofl/const//misch3.dat
 findfile: checking /home/licheng/local/skofl/const//skpmt_sk5.dat
 findfile: found /home/licheng/local/skofl/const//skpmt_sk5.dat
 findconsts: pmt file: /home/licheng/local/skofl/const//skpmt_sk5.dat
gestpma: TOTAL NUMBER anti PMT: WALL; TOP; BOTTOM; ALL  1275   302   308  1885
gexyza: anti PMT # FOR EACH SECTION       1  1275  1276  1577  1578  1885
 maxpma,nlwala      1885      1275
 skbadch: log_level =            0
 findconsts: badch.090432 file: /home/licheng/local/skofl/const//badch/badch.090432
 findconsts: bad channel file: /home/licheng/local/skofl/const//badch.dat
 findconsts: badch.090432 file: /home/licheng/local/skofl/const//badch/badch.090432
 skdark: log_level =            0
 findconsts: darkr.090432.root file: /home/licheng/local/skofl/const//darkr/darkr.090432.root
 findconsts: badsub SK-I 1 file: /home/licheng/local/skofl/const//lowe/badsub.sk.r1742-3051.r3208-3608
 nbad 1 =         1851
 findconsts: badsub SK-I 2 file: /home/licheng/local/skofl/const//lowe/badsub.sk.realtim
 nbad 2 =        17511
 findconsts: badsub SK-I 3 file: /home/licheng/local/skofl/const//lowe/badsub.sk.manual.1260day
 nbad 3 =        21939
 findconsts: badsub SK-I 4 file: /home/licheng/local/skofl/const//lowe/badsub.sk.sle.1260day
 nbad 4 =        28004
 findconsts: badsub SK-I 5 file: /home/licheng/local/skofl/const//lowe/badsub.sk.manual
 nbad 5 =        28105
 findconsts: badsub SK-I 6 file: /home/licheng/local/skofl/const//lowe/badsub.sk.sle
 nbad 6 =        28105
 findconsts: badsub SK-II 1 file: /home/licheng/local/skofl/const//lowe/badsub.sk2.manual
 nbad_sk2 SK-II 1 =        27759
 findconsts: badsub SK-III 1 file: /home/licheng/local/skofl/const//lowe/badsub.sk3.manual
 nbad_sk3 SK-III 1 =         4149
 findconsts: badsub SK-IV file: /home/licheng/local/skofl/const//lowe/badsub.sk4.manual
 nbad_sk4 SK-IV =        66921
 read local badsub.sk5.manual.local
 nbad_sk5 SK-V =         2595
 read local badsub.sk6.manual.local
 nbad_sk6 SK-VI (Gd) =         7717
 findconsts: skcoverage_barrel file: /home/licheng/local/skofl/const//lowe/skcov_b_p3.dat
 findconsts: nearest neighbor file: /home/licheng/local/skofl/const//neighb.dat
 neighbsk: reading neighbor file /home/licheng/local/skofl/const//neighb.dat
 findconsts: skcoverage_sk4_final file: /home/licheng/local/skofl/const//lowe/skcov_c_p3.dat
