Output file: output/wt_090465.root input file:/disk03/lowe10/sk7/sle/lomugd.090465.root
 Id of this manager : 10
InitReadRoot: total = 536733
RUNINFO found in the rare list
SK geometry setting: 6
***** Dummy rgetvalue was called. (Remote File Access is not supported) *****
==========WT:========== 13437.3 13815.7 12535.3
0/536733
Sec_Event 45291 N50: 30
T: -0.167066 Q: -0.00214094
T: -0.28068 Q: -0.00238784
T: -0.389089 Q: 0.909725
T: -0.489 Q: 1.0539
T: -0.577376 Q: -0.00640496
T: -0.651532 Q: -0.00367472
T: -0.709216 Q: -0.00657621
T: -0.748674 Q: -0.0137689
T: -0.768707 Q: -0.0283013
T: -0.768707 Q: -0.0265665
T: -0.748674 Q: -0.0356057
T: -0.709216 Q: 0.85443
T: -0.651532 Q: 1.20099
T: -0.577376 Q: -0.0480056
T: -0.489 Q: 1.04046
T: -0.389089 Q: 1.0787
T: -0.28068 Q: -0.0345772
T: -0.167066 Q: -0.0315838
T: -0.0516993 Q: -0.0326153
T: 0.0619148 Q: -0.0274743
T: 0.170324 Q: -0.0404958
T: 0.270235 Q: -0.0257217
T: 0.358611 Q: -0.0258396
T: 0.432767 Q: -0.0242155
T: 0.490451 Q: -0.0243798
T: 0.529908 Q: -0.0171232
T: 0.549942 Q: -0.0102297
T: 0.549942 Q: -0.0117756
T: 0.529908 Q: -0.0113381
T: 0.490451 Q: 0.764015
T: 0.432767 Q: 0.799345
T: 0.358611 Q: -0.00229688
T: 0.270235 Q: 0.929984
T: 0.170324 Q: -0.00192494
T: 0.0619148 Q: 0.948567
T: -0.0516993 Q: -0.00142462
Sec_Event 514115 N50: 38
T: 0.73371 Q: 0.987107
T: 0.722329 Q: -0.00717083
T: 0.711469 Q: 0.855818
T: 0.701461 Q: 1.02112
T: 0.692608 Q: -0.0136306
T: 0.685179 Q: -0.0328955
T: 0.679401 Q: -0.0213043
T: 0.675449 Q: 0.968002
T: 0.673442 Q: -0.0287131
T: 0.673442 Q: 1.16175
T: 0.675449 Q: -0.0371652
T: 0.679401 Q: 1.3779
T: 0.685179 Q: -0.0372777
T: 0.692608 Q: -0.0396665
T: 0.701461 Q: -0.0536266
T: 0.711469 Q: 1.23208
T: 0.722329 Q: -0.0375441
T: 0.73371 Q: -0.0408317
T: 0.745266 Q: -0.0415051
T: 0.756647 Q: -0.0320897
T: 0.767507 Q: -0.0339719
T: 0.777515 Q: 1.30821
T: 0.786368 Q: -0.0267118
T: 0.793797 Q: -0.0230654
T: 0.799575 Q: -0.0227824
T: 0.803527 Q: 2.2591
T: 0.805534 Q: -0.0173135
T: 0.805534 Q: -0.0129245
T: 0.803527 Q: -0.0101107
T: 0.799575 Q: 1.13206
T: 0.793797 Q: 1.0223
T: 0.786368 Q: -0.0096072
T: 0.777515 Q: -0.0038574
T: 0.767507 Q: -0.00391775
T: 0.756647 Q: 0.987607
T: 0.745266 Q: 1.11426
Sec_Event 1062136 N50: 37
T: 0.342498 Q: -0.0132586
T: 0.244917 Q: 1.08801
T: 0.151806 Q: 1.2951
T: 0.0659945 Q: 1.17085
T: -0.00991019 Q: -0.0226262
T: -0.0736018 Q: -0.0428074
T: -0.123145 Q: 2.31756
T: -0.157035 Q: -0.0337835
T: -0.174241 Q: -0.0295915
T: -0.174241 Q: -0.0375114
T: -0.157035 Q: -0.0385552
T: -0.123145 Q: -0.0326017
T: -0.0736018 Q: -0.0420066
T: -0.00991019 Q: -0.0363714
T: 0.0659945 Q: -0.0375917
T: 0.151806 Q: 5.46567
T: 0.244917 Q: -0.0409564
T: 0.342498 Q: -0.0216286
T: 0.441585 Q: 0.959723
T: 0.539166 Q: -0.0057565
T: 0.632277 Q: -0.00355753
T: 0.718088 Q: -0.00314549
T: 0.793993 Q: -0.00214278
T: 0.857684 Q: 1.08324
T: 0.907228 Q: -0.0024181
T: 0.941117 Q: 2.46058
T: 0.958323 Q: 2.67752
T: 0.958323 Q: -0.00238311
T: 0.941117 Q: -0.00173833
T: 0.907228 Q: 1.08598
T: 0.857684 Q: 2.37199
T: 0.793993 Q: -0.00250016
T: 0.718088 Q: -0.00274973
T: 0.632277 Q: -0.00513016
T: 0.539166 Q: 1.01179
T: 0.441585 Q: 0.87599
Sec_Event 1062136 N50: 46
T: 0.0436149 Q: -0.0109209
T: -0.0701763 Q: -0.0158936
T: -0.178755 Q: -0.014489
T: -0.278821 Q: -0.0124547
T: -0.367335 Q: -0.0248973
T: -0.441606 Q: -0.0234425
T: -0.49938 Q: -0.0358569
T: -0.538899 Q: -0.0377974
T: -0.558963 Q: 2.56026
T: -0.558963 Q: -0.0630716
T: -0.538899 Q: -0.0662129
T: -0.49938 Q: -0.0614798
T: -0.441606 Q: -0.0493251
T: -0.367335 Q: -0.0495571
T: -0.278821 Q: -0.0423717
T: -0.178755 Q: -0.0476684
T: -0.0701763 Q: 1.28644
T: 0.0436149 Q: 1.26847
T: 0.159161 Q: 3.76374
T: 0.272953 Q: 1.70928
T: 0.381531 Q: 1.51778
T: 0.481597 Q: 1.86297
T: 0.570111 Q: 2.23903
T: 0.644383 Q: -0.00649315
T: 0.702156 Q: -0.0038143
T: 0.741675 Q: 2.17987
T: 0.76174 Q: -0.00545128
T: 0.76174 Q: -0.00294197
T: 0.741675 Q: 1.84117
T: 0.702156 Q: -0.00489682
T: 0.644383 Q: -0.00463959
T: 0.570111 Q: -0.00724521
T: 0.481597 Q: 2.02788
T: 0.381531 Q: 1.02312
T: 0.272953 Q: -0.00913712
T: 0.159161 Q: -0.0138575
Sec_Event 1279801 N50: 47
T: 0.155301 Q: -0.00412669
T: 0.0451731 Q: 1.1758
T: -0.0599099 Q: 1.04069
T: -0.156755 Q: -0.00313885
T: -0.242419 Q: -0.00290345
T: -0.3143 Q: 0.991554
T: -0.370214 Q: 1.33568
T: -0.408461 Q: -0.00540562
T: -0.42788 Q: 1.63425
T: -0.42788 Q: 1.24817
T: -0.408461 Q: -0.00476024
T: -0.370214 Q: -0.000875526
T: -0.3143 Q: -0.00125235
T: -0.242419 Q: -0.0014565
T: -0.156755 Q: -0.00479629
T: -0.0599099 Q: -0.000909864
T: 0.0451731 Q: 1.19258
T: 0.155301 Q: -0.00176421
T: 0.267128 Q: 1.06573
T: 0.377256 Q: -0.000861059
T: 0.482339 Q: 1.16148
T: 0.579184 Q: 1.07634
T: 0.664849 Q: -0.00441149
T: 0.73673 Q: 1.07729
T: 0.792643 Q: 1.85965
T: 0.83089 Q: -0.0119117
T: 0.850309 Q: 1.2843
T: 0.850309 Q: 2.35477
T: 0.83089 Q: -0.0167429
T: 0.792643 Q: 0.850999
T: 0.73673 Q: -0.0122234
T: 0.664849 Q: -0.00749264
T: 0.579184 Q: 2.56502
T: 0.482339 Q: -0.00895369
T: 0.377256 Q: -0.00443451
T: 0.267128 Q: -0.0041105
Sec_Event 1279801 N50: 27
T: 0.712498 Q: -0.0667699
T: 0.687427 Q: -0.0757591
T: 0.663505 Q: -0.0837829
T: 0.641458 Q: 1.40703
T: 0.621956 Q: 1.62651
T: 0.605592 Q: 1.25162
T: 0.592863 Q: -0.0798766
T: 0.584156 Q: -0.0833581
T: 0.579735 Q: -0.0741032
T: 0.579735 Q: -0.0677573
T: 0.584156 Q: -0.0761289
T: 0.592863 Q: -0.0580755
T: 0.605592 Q: 1.07002
T: 0.621956 Q: 0.999945
T: 0.641458 Q: -0.0395419
T: 0.663505 Q: 0.923049
T: 0.687427 Q: 1.07746
T: 0.712498 Q: -0.0175216
T: 0.737956 Q: -0.0143889
T: 0.763027 Q: -0.0125495
T: 0.78695 Q: -0.00771102
T: 0.808997 Q: -0.00628764
T: 0.828499 Q: -0.00588863
T: 0.844863 Q: -0.00478504
T: 0.857592 Q: 0.987835
T: 0.866299 Q: -0.00679866
T: 0.870719 Q: -0.00563996
T: 0.870719 Q: -0.0118982
T: 0.866299 Q: -0.0146161
T: 0.857592 Q: -0.0245694
T: 0.844863 Q: 0.881738
T: 0.828499 Q: 0.658398
T: 0.808997 Q: -0.0406689
T: 0.78695 Q: -0.0523837
T: 0.763027 Q: -0.0639947
T: 0.737956 Q: 1.20778
Sec_Event 1494339 N50: 47
T: 0.220005 Q: 1.1415
T: 0.113246 Q: 1.07093
T: 0.0113767 Q: -0.0122109
T: -0.0825063 Q: 0.946212
T: -0.165551 Q: 0.969767
T: -0.235233 Q: 0.989828
T: -0.289437 Q: 1.13696
T: -0.326514 Q: -0.00826909
T: -0.345338 Q: -0.00682059
T: -0.345338 Q: -0.00564399
T: -0.326514 Q: -0.00470216
T: -0.289437 Q: 0.985785
T: -0.235233 Q: -0.00223434
T: -0.165551 Q: -0.00197844
T: -0.0825063 Q: -0.00253248
T: 0.0113767 Q: -0.00713441
T: 0.113246 Q: -0.00386729
T: 0.220005 Q: 1.2992
T: 0.328412 Q: 1.10585
T: 0.435172 Q: -0.00346045
T: 0.537041 Q: 1.30229
T: 0.630924 Q: -0.00338967
T: 0.713968 Q: 2.178
T: 0.783651 Q: -0.00288281
T: 0.837854 Q: -0.00262069
T: 0.874931 Q: 1.42714
T: 0.893756 Q: -0.00470727
T: 0.893756 Q: -0.0056692
T: 0.874931 Q: -0.00280377
T: 0.837854 Q: -0.00733682
T: 0.783651 Q: -0.00631624
T: 0.713968 Q: -0.00559741
T: 0.630924 Q: -0.00703037
T: 0.537041 Q: 1.85005
T: 0.435172 Q: -0.0226447
T: 0.328412 Q: -0.0162835
Sec_Event 1494339 N50: 51
Sec_Event 1494339 N50: 39
T: 0.143393 Q: -0.0383833
T: 0.0327468 Q: 1.46082
T: -0.0728302 Q: 1.19218
T: -0.17013 Q: 1.17331
T: -0.256198 Q: -0.0408526
T: -0.328417 Q: 1.17043
T: -0.384593 Q: -0.047467
T: -0.42302 Q: 1.25443
T: -0.44253 Q: 1.29512
T: -0.44253 Q: 1.10599
T: -0.42302 Q: -0.0266269
T: -0.384593 Q: -0.0259828
T: -0.328417 Q: 0.948239
T: -0.256198 Q: 1.01414
T: -0.17013 Q: 0.979721
T: -0.0728302 Q: -0.00846893
T: 0.0327468 Q: -0.00965121
T: 0.143393 Q: 1.17894
T: 0.255745 Q: 1.11005
T: 0.366391 Q: 1.04381
T: 0.471968 Q: -0.00791374
T: 0.569268 Q: -0.00844052
T: 0.655335 Q: -0.00608954
T: 0.727554 Q: -0.0065443
T: 0.783731 Q: -0.00625569
T: 0.822158 Q: 2.46609
T: 0.841667 Q: -0.00512229
T: 0.841667 Q: -0.00313943
T: 0.822158 Q: 0.976994
T: 0.783731 Q: 1.06905
T: 0.727554 Q: 1.24477
T: 0.655335 Q: -0.0063047
T: 0.569268 Q: -0.00956033
T: 0.471968 Q: -0.0143141
T: 0.366391 Q: -0.0287554
T: 0.255745 Q: -0.0514388
Sec_Event 1494339 N50: 49
T: -0.365019 Q: -0.0232763
T: -0.469264 Q: -0.0227822
T: -0.568733 Q: 3.78476
T: -0.660404 Q: 1.2783
T: -0.741493 Q: -0.0393076
T: -0.809534 Q: -0.0642445
T: -0.86246 Q: -0.0596983
T: -0.898664 Q: -0.0479632
T: -0.917045 Q: -0.0504394
T: -0.917045 Q: -0.0507037
T: -0.898664 Q: -0.0501678
T: -0.86246 Q: -0.0587605
T: -0.809534 Q: 1.33373
T: -0.741493 Q: -0.0798773
T: -0.660404 Q: -0.0898358
T: -0.568733 Q: -0.0681438
T: -0.469264 Q: -0.0616358
T: -0.365019 Q: -0.0430818
T: -0.259166 Q: -0.0484949
T: -0.154921 Q: -0.054316
T: -0.0554512 Q: -0.0436372
T: 0.0362203 Q: -0.0640652
T: 0.117309 Q: -0.0429484
T: 0.18535 Q: -0.0436174
T: 0.238276 Q: 1.13388
T: 0.27448 Q: -0.0354261
T: 0.292861 Q: -0.0329679
T: 0.292861 Q: -0.0300807
T: 0.27448 Q: 1.21883
T: 0.238276 Q: -0.0265869
T: 0.18535 Q: -0.029288
T: 0.117309 Q: 1.37699
T: 0.0362203 Q: 1.1102
T: -0.0554512 Q: -0.0208007
T: -0.154921 Q: 3.78418
T: -0.259166 Q: -0.0221543
Sec_Event 1494339 N50: 39
T: -0.555614 Q: 2.54445
T: -0.638654 Q: 1.21493
T: -0.717889 Q: -0.00674915
T: -0.790913 Q: -0.00769981
T: -0.855506 Q: -0.0177452
T: -0.909707 Q: 1.05423
T: -0.951867 Q: -0.0706996
T: -0.980706 Q: -0.0679192
T: -0.995348 Q: -0.0615683
T: -0.995348 Q: -0.0633359
T: -0.980706 Q: -0.0685544
T: -0.951867 Q: -0.0758267
T: -0.909707 Q: -0.066749
T: -0.855506 Q: -0.0435933
T: -0.790913 Q: -0.0282493
T: -0.717889 Q: 1.15809
T: -0.638654 Q: -0.0141632
T: -0.555614 Q: 1.19672
T: -0.471294 Q: 1.34298
T: -0.388254 Q: -0.00387276
T: -0.309018 Q: -0.0042832
T: -0.235995 Q: 1.21838
T: -0.171401 Q: -0.00192378
T: -0.117201 Q: -0.000935204
T: -0.0750408 Q: -0.0050815
T: -0.0462014 Q: -0.00289237
T: -0.0315593 Q: 1.61132
T: -0.0315593 Q: -0.00161251
T: -0.0462014 Q: 1.79997
T: -0.0750408 Q: -0.000757472
T: -0.117201 Q: 1.38337
T: -0.171401 Q: -0.000736512
T: -0.235995 Q: -0.00128627
T: -0.309018 Q: 1.29753
T: -0.388254 Q: -0.00842186
T: -0.471294 Q: -0.00223015
Sec_Event 1494339 N50: 37
T: -0.149887 Q: 1.30574
T: -0.263868 Q: -0.00377325
T: -0.372628 Q: -0.00494532
T: -0.472861 Q: -0.00397327
T: -0.561523 Q: -0.00507946
T: -0.635919 Q: -0.00694705
T: -0.693789 Q: -0.00801881
T: -0.733374 Q: 2.08927
T: -0.753472 Q: -0.0112603
T: -0.753472 Q: -0.0112593
T: -0.733374 Q: -0.0136274
T: -0.693789 Q: -0.0183118
T: -0.635919 Q: -0.00663729
T: -0.561523 Q: 1.20517
T: -0.472861 Q: 1.23678
T: -0.372628 Q: -0.00333845
T: -0.263868 Q: -0.00548735
T: -0.149887 Q: 1.64513
T: -0.0341475 Q: -0.00530021
T: 0.0798337 Q: -0.0030681
T: 0.188593 Q: -0.00351911
T: 0.288827 Q: 1.21732
T: 0.377488 Q: 1.65402
T: 0.451884 Q: -0.0032316
T: 0.509754 Q: 2.35581
T: 0.549339 Q: -0.00289245
T: 0.569437 Q: -0.00404548
T: 0.569437 Q: -0.00341454
T: 0.549339 Q: -0.0034029
T: 0.509754 Q: -0.0111463
T: 0.451884 Q: -0.00682272
T: 0.377488 Q: -0.00294473
T: 0.288827 Q: -0.00459871
T: 0.188593 Q: 1.26306
T: 0.0798337 Q: 1.42162
T: -0.0341475 Q: -0.00402983
Sec_Event 1897539 N50: 28
T: -0.681614 Q: -0.00840458
T: -0.73619 Q: 2.1088
T: -0.788265 Q: 2.05323
T: -0.836258 Q: 1.02402
T: -0.878711 Q: -0.038177
T: -0.914333 Q: 1.7521
T: -0.942042 Q: -0.071354
T: -0.960996 Q: -0.0631622
T: -0.970619 Q: -0.0668261
T: -0.970619 Q: -0.058342
T: -0.960996 Q: -0.0666818
T: -0.942042 Q: -0.0671465
T: -0.914333 Q: -0.0656312
T: -0.878711 Q: -0.0737905
T: -0.836258 Q: 1.16408
T: -0.788265 Q: -0.0778488
T: -0.73619 Q: -0.0719382
T: -0.681614 Q: -0.0543554
T: -0.626196 Q: -0.0460903
T: -0.57162 Q: -0.0447406
T: -0.519545 Q: -0.0312637
T: -0.471552 Q: -0.0294721
T: -0.429099 Q: 2.38498
T: -0.393477 Q: 1.19707
T: -0.365768 Q: -0.0176259
T: -0.346814 Q: 1.02715
T: -0.337191 Q: -0.018111
T: -0.337191 Q: -0.00781607
T: -0.346814 Q: -0.00652274
T: -0.365768 Q: 2.5099
T: -0.393477 Q: -0.00775443
T: -0.429099 Q: 1.0121
T: -0.471552 Q: -0.00754364
T: -0.519545 Q: 1.07293
T: -0.57162 Q: 1.46798
T: -0.626196 Q: -0.00672799
Sec_Event 1906056 N50: 26
T: 0.701773 Q: 1.2835
T: 0.67162 Q: -0.0147316
T: 0.642848 Q: -0.0177902
T: 0.616332 Q: -0.0198638
T: 0.592876 Q: -0.019062
T: 0.573195 Q: 0.990401
T: 0.557886 Q: -0.0184064
T: 0.547414 Q: -0.0134397
T: 0.542097 Q: -0.00764089
T: 0.542097 Q: -0.00898503
T: 0.547414 Q: -0.00736615
T: 0.557886 Q: -0.012132
T: 0.573195 Q: 2.2689
T: 0.592876 Q: -0.00294993
T: 0.616332 Q: -0.00294826
T: 0.642848 Q: 0.958648
T: 0.67162 Q: -0.00454102
T: 0.701773 Q: -0.00180559
T: 0.732391 Q: -0.00378392
T: 0.762545 Q: -0.00301013
T: 0.791317 Q: -0.00221669
T: 0.817833 Q: -0.00243053
T: 0.841288 Q: -0.00343439
T: 0.860969 Q: 1.14562
T: 0.876278 Q: -0.00516996
T: 0.88675 Q: -0.0045217
T: 0.892067 Q: -0.00803715
T: 0.892067 Q: -0.00457392
T: 0.88675 Q: -0.00374419
T: 0.876278 Q: -0.00461265
T: 0.860969 Q: -0.00568879
T: 0.841288 Q: -0.00785224
T: 0.817833 Q: -0.00787997
T: 0.791317 Q: -0.00704578
T: 0.762545 Q: -0.00903535
T: 0.732391 Q: 1.19645
Sec_Event 3728617 N50: 42
T: -0.463291 Q: -0.0140894
T: -0.558587 Q: 0.948183
T: -0.649517 Q: 0.997636
T: -0.733318 Q: 1.1626
T: -0.807445 Q: -0.0114384
T: -0.869645 Q: 1.11124
T: -0.918027 Q: 1.18989
T: -0.951123 Q: -0.00685645
T: -0.967926 Q: 1.15981
T: -0.967926 Q: -0.00757748
T: -0.951123 Q: 0.991536
T: -0.918027 Q: -0.00680733
T: -0.869645 Q: -0.0087943
T: -0.807445 Q: -0.00789893
T: -0.733318 Q: -0.0064509
T: -0.649517 Q: 1.06568
T: -0.558587 Q: 2.51003
T: -0.463291 Q: 1.53031
T: -0.366526 Q: 3.03658
T: -0.27123 Q: 1.23068
T: -0.1803 Q: -0.00141415
T: -0.0964985 Q: -0.0017588
T: -0.0223718 Q: -0.00287196
T: 0.039828 Q: -0.0050742
T: 0.0882108 Q: -0.00190003
T: 0.121307 Q: -0.00301206
T: 0.13811 Q: -0.00391283
T: 0.13811 Q: 1.15521
T: 0.121307 Q: 1.08263
T: 0.0882108 Q: 1.07423
T: 0.039828 Q: 1.1909
T: -0.0223718 Q: 1.05524
T: -0.0964985 Q: 2.31132
T: -0.1803 Q: 1.00301
T: -0.27123 Q: -0.0111857
T: -0.366526 Q: 0.921249
Sec_Event 4103020 N50: 30
T: -0.192728 Q: -0.000251025
T: -0.302293 Q: -0.0013612
T: -0.403269 Q: -0.000249785
T: -0.492587 Q: -0.000559054
T: -0.567534 Q: -0.000292559
T: -0.625832 Q: -0.00658824
T: -0.665711 Q: -0.00161863
T: -0.685957 Q: -0.00077148
T: -0.665711 Q: 0.947818
T: -0.625832 Q: 1.11144
T: -0.567534 Q: -0.00117714
T: -0.492587 Q: -0.00051215
T: -0.403269 Q: -0.00107723
T: -0.302293 Q: -0.000767766
T: -0.192728 Q: 1.02013
T: -0.0779032 Q: -0.00324093
T: 0.0386934 Q: 1.04368
T: 0.153519 Q: -0.000770931
T: 0.263083 Q: 1.25308
T: 0.364059 Q: -0.00151382
T: 0.453377 Q: -0.000467719
T: 0.528324 Q: -0.00459893
T: 0.586622 Q: -0.000468946
T: 0.626501 Q: -0.000760203
T: 0.646747 Q: -0.000756401
T: 0.626501 Q: -0.00049516
T: 0.586622 Q: -0.00344946
T: 0.528324 Q: -0.000843781
T: 0.364059 Q: 0.933618
T: 0.263083 Q: -0.00107082
T: 0.0386934 Q: -0.00214987
Sec_Event 4488115 N50: 43
T: 0.437306 Q: 1.74991
T: 0.349841 Q: 0.772673
T: 0.266382 Q: -0.00463461
T: 0.189466 Q: 1.12591
T: 0.12143 Q: 1.94041
T: 0.0643411 Q: -0.0107689
T: 0.0199337 Q: -0.0164817
T: -0.0104427 Q: 0.699284
T: -0.0258652 Q: 0.631187
T: -0.0258652 Q: -0.0242033
T: -0.0104427 Q: -0.0259378
T: 0.0199337 Q: -0.0431623
T: 0.0643411 Q: 0.815567
T: 0.12143 Q: 0.62019
T: 0.189466 Q: 1.59009
T: 0.266382 Q: -0.0262896
T: 0.349841 Q: -0.00758473
T: 0.437306 Q: 1.48078
T: 0.526121 Q: -0.00235319
T: 0.613586 Q: -0.00115504
T: 0.697045 Q: -0.000432591
T: 0.773961 Q: 1.92858
T: 0.841997 Q: -0.000540406
T: 0.899086 Q: -0.0005162
T: 0.97387 Q: 1.0986
T: 0.989292 Q: -0.00024591
T: 0.943493 Q: -0.00028923
T: 0.899086 Q: -0.000210391
T: 0.841997 Q: -0.00058923
T: 0.773961 Q: -0.000604414
T: 0.697045 Q: 1.13438
T: 0.613586 Q: -0.000970973
T: 0.526121 Q: -0.000934243
100000/536733
Sec_Event 5462923 N50: 26
T: -0.71574 Q: -0.0343635
T: -0.756365 Q: 1.23173
T: -0.795129 Q: 1.20311
T: -0.830854 Q: 1.10651
T: -0.862455 Q: -0.0447215
T: -0.888971 Q: -0.0439922
T: -0.909597 Q: -0.0508844
T: -0.923706 Q: -0.0519658
T: -0.930869 Q: -0.0496161
T: -0.930869 Q: 1.14496
T: -0.923706 Q: -0.0517812
T: -0.909597 Q: -0.0535996
T: -0.888971 Q: 3.21268
T: -0.862455 Q: -0.0703787
T: -0.830854 Q: -0.0667693
T: -0.795129 Q: 3.12157
T: -0.756365 Q: 1.58251
T: -0.71574 Q: 1.21936
T: -0.674488 Q: -0.049043
T: -0.633863 Q: 2.86336
T: -0.595099 Q: -0.0522706
T: -0.559374 Q: 1.37203
T: -0.527773 Q: -0.0496632
T: -0.501257 Q: 1.40151
T: -0.480631 Q: -0.0444599
T: -0.466522 Q: -0.0624622
T: -0.459359 Q: 1.46598
T: -0.459359 Q: -0.0349264
T: -0.466522 Q: -0.037532
T: -0.480631 Q: -0.0425393
T: -0.501257 Q: -0.0389284
T: -0.527773 Q: -0.0326347
T: -0.559374 Q: -0.0363956
T: -0.595099 Q: -0.0436879
T: -0.633863 Q: -0.0367068
T: -0.674488 Q: -0.0398725
Sec_Event 5582649 N50: 41
T: -0.196938 Q: 1.05867
T: -0.309757 Q: 1.87222
T: -0.417407 Q: 1.49238
T: -0.516618 Q: -0.00140329
T: -0.604375 Q: -0.00179727
T: -0.678012 Q: 0.927079
T: -0.735292 Q: -0.00271193
T: -0.774473 Q: -0.00574264
T: -0.794366 Q: 2.4788
T: -0.794366 Q: 1.3477
T: -0.774473 Q: 2.7806
T: -0.735292 Q: 0.974745
T: -0.678012 Q: -0.0030846
T: -0.604375 Q: 0.792043
T: -0.516618 Q: -0.00223353
T: -0.417407 Q: 0.907833
T: -0.309757 Q: 0.92064
T: -0.196938 Q: 1.20768
T: -0.0823792 Q: -0.000588171
T: 0.0304394 Q: -0.000918125
T: 0.13809 Q: -0.00074972
T: 0.237301 Q: 1.15008
T: 0.325058 Q: -0.000785763
T: 0.398695 Q: -0.000380549
T: 0.455974 Q: 1.01814
T: 0.495156 Q: -0.000866845
T: 0.515049 Q: -0.00048126
T: 0.515049 Q: 1.40406
T: 0.495156 Q: 1.30204
T: 0.455974 Q: 2.36181
T: 0.398695 Q: -0.000962306
T: 0.325058 Q: 0.858502
T: 0.237301 Q: -0.000729283
T: 0.13809 Q: -0.00047699
T: 0.0304394 Q: -0.000856232
T: -0.0823792 Q: -0.000645206
Sec_Event 5582649 N50: 35
T: 0.252493 Q: 0.594788
T: 0.147793 Q: -0.0307711
T: 0.0478894 Q: 0.690647
T: -0.0441822 Q: -0.0472415
T: -0.125624 Q: -0.0461083
T: -0.193962 Q: -0.0561918
T: -0.24712 Q: -0.0577527
T: -0.283482 Q: -0.0677175
T: -0.301943 Q: -0.0640817
T: -0.301943 Q: 1.48619
T: -0.283482 Q: -0.0783538
T: -0.24712 Q: -0.0643313
T: -0.193962 Q: -0.0512832
T: -0.125624 Q: -0.0448305
T: -0.0441822 Q: 1.30994
T: 0.0478894 Q: -0.0491058
T: 0.147793 Q: -0.0355234
T: 0.252493 Q: -0.0202355
T: 0.358808 Q: -0.00976053
T: 0.463508 Q: -0.00306419
T: 0.563412 Q: 1.97992
T: 0.655483 Q: -0.00102106
T: 0.736925 Q: -0.000817304
T: 0.805263 Q: 0.977582
T: 0.858421 Q: -0.000942243
T: 0.894783 Q: 1.05881
T: 0.913244 Q: 2.29755
T: 0.913244 Q: -0.000973716
T: 0.894783 Q: -0.000324009
T: 0.858421 Q: 1.15029
T: 0.805263 Q: -0.00270145
T: 0.736925 Q: -0.000967639
T: 0.655483 Q: -0.00123795
T: 0.563412 Q: 1.1158
T: 0.463508 Q: 0.806214
T: 0.358808 Q: -0.00825997
Sec_Event 5911450 N50: 43
T: -0.655119 Q: 3.58303
T: -0.717651 Q: -0.04019
T: -0.777319 Q: 2.14337
T: -0.832309 Q: -0.0450135
T: -0.88095 Q: -0.0450138
T: -0.921765 Q: -0.0475335
T: -0.953514 Q: -0.0511133
T: -0.975231 Q: -0.0533745
T: -0.986257 Q: 0.906297
T: -0.986257 Q: -0.0520599
T: -0.975231 Q: -0.0533778
T: -0.953514 Q: -0.0489302
T: -0.921765 Q: -0.0535788
T: -0.88095 Q: 0.952665
T: -0.832309 Q: -0.0717967
T: -0.777319 Q: 2.51504
T: -0.717651 Q: 1.17194
T: -0.655119 Q: -0.0614135
T: -0.591622 Q: 1.33683
T: -0.52909 Q: 1.29277
T: -0.469423 Q: -0.0529872
T: -0.414433 Q: 1.24258
T: -0.365791 Q: -0.0495127
T: -0.324977 Q: -0.0573765
T: -0.293228 Q: -0.0496172
T: -0.271511 Q: 1.20108
T: -0.260485 Q: -0.0559998
T: -0.260485 Q: -0.0453101
T: -0.271511 Q: -0.051664
T: -0.293228 Q: -0.0511207
T: -0.324977 Q: 1.35731
T: -0.365791 Q: -0.0459618
T: -0.414433 Q: -0.0353677
T: -0.469423 Q: 1.08615
T: -0.52909 Q: -0.0350785
T: -0.591622 Q: -0.0324769
Sec_Event 5979311 N50: 28
T: 0.219904 Q: -0.0225273
T: 0.113138 Q: -0.0143348
T: 0.0112632 Q: -0.0151376
T: -0.0826251 Q: -0.0126082
T: -0.165674 Q: -0.0161453
T: -0.235361 Q: 1.02569
T: -0.289567 Q: -0.0131556
T: -0.326646 Q: -0.00708159
T: -0.345472 Q: -0.0053708
T: -0.345472 Q: 1.01538
T: -0.326646 Q: -0.00479202
T: -0.289567 Q: -0.00368778
T: -0.235361 Q: -0.00121006
T: -0.165674 Q: 1.02042
T: -0.0826251 Q: -0.000790973
T: 0.0112632 Q: -0.00360405
T: 0.113138 Q: -0.00114483
T: 0.219904 Q: -0.00106847
T: 0.328317 Q: -0.00113723
T: 0.435082 Q: -0.00152769
T: 0.536957 Q: -0.00228317
T: 0.630845 Q: 1.20927
T: 0.713895 Q: -0.00256536
T: 0.783581 Q: -0.00147473
T: 0.837787 Q: -0.00470349
T: 0.874867 Q: -0.00117808
T: 0.893693 Q: 1.18474
T: 0.893693 Q: -0.00211121
T: 0.874867 Q: -0.001404
T: 0.837787 Q: -0.00179449
T: 0.783581 Q: 1.24329
T: 0.713895 Q: -0.00286118
T: 0.630845 Q: -0.00461406
T: 0.536957 Q: -0.00510044
T: 0.435082 Q: 0.839319
T: 0.328317 Q: -0.020554
Sec_Event 6038657 N50: 39
T: 0.443884 Q: -0.0639025
T: 0.357238 Q: 1.32721
T: 0.274562 Q: -0.053606
T: 0.198367 Q: -0.0565857
T: 0.130968 Q: 1.28969
T: 0.0744143 Q: -0.038835
T: 0.0304231 Q: -0.0440644
T: 0.000331322 Q: -0.0317396
T: -0.0149467 Q: -0.0394198
T: -0.0149467 Q: -0.0290698
T: 0.000331322 Q: -0.026278
T: 0.0304231 Q: 1.37858
T: 0.0744143 Q: -0.0136334
T: 0.130968 Q: -0.0129488
T: 0.198367 Q: -0.0107717
T: 0.274562 Q: -0.00989617
T: 0.357238 Q: 1.07672
T: 0.443884 Q: 1.17924
T: 0.531866 Q: -0.00702744
T: 0.618512 Q: -0.00759718
T: 0.701188 Q: 0.87874
T: 0.777383 Q: -0.01295
T: 0.844782 Q: -0.0179378
T: 0.901336 Q: -0.0337039
T: 0.945327 Q: -0.0773801
T: 0.975419 Q: -0.0835048
T: 0.990697 Q: -0.0640726
T: 0.990697 Q: -0.0572236
T: 0.975419 Q: -0.0531916
T: 0.945327 Q: 1.30529
T: 0.901336 Q: -0.0673724
T: 0.844782 Q: -0.0813029
T: 0.777383 Q: -0.0900777
T: 0.701188 Q: -0.102785
T: 0.618512 Q: -0.0983621
T: 0.531866 Q: 1.2143
 Incomplete 
Sec_Event 8792404 N50: 29
T: 0.532911 Q: -0.00402098
T: 0.459265 Q: -0.00627789
T: 0.388993 Q: -0.00313363
T: 0.32423 Q: -0.00295804
T: 0.266944 Q: -0.0035629
T: 0.218875 Q: 1.68568
T: 0.181484 Q: 1.22728
T: 0.155907 Q: 1.35238
T: 0.142922 Q: -0.00378858
T: 0.142922 Q: 1.33958
T: 0.155907 Q: 2.90556
T: 0.181484 Q: -0.003681
T: 0.218875 Q: -0.00311132
T: 0.266944 Q: -0.00656397
T: 0.32423 Q: -0.00511321
T: 0.388993 Q: 2.33702
T: 0.459265 Q: -0.00934808
T: 0.532911 Q: -0.0111642
T: 0.607692 Q: -0.0177796
T: 0.681338 Q: -0.0337948
T: 0.75161 Q: 2.21498
T: 0.816373 Q: -0.0456786
T: 0.873659 Q: 1.55988
T: 0.921728 Q: -0.0236276
T: 0.959119 Q: -0.024889
T: 0.984696 Q: -0.0203514
T: 0.997681 Q: 1.74002
T: 0.997681 Q: -0.0198731
T: 0.984696 Q: -0.0200266
T: 0.959119 Q: 1.2035
T: 0.921728 Q: -0.0216773
T: 0.873659 Q: -0.032345
T: 0.816373 Q: -0.035354
T: 0.75161 Q: -0.0126363
T: 0.681338 Q: -0.0104412
T: 0.607692 Q: -0.0106498
Sec_Event 8822972 N50: 40
T: 0.145679 Q: -0.00189776
T: 0.0351304 Q: -0.000894751
T: -0.0703541 Q: -0.00140359
T: -0.167569 Q: 1.01179
T: -0.253561 Q: 2.52702
T: -0.325716 Q: -0.00116162
T: -0.381843 Q: 1.05324
T: -0.420237 Q: -0.00200531
T: -0.439729 Q: -0.00191381
T: -0.439729 Q: -0.00628708
T: -0.420237 Q: -0.00365972
T: -0.381843 Q: -0.00226147
T: -0.325716 Q: -0.00333201
T: -0.253561 Q: -0.0038333
T: -0.167569 Q: -0.00364784
T: -0.0703541 Q: -0.00369818
T: 0.0351304 Q: -0.00355484
T: 0.145679 Q: 0.978483
T: 0.257933 Q: -0.00510645
T: 0.368482 Q: -0.00620934
T: 0.473967 Q: -0.0100121
T: 0.571182 Q: 0.957182
T: 0.657173 Q: 0.975353
T: 0.729329 Q: 0.89859
T: 0.785456 Q: 0.603517
T: 0.823849 Q: -0.0117795
T: 0.843342 Q: 1.6108
T: 0.843342 Q: -0.00973924
T: 0.823849 Q: -0.0125376
T: 0.785456 Q: 0.988694
T: 0.729329 Q: 0.826943
T: 0.657173 Q: 1.00046
T: 0.571182 Q: 1.02536
T: 0.473967 Q: -0.00142657
T: 0.368482 Q: -0.00094632
T: 0.257933 Q: -0.00199061
Sec_Event 8822972 N50: 52
T: -0.278967 Q: -0.00072924
T: -0.388522 Q: 1.24669
T: -0.493058 Q: -0.001066
T: -0.589399 Q: 2.69516
T: -0.674617 Q: 3.74792
T: -0.746124 Q: 1.27476
T: -0.801747 Q: 0.960475
T: -0.839795 Q: 0.900583
T: -0.859112 Q: -0.0052821
T: -0.859112 Q: -0.00938227
T: -0.839795 Q: 2.02274
T: -0.801747 Q: 1.8933
T: -0.746124 Q: 0.792661
T: -0.674617 Q: 0.905894
T: -0.589399 Q: 1.98319
T: -0.493058 Q: 1.95706
T: -0.388522 Q: -0.00183183
T: -0.278967 Q: -0.00199544
T: -0.167722 Q: 0.995788
T: -0.0581672 Q: -0.000883094
T: 0.0463688 Q: -0.00207229
T: 0.14271 Q: -0.00258311
T: 0.227928 Q: -0.000700618
T: 0.299435 Q: -0.000606804
T: 0.355058 Q: -0.00224273
T: 0.393106 Q: -0.000532865
T: 0.412423 Q: 1.32632
T: 0.412423 Q: 1.04639
T: 0.393106 Q: 3.0427
T: 0.355058 Q: 1.41084
T: 0.299435 Q: -0.00105961
T: 0.227928 Q: 1.32075
T: 0.14271 Q: 1.0077
T: 0.0463688 Q: 1.79984
T: -0.0581672 Q: -0.000276888
T: -0.167722 Q: 2.93919
200000/536733
Sec_Event 10190444 N50: 41
T: 0.668996 Q: 1.00592
T: 0.626551 Q: 1.06469
T: 0.58605 Q: -0.0262783
T: 0.548725 Q: 1.03269
T: 0.515708 Q: -0.0120603
T: 0.488004 Q: -0.0113343
T: 0.466454 Q: -0.00858663
T: 0.451713 Q: -0.0152944
T: 0.444228 Q: -0.00634139
T: 0.444228 Q: -0.00787374
T: 0.451713 Q: 2.24999
T: 0.466454 Q: -0.0070942
T: 0.488004 Q: 1.10904
T: 0.515708 Q: 2.19134
T: 0.548725 Q: 3.29698
T: 0.58605 Q: -0.00764161
T: 0.626551 Q: -0.00672717
T: 0.668996 Q: -0.00850181
T: 0.712096 Q: 0.969665
T: 0.754542 Q: 1.21693
T: 0.795042 Q: -0.0209379
T: 0.832368 Q: 1.17681
T: 0.865385 Q: -0.0587277
T: 0.893089 Q: 0.841063
T: 0.914639 Q: -0.0653416
T: 0.92938 Q: -0.0648461
T: 0.936864 Q: -0.0606389
T: 0.936864 Q: 2.75268
T: 0.92938 Q: -0.0550059
T: 0.914639 Q: -0.0572684
T: 0.893089 Q: 2.63676
T: 0.865385 Q: -0.0635769
T: 0.832368 Q: -0.0634655
T: 0.795042 Q: -0.0715252
T: 0.754542 Q: 0.842923
T: 0.712096 Q: 1.13973
Sec_Event 10190444 N50: 32
T: -0.651961 Q: -0.0035353
T: -0.71534 Q: 1.22108
T: -0.775815 Q: -0.00186899
T: -0.831549 Q: -0.0022657
T: -0.880848 Q: -0.00103575
T: -0.922216 Q: 1.52134
T: -0.954394 Q: -0.00151363
T: -0.976405 Q: -0.00070946
T: -0.98758 Q: -0.00152524
T: -0.98758 Q: -0.00069271
T: -0.976405 Q: 2.44456
T: -0.954394 Q: 1.21575
T: -0.922216 Q: -0.00147004
T: -0.880848 Q: -0.00208879
T: -0.831549 Q: 1.18854
T: -0.775815 Q: -0.0020701
T: -0.71534 Q: -0.00284515
T: -0.651961 Q: -0.00826594
T: -0.587605 Q: -0.00585447
T: -0.524227 Q: -0.00706958
T: -0.463752 Q: 0.967595
T: -0.408018 Q: -0.00603432
T: -0.358718 Q: -0.00612536
T: -0.317351 Q: 1.10784
T: -0.285173 Q: -0.00683241
T: -0.263162 Q: -0.00649315
T: -0.251987 Q: -0.00742702
T: -0.251987 Q: -0.00904987
T: -0.263162 Q: 1.33986
T: -0.285173 Q: -0.0099243
T: -0.317351 Q: -0.0109213
T: -0.358718 Q: -0.0120296
T: -0.408018 Q: -0.0125626
T: -0.463752 Q: 1.14393
T: -0.524227 Q: -0.0085979
T: -0.587605 Q: -0.00455477
Sec_Event 10190444 N50: 43
T: 0.260338 Q: 1.77398
T: 0.156174 Q: -0.0467168
T: 0.0567821 Q: -0.0352821
T: -0.0348181 Q: 1.00921
T: -0.115843 Q: -0.0365695
T: -0.183831 Q: -0.0371181
T: -0.236717 Q: -0.0269037
T: -0.272892 Q: -0.024571
T: -0.291259 Q: -0.031408
T: -0.291259 Q: 1.15452
T: -0.272892 Q: 1.05799
T: -0.236717 Q: -0.0182065
T: -0.183831 Q: -0.0190687
T: -0.115843 Q: -0.0149394
T: -0.0348181 Q: -0.013026
T: 0.0567821 Q: 1.75231
T: 0.156174 Q: 1.98217
T: 0.260338 Q: -0.016924
T: 0.366109 Q: -0.0165483
T: 0.470273 Q: -0.015122
T: 0.569665 Q: 1.70792
T: 0.661265 Q: 2.05677
T: 0.74229 Q: 1.55237
T: 0.810278 Q: -0.071169
T: 0.863163 Q: -0.137869
T: 0.899339 Q: -0.0846359
T: 0.917706 Q: -0.0889543
T: 0.917706 Q: 1.86684
T: 0.899339 Q: -0.0939053
T: 0.863163 Q: -0.0998545
T: 0.810278 Q: -0.109197
T: 0.74229 Q: -0.123376
T: 0.661265 Q: -0.103158
T: 0.569665 Q: -0.0855687
T: 0.470273 Q: -0.0535783
T: 0.366109 Q: -0.0387726
Sec_Event 10190444 N50: 41
T: 0.0957342 Q: 1.28467
T: -0.0166765 Q: -0.0136197
T: -0.123937 Q: 1.2018
T: -0.22279 Q: 0.852343
T: -0.31023 Q: 1.70328
T: -0.383601 Q: 0.879041
T: -0.440673 Q: 0.949106
T: -0.479713 Q: -0.00874139
T: -0.499534 Q: 0.830787
T: -0.499534 Q: 1.99292
T: -0.479713 Q: -0.0056035
T: -0.440673 Q: -0.00625759
T: -0.383601 Q: -0.0119305
T: -0.31023 Q: -0.0141294
T: -0.22279 Q: -0.0236265
T: -0.123937 Q: -0.0289645
T: -0.0166765 Q: 1.40091
T: 0.0957342 Q: -0.0271145
T: 0.209879 Q: -0.0367556
T: 0.32229 Q: 3.17749
T: 0.429551 Q: 1.32998
T: 0.528403 Q: -0.0546228
T: 0.615843 Q: -0.0589485
T: 0.689214 Q: -0.0692912
T: 0.746286 Q: -0.0692465
T: 0.785326 Q: 2.32688
T: 0.805147 Q: 1.18377
T: 0.805147 Q: 2.77016
T: 0.785326 Q: -0.0761129
T: 0.746286 Q: -0.0670431
T: 0.689214 Q: 1.14863
T: 0.615843 Q: -0.0308163
T: 0.528403 Q: -0.0219394
T: 0.429551 Q: -0.0351267
T: 0.32229 Q: -0.0228465
T: 0.209879 Q: -0.0172488
Sec_Event 10741548 N50: 29
T: 0.00973703 Q: 1.41967
T: -0.104649 Q: -0.0285861
T: -0.213795 Q: -0.0303499
T: -0.314384 Q: -0.0250965
T: -0.403361 Q: -0.020487
T: -0.478021 Q: -0.0154828
T: -0.536096 Q: -0.0142957
T: -0.575822 Q: -0.0133554
T: -0.595991 Q: -0.00795536
T: -0.595991 Q: 1.02185
T: -0.575822 Q: 1.06418
T: -0.536096 Q: 2.13991
T: -0.478021 Q: 2.35879
T: -0.403361 Q: -0.00644698
T: -0.314384 Q: -0.00722073
T: -0.213795 Q: -0.00555141
T: -0.104649 Q: 0.96174
T: 0.00973703 Q: -0.00557282
T: 0.125888 Q: -0.00580804
T: 0.240274 Q: -0.00264248
T: 0.349419 Q: -0.00593152
T: 0.450009 Q: -0.00956328
T: 0.538985 Q: -0.0103775
T: 0.613645 Q: 1.11695
T: 0.671721 Q: -0.021392
T: 0.711446 Q: 1.0359
T: 0.731616 Q: -0.0503016
T: 0.731616 Q: -0.0513601
T: 0.711446 Q: 0.966751
T: 0.671721 Q: -0.0723573
T: 0.613645 Q: 1.02043
T: 0.538985 Q: -0.0496356
T: 0.450009 Q: -0.0449198
T: 0.349419 Q: -0.0366498
T: 0.240274 Q: -0.032962
T: 0.125888 Q: -0.0327907
Sec_Event 10781158 N50: 29
T: 0.48554 Q: 1.00957
T: 0.404504 Q: -0.000758031
T: 0.32718 Q: 1.13119
T: 0.255918 Q: -0.00170878
T: 0.192883 Q: -0.000913148
T: 0.139991 Q: 1.00874
T: 0.0988478 Q: -0.00161312
T: 0.0707043 Q: -0.00194612
T: 0.0564154 Q: 0.812605
T: 0.0564154 Q: -0.00522396
T: 0.0707043 Q: -0.00946109
T: 0.0988478 Q: -0.0114986
T: 0.139991 Q: 1.97446
T: 0.192883 Q: 0.942888
T: 0.255918 Q: 0.642774
T: 0.32718 Q: -0.0141372
T: 0.404504 Q: -0.0096127
T: 0.48554 Q: -0.00439899
T: 0.567826 Q: 0.923217
T: 0.648862 Q: -0.00215764
T: 0.726186 Q: -0.00123752
T: 0.797448 Q: -0.00121777
T: 0.860482 Q: -0.000494351
T: 0.913375 Q: -0.00062947
T: 0.954518 Q: -0.000605154
T: 0.982661 Q: 1.18654
T: 0.99695 Q: -0.000572429
T: 0.982661 Q: -0.000516081
T: 0.954518 Q: -0.000263773
T: 0.913375 Q: -0.000877069
T: 0.860482 Q: -0.000449301
T: 0.797448 Q: -0.00069488
T: 0.726186 Q: -0.000450543
T: 0.648862 Q: -0.0006075
T: 0.567826 Q: -0.000960166
Sec_Event 10941482 N50: 32
T: 0.27278 Q: -0.00873274
T: 0.169498 Q: 1.26163
T: 0.0709472 Q: -0.00702633
T: -0.0198774 Q: 1.23486
T: -0.100217 Q: -0.00608955
T: -0.167629 Q: -0.0128375
T: -0.220067 Q: -0.0131456
T: -0.255936 Q: 2.49972
T: -0.274148 Q: -0.0170142
T: -0.274148 Q: -0.0387208
T: -0.255936 Q: -0.0195588
T: -0.220067 Q: -0.0187766
T: -0.167629 Q: -0.0223433
T: -0.100217 Q: -0.0223056
T: -0.0198774 Q: -0.0234819
T: 0.0709472 Q: 1.37152
T: 0.169498 Q: -0.0246972
T: 0.27278 Q: -0.027634
T: 0.377655 Q: -0.0263777
T: 0.480937 Q: -0.0319049
T: 0.579488 Q: -0.0450675
T: 0.670312 Q: -0.0526177
T: 0.750651 Q: 1.48073
T: 0.818064 Q: -0.0419893
T: 0.870502 Q: -0.0288486
T: 0.906371 Q: 1.34165
T: 0.924582 Q: -0.0358542
T: 0.924582 Q: -0.0297033
T: 0.906371 Q: -0.0260747
T: 0.870502 Q: -0.027783
T: 0.818064 Q: 1.4142
T: 0.750651 Q: 2.48763
T: 0.670312 Q: -0.0143038
T: 0.579488 Q: -0.00937567
T: 0.480937 Q: -0.0145372
T: 0.377655 Q: -0.00863223
Sec_Event 11384041 N50: 28
T: 0.386808 Q: -0.0338673
T: 0.293581 Q: -0.0390677
T: 0.204626 Q: -0.0408806
T: 0.122644 Q: 1.2136
T: 0.0501269 Q: -0.0602732
T: -0.0107223 Q: -0.0412295
T: -0.0580545 Q: -0.0447792
T: -0.0904317 Q: -0.0407035
T: -0.10687 Q: -0.0335706
T: -0.10687 Q: -0.0443508
T: -0.0904317 Q: 1.09596
T: -0.0580545 Q: -0.0287228
T: -0.0107223 Q: -0.0281139
T: 0.0501269 Q: -0.0257859
T: 0.122644 Q: -0.0251285
T: 0.204626 Q: -0.0254888
T: 0.293581 Q: -0.0234708
T: 0.386808 Q: -0.0153445
T: 0.481472 Q: -0.0259381
T: 0.574698 Q: 1.96816
T: 0.663654 Q: -0.0132276
T: 0.745636 Q: -0.0106279
T: 0.818153 Q: -0.0104305
T: 0.879002 Q: -0.0115335
T: 0.926334 Q: -0.00819956
T: 0.958711 Q: -0.00613122
T: 0.97515 Q: -0.00832335
T: 0.97515 Q: -0.00616501
T: 0.958711 Q: 1.10257
T: 0.926334 Q: -0.00638322
T: 0.879002 Q: -0.00739852
T: 0.818153 Q: 0.999378
T: 0.745636 Q: -0.0140864
T: 0.663654 Q: -0.020943
T: 0.574698 Q: -0.0251774
T: 0.481472 Q: -0.0300639
Sec_Event 11438944 N50: 32
T: -0.213692 Q: -0.020861
T: -0.325975 Q: -0.00666359
T: -0.433114 Q: -0.00275167
T: -0.531854 Q: 2.20029
T: -0.619195 Q: -0.0019326
T: -0.74949 Q: -0.00133708
T: -0.788486 Q: -0.000979948
T: -0.808284 Q: -0.00123464
T: -0.808284 Q: -0.00106991
T: -0.788486 Q: -0.000662724
T: -0.74949 Q: -0.000643492
T: -0.692483 Q: -0.00113317
T: -0.619195 Q: -0.00136668
T: -0.531854 Q: 1.0114
T: -0.433114 Q: -0.00326021
T: -0.325975 Q: -0.00739138
T: -0.213692 Q: 0.596702
T: -0.0996766 Q: 0.613132
T: 0.0126064 Q: -0.0213343
T: 0.119746 Q: -0.0405871
T: 0.218486 Q: -0.0353651
T: 0.305827 Q: -0.0346761
T: 0.379114 Q: -0.043488
T: 0.436122 Q: 1.16778
T: 0.475117 Q: -0.0510956
T: 0.494916 Q: 1.17513
T: 0.494916 Q: -0.0532697
T: 0.475117 Q: 1.34542
T: 0.436122 Q: 1.27579
T: 0.379114 Q: 1.24223
T: 0.305827 Q: 1.11304
T: 0.218486 Q: -0.0287614
T: 0.119746 Q: -0.0254021
T: 0.0126064 Q: 1.35156
T: -0.0996766 Q: -0.0268304
Sec_Event 11438944 N50: 26
T: -0.225601 Q: 1.3446
T: -0.337463 Q: 2.59829
T: -0.444201 Q: -0.00570592
T: -0.542572 Q: -0.00683081
T: -0.629585 Q: 1.14284
T: -0.702598 Q: -0.00315492
T: -0.759392 Q: -0.00431604
T: -0.798242 Q: -0.00272161
T: -0.817966 Q: -0.003114
T: -0.817966 Q: -0.0023454
T: -0.798242 Q: 1.09248
T: -0.759392 Q: -0.00290678
T: -0.702598 Q: -0.00421657
T: -0.629585 Q: -0.00438108
T: -0.542572 Q: 1.3313
T: -0.444201 Q: -0.00395044
T: -0.337463 Q: -0.00331574
T: -0.225601 Q: 1.24971
T: -0.112013 Q: -0.00527766
T: -0.000150136 Q: 1.1938
T: 0.106588 Q: -0.00446307
T: 0.204958 Q: -0.00662442
T: 0.291972 Q: 1.26933
T: 0.364985 Q: 1.17528
T: 0.421779 Q: -0.00566004
T: 0.460628 Q: -0.0036261
T: 0.480353 Q: -0.00464869
T: 0.480353 Q: 1.39202
T: 0.460628 Q: -0.00499124
T: 0.421779 Q: -0.00672998
T: 0.364985 Q: -0.00463387
T: 0.291972 Q: -0.00526895
T: 0.204958 Q: -0.00547895
T: 0.106588 Q: 1.17703
T: -0.000150136 Q: 1.10591
T: -0.112013 Q: -0.00396101
Sec_Event 11699485 N50: 41
T: -0.516952 Q: -0.0035157
T: -0.605687 Q: 1.0253
T: -0.690356 Q: -0.00274331
T: -0.768387 Q: -0.00172599
T: -0.83741 Q: -0.00189274
T: -0.895328 Q: -0.00191706
T: -0.940379 Q: -0.00125343
T: -0.971196 Q: -0.000789708
T: -0.986843 Q: -0.00113928
T: -0.986843 Q: -0.0013088
T: -0.971196 Q: 1.19121
T: -0.940379 Q: -0.00140354
T: -0.895328 Q: 1.05813
T: -0.83741 Q: -0.00141047
T: -0.768387 Q: -0.00146405
T: -0.690356 Q: -0.00262346
T: -0.605687 Q: -0.00140669
T: -0.516952 Q: 1.06909
T: -0.426849 Q: 2.31006
T: -0.338115 Q: -0.00059109
T: -0.253446 Q: 1.06425
T: -0.175414 Q: 1.06963
T: -0.106391 Q: -0.00079727
T: -0.00342248 Q: -0.000620912
T: 0.0430408 Q: -0.000962839
T: 0.0430408 Q: -0.000250297
T: 0.0273946 Q: -0.000711198
T: -0.00342248 Q: -0.00132238
T: -0.048474 Q: 1.06136
T: -0.106391 Q: 1.05209
T: -0.175414 Q: -0.00178137
T: -0.253446 Q: -0.00174096
T: -0.338115 Q: -0.00129776
T: -0.426849 Q: -0.00163033
Sec_Event 13176277 N50: 28
T: 0.635269 Q: -0.0322749
T: 0.583016 Q: -0.0257284
T: 0.533157 Q: -0.0170928
T: 0.487206 Q: 1.199
T: 0.44656 Q: -0.016249
T: 0.412454 Q: -0.0107982
T: 0.385925 Q: -0.0120995
T: 0.367777 Q: -0.014739
T: 0.358564 Q: -0.0098346
T: 0.358564 Q: -0.0129081
T: 0.367777 Q: -0.00728035
T: 0.385925 Q: -0.0116145
T: 0.412454 Q: -0.0111293
T: 0.44656 Q: -0.0117114
T: 0.487206 Q: 1.22811
T: 0.533157 Q: -0.0141471
T: 0.583016 Q: -0.0444856
T: 0.635269 Q: -0.0203791
T: 0.688328 Q: 1.13603
T: 0.740582 Q: -0.0297803
T: 0.790441 Q: -0.0312566
T: 0.836392 Q: -0.0372919
T: 0.877037 Q: 1.45328
T: 0.911143 Q: -0.0283971
T: 0.937673 Q: 2.74569
T: 0.95582 Q: 1.30419
T: 0.965034 Q: -0.0233615
T: 0.965034 Q: -0.0211431
T: 0.95582 Q: 1.76006
T: 0.937673 Q: -0.0250403
T: 0.911143 Q: -0.0326268
T: 0.877037 Q: -0.026587
T: 0.836392 Q: -0.0355043
T: 0.790441 Q: -0.0334064
T: 0.740582 Q: -0.032291
T: 0.688328 Q: -0.026633
Sec_Event 13176277 N50: 27
T: 0.105473 Q: -0.03242
T: -0.00661617 Q: 2.12073
T: -0.113571 Q: -0.0349977
T: -0.212141 Q: -0.0295175
T: -0.299331 Q: -0.0237104
T: -0.372492 Q: 0.6342
T: -0.429401 Q: -0.010473
T: -0.46833 Q: -0.00769342
T: -0.488094 Q: -0.00704035
T: -0.488094 Q: -0.00643064
T: -0.46833 Q: -0.00564228
T: -0.429401 Q: 0.946343
T: -0.372492 Q: -0.00373976
T: -0.299331 Q: -0.00276612
T: -0.212141 Q: 0.732829
T: -0.113571 Q: -0.00230055
T: -0.00661617 Q: 0.834732
T: 0.105473 Q: -0.00204252
T: 0.219292 Q: -0.00242361
T: 0.331381 Q: -0.00120961
T: 0.438336 Q: -0.00253008
T: 0.536906 Q: 0.784735
T: 0.624096 Q: -0.00348638
T: 0.697257 Q: -0.00691163
T: 0.754166 Q: 0.60852
T: 0.793095 Q: 0.821894
T: 0.812859 Q: 1.41704
T: 0.812859 Q: -0.0601041
T: 0.793095 Q: -0.0592998
T: 0.754166 Q: -0.0618569
T: 0.697257 Q: -0.0683776
T: 0.624096 Q: -0.0951079
T: 0.536906 Q: -0.0582127
T: 0.438336 Q: 1.30976
T: 0.331381 Q: -0.0498041
T: 0.219292 Q: -0.0322913
Sec_Event 13293153 N50: 32
T: -0.643023 Q: 1.31196
T: -0.708701 Q: 1.37429
T: -0.771371 Q: -0.0163053
T: -0.829128 Q: -0.0296104
T: -0.880217 Q: -0.0385284
T: -0.923085 Q: -0.0296796
T: -0.956431 Q: 1.51235
T: -0.979241 Q: -0.0255852
T: -0.990822 Q: -0.0299544
T: -0.990822 Q: -0.0314873
T: -0.979241 Q: -0.0287405
T: -0.956431 Q: -0.0301609
T: -0.923085 Q: -0.0330626
T: -0.880217 Q: -0.0376594
T: -0.829128 Q: -0.0398823
T: -0.771371 Q: 1.35081
T: -0.708701 Q: 1.48517
T: -0.643023 Q: -0.02075
T: -0.576331 Q: 2.56835
T: -0.510652 Q: 1.30541
T: -0.447982 Q: -0.0121386
T: -0.390226 Q: -0.00638617
T: -0.339137 Q: 1.19493
T: -0.296268 Q: -0.00637197
T: -0.262922 Q: 1.43253
T: -0.240112 Q: -0.00364743
T: -0.228531 Q: -0.00301785
T: -0.228531 Q: -0.00765647
T: -0.240112 Q: -0.00336802
T: -0.262922 Q: -0.00894571
T: -0.296268 Q: 1.29083
T: -0.339137 Q: -0.00415723
T: -0.390226 Q: -0.00305283
T: -0.447982 Q: -0.00522391
T: -0.510652 Q: -0.00867872
T: -0.576331 Q: -0.00731019
Sec_Event 13772627 N50: 50
T: 0.227194 Q: 1.05244
T: 0.120869 Q: 2.17953
T: 0.0194136 Q: 1.13751
T: -0.0740877 Q: 0.990213
T: -0.156795 Q: -0.0269429
T: -0.226194 Q: -0.0348349
T: -0.280177 Q: -0.0373041
T: -0.317103 Q: 1.17102
T: -0.335852 Q: 1.09094
T: -0.335852 Q: 1.23142
T: -0.317103 Q: 1.37788
T: -0.280177 Q: -0.0576156
T: -0.226194 Q: -0.0572676
T: -0.156795 Q: 1.44243
T: -0.0740877 Q: -0.053673
T: 0.0194136 Q: 1.40811
T: 0.120869 Q: -0.054153
T: 0.227194 Q: 1.46754
T: 0.335161 Q: 1.16599
T: 0.441486 Q: -0.0352956
T: 0.542941 Q: 0.892217
T: 0.636443 Q: 1.10374
T: 0.71915 Q: 1.07441
T: 0.788549 Q: 0.999289
T: 0.842532 Q: 1.10499
T: 0.879458 Q: -0.00345472
T: 0.898207 Q: -0.00485551
T: 0.898207 Q: 0.974543
T: 0.879458 Q: 1.03125
T: 0.842532 Q: -0.00455468
T: 0.788549 Q: -0.00575864
T: 0.71915 Q: -0.00796987
T: 0.636443 Q: -0.00806066
T: 0.542941 Q: -0.0125426
T: 0.441486 Q: -0.0126358
T: 0.335161 Q: 0.874924
300000/536733
Sec_Event 14521510 N50: 36
T: -0.0179897 Q: 1.31815
T: -0.132686 Q: -0.0280999
T: -0.242129 Q: 1.4606
T: -0.342991 Q: -0.0344722
T: -0.432209 Q: 1.19193
T: -0.507072 Q: 1.53308
T: -0.565305 Q: -0.0441152
T: -0.605139 Q: 1.30782
T: -0.625363 Q: -0.0515099
T: -0.625363 Q: -0.0456139
T: -0.605139 Q: -0.0440017
T: -0.565305 Q: -0.0507486
T: -0.507072 Q: -0.0631547
T: -0.432209 Q: -0.0613839
T: -0.342991 Q: -0.0594872
T: -0.242129 Q: -0.0644934
T: -0.132686 Q: -0.0716143
T: -0.0179897 Q: -0.0441333
T: 0.0984763 Q: -0.0492977
T: 0.213173 Q: -0.0591975
T: 0.322615 Q: 1.33875
T: 0.423478 Q: -0.0748997
T: 0.512696 Q: -0.077638
T: 0.587559 Q: -0.0785802
T: 0.645792 Q: -0.0700863
T: 0.685625 Q: 1.48247
T: 0.70585 Q: 1.63862
T: 0.70585 Q: -0.0515785
T: 0.685625 Q: -0.0525064
T: 0.645792 Q: 1.59355
T: 0.587559 Q: -0.0592417
T: 0.512696 Q: 1.24903
T: 0.423478 Q: -0.0374386
T: 0.322615 Q: 1.22035
T: 0.213173 Q: -0.0231405
T: 0.0984763 Q: -0.0245054
Sec_Event 14595807 N50: 29
T: 0.320277 Q: 2.78513
T: 0.220733 Q: -0.0112012
T: 0.12575 Q: -0.00819192
T: 0.0382128 Q: -0.007282
T: -0.0392183 Q: 1.47648
T: -0.104191 Q: -0.00657677
T: -0.15473 Q: -0.00673292
T: -0.189301 Q: 1.41
T: -0.206854 Q: -0.0115987
T: -0.206854 Q: 1.28198
T: -0.189301 Q: -0.00714586
T: -0.15473 Q: -0.00813085
T: -0.104191 Q: -0.0111138
T: -0.0392183 Q: -0.0100995
T: 0.0382128 Q: -0.0138065
T: 0.12575 Q: -0.015929
T: 0.220733 Q: -0.0113664
T: 0.320277 Q: -0.0129382
T: 0.421356 Q: -0.0166105
T: 0.520899 Q: -0.0200265
T: 0.615883 Q: -0.0198303
T: 0.70342 Q: -0.0196399
T: 0.780851 Q: 1.11907
T: 0.845823 Q: -0.0158383
T: 0.896363 Q: -0.0121226
T: 0.930934 Q: 1.28823
T: 0.948486 Q: 1.17746
T: 0.948486 Q: -0.0139094
T: 0.930934 Q: -0.0147814
T: 0.896363 Q: -0.0121395
T: 0.845823 Q: -0.0142028
T: 0.780851 Q: -0.0166158
T: 0.70342 Q: -0.022225
T: 0.615883 Q: -0.0159768
T: 0.520899 Q: -0.00734991
T: 0.421356 Q: -0.0066724
Sec_Event 14595807 N50: 26
T: 0.453988 Q: -0.0499429
T: 0.368636 Q: -0.0250812
T: 0.287193 Q: 2.68987
T: 0.212135 Q: -0.0230831
T: 0.145742 Q: -0.014926
T: 0.0900323 Q: -0.010219
T: 0.0466975 Q: -0.0117879
T: 0.0170548 Q: 1.3565
T: 0.0020048 Q: -0.0101528
T: 0.0020048 Q: -0.010998
T: 0.0170548 Q: 1.28594
T: 0.0466975 Q: 1.2319
T: 0.0900323 Q: -0.0055825
T: 0.145742 Q: -0.00663185
T: 0.212135 Q: 1.34338
T: 0.287193 Q: 1.15431
T: 0.368636 Q: -0.00881813
T: 0.453988 Q: 1.25717
T: 0.540658 Q: -0.00642887
T: 0.626011 Q: -0.0155336
T: 0.707453 Q: 2.37943
T: 0.782511 Q: -0.019009
T: 0.848904 Q: -0.0192393
T: 0.904614 Q: -0.0181212
T: 0.947949 Q: -0.0195203
T: 0.977592 Q: -0.0175229
T: 0.992642 Q: -0.0114339
T: 0.992642 Q: -0.0140508
T: 0.977592 Q: 1.32114
T: 0.947949 Q: -0.0167359
T: 0.904614 Q: -0.0157528
T: 0.848904 Q: -0.0203783
T: 0.782511 Q: -0.0231511
T: 0.707453 Q: -0.0282904
T: 0.626011 Q: -0.0293601
T: 0.540658 Q: -0.0274983
Sec_Event 15060020 N50: 41
T: 0.0212588 Q: -0.0173422
T: -0.0929515 Q: -0.0180214
T: -0.20193 Q: -0.0165986
T: -0.302364 Q: -0.0183594
T: -0.391204 Q: -0.0232564
T: -0.46575 Q: -0.0322621
T: -0.523736 Q: 1.2565
T: -0.563401 Q: -0.0427342
T: -0.583539 Q: -0.0568021
T: -0.583539 Q: -0.0822343
T: -0.563401 Q: 1.24677
T: -0.523736 Q: -0.0623694
T: -0.46575 Q: 2.49922
T: -0.391204 Q: -0.047937
T: -0.302364 Q: -0.0528143
T: -0.20193 Q: -0.0403634
T: -0.0929515 Q: -0.0362924
T: 0.0212588 Q: 1.24203
T: 0.137231 Q: -0.0367884
T: 0.251441 Q: 1.51234
T: 0.360419 Q: 1.01283
T: 0.460854 Q: -0.0259497
T: 0.549694 Q: 1.05016
T: 0.624239 Q: 2.19633
T: 0.682225 Q: 2.1674
T: 0.72189 Q: -0.0079435
T: 0.742029 Q: -0.00750087
T: 0.742029 Q: 1.16318
T: 0.72189 Q: 0.946925
T: 0.682225 Q: 0.954382
T: 0.624239 Q: 1.15159
T: 0.549694 Q: -0.0135319
T: 0.460854 Q: 1.11987
T: 0.360419 Q: -0.0157914
T: 0.251441 Q: -0.0156877
T: 0.137231 Q: -0.0133887
Sec_Event 15060020 N50: 25
T: -0.559376 Q: -0.00290005
T: -0.64181 Q: -0.0083449
T: -0.720468 Q: -0.00623646
T: -0.792959 Q: -0.00884779
T: -0.857081 Q: 0.960115
T: -0.910886 Q: -0.0200207
T: -0.952738 Q: -0.0438407
T: -0.981367 Q: -0.0301665
T: -0.995903 Q: -0.0258479
T: -0.995903 Q: 1.37508
T: -0.981367 Q: -0.0362197
T: -0.952738 Q: -0.0310632
T: -0.910886 Q: -0.0350698
T: -0.857081 Q: -0.0485896
T: -0.792959 Q: 1.29994
T: -0.720468 Q: 1.4197
T: -0.64181 Q: -0.0615698
T: -0.559376 Q: -0.0368492
T: -0.475671 Q: -0.0251244
T: -0.393237 Q: -0.0263828
T: -0.31458 Q: -0.0212923
T: -0.242089 Q: -0.0151139
T: -0.177967 Q: 1.02067
T: -0.124162 Q: -0.0176998
T: -0.0823091 Q: -0.0108801
T: -0.0536802 Q: -0.00912999
T: -0.0391449 Q: -0.00666859
T: -0.0391449 Q: -0.0118813
T: -0.0536802 Q: 0.854628
T: -0.0823091 Q: -0.00453717
T: -0.124162 Q: 1.0393
T: -0.177967 Q: -0.00517557
T: -0.242089 Q: -0.00449633
T: -0.31458 Q: -0.00643489
T: -0.393237 Q: 0.980332
T: -0.475671 Q: -0.00282182
Sec_Event 15100015 N50: 26
T: -0.745073 Q: -0.017465
T: -0.757597 Q: -0.0150488
T: -0.769547 Q: -0.0143235
T: -0.78056 Q: -0.015612
T: -0.790302 Q: -0.013941
T: -0.798477 Q: -0.0137452
T: -0.804835 Q: -0.0141271
T: -0.809185 Q: -0.0139849
T: -0.811393 Q: -0.0126508
T: -0.811393 Q: -0.016763
T: -0.809185 Q: -0.013435
T: -0.804835 Q: -0.011634
T: -0.798477 Q: 2.19992
T: -0.790302 Q: 0.725519
T: -0.78056 Q: -0.00569862
T: -0.769547 Q: 0.938496
T: -0.757597 Q: -0.00383003
T: -0.745073 Q: -0.00236081
T: -0.732356 Q: -0.000826929
T: -0.719832 Q: 1.05034
T: -0.696868 Q: -0.00121397
T: -0.678952 Q: -0.00141854
T: -0.672593 Q: -0.00109529
T: -0.666036 Q: -0.00203464
T: -0.666036 Q: 0.935317
T: -0.668244 Q: -0.00259962
T: -0.672593 Q: -0.00623674
T: -0.678952 Q: -0.00798383
T: -0.687126 Q: -0.00872173
T: -0.696868 Q: -0.0117658
T: -0.707882 Q: -0.0165065
T: -0.719832 Q: 1.03942
T: -0.732356 Q: -0.0169593
Sec_Event 15171550 N50: 32
T: -0.742833 Q: -0.0116353
T: -0.761338 Q: -0.00812127
T: -0.778994 Q: -0.00832038
T: -0.795267 Q: -0.00709854
T: -0.809661 Q: -0.00583451
T: -0.821739 Q: 1.29523
T: -0.831134 Q: -0.00573621
T: -0.83756 Q: 1.1546
T: -0.840823 Q: -0.00432471
T: -0.840823 Q: -0.00818658
T: -0.83756 Q: -0.00627557
T: -0.831134 Q: 1.34748
T: -0.821739 Q: -0.00719995
T: -0.809661 Q: 1.12446
T: -0.795267 Q: -0.00628606
T: -0.778994 Q: -0.00591532
T: -0.761338 Q: -0.00777209
T: -0.742833 Q: 1.24674
T: -0.724043 Q: -0.00689346
T: -0.705539 Q: -0.00554846
T: -0.687882 Q: -0.00673915
T: -0.67161 Q: -0.00512413
T: -0.657216 Q: 2.67952
T: -0.645138 Q: -0.00410379
T: -0.635743 Q: -0.00714919
T: -0.629316 Q: 3.97338
T: -0.626054 Q: -0.00559089
T: -0.626054 Q: -0.00595818
T: -0.629316 Q: -0.00490479
T: -0.635743 Q: -0.00481218
T: -0.645138 Q: -0.00565618
T: -0.657216 Q: 1.11027
T: -0.67161 Q: -0.00754863
T: -0.687882 Q: -0.00834611
T: -0.705539 Q: 1.08717
T: -0.724043 Q: 1.23845
Sec_Event 15171550 N50: 29
T: -0.655895 Q: -0.00796398
T: -0.718216 Q: -0.00551753
T: -0.777683 Q: -0.00462156
T: -0.832487 Q: -0.00330447
T: -0.880965 Q: 1.03109
T: -0.921642 Q: -0.00219257
T: -0.953284 Q: -0.00227263
T: -0.974928 Q: -0.00158556
T: -0.985917 Q: -0.00177502
T: -0.985917 Q: 1.03257
T: -0.974928 Q: -0.0022206
T: -0.953284 Q: 1.00454
T: -0.921642 Q: -0.00234708
T: -0.880965 Q: -0.00316151
T: -0.832487 Q: 0.996791
T: -0.777683 Q: -0.00335
T: -0.718216 Q: -0.00306128
T: -0.655895 Q: -0.00393477
T: -0.592612 Q: 0.973417
T: -0.530291 Q: 1.15784
T: -0.470824 Q: -0.00507936
T: -0.41602 Q: -0.0052332
T: -0.367542 Q: -0.00711549
T: -0.326865 Q: -0.00994584
T: -0.295223 Q: -0.0126633
T: -0.273579 Q: -0.0148609
T: -0.26259 Q: -0.0139271
T: -0.26259 Q: -0.0164487
T: -0.273579 Q: -0.0168784
T: -0.295223 Q: -0.0210155
T: -0.326865 Q: 0.948964
T: -0.367542 Q: -0.0264497
T: -0.41602 Q: -0.0273387
T: -0.470824 Q: -0.0278788
T: -0.530291 Q: -0.016646
T: -0.592612 Q: -0.0107299
Sec_Event 15275232 N50: 38
T: 0.371735 Q: -0.0263866
T: 0.276958 Q: 2.67656
T: 0.186523 Q: 1.02184
T: 0.103178 Q: 2.69619
T: 0.029455 Q: -0.0323995
T: -0.032406 Q: -0.0326729
T: -0.0805253 Q: -0.05499
T: -0.113441 Q: -0.0497816
T: -0.130153 Q: 1.63549
T: -0.130153 Q: -0.0469717
T: -0.113441 Q: 1.40773
T: -0.0805253 Q: 4.56442
T: -0.032406 Q: -0.0583833
T: 0.029455 Q: -0.0527194
T: 0.103178 Q: -0.0531959
T: 0.186523 Q: 1.26122
T: 0.276958 Q: 1.52159
T: 0.371735 Q: 1.22137
T: 0.467973 Q: 1.31098
T: 0.56275 Q: -0.0294203
T: 0.653185 Q: -0.0208638
T: 0.73653 Q: -0.0158842
T: 0.810253 Q: -0.0112964
T: 0.872114 Q: 1.06316
T: 0.920233 Q: 1.35459
T: 0.953149 Q: 1.56583
T: 0.969861 Q: -0.00485374
T: 0.969861 Q: 1.33972
T: 0.953149 Q: 1.17995
T: 0.920233 Q: -0.00673369
T: 0.872114 Q: -0.00743452
T: 0.810253 Q: -0.0126931
T: 0.73653 Q: -0.0126893
T: 0.653185 Q: -0.0167022
T: 0.56275 Q: -0.0161211
T: 0.467973 Q: -0.0224085
Sec_Event 15429316 N50: 33
T: 0.29161 Q: 1.09549
T: 0.189739 Q: -0.00265532
T: 0.0925339 Q: -0.00195548
T: 0.00294946 Q: 0.984948
T: -0.0762926 Q: 0.958724
T: -0.142785 Q: -0.00588003
T: -0.194506 Q: -0.00478547
T: -0.229886 Q: -0.0278516
T: -0.247849 Q: 2.20285
T: -0.247849 Q: -0.0136731
T: -0.229886 Q: -0.010535
T: -0.194506 Q: -0.0180581
T: -0.142785 Q: 1.22038
T: -0.0762926 Q: -0.0177331
T: 0.00294946 Q: 2.58729
T: 0.0925339 Q: 1.3306
T: 0.189739 Q: 1.02539
T: 0.29161 Q: -0.0246253
T: 0.395054 Q: 0.822351
T: 0.496925 Q: 2.18664
T: 0.59413 Q: -0.00680766
T: 0.683715 Q: -0.00392614
T: 0.762957 Q: -0.00359451
T: 0.829449 Q: -0.00201892
T: 0.88117 Q: -0.00199029
T: 0.91655 Q: 1.05462
T: 0.934513 Q: -0.0012014
T: 0.934513 Q: -0.00180105
T: 0.91655 Q: 1.22232
T: 0.88117 Q: -0.00239676
T: 0.829449 Q: -0.00154899
T: 0.762957 Q: -0.00236362
T: 0.683715 Q: -0.00314642
T: 0.59413 Q: -0.00291499
T: 0.496925 Q: -0.00291331
T: 0.395054 Q: 1.37806
Sec_Event 16285174 N50: 28
T: -0.239125 Q: -0.0156581
T: -0.350469 Q: 1.21115
T: -0.456712 Q: 1.16375
T: -0.554627 Q: -0.0197896
T: -0.641237 Q: -0.0144104
T: -0.713911 Q: 1.09325
T: -0.770442 Q: -0.00981531
T: -0.809112 Q: -0.00971161
T: -0.828744 Q: 2.78115
T: -0.828744 Q: 2.51947
T: -0.809112 Q: -0.00772129
T: -0.770442 Q: 1.14596
T: -0.713911 Q: -0.0115381
T: -0.641237 Q: 1.11705
T: -0.554627 Q: -0.0242992
T: -0.456712 Q: -0.0342194
T: -0.350469 Q: -0.0243798
T: -0.239125 Q: -0.0281305
T: -0.126064 Q: -0.0246541
T: -0.0147198 Q: -0.0244095
T: 0.0915234 Q: -0.0222968
T: 0.189438 Q: -0.0311083
T: 0.276048 Q: -0.0314907
T: 0.348722 Q: -0.0335423
T: 0.405253 Q: -0.0388792
T: 0.443923 Q: 1.16497
T: 0.463555 Q: -0.0425689
T: 0.463555 Q: -0.0394484
T: 0.443923 Q: 1.0563
T: 0.405253 Q: -0.0298016
T: 0.348722 Q: -0.0268923
T: 0.276048 Q: -0.0174282
T: 0.189438 Q: -0.0164244
T: 0.0915234 Q: -0.0183614
T: -0.0147198 Q: 1.25425
T: -0.126064 Q: -0.0139427
Sec_Event 17504112 N50: 36
T: 0.355192 Q: -0.00907676
T: 0.258797 Q: 1.24691
T: 0.166817 Q: -0.00191134
T: 0.0820484 Q: -0.00109132
T: 0.00706607 Q: 1.29014
T: -0.0558516 Q: -0.00208736
T: -0.104793 Q: 1.7098
T: -0.138271 Q: -0.00124342
T: -0.155268 Q: 1.36288
T: -0.155268 Q: -0.00281228
T: -0.138271 Q: -0.00217132
T: -0.104793 Q: 1.37278
T: -0.0558516 Q: 1.07485
T: 0.00706607 Q: -0.00129616
T: 0.0820484 Q: 1.05289
T: 0.166817 Q: -0.0021548
T: 0.258797 Q: -0.00463042
T: 0.355192 Q: -0.00350341
T: 0.453075 Q: -0.00328618
T: 0.54947 Q: -0.00111939
T: 0.641449 Q: -0.000492221
T: 0.726218 Q: 1.07685
T: 0.864118 Q: 2.86299
T: 0.913059 Q: -0.000285041
T: 0.963534 Q: 1.40737
T: 0.946537 Q: -0.000705841
T: 0.913059 Q: -0.000279864
T: 0.801201 Q: -0.000537088
T: 0.726218 Q: -0.000566599
T: 0.641449 Q: 1.16373
T: 0.54947 Q: -0.000957856
T: 0.453075 Q: -0.00172779
Sec_Event 17504112 N50: 45
T: 0.540815 Q: 0.973361
T: 0.468526 Q: -0.00644593
T: 0.399548 Q: -0.00550878
T: 0.335977 Q: -0.00734805
T: 0.279746 Q: -0.00965561
T: 0.232562 Q: -0.0135212
T: 0.19586 Q: -0.0158063
T: 0.170754 Q: 1.34996
T: 0.158007 Q: -0.0277383
T: 0.158007 Q: -0.0264633
T: 0.170754 Q: -0.0378041
T: 0.19586 Q: -0.0346662
T: 0.232562 Q: 0.672942
T: 0.279746 Q: -0.0311813
T: 0.335977 Q: -0.0255025
T: 0.399548 Q: -0.013153
T: 0.468526 Q: -0.00642107
T: 0.540815 Q: -0.00384084
T: 0.61422 Q: -0.00279418
T: 0.68651 Q: -0.00180615
T: 0.755488 Q: -0.00263115
T: 0.819058 Q: -0.00106712
T: 0.87529 Q: 1.10375
T: 0.922474 Q: 1.447
T: 0.959176 Q: 1.3879
T: 0.984282 Q: 1.36683
T: 0.997029 Q: 1.2341
T: 0.997029 Q: -0.000281162
T: 0.984282 Q: -0.000766719
T: 0.959176 Q: -0.000687176
T: 0.922474 Q: -0.000847017
T: 0.87529 Q: -0.000833498
T: 0.819058 Q: -0.00119994
T: 0.755488 Q: 0.989639
T: 0.68651 Q: -0.00345764
T: 0.61422 Q: -0.00277435
Sec_Event 17563691 N50: 42
T: -0.730523 Q: -0.00504283
T: -0.762116 Q: 1.12632
T: -0.792262 Q: 1.07843
T: -0.820045 Q: -0.00365468
T: -0.84462 Q: -0.00409461
T: -0.865241 Q: -0.00366567
T: -0.881282 Q: -0.00290423
T: -0.892254 Q: -0.00374847
T: -0.897825 Q: 1.20887
T: -0.897825 Q: -0.00239743
T: -0.892254 Q: -0.00324574
T: -0.881282 Q: -0.00293295
T: -0.865241 Q: -0.00266451
T: -0.84462 Q: 1.43228
T: -0.820045 Q: 1.22803
T: -0.792262 Q: -0.00291804
T: -0.762116 Q: -0.00235195
T: -0.730523 Q: -0.00325733
T: -0.698442 Q: -0.00195238
T: -0.666848 Q: -0.00201337
T: -0.636702 Q: -0.0017239
T: -0.608919 Q: -0.00160479
T: -0.584344 Q: -0.00263679
T: -0.563723 Q: 1.12803
T: -0.547682 Q: 1.20333
T: -0.53671 Q: 1.33118
T: -0.531139 Q: -0.00374263
T: -0.531139 Q: 1.24484
T: -0.53671 Q: 1.02069
T: -0.547682 Q: 1.23877
T: -0.563723 Q: -0.00822372
T: -0.584344 Q: -0.00939196
T: -0.608919 Q: 1.01173
T: -0.636702 Q: 2.18608
T: -0.666848 Q: 1.09217
T: -0.698442 Q: -0.0065841
Sec_Event 17867778 N50: 31
T: 0.694449 Q: 0.978121
T: 0.6612 Q: -0.00434658
T: 0.629474 Q: -0.00336557
T: 0.600235 Q: -0.00203472
T: 0.574372 Q: 2.03095
T: 0.55267 Q: -0.00156597
T: 0.535789 Q: -0.000673377
T: 0.524242 Q: -0.00145294
T: 0.518379 Q: 1.2975
T: 0.524242 Q: 1.3529
T: 0.535789 Q: -0.00179353
T: 0.55267 Q: -0.0011675
T: 0.574372 Q: -0.00266919
T: 0.600235 Q: 1.20936
T: 0.629474 Q: -0.00223523
T: 0.6612 Q: -0.00694354
T: 0.694449 Q: -0.0100214
T: 0.728211 Q: -0.0154368
T: 0.761461 Q: 0.833575
T: 0.793186 Q: 1.63818
T: 0.822425 Q: -0.0327962
T: 0.848289 Q: -0.0323584
T: 0.86999 Q: -0.0388328
T: 0.886871 Q: 1.15873
T: 0.898419 Q: -0.0266551
T: 0.904281 Q: -0.0263312
T: 0.904281 Q: -0.0278088
T: 0.898419 Q: -0.0261605
T: 0.886871 Q: -0.0280056
T: 0.86999 Q: -0.0343243
T: 0.848289 Q: -0.0314974
T: 0.822425 Q: 3.49598
T: 0.793186 Q: -0.0367376
T: 0.761461 Q: -0.0273757
T: 0.728211 Q: -0.0100399
Sec_Event 18954145 N50: 37
T: 0.726377 Q: -0.0206087
T: 0.70941 Q: -0.0269789
T: 0.693219 Q: 0.988765
T: 0.678298 Q: -0.0143423
T: 0.6651 Q: -0.0153754
T: 0.654025 Q: -0.0243821
T: 0.64541 Q: -0.0163677
T: 0.639517 Q: 1.15366
T: 0.636525 Q: 1.02446
T: 0.636525 Q: -0.022779
T: 0.639517 Q: 2.21552
T: 0.64541 Q: -0.0177358
T: 0.654025 Q: 1.15767
T: 0.6651 Q: -0.0236638
T: 0.678298 Q: 1.04573
T: 0.693219 Q: 2.81472
T: 0.70941 Q: -0.0236686
T: 0.726377 Q: 2.80788
T: 0.743607 Q: -0.0245271
T: 0.760575 Q: 1.50907
T: 0.776765 Q: -0.0267326
T: 0.791686 Q: -0.0264324
T: 0.804885 Q: -0.0239932
T: 0.81596 Q: -0.0277595
T: 0.824574 Q: -0.0242052
T: 0.830467 Q: 1.11115
T: 0.833459 Q: 2.49073
T: 0.833459 Q: 1.10064
T: 0.830467 Q: 1.437
T: 0.824574 Q: -0.0215717
T: 0.81596 Q: 1.13636
T: 0.804885 Q: -0.0209368
T: 0.791686 Q: -0.0294241
T: 0.776765 Q: -0.0225611
T: 0.760575 Q: -0.0237104
T: 0.743607 Q: 1.25669
400000/536733
Sec_Event 19634250 N50: 40
T: -0.250791 Q: 1.19696
T: -0.361652 Q: 1.21025
T: -0.467434 Q: 1.39545
T: -0.564924 Q: -0.0157007
T: -0.651159 Q: 1.18824
T: -0.723518 Q: -0.0245035
T: -0.779804 Q: 1.17051
T: -0.818305 Q: 1.10419
T: -0.837853 Q: -0.0682058
T: -0.837853 Q: 2.29865
T: -0.818305 Q: -0.0620318
T: -0.779804 Q: -0.070035
T: -0.723518 Q: -0.0677166
T: -0.651159 Q: 2.64023
T: -0.564924 Q: -0.0455621
T: -0.467434 Q: -0.0412802
T: -0.361652 Q: -0.0367697
T: -0.250791 Q: -0.0598017
T: -0.13822 Q: 1.31544
T: -0.0273589 Q: 3.26221
T: 0.0784235 Q: -0.0233118
T: 0.175913 Q: 1.62866
T: 0.262148 Q: -0.0136247
T: 0.334507 Q: -0.012201
T: 0.390793 Q: 0.812433
T: 0.429294 Q: -0.00699404
T: 0.448842 Q: -0.00742519
T: 0.448842 Q: -0.00676429
T: 0.429294 Q: 1.02348
T: 0.390793 Q: -0.00657224
T: 0.334507 Q: 0.843601
T: 0.262148 Q: 2.8091
T: 0.175913 Q: 1.26408
T: 0.0784235 Q: -0.011073
T: -0.0273589 Q: -0.0060912
T: -0.13822 Q: -0.0104288
Sec_Event 19634250 N50: 40
T: 0.675186 Q: -0.00141357
T: 0.634798 Q: 0.922796
T: 0.596261 Q: -0.00172772
T: 0.560744 Q: 1.00425
T: 0.529328 Q: -0.00256423
T: 0.502966 Q: -0.00365002
T: 0.482461 Q: 0.91491
T: 0.468434 Q: 1.14123
T: 0.461313 Q: -0.00354043
T: 0.461313 Q: -0.00447339
T: 0.468434 Q: -0.00443663
T: 0.482461 Q: -0.00463122
T: 0.502966 Q: 2.53073
T: 0.529328 Q: -0.00290667
T: 0.560744 Q: 1.74269
T: 0.596261 Q: -0.00414207
T: 0.634798 Q: -0.000661523
T: 0.675186 Q: -0.00228056
T: 0.716197 Q: -0.00146149
T: 0.756585 Q: -0.000805464
T: 0.795123 Q: -0.000815501
T: 0.83064 Q: -0.000528614
T: 0.862056 Q: -0.000575649
T: 0.888417 Q: 1.26554
T: 0.908923 Q: -0.000318242
T: 0.92295 Q: 1.84239
T: 0.930071 Q: 1.28272
T: 0.930071 Q: 1.24952
T: 0.92295 Q: 1.50583
T: 0.908923 Q: -0.000350834
T: 0.888417 Q: -0.000597697
T: 0.862056 Q: -0.00104066
T: 0.83064 Q: 1.07522
T: 0.795123 Q: 1.08016
T: 0.756585 Q: -0.000395102
T: 0.716197 Q: -0.00169611
Sec_Event 19734589 N50: 33
T: 0.592047 Q: -0.000404636
T: 0.529605 Q: 1.51974
T: 0.470024 Q: 1.13612
T: 0.366542 Q: -0.000376666
T: 0.325786 Q: -0.000310939
T: 0.272397 Q: 0.998766
T: 0.261387 Q: -0.000558669
T: 0.272397 Q: -0.000819313
T: 0.294083 Q: -0.000644038
T: 0.325786 Q: -0.000949042
T: 0.366542 Q: 0.876925
T: 0.415113 Q: -0.00337991
T: 0.470024 Q: 1.02663
T: 0.529605 Q: -0.00650199
T: 0.592047 Q: 2.17092
T: 0.655452 Q: -0.00727123
T: 0.717894 Q: -0.00624026
T: 0.777475 Q: 1.24431
T: 0.832386 Q: -0.00256234
T: 0.880957 Q: -0.00201174
T: 0.921713 Q: -0.00114066
T: 0.953416 Q: 1.36687
T: 0.975101 Q: -0.000900637
T: 0.986112 Q: -0.00112114
T: 0.986112 Q: -0.00135997
T: 0.975101 Q: -0.0014075
T: 0.953416 Q: -0.00159098
T: 0.921713 Q: -0.00141738
T: 0.880957 Q: -0.00164373
T: 0.832386 Q: -0.00145721
T: 0.777475 Q: 0.977766
T: 0.717894 Q: -0.000600662
T: 0.655452 Q: -0.000822643
Sec_Event 20663029 N50: 37
T: -0.0528905 Q: -0.045614
T: -0.167753 Q: -0.0395336
T: -0.277353 Q: 1.29605
T: -0.378361 Q: 2.62649
T: -0.467708 Q: -0.0429146
T: -0.542679 Q: 1.09888
T: -0.600996 Q: -0.0662217
T: -0.640887 Q: -0.080364
T: -0.66114 Q: 1.33174
T: -0.66114 Q: -0.0577797
T: -0.640887 Q: -0.0463708
T: -0.600996 Q: -0.0325517
T: -0.542679 Q: 1.06214
T: -0.467708 Q: -0.0161722
T: -0.378361 Q: -0.0141314
T: -0.277353 Q: 2.41132
T: -0.167753 Q: -0.0136128
T: -0.0528905 Q: -0.0104586
T: 0.0637436 Q: -0.00973669
T: 0.178606 Q: -0.00892033
T: 0.288206 Q: -0.0165659
T: 0.389214 Q: 0.834966
T: 0.478561 Q: -0.0085143
T: 0.553532 Q: 0.859311
T: 0.611849 Q: 0.927953
T: 0.65174 Q: 1.01743
T: 0.671993 Q: 0.833478
T: 0.671993 Q: 0.968454
T: 0.65174 Q: -0.00252515
T: 0.611849 Q: -0.00369773
T: 0.553532 Q: 1.00109
T: 0.478561 Q: -0.00535701
T: 0.389214 Q: 2.73454
T: 0.288206 Q: -0.0299267
T: 0.178606 Q: -0.040763
T: 0.0637436 Q: -0.0389292
Sec_Event 20771576 N50: 37
T: 0.410052 Q: 1.00735
T: 0.319365 Q: 2.01747
T: 0.232832 Q: -0.0102314
T: 0.153083 Q: 0.945133
T: 0.0825408 Q: -0.00960016
T: 0.0233489 Q: -0.00457121
T: -0.0226943 Q: 0.950646
T: -0.0541896 Q: 1.05784
T: -0.0701802 Q: 1.07368
T: -0.0701802 Q: -0.00214407
T: -0.0541896 Q: -0.000359062
T: -0.0226943 Q: -0.000760598
T: 0.0233489 Q: -0.00031267
T: 0.0825408 Q: -0.000291349
T: 0.153083 Q: -0.000312128
T: 0.232832 Q: 1.13969
T: 0.410052 Q: 1.05138
T: 0.502138 Q: -0.000399075
T: 0.592826 Q: -0.000993895
T: 0.679358 Q: -0.000750633
T: 0.759108 Q: -0.00163369
T: 0.82965 Q: 0.933602
T: 0.888842 Q: 1.00978
T: 0.934885 Q: -0.00738257
T: 0.96638 Q: 0.761649
T: 0.982371 Q: -0.0337757
T: 0.982371 Q: -0.0280396
T: 0.96638 Q: 0.855545
T: 0.934885 Q: 1.96277
T: 0.888842 Q: 1.44408
T: 0.82965 Q: -0.037947
T: 0.759108 Q: -0.0409764
T: 0.679358 Q: -0.0474509
T: 0.592826 Q: -0.0349154
T: 0.502138 Q: -0.034186
Sec_Event 21145166 N50: 26
T: 0.0351532 Q: -0.0186795
T: -0.0788087 Q: -0.0178946
T: -0.18755 Q: -0.0202734
T: -0.287766 Q: -0.0133932
T: -0.376413 Q: -0.00578169
T: -0.450796 Q: -0.00307441
T: -0.508656 Q: -0.00230404
T: -0.548235 Q: -0.00140447
T: -0.568329 Q: -0.00145772
T: -0.568329 Q: -0.00197982
T: -0.548235 Q: -0.00155762
T: -0.508656 Q: -0.00215839
T: -0.450796 Q: -0.00245371
T: -0.376413 Q: 1.4836
T: -0.287766 Q: -0.0120063
T: -0.18755 Q: -0.0256694
T: -0.0788087 Q: -0.0276596
T: 0.0351532 Q: -0.0234439
T: 0.150873 Q: -0.0228535
T: 0.264835 Q: 1.48707
T: 0.373576 Q: -0.0286119
T: 0.473793 Q: -0.0417311
T: 0.562439 Q: -0.0416378
T: 0.636823 Q: 1.09865
T: 0.694683 Q: -0.0808019
T: 0.734261 Q: 1.07964
T: 0.754356 Q: -0.0824631
T: 0.754356 Q: -0.0657085
T: 0.734261 Q: 1.1895
T: 0.694683 Q: 1.23081
T: 0.636823 Q: -0.0570786
T: 0.562439 Q: 1.25632
T: 0.473793 Q: -0.026348
T: 0.373576 Q: -0.0255863
T: 0.264835 Q: -0.0320973
T: 0.150873 Q: -0.0188409
Sec_Event 23203859 N50: 32
T: -0.726203 Q: -0.0115056
T: -0.760798 Q: -0.00839385
T: -0.793808 Q: -0.00702559
T: -0.82423 Q: -0.00753425
T: -0.85114 Q: 1.43646
T: -0.873721 Q: 1.17286
T: -0.891285 Q: -0.00559456
T: -0.903299 Q: -0.00558252
T: -0.9094 Q: -0.0040788
T: -0.9094 Q: -0.00516516
T: -0.903299 Q: 4.8996
T: -0.891285 Q: -0.00448395
T: -0.873721 Q: 1.09048
T: -0.85114 Q: -0.00656676
T: -0.82423 Q: -0.0066751
T: -0.793808 Q: -0.00905231
T: -0.760798 Q: -0.00902529
T: -0.726203 Q: 1.01944
T: -0.691075 Q: 1.10062
T: -0.65648 Q: -0.0124305
T: -0.62347 Q: -0.0128098
T: -0.593048 Q: 1.03875
T: -0.566138 Q: -0.0164586
T: -0.543558 Q: 1.00046
T: -0.525993 Q: -0.0181961
T: -0.513979 Q: -0.0172311
T: -0.507879 Q: -0.0169991
T: -0.507879 Q: -0.0165449
T: -0.513979 Q: 0.854093
T: -0.525993 Q: -0.0209038
T: -0.543558 Q: 0.982789
T: -0.566138 Q: 1.0032
T: -0.593048 Q: 1.00107
T: -0.62347 Q: -0.0142461
T: -0.65648 Q: -0.0124999
T: -0.691075 Q: -0.00780316
Sec_Event 23348120 N50: 40
T: 0.248126 Q: 0.698346
T: 0.143134 Q: -0.026573
T: 0.0429519 Q: 1.11596
T: -0.0493763 Q: -0.0173432
T: -0.131045 Q: -0.0220764
T: -0.199574 Q: -0.0226569
T: -0.25288 Q: -0.0162583
T: -0.289343 Q: 2.24192
T: -0.307856 Q: -0.0206216
T: -0.307856 Q: -0.0221672
T: -0.289343 Q: -0.0154894
T: -0.25288 Q: 1.36612
T: -0.199574 Q: -0.0162266
T: -0.131045 Q: -0.0115539
T: -0.0493763 Q: 1.23085
T: 0.0429519 Q: 1.14554
T: 0.143134 Q: 1.32876
T: 0.248126 Q: 0.868036
T: 0.354737 Q: 1.60661
T: 0.459729 Q: 0.727909
T: 0.559911 Q: 1.2195
T: 0.652239 Q: 2.40208
T: 0.733908 Q: -0.000599412
T: 0.802437 Q: 1.28852
T: 0.855742 Q: -0.000298044
T: 0.892206 Q: 1.10372
T: 0.910719 Q: 1.18562
T: 0.892206 Q: 1.12314
T: 0.855742 Q: 1.34027
T: 0.802437 Q: -0.00028028
T: 0.733908 Q: -0.000427579
T: 0.652239 Q: -0.000488797
T: 0.559911 Q: -0.000842437
T: 0.459729 Q: -0.0016333
T: 0.354737 Q: -0.00327078
Sec_Event 23707203 N50: 48
T: 0.614335 Q: 1.0949
T: 0.556882 Q: -0.0155962
T: 0.502061 Q: 1.10855
T: 0.451537 Q: -0.0111623
T: 0.406846 Q: 1.32527
T: 0.369346 Q: -0.00484634
T: 0.340177 Q: -0.00821181
T: 0.320223 Q: -0.00278708
T: 0.310093 Q: -0.00174194
T: 0.310093 Q: -0.00152918
T: 0.320223 Q: 1.11606
T: 0.340177 Q: -0.00174013
T: 0.369346 Q: -0.00208353
T: 0.406846 Q: -0.00215305
T: 0.451537 Q: -0.00188643
T: 0.502061 Q: -0.00233957
T: 0.556882 Q: 1.16063
T: 0.614335 Q: -0.0023149
T: 0.672675 Q: 1.26566
T: 0.730128 Q: -0.00615368
T: 0.784949 Q: -0.00989949
T: 0.835473 Q: -0.014744
T: 0.880164 Q: -0.0285819
T: 0.917664 Q: 0.814178
T: 0.946833 Q: -0.0328116
T: 0.966787 Q: 1.63663
T: 0.976917 Q: -0.0353595
T: 0.976917 Q: -0.0297456
T: 0.966787 Q: 3.09515
T: 0.946833 Q: 1.42121
T: 0.917664 Q: -0.0357389
T: 0.880164 Q: 1.79063
T: 0.835473 Q: -0.0454456
T: 0.784949 Q: -0.0523403
T: 0.730128 Q: -0.072208
T: 0.672675 Q: -0.0410658
500000/536733
Sec_Event 23834999 N50: 28
T: -0.140222 Q: -0.0293268
T: -0.254382 Q: -0.0346701
T: -0.363311 Q: 1.36212
T: -0.463701 Q: 1.08838
T: -0.552501 Q: -0.0271866
T: -0.627014 Q: -0.0202623
T: -0.684974 Q: -0.0160009
T: -0.724621 Q: -0.0139197
T: -0.74475 Q: -0.0156805
T: -0.74475 Q: -0.0145262
T: -0.724621 Q: -0.0137859
T: -0.684974 Q: -0.0155135
T: -0.627014 Q: -0.0197322
T: -0.552501 Q: 1.03884
T: -0.463701 Q: 1.18828
T: -0.363311 Q: -0.0277659
T: -0.254382 Q: -0.026249
T: -0.140222 Q: -0.019987
T: -0.0243021 Q: 1.10755
T: 0.0898571 Q: -0.0284927
T: 0.198787 Q: -0.0205483
T: 0.299177 Q: -0.025094
T: 0.387977 Q: -0.0387062
T: 0.462489 Q: -0.0430163
T: 0.520449 Q: -0.0533657
T: 0.560096 Q: 1.13385
T: 0.580226 Q: -0.0588027
T: 0.580226 Q: -0.0570979
T: 0.560096 Q: 1.46672
T: 0.520449 Q: -0.0688216
T: 0.462489 Q: -0.0443787
T: 0.387977 Q: 2.69413
T: 0.299177 Q: 1.25889
T: 0.198787 Q: -0.0289523
T: 0.0898571 Q: -0.0337861
T: -0.0243021 Q: -0.0316403
Sec_Event 24721130 N50: 43
T: -0.0849948 Q: -0.0357577
T: -0.199786 Q: 1.46411
T: -0.309318 Q: 1.40284
T: -0.410263 Q: 4.28288
T: -0.499555 Q: 1.27025
T: -0.574479 Q: -0.0539854
T: -0.63276 Q: -0.0585047
T: -0.672627 Q: -0.0530718
T: -0.692867 Q: 2.77777
T: -0.692867 Q: -0.0437027
T: -0.672627 Q: 1.24525
T: -0.63276 Q: -0.0501402
T: -0.574479 Q: 2.92641
T: -0.499555 Q: -0.0494671
T: -0.410263 Q: -0.0481787
T: -0.309318 Q: 1.0737
T: -0.199786 Q: -0.0262486
T: -0.0849948 Q: -0.0262547
T: 0.0315669 Q: -0.0298062
T: 0.146358 Q: -0.0319726
T: 0.25589 Q: -0.0351251
T: 0.356836 Q: 1.33723
T: 0.446127 Q: -0.0602705
T: 0.521052 Q: -0.0534683
T: 0.579332 Q: -0.0515593
T: 0.619199 Q: 1.35953
T: 0.63944 Q: 2.63105
T: 0.63944 Q: -0.0475628
T: 0.619199 Q: 1.44312
T: 0.579332 Q: -0.0532446
T: 0.521052 Q: -0.0498719
T: 0.446127 Q: 4.44504
T: 0.356836 Q: -0.0732552
T: 0.25589 Q: -0.049644
T: 0.146358 Q: -0.0477842
T: 0.0315669 Q: 1.28662
Sec_Event 24721130 N50: 44
T: 0.716021 Q: -0.0171682
T: 0.692805 Q: -0.015996
T: 0.670652 Q: 0.992049
T: 0.650236 Q: 0.951088
T: 0.632177 Q: 0.984701
T: 0.617024 Q: 1.0074
T: 0.605237 Q: 1.09322
T: 0.597174 Q: -0.0432723
T: 0.593081 Q: -0.0318871
T: 0.593081 Q: 1.04455
T: 0.597174 Q: 2.53748
T: 0.605237 Q: -0.0448765
T: 0.617024 Q: 2.20997
T: 0.632177 Q: 1.02349
T: 0.650236 Q: -0.0360734
T: 0.670652 Q: -0.0378754
T: 0.692805 Q: 1.28377
T: 0.716021 Q: -0.0332455
T: 0.739595 Q: -0.0238275
T: 0.762811 Q: 1.30957
T: 0.784963 Q: -0.0248789
T: 0.805379 Q: -0.0185963
T: 0.823438 Q: 1.46207
T: 0.838591 Q: -0.0249053
T: 0.850378 Q: -0.012527
T: 0.858441 Q: -0.0100746
T: 0.862534 Q: 0.889075
T: 0.862534 Q: 0.796712
T: 0.858441 Q: 1.85679
T: 0.850378 Q: -0.0081152
T: 0.838591 Q: -0.00936238
T: 0.823438 Q: 0.815769
T: 0.805379 Q: -0.00880118
T: 0.784963 Q: -0.0123223
T: 0.762811 Q: -0.0136068
T: 0.739595 Q: 1.72139
Sec_Event 25576240 N50: 36
T: 0.235083 Q: 0.560212
T: 0.129247 Q: -0.0342741
T: 0.0282604 Q: -0.0311466
T: -0.0648098 Q: -0.0328223
T: -0.147135 Q: -0.02977
T: -0.216214 Q: 1.11229
T: -0.269948 Q: -0.0347972
T: -0.306705 Q: 1.18558
T: -0.325366 Q: -0.0307315
T: -0.325366 Q: 1.0889
T: -0.306705 Q: 1.0851
T: -0.269948 Q: -0.0200184
T: -0.216214 Q: -0.0191347
T: -0.147135 Q: -0.0156301
T: -0.0648098 Q: 1.26363
T: 0.0282604 Q: 1.39426
T: 0.129247 Q: -0.00813915
T: 0.235083 Q: 0.695974
T: 0.342551 Q: 0.789892
T: 0.448387 Q: -0.0025782
T: 0.549374 Q: -0.00159343
T: 0.642444 Q: -0.000779405
T: 0.724769 Q: -0.00055225
T: 0.793849 Q: -0.00128505
T: 0.847583 Q: 0.985296
T: 0.903001 Q: -0.00102538
T: 0.884339 Q: -0.000569317
T: 0.847583 Q: -0.000284313
T: 0.793849 Q: 0.945775
T: 0.724769 Q: -0.000890222
T: 0.642444 Q: -0.000698238
T: 0.549374 Q: 1.01163
T: 0.448387 Q: -0.00253459
T: 0.342551 Q: -0.00570662

gestpm: TOTAL NUMBER PMT: WALL; TOP; BOTTOM; ALL  7650  1748  1748 11146
 *****************************
 * This is for SK-VI map      *
 *****************************
 findconsts: connection table file: /home/licheng/local/skofl/const//connection.super.dat
gexyz: PMT # FOR EACH SECTION       1  7650  7651  9398  9399 11146
gexyz: maxpm,nlwal     11146      7650
 findconsts: connection table1 file: /home/licheng/local/skofl/const//connection.super.dat
 findconsts: connection table2 file: /home/licheng/local/skofl/const//connection.super.sk-5.dat
 findfile: checking /home/licheng/local/skofl/const//misch3.dat
 findfile: found /home/licheng/local/skofl/const//misch3.dat
 findconsts: mis channel file: /home/licheng/local/skofl/const//misch3.dat
 findfile: checking /home/licheng/local/skofl/const//skpmt_sk5.dat
 findfile: found /home/licheng/local/skofl/const//skpmt_sk5.dat
 findconsts: pmt file: /home/licheng/local/skofl/const//skpmt_sk5.dat
gestpma: TOTAL NUMBER anti PMT: WALL; TOP; BOTTOM; ALL  1275   302   308  1885
gexyza: anti PMT # FOR EACH SECTION       1  1275  1276  1577  1578  1885
 maxpma,nlwala      1885      1275
 skbadch: log_level =            0
 findconsts: badch.090465 file: /home/licheng/local/skofl/const//badch/badch.090465
 findconsts: bad channel file: /home/licheng/local/skofl/const//badch.dat
 findconsts: badch.090465 file: /home/licheng/local/skofl/const//badch/badch.090465
 skdark: log_level =            0
 findconsts: darkr.090465.root file: /home/licheng/local/skofl/const//darkr/darkr.090465.root
 findconsts: badsub SK-I 1 file: /home/licheng/local/skofl/const//lowe/badsub.sk.r1742-3051.r3208-3608
 nbad 1 =         1851
 findconsts: badsub SK-I 2 file: /home/licheng/local/skofl/const//lowe/badsub.sk.realtim
 nbad 2 =        17511
 findconsts: badsub SK-I 3 file: /home/licheng/local/skofl/const//lowe/badsub.sk.manual.1260day
 nbad 3 =        21939
 findconsts: badsub SK-I 4 file: /home/licheng/local/skofl/const//lowe/badsub.sk.sle.1260day
 nbad 4 =        28004
 findconsts: badsub SK-I 5 file: /home/licheng/local/skofl/const//lowe/badsub.sk.manual
 nbad 5 =        28105
 findconsts: badsub SK-I 6 file: /home/licheng/local/skofl/const//lowe/badsub.sk.sle
 nbad 6 =        28105
 findconsts: badsub SK-II 1 file: /home/licheng/local/skofl/const//lowe/badsub.sk2.manual
 nbad_sk2 SK-II 1 =        27759
 findconsts: badsub SK-III 1 file: /home/licheng/local/skofl/const//lowe/badsub.sk3.manual
 nbad_sk3 SK-III 1 =         4149
 findconsts: badsub SK-IV file: /home/licheng/local/skofl/const//lowe/badsub.sk4.manual
 nbad_sk4 SK-IV =        66921
 read local badsub.sk5.manual.local
 nbad_sk5 SK-V =         2595
 read local badsub.sk6.manual.local
 nbad_sk6 SK-VI (Gd) =         7717
 findconsts: skcoverage_barrel file: /home/licheng/local/skofl/const//lowe/skcov_b_p3.dat
 findconsts: nearest neighbor file: /home/licheng/local/skofl/const//neighb.dat
 neighbsk: reading neighbor file /home/licheng/local/skofl/const//neighb.dat
 findconsts: skcoverage_sk4_final file: /home/licheng/local/skofl/const//lowe/skcov_c_p3.dat
